Starting simulation at 2025-05-11T17:02:09.017
Lattice size: 100
Beta values: [0.25, 0.25352536855179947, 0.25710044999730297, 0.2607259453615989, 0.26440256555526276, 0.2681310315137572, 0.2719120743387978, 0.275746435441712, 0.27963486668882004, 0.28357813054886566, 0.28757700024252586, 0.29163225989402913, 0.2957447046849116, 0.29991514100994127, 0.304144386635241, 0.30843327085864186, 0.31278263467229667, 0.31719333092758745, 0.321666224502358, 0.32620219247050464, 0.33080212427395883, 0.3354669218970943, 0.3401975000435942, 0.34499478631581215, 0.34985972139666227, 0.3547932592340748, 0.35979636722805175, 0.36487002642036154, 0.37001523168690786, 0.3752329919328111, 0.38052433029024135, 0.3858902843190404, 0.39133190621017355, 0.39685026299204984, 0.4024464367397519, 0.4081215247872162, 0.4138766399424054, 0.4197129107055149, 0.42563148149025665, 0.4316335128482629, 0.4377201816966549, 0.44389268154882017, 0.4501522227484447, 0.45650003270684464, 0.46293735614364523, 0.46946545533085315, 0.47608561034037156, 0.48279911929500435, 0.4896072986230007, 0.4965114833161887, 0.5035130271917495, 0.510613303157682, 0.5178137034820122, 0.5251156400657974, 0.5325205447199813, 0.5400298694461532, 0.5476450867212644, 0.555367689786363, 0.5631991929393964, 0.5711411318321459, 0.5791950637713467, 0.5873625680240546, 0.5956452461273193, 0.6040447222022237, 0.6125626432723523, 0.6212006795867503, 0.6299605249474365, 0.6388438970415357, 0.6478525377780926, 0.6569882136296381, 0.6662527159785693, 0.6756478614684166, 0.6851754923600619, 0.6948374768929814, 0.7046357096515822, 0.7145721119367043, 0.7246486321423626, 0.7348672461377994, 0.7452299576549261, 0.7557387986812282, 0.7663958298582102, 0.7772031408854597, 0.7881628509304092, 0.7992771090438757, 0.8105480945814616, 0.8219780176308954, 0.8335691194454011, 0.845323672883177, 0.8572439828530727, 0.8693323867665509, 0.8815912549960212, 0.8940229913396388, 0.9066300334926565, 0.9194148535254242, 0.9323799583681274, 0.9455278903023636, 0.9588612274596487, 0.9723825843269529, 0.986094612259368, 1.0]
Copies: 20
Move type: l chain flip
l = 9
Tau values: [2, 2, 2, 2, 3, 3, 3, 3, 3, 3, 3, 3, 3, 3, 3, 3, 3, 3, 3, 3, 3, 4, 4, 4, 4, 4, 4, 5, 5, 5, 6, 6, 6, 7, 8, 9, 10, 13, 18, 43, 150, 54, 20, 13, 10, 8, 7, 6, 6, 5, 5, 5, 4, 4, 4, 4, 4, 4, 4, 4, 3, 3, 3, 3, 3, 3, 3, 3, 3, 3, 3, 3, 3, 3, 3, 3, 3, 3, 3, 3, 3, 3, 3, 3, 3, 3, 3, 3, 3, 3, 3, 3, 3, 3, 3, 3, 3, 3, 3, 3]
Equilibriating for p*tau steps, where p = [16]
----------------------------------
Finished energy generation for copy 11 at 2025-05-11T17:06:01.365 in 232345 milliseconds
Finished energy generation for copy 6 at 2025-05-11T17:06:12.143 in 243124 milliseconds
Finished energy generation for copy 16 at 2025-05-11T17:06:12.360 in 243340 milliseconds
Finished energy generation for copy 1 at 2025-05-11T17:06:17.353 in 248335 milliseconds
Finished energy generation for copy 12 at 2025-05-11T17:09:53.650 in 232284 milliseconds
Finished energy generation for copy 7 at 2025-05-11T17:10:15.187 in 243043 milliseconds
Finished energy generation for copy 17 at 2025-05-11T17:10:15.610 in 243249 milliseconds
Finished energy generation for copy 2 at 2025-05-11T17:10:25.620 in 248265 milliseconds
Finished energy generation for copy 13 at 2025-05-11T17:13:45.984 in 232333 milliseconds
Finished energy generation for copy 8 at 2025-05-11T17:14:18.026 in 242838 milliseconds
Finished energy generation for copy 18 at 2025-05-11T17:14:18.747 in 243136 milliseconds
Finished energy generation for copy 3 at 2025-05-11T17:14:34.016 in 248318 milliseconds
Finished energy generation for copy 14 at 2025-05-11T17:17:38.310 in 232325 milliseconds
Finished energy generation for copy 9 at 2025-05-11T17:18:20.865 in 242838 milliseconds
Finished energy generation for copy 19 at 2025-05-11T17:18:21.654 in 242906 milliseconds
Finished energy generation for copy 4 at 2025-05-11T17:18:42.302 in 248285 milliseconds
Finished energy generation for copy 15 at 2025-05-11T17:21:30.555 in 232244 milliseconds
Finished energy generation for copy 10 at 2025-05-11T17:22:20.437 in 239570 milliseconds
Finished energy generation for copy 20 at 2025-05-11T17:22:21.160 in 239504 milliseconds
Finished energy generation for copy 5 at 2025-05-11T17:22:42.696 in 240393 milliseconds
