Starting simulation at 2025-05-18T15:44:16.917
Lattice size: 97
Beta values: [0.1, 0.10279944599549397, 0.10567726096980483, 0.10863563882017176, 0.11167683486080235, 0.11480316754220751, 0.1180170202186681, 0.1213208429651809, 0.12471715444526921, 0.12820854383108135, 0.1317976727772417, 0.13548727744995842, 0.13928017061293513, 0.14317924377167612, 0.14718746937782085, 0.15130790309518719, 0.15554368612925135, 0.15989804762184037, 0.16437430711286308, 0.16897587707095507, 0.17370626549496876, 0.1785690785882898, 0.18356802350802015, 0.1887069111911229, 0.19398965925968314, 0.19942029500750083, 0.20500295847029057, 0.21074190558183128, 0.21664151141846955, 0.22270627353445155, 0.22894081539062563, 0.23534988987912978, 0.2419383829467506, 0.24871131731971624, 0.25567385633276335, 0.26283130786539594, 0.2701891283883382, 0.27775292712326566, 0.2855284703189852, 0.2935216856473252, 0.3017386667220857, 0.3101856777444941, 0.3188691582787082, 0.3277957281610069, 0.3369721925464105, 0.3464055470965792, 0.3561029833129435, 0.36607189401913226, 0.3763198789968798, 0.3868547507797058, 0.39768454060878644, 0.4088175045555577, 0.4202621298157168, 0.4320271411794205, 0.4441215076826148, 0.4565544494445634, 0.46933544469678873, 0.48247423700878694, 0.49598084271601944, 0.5098655585558504, 0.5241389695172453, 0.5388119569102191, 0.553895706661185, 0.5694017178405246, 0.5853418114288852, 0.601728139328883, 0.6185731936290858, 0.6358898161273345, 0.6536912081206652, 0.6719909404692954, 0.6908029639423454, 0.710141619853183, 0.730021650992499, 0.7504582128674476, 0.7714668852554213, 0.7930636840812662, 0.815265073626996, 0.8380879790833082, 0.8615497994524721, 0.885668420812431, 0.9104622299522194, 0.9359501283891019, 0.9621515467781114, 0.9890864597249744, 1.0167754010137187, 1.045239479260565, 1.0745003940060471, 1.1045804522576164, 1.1355025854953513, 1.1672903671537318, 1.1999680305928035, 1.2335604875724422, 1.2680933472437848, 1.3035929356723266, 1.3400863159075478, 1.3776013086143843, 1.4161665132822627, 1.4558113300278694, 1.4965659820082826, 1.5384615384615383]
Copies: 20
Move type: l chain flip
l = 39
Tau values: [1, 1, 1, 1, 1, 1, 1, 1, 1, 1, 1, 1, 1, 1, 1, 1, 1, 1, 1, 1, 1, 1, 1, 1, 1, 1, 1, 1, 1, 1, 1, 1, 1, 1, 1, 1, 2, 2, 2, 2, 2, 2, 2, 2, 2, 3, 3, 3, 4, 5, 6, 7, 10, 27, 47, 9, 6, 5, 4, 3, 3, 3, 3, 2, 2, 2, 2, 2, 2, 2, 2, 2, 2, 2, 2, 2, 2, 2, 2, 2, 2, 2, 2, 2, 2, 2, 2, 2, 2, 2, 2, 2, 2, 2, 2, 2, 2, 1, 1, 2]
Equilibriating for p*tau steps, where p = [16]
----------------------------------
Finished energy generation for copy 11 at 2025-05-18T15:51:12.569 in 415648 milliseconds
Finished energy generation for copy 1 at 2025-05-18T15:51:15.607 in 418688 milliseconds
Finished energy generation for copy 6 at 2025-05-18T15:51:19.810 in 422890 milliseconds
Finished energy generation for copy 16 at 2025-05-18T15:51:20.624 in 423703 milliseconds
Finished energy generation for copy 12 at 2025-05-18T15:58:08.171 in 415601 milliseconds
Finished energy generation for copy 2 at 2025-05-18T15:58:15.054 in 419445 milliseconds
Finished energy generation for copy 7 at 2025-05-18T15:58:21.235 in 421423 milliseconds
Finished energy generation for copy 17 at 2025-05-18T15:58:23.122 in 422497 milliseconds
Finished energy generation for copy 13 at 2025-05-18T16:05:02.131 in 413959 milliseconds
Finished energy generation for copy 3 at 2025-05-18T16:05:14.821 in 419765 milliseconds
Finished energy generation for copy 8 at 2025-05-18T16:05:22.822 in 421585 milliseconds
Finished energy generation for copy 18 at 2025-05-18T16:05:25.917 in 422793 milliseconds
Finished energy generation for copy 14 at 2025-05-18T16:11:57.428 in 415294 milliseconds
Finished energy generation for copy 4 at 2025-05-18T16:12:13.682 in 418859 milliseconds
Finished energy generation for copy 9 at 2025-05-18T16:12:22.920 in 420096 milliseconds
Finished energy generation for copy 19 at 2025-05-18T16:12:28.878 in 422932 milliseconds
Finished energy generation for copy 15 at 2025-05-18T16:18:52.992 in 415562 milliseconds
Finished energy generation for copy 5 at 2025-05-18T16:19:12.805 in 419122 milliseconds
Finished energy generation for copy 10 at 2025-05-18T16:19:19.410 in 416489 milliseconds
Finished energy generation for copy 20 at 2025-05-18T16:19:26.620 in 417740 milliseconds
