Starting simulation at 2025-05-18T22:09:21.513
Lattice size: 102
Beta values: [0.1, 0.10279944599549397, 0.10567726096980483, 0.10863563882017176, 0.11167683486080235, 0.11480316754220751, 0.1180170202186681, 0.1213208429651809, 0.12471715444526921, 0.12820854383108135, 0.1317976727772417, 0.13548727744995842, 0.13928017061293513, 0.14317924377167612, 0.14718746937782085, 0.15130790309518719, 0.15554368612925135, 0.15989804762184037, 0.16437430711286308, 0.16897587707095507, 0.17370626549496876, 0.1785690785882898, 0.18356802350802015, 0.1887069111911229, 0.19398965925968314, 0.19942029500750083, 0.20500295847029057, 0.21074190558183128, 0.21664151141846955, 0.22270627353445155, 0.22894081539062563, 0.23534988987912978, 0.2419383829467506, 0.24871131731971624, 0.25567385633276335, 0.26283130786539594, 0.2701891283883382, 0.27775292712326566, 0.2855284703189852, 0.2935216856473252, 0.3017386667220857, 0.3101856777444941, 0.3188691582787082, 0.3277957281610069, 0.3369721925464105, 0.3464055470965792, 0.3561029833129435, 0.36607189401913226, 0.3763198789968798, 0.3868547507797058, 0.39768454060878644, 0.4088175045555577, 0.4202621298157168, 0.4320271411794205, 0.4441215076826148, 0.4565544494445634, 0.46933544469678873, 0.48247423700878694, 0.49598084271601944, 0.5098655585558504, 0.5241389695172453, 0.5388119569102191, 0.553895706661185, 0.5694017178405246, 0.5853418114288852, 0.601728139328883, 0.6185731936290858, 0.6358898161273345, 0.6536912081206652, 0.6719909404692954, 0.6908029639423454, 0.710141619853183, 0.730021650992499, 0.7504582128674476, 0.7714668852554213, 0.7930636840812662, 0.815265073626996, 0.8380879790833082, 0.8615497994524721, 0.885668420812431, 0.9104622299522194, 0.9359501283891019, 0.9621515467781114, 0.9890864597249744, 1.0167754010137187, 1.045239479260565, 1.0745003940060471, 1.1045804522576164, 1.1355025854953513, 1.1672903671537318, 1.1999680305928035, 1.2335604875724422, 1.2680933472437848, 1.3035929356723266, 1.3400863159075478, 1.3776013086143843, 1.4161665132822627, 1.4558113300278694, 1.4965659820082826, 1.5384615384615383]
Copies: 20
Move type: l chain flip
l = 41
Tau values: [1, 1, 1, 1, 1, 1, 1, 1, 1, 1, 1, 1, 1, 1, 1, 1, 1, 1, 1, 1, 1, 1, 1, 1, 1, 1, 1, 1, 1, 1, 1, 1, 1, 1, 1, 1, 1, 2, 2, 2, 2, 2, 2, 2, 2, 3, 3, 3, 4, 4, 6, 7, 13, 18, 34, 15, 6, 5, 4, 3, 3, 3, 3, 2, 2, 2, 2, 2, 2, 2, 2, 2, 2, 2, 2, 2, 2, 2, 2, 2, 2, 2, 2, 2, 2, 2, 2, 2, 2, 2, 2, 2, 2, 1, 2, 1, 2, 2, 2, 1]
Equilibriating for p*tau steps, where p = [16]
----------------------------------
Finished energy generation for copy 11 at 2025-05-18T22:16:57.231 in 455716 milliseconds
Finished energy generation for copy 16 at 2025-05-18T22:16:57.362 in 455843 milliseconds
Finished energy generation for copy 1 at 2025-05-18T22:16:58.356 in 456842 milliseconds
Finished energy generation for copy 6 at 2025-05-18T22:16:58.987 in 457472 milliseconds
Finished energy generation for copy 12 at 2025-05-18T22:24:33.159 in 455926 milliseconds
Finished energy generation for copy 17 at 2025-05-18T22:24:33.213 in 455850 milliseconds
Finished energy generation for copy 2 at 2025-05-18T22:24:35.583 in 457226 milliseconds
Finished energy generation for copy 7 at 2025-05-18T22:24:36.667 in 457679 milliseconds
Finished energy generation for copy 18 at 2025-05-18T22:32:06.430 in 453216 milliseconds
Finished energy generation for copy 13 at 2025-05-18T22:32:10.756 in 457596 milliseconds
Finished energy generation for copy 3 at 2025-05-18T22:32:12.769 in 457185 milliseconds
Finished energy generation for copy 8 at 2025-05-18T22:32:15.815 in 459146 milliseconds
Finished energy generation for copy 19 at 2025-05-18T22:39:41.680 in 455249 milliseconds
Finished energy generation for copy 14 at 2025-05-18T22:39:48.006 in 457249 milliseconds
Finished energy generation for copy 4 at 2025-05-18T22:39:49.558 in 456788 milliseconds
Finished energy generation for copy 9 at 2025-05-18T22:39:52.068 in 456251 milliseconds
Finished energy generation for copy 20 at 2025-05-18T22:47:18.265 in 456584 milliseconds
Finished energy generation for copy 15 at 2025-05-18T22:47:23.704 in 455697 milliseconds
Finished energy generation for copy 5 at 2025-05-18T22:47:23.820 in 454259 milliseconds
Finished energy generation for copy 10 at 2025-05-18T22:47:28.178 in 456109 milliseconds
