Starting saddles simulation at 2025-05-29T20:48:41.006
Lattice size: 50
Beta values: [0.1, 0.10279944599549397, 0.10567726096980483, 0.10863563882017176, 0.11167683486080235, 0.11480316754220751, 0.1180170202186681, 0.1213208429651809, 0.12471715444526921, 0.12820854383108135, 0.1317976727772417, 0.13548727744995842, 0.13928017061293513, 0.14317924377167612, 0.14718746937782085, 0.15130790309518719, 0.15554368612925135, 0.15989804762184037, 0.16437430711286308, 0.16897587707095507, 0.17370626549496876, 0.1785690785882898, 0.18356802350802015, 0.1887069111911229, 0.19398965925968314, 0.19942029500750083, 0.20500295847029057, 0.21074190558183128, 0.21664151141846955, 0.22270627353445155, 0.22894081539062563, 0.23534988987912978, 0.2419383829467506, 0.24871131731971624, 0.25567385633276335, 0.26283130786539594, 0.2701891283883382, 0.27775292712326566, 0.2855284703189852, 0.2935216856473252, 0.3017386667220857, 0.3101856777444941, 0.3188691582787082, 0.3277957281610069, 0.3369721925464105, 0.3464055470965792, 0.3561029833129435, 0.36607189401913226, 0.3763198789968798, 0.3868547507797058, 0.39768454060878644, 0.4088175045555577, 0.4202621298157168, 0.4320271411794205, 0.4441215076826148, 0.4565544494445634, 0.46933544469678873, 0.48247423700878694, 0.49598084271601944, 0.5098655585558504, 0.5241389695172453, 0.5388119569102191, 0.553895706661185, 0.5694017178405246, 0.5853418114288852, 0.601728139328883, 0.6185731936290858, 0.6358898161273345, 0.6536912081206652, 0.6719909404692954, 0.6908029639423454, 0.710141619853183, 0.730021650992499, 0.7504582128674476, 0.7714668852554213, 0.7930636840812662, 0.815265073626996, 0.8380879790833082, 0.8615497994524721, 0.885668420812431, 0.9104622299522194, 0.9359501283891019, 0.9621515467781114, 0.9890864597249744, 1.0167754010137187, 1.045239479260565, 1.0745003940060471, 1.1045804522576164, 1.1355025854953513, 1.1672903671537318, 1.1999680305928035, 1.2335604875724422, 1.2680933472437848, 1.3035929356723266, 1.3400863159075478, 1.3776013086143843, 1.4161665132822627, 1.4558113300278694, 1.4965659820082826, 1.5384615384615383]
Copies: 600
Move type: l chain flip
----------------------------------
Finished copy 301 at 2025-05-29T20:49:04.265
Finished copy 101 at 2025-05-29T20:49:06.113
Finished copy 201 at 2025-05-29T20:49:07.602
Finished copy 401 at 2025-05-29T20:49:12.325
Finished copy 501 at 2025-05-29T20:49:12.763
Finished copy 302 at 2025-05-29T20:49:19.781
Finished copy 1 at 2025-05-29T20:49:22.039
Finished copy 102 at 2025-05-29T20:49:34.051
Finished copy 303 at 2025-05-29T20:49:35.416
Finished copy 202 at 2025-05-29T20:49:39.148
Finished copy 502 at 2025-05-29T20:49:41.084
Finished copy 402 at 2025-05-29T20:49:41.891
Finished copy 304 at 2025-05-29T20:49:51.231
Finished copy 2 at 2025-05-29T20:49:56.282
Finished copy 103 at 2025-05-29T20:50:03.290
Finished copy 305 at 2025-05-29T20:50:06.020
Finished copy 203 at 2025-05-29T20:50:06.853
Finished copy 503 at 2025-05-29T20:50:08.308
Finished copy 403 at 2025-05-29T20:50:14.029
Finished copy 306 at 2025-05-29T20:50:21.870
Finished copy 3 at 2025-05-29T20:50:28.448
Finished copy 104 at 2025-05-29T20:50:29.393
Finished copy 504 at 2025-05-29T20:50:37.059
Finished copy 204 at 2025-05-29T20:50:38.129
Finished copy 307 at 2025-05-29T20:50:40.449
Finished copy 404 at 2025-05-29T20:50:50.328
Finished copy 308 at 2025-05-29T20:50:54.922
Finished copy 105 at 2025-05-29T20:51:00.228
Finished copy 505 at 2025-05-29T20:51:04.540
Finished copy 205 at 2025-05-29T20:51:05.070
Finished copy 4 at 2025-05-29T20:51:05.319
Finished copy 309 at 2025-05-29T20:51:08.757
Finished copy 405 at 2025-05-29T20:51:24.626
Finished copy 310 at 2025-05-29T20:51:26.906
Finished copy 106 at 2025-05-29T20:51:27.352
Finished copy 206 at 2025-05-29T20:51:33.575
Finished copy 506 at 2025-05-29T20:51:33.789
Finished copy 5 at 2025-05-29T20:51:42.015
Finished copy 311 at 2025-05-29T20:51:44.571
Finished copy 107 at 2025-05-29T20:51:53.090
Finished copy 312 at 2025-05-29T20:52:00.114
Finished copy 406 at 2025-05-29T20:52:00.646
Finished copy 207 at 2025-05-29T20:52:00.803
Finished copy 507 at 2025-05-29T20:52:03.160
Finished copy 6 at 2025-05-29T20:52:10.859
Finished copy 313 at 2025-05-29T20:52:15.623
Finished copy 108 at 2025-05-29T20:52:16.627
Finished copy 208 at 2025-05-29T20:52:28.786
Finished copy 508 at 2025-05-29T20:52:30.735
Finished copy 314 at 2025-05-29T20:52:32.342
Finished copy 407 at 2025-05-29T20:52:39.296
Finished copy 109 at 2025-05-29T20:52:43.033
Finished copy 7 at 2025-05-29T20:52:43.082
Finished copy 315 at 2025-05-29T20:52:48.255
Finished copy 509 at 2025-05-29T20:52:57.894
Finished copy 209 at 2025-05-29T20:52:57.933
Finished copy 316 at 2025-05-29T20:53:03.407
Finished copy 110 at 2025-05-29T20:53:10.442
Finished copy 8 at 2025-05-29T20:53:12.292
Finished copy 408 at 2025-05-29T20:53:14.243
Finished copy 317 at 2025-05-29T20:53:19.742
Finished copy 510 at 2025-05-29T20:53:28.116
Finished copy 210 at 2025-05-29T20:53:29.910
Finished copy 318 at 2025-05-29T20:53:34.391
Finished copy 111 at 2025-05-29T20:53:38.444
Finished copy 9 at 2025-05-29T20:53:41.518
Finished copy 409 at 2025-05-29T20:53:48.090
Finished copy 511 at 2025-05-29T20:53:56.380
Finished copy 319 at 2025-05-29T20:53:58.818
Finished copy 211 at 2025-05-29T20:54:01.944
Finished copy 112 at 2025-05-29T20:54:12.576
Finished copy 10 at 2025-05-29T20:54:14.379
Finished copy 320 at 2025-05-29T20:54:18.342
Finished copy 410 at 2025-05-29T20:54:20.852
Finished copy 512 at 2025-05-29T20:54:20.913
Finished copy 321 at 2025-05-29T20:54:34.307
Finished copy 212 at 2025-05-29T20:54:36.110
Finished copy 113 at 2025-05-29T20:54:44.396
Finished copy 11 at 2025-05-29T20:54:47.393
Finished copy 513 at 2025-05-29T20:54:47.645
Finished copy 322 at 2025-05-29T20:54:50.512
Finished copy 411 at 2025-05-29T20:54:56.334
Finished copy 213 at 2025-05-29T20:55:06.831
Finished copy 323 at 2025-05-29T20:55:08.561
Finished copy 114 at 2025-05-29T20:55:10.019
Finished copy 12 at 2025-05-29T20:55:18.974
Finished copy 514 at 2025-05-29T20:55:20.417
Finished copy 324 at 2025-05-29T20:55:23.866
Finished copy 412 at 2025-05-29T20:55:28.345
Finished copy 214 at 2025-05-29T20:55:36.127
Finished copy 325 at 2025-05-29T20:55:41.295
Finished copy 115 at 2025-05-29T20:55:42.189
Finished copy 515 at 2025-05-29T20:55:48.522
Finished copy 13 at 2025-05-29T20:55:52.750
Finished copy 326 at 2025-05-29T20:55:55.911
Finished copy 413 at 2025-05-29T20:55:56.864
Finished copy 215 at 2025-05-29T20:56:06.080
Finished copy 116 at 2025-05-29T20:56:09.259
Finished copy 327 at 2025-05-29T20:56:14.384
Finished copy 516 at 2025-05-29T20:56:19.135
Finished copy 14 at 2025-05-29T20:56:25.498
Finished copy 414 at 2025-05-29T20:56:26.842
Finished copy 328 at 2025-05-29T20:56:31.290
Finished copy 117 at 2025-05-29T20:56:40.052
Finished copy 216 at 2025-05-29T20:56:44.488
Finished copy 329 at 2025-05-29T20:56:47.015
Finished copy 517 at 2025-05-29T20:56:48.114
Finished copy 415 at 2025-05-29T20:56:58.928
Finished copy 15 at 2025-05-29T20:56:58.931
Finished copy 330 at 2025-05-29T20:57:03.558
Finished copy 118 at 2025-05-29T20:57:05.273
Finished copy 217 at 2025-05-29T20:57:15.968
Finished copy 518 at 2025-05-29T20:57:18.236
Finished copy 331 at 2025-05-29T20:57:21.796
Finished copy 119 at 2025-05-29T20:57:30.091
Finished copy 16 at 2025-05-29T20:57:30.587
Finished copy 416 at 2025-05-29T20:57:31.454
Finished copy 332 at 2025-05-29T20:57:37.130
Finished copy 218 at 2025-05-29T20:57:45.930
Finished copy 519 at 2025-05-29T20:57:46.625
Finished copy 333 at 2025-05-29T20:57:52.930
Finished copy 120 at 2025-05-29T20:57:53.348
Finished copy 417 at 2025-05-29T20:58:08.826
Finished copy 17 at 2025-05-29T20:58:13.944
Finished copy 520 at 2025-05-29T20:58:15.520
Finished copy 334 at 2025-05-29T20:58:20.636
Finished copy 121 at 2025-05-29T20:58:20.637
Finished copy 219 at 2025-05-29T20:58:23.417
Finished copy 418 at 2025-05-29T20:58:40.804
Finished copy 335 at 2025-05-29T20:58:42.201
Finished copy 18 at 2025-05-29T20:58:46.018
Finished copy 122 at 2025-05-29T20:58:51.163
Finished copy 220 at 2025-05-29T20:58:51.921
Finished copy 521 at 2025-05-29T20:58:54.645
Finished copy 336 at 2025-05-29T20:58:57.769
Finished copy 337 at 2025-05-29T20:59:14.724
Finished copy 419 at 2025-05-29T20:59:15.599
Finished copy 123 at 2025-05-29T20:59:17.229
Finished copy 19 at 2025-05-29T20:59:22.205
Finished copy 221 at 2025-05-29T20:59:22.509
Finished copy 522 at 2025-05-29T20:59:26.186
Finished copy 338 at 2025-05-29T20:59:30.453
Finished copy 124 at 2025-05-29T20:59:42.336
Finished copy 339 at 2025-05-29T20:59:46.311
Finished copy 20 at 2025-05-29T20:59:51.598
Finished copy 222 at 2025-05-29T20:59:52.177
Finished copy 523 at 2025-05-29T20:59:56.160
Finished copy 420 at 2025-05-29T20:59:57.929
Finished copy 340 at 2025-05-29T21:00:01.849
Finished copy 125 at 2025-05-29T21:00:15.236
Finished copy 341 at 2025-05-29T21:00:18.526
Finished copy 21 at 2025-05-29T21:00:25.058
Finished copy 223 at 2025-05-29T21:00:26.007
Finished copy 524 at 2025-05-29T21:00:29.931
Finished copy 342 at 2025-05-29T21:00:33.729
Finished copy 421 at 2025-05-29T21:00:37.537
Finished copy 126 at 2025-05-29T21:00:41.614
Finished copy 343 at 2025-05-29T21:00:48.587
Finished copy 224 at 2025-05-29T21:00:58.519
Finished copy 525 at 2025-05-29T21:00:59.489
Finished copy 22 at 2025-05-29T21:01:00.503
Finished copy 344 at 2025-05-29T21:01:05.478
Finished copy 422 at 2025-05-29T21:01:08.415
Finished copy 127 at 2025-05-29T21:01:10.704
Finished copy 345 at 2025-05-29T21:01:19.828
Finished copy 526 at 2025-05-29T21:01:29.531
Finished copy 225 at 2025-05-29T21:01:31.251
Finished copy 23 at 2025-05-29T21:01:31.950
Finished copy 346 at 2025-05-29T21:01:35.653
Finished copy 128 at 2025-05-29T21:01:39.649
Finished copy 347 at 2025-05-29T21:01:53.076
Finished copy 423 at 2025-05-29T21:01:55.734
Finished copy 24 at 2025-05-29T21:02:00.557
Finished copy 527 at 2025-05-29T21:02:01.619
Finished copy 226 at 2025-05-29T21:02:04.671
Finished copy 129 at 2025-05-29T21:02:07.684
Finished copy 348 at 2025-05-29T21:02:09.467
Finished copy 349 at 2025-05-29T21:02:23.997
Finished copy 25 at 2025-05-29T21:02:28.071
Finished copy 424 at 2025-05-29T21:02:32.764
Finished copy 130 at 2025-05-29T21:02:33.037
Finished copy 528 at 2025-05-29T21:02:38.368
Finished copy 227 at 2025-05-29T21:02:40.268
Finished copy 350 at 2025-05-29T21:02:42.061
Finished copy 351 at 2025-05-29T21:02:58.235
Finished copy 425 at 2025-05-29T21:03:02.497
Finished copy 131 at 2025-05-29T21:03:03.377
Finished copy 26 at 2025-05-29T21:03:03.780
Finished copy 228 at 2025-05-29T21:03:14.334
Finished copy 352 at 2025-05-29T21:03:14.891
Finished copy 529 at 2025-05-29T21:03:25.717
Finished copy 132 at 2025-05-29T21:03:32.530
Finished copy 27 at 2025-05-29T21:03:35.600
Finished copy 426 at 2025-05-29T21:03:35.698
Finished copy 353 at 2025-05-29T21:03:41.739
Finished copy 229 at 2025-05-29T21:03:47.271
Finished copy 530 at 2025-05-29T21:03:52.540
Finished copy 354 at 2025-05-29T21:03:59.781
Finished copy 28 at 2025-05-29T21:04:07.927
Finished copy 133 at 2025-05-29T21:04:12.856
Finished copy 230 at 2025-05-29T21:04:17.843
Finished copy 355 at 2025-05-29T21:04:20.310
Finished copy 531 at 2025-05-29T21:04:24.228
Finished copy 427 at 2025-05-29T21:04:35.909
Finished copy 356 at 2025-05-29T21:04:36.412
Finished copy 29 at 2025-05-29T21:04:36.507
Finished copy 134 at 2025-05-29T21:04:46.021
Finished copy 231 at 2025-05-29T21:04:48.001
Finished copy 532 at 2025-05-29T21:04:55.039
Finished copy 357 at 2025-05-29T21:04:56.293
Finished copy 30 at 2025-05-29T21:05:05.316
Finished copy 428 at 2025-05-29T21:05:06.439
Finished copy 358 at 2025-05-29T21:05:13.288
Finished copy 135 at 2025-05-29T21:05:16.374
Finished copy 232 at 2025-05-29T21:05:23.738
Finished copy 533 at 2025-05-29T21:05:26.571
Finished copy 359 at 2025-05-29T21:05:35.271
Finished copy 429 at 2025-05-29T21:05:40.553
Finished copy 31 at 2025-05-29T21:05:42.618
Finished copy 136 at 2025-05-29T21:05:48.507
Finished copy 360 at 2025-05-29T21:05:50.761
Finished copy 233 at 2025-05-29T21:06:00.673
Finished copy 534 at 2025-05-29T21:06:01.677
Finished copy 361 at 2025-05-29T21:06:06.794
Finished copy 137 at 2025-05-29T21:06:15.913
Finished copy 32 at 2025-05-29T21:06:18.690
Finished copy 430 at 2025-05-29T21:06:19.355
Finished copy 362 at 2025-05-29T21:06:28.785
Finished copy 535 at 2025-05-29T21:06:29.077
Finished copy 234 at 2025-05-29T21:06:30.319
Finished copy 138 at 2025-05-29T21:06:42.384
Finished copy 33 at 2025-05-29T21:06:49.628
Finished copy 431 at 2025-05-29T21:06:50.715
Finished copy 363 at 2025-05-29T21:06:53.961
Finished copy 536 at 2025-05-29T21:06:56.674
Finished copy 235 at 2025-05-29T21:06:59.755
Finished copy 139 at 2025-05-29T21:07:08.850
Finished copy 364 at 2025-05-29T21:07:13.509
Finished copy 34 at 2025-05-29T21:07:22.885
Finished copy 537 at 2025-05-29T21:07:25.459
Finished copy 432 at 2025-05-29T21:07:25.923
Finished copy 236 at 2025-05-29T21:07:29.881
Finished copy 365 at 2025-05-29T21:07:31.869
Finished copy 140 at 2025-05-29T21:07:36.310
Finished copy 366 at 2025-05-29T21:07:49.592
Finished copy 35 at 2025-05-29T21:07:53.896
Finished copy 538 at 2025-05-29T21:07:54.755
Finished copy 237 at 2025-05-29T21:07:59.129
Finished copy 141 at 2025-05-29T21:08:04.341
Finished copy 367 at 2025-05-29T21:08:05.565
Finished copy 433 at 2025-05-29T21:08:07.772
Finished copy 36 at 2025-05-29T21:08:21.019
Finished copy 368 at 2025-05-29T21:08:24.220
Finished copy 539 at 2025-05-29T21:08:28.784
Finished copy 142 at 2025-05-29T21:08:29.980
Finished copy 238 at 2025-05-29T21:08:34.055
Finished copy 369 at 2025-05-29T21:08:42.056
Finished copy 434 at 2025-05-29T21:08:45.102
Finished copy 37 at 2025-05-29T21:08:48.338
Finished copy 239 at 2025-05-29T21:08:59.973
Finished copy 143 at 2025-05-29T21:09:00.750
Finished copy 370 at 2025-05-29T21:09:02.421
Finished copy 540 at 2025-05-29T21:09:06.497
Finished copy 435 at 2025-05-29T21:09:22.359
Finished copy 38 at 2025-05-29T21:09:23.476
Finished copy 240 at 2025-05-29T21:09:27.727
Finished copy 371 at 2025-05-29T21:09:27.763
Finished copy 144 at 2025-05-29T21:09:28.229
Finished copy 541 at 2025-05-29T21:09:36.159
Finished copy 372 at 2025-05-29T21:09:48.027
Finished copy 39 at 2025-05-29T21:09:51.896
Finished copy 241 at 2025-05-29T21:09:54.670
Finished copy 436 at 2025-05-29T21:09:55.170
Finished copy 145 at 2025-05-29T21:09:58.045
Finished copy 373 at 2025-05-29T21:10:03.661
Finished copy 542 at 2025-05-29T21:10:04.654
Finished copy 374 at 2025-05-29T21:10:21.258
Finished copy 40 at 2025-05-29T21:10:24.728
Finished copy 437 at 2025-05-29T21:10:26.737
Finished copy 242 at 2025-05-29T21:10:27.979
Finished copy 543 at 2025-05-29T21:10:29.090
Finished copy 146 at 2025-05-29T21:10:29.182
Finished copy 375 at 2025-05-29T21:10:36.728
Finished copy 147 at 2025-05-29T21:10:54.613
Finished copy 376 at 2025-05-29T21:10:55.654
Finished copy 544 at 2025-05-29T21:10:58.709
Finished copy 41 at 2025-05-29T21:10:59.805
Finished copy 438 at 2025-05-29T21:11:02.762
Finished copy 243 at 2025-05-29T21:11:09.038
Finished copy 377 at 2025-05-29T21:11:10.501
Finished copy 148 at 2025-05-29T21:11:24.155
Finished copy 378 at 2025-05-29T21:11:25.916
Finished copy 545 at 2025-05-29T21:11:26.424
Finished copy 42 at 2025-05-29T21:11:28.895
Finished copy 439 at 2025-05-29T21:11:32.643
Finished copy 244 at 2025-05-29T21:11:39.277
Finished copy 379 at 2025-05-29T21:11:40.989
Finished copy 149 at 2025-05-29T21:11:52.014
Finished copy 546 at 2025-05-29T21:11:54.117
Finished copy 380 at 2025-05-29T21:11:56.978
Finished copy 43 at 2025-05-29T21:12:03.418
Finished copy 245 at 2025-05-29T21:12:07.717
Finished copy 440 at 2025-05-29T21:12:09.938
Finished copy 381 at 2025-05-29T21:12:11.420
Finished copy 150 at 2025-05-29T21:12:19.661
Finished copy 547 at 2025-05-29T21:12:24.361
Finished copy 44 at 2025-05-29T21:12:26.343
Finished copy 382 at 2025-05-29T21:12:28.273
Finished copy 246 at 2025-05-29T21:12:39.041
Finished copy 441 at 2025-05-29T21:12:41.826
Finished copy 383 at 2025-05-29T21:12:43.171
Finished copy 45 at 2025-05-29T21:12:47.043
Finished copy 548 at 2025-05-29T21:12:52.651
Finished copy 151 at 2025-05-29T21:12:53.846
Finished copy 384 at 2025-05-29T21:12:57.622
Finished copy 247 at 2025-05-29T21:13:05.368
Finished copy 385 at 2025-05-29T21:13:16.531
Finished copy 46 at 2025-05-29T21:13:19.745
Finished copy 549 at 2025-05-29T21:13:21.291
Finished copy 152 at 2025-05-29T21:13:23.427
Finished copy 442 at 2025-05-29T21:13:25.594
Finished copy 386 at 2025-05-29T21:13:32.252
Finished copy 248 at 2025-05-29T21:13:38.709
Finished copy 387 at 2025-05-29T21:13:46.623
Finished copy 550 at 2025-05-29T21:13:49.758
Finished copy 153 at 2025-05-29T21:13:53.145
Finished copy 443 at 2025-05-29T21:13:56.817
Finished copy 47 at 2025-05-29T21:13:58.076
Finished copy 388 at 2025-05-29T21:14:00.346
Finished copy 249 at 2025-05-29T21:14:08.215
Finished copy 551 at 2025-05-29T21:14:13.739
Finished copy 389 at 2025-05-29T21:14:14.918
Finished copy 154 at 2025-05-29T21:14:21.008
Finished copy 48 at 2025-05-29T21:14:28.303
Finished copy 390 at 2025-05-29T21:14:29.329
Finished copy 444 at 2025-05-29T21:14:30.565
Finished copy 250 at 2025-05-29T21:14:35.082
Finished copy 552 at 2025-05-29T21:14:39.727
Finished copy 391 at 2025-05-29T21:14:46.194
Finished copy 155 at 2025-05-29T21:14:50.454
Finished copy 49 at 2025-05-29T21:14:58.715
Finished copy 251 at 2025-05-29T21:15:00.542
Finished copy 392 at 2025-05-29T21:15:02.088
Finished copy 445 at 2025-05-29T21:15:06.291
Finished copy 553 at 2025-05-29T21:15:09.854
Finished copy 156 at 2025-05-29T21:15:17.141
Finished copy 393 at 2025-05-29T21:15:17.270
Finished copy 252 at 2025-05-29T21:15:25.660
Finished copy 50 at 2025-05-29T21:15:29.286
Finished copy 394 at 2025-05-29T21:15:33.515
Finished copy 446 at 2025-05-29T21:15:37.951
Finished copy 554 at 2025-05-29T21:15:38.383
Finished copy 157 at 2025-05-29T21:15:45.091
Finished copy 395 at 2025-05-29T21:15:49.406
Finished copy 51 at 2025-05-29T21:16:01.056
Finished copy 253 at 2025-05-29T21:16:02.452
Finished copy 447 at 2025-05-29T21:16:11.969
Finished copy 396 at 2025-05-29T21:16:12.031
Finished copy 555 at 2025-05-29T21:16:17.750
Finished copy 158 at 2025-05-29T21:16:17.987
Finished copy 397 at 2025-05-29T21:16:33.412
Finished copy 52 at 2025-05-29T21:16:34.730
Finished copy 254 at 2025-05-29T21:16:35.053
Finished copy 159 at 2025-05-29T21:16:42.677
Finished copy 448 at 2025-05-29T21:16:51
Finished copy 556 at 2025-05-29T21:16:52.073
Finished copy 398 at 2025-05-29T21:16:52.611
Finished copy 255 at 2025-05-29T21:17:02.705
Finished copy 160 at 2025-05-29T21:17:07.418
Finished copy 53 at 2025-05-29T21:17:07.629
Finished copy 399 at 2025-05-29T21:17:11.493
Finished copy 557 at 2025-05-29T21:17:18.076
Finished copy 449 at 2025-05-29T21:17:29.614
Finished copy 54 at 2025-05-29T21:17:36.264
Finished copy 400 at 2025-05-29T21:17:36.855
Finished copy 256 at 2025-05-29T21:17:37.650
Finished copy 161 at 2025-05-29T21:17:40.010
Finished copy 558 at 2025-05-29T21:17:43.366
Finished copy 257 at 2025-05-29T21:17:53.695
Finished copy 450 at 2025-05-29T21:17:57.404
Finished copy 162 at 2025-05-29T21:18:07.648
Finished copy 55 at 2025-05-29T21:18:07.835
Finished copy 258 at 2025-05-29T21:18:08.681
Finished copy 559 at 2025-05-29T21:18:09.672
Finished copy 259 at 2025-05-29T21:18:25.690
Finished copy 451 at 2025-05-29T21:18:29.114
Finished copy 163 at 2025-05-29T21:18:36.165
Finished copy 560 at 2025-05-29T21:18:41.029
Finished copy 56 at 2025-05-29T21:18:41.087
Finished copy 260 at 2025-05-29T21:18:54.773
Finished copy 164 at 2025-05-29T21:19:05.187
Finished copy 561 at 2025-05-29T21:19:07.108
Finished copy 261 at 2025-05-29T21:19:10.975
Finished copy 57 at 2025-05-29T21:19:11.607
Finished copy 452 at 2025-05-29T21:19:18.237
Finished copy 262 at 2025-05-29T21:19:28.605
Finished copy 562 at 2025-05-29T21:19:38.668
Finished copy 58 at 2025-05-29T21:19:41.079
Finished copy 165 at 2025-05-29T21:19:43.434
Finished copy 263 at 2025-05-29T21:19:45.217
Finished copy 453 at 2025-05-29T21:19:48.065
Finished copy 264 at 2025-05-29T21:20:06.121
Finished copy 563 at 2025-05-29T21:20:06.282
Finished copy 59 at 2025-05-29T21:20:09.547
Finished copy 166 at 2025-05-29T21:20:11.876
Finished copy 454 at 2025-05-29T21:20:26.131
Finished copy 265 at 2025-05-29T21:20:26.275
Finished copy 564 at 2025-05-29T21:20:35.042
Finished copy 60 at 2025-05-29T21:20:40.704
Finished copy 167 at 2025-05-29T21:20:41.049
Finished copy 266 at 2025-05-29T21:20:42.707
Finished copy 455 at 2025-05-29T21:20:55.286
Finished copy 267 at 2025-05-29T21:20:59.033
Finished copy 565 at 2025-05-29T21:21:04.911
Finished copy 168 at 2025-05-29T21:21:06.034
Finished copy 61 at 2025-05-29T21:21:07.156
Finished copy 268 at 2025-05-29T21:21:21.520
Finished copy 169 at 2025-05-29T21:21:25.248
Finished copy 62 at 2025-05-29T21:21:26.399
Finished copy 456 at 2025-05-29T21:21:31.264
Finished copy 566 at 2025-05-29T21:21:36.648
Finished copy 269 at 2025-05-29T21:21:39.376
Finished copy 170 at 2025-05-29T21:21:42.318
Finished copy 63 at 2025-05-29T21:21:54.842
Finished copy 171 at 2025-05-29T21:21:56.180
Finished copy 457 at 2025-05-29T21:22:01.796
Finished copy 567 at 2025-05-29T21:22:07.136
Finished copy 270 at 2025-05-29T21:22:10.031
Finished copy 172 at 2025-05-29T21:22:18.534
Finished copy 64 at 2025-05-29T21:22:23.515
Finished copy 271 at 2025-05-29T21:22:27.460
Finished copy 458 at 2025-05-29T21:22:30.247
Finished copy 568 at 2025-05-29T21:22:39.088
Finished copy 272 at 2025-05-29T21:22:42.798
Finished copy 173 at 2025-05-29T21:22:44.003
Finished copy 65 at 2025-05-29T21:22:52.771
Finished copy 459 at 2025-05-29T21:22:59.619
Finished copy 273 at 2025-05-29T21:23:00.145
Finished copy 569 at 2025-05-29T21:23:04.329
Finished copy 174 at 2025-05-29T21:23:09.676
Finished copy 66 at 2025-05-29T21:23:15.729
Finished copy 274 at 2025-05-29T21:23:17.720
Finished copy 570 at 2025-05-29T21:23:23.739
Finished copy 175 at 2025-05-29T21:23:28.436
Finished copy 460 at 2025-05-29T21:23:28.647
Finished copy 275 at 2025-05-29T21:23:38.294
Finished copy 67 at 2025-05-29T21:23:41.431
Finished copy 571 at 2025-05-29T21:23:44.751
Finished copy 176 at 2025-05-29T21:23:46.938
Finished copy 461 at 2025-05-29T21:23:55.212
Finished copy 276 at 2025-05-29T21:24:00.517
Finished copy 572 at 2025-05-29T21:24:06.709
Finished copy 68 at 2025-05-29T21:24:10.315
Finished copy 177 at 2025-05-29T21:24:10.318
Finished copy 277 at 2025-05-29T21:24:19.531
Finished copy 462 at 2025-05-29T21:24:23.660
Finished copy 573 at 2025-05-29T21:24:27.507
Finished copy 278 at 2025-05-29T21:24:39.174
Finished copy 178 at 2025-05-29T21:24:39.634
Finished copy 69 at 2025-05-29T21:24:41.713
Finished copy 574 at 2025-05-29T21:24:50.891
Finished copy 463 at 2025-05-29T21:24:55.107
Finished copy 279 at 2025-05-29T21:25:00.380
Finished copy 179 at 2025-05-29T21:25:08.226
Finished copy 70 at 2025-05-29T21:25:13.828
Finished copy 575 at 2025-05-29T21:25:19.815
Finished copy 464 at 2025-05-29T21:25:23.650
Finished copy 180 at 2025-05-29T21:25:32.454
Finished copy 280 at 2025-05-29T21:25:36.514
Finished copy 71 at 2025-05-29T21:25:38.616
Finished copy 576 at 2025-05-29T21:25:41.902
Finished copy 181 at 2025-05-29T21:25:52.875
Finished copy 465 at 2025-05-29T21:25:54.407
Finished copy 72 at 2025-05-29T21:26:00.023
Finished copy 281 at 2025-05-29T21:26:01.823
Finished copy 577 at 2025-05-29T21:26:05.422
Finished copy 182 at 2025-05-29T21:26:12.417
Finished copy 73 at 2025-05-29T21:26:18.355
Finished copy 578 at 2025-05-29T21:26:25.320
Finished copy 282 at 2025-05-29T21:26:27.093
Finished copy 466 at 2025-05-29T21:26:27.884
Finished copy 183 at 2025-05-29T21:26:30.620
Finished copy 74 at 2025-05-29T21:26:37.604
Finished copy 579 at 2025-05-29T21:26:44.753
Finished copy 184 at 2025-05-29T21:26:46.105
Finished copy 283 at 2025-05-29T21:26:54.677
Finished copy 75 at 2025-05-29T21:26:56.860
Finished copy 467 at 2025-05-29T21:26:58.554
Finished copy 580 at 2025-05-29T21:26:59.905
Finished copy 185 at 2025-05-29T21:27:06.854
Finished copy 284 at 2025-05-29T21:27:13.898
Finished copy 76 at 2025-05-29T21:27:16.652
Finished copy 186 at 2025-05-29T21:27:25.122
Finished copy 581 at 2025-05-29T21:27:25.381
Finished copy 468 at 2025-05-29T21:27:30.663
Finished copy 285 at 2025-05-29T21:27:33.825
Finished copy 77 at 2025-05-29T21:27:36.933
Finished copy 187 at 2025-05-29T21:27:41.184
Finished copy 582 at 2025-05-29T21:27:44.489
Finished copy 78 at 2025-05-29T21:27:53.699
Finished copy 286 at 2025-05-29T21:27:54.844
Finished copy 188 at 2025-05-29T21:28:01.162
Finished copy 469 at 2025-05-29T21:28:02.125
Finished copy 583 at 2025-05-29T21:28:05.534
Finished copy 287 at 2025-05-29T21:28:12.624
Finished copy 79 at 2025-05-29T21:28:20.885
Finished copy 189 at 2025-05-29T21:28:20.944
Finished copy 584 at 2025-05-29T21:28:23.570
Finished copy 288 at 2025-05-29T21:28:29.686
Finished copy 470 at 2025-05-29T21:28:35.819
Finished copy 190 at 2025-05-29T21:28:38.428
Finished copy 80 at 2025-05-29T21:28:39.753
Finished copy 585 at 2025-05-29T21:28:43.548
Finished copy 289 at 2025-05-29T21:28:50.735
Finished copy 471 at 2025-05-29T21:29:05.450
Finished copy 191 at 2025-05-29T21:29:05.740
Finished copy 586 at 2025-05-29T21:29:08.547
Finished copy 290 at 2025-05-29T21:29:08.800
Finished copy 81 at 2025-05-29T21:29:11.027
Finished copy 291 at 2025-05-29T21:29:23.649
Finished copy 587 at 2025-05-29T21:29:27.596
Finished copy 472 at 2025-05-29T21:29:35.030
Finished copy 192 at 2025-05-29T21:29:36.466
Finished copy 82 at 2025-05-29T21:29:36.620
Finished copy 292 at 2025-05-29T21:29:42.342
Finished copy 588 at 2025-05-29T21:29:43.535
Finished copy 193 at 2025-05-29T21:29:53.759
Finished copy 293 at 2025-05-29T21:30:01.109
Finished copy 83 at 2025-05-29T21:30:05.531
Finished copy 473 at 2025-05-29T21:30:06.452
Finished copy 589 at 2025-05-29T21:30:07.866
Finished copy 194 at 2025-05-29T21:30:14.029
Finished copy 294 at 2025-05-29T21:30:20.662
Finished copy 590 at 2025-05-29T21:30:22.539
Finished copy 195 at 2025-05-29T21:30:32.195
Finished copy 84 at 2025-05-29T21:30:33.812
Finished copy 474 at 2025-05-29T21:30:37.816
Finished copy 295 at 2025-05-29T21:30:42.907
Finished copy 591 at 2025-05-29T21:30:43.964
Finished copy 196 at 2025-05-29T21:30:50.817
Finished copy 85 at 2025-05-29T21:30:58.057
Finished copy 296 at 2025-05-29T21:31:04.693
Finished copy 592 at 2025-05-29T21:31:05.152
Finished copy 475 at 2025-05-29T21:31:11.114
Finished copy 197 at 2025-05-29T21:31:14.934
Finished copy 86 at 2025-05-29T21:31:16.532
Finished copy 593 at 2025-05-29T21:31:28.758
Finished copy 297 at 2025-05-29T21:31:29.646
Finished copy 198 at 2025-05-29T21:31:36.011
Finished copy 87 at 2025-05-29T21:31:39.623
Finished copy 476 at 2025-05-29T21:31:43.828
Finished copy 298 at 2025-05-29T21:31:50.148
Finished copy 594 at 2025-05-29T21:31:50.430
Finished copy 88 at 2025-05-29T21:32:03.412
Finished copy 477 at 2025-05-29T21:32:10.356
Finished copy 299 at 2025-05-29T21:32:12.004
Finished copy 595 at 2025-05-29T21:32:13.780
Finished copy 199 at 2025-05-29T21:32:25.607
Finished copy 89 at 2025-05-29T21:32:27.384
Finished copy 478 at 2025-05-29T21:32:33.714
Finished copy 300 at 2025-05-29T21:32:38.138
Finished copy 596 at 2025-05-29T21:32:41.719
Finished copy 200 at 2025-05-29T21:32:44.438
Finished copy 90 at 2025-05-29T21:32:47.773
Finished copy 479 at 2025-05-29T21:32:57.525
Finished copy 597 at 2025-05-29T21:33:00.318
Finished copy 91 at 2025-05-29T21:33:06.067
Finished copy 480 at 2025-05-29T21:33:09.750
Finished copy 598 at 2025-05-29T21:33:23.447
Finished copy 481 at 2025-05-29T21:33:24.287
Finished copy 92 at 2025-05-29T21:33:28.837
Finished copy 482 at 2025-05-29T21:33:37.770
Finished copy 93 at 2025-05-29T21:33:43.385
Finished copy 599 at 2025-05-29T21:33:47.009
Finished copy 483 at 2025-05-29T21:33:52.033
Finished copy 94 at 2025-05-29T21:33:56.336
Finished copy 484 at 2025-05-29T21:34:07.957
Finished copy 600 at 2025-05-29T21:34:08.914
Finished copy 95 at 2025-05-29T21:34:10.079
Finished copy 485 at 2025-05-29T21:34:20.843
Finished copy 96 at 2025-05-29T21:34:21.812
Finished copy 97 at 2025-05-29T21:34:34.384
Finished copy 486 at 2025-05-29T21:34:39.739
Finished copy 98 at 2025-05-29T21:34:46.908
Finished copy 487 at 2025-05-29T21:34:52.835
Finished copy 99 at 2025-05-29T21:35:01.742
Finished copy 488 at 2025-05-29T21:35:05.789
Finished copy 100 at 2025-05-29T21:35:13.183
Finished copy 489 at 2025-05-29T21:35:18.975
Finished copy 490 at 2025-05-29T21:35:28.796
Finished copy 491 at 2025-05-29T21:35:39.584
Finished copy 492 at 2025-05-29T21:35:49.307
Finished copy 493 at 2025-05-29T21:35:59.847
Finished copy 494 at 2025-05-29T21:36:09.954
Finished copy 495 at 2025-05-29T21:36:22.580
Finished copy 496 at 2025-05-29T21:36:34.714
Finished copy 497 at 2025-05-29T21:36:47.230
Finished copy 498 at 2025-05-29T21:36:56.989
Finished copy 499 at 2025-05-29T21:37:08.610
Finished copy 500 at 2025-05-29T21:37:19.082
