Starting saddles simulation at 2025-05-29T16:48:13.799
Lattice size: 44
Beta values: [0.1, 0.10279944599549397, 0.10567726096980483, 0.10863563882017176, 0.11167683486080235, 0.11480316754220751, 0.1180170202186681, 0.1213208429651809, 0.12471715444526921, 0.12820854383108135, 0.1317976727772417, 0.13548727744995842, 0.13928017061293513, 0.14317924377167612, 0.14718746937782085, 0.15130790309518719, 0.15554368612925135, 0.15989804762184037, 0.16437430711286308, 0.16897587707095507, 0.17370626549496876, 0.1785690785882898, 0.18356802350802015, 0.1887069111911229, 0.19398965925968314, 0.19942029500750083, 0.20500295847029057, 0.21074190558183128, 0.21664151141846955, 0.22270627353445155, 0.22894081539062563, 0.23534988987912978, 0.2419383829467506, 0.24871131731971624, 0.25567385633276335, 0.26283130786539594, 0.2701891283883382, 0.27775292712326566, 0.2855284703189852, 0.2935216856473252, 0.3017386667220857, 0.3101856777444941, 0.3188691582787082, 0.3277957281610069, 0.3369721925464105, 0.3464055470965792, 0.3561029833129435, 0.36607189401913226, 0.3763198789968798, 0.3868547507797058, 0.39768454060878644, 0.4088175045555577, 0.4202621298157168, 0.4320271411794205, 0.4441215076826148, 0.4565544494445634, 0.46933544469678873, 0.48247423700878694, 0.49598084271601944, 0.5098655585558504, 0.5241389695172453, 0.5388119569102191, 0.553895706661185, 0.5694017178405246, 0.5853418114288852, 0.601728139328883, 0.6185731936290858, 0.6358898161273345, 0.6536912081206652, 0.6719909404692954, 0.6908029639423454, 0.710141619853183, 0.730021650992499, 0.7504582128674476, 0.7714668852554213, 0.7930636840812662, 0.815265073626996, 0.8380879790833082, 0.8615497994524721, 0.885668420812431, 0.9104622299522194, 0.9359501283891019, 0.9621515467781114, 0.9890864597249744, 1.0167754010137187, 1.045239479260565, 1.0745003940060471, 1.1045804522576164, 1.1355025854953513, 1.1672903671537318, 1.1999680305928035, 1.2335604875724422, 1.2680933472437848, 1.3035929356723266, 1.3400863159075478, 1.3776013086143843, 1.4161665132822627, 1.4558113300278694, 1.4965659820082826, 1.5384615384615383]
Copies: 600
Move type: l chain flip
----------------------------------
Finished copy 1 at 2025-05-29T16:48:26.886
Finished copy 301 at 2025-05-29T16:48:28.409
Finished copy 101 at 2025-05-29T16:48:31.593
Finished copy 501 at 2025-05-29T16:48:33.113
Finished copy 401 at 2025-05-29T16:48:33.388
Finished copy 201 at 2025-05-29T16:48:36.888
Finished copy 302 at 2025-05-29T16:48:39.200
Finished copy 102 at 2025-05-29T16:48:46.190
Finished copy 2 at 2025-05-29T16:48:46.844
Finished copy 303 at 2025-05-29T16:48:51.790
Finished copy 402 at 2025-05-29T16:48:52.534
Finished copy 502 at 2025-05-29T16:48:56.116
Finished copy 103 at 2025-05-29T16:48:56.478
Finished copy 202 at 2025-05-29T16:48:57.582
Finished copy 3 at 2025-05-29T16:49:05.341
Finished copy 104 at 2025-05-29T16:49:06.583
Finished copy 403 at 2025-05-29T16:49:10.779
Finished copy 304 at 2025-05-29T16:49:10.822
Finished copy 503 at 2025-05-29T16:49:15.066
Finished copy 105 at 2025-05-29T16:49:17.007
Finished copy 203 at 2025-05-29T16:49:17.632
Finished copy 4 at 2025-05-29T16:49:23.317
Finished copy 106 at 2025-05-29T16:49:26.621
Finished copy 305 at 2025-05-29T16:49:29.083
Finished copy 404 at 2025-05-29T16:49:31.280
Finished copy 504 at 2025-05-29T16:49:33.881
Finished copy 107 at 2025-05-29T16:49:36.374
Finished copy 204 at 2025-05-29T16:49:40.690
Finished copy 5 at 2025-05-29T16:49:43.479
Finished copy 108 at 2025-05-29T16:49:47.477
Finished copy 306 at 2025-05-29T16:49:48.974
Finished copy 405 at 2025-05-29T16:49:50.704
Finished copy 505 at 2025-05-29T16:49:54.166
Finished copy 109 at 2025-05-29T16:49:57.744
Finished copy 205 at 2025-05-29T16:50:00.715
Finished copy 6 at 2025-05-29T16:50:04.561
Finished copy 307 at 2025-05-29T16:50:08.287
Finished copy 110 at 2025-05-29T16:50:08.797
Finished copy 406 at 2025-05-29T16:50:10.183
Finished copy 506 at 2025-05-29T16:50:14.896
Finished copy 111 at 2025-05-29T16:50:20.022
Finished copy 206 at 2025-05-29T16:50:22.739
Finished copy 308 at 2025-05-29T16:50:24.946
Finished copy 407 at 2025-05-29T16:50:27.932
Finished copy 7 at 2025-05-29T16:50:29.170
Finished copy 112 at 2025-05-29T16:50:30.607
Finished copy 507 at 2025-05-29T16:50:36.132
Finished copy 113 at 2025-05-29T16:50:41.037
Finished copy 309 at 2025-05-29T16:50:42.988
Finished copy 408 at 2025-05-29T16:50:46.864
Finished copy 207 at 2025-05-29T16:50:47.413
Finished copy 8 at 2025-05-29T16:50:48.886
Finished copy 114 at 2025-05-29T16:50:52.577
Finished copy 508 at 2025-05-29T16:50:57.023
Finished copy 310 at 2025-05-29T16:51:01.442
Finished copy 115 at 2025-05-29T16:51:03.709
Finished copy 409 at 2025-05-29T16:51:05.329
Finished copy 9 at 2025-05-29T16:51:06.941
Finished copy 208 at 2025-05-29T16:51:08.433
Finished copy 116 at 2025-05-29T16:51:13.601
Finished copy 509 at 2025-05-29T16:51:16.223
Finished copy 311 at 2025-05-29T16:51:18.167
Finished copy 410 at 2025-05-29T16:51:23.181
Finished copy 117 at 2025-05-29T16:51:25.182
Finished copy 10 at 2025-05-29T16:51:25.926
Finished copy 209 at 2025-05-29T16:51:30.439
Finished copy 312 at 2025-05-29T16:51:34.868
Finished copy 118 at 2025-05-29T16:51:35.353
Finished copy 411 at 2025-05-29T16:51:41.589
Finished copy 119 at 2025-05-29T16:51:45.393
Finished copy 11 at 2025-05-29T16:51:46.205
Finished copy 510 at 2025-05-29T16:51:47
Finished copy 313 at 2025-05-29T16:51:54.009
Finished copy 210 at 2025-05-29T16:51:56.099
Finished copy 120 at 2025-05-29T16:51:58.738
Finished copy 412 at 2025-05-29T16:52:01.254
Finished copy 511 at 2025-05-29T16:52:06.431
Finished copy 12 at 2025-05-29T16:52:06.894
Finished copy 121 at 2025-05-29T16:52:09.889
Finished copy 314 at 2025-05-29T16:52:11.254
Finished copy 413 at 2025-05-29T16:52:17.382
Finished copy 122 at 2025-05-29T16:52:21.022
Finished copy 512 at 2025-05-29T16:52:26.262
Finished copy 13 at 2025-05-29T16:52:27.037
Finished copy 315 at 2025-05-29T16:52:28.187
Finished copy 211 at 2025-05-29T16:52:30.291
Finished copy 123 at 2025-05-29T16:52:32.291
Finished copy 414 at 2025-05-29T16:52:33.583
Finished copy 124 at 2025-05-29T16:52:42.660
Finished copy 316 at 2025-05-29T16:52:44.383
Finished copy 14 at 2025-05-29T16:52:46.853
Finished copy 513 at 2025-05-29T16:52:47.713
Finished copy 212 at 2025-05-29T16:52:51.008
Finished copy 415 at 2025-05-29T16:52:51.249
Finished copy 125 at 2025-05-29T16:52:54.036
Finished copy 317 at 2025-05-29T16:53:02.333
Finished copy 126 at 2025-05-29T16:53:05.008
Finished copy 15 at 2025-05-29T16:53:05.479
Finished copy 514 at 2025-05-29T16:53:08.817
Finished copy 416 at 2025-05-29T16:53:10.076
Finished copy 213 at 2025-05-29T16:53:11.518
Finished copy 127 at 2025-05-29T16:53:16.647
Finished copy 318 at 2025-05-29T16:53:20.135
Finished copy 16 at 2025-05-29T16:53:26.032
Finished copy 128 at 2025-05-29T16:53:27.263
Finished copy 417 at 2025-05-29T16:53:28.875
Finished copy 214 at 2025-05-29T16:53:33.076
Finished copy 515 at 2025-05-29T16:53:34.122
Finished copy 319 at 2025-05-29T16:53:39.041
Finished copy 129 at 2025-05-29T16:53:43.928
Finished copy 418 at 2025-05-29T16:53:45.930
Finished copy 17 at 2025-05-29T16:53:45.981
Finished copy 130 at 2025-05-29T16:53:54.562
Finished copy 516 at 2025-05-29T16:53:55.946
Finished copy 215 at 2025-05-29T16:53:56.644
Finished copy 320 at 2025-05-29T16:53:56.941
Finished copy 18 at 2025-05-29T16:54:05.117
Finished copy 419 at 2025-05-29T16:54:06.209
Finished copy 131 at 2025-05-29T16:54:06.241
Finished copy 517 at 2025-05-29T16:54:16.091
Finished copy 132 at 2025-05-29T16:54:17.052
Finished copy 321 at 2025-05-29T16:54:18.595
Finished copy 216 at 2025-05-29T16:54:20.644
Finished copy 19 at 2025-05-29T16:54:25.593
Finished copy 133 at 2025-05-29T16:54:27.929
Finished copy 420 at 2025-05-29T16:54:29.596
Finished copy 322 at 2025-05-29T16:54:35.165
Finished copy 134 at 2025-05-29T16:54:38.196
Finished copy 518 at 2025-05-29T16:54:42.777
Finished copy 20 at 2025-05-29T16:54:43.673
Finished copy 217 at 2025-05-29T16:54:45.387
Finished copy 421 at 2025-05-29T16:54:48.242
Finished copy 135 at 2025-05-29T16:54:50.385
Finished copy 323 at 2025-05-29T16:54:53.399
Finished copy 136 at 2025-05-29T16:55:00.436
Finished copy 21 at 2025-05-29T16:55:02.455
Finished copy 519 at 2025-05-29T16:55:03.866
Finished copy 422 at 2025-05-29T16:55:08.679
Finished copy 324 at 2025-05-29T16:55:09.231
Finished copy 218 at 2025-05-29T16:55:09.319
Finished copy 137 at 2025-05-29T16:55:12.200
Finished copy 22 at 2025-05-29T16:55:19.542
Finished copy 138 at 2025-05-29T16:55:22.151
Finished copy 520 at 2025-05-29T16:55:23.922
Finished copy 423 at 2025-05-29T16:55:27.213
Finished copy 325 at 2025-05-29T16:55:27.301
Finished copy 219 at 2025-05-29T16:55:31.529
Finished copy 139 at 2025-05-29T16:55:34.395
Finished copy 23 at 2025-05-29T16:55:39.663
Finished copy 326 at 2025-05-29T16:55:43.883
Finished copy 140 at 2025-05-29T16:55:45.019
Finished copy 521 at 2025-05-29T16:55:45.406
Finished copy 424 at 2025-05-29T16:55:45.495
Finished copy 220 at 2025-05-29T16:55:53.056
Finished copy 141 at 2025-05-29T16:55:54.941
Finished copy 24 at 2025-05-29T16:55:57.780
Finished copy 327 at 2025-05-29T16:56:01.944
Finished copy 425 at 2025-05-29T16:56:03.699
Finished copy 142 at 2025-05-29T16:56:06.004
Finished copy 522 at 2025-05-29T16:56:11.972
Finished copy 328 at 2025-05-29T16:56:20.001
Finished copy 221 at 2025-05-29T16:56:20.127
Finished copy 25 at 2025-05-29T16:56:20.598
Finished copy 143 at 2025-05-29T16:56:20.837
Finished copy 426 at 2025-05-29T16:56:24.264
Finished copy 523 at 2025-05-29T16:56:32.339
Finished copy 144 at 2025-05-29T16:56:32.629
Finished copy 329 at 2025-05-29T16:56:39.016
Finished copy 26 at 2025-05-29T16:56:42.480
Finished copy 427 at 2025-05-29T16:56:43.075
Finished copy 222 at 2025-05-29T16:56:43.342
Finished copy 145 at 2025-05-29T16:56:44.508
Finished copy 524 at 2025-05-29T16:56:53.438
Finished copy 146 at 2025-05-29T16:56:54.621
Finished copy 330 at 2025-05-29T16:56:59.027
Finished copy 27 at 2025-05-29T16:57:02.794
Finished copy 428 at 2025-05-29T16:57:03.276
Finished copy 147 at 2025-05-29T16:57:05.341
Finished copy 223 at 2025-05-29T16:57:08.258
Finished copy 525 at 2025-05-29T16:57:13.571
Finished copy 148 at 2025-05-29T16:57:15.704
Finished copy 331 at 2025-05-29T16:57:16.012
Finished copy 28 at 2025-05-29T16:57:24.372
Finished copy 149 at 2025-05-29T16:57:25.594
Finished copy 429 at 2025-05-29T16:57:25.837
Finished copy 224 at 2025-05-29T16:57:32.648
Finished copy 332 at 2025-05-29T16:57:33.672
Finished copy 526 at 2025-05-29T16:57:34.002
Finished copy 150 at 2025-05-29T16:57:36.703
Finished copy 29 at 2025-05-29T16:57:46.552
Finished copy 151 at 2025-05-29T16:57:47.022
Finished copy 430 at 2025-05-29T16:57:47.667
Finished copy 333 at 2025-05-29T16:57:49.912
Finished copy 527 at 2025-05-29T16:57:54.065
Finished copy 225 at 2025-05-29T16:57:54.616
Finished copy 152 at 2025-05-29T16:57:56.766
Finished copy 30 at 2025-05-29T16:58:06.281
Finished copy 334 at 2025-05-29T16:58:06.795
Finished copy 153 at 2025-05-29T16:58:07.473
Finished copy 528 at 2025-05-29T16:58:12.731
Finished copy 431 at 2025-05-29T16:58:14.537
Finished copy 226 at 2025-05-29T16:58:16.123
Finished copy 154 at 2025-05-29T16:58:19.048
Finished copy 335 at 2025-05-29T16:58:24.479
Finished copy 31 at 2025-05-29T16:58:26.175
Finished copy 155 at 2025-05-29T16:58:30.427
Finished copy 529 at 2025-05-29T16:58:34.529
Finished copy 432 at 2025-05-29T16:58:34.917
Finished copy 227 at 2025-05-29T16:58:38.465
Finished copy 336 at 2025-05-29T16:58:39.552
Finished copy 156 at 2025-05-29T16:58:44.528
Finished copy 32 at 2025-05-29T16:58:45.300
Finished copy 433 at 2025-05-29T16:58:53.351
Finished copy 157 at 2025-05-29T16:58:55.079
Finished copy 530 at 2025-05-29T16:58:56.506
Finished copy 337 at 2025-05-29T16:58:58.370
Finished copy 228 at 2025-05-29T16:59:02.747
Finished copy 33 at 2025-05-29T16:59:04.658
Finished copy 158 at 2025-05-29T16:59:05.758
Finished copy 434 at 2025-05-29T16:59:13.268
Finished copy 531 at 2025-05-29T16:59:14.508
Finished copy 159 at 2025-05-29T16:59:16.335
Finished copy 338 at 2025-05-29T16:59:17.150
Finished copy 34 at 2025-05-29T16:59:23.278
Finished copy 229 at 2025-05-29T16:59:23.892
Finished copy 160 at 2025-05-29T16:59:27.925
Finished copy 435 at 2025-05-29T16:59:34.541
Finished copy 532 at 2025-05-29T16:59:34.721
Finished copy 339 at 2025-05-29T16:59:35.962
Finished copy 161 at 2025-05-29T16:59:39.582
Finished copy 35 at 2025-05-29T16:59:41.087
Finished copy 230 at 2025-05-29T16:59:46.017
Finished copy 162 at 2025-05-29T16:59:51.507
Finished copy 340 at 2025-05-29T16:59:53.976
Finished copy 436 at 2025-05-29T16:59:54.795
Finished copy 533 at 2025-05-29T16:59:56.707
Finished copy 163 at 2025-05-29T17:00:02.146
Finished copy 36 at 2025-05-29T17:00:02.147
Finished copy 231 at 2025-05-29T17:00:07.210
Finished copy 341 at 2025-05-29T17:00:10.801
Finished copy 164 at 2025-05-29T17:00:14.347
Finished copy 534 at 2025-05-29T17:00:16.325
Finished copy 437 at 2025-05-29T17:00:19.616
Finished copy 37 at 2025-05-29T17:00:20.151
Finished copy 165 at 2025-05-29T17:00:24.930
Finished copy 232 at 2025-05-29T17:00:28.257
Finished copy 342 at 2025-05-29T17:00:30.210
Finished copy 166 at 2025-05-29T17:00:35.209
Finished copy 535 at 2025-05-29T17:00:39.341
Finished copy 38 at 2025-05-29T17:00:40.170
Finished copy 438 at 2025-05-29T17:00:41.218
Finished copy 167 at 2025-05-29T17:00:46.585
Finished copy 343 at 2025-05-29T17:00:48.413
Finished copy 233 at 2025-05-29T17:00:49.581
Finished copy 39 at 2025-05-29T17:01:00.666
Finished copy 439 at 2025-05-29T17:01:01.222
Finished copy 168 at 2025-05-29T17:01:01.562
Finished copy 536 at 2025-05-29T17:01:02.088
Finished copy 344 at 2025-05-29T17:01:07.895
Finished copy 234 at 2025-05-29T17:01:11.227
Finished copy 169 at 2025-05-29T17:01:11.950
Finished copy 40 at 2025-05-29T17:01:21.351
Finished copy 440 at 2025-05-29T17:01:22.895
Finished copy 170 at 2025-05-29T17:01:24.053
Finished copy 537 at 2025-05-29T17:01:24.663
Finished copy 345 at 2025-05-29T17:01:29.785
Finished copy 235 at 2025-05-29T17:01:32.415
Finished copy 171 at 2025-05-29T17:01:34.627
Finished copy 172 at 2025-05-29T17:01:44.212
Finished copy 41 at 2025-05-29T17:01:44.564
Finished copy 441 at 2025-05-29T17:01:45.607
Finished copy 538 at 2025-05-29T17:01:47.133
Finished copy 346 at 2025-05-29T17:01:47.654
Finished copy 236 at 2025-05-29T17:01:54.147
Finished copy 173 at 2025-05-29T17:01:55.471
Finished copy 347 at 2025-05-29T17:02:03.575
Finished copy 42 at 2025-05-29T17:02:05.498
Finished copy 174 at 2025-05-29T17:02:05.850
Finished copy 442 at 2025-05-29T17:02:07.331
Finished copy 539 at 2025-05-29T17:02:08.051
Finished copy 237 at 2025-05-29T17:02:16.176
Finished copy 175 at 2025-05-29T17:02:16.663
Finished copy 348 at 2025-05-29T17:02:20.360
Finished copy 43 at 2025-05-29T17:02:25.288
Finished copy 443 at 2025-05-29T17:02:26.706
Finished copy 176 at 2025-05-29T17:02:28.442
Finished copy 540 at 2025-05-29T17:02:29.482
Finished copy 349 at 2025-05-29T17:02:37.733
Finished copy 177 at 2025-05-29T17:02:39.324
Finished copy 238 at 2025-05-29T17:02:43.721
Finished copy 444 at 2025-05-29T17:02:45.909
Finished copy 178 at 2025-05-29T17:02:51.034
Finished copy 541 at 2025-05-29T17:02:51.781
Finished copy 44 at 2025-05-29T17:02:53.215
Finished copy 350 at 2025-05-29T17:02:55.695
Finished copy 179 at 2025-05-29T17:03:01.702
Finished copy 445 at 2025-05-29T17:03:04.636
Finished copy 239 at 2025-05-29T17:03:05.805
Finished copy 180 at 2025-05-29T17:03:12.365
Finished copy 542 at 2025-05-29T17:03:14.027
Finished copy 45 at 2025-05-29T17:03:14.160
Finished copy 351 at 2025-05-29T17:03:16.299
Finished copy 181 at 2025-05-29T17:03:22.354
Finished copy 240 at 2025-05-29T17:03:29.299
Finished copy 446 at 2025-05-29T17:03:29.340
Finished copy 182 at 2025-05-29T17:03:33.348
Finished copy 352 at 2025-05-29T17:03:33.792
Finished copy 543 at 2025-05-29T17:03:36.532
Finished copy 46 at 2025-05-29T17:03:37.269
Finished copy 183 at 2025-05-29T17:03:43.931
Finished copy 447 at 2025-05-29T17:03:49.267
Finished copy 353 at 2025-05-29T17:03:50.180
Finished copy 241 at 2025-05-29T17:03:52.233
Finished copy 184 at 2025-05-29T17:03:54.897
Finished copy 544 at 2025-05-29T17:03:58.942
Finished copy 47 at 2025-05-29T17:04:02.009
Finished copy 185 at 2025-05-29T17:04:07.967
Finished copy 448 at 2025-05-29T17:04:09.282
Finished copy 354 at 2025-05-29T17:04:09.889
Finished copy 242 at 2025-05-29T17:04:19.835
Finished copy 186 at 2025-05-29T17:04:20.816
Finished copy 545 at 2025-05-29T17:04:22.481
Finished copy 48 at 2025-05-29T17:04:22.832
Finished copy 355 at 2025-05-29T17:04:28.201
Finished copy 187 at 2025-05-29T17:04:30.598
Finished copy 449 at 2025-05-29T17:04:31.422
Finished copy 243 at 2025-05-29T17:04:40.133
Finished copy 49 at 2025-05-29T17:04:41.927
Finished copy 546 at 2025-05-29T17:04:44.402
Finished copy 356 at 2025-05-29T17:04:45.637
Finished copy 188 at 2025-05-29T17:04:45.779
Finished copy 450 at 2025-05-29T17:04:51.977
Finished copy 189 at 2025-05-29T17:04:56.326
Finished copy 50 at 2025-05-29T17:05:02.886
Finished copy 547 at 2025-05-29T17:05:04.518
Finished copy 357 at 2025-05-29T17:05:04.686
Finished copy 244 at 2025-05-29T17:05:06.113
Finished copy 190 at 2025-05-29T17:05:07.925
Finished copy 451 at 2025-05-29T17:05:10.587
Finished copy 191 at 2025-05-29T17:05:20.183
Finished copy 358 at 2025-05-29T17:05:22.197
Finished copy 51 at 2025-05-29T17:05:23.901
Finished copy 452 at 2025-05-29T17:05:28.798
Finished copy 548 at 2025-05-29T17:05:29.065
Finished copy 245 at 2025-05-29T17:05:30.101
Finished copy 192 at 2025-05-29T17:05:30.772
Finished copy 359 at 2025-05-29T17:05:40.271
Finished copy 193 at 2025-05-29T17:05:41.781
Finished copy 52 at 2025-05-29T17:05:44.450
Finished copy 549 at 2025-05-29T17:05:49.119
Finished copy 453 at 2025-05-29T17:05:49.606
Finished copy 246 at 2025-05-29T17:05:51.373
Finished copy 194 at 2025-05-29T17:05:53.383
Finished copy 360 at 2025-05-29T17:06:01.590
Finished copy 195 at 2025-05-29T17:06:03.815
Finished copy 53 at 2025-05-29T17:06:04.519
Finished copy 454 at 2025-05-29T17:06:08.317
Finished copy 550 at 2025-05-29T17:06:09.239
Finished copy 247 at 2025-05-29T17:06:12.332
Finished copy 196 at 2025-05-29T17:06:14.786
Finished copy 361 at 2025-05-29T17:06:20.646
Finished copy 197 at 2025-05-29T17:06:24.691
Finished copy 54 at 2025-05-29T17:06:25.464
Finished copy 455 at 2025-05-29T17:06:28.059
Finished copy 198 at 2025-05-29T17:06:37.100
Finished copy 551 at 2025-05-29T17:06:37.634
Finished copy 248 at 2025-05-29T17:06:37.934
Finished copy 362 at 2025-05-29T17:06:41.502
Finished copy 55 at 2025-05-29T17:06:44.952
Finished copy 456 at 2025-05-29T17:06:47.757
Finished copy 199 at 2025-05-29T17:06:48.356
Finished copy 552 at 2025-05-29T17:06:58.952
Finished copy 363 at 2025-05-29T17:07:00.331
Finished copy 200 at 2025-05-29T17:07:00.333
Finished copy 249 at 2025-05-29T17:07:00.549
Finished copy 457 at 2025-05-29T17:07:04.270
Finished copy 56 at 2025-05-29T17:07:05.124
Finished copy 553 at 2025-05-29T17:07:15.056
Finished copy 458 at 2025-05-29T17:07:16.578
Finished copy 364 at 2025-05-29T17:07:17.309
Finished copy 250 at 2025-05-29T17:07:19.206
Finished copy 57 at 2025-05-29T17:07:22.054
Finished copy 459 at 2025-05-29T17:07:29.709
Finished copy 365 at 2025-05-29T17:07:36.443
Finished copy 554 at 2025-05-29T17:07:37.469
Finished copy 58 at 2025-05-29T17:07:39.959
Finished copy 251 at 2025-05-29T17:07:40.875
Finished copy 460 at 2025-05-29T17:07:41.025
Finished copy 555 at 2025-05-29T17:07:51.946
Finished copy 461 at 2025-05-29T17:07:52.336
Finished copy 366 at 2025-05-29T17:07:53.183
Finished copy 59 at 2025-05-29T17:07:57.307
Finished copy 252 at 2025-05-29T17:08:00.487
Finished copy 462 at 2025-05-29T17:08:03.787
Finished copy 556 at 2025-05-29T17:08:08.354
Finished copy 367 at 2025-05-29T17:08:12.362
Finished copy 463 at 2025-05-29T17:08:14.360
Finished copy 60 at 2025-05-29T17:08:15.905
Finished copy 253 at 2025-05-29T17:08:20.383
Finished copy 557 at 2025-05-29T17:08:24.379
Finished copy 464 at 2025-05-29T17:08:26.135
Finished copy 368 at 2025-05-29T17:08:30.228
Finished copy 61 at 2025-05-29T17:08:30.293
Finished copy 465 at 2025-05-29T17:08:37.544
Finished copy 254 at 2025-05-29T17:08:41.781
Finished copy 558 at 2025-05-29T17:08:43.880
Finished copy 369 at 2025-05-29T17:08:46.957
Finished copy 62 at 2025-05-29T17:08:48.486
Finished copy 466 at 2025-05-29T17:08:48.527
Finished copy 467 at 2025-05-29T17:08:59.191
Finished copy 559 at 2025-05-29T17:09:01.645
Finished copy 255 at 2025-05-29T17:09:01.784
Finished copy 370 at 2025-05-29T17:09:04.649
Finished copy 63 at 2025-05-29T17:09:07.192
Finished copy 468 at 2025-05-29T17:09:10.710
Finished copy 560 at 2025-05-29T17:09:19.011
Finished copy 256 at 2025-05-29T17:09:19.670
Finished copy 469 at 2025-05-29T17:09:21.091
Finished copy 371 at 2025-05-29T17:09:22.296
Finished copy 64 at 2025-05-29T17:09:24.043
Finished copy 470 at 2025-05-29T17:09:32.754
Finished copy 561 at 2025-05-29T17:09:37.639
Finished copy 372 at 2025-05-29T17:09:38.961
Finished copy 257 at 2025-05-29T17:09:39.410
Finished copy 65 at 2025-05-29T17:09:42.138
Finished copy 471 at 2025-05-29T17:09:43.806
Finished copy 562 at 2025-05-29T17:09:54.289
Finished copy 472 at 2025-05-29T17:09:57.097
Finished copy 373 at 2025-05-29T17:09:57.506
Finished copy 258 at 2025-05-29T17:09:59.013
Finished copy 66 at 2025-05-29T17:10:00.155
Finished copy 473 at 2025-05-29T17:10:08.674
Finished copy 563 at 2025-05-29T17:10:13.407
Finished copy 374 at 2025-05-29T17:10:15.633
Finished copy 259 at 2025-05-29T17:10:18.257
Finished copy 67 at 2025-05-29T17:10:18.290
Finished copy 474 at 2025-05-29T17:10:20.191
Finished copy 475 at 2025-05-29T17:10:31.415
Finished copy 564 at 2025-05-29T17:10:33.088
Finished copy 68 at 2025-05-29T17:10:34.325
Finished copy 375 at 2025-05-29T17:10:37.832
Finished copy 260 at 2025-05-29T17:10:38.563
Finished copy 476 at 2025-05-29T17:10:44.220
Finished copy 69 at 2025-05-29T17:10:48.401
Finished copy 565 at 2025-05-29T17:10:52.228
Finished copy 477 at 2025-05-29T17:10:54.837
Finished copy 261 at 2025-05-29T17:10:59.069
Finished copy 376 at 2025-05-29T17:10:59.307
Finished copy 70 at 2025-05-29T17:11:02.219
Finished copy 478 at 2025-05-29T17:11:05.802
Finished copy 566 at 2025-05-29T17:11:12.868
Finished copy 71 at 2025-05-29T17:11:14.553
Finished copy 377 at 2025-05-29T17:11:15.886
Finished copy 479 at 2025-05-29T17:11:17.227
Finished copy 262 at 2025-05-29T17:11:17.701
Finished copy 480 at 2025-05-29T17:11:30.060
Finished copy 567 at 2025-05-29T17:11:30.667
Finished copy 72 at 2025-05-29T17:11:31.581
Finished copy 378 at 2025-05-29T17:11:33.962
Finished copy 263 at 2025-05-29T17:11:34.442
Finished copy 481 at 2025-05-29T17:11:42.044
Finished copy 73 at 2025-05-29T17:11:48.888
Finished copy 568 at 2025-05-29T17:11:50.101
Finished copy 379 at 2025-05-29T17:11:50.701
Finished copy 482 at 2025-05-29T17:11:52.539
Finished copy 264 at 2025-05-29T17:11:56.853
Finished copy 483 at 2025-05-29T17:12:03.485
Finished copy 74 at 2025-05-29T17:12:05.033
Finished copy 569 at 2025-05-29T17:12:08.093
Finished copy 380 at 2025-05-29T17:12:10.780
Finished copy 484 at 2025-05-29T17:12:14.239
Finished copy 265 at 2025-05-29T17:12:17.059
Finished copy 75 at 2025-05-29T17:12:23.847
Finished copy 485 at 2025-05-29T17:12:25.866
Finished copy 570 at 2025-05-29T17:12:26.298
Finished copy 381 at 2025-05-29T17:12:27.691
Finished copy 486 at 2025-05-29T17:12:36.708
Finished copy 266 at 2025-05-29T17:12:39.730
Finished copy 76 at 2025-05-29T17:12:41.261
Finished copy 571 at 2025-05-29T17:12:43.890
Finished copy 382 at 2025-05-29T17:12:44.528
Finished copy 487 at 2025-05-29T17:12:46.584
Finished copy 488 at 2025-05-29T17:12:58.399
Finished copy 77 at 2025-05-29T17:12:59.295
Finished copy 572 at 2025-05-29T17:13:01.567
Finished copy 267 at 2025-05-29T17:13:01.747
Finished copy 383 at 2025-05-29T17:13:03.278
Finished copy 489 at 2025-05-29T17:13:08.591
Finished copy 78 at 2025-05-29T17:13:15.655
Finished copy 490 at 2025-05-29T17:13:20.006
Finished copy 384 at 2025-05-29T17:13:20.100
Finished copy 573 at 2025-05-29T17:13:21.272
Finished copy 268 at 2025-05-29T17:13:24.432
Finished copy 491 at 2025-05-29T17:13:30.590
Finished copy 79 at 2025-05-29T17:13:33.825
Finished copy 385 at 2025-05-29T17:13:37.234
Finished copy 574 at 2025-05-29T17:13:37.947
Finished copy 492 at 2025-05-29T17:13:41.803
Finished copy 269 at 2025-05-29T17:13:43.877
Finished copy 80 at 2025-05-29T17:13:51.103
Finished copy 493 at 2025-05-29T17:13:53.749
Finished copy 386 at 2025-05-29T17:13:54.136
Finished copy 575 at 2025-05-29T17:13:57.411
Finished copy 270 at 2025-05-29T17:14:04.549
Finished copy 494 at 2025-05-29T17:14:05.502
Finished copy 81 at 2025-05-29T17:14:08.497
Finished copy 387 at 2025-05-29T17:14:11.565
Finished copy 495 at 2025-05-29T17:14:16.636
Finished copy 576 at 2025-05-29T17:14:17.858
Finished copy 271 at 2025-05-29T17:14:26.864
Finished copy 82 at 2025-05-29T17:14:27.467
Finished copy 496 at 2025-05-29T17:14:27.937
Finished copy 388 at 2025-05-29T17:14:30.795
Finished copy 497 at 2025-05-29T17:14:40.010
Finished copy 577 at 2025-05-29T17:14:41.935
Finished copy 83 at 2025-05-29T17:14:46.009
Finished copy 389 at 2025-05-29T17:14:48.091
Finished copy 272 at 2025-05-29T17:14:50.157
Finished copy 498 at 2025-05-29T17:14:51.022
Finished copy 578 at 2025-05-29T17:15:00.375
Finished copy 84 at 2025-05-29T17:15:02.269
Finished copy 499 at 2025-05-29T17:15:03.039
Finished copy 273 at 2025-05-29T17:15:09.649
Finished copy 390 at 2025-05-29T17:15:10.653
Finished copy 500 at 2025-05-29T17:15:15.657
Finished copy 579 at 2025-05-29T17:15:18.715
Finished copy 85 at 2025-05-29T17:15:18.827
Finished copy 391 at 2025-05-29T17:15:26.972
Finished copy 580 at 2025-05-29T17:15:28.737
Finished copy 274 at 2025-05-29T17:15:30.277
Finished copy 86 at 2025-05-29T17:15:31.558
Finished copy 581 at 2025-05-29T17:15:40.739
Finished copy 87 at 2025-05-29T17:15:43.825
Finished copy 392 at 2025-05-29T17:15:44.881
Finished copy 275 at 2025-05-29T17:15:49.273
Finished copy 582 at 2025-05-29T17:15:52.655
Finished copy 88 at 2025-05-29T17:15:56.677
Finished copy 393 at 2025-05-29T17:16:02.579
Finished copy 583 at 2025-05-29T17:16:03.348
Finished copy 276 at 2025-05-29T17:16:07.920
Finished copy 89 at 2025-05-29T17:16:09.062
Finished copy 584 at 2025-05-29T17:16:13.081
Finished copy 394 at 2025-05-29T17:16:20.029
Finished copy 585 at 2025-05-29T17:16:24.072
Finished copy 90 at 2025-05-29T17:16:24.288
Finished copy 277 at 2025-05-29T17:16:24.605
Finished copy 586 at 2025-05-29T17:16:34.293
Finished copy 91 at 2025-05-29T17:16:36.553
Finished copy 395 at 2025-05-29T17:16:37.414
Finished copy 278 at 2025-05-29T17:16:41.861
Finished copy 587 at 2025-05-29T17:16:44.723
Finished copy 92 at 2025-05-29T17:16:51.165
Finished copy 396 at 2025-05-29T17:16:53.009
Finished copy 588 at 2025-05-29T17:16:55.057
Finished copy 279 at 2025-05-29T17:16:59.991
Finished copy 589 at 2025-05-29T17:17:06.027
Finished copy 93 at 2025-05-29T17:17:06.229
Finished copy 397 at 2025-05-29T17:17:10.695
Finished copy 590 at 2025-05-29T17:17:16.336
Finished copy 280 at 2025-05-29T17:17:18.898
Finished copy 94 at 2025-05-29T17:17:21.429
Finished copy 398 at 2025-05-29T17:17:24.992
Finished copy 591 at 2025-05-29T17:17:27.267
Finished copy 95 at 2025-05-29T17:17:36.080
Finished copy 592 at 2025-05-29T17:17:38.268
Finished copy 281 at 2025-05-29T17:17:39.837
Finished copy 399 at 2025-05-29T17:17:41.643
Finished copy 593 at 2025-05-29T17:17:48.164
Finished copy 96 at 2025-05-29T17:17:49.527
Finished copy 400 at 2025-05-29T17:17:57.376
Finished copy 594 at 2025-05-29T17:17:59.107
Finished copy 282 at 2025-05-29T17:18:00.093
Finished copy 97 at 2025-05-29T17:18:02.705
Finished copy 595 at 2025-05-29T17:18:08.549
Finished copy 98 at 2025-05-29T17:18:15.080
Finished copy 283 at 2025-05-29T17:18:16.350
Finished copy 596 at 2025-05-29T17:18:17.741
Finished copy 99 at 2025-05-29T17:18:24.723
Finished copy 597 at 2025-05-29T17:18:27.235
Finished copy 284 at 2025-05-29T17:18:31.294
Finished copy 100 at 2025-05-29T17:18:36.591
Finished copy 598 at 2025-05-29T17:18:37.412
Finished copy 599 at 2025-05-29T17:18:45.219
Finished copy 285 at 2025-05-29T17:18:46.853
Finished copy 600 at 2025-05-29T17:18:54.597
Finished copy 286 at 2025-05-29T17:18:57.735
Finished copy 287 at 2025-05-29T17:19:06.100
Finished copy 288 at 2025-05-29T17:19:14.131
Finished copy 289 at 2025-05-29T17:19:21.421
Finished copy 290 at 2025-05-29T17:19:36.653
Finished copy 291 at 2025-05-29T17:19:43.899
Finished copy 292 at 2025-05-29T17:19:51.411
Finished copy 293 at 2025-05-29T17:19:59.431
Finished copy 294 at 2025-05-29T17:20:06.926
Finished copy 295 at 2025-05-29T17:20:14.343
Finished copy 296 at 2025-05-29T17:20:21.626
Finished copy 297 at 2025-05-29T17:20:28.611
Finished copy 298 at 2025-05-29T17:20:36.317
Finished copy 299 at 2025-05-29T17:20:43.864
Finished copy 300 at 2025-05-29T17:20:51.568
