Starting saddles simulation at 2025-05-29T13:46:38.078
Lattice size: 36
Beta values: [0.1, 0.10279944599549397, 0.10567726096980483, 0.10863563882017176, 0.11167683486080235, 0.11480316754220751, 0.1180170202186681, 0.1213208429651809, 0.12471715444526921, 0.12820854383108135, 0.1317976727772417, 0.13548727744995842, 0.13928017061293513, 0.14317924377167612, 0.14718746937782085, 0.15130790309518719, 0.15554368612925135, 0.15989804762184037, 0.16437430711286308, 0.16897587707095507, 0.17370626549496876, 0.1785690785882898, 0.18356802350802015, 0.1887069111911229, 0.19398965925968314, 0.19942029500750083, 0.20500295847029057, 0.21074190558183128, 0.21664151141846955, 0.22270627353445155, 0.22894081539062563, 0.23534988987912978, 0.2419383829467506, 0.24871131731971624, 0.25567385633276335, 0.26283130786539594, 0.2701891283883382, 0.27775292712326566, 0.2855284703189852, 0.2935216856473252, 0.3017386667220857, 0.3101856777444941, 0.3188691582787082, 0.3277957281610069, 0.3369721925464105, 0.3464055470965792, 0.3561029833129435, 0.36607189401913226, 0.3763198789968798, 0.3868547507797058, 0.39768454060878644, 0.4088175045555577, 0.4202621298157168, 0.4320271411794205, 0.4441215076826148, 0.4565544494445634, 0.46933544469678873, 0.48247423700878694, 0.49598084271601944, 0.5098655585558504, 0.5241389695172453, 0.5388119569102191, 0.553895706661185, 0.5694017178405246, 0.5853418114288852, 0.601728139328883, 0.6185731936290858, 0.6358898161273345, 0.6536912081206652, 0.6719909404692954, 0.6908029639423454, 0.710141619853183, 0.730021650992499, 0.7504582128674476, 0.7714668852554213, 0.7930636840812662, 0.815265073626996, 0.8380879790833082, 0.8615497994524721, 0.885668420812431, 0.9104622299522194, 0.9359501283891019, 0.9621515467781114, 0.9890864597249744, 1.0167754010137187, 1.045239479260565, 1.0745003940060471, 1.1045804522576164, 1.1355025854953513, 1.1672903671537318, 1.1999680305928035, 1.2335604875724422, 1.2680933472437848, 1.3035929356723266, 1.3400863159075478, 1.3776013086143843, 1.4161665132822627, 1.4558113300278694, 1.4965659820082826, 1.5384615384615383]
Copies: 600
Move type: l chain flip
----------------------------------
Finished copy 201 at 2025-05-29T13:46:43.997
Finished copy 501 at 2025-05-29T13:46:44.104
Finished copy 1 at 2025-05-29T13:46:45.154
Finished copy 101 at 2025-05-29T13:46:49.699
Finished copy 502 at 2025-05-29T13:46:50.049
Finished copy 301 at 2025-05-29T13:46:50.624
Finished copy 202 at 2025-05-29T13:46:50.804
Finished copy 401 at 2025-05-29T13:46:51.589
Finished copy 2 at 2025-05-29T13:46:51.820
Finished copy 503 at 2025-05-29T13:46:56.474
Finished copy 203 at 2025-05-29T13:46:57.156
Finished copy 3 at 2025-05-29T13:46:58.314
Finished copy 402 at 2025-05-29T13:47:00.790
Finished copy 102 at 2025-05-29T13:47:02.416
Finished copy 504 at 2025-05-29T13:47:03.077
Finished copy 204 at 2025-05-29T13:47:03.640
Finished copy 302 at 2025-05-29T13:47:04.761
Finished copy 4 at 2025-05-29T13:47:05.069
Finished copy 403 at 2025-05-29T13:47:07.424
Finished copy 205 at 2025-05-29T13:47:09.939
Finished copy 505 at 2025-05-29T13:47:10.172
Finished copy 5 at 2025-05-29T13:47:12.337
Finished copy 404 at 2025-05-29T13:47:14.327
Finished copy 103 at 2025-05-29T13:47:14.745
Finished copy 206 at 2025-05-29T13:47:16.409
Finished copy 506 at 2025-05-29T13:47:16.781
Finished copy 303 at 2025-05-29T13:47:18.412
Finished copy 6 at 2025-05-29T13:47:19.310
Finished copy 405 at 2025-05-29T13:47:21.107
Finished copy 207 at 2025-05-29T13:47:22.886
Finished copy 507 at 2025-05-29T13:47:23.691
Finished copy 7 at 2025-05-29T13:47:26.715
Finished copy 406 at 2025-05-29T13:47:27.798
Finished copy 104 at 2025-05-29T13:47:28.680
Finished copy 208 at 2025-05-29T13:47:29.303
Finished copy 508 at 2025-05-29T13:47:29.974
Finished copy 8 at 2025-05-29T13:47:33.502
Finished copy 407 at 2025-05-29T13:47:33.723
Finished copy 209 at 2025-05-29T13:47:35.422
Finished copy 304 at 2025-05-29T13:47:35.669
Finished copy 509 at 2025-05-29T13:47:36.376
Finished copy 408 at 2025-05-29T13:47:39.897
Finished copy 105 at 2025-05-29T13:47:40.334
Finished copy 210 at 2025-05-29T13:47:42.007
Finished copy 510 at 2025-05-29T13:47:42.657
Finished copy 9 at 2025-05-29T13:47:44.133
Finished copy 409 at 2025-05-29T13:47:46.682
Finished copy 211 at 2025-05-29T13:47:48.583
Finished copy 511 at 2025-05-29T13:47:49.580
Finished copy 305 at 2025-05-29T13:47:50.194
Finished copy 410 at 2025-05-29T13:47:52.517
Finished copy 106 at 2025-05-29T13:47:53.209
Finished copy 212 at 2025-05-29T13:47:55.152
Finished copy 512 at 2025-05-29T13:47:55.910
Finished copy 10 at 2025-05-29T13:47:56.618
Finished copy 411 at 2025-05-29T13:47:59.892
Finished copy 513 at 2025-05-29T13:48:01.591
Finished copy 213 at 2025-05-29T13:48:01.976
Finished copy 306 at 2025-05-29T13:48:03.579
Finished copy 107 at 2025-05-29T13:48:05.129
Finished copy 412 at 2025-05-29T13:48:06.985
Finished copy 514 at 2025-05-29T13:48:07.382
Finished copy 214 at 2025-05-29T13:48:08.024
Finished copy 11 at 2025-05-29T13:48:08.564
Finished copy 413 at 2025-05-29T13:48:12.932
Finished copy 515 at 2025-05-29T13:48:13.863
Finished copy 215 at 2025-05-29T13:48:14.581
Finished copy 108 at 2025-05-29T13:48:16.623
Finished copy 307 at 2025-05-29T13:48:18.477
Finished copy 414 at 2025-05-29T13:48:19.904
Finished copy 12 at 2025-05-29T13:48:20.213
Finished copy 216 at 2025-05-29T13:48:20.713
Finished copy 516 at 2025-05-29T13:48:20.797
Finished copy 415 at 2025-05-29T13:48:25.913
Finished copy 517 at 2025-05-29T13:48:27.144
Finished copy 217 at 2025-05-29T13:48:27.211
Finished copy 109 at 2025-05-29T13:48:28.731
Finished copy 416 at 2025-05-29T13:48:31.757
Finished copy 13 at 2025-05-29T13:48:32.117
Finished copy 308 at 2025-05-29T13:48:32.337
Finished copy 518 at 2025-05-29T13:48:33.167
Finished copy 218 at 2025-05-29T13:48:33.231
Finished copy 417 at 2025-05-29T13:48:37.942
Finished copy 519 at 2025-05-29T13:48:39.163
Finished copy 219 at 2025-05-29T13:48:39.786
Finished copy 110 at 2025-05-29T13:48:42.464
Finished copy 14 at 2025-05-29T13:48:43.953
Finished copy 418 at 2025-05-29T13:48:44.623
Finished copy 520 at 2025-05-29T13:48:44.845
Finished copy 309 at 2025-05-29T13:48:45.464
Finished copy 220 at 2025-05-29T13:48:46.998
Finished copy 419 at 2025-05-29T13:48:50.911
Finished copy 521 at 2025-05-29T13:48:51.342
Finished copy 221 at 2025-05-29T13:48:53.926
Finished copy 111 at 2025-05-29T13:48:54.071
Finished copy 15 at 2025-05-29T13:48:57.086
Finished copy 420 at 2025-05-29T13:48:57.310
Finished copy 522 at 2025-05-29T13:48:57.596
Finished copy 310 at 2025-05-29T13:48:58.458
Finished copy 222 at 2025-05-29T13:49:00.514
Finished copy 421 at 2025-05-29T13:49:03.771
Finished copy 523 at 2025-05-29T13:49:04.293
Finished copy 112 at 2025-05-29T13:49:06.291
Finished copy 223 at 2025-05-29T13:49:06.330
Finished copy 16 at 2025-05-29T13:49:08.275
Finished copy 524 at 2025-05-29T13:49:10.794
Finished copy 422 at 2025-05-29T13:49:10.915
Finished copy 311 at 2025-05-29T13:49:11.808
Finished copy 224 at 2025-05-29T13:49:12.316
Finished copy 525 at 2025-05-29T13:49:16.834
Finished copy 423 at 2025-05-29T13:49:17.149
Finished copy 113 at 2025-05-29T13:49:19.327
Finished copy 225 at 2025-05-29T13:49:19.585
Finished copy 17 at 2025-05-29T13:49:20.170
Finished copy 526 at 2025-05-29T13:49:23.593
Finished copy 424 at 2025-05-29T13:49:23.906
Finished copy 226 at 2025-05-29T13:49:25.948
Finished copy 312 at 2025-05-29T13:49:27.034
Finished copy 114 at 2025-05-29T13:49:30.066
Finished copy 425 at 2025-05-29T13:49:30.099
Finished copy 18 at 2025-05-29T13:49:30.175
Finished copy 527 at 2025-05-29T13:49:30.315
Finished copy 227 at 2025-05-29T13:49:32.258
Finished copy 426 at 2025-05-29T13:49:36.284
Finished copy 528 at 2025-05-29T13:49:36.457
Finished copy 228 at 2025-05-29T13:49:39.467
Finished copy 313 at 2025-05-29T13:49:41.110
Finished copy 115 at 2025-05-29T13:49:41.587
Finished copy 19 at 2025-05-29T13:49:42.442
Finished copy 529 at 2025-05-29T13:49:42.479
Finished copy 427 at 2025-05-29T13:49:42.835
Finished copy 229 at 2025-05-29T13:49:46.027
Finished copy 428 at 2025-05-29T13:49:49.456
Finished copy 530 at 2025-05-29T13:49:50.244
Finished copy 230 at 2025-05-29T13:49:52.893
Finished copy 20 at 2025-05-29T13:49:54.767
Finished copy 116 at 2025-05-29T13:49:55.091
Finished copy 429 at 2025-05-29T13:49:55.823
Finished copy 531 at 2025-05-29T13:49:55.956
Finished copy 314 at 2025-05-29T13:49:56.442
Finished copy 231 at 2025-05-29T13:49:59.076
Finished copy 430 at 2025-05-29T13:50:01.788
Finished copy 532 at 2025-05-29T13:50:02.459
Finished copy 21 at 2025-05-29T13:50:05.827
Finished copy 232 at 2025-05-29T13:50:06.323
Finished copy 117 at 2025-05-29T13:50:07.630
Finished copy 431 at 2025-05-29T13:50:07.735
Finished copy 533 at 2025-05-29T13:50:09.475
Finished copy 315 at 2025-05-29T13:50:09.730
Finished copy 233 at 2025-05-29T13:50:12.294
Finished copy 432 at 2025-05-29T13:50:13.586
Finished copy 534 at 2025-05-29T13:50:17.031
Finished copy 22 at 2025-05-29T13:50:18.197
Finished copy 234 at 2025-05-29T13:50:18.878
Finished copy 433 at 2025-05-29T13:50:19.695
Finished copy 118 at 2025-05-29T13:50:19.839
Finished copy 316 at 2025-05-29T13:50:23.809
Finished copy 535 at 2025-05-29T13:50:24.033
Finished copy 235 at 2025-05-29T13:50:25.366
Finished copy 434 at 2025-05-29T13:50:26.016
Finished copy 536 at 2025-05-29T13:50:30.098
Finished copy 119 at 2025-05-29T13:50:30.505
Finished copy 23 at 2025-05-29T13:50:31.479
Finished copy 435 at 2025-05-29T13:50:32.161
Finished copy 236 at 2025-05-29T13:50:32.336
Finished copy 537 at 2025-05-29T13:50:36.991
Finished copy 317 at 2025-05-29T13:50:37.050
Finished copy 436 at 2025-05-29T13:50:38.746
Finished copy 237 at 2025-05-29T13:50:39.551
Finished copy 120 at 2025-05-29T13:50:41.544
Finished copy 24 at 2025-05-29T13:50:42.067
Finished copy 538 at 2025-05-29T13:50:43.651
Finished copy 437 at 2025-05-29T13:50:45.339
Finished copy 238 at 2025-05-29T13:50:46.216
Finished copy 539 at 2025-05-29T13:50:49.876
Finished copy 438 at 2025-05-29T13:50:50.684
Finished copy 121 at 2025-05-29T13:50:51.448
Finished copy 318 at 2025-05-29T13:50:52.143
Finished copy 239 at 2025-05-29T13:50:53.290
Finished copy 25 at 2025-05-29T13:50:53.982
Finished copy 540 at 2025-05-29T13:50:55.898
Finished copy 439 at 2025-05-29T13:50:56.403
Finished copy 240 at 2025-05-29T13:51:00.941
Finished copy 541 at 2025-05-29T13:51:02.468
Finished copy 440 at 2025-05-29T13:51:03.614
Finished copy 122 at 2025-05-29T13:51:03.885
Finished copy 319 at 2025-05-29T13:51:05.333
Finished copy 26 at 2025-05-29T13:51:05.495
Finished copy 241 at 2025-05-29T13:51:07.702
Finished copy 542 at 2025-05-29T13:51:09.608
Finished copy 441 at 2025-05-29T13:51:09.835
Finished copy 242 at 2025-05-29T13:51:14.635
Finished copy 123 at 2025-05-29T13:51:15.316
Finished copy 543 at 2025-05-29T13:51:15.891
Finished copy 442 at 2025-05-29T13:51:16.592
Finished copy 27 at 2025-05-29T13:51:17.876
Finished copy 320 at 2025-05-29T13:51:18.910
Finished copy 243 at 2025-05-29T13:51:21.040
Finished copy 443 at 2025-05-29T13:51:22.453
Finished copy 544 at 2025-05-29T13:51:23.103
Finished copy 124 at 2025-05-29T13:51:26.725
Finished copy 244 at 2025-05-29T13:51:27.157
Finished copy 444 at 2025-05-29T13:51:28.456
Finished copy 545 at 2025-05-29T13:51:29.799
Finished copy 28 at 2025-05-29T13:51:30.488
Finished copy 245 at 2025-05-29T13:51:32.779
Finished copy 321 at 2025-05-29T13:51:33.826
Finished copy 445 at 2025-05-29T13:51:34.007
Finished copy 546 at 2025-05-29T13:51:36.431
Finished copy 125 at 2025-05-29T13:51:38.182
Finished copy 246 at 2025-05-29T13:51:39.708
Finished copy 446 at 2025-05-29T13:51:40.255
Finished copy 29 at 2025-05-29T13:51:42.567
Finished copy 547 at 2025-05-29T13:51:42.713
Finished copy 247 at 2025-05-29T13:51:45.979
Finished copy 447 at 2025-05-29T13:51:46.446
Finished copy 322 at 2025-05-29T13:51:47.943
Finished copy 548 at 2025-05-29T13:51:49.211
Finished copy 248 at 2025-05-29T13:51:52.265
Finished copy 448 at 2025-05-29T13:51:52.624
Finished copy 126 at 2025-05-29T13:51:53.062
Finished copy 30 at 2025-05-29T13:51:55.133
Finished copy 549 at 2025-05-29T13:51:55.456
Finished copy 449 at 2025-05-29T13:51:58.692
Finished copy 249 at 2025-05-29T13:51:59.381
Finished copy 550 at 2025-05-29T13:52:02.018
Finished copy 323 at 2025-05-29T13:52:02.647
Finished copy 450 at 2025-05-29T13:52:05.002
Finished copy 127 at 2025-05-29T13:52:05.948
Finished copy 250 at 2025-05-29T13:52:06.126
Finished copy 31 at 2025-05-29T13:52:06.781
Finished copy 551 at 2025-05-29T13:52:08.849
Finished copy 451 at 2025-05-29T13:52:11.746
Finished copy 251 at 2025-05-29T13:52:12.580
Finished copy 552 at 2025-05-29T13:52:14.653
Finished copy 324 at 2025-05-29T13:52:16.739
Finished copy 32 at 2025-05-29T13:52:17.412
Finished copy 452 at 2025-05-29T13:52:17.565
Finished copy 128 at 2025-05-29T13:52:18.761
Finished copy 252 at 2025-05-29T13:52:19.528
Finished copy 553 at 2025-05-29T13:52:21.368
Finished copy 453 at 2025-05-29T13:52:23.795
Finished copy 253 at 2025-05-29T13:52:25.364
Finished copy 554 at 2025-05-29T13:52:27.988
Finished copy 33 at 2025-05-29T13:52:29.075
Finished copy 454 at 2025-05-29T13:52:30.208
Finished copy 129 at 2025-05-29T13:52:30.384
Finished copy 325 at 2025-05-29T13:52:30.426
Finished copy 254 at 2025-05-29T13:52:31.985
Finished copy 555 at 2025-05-29T13:52:34.017
Finished copy 455 at 2025-05-29T13:52:37.394
Finished copy 255 at 2025-05-29T13:52:38.888
Finished copy 556 at 2025-05-29T13:52:40.215
Finished copy 130 at 2025-05-29T13:52:41.359
Finished copy 34 at 2025-05-29T13:52:42.559
Finished copy 456 at 2025-05-29T13:52:43.330
Finished copy 256 at 2025-05-29T13:52:46.084
Finished copy 557 at 2025-05-29T13:52:46.555
Finished copy 326 at 2025-05-29T13:52:46.775
Finished copy 457 at 2025-05-29T13:52:49.560
Finished copy 257 at 2025-05-29T13:52:52.387
Finished copy 558 at 2025-05-29T13:52:52.790
Finished copy 131 at 2025-05-29T13:52:53.084
Finished copy 35 at 2025-05-29T13:52:55.124
Finished copy 458 at 2025-05-29T13:52:55.722
Finished copy 258 at 2025-05-29T13:52:58.672
Finished copy 559 at 2025-05-29T13:52:58.994
Finished copy 327 at 2025-05-29T13:53:00.963
Finished copy 459 at 2025-05-29T13:53:02.022
Finished copy 259 at 2025-05-29T13:53:04.815
Finished copy 560 at 2025-05-29T13:53:05.476
Finished copy 36 at 2025-05-29T13:53:07.341
Finished copy 132 at 2025-05-29T13:53:07.380
Finished copy 460 at 2025-05-29T13:53:08.677
Finished copy 561 at 2025-05-29T13:53:11.800
Finished copy 260 at 2025-05-29T13:53:11.945
Finished copy 461 at 2025-05-29T13:53:14.937
Finished copy 328 at 2025-05-29T13:53:15.698
Finished copy 562 at 2025-05-29T13:53:17.628
Finished copy 261 at 2025-05-29T13:53:18.258
Finished copy 37 at 2025-05-29T13:53:18.327
Finished copy 133 at 2025-05-29T13:53:20.269
Finished copy 462 at 2025-05-29T13:53:21.827
Finished copy 563 at 2025-05-29T13:53:24.018
Finished copy 262 at 2025-05-29T13:53:24.847
Finished copy 463 at 2025-05-29T13:53:28.646
Finished copy 38 at 2025-05-29T13:53:29.109
Finished copy 329 at 2025-05-29T13:53:30.679
Finished copy 564 at 2025-05-29T13:53:30.896
Finished copy 263 at 2025-05-29T13:53:31.528
Finished copy 134 at 2025-05-29T13:53:33.753
Finished copy 464 at 2025-05-29T13:53:35.201
Finished copy 565 at 2025-05-29T13:53:37.089
Finished copy 264 at 2025-05-29T13:53:37.384
Finished copy 39 at 2025-05-29T13:53:40.273
Finished copy 465 at 2025-05-29T13:53:41.251
Finished copy 265 at 2025-05-29T13:53:43.097
Finished copy 566 at 2025-05-29T13:53:43.432
Finished copy 330 at 2025-05-29T13:53:44.535
Finished copy 135 at 2025-05-29T13:53:47.385
Finished copy 466 at 2025-05-29T13:53:47.452
Finished copy 266 at 2025-05-29T13:53:48.882
Finished copy 567 at 2025-05-29T13:53:49.940
Finished copy 40 at 2025-05-29T13:53:50.807
Finished copy 467 at 2025-05-29T13:53:54.402
Finished copy 267 at 2025-05-29T13:53:56.070
Finished copy 568 at 2025-05-29T13:53:56.329
Finished copy 331 at 2025-05-29T13:53:59.852
Finished copy 468 at 2025-05-29T13:54:00.283
Finished copy 136 at 2025-05-29T13:54:00.649
Finished copy 41 at 2025-05-29T13:54:01.890
Finished copy 268 at 2025-05-29T13:54:02.616
Finished copy 569 at 2025-05-29T13:54:03.454
Finished copy 469 at 2025-05-29T13:54:05.898
Finished copy 570 at 2025-05-29T13:54:09.956
Finished copy 269 at 2025-05-29T13:54:10.324
Finished copy 470 at 2025-05-29T13:54:12.780
Finished copy 137 at 2025-05-29T13:54:13.367
Finished copy 42 at 2025-05-29T13:54:13.930
Finished copy 332 at 2025-05-29T13:54:14.173
Finished copy 571 at 2025-05-29T13:54:16.469
Finished copy 270 at 2025-05-29T13:54:16.835
Finished copy 471 at 2025-05-29T13:54:19.122
Finished copy 572 at 2025-05-29T13:54:22.892
Finished copy 271 at 2025-05-29T13:54:22.971
Finished copy 138 at 2025-05-29T13:54:25.065
Finished copy 472 at 2025-05-29T13:54:25.636
Finished copy 43 at 2025-05-29T13:54:26.823
Finished copy 573 at 2025-05-29T13:54:29.019
Finished copy 272 at 2025-05-29T13:54:29.165
Finished copy 333 at 2025-05-29T13:54:30.004
Finished copy 473 at 2025-05-29T13:54:32.906
Finished copy 273 at 2025-05-29T13:54:35.094
Finished copy 574 at 2025-05-29T13:54:35.268
Finished copy 139 at 2025-05-29T13:54:37.319
Finished copy 44 at 2025-05-29T13:54:37.822
Finished copy 474 at 2025-05-29T13:54:39.008
Finished copy 575 at 2025-05-29T13:54:40.968
Finished copy 274 at 2025-05-29T13:54:43.313
Finished copy 334 at 2025-05-29T13:54:43.989
Finished copy 475 at 2025-05-29T13:54:45.397
Finished copy 576 at 2025-05-29T13:54:47.963
Finished copy 140 at 2025-05-29T13:54:48.831
Finished copy 45 at 2025-05-29T13:54:49.940
Finished copy 275 at 2025-05-29T13:54:51.184
Finished copy 476 at 2025-05-29T13:54:51.709
Finished copy 577 at 2025-05-29T13:54:53.990
Finished copy 477 at 2025-05-29T13:54:57.686
Finished copy 335 at 2025-05-29T13:54:57.754
Finished copy 141 at 2025-05-29T13:54:59.681
Finished copy 276 at 2025-05-29T13:55:00.618
Finished copy 578 at 2025-05-29T13:55:01.022
Finished copy 46 at 2025-05-29T13:55:01.701
Finished copy 478 at 2025-05-29T13:55:04.422
Finished copy 579 at 2025-05-29T13:55:07.507
Finished copy 142 at 2025-05-29T13:55:10.210
Finished copy 336 at 2025-05-29T13:55:10.247
Finished copy 479 at 2025-05-29T13:55:10.848
Finished copy 277 at 2025-05-29T13:55:11.131
Finished copy 580 at 2025-05-29T13:55:13.537
Finished copy 47 at 2025-05-29T13:55:14.077
Finished copy 480 at 2025-05-29T13:55:16.666
Finished copy 581 at 2025-05-29T13:55:19.015
Finished copy 143 at 2025-05-29T13:55:20.066
Finished copy 278 at 2025-05-29T13:55:22.319
Finished copy 481 at 2025-05-29T13:55:23.024
Finished copy 337 at 2025-05-29T13:55:25.017
Finished copy 582 at 2025-05-29T13:55:25.113
Finished copy 48 at 2025-05-29T13:55:25.307
Finished copy 482 at 2025-05-29T13:55:29.510
Finished copy 144 at 2025-05-29T13:55:29.689
Finished copy 583 at 2025-05-29T13:55:31.071
Finished copy 279 at 2025-05-29T13:55:31.999
Finished copy 483 at 2025-05-29T13:55:36.464
Finished copy 584 at 2025-05-29T13:55:36.932
Finished copy 49 at 2025-05-29T13:55:37.220
Finished copy 338 at 2025-05-29T13:55:38.488
Finished copy 145 at 2025-05-29T13:55:39.493
Finished copy 280 at 2025-05-29T13:55:41.301
Finished copy 484 at 2025-05-29T13:55:42.147
Finished copy 585 at 2025-05-29T13:55:43.127
Finished copy 50 at 2025-05-29T13:55:46.540
Finished copy 485 at 2025-05-29T13:55:48.381
Finished copy 586 at 2025-05-29T13:55:49.983
Finished copy 146 at 2025-05-29T13:55:50.264
Finished copy 281 at 2025-05-29T13:55:52.359
Finished copy 339 at 2025-05-29T13:55:52.501
Finished copy 486 at 2025-05-29T13:55:55.247
Finished copy 587 at 2025-05-29T13:55:56.302
Finished copy 51 at 2025-05-29T13:55:58.302
Finished copy 147 at 2025-05-29T13:56:01.251
Finished copy 487 at 2025-05-29T13:56:01.760
Finished copy 282 at 2025-05-29T13:56:02.426
Finished copy 588 at 2025-05-29T13:56:02.528
Finished copy 340 at 2025-05-29T13:56:05.787
Finished copy 488 at 2025-05-29T13:56:08.547
Finished copy 589 at 2025-05-29T13:56:08.941
Finished copy 52 at 2025-05-29T13:56:09.088
Finished copy 283 at 2025-05-29T13:56:10.495
Finished copy 148 at 2025-05-29T13:56:11.459
Finished copy 489 at 2025-05-29T13:56:14.842
Finished copy 590 at 2025-05-29T13:56:15.213
Finished copy 341 at 2025-05-29T13:56:17.337
Finished copy 284 at 2025-05-29T13:56:19.939
Finished copy 53 at 2025-05-29T13:56:20.190
Finished copy 490 at 2025-05-29T13:56:21.121
Finished copy 591 at 2025-05-29T13:56:21.501
Finished copy 149 at 2025-05-29T13:56:22.839
Finished copy 491 at 2025-05-29T13:56:26.792
Finished copy 592 at 2025-05-29T13:56:28.377
Finished copy 54 at 2025-05-29T13:56:28.427
Finished copy 285 at 2025-05-29T13:56:30.295
Finished copy 342 at 2025-05-29T13:56:30.892
Finished copy 150 at 2025-05-29T13:56:32.979
Finished copy 492 at 2025-05-29T13:56:33.732
Finished copy 593 at 2025-05-29T13:56:34.458
Finished copy 55 at 2025-05-29T13:56:34.799
Finished copy 343 at 2025-05-29T13:56:40.782
Finished copy 493 at 2025-05-29T13:56:40.896
Finished copy 286 at 2025-05-29T13:56:41.543
Finished copy 594 at 2025-05-29T13:56:41.847
Finished copy 56 at 2025-05-29T13:56:42.846
Finished copy 151 at 2025-05-29T13:56:44.905
Finished copy 494 at 2025-05-29T13:56:48.482
Finished copy 595 at 2025-05-29T13:56:49.018
Finished copy 344 at 2025-05-29T13:56:49.666
Finished copy 57 at 2025-05-29T13:56:49.788
Finished copy 287 at 2025-05-29T13:56:52.656
Finished copy 495 at 2025-05-29T13:56:55.859
Finished copy 152 at 2025-05-29T13:56:55.925
Finished copy 596 at 2025-05-29T13:56:56.475
Finished copy 58 at 2025-05-29T13:56:57.246
Finished copy 288 at 2025-05-29T13:57:00.838
Finished copy 496 at 2025-05-29T13:57:02.314
Finished copy 597 at 2025-05-29T13:57:02.517
Finished copy 59 at 2025-05-29T13:57:04.007
Finished copy 345 at 2025-05-29T13:57:06.009
Finished copy 153 at 2025-05-29T13:57:08.262
Finished copy 289 at 2025-05-29T13:57:08.679
Finished copy 497 at 2025-05-29T13:57:09.469
Finished copy 598 at 2025-05-29T13:57:09.765
Finished copy 60 at 2025-05-29T13:57:11.723
Finished copy 498 at 2025-05-29T13:57:15.875
Finished copy 290 at 2025-05-29T13:57:16.138
Finished copy 599 at 2025-05-29T13:57:16.824
Finished copy 61 at 2025-05-29T13:57:19.051
Finished copy 346 at 2025-05-29T13:57:20.440
Finished copy 154 at 2025-05-29T13:57:22.311
Finished copy 499 at 2025-05-29T13:57:22.841
Finished copy 291 at 2025-05-29T13:57:22.873
Finished copy 600 at 2025-05-29T13:57:23.017
Finished copy 62 at 2025-05-29T13:57:26.434
Finished copy 500 at 2025-05-29T13:57:28.945
Finished copy 292 at 2025-05-29T13:57:29.076
Finished copy 63 at 2025-05-29T13:57:32.469
Finished copy 155 at 2025-05-29T13:57:33.889
Finished copy 293 at 2025-05-29T13:57:34.233
Finished copy 347 at 2025-05-29T13:57:34.272
Finished copy 64 at 2025-05-29T13:57:38.426
Finished copy 294 at 2025-05-29T13:57:39.390
Finished copy 65 at 2025-05-29T13:57:43.883
Finished copy 348 at 2025-05-29T13:57:44.555
Finished copy 295 at 2025-05-29T13:57:45.020
Finished copy 156 at 2025-05-29T13:57:45.092
Finished copy 66 at 2025-05-29T13:57:49.388
Finished copy 296 at 2025-05-29T13:57:50.205
Finished copy 67 at 2025-05-29T13:57:54.731
Finished copy 297 at 2025-05-29T13:57:55.428
Finished copy 349 at 2025-05-29T13:57:56.034
Finished copy 157 at 2025-05-29T13:57:58.039
Finished copy 68 at 2025-05-29T13:58:00.205
Finished copy 298 at 2025-05-29T13:58:00.933
Finished copy 158 at 2025-05-29T13:58:04.244
Finished copy 69 at 2025-05-29T13:58:06.185
Finished copy 299 at 2025-05-29T13:58:06.418
Finished copy 350 at 2025-05-29T13:58:07.012
Finished copy 159 at 2025-05-29T13:58:09.955
Finished copy 70 at 2025-05-29T13:58:11.310
Finished copy 300 at 2025-05-29T13:58:12.362
Finished copy 160 at 2025-05-29T13:58:15.325
Finished copy 71 at 2025-05-29T13:58:16.258
Finished copy 351 at 2025-05-29T13:58:18.185
Finished copy 161 at 2025-05-29T13:58:20.946
Finished copy 72 at 2025-05-29T13:58:21.776
Finished copy 162 at 2025-05-29T13:58:26.126
Finished copy 352 at 2025-05-29T13:58:26.436
Finished copy 73 at 2025-05-29T13:58:27.459
Finished copy 163 at 2025-05-29T13:58:31.568
Finished copy 74 at 2025-05-29T13:58:33.366
Finished copy 353 at 2025-05-29T13:58:34.134
Finished copy 164 at 2025-05-29T13:58:37.231
Finished copy 75 at 2025-05-29T13:58:39.470
Finished copy 354 at 2025-05-29T13:58:41.571
Finished copy 165 at 2025-05-29T13:58:43.240
Finished copy 76 at 2025-05-29T13:58:44.518
Finished copy 355 at 2025-05-29T13:58:47.929
Finished copy 166 at 2025-05-29T13:58:48.222
Finished copy 77 at 2025-05-29T13:58:50.330
Finished copy 167 at 2025-05-29T13:58:53.647
Finished copy 356 at 2025-05-29T13:58:55.212
Finished copy 78 at 2025-05-29T13:58:55.858
Finished copy 168 at 2025-05-29T13:58:58.604
Finished copy 79 at 2025-05-29T13:59:00.992
Finished copy 357 at 2025-05-29T13:59:01.125
Finished copy 169 at 2025-05-29T13:59:03.984
Finished copy 80 at 2025-05-29T13:59:06.445
Finished copy 358 at 2025-05-29T13:59:07.706
Finished copy 170 at 2025-05-29T13:59:09.364
Finished copy 81 at 2025-05-29T13:59:12.168
Finished copy 171 at 2025-05-29T13:59:14.328
Finished copy 359 at 2025-05-29T13:59:14.439
Finished copy 82 at 2025-05-29T13:59:17.631
Finished copy 172 at 2025-05-29T13:59:19.483
Finished copy 360 at 2025-05-29T13:59:21.641
Finished copy 83 at 2025-05-29T13:59:23.194
Finished copy 173 at 2025-05-29T13:59:25.448
Finished copy 84 at 2025-05-29T13:59:29.694
Finished copy 361 at 2025-05-29T13:59:29.756
Finished copy 174 at 2025-05-29T13:59:30.972
Finished copy 85 at 2025-05-29T13:59:35.128
Finished copy 175 at 2025-05-29T13:59:36.280
Finished copy 362 at 2025-05-29T13:59:37.769
Finished copy 86 at 2025-05-29T13:59:40.543
Finished copy 176 at 2025-05-29T13:59:41.580
Finished copy 363 at 2025-05-29T13:59:44.682
Finished copy 87 at 2025-05-29T13:59:46.301
Finished copy 177 at 2025-05-29T13:59:47.107
Finished copy 364 at 2025-05-29T13:59:50.177
Finished copy 88 at 2025-05-29T13:59:51.798
Finished copy 178 at 2025-05-29T13:59:52.501
Finished copy 365 at 2025-05-29T13:59:56.099
Finished copy 89 at 2025-05-29T13:59:57.496
Finished copy 179 at 2025-05-29T13:59:57.667
Finished copy 366 at 2025-05-29T14:00:02.432
Finished copy 90 at 2025-05-29T14:00:02.744
Finished copy 180 at 2025-05-29T14:00:03.091
Finished copy 91 at 2025-05-29T14:00:07.834
Finished copy 181 at 2025-05-29T14:00:08.363
Finished copy 367 at 2025-05-29T14:00:09.526
Finished copy 92 at 2025-05-29T14:00:13.105
Finished copy 182 at 2025-05-29T14:00:14.202
Finished copy 368 at 2025-05-29T14:00:15.911
Finished copy 93 at 2025-05-29T14:00:18.415
Finished copy 183 at 2025-05-29T14:00:19.818
Finished copy 369 at 2025-05-29T14:00:22.229
Finished copy 94 at 2025-05-29T14:00:23.326
Finished copy 184 at 2025-05-29T14:00:25.586
Finished copy 370 at 2025-05-29T14:00:28.408
Finished copy 95 at 2025-05-29T14:00:28.552
Finished copy 185 at 2025-05-29T14:00:31.156
Finished copy 96 at 2025-05-29T14:00:33.593
Finished copy 371 at 2025-05-29T14:00:34.262
Finished copy 186 at 2025-05-29T14:00:36.506
Finished copy 97 at 2025-05-29T14:00:38.967
Finished copy 372 at 2025-05-29T14:00:41.037
Finished copy 187 at 2025-05-29T14:00:42.285
Finished copy 98 at 2025-05-29T14:00:44.070
Finished copy 373 at 2025-05-29T14:00:47.518
Finished copy 188 at 2025-05-29T14:00:47.997
Finished copy 99 at 2025-05-29T14:00:49.550
Finished copy 189 at 2025-05-29T14:00:53.085
Finished copy 374 at 2025-05-29T14:00:53.956
Finished copy 100 at 2025-05-29T14:00:55.656
Finished copy 190 at 2025-05-29T14:00:58.540
Finished copy 375 at 2025-05-29T14:01:00.217
Finished copy 191 at 2025-05-29T14:01:03.121
Finished copy 376 at 2025-05-29T14:01:06.421
Finished copy 192 at 2025-05-29T14:01:07.868
Finished copy 377 at 2025-05-29T14:01:12.005
Finished copy 193 at 2025-05-29T14:01:12.999
Finished copy 194 at 2025-05-29T14:01:17.725
Finished copy 378 at 2025-05-29T14:01:17.964
Finished copy 195 at 2025-05-29T14:01:22.224
Finished copy 379 at 2025-05-29T14:01:24.371
Finished copy 196 at 2025-05-29T14:01:26.970
Finished copy 380 at 2025-05-29T14:01:30.496
Finished copy 197 at 2025-05-29T14:01:31.441
Finished copy 198 at 2025-05-29T14:01:36.194
Finished copy 381 at 2025-05-29T14:01:36.994
Finished copy 199 at 2025-05-29T14:01:41.191
Finished copy 382 at 2025-05-29T14:01:42.545
Finished copy 200 at 2025-05-29T14:01:46.283
Finished copy 383 at 2025-05-29T14:01:47.758
Finished copy 384 at 2025-05-29T14:01:52.808
Finished copy 385 at 2025-05-29T14:01:57.501
Finished copy 386 at 2025-05-29T14:02:01.943
Finished copy 387 at 2025-05-29T14:02:06.935
Finished copy 388 at 2025-05-29T14:02:11.718
Finished copy 389 at 2025-05-29T14:02:16.060
Finished copy 390 at 2025-05-29T14:02:21.456
Finished copy 391 at 2025-05-29T14:02:26.359
Finished copy 392 at 2025-05-29T14:02:30.815
Finished copy 393 at 2025-05-29T14:02:35.650
Finished copy 394 at 2025-05-29T14:02:40.582
Finished copy 395 at 2025-05-29T14:02:45.262
Finished copy 396 at 2025-05-29T14:02:49.590
Finished copy 397 at 2025-05-29T14:02:54.105
Finished copy 398 at 2025-05-29T14:02:58.563
Finished copy 399 at 2025-05-29T14:03:03.020
Finished copy 400 at 2025-05-29T14:03:07.361
