Starting saddles simulation at 2025-05-29T14:41:39.221
Lattice size: 39
Beta values: [0.1, 0.10279944599549397, 0.10567726096980483, 0.10863563882017176, 0.11167683486080235, 0.11480316754220751, 0.1180170202186681, 0.1213208429651809, 0.12471715444526921, 0.12820854383108135, 0.1317976727772417, 0.13548727744995842, 0.13928017061293513, 0.14317924377167612, 0.14718746937782085, 0.15130790309518719, 0.15554368612925135, 0.15989804762184037, 0.16437430711286308, 0.16897587707095507, 0.17370626549496876, 0.1785690785882898, 0.18356802350802015, 0.1887069111911229, 0.19398965925968314, 0.19942029500750083, 0.20500295847029057, 0.21074190558183128, 0.21664151141846955, 0.22270627353445155, 0.22894081539062563, 0.23534988987912978, 0.2419383829467506, 0.24871131731971624, 0.25567385633276335, 0.26283130786539594, 0.2701891283883382, 0.27775292712326566, 0.2855284703189852, 0.2935216856473252, 0.3017386667220857, 0.3101856777444941, 0.3188691582787082, 0.3277957281610069, 0.3369721925464105, 0.3464055470965792, 0.3561029833129435, 0.36607189401913226, 0.3763198789968798, 0.3868547507797058, 0.39768454060878644, 0.4088175045555577, 0.4202621298157168, 0.4320271411794205, 0.4441215076826148, 0.4565544494445634, 0.46933544469678873, 0.48247423700878694, 0.49598084271601944, 0.5098655585558504, 0.5241389695172453, 0.5388119569102191, 0.553895706661185, 0.5694017178405246, 0.5853418114288852, 0.601728139328883, 0.6185731936290858, 0.6358898161273345, 0.6536912081206652, 0.6719909404692954, 0.6908029639423454, 0.710141619853183, 0.730021650992499, 0.7504582128674476, 0.7714668852554213, 0.7930636840812662, 0.815265073626996, 0.8380879790833082, 0.8615497994524721, 0.885668420812431, 0.9104622299522194, 0.9359501283891019, 0.9621515467781114, 0.9890864597249744, 1.0167754010137187, 1.045239479260565, 1.0745003940060471, 1.1045804522576164, 1.1355025854953513, 1.1672903671537318, 1.1999680305928035, 1.2335604875724422, 1.2680933472437848, 1.3035929356723266, 1.3400863159075478, 1.3776013086143843, 1.4161665132822627, 1.4558113300278694, 1.4965659820082826, 1.5384615384615383]
Copies: 600
Move type: l chain flip
----------------------------------
Finished copy 301 at 2025-05-29T14:41:47.443
Finished copy 501 at 2025-05-29T14:41:47.563
Finished copy 401 at 2025-05-29T14:41:47.831
Finished copy 1 at 2025-05-29T14:41:52.084
Finished copy 101 at 2025-05-29T14:41:52.124
Finished copy 201 at 2025-05-29T14:41:52.929
Finished copy 302 at 2025-05-29T14:41:55.321
Finished copy 402 at 2025-05-29T14:41:56.478
Finished copy 502 at 2025-05-29T14:41:59.740
Finished copy 303 at 2025-05-29T14:42:02.379
Finished copy 102 at 2025-05-29T14:42:03.146
Finished copy 403 at 2025-05-29T14:42:04.091
Finished copy 2 at 2025-05-29T14:42:06.437
Finished copy 202 at 2025-05-29T14:42:08.200
Finished copy 304 at 2025-05-29T14:42:10.077
Finished copy 404 at 2025-05-29T14:42:11.100
Finished copy 503 at 2025-05-29T14:42:13.692
Finished copy 103 at 2025-05-29T14:42:15.668
Finished copy 305 at 2025-05-29T14:42:17.382
Finished copy 405 at 2025-05-29T14:42:19.060
Finished copy 3 at 2025-05-29T14:42:20.142
Finished copy 203 at 2025-05-29T14:42:24.237
Finished copy 306 at 2025-05-29T14:42:25.323
Finished copy 504 at 2025-05-29T14:42:25.700
Finished copy 406 at 2025-05-29T14:42:26.020
Finished copy 104 at 2025-05-29T14:42:29.435
Finished copy 505 at 2025-05-29T14:42:32.803
Finished copy 407 at 2025-05-29T14:42:33.375
Finished copy 4 at 2025-05-29T14:42:35.254
Finished copy 204 at 2025-05-29T14:42:39.299
Finished copy 307 at 2025-05-29T14:42:39.344
Finished copy 506 at 2025-05-29T14:42:40.077
Finished copy 408 at 2025-05-29T14:42:40.543
Finished copy 105 at 2025-05-29T14:42:43.917
Finished copy 507 at 2025-05-29T14:42:46.703
Finished copy 5 at 2025-05-29T14:42:47.680
Finished copy 409 at 2025-05-29T14:42:48.267
Finished copy 308 at 2025-05-29T14:42:52.302
Finished copy 205 at 2025-05-29T14:42:53.307
Finished copy 508 at 2025-05-29T14:42:53.635
Finished copy 410 at 2025-05-29T14:42:55.772
Finished copy 106 at 2025-05-29T14:42:56.781
Finished copy 6 at 2025-05-29T14:43:01.226
Finished copy 509 at 2025-05-29T14:43:01.366
Finished copy 411 at 2025-05-29T14:43:04.311
Finished copy 309 at 2025-05-29T14:43:05.133
Finished copy 206 at 2025-05-29T14:43:07.801
Finished copy 510 at 2025-05-29T14:43:08.772
Finished copy 107 at 2025-05-29T14:43:10.336
Finished copy 412 at 2025-05-29T14:43:11.720
Finished copy 7 at 2025-05-29T14:43:14.495
Finished copy 511 at 2025-05-29T14:43:16.160
Finished copy 310 at 2025-05-29T14:43:17.574
Finished copy 413 at 2025-05-29T14:43:19.294
Finished copy 108 at 2025-05-29T14:43:23.981
Finished copy 512 at 2025-05-29T14:43:24.016
Finished copy 207 at 2025-05-29T14:43:24.415
Finished copy 8 at 2025-05-29T14:43:26.936
Finished copy 414 at 2025-05-29T14:43:26.967
Finished copy 311 at 2025-05-29T14:43:31.111
Finished copy 513 at 2025-05-29T14:43:31.813
Finished copy 415 at 2025-05-29T14:43:34.056
Finished copy 514 at 2025-05-29T14:43:39.171
Finished copy 109 at 2025-05-29T14:43:39.393
Finished copy 208 at 2025-05-29T14:43:39.473
Finished copy 9 at 2025-05-29T14:43:40.530
Finished copy 416 at 2025-05-29T14:43:43.529
Finished copy 312 at 2025-05-29T14:43:45.013
Finished copy 515 at 2025-05-29T14:43:47.938
Finished copy 417 at 2025-05-29T14:43:50.338
Finished copy 10 at 2025-05-29T14:43:51.379
Finished copy 209 at 2025-05-29T14:43:52.926
Finished copy 110 at 2025-05-29T14:43:54.217
Finished copy 516 at 2025-05-29T14:43:55.204
Finished copy 418 at 2025-05-29T14:43:57.955
Finished copy 313 at 2025-05-29T14:43:58.614
Finished copy 517 at 2025-05-29T14:44:02.553
Finished copy 11 at 2025-05-29T14:44:03.003
Finished copy 419 at 2025-05-29T14:44:05.718
Finished copy 111 at 2025-05-29T14:44:06.868
Finished copy 518 at 2025-05-29T14:44:09.764
Finished copy 314 at 2025-05-29T14:44:11.259
Finished copy 210 at 2025-05-29T14:44:11.612
Finished copy 420 at 2025-05-29T14:44:13.650
Finished copy 12 at 2025-05-29T14:44:15.491
Finished copy 519 at 2025-05-29T14:44:17.203
Finished copy 112 at 2025-05-29T14:44:18.943
Finished copy 421 at 2025-05-29T14:44:21.380
Finished copy 315 at 2025-05-29T14:44:24.173
Finished copy 520 at 2025-05-29T14:44:24.362
Finished copy 211 at 2025-05-29T14:44:25.716
Finished copy 13 at 2025-05-29T14:44:27.685
Finished copy 422 at 2025-05-29T14:44:28.689
Finished copy 521 at 2025-05-29T14:44:31.223
Finished copy 113 at 2025-05-29T14:44:34.963
Finished copy 423 at 2025-05-29T14:44:36.048
Finished copy 316 at 2025-05-29T14:44:36.733
Finished copy 522 at 2025-05-29T14:44:39.261
Finished copy 212 at 2025-05-29T14:44:40.136
Finished copy 14 at 2025-05-29T14:44:40.849
Finished copy 424 at 2025-05-29T14:44:44.158
Finished copy 523 at 2025-05-29T14:44:46.389
Finished copy 114 at 2025-05-29T14:44:48.795
Finished copy 317 at 2025-05-29T14:44:49.663
Finished copy 425 at 2025-05-29T14:44:51.029
Finished copy 15 at 2025-05-29T14:44:53.141
Finished copy 213 at 2025-05-29T14:44:54.340
Finished copy 524 at 2025-05-29T14:44:54.411
Finished copy 426 at 2025-05-29T14:44:57.732
Finished copy 525 at 2025-05-29T14:45:02.042
Finished copy 318 at 2025-05-29T14:45:02.143
Finished copy 115 at 2025-05-29T14:45:02.671
Finished copy 16 at 2025-05-29T14:45:03.163
Finished copy 427 at 2025-05-29T14:45:04.885
Finished copy 526 at 2025-05-29T14:45:08.669
Finished copy 214 at 2025-05-29T14:45:11.693
Finished copy 428 at 2025-05-29T14:45:12.711
Finished copy 17 at 2025-05-29T14:45:13.792
Finished copy 319 at 2025-05-29T14:45:14.935
Finished copy 527 at 2025-05-29T14:45:16.525
Finished copy 116 at 2025-05-29T14:45:18.474
Finished copy 429 at 2025-05-29T14:45:20.304
Finished copy 528 at 2025-05-29T14:45:23.425
Finished copy 18 at 2025-05-29T14:45:26.318
Finished copy 215 at 2025-05-29T14:45:27.078
Finished copy 430 at 2025-05-29T14:45:27.350
Finished copy 320 at 2025-05-29T14:45:29.559
Finished copy 529 at 2025-05-29T14:45:30.383
Finished copy 117 at 2025-05-29T14:45:31.272
Finished copy 431 at 2025-05-29T14:45:35.864
Finished copy 530 at 2025-05-29T14:45:37.323
Finished copy 19 at 2025-05-29T14:45:40.655
Finished copy 216 at 2025-05-29T14:45:41.592
Finished copy 432 at 2025-05-29T14:45:42.713
Finished copy 321 at 2025-05-29T14:45:44.296
Finished copy 118 at 2025-05-29T14:45:44.789
Finished copy 531 at 2025-05-29T14:45:46.499
Finished copy 433 at 2025-05-29T14:45:50.737
Finished copy 20 at 2025-05-29T14:45:53.754
Finished copy 532 at 2025-05-29T14:45:54.966
Finished copy 322 at 2025-05-29T14:45:56.895
Finished copy 217 at 2025-05-29T14:45:57.963
Finished copy 434 at 2025-05-29T14:45:58.065
Finished copy 119 at 2025-05-29T14:45:58.340
Finished copy 533 at 2025-05-29T14:46:02.360
Finished copy 21 at 2025-05-29T14:46:05.746
Finished copy 435 at 2025-05-29T14:46:06.366
Finished copy 323 at 2025-05-29T14:46:09.794
Finished copy 120 at 2025-05-29T14:46:09.939
Finished copy 218 at 2025-05-29T14:46:13.009
Finished copy 534 at 2025-05-29T14:46:13.268
Finished copy 436 at 2025-05-29T14:46:13.690
Finished copy 22 at 2025-05-29T14:46:18.458
Finished copy 437 at 2025-05-29T14:46:20.886
Finished copy 324 at 2025-05-29T14:46:22.665
Finished copy 219 at 2025-05-29T14:46:23.565
Finished copy 121 at 2025-05-29T14:46:23.745
Finished copy 535 at 2025-05-29T14:46:25.319
Finished copy 438 at 2025-05-29T14:46:28.435
Finished copy 23 at 2025-05-29T14:46:31.749
Finished copy 220 at 2025-05-29T14:46:35.064
Finished copy 325 at 2025-05-29T14:46:35.699
Finished copy 439 at 2025-05-29T14:46:35.923
Finished copy 536 at 2025-05-29T14:46:36.865
Finished copy 122 at 2025-05-29T14:46:41.874
Finished copy 440 at 2025-05-29T14:46:43.568
Finished copy 221 at 2025-05-29T14:46:44.806
Finished copy 24 at 2025-05-29T14:46:44.883
Finished copy 326 at 2025-05-29T14:46:48.189
Finished copy 537 at 2025-05-29T14:46:50.201
Finished copy 441 at 2025-05-29T14:46:51.206
Finished copy 222 at 2025-05-29T14:46:53.572
Finished copy 442 at 2025-05-29T14:46:59.918
Finished copy 25 at 2025-05-29T14:47:00.035
Finished copy 123 at 2025-05-29T14:47:01.168
Finished copy 327 at 2025-05-29T14:47:02.260
Finished copy 538 at 2025-05-29T14:47:03.016
Finished copy 223 at 2025-05-29T14:47:03.690
Finished copy 443 at 2025-05-29T14:47:06.812
Finished copy 26 at 2025-05-29T14:47:13.852
Finished copy 444 at 2025-05-29T14:47:14.082
Finished copy 124 at 2025-05-29T14:47:14.956
Finished copy 328 at 2025-05-29T14:47:15.884
Finished copy 224 at 2025-05-29T14:47:16.099
Finished copy 539 at 2025-05-29T14:47:16.135
Finished copy 445 at 2025-05-29T14:47:21.157
Finished copy 27 at 2025-05-29T14:47:26.405
Finished copy 125 at 2025-05-29T14:47:27.922
Finished copy 329 at 2025-05-29T14:47:28.641
Finished copy 540 at 2025-05-29T14:47:29.591
Finished copy 446 at 2025-05-29T14:47:29.908
Finished copy 225 at 2025-05-29T14:47:30.218
Finished copy 28 at 2025-05-29T14:47:37.668
Finished copy 447 at 2025-05-29T14:47:38.284
Finished copy 541 at 2025-05-29T14:47:42.102
Finished copy 330 at 2025-05-29T14:47:42.162
Finished copy 126 at 2025-05-29T14:47:43.011
Finished copy 448 at 2025-05-29T14:47:46.300
Finished copy 226 at 2025-05-29T14:47:47.903
Finished copy 29 at 2025-05-29T14:47:50.213
Finished copy 449 at 2025-05-29T14:47:53.339
Finished copy 127 at 2025-05-29T14:47:54.561
Finished copy 331 at 2025-05-29T14:47:55.356
Finished copy 542 at 2025-05-29T14:47:55.624
Finished copy 450 at 2025-05-29T14:48:00.618
Finished copy 30 at 2025-05-29T14:48:02.368
Finished copy 227 at 2025-05-29T14:48:03.441
Finished copy 451 at 2025-05-29T14:48:07.487
Finished copy 128 at 2025-05-29T14:48:08.904
Finished copy 543 at 2025-05-29T14:48:09.165
Finished copy 332 at 2025-05-29T14:48:10.506
Finished copy 452 at 2025-05-29T14:48:14.173
Finished copy 31 at 2025-05-29T14:48:16.358
Finished copy 228 at 2025-05-29T14:48:17.852
Finished copy 544 at 2025-05-29T14:48:21.627
Finished copy 453 at 2025-05-29T14:48:22.841
Finished copy 129 at 2025-05-29T14:48:25.424
Finished copy 333 at 2025-05-29T14:48:26.048
Finished copy 454 at 2025-05-29T14:48:29.204
Finished copy 32 at 2025-05-29T14:48:29.751
Finished copy 229 at 2025-05-29T14:48:31.329
Finished copy 545 at 2025-05-29T14:48:34.994
Finished copy 455 at 2025-05-29T14:48:36.571
Finished copy 130 at 2025-05-29T14:48:39.351
Finished copy 334 at 2025-05-29T14:48:39.817
Finished copy 33 at 2025-05-29T14:48:40.964
Finished copy 456 at 2025-05-29T14:48:43.315
Finished copy 230 at 2025-05-29T14:48:45.037
Finished copy 546 at 2025-05-29T14:48:47.738
Finished copy 457 at 2025-05-29T14:48:51.807
Finished copy 34 at 2025-05-29T14:48:52.700
Finished copy 335 at 2025-05-29T14:48:53.570
Finished copy 131 at 2025-05-29T14:48:53.786
Finished copy 458 at 2025-05-29T14:49:00.153
Finished copy 547 at 2025-05-29T14:49:00.166
Finished copy 231 at 2025-05-29T14:49:02.164
Finished copy 35 at 2025-05-29T14:49:03.938
Finished copy 132 at 2025-05-29T14:49:05.977
Finished copy 336 at 2025-05-29T14:49:06.760
Finished copy 459 at 2025-05-29T14:49:07.474
Finished copy 548 at 2025-05-29T14:49:12.726
Finished copy 36 at 2025-05-29T14:49:14.277
Finished copy 460 at 2025-05-29T14:49:14.525
Finished copy 232 at 2025-05-29T14:49:15.771
Finished copy 337 at 2025-05-29T14:49:19.148
Finished copy 133 at 2025-05-29T14:49:20.153
Finished copy 461 at 2025-05-29T14:49:21.113
Finished copy 549 at 2025-05-29T14:49:26
Finished copy 462 at 2025-05-29T14:49:28.567
Finished copy 233 at 2025-05-29T14:49:29.848
Finished copy 37 at 2025-05-29T14:49:32.336
Finished copy 338 at 2025-05-29T14:49:32.925
Finished copy 134 at 2025-05-29T14:49:33.244
Finished copy 463 at 2025-05-29T14:49:36.769
Finished copy 550 at 2025-05-29T14:49:38.423
Finished copy 464 at 2025-05-29T14:49:44.379
Finished copy 339 at 2025-05-29T14:49:44.829
Finished copy 135 at 2025-05-29T14:49:44.869
Finished copy 38 at 2025-05-29T14:49:44.875
Finished copy 234 at 2025-05-29T14:49:46.888
Finished copy 551 at 2025-05-29T14:49:50.125
Finished copy 465 at 2025-05-29T14:49:51.536
Finished copy 136 at 2025-05-29T14:49:55.959
Finished copy 39 at 2025-05-29T14:49:57.031
Finished copy 340 at 2025-05-29T14:49:57.442
Finished copy 466 at 2025-05-29T14:49:58.194
Finished copy 235 at 2025-05-29T14:50:01.909
Finished copy 137 at 2025-05-29T14:50:06.881
Finished copy 552 at 2025-05-29T14:50:07.374
Finished copy 467 at 2025-05-29T14:50:08.208
Finished copy 341 at 2025-05-29T14:50:11.140
Finished copy 40 at 2025-05-29T14:50:11.658
Finished copy 236 at 2025-05-29T14:50:14.501
Finished copy 468 at 2025-05-29T14:50:15.818
Finished copy 138 at 2025-05-29T14:50:20.229
Finished copy 553 at 2025-05-29T14:50:20.725
Finished copy 469 at 2025-05-29T14:50:22.958
Finished copy 342 at 2025-05-29T14:50:23.988
Finished copy 41 at 2025-05-29T14:50:25.730
Finished copy 139 at 2025-05-29T14:50:30.630
Finished copy 470 at 2025-05-29T14:50:30.685
Finished copy 237 at 2025-05-29T14:50:32.082
Finished copy 554 at 2025-05-29T14:50:34.442
Finished copy 471 at 2025-05-29T14:50:38.007
Finished copy 42 at 2025-05-29T14:50:38.048
Finished copy 343 at 2025-05-29T14:50:38.592
Finished copy 140 at 2025-05-29T14:50:43.922
Finished copy 472 at 2025-05-29T14:50:46.099
Finished copy 555 at 2025-05-29T14:50:47.249
Finished copy 238 at 2025-05-29T14:50:48.009
Finished copy 43 at 2025-05-29T14:50:49.504
Finished copy 344 at 2025-05-29T14:50:51.469
Finished copy 473 at 2025-05-29T14:50:53.139
Finished copy 141 at 2025-05-29T14:50:57.097
Finished copy 556 at 2025-05-29T14:50:59.866
Finished copy 44 at 2025-05-29T14:50:59.903
Finished copy 474 at 2025-05-29T14:51:00.809
Finished copy 239 at 2025-05-29T14:51:03.092
Finished copy 345 at 2025-05-29T14:51:05.538
Finished copy 475 at 2025-05-29T14:51:08.154
Finished copy 557 at 2025-05-29T14:51:12.131
Finished copy 142 at 2025-05-29T14:51:12.567
Finished copy 45 at 2025-05-29T14:51:12.647
Finished copy 476 at 2025-05-29T14:51:16.197
Finished copy 240 at 2025-05-29T14:51:17.933
Finished copy 346 at 2025-05-29T14:51:19.122
Finished copy 477 at 2025-05-29T14:51:22.745
Finished copy 46 at 2025-05-29T14:51:23.319
Finished copy 558 at 2025-05-29T14:51:26.728
Finished copy 143 at 2025-05-29T14:51:27.679
Finished copy 478 at 2025-05-29T14:51:29.697
Finished copy 347 at 2025-05-29T14:51:31.933
Finished copy 241 at 2025-05-29T14:51:32.221
Finished copy 47 at 2025-05-29T14:51:35.607
Finished copy 479 at 2025-05-29T14:51:36.407
Finished copy 559 at 2025-05-29T14:51:38.896
Finished copy 144 at 2025-05-29T14:51:40.210
Finished copy 480 at 2025-05-29T14:51:43.204
Finished copy 348 at 2025-05-29T14:51:44.231
Finished copy 242 at 2025-05-29T14:51:45.631
Finished copy 48 at 2025-05-29T14:51:46.241
Finished copy 481 at 2025-05-29T14:51:51.106
Finished copy 145 at 2025-05-29T14:51:53.604
Finished copy 560 at 2025-05-29T14:51:55.362
Finished copy 349 at 2025-05-29T14:51:57.775
Finished copy 482 at 2025-05-29T14:51:58.827
Finished copy 49 at 2025-05-29T14:52:01.128
Finished copy 243 at 2025-05-29T14:52:02.218
Finished copy 483 at 2025-05-29T14:52:06.371
Finished copy 146 at 2025-05-29T14:52:07.440
Finished copy 561 at 2025-05-29T14:52:07.885
Finished copy 350 at 2025-05-29T14:52:13.151
Finished copy 484 at 2025-05-29T14:52:13.306
Finished copy 50 at 2025-05-29T14:52:14.847
Finished copy 244 at 2025-05-29T14:52:15.218
Finished copy 485 at 2025-05-29T14:52:20.110
Finished copy 562 at 2025-05-29T14:52:20.953
Finished copy 147 at 2025-05-29T14:52:22.754
Finished copy 51 at 2025-05-29T14:52:26.227
Finished copy 351 at 2025-05-29T14:52:26.296
Finished copy 486 at 2025-05-29T14:52:27.499
Finished copy 245 at 2025-05-29T14:52:30.917
Finished copy 563 at 2025-05-29T14:52:32.778
Finished copy 148 at 2025-05-29T14:52:33.744
Finished copy 487 at 2025-05-29T14:52:34.178
Finished copy 52 at 2025-05-29T14:52:39.013
Finished copy 352 at 2025-05-29T14:52:39.014
Finished copy 488 at 2025-05-29T14:52:41.984
Finished copy 564 at 2025-05-29T14:52:44.425
Finished copy 149 at 2025-05-29T14:52:45.620
Finished copy 246 at 2025-05-29T14:52:46.501
Finished copy 489 at 2025-05-29T14:52:49.151
Finished copy 53 at 2025-05-29T14:52:51.206
Finished copy 353 at 2025-05-29T14:52:52.328
Finished copy 490 at 2025-05-29T14:52:56.675
Finished copy 565 at 2025-05-29T14:52:57.578
Finished copy 150 at 2025-05-29T14:52:58.452
Finished copy 247 at 2025-05-29T14:53:01.922
Finished copy 54 at 2025-05-29T14:53:02.898
Finished copy 491 at 2025-05-29T14:53:04.812
Finished copy 354 at 2025-05-29T14:53:05.499
Finished copy 566 at 2025-05-29T14:53:10.053
Finished copy 151 at 2025-05-29T14:53:10.381
Finished copy 492 at 2025-05-29T14:53:11.749
Finished copy 55 at 2025-05-29T14:53:15.751
Finished copy 355 at 2025-05-29T14:53:17.734
Finished copy 248 at 2025-05-29T14:53:17.983
Finished copy 493 at 2025-05-29T14:53:19.028
Finished copy 152 at 2025-05-29T14:53:23.625
Finished copy 567 at 2025-05-29T14:53:23.764
Finished copy 494 at 2025-05-29T14:53:26.281
Finished copy 56 at 2025-05-29T14:53:27.202
Finished copy 356 at 2025-05-29T14:53:30.384
Finished copy 249 at 2025-05-29T14:53:33.356
Finished copy 495 at 2025-05-29T14:53:33.428
Finished copy 568 at 2025-05-29T14:53:35.935
Finished copy 153 at 2025-05-29T14:53:37.302
Finished copy 57 at 2025-05-29T14:53:39.432
Finished copy 496 at 2025-05-29T14:53:40.875
Finished copy 357 at 2025-05-29T14:53:46.247
Finished copy 250 at 2025-05-29T14:53:47.723
Finished copy 497 at 2025-05-29T14:53:48.560
Finished copy 569 at 2025-05-29T14:53:49.740
Finished copy 58 at 2025-05-29T14:53:49.963
Finished copy 154 at 2025-05-29T14:53:51.157
Finished copy 498 at 2025-05-29T14:53:55.686
Finished copy 358 at 2025-05-29T14:54:00.159
Finished copy 59 at 2025-05-29T14:54:01.732
Finished copy 251 at 2025-05-29T14:54:03.046
Finished copy 499 at 2025-05-29T14:54:03.154
Finished copy 570 at 2025-05-29T14:54:04.351
Finished copy 155 at 2025-05-29T14:54:05.002
Finished copy 500 at 2025-05-29T14:54:10.992
Finished copy 60 at 2025-05-29T14:54:12.615
Finished copy 359 at 2025-05-29T14:54:13.489
Finished copy 571 at 2025-05-29T14:54:15.614
Finished copy 252 at 2025-05-29T14:54:17.691
Finished copy 156 at 2025-05-29T14:54:18.230
Finished copy 61 at 2025-05-29T14:54:19.535
Finished copy 360 at 2025-05-29T14:54:24.345
Finished copy 572 at 2025-05-29T14:54:26.793
Finished copy 62 at 2025-05-29T14:54:27.404
Finished copy 157 at 2025-05-29T14:54:30.294
Finished copy 253 at 2025-05-29T14:54:33.329
Finished copy 63 at 2025-05-29T14:54:34.441
Finished copy 573 at 2025-05-29T14:54:38.083
Finished copy 361 at 2025-05-29T14:54:38.326
Finished copy 64 at 2025-05-29T14:54:40.818
Finished copy 158 at 2025-05-29T14:54:41.702
Finished copy 254 at 2025-05-29T14:54:46.852
Finished copy 65 at 2025-05-29T14:54:47.837
Finished copy 574 at 2025-05-29T14:54:49.688
Finished copy 362 at 2025-05-29T14:54:51.548
Finished copy 159 at 2025-05-29T14:54:51.794
Finished copy 66 at 2025-05-29T14:54:54.820
Finished copy 255 at 2025-05-29T14:55:00.842
Finished copy 160 at 2025-05-29T14:55:01.377
Finished copy 575 at 2025-05-29T14:55:01.580
Finished copy 67 at 2025-05-29T14:55:02.029
Finished copy 363 at 2025-05-29T14:55:04.670
Finished copy 68 at 2025-05-29T14:55:09.482
Finished copy 161 at 2025-05-29T14:55:11.373
Finished copy 576 at 2025-05-29T14:55:13.792
Finished copy 256 at 2025-05-29T14:55:15.984
Finished copy 69 at 2025-05-29T14:55:16.427
Finished copy 364 at 2025-05-29T14:55:18.798
Finished copy 70 at 2025-05-29T14:55:23.770
Finished copy 577 at 2025-05-29T14:55:24.230
Finished copy 162 at 2025-05-29T14:55:26.049
Finished copy 365 at 2025-05-29T14:55:30.478
Finished copy 71 at 2025-05-29T14:55:30.651
Finished copy 257 at 2025-05-29T14:55:30.928
Finished copy 578 at 2025-05-29T14:55:36.914
Finished copy 72 at 2025-05-29T14:55:37.202
Finished copy 163 at 2025-05-29T14:55:39.273
Finished copy 366 at 2025-05-29T14:55:42.175
Finished copy 73 at 2025-05-29T14:55:43.823
Finished copy 258 at 2025-05-29T14:55:48.242
Finished copy 579 at 2025-05-29T14:55:48.599
Finished copy 164 at 2025-05-29T14:55:50.764
Finished copy 74 at 2025-05-29T14:55:51.255
Finished copy 367 at 2025-05-29T14:55:52.856
Finished copy 75 at 2025-05-29T14:55:58.187
Finished copy 580 at 2025-05-29T14:55:59.315
Finished copy 259 at 2025-05-29T14:56:03.326
Finished copy 368 at 2025-05-29T14:56:03.612
Finished copy 165 at 2025-05-29T14:56:04.421
Finished copy 76 at 2025-05-29T14:56:06.037
Finished copy 581 at 2025-05-29T14:56:12.409
Finished copy 77 at 2025-05-29T14:56:12.857
Finished copy 166 at 2025-05-29T14:56:15.001
Finished copy 369 at 2025-05-29T14:56:15.515
Finished copy 260 at 2025-05-29T14:56:17.653
Finished copy 78 at 2025-05-29T14:56:20.448
Finished copy 370 at 2025-05-29T14:56:24.055
Finished copy 167 at 2025-05-29T14:56:25.332
Finished copy 582 at 2025-05-29T14:56:25.429
Finished copy 79 at 2025-05-29T14:56:27.105
Finished copy 80 at 2025-05-29T14:56:34.188
Finished copy 261 at 2025-05-29T14:56:35.136
Finished copy 168 at 2025-05-29T14:56:35.359
Finished copy 371 at 2025-05-29T14:56:36.442
Finished copy 583 at 2025-05-29T14:56:37.229
Finished copy 81 at 2025-05-29T14:56:41.579
Finished copy 372 at 2025-05-29T14:56:47.372
Finished copy 169 at 2025-05-29T14:56:48.230
Finished copy 82 at 2025-05-29T14:56:48.274
Finished copy 584 at 2025-05-29T14:56:49.017
Finished copy 262 at 2025-05-29T14:56:49.537
Finished copy 83 at 2025-05-29T14:56:55.187
Finished copy 373 at 2025-05-29T14:56:59.793
Finished copy 585 at 2025-05-29T14:57:00.815
Finished copy 170 at 2025-05-29T14:57:01.993
Finished copy 84 at 2025-05-29T14:57:02.205
Finished copy 263 at 2025-05-29T14:57:04.804
Finished copy 85 at 2025-05-29T14:57:08.558
Finished copy 374 at 2025-05-29T14:57:10.650
Finished copy 586 at 2025-05-29T14:57:11.995
Finished copy 171 at 2025-05-29T14:57:15.104
Finished copy 86 at 2025-05-29T14:57:16.120
Finished copy 264 at 2025-05-29T14:57:19.244
Finished copy 587 at 2025-05-29T14:57:19.748
Finished copy 375 at 2025-05-29T14:57:23.326
Finished copy 87 at 2025-05-29T14:57:23.479
Finished copy 588 at 2025-05-29T14:57:26.923
Finished copy 172 at 2025-05-29T14:57:28.344
Finished copy 88 at 2025-05-29T14:57:30.451
Finished copy 589 at 2025-05-29T14:57:34.068
Finished copy 265 at 2025-05-29T14:57:34.495
Finished copy 376 at 2025-05-29T14:57:35.475
Finished copy 89 at 2025-05-29T14:57:38.447
Finished copy 590 at 2025-05-29T14:57:41.070
Finished copy 173 at 2025-05-29T14:57:43.100
Finished copy 90 at 2025-05-29T14:57:46.469
Finished copy 591 at 2025-05-29T14:57:48.166
Finished copy 377 at 2025-05-29T14:57:48.645
Finished copy 266 at 2025-05-29T14:57:50.399
Finished copy 91 at 2025-05-29T14:57:53.465
Finished copy 592 at 2025-05-29T14:57:55.294
Finished copy 174 at 2025-05-29T14:57:56.201
Finished copy 92 at 2025-05-29T14:58:00.728
Finished copy 378 at 2025-05-29T14:58:01.959
Finished copy 593 at 2025-05-29T14:58:02.634
Finished copy 267 at 2025-05-29T14:58:06.863
Finished copy 93 at 2025-05-29T14:58:07.922
Finished copy 594 at 2025-05-29T14:58:08.976
Finished copy 175 at 2025-05-29T14:58:09.623
Finished copy 379 at 2025-05-29T14:58:14.831
Finished copy 94 at 2025-05-29T14:58:15.400
Finished copy 595 at 2025-05-29T14:58:16.039
Finished copy 95 at 2025-05-29T14:58:22.936
Finished copy 268 at 2025-05-29T14:58:23.118
Finished copy 596 at 2025-05-29T14:58:23.565
Finished copy 176 at 2025-05-29T14:58:25.036
Finished copy 96 at 2025-05-29T14:58:30.152
Finished copy 597 at 2025-05-29T14:58:30.287
Finished copy 380 at 2025-05-29T14:58:31.727
Finished copy 598 at 2025-05-29T14:58:36.475
Finished copy 177 at 2025-05-29T14:58:38.049
Finished copy 97 at 2025-05-29T14:58:41.729
Finished copy 269 at 2025-05-29T14:58:41.774
Finished copy 599 at 2025-05-29T14:58:43.095
Finished copy 381 at 2025-05-29T14:58:44.610
Finished copy 600 at 2025-05-29T14:58:51.003
Finished copy 178 at 2025-05-29T14:58:51.320
Finished copy 98 at 2025-05-29T14:58:51.654
Finished copy 270 at 2025-05-29T14:58:54.661
Finished copy 382 at 2025-05-29T14:58:56.614
Finished copy 99 at 2025-05-29T14:58:58.499
Finished copy 271 at 2025-05-29T14:59:05.009
Finished copy 100 at 2025-05-29T14:59:05.804
Finished copy 179 at 2025-05-29T14:59:05.946
Finished copy 383 at 2025-05-29T14:59:07.412
Finished copy 272 at 2025-05-29T14:59:12.595
Finished copy 384 at 2025-05-29T14:59:14.862
Finished copy 180 at 2025-05-29T14:59:16.860
Finished copy 273 at 2025-05-29T14:59:21.100
Finished copy 385 at 2025-05-29T14:59:21.726
Finished copy 386 at 2025-05-29T14:59:27.735
Finished copy 274 at 2025-05-29T14:59:28.666
Finished copy 181 at 2025-05-29T14:59:29.444
Finished copy 387 at 2025-05-29T14:59:33.963
Finished copy 275 at 2025-05-29T14:59:36.073
Finished copy 388 at 2025-05-29T14:59:40.030
Finished copy 182 at 2025-05-29T14:59:42.371
Finished copy 276 at 2025-05-29T14:59:43.198
Finished copy 389 at 2025-05-29T14:59:46.109
Finished copy 277 at 2025-05-29T14:59:51.094
Finished copy 390 at 2025-05-29T14:59:52.414
Finished copy 183 at 2025-05-29T14:59:54.718
Finished copy 278 at 2025-05-29T14:59:58.292
Finished copy 391 at 2025-05-29T14:59:59.006
Finished copy 392 at 2025-05-29T15:00:05.187
Finished copy 279 at 2025-05-29T15:00:05.394
Finished copy 184 at 2025-05-29T15:00:07.790
Finished copy 393 at 2025-05-29T15:00:12.144
Finished copy 280 at 2025-05-29T15:00:13.529
Finished copy 394 at 2025-05-29T15:00:19.770
Finished copy 281 at 2025-05-29T15:00:21.066
Finished copy 185 at 2025-05-29T15:00:23.972
Finished copy 395 at 2025-05-29T15:00:26.251
Finished copy 282 at 2025-05-29T15:00:28.436
Finished copy 396 at 2025-05-29T15:00:33.102
Finished copy 283 at 2025-05-29T15:00:35.268
Finished copy 186 at 2025-05-29T15:00:35.942
Finished copy 397 at 2025-05-29T15:00:38.936
Finished copy 284 at 2025-05-29T15:00:43.041
Finished copy 398 at 2025-05-29T15:00:45.018
Finished copy 285 at 2025-05-29T15:00:50.253
Finished copy 187 at 2025-05-29T15:00:50.601
Finished copy 399 at 2025-05-29T15:00:51.549
Finished copy 286 at 2025-05-29T15:00:57.858
Finished copy 400 at 2025-05-29T15:00:57.978
Finished copy 188 at 2025-05-29T15:00:58.305
Finished copy 189 at 2025-05-29T15:01:04.526
Finished copy 287 at 2025-05-29T15:01:05.149
Finished copy 190 at 2025-05-29T15:01:10.263
Finished copy 288 at 2025-05-29T15:01:12.535
Finished copy 191 at 2025-05-29T15:01:16.765
Finished copy 289 at 2025-05-29T15:01:19.728
Finished copy 192 at 2025-05-29T15:01:23.286
Finished copy 290 at 2025-05-29T15:01:26.067
Finished copy 193 at 2025-05-29T15:01:29.214
Finished copy 291 at 2025-05-29T15:01:32.482
Finished copy 194 at 2025-05-29T15:01:35.426
Finished copy 292 at 2025-05-29T15:01:39.068
Finished copy 195 at 2025-05-29T15:01:41.602
Finished copy 293 at 2025-05-29T15:01:45.375
Finished copy 196 at 2025-05-29T15:01:47.979
Finished copy 294 at 2025-05-29T15:01:52.431
Finished copy 197 at 2025-05-29T15:01:54.846
Finished copy 295 at 2025-05-29T15:02:00.494
Finished copy 198 at 2025-05-29T15:02:01.218
Finished copy 296 at 2025-05-29T15:02:06.615
Finished copy 199 at 2025-05-29T15:02:08.504
Finished copy 200 at 2025-05-29T15:02:15.152
Finished copy 297 at 2025-05-29T15:02:15.955
Finished copy 298 at 2025-05-29T15:02:21.909
Finished copy 299 at 2025-05-29T15:02:27.866
Finished copy 300 at 2025-05-29T15:02:33.745
