Starting saddles simulation at 2025-05-29T11:22:39.627
Lattice size: 20
Beta values: [0.1, 0.10279944599549397, 0.10567726096980483, 0.10863563882017176, 0.11167683486080235, 0.11480316754220751, 0.1180170202186681, 0.1213208429651809, 0.12471715444526921, 0.12820854383108135, 0.1317976727772417, 0.13548727744995842, 0.13928017061293513, 0.14317924377167612, 0.14718746937782085, 0.15130790309518719, 0.15554368612925135, 0.15989804762184037, 0.16437430711286308, 0.16897587707095507, 0.17370626549496876, 0.1785690785882898, 0.18356802350802015, 0.1887069111911229, 0.19398965925968314, 0.19942029500750083, 0.20500295847029057, 0.21074190558183128, 0.21664151141846955, 0.22270627353445155, 0.22894081539062563, 0.23534988987912978, 0.2419383829467506, 0.24871131731971624, 0.25567385633276335, 0.26283130786539594, 0.2701891283883382, 0.27775292712326566, 0.2855284703189852, 0.2935216856473252, 0.3017386667220857, 0.3101856777444941, 0.3188691582787082, 0.3277957281610069, 0.3369721925464105, 0.3464055470965792, 0.3561029833129435, 0.36607189401913226, 0.3763198789968798, 0.3868547507797058, 0.39768454060878644, 0.4088175045555577, 0.4202621298157168, 0.4320271411794205, 0.4441215076826148, 0.4565544494445634, 0.46933544469678873, 0.48247423700878694, 0.49598084271601944, 0.5098655585558504, 0.5241389695172453, 0.5388119569102191, 0.553895706661185, 0.5694017178405246, 0.5853418114288852, 0.601728139328883, 0.6185731936290858, 0.6358898161273345, 0.6536912081206652, 0.6719909404692954, 0.6908029639423454, 0.710141619853183, 0.730021650992499, 0.7504582128674476, 0.7714668852554213, 0.7930636840812662, 0.815265073626996, 0.8380879790833082, 0.8615497994524721, 0.885668420812431, 0.9104622299522194, 0.9359501283891019, 0.9621515467781114, 0.9890864597249744, 1.0167754010137187, 1.045239479260565, 1.0745003940060471, 1.1045804522576164, 1.1355025854953513, 1.1672903671537318, 1.1999680305928035, 1.2335604875724422, 1.2680933472437848, 1.3035929356723266, 1.3400863159075478, 1.3776013086143843, 1.4161665132822627, 1.4558113300278694, 1.4965659820082826, 1.5384615384615383]
Copies: 600
Move type: l chain flip
----------------------------------
Finished copy 101 at 2025-05-29T11:22:41.574
Finished copy 301 at 2025-05-29T11:22:41.600
Finished copy 1 at 2025-05-29T11:22:41.853
Finished copy 201 at 2025-05-29T11:22:41.916
Finished copy 401 at 2025-05-29T11:22:43.109
Finished copy 501 at 2025-05-29T11:22:43.208
Finished copy 302 at 2025-05-29T11:22:43.821
Finished copy 102 at 2025-05-29T11:22:44.043
Finished copy 202 at 2025-05-29T11:22:44.173
Finished copy 2 at 2025-05-29T11:22:44.366
Finished copy 303 at 2025-05-29T11:22:46.070
Finished copy 203 at 2025-05-29T11:22:46.168
Finished copy 103 at 2025-05-29T11:22:46.569
Finished copy 3 at 2025-05-29T11:22:46.836
Finished copy 502 at 2025-05-29T11:22:46.973
Finished copy 402 at 2025-05-29T11:22:47.024
Finished copy 304 at 2025-05-29T11:22:48.276
Finished copy 204 at 2025-05-29T11:22:48.353
Finished copy 104 at 2025-05-29T11:22:48.699
Finished copy 4 at 2025-05-29T11:22:49.020
Finished copy 205 at 2025-05-29T11:22:50.395
Finished copy 305 at 2025-05-29T11:22:50.460
Finished copy 403 at 2025-05-29T11:22:50.657
Finished copy 105 at 2025-05-29T11:22:50.684
Finished copy 503 at 2025-05-29T11:22:50.809
Finished copy 5 at 2025-05-29T11:22:51.199
Finished copy 206 at 2025-05-29T11:22:52.314
Finished copy 306 at 2025-05-29T11:22:52.535
Finished copy 106 at 2025-05-29T11:22:52.898
Finished copy 6 at 2025-05-29T11:22:53.528
Finished copy 207 at 2025-05-29T11:22:54.231
Finished copy 307 at 2025-05-29T11:22:54.553
Finished copy 404 at 2025-05-29T11:22:54.554
Finished copy 504 at 2025-05-29T11:22:54.686
Finished copy 107 at 2025-05-29T11:22:54.936
Finished copy 7 at 2025-05-29T11:22:55.961
Finished copy 208 at 2025-05-29T11:22:56.178
Finished copy 308 at 2025-05-29T11:22:56.788
Finished copy 108 at 2025-05-29T11:22:57.227
Finished copy 505 at 2025-05-29T11:22:58.131
Finished copy 8 at 2025-05-29T11:22:58.251
Finished copy 405 at 2025-05-29T11:22:58.352
Finished copy 209 at 2025-05-29T11:22:58.417
Finished copy 309 at 2025-05-29T11:22:58.954
Finished copy 109 at 2025-05-29T11:22:59.233
Finished copy 9 at 2025-05-29T11:23:00.464
Finished copy 210 at 2025-05-29T11:23:00.944
Finished copy 310 at 2025-05-29T11:23:01.065
Finished copy 506 at 2025-05-29T11:23:01.447
Finished copy 110 at 2025-05-29T11:23:01.569
Finished copy 406 at 2025-05-29T11:23:02.153
Finished copy 10 at 2025-05-29T11:23:02.697
Finished copy 211 at 2025-05-29T11:23:02.881
Finished copy 311 at 2025-05-29T11:23:03.196
Finished copy 111 at 2025-05-29T11:23:03.524
Finished copy 212 at 2025-05-29T11:23:05.056
Finished copy 11 at 2025-05-29T11:23:05.240
Finished copy 507 at 2025-05-29T11:23:05.380
Finished copy 312 at 2025-05-29T11:23:05.464
Finished copy 407 at 2025-05-29T11:23:05.567
Finished copy 112 at 2025-05-29T11:23:05.600
Finished copy 213 at 2025-05-29T11:23:07.066
Finished copy 313 at 2025-05-29T11:23:07.249
Finished copy 12 at 2025-05-29T11:23:07.472
Finished copy 113 at 2025-05-29T11:23:08.012
Finished copy 214 at 2025-05-29T11:23:09.124
Finished copy 408 at 2025-05-29T11:23:09.135
Finished copy 508 at 2025-05-29T11:23:09.256
Finished copy 314 at 2025-05-29T11:23:09.295
Finished copy 13 at 2025-05-29T11:23:10.045
Finished copy 114 at 2025-05-29T11:23:10.188
Finished copy 315 at 2025-05-29T11:23:11.594
Finished copy 509 at 2025-05-29T11:23:11.624
Finished copy 215 at 2025-05-29T11:23:11.655
Finished copy 409 at 2025-05-29T11:23:12.530
Finished copy 115 at 2025-05-29T11:23:12.667
Finished copy 14 at 2025-05-29T11:23:13.006
Finished copy 216 at 2025-05-29T11:23:13.727
Finished copy 316 at 2025-05-29T11:23:13.729
Finished copy 510 at 2025-05-29T11:23:13.936
Finished copy 116 at 2025-05-29T11:23:14.939
Finished copy 15 at 2025-05-29T11:23:15.471
Finished copy 317 at 2025-05-29T11:23:15.821
Finished copy 410 at 2025-05-29T11:23:16.065
Finished copy 217 at 2025-05-29T11:23:16.228
Finished copy 511 at 2025-05-29T11:23:16.335
Finished copy 117 at 2025-05-29T11:23:17.134
Finished copy 318 at 2025-05-29T11:23:18.210
Finished copy 16 at 2025-05-29T11:23:18.215
Finished copy 218 at 2025-05-29T11:23:18.378
Finished copy 512 at 2025-05-29T11:23:18.576
Finished copy 411 at 2025-05-29T11:23:19.092
Finished copy 118 at 2025-05-29T11:23:19.538
Finished copy 319 at 2025-05-29T11:23:20.358
Finished copy 219 at 2025-05-29T11:23:20.585
Finished copy 513 at 2025-05-29T11:23:20.813
Finished copy 17 at 2025-05-29T11:23:21.204
Finished copy 119 at 2025-05-29T11:23:21.702
Finished copy 320 at 2025-05-29T11:23:22.330
Finished copy 412 at 2025-05-29T11:23:22.719
Finished copy 220 at 2025-05-29T11:23:22.765
Finished copy 514 at 2025-05-29T11:23:23.237
Finished copy 18 at 2025-05-29T11:23:23.662
Finished copy 120 at 2025-05-29T11:23:23.746
Finished copy 321 at 2025-05-29T11:23:24.742
Finished copy 221 at 2025-05-29T11:23:25.203
Finished copy 515 at 2025-05-29T11:23:25.383
Finished copy 413 at 2025-05-29T11:23:25.821
Finished copy 121 at 2025-05-29T11:23:26.118
Finished copy 19 at 2025-05-29T11:23:26.252
Finished copy 322 at 2025-05-29T11:23:26.970
Finished copy 222 at 2025-05-29T11:23:27.390
Finished copy 516 at 2025-05-29T11:23:28.002
Finished copy 122 at 2025-05-29T11:23:28.841
Finished copy 20 at 2025-05-29T11:23:29.012
Finished copy 414 at 2025-05-29T11:23:29.058
Finished copy 323 at 2025-05-29T11:23:29.145
Finished copy 223 at 2025-05-29T11:23:29.913
Finished copy 517 at 2025-05-29T11:23:30.276
Finished copy 324 at 2025-05-29T11:23:30.915
Finished copy 123 at 2025-05-29T11:23:31.316
Finished copy 21 at 2025-05-29T11:23:31.756
Finished copy 224 at 2025-05-29T11:23:31.845
Finished copy 415 at 2025-05-29T11:23:32.092
Finished copy 518 at 2025-05-29T11:23:32.664
Finished copy 325 at 2025-05-29T11:23:32.868
Finished copy 124 at 2025-05-29T11:23:33.580
Finished copy 225 at 2025-05-29T11:23:33.938
Finished copy 22 at 2025-05-29T11:23:34.521
Finished copy 519 at 2025-05-29T11:23:34.740
Finished copy 326 at 2025-05-29T11:23:35.102
Finished copy 125 at 2025-05-29T11:23:35.907
Finished copy 226 at 2025-05-29T11:23:36
Finished copy 416 at 2025-05-29T11:23:36.263
Finished copy 520 at 2025-05-29T11:23:36.856
Finished copy 23 at 2025-05-29T11:23:36.979
Finished copy 327 at 2025-05-29T11:23:37.474
Finished copy 227 at 2025-05-29T11:23:38.075
Finished copy 126 at 2025-05-29T11:23:38.195
Finished copy 521 at 2025-05-29T11:23:39.055
Finished copy 328 at 2025-05-29T11:23:39.661
Finished copy 24 at 2025-05-29T11:23:39.695
Finished copy 417 at 2025-05-29T11:23:39.960
Finished copy 228 at 2025-05-29T11:23:40.110
Finished copy 127 at 2025-05-29T11:23:40.459
Finished copy 522 at 2025-05-29T11:23:41.349
Finished copy 329 at 2025-05-29T11:23:41.725
Finished copy 229 at 2025-05-29T11:23:42.146
Finished copy 25 at 2025-05-29T11:23:42.634
Finished copy 128 at 2025-05-29T11:23:42.744
Finished copy 523 at 2025-05-29T11:23:43.319
Finished copy 418 at 2025-05-29T11:23:43.835
Finished copy 330 at 2025-05-29T11:23:44.026
Finished copy 230 at 2025-05-29T11:23:44.708
Finished copy 129 at 2025-05-29T11:23:44.967
Finished copy 26 at 2025-05-29T11:23:45.003
Finished copy 524 at 2025-05-29T11:23:45.579
Finished copy 331 at 2025-05-29T11:23:46.186
Finished copy 231 at 2025-05-29T11:23:46.965
Finished copy 130 at 2025-05-29T11:23:47.152
Finished copy 419 at 2025-05-29T11:23:47.548
Finished copy 525 at 2025-05-29T11:23:47.897
Finished copy 27 at 2025-05-29T11:23:47.938
Finished copy 332 at 2025-05-29T11:23:48.366
Finished copy 232 at 2025-05-29T11:23:49.120
Finished copy 131 at 2025-05-29T11:23:49.457
Finished copy 526 at 2025-05-29T11:23:50.126
Finished copy 333 at 2025-05-29T11:23:50.578
Finished copy 28 at 2025-05-29T11:23:50.781
Finished copy 233 at 2025-05-29T11:23:51.318
Finished copy 420 at 2025-05-29T11:23:51.643
Finished copy 132 at 2025-05-29T11:23:51.798
Finished copy 527 at 2025-05-29T11:23:52.448
Finished copy 334 at 2025-05-29T11:23:52.669
Finished copy 234 at 2025-05-29T11:23:53.531
Finished copy 29 at 2025-05-29T11:23:53.901
Finished copy 133 at 2025-05-29T11:23:54.210
Finished copy 528 at 2025-05-29T11:23:54.804
Finished copy 335 at 2025-05-29T11:23:54.866
Finished copy 421 at 2025-05-29T11:23:55.242
Finished copy 235 at 2025-05-29T11:23:55.463
Finished copy 30 at 2025-05-29T11:23:56.502
Finished copy 134 at 2025-05-29T11:23:56.545
Finished copy 336 at 2025-05-29T11:23:56.928
Finished copy 529 at 2025-05-29T11:23:57.103
Finished copy 236 at 2025-05-29T11:23:57.706
Finished copy 135 at 2025-05-29T11:23:58.828
Finished copy 422 at 2025-05-29T11:23:58.904
Finished copy 337 at 2025-05-29T11:23:59.018
Finished copy 31 at 2025-05-29T11:23:59.273
Finished copy 530 at 2025-05-29T11:23:59.452
Finished copy 237 at 2025-05-29T11:23:59.982
Finished copy 338 at 2025-05-29T11:24:01.357
Finished copy 136 at 2025-05-29T11:24:01.464
Finished copy 531 at 2025-05-29T11:24:01.682
Finished copy 32 at 2025-05-29T11:24:01.782
Finished copy 238 at 2025-05-29T11:24:02.235
Finished copy 423 at 2025-05-29T11:24:02.645
Finished copy 339 at 2025-05-29T11:24:03.511
Finished copy 137 at 2025-05-29T11:24:03.662
Finished copy 532 at 2025-05-29T11:24:04.345
Finished copy 239 at 2025-05-29T11:24:04.401
Finished copy 33 at 2025-05-29T11:24:04.461
Finished copy 340 at 2025-05-29T11:24:05.421
Finished copy 138 at 2025-05-29T11:24:06.129
Finished copy 424 at 2025-05-29T11:24:06.348
Finished copy 240 at 2025-05-29T11:24:06.442
Finished copy 533 at 2025-05-29T11:24:06.739
Finished copy 34 at 2025-05-29T11:24:07.370
Finished copy 341 at 2025-05-29T11:24:07.563
Finished copy 139 at 2025-05-29T11:24:08.485
Finished copy 241 at 2025-05-29T11:24:08.670
Finished copy 534 at 2025-05-29T11:24:09.009
Finished copy 342 at 2025-05-29T11:24:09.605
Finished copy 35 at 2025-05-29T11:24:09.795
Finished copy 425 at 2025-05-29T11:24:10.087
Finished copy 242 at 2025-05-29T11:24:10.850
Finished copy 140 at 2025-05-29T11:24:11.007
Finished copy 535 at 2025-05-29T11:24:11.246
Finished copy 343 at 2025-05-29T11:24:11.637
Finished copy 36 at 2025-05-29T11:24:12.668
Finished copy 426 at 2025-05-29T11:24:13.161
Finished copy 141 at 2025-05-29T11:24:13.322
Finished copy 243 at 2025-05-29T11:24:13.349
Finished copy 536 at 2025-05-29T11:24:13.753
Finished copy 344 at 2025-05-29T11:24:13.879
Finished copy 37 at 2025-05-29T11:24:15.454
Finished copy 244 at 2025-05-29T11:24:15.550
Finished copy 142 at 2025-05-29T11:24:15.757
Finished copy 427 at 2025-05-29T11:24:15.968
Finished copy 537 at 2025-05-29T11:24:16.094
Finished copy 345 at 2025-05-29T11:24:16.160
Finished copy 245 at 2025-05-29T11:24:17.782
Finished copy 143 at 2025-05-29T11:24:18.011
Finished copy 38 at 2025-05-29T11:24:18.136
Finished copy 346 at 2025-05-29T11:24:18.265
Finished copy 538 at 2025-05-29T11:24:18.582
Finished copy 428 at 2025-05-29T11:24:19.759
Finished copy 246 at 2025-05-29T11:24:19.851
Finished copy 144 at 2025-05-29T11:24:20.274
Finished copy 347 at 2025-05-29T11:24:20.674
Finished copy 39 at 2025-05-29T11:24:20.778
Finished copy 539 at 2025-05-29T11:24:21.101
Finished copy 247 at 2025-05-29T11:24:22.114
Finished copy 145 at 2025-05-29T11:24:22.821
Finished copy 348 at 2025-05-29T11:24:23.013
Finished copy 540 at 2025-05-29T11:24:23.291
Finished copy 40 at 2025-05-29T11:24:23.350
Finished copy 429 at 2025-05-29T11:24:23.874
Finished copy 248 at 2025-05-29T11:24:24.148
Finished copy 349 at 2025-05-29T11:24:25.109
Finished copy 146 at 2025-05-29T11:24:25.367
Finished copy 541 at 2025-05-29T11:24:25.853
Finished copy 249 at 2025-05-29T11:24:26.193
Finished copy 41 at 2025-05-29T11:24:26.218
Finished copy 350 at 2025-05-29T11:24:27.365
Finished copy 147 at 2025-05-29T11:24:27.470
Finished copy 430 at 2025-05-29T11:24:27.493
Finished copy 542 at 2025-05-29T11:24:28.230
Finished copy 250 at 2025-05-29T11:24:28.686
Finished copy 42 at 2025-05-29T11:24:28.812
Finished copy 351 at 2025-05-29T11:24:29.373
Finished copy 148 at 2025-05-29T11:24:29.857
Finished copy 543 at 2025-05-29T11:24:30.501
Finished copy 251 at 2025-05-29T11:24:30.787
Finished copy 431 at 2025-05-29T11:24:31.158
Finished copy 43 at 2025-05-29T11:24:31.484
Finished copy 352 at 2025-05-29T11:24:31.571
Finished copy 149 at 2025-05-29T11:24:32.252
Finished copy 544 at 2025-05-29T11:24:32.501
Finished copy 252 at 2025-05-29T11:24:33.139
Finished copy 353 at 2025-05-29T11:24:33.837
Finished copy 44 at 2025-05-29T11:24:34.341
Finished copy 150 at 2025-05-29T11:24:34.535
Finished copy 545 at 2025-05-29T11:24:34.732
Finished copy 253 at 2025-05-29T11:24:34.957
Finished copy 432 at 2025-05-29T11:24:35.198
Finished copy 354 at 2025-05-29T11:24:35.941
Finished copy 151 at 2025-05-29T11:24:36.826
Finished copy 546 at 2025-05-29T11:24:36.927
Finished copy 254 at 2025-05-29T11:24:37.225
Finished copy 45 at 2025-05-29T11:24:37.461
Finished copy 433 at 2025-05-29T11:24:38.517
Finished copy 355 at 2025-05-29T11:24:38.615
Finished copy 152 at 2025-05-29T11:24:39.190
Finished copy 255 at 2025-05-29T11:24:39.363
Finished copy 547 at 2025-05-29T11:24:39.451
Finished copy 46 at 2025-05-29T11:24:40.514
Finished copy 356 at 2025-05-29T11:24:40.706
Finished copy 256 at 2025-05-29T11:24:41.208
Finished copy 153 at 2025-05-29T11:24:41.370
Finished copy 548 at 2025-05-29T11:24:41.815
Finished copy 434 at 2025-05-29T11:24:42.097
Finished copy 357 at 2025-05-29T11:24:42.949
Finished copy 154 at 2025-05-29T11:24:43.323
Finished copy 257 at 2025-05-29T11:24:43.467
Finished copy 47 at 2025-05-29T11:24:43.538
Finished copy 549 at 2025-05-29T11:24:44.400
Finished copy 435 at 2025-05-29T11:24:44.403
Finished copy 358 at 2025-05-29T11:24:45.232
Finished copy 155 at 2025-05-29T11:24:45.713
Finished copy 258 at 2025-05-29T11:24:45.990
Finished copy 48 at 2025-05-29T11:24:46.417
Finished copy 436 at 2025-05-29T11:24:46.576
Finished copy 550 at 2025-05-29T11:24:46.938
Finished copy 359 at 2025-05-29T11:24:47.479
Finished copy 156 at 2025-05-29T11:24:48.184
Finished copy 259 at 2025-05-29T11:24:48.564
Finished copy 49 at 2025-05-29T11:24:48.983
Finished copy 437 at 2025-05-29T11:24:49.086
Finished copy 551 at 2025-05-29T11:24:49.185
Finished copy 360 at 2025-05-29T11:24:50.051
Finished copy 260 at 2025-05-29T11:24:50.631
Finished copy 157 at 2025-05-29T11:24:50.654
Finished copy 438 at 2025-05-29T11:24:51.431
Finished copy 552 at 2025-05-29T11:24:51.770
Finished copy 50 at 2025-05-29T11:24:51.781
Finished copy 361 at 2025-05-29T11:24:52.714
Finished copy 261 at 2025-05-29T11:24:53.093
Finished copy 158 at 2025-05-29T11:24:53.198
Finished copy 439 at 2025-05-29T11:24:53.776
Finished copy 553 at 2025-05-29T11:24:54.304
Finished copy 51 at 2025-05-29T11:24:54.862
Finished copy 362 at 2025-05-29T11:24:55.299
Finished copy 262 at 2025-05-29T11:24:55.385
Finished copy 159 at 2025-05-29T11:24:55.479
Finished copy 440 at 2025-05-29T11:24:56.180
Finished copy 554 at 2025-05-29T11:24:56.703
Finished copy 363 at 2025-05-29T11:24:57.619
Finished copy 263 at 2025-05-29T11:24:57.665
Finished copy 160 at 2025-05-29T11:24:57.731
Finished copy 52 at 2025-05-29T11:24:58.143
Finished copy 441 at 2025-05-29T11:24:58.676
Finished copy 555 at 2025-05-29T11:24:59.153
Finished copy 264 at 2025-05-29T11:24:59.986
Finished copy 364 at 2025-05-29T11:25:00.120
Finished copy 161 at 2025-05-29T11:25:00.132
Finished copy 53 at 2025-05-29T11:25:00.750
Finished copy 442 at 2025-05-29T11:25:00.963
Finished copy 556 at 2025-05-29T11:25:01.660
Finished copy 265 at 2025-05-29T11:25:02.239
Finished copy 365 at 2025-05-29T11:25:02.410
Finished copy 162 at 2025-05-29T11:25:02.544
Finished copy 443 at 2025-05-29T11:25:03.045
Finished copy 54 at 2025-05-29T11:25:03.393
Finished copy 557 at 2025-05-29T11:25:03.852
Finished copy 266 at 2025-05-29T11:25:04.576
Finished copy 163 at 2025-05-29T11:25:04.607
Finished copy 366 at 2025-05-29T11:25:04.696
Finished copy 444 at 2025-05-29T11:25:05.432
Finished copy 558 at 2025-05-29T11:25:06.295
Finished copy 55 at 2025-05-29T11:25:06.477
Finished copy 164 at 2025-05-29T11:25:06.776
Finished copy 367 at 2025-05-29T11:25:06.818
Finished copy 267 at 2025-05-29T11:25:07.032
Finished copy 445 at 2025-05-29T11:25:07.715
Finished copy 559 at 2025-05-29T11:25:08.659
Finished copy 165 at 2025-05-29T11:25:09.077
Finished copy 368 at 2025-05-29T11:25:09.134
Finished copy 56 at 2025-05-29T11:25:09.235
Finished copy 268 at 2025-05-29T11:25:09.447
Finished copy 446 at 2025-05-29T11:25:10.180
Finished copy 560 at 2025-05-29T11:25:10.928
Finished copy 269 at 2025-05-29T11:25:11.355
Finished copy 166 at 2025-05-29T11:25:11.372
Finished copy 369 at 2025-05-29T11:25:11.374
Finished copy 57 at 2025-05-29T11:25:12.008
Finished copy 447 at 2025-05-29T11:25:12.424
Finished copy 561 at 2025-05-29T11:25:13.253
Finished copy 370 at 2025-05-29T11:25:13.402
Finished copy 270 at 2025-05-29T11:25:13.696
Finished copy 167 at 2025-05-29T11:25:13.988
Finished copy 58 at 2025-05-29T11:25:14.639
Finished copy 448 at 2025-05-29T11:25:14.671
Finished copy 562 at 2025-05-29T11:25:15.679
Finished copy 371 at 2025-05-29T11:25:15.700
Finished copy 271 at 2025-05-29T11:25:15.913
Finished copy 168 at 2025-05-29T11:25:16.546
Finished copy 449 at 2025-05-29T11:25:16.995
Finished copy 59 at 2025-05-29T11:25:17.474
Finished copy 372 at 2025-05-29T11:25:17.787
Finished copy 563 at 2025-05-29T11:25:17.957
Finished copy 272 at 2025-05-29T11:25:18.301
Finished copy 169 at 2025-05-29T11:25:18.864
Finished copy 450 at 2025-05-29T11:25:19.380
Finished copy 373 at 2025-05-29T11:25:20.074
Finished copy 564 at 2025-05-29T11:25:20.101
Finished copy 60 at 2025-05-29T11:25:20.590
Finished copy 273 at 2025-05-29T11:25:20.722
Finished copy 451 at 2025-05-29T11:25:21.479
Finished copy 170 at 2025-05-29T11:25:21.621
Finished copy 374 at 2025-05-29T11:25:22.222
Finished copy 565 at 2025-05-29T11:25:22.634
Finished copy 274 at 2025-05-29T11:25:23.013
Finished copy 61 at 2025-05-29T11:25:23.242
Finished copy 452 at 2025-05-29T11:25:23.499
Finished copy 171 at 2025-05-29T11:25:24.184
Finished copy 375 at 2025-05-29T11:25:24.427
Finished copy 275 at 2025-05-29T11:25:25.301
Finished copy 566 at 2025-05-29T11:25:25.318
Finished copy 453 at 2025-05-29T11:25:25.776
Finished copy 172 at 2025-05-29T11:25:26.398
Finished copy 62 at 2025-05-29T11:25:26.751
Finished copy 376 at 2025-05-29T11:25:26.918
Finished copy 276 at 2025-05-29T11:25:27.688
Finished copy 567 at 2025-05-29T11:25:27.720
Finished copy 454 at 2025-05-29T11:25:28.063
Finished copy 173 at 2025-05-29T11:25:28.541
Finished copy 377 at 2025-05-29T11:25:29.375
Finished copy 63 at 2025-05-29T11:25:29.848
Finished copy 277 at 2025-05-29T11:25:29.956
Finished copy 455 at 2025-05-29T11:25:30.102
Finished copy 568 at 2025-05-29T11:25:30.132
Finished copy 174 at 2025-05-29T11:25:30.927
Finished copy 378 at 2025-05-29T11:25:31.875
Finished copy 456 at 2025-05-29T11:25:32.383
Finished copy 569 at 2025-05-29T11:25:32.465
Finished copy 278 at 2025-05-29T11:25:32.520
Finished copy 64 at 2025-05-29T11:25:32.551
Finished copy 175 at 2025-05-29T11:25:33.249
Finished copy 379 at 2025-05-29T11:25:34.182
Finished copy 457 at 2025-05-29T11:25:34.572
Finished copy 279 at 2025-05-29T11:25:34.804
Finished copy 570 at 2025-05-29T11:25:34.984
Finished copy 65 at 2025-05-29T11:25:35.604
Finished copy 176 at 2025-05-29T11:25:35.757
Finished copy 380 at 2025-05-29T11:25:36.248
Finished copy 458 at 2025-05-29T11:25:36.698
Finished copy 280 at 2025-05-29T11:25:37.325
Finished copy 571 at 2025-05-29T11:25:37.395
Finished copy 177 at 2025-05-29T11:25:38.066
Finished copy 381 at 2025-05-29T11:25:38.234
Finished copy 459 at 2025-05-29T11:25:38.796
Finished copy 66 at 2025-05-29T11:25:39.164
Finished copy 281 at 2025-05-29T11:25:39.475
Finished copy 572 at 2025-05-29T11:25:39.730
Finished copy 178 at 2025-05-29T11:25:40.169
Finished copy 382 at 2025-05-29T11:25:40.476
Finished copy 460 at 2025-05-29T11:25:41.181
Finished copy 282 at 2025-05-29T11:25:41.901
Finished copy 573 at 2025-05-29T11:25:42.067
Finished copy 179 at 2025-05-29T11:25:42.211
Finished copy 67 at 2025-05-29T11:25:42.908
Finished copy 383 at 2025-05-29T11:25:42.910
Finished copy 461 at 2025-05-29T11:25:43.565
Finished copy 283 at 2025-05-29T11:25:44.269
Finished copy 180 at 2025-05-29T11:25:44.374
Finished copy 574 at 2025-05-29T11:25:44.532
Finished copy 384 at 2025-05-29T11:25:45.338
Finished copy 462 at 2025-05-29T11:25:45.912
Finished copy 181 at 2025-05-29T11:25:46.349
Finished copy 68 at 2025-05-29T11:25:46.540
Finished copy 284 at 2025-05-29T11:25:46.580
Finished copy 575 at 2025-05-29T11:25:46.979
Finished copy 385 at 2025-05-29T11:25:47.314
Finished copy 463 at 2025-05-29T11:25:47.745
Finished copy 182 at 2025-05-29T11:25:48.676
Finished copy 285 at 2025-05-29T11:25:48.848
Finished copy 576 at 2025-05-29T11:25:49.520
Finished copy 386 at 2025-05-29T11:25:49.710
Finished copy 464 at 2025-05-29T11:25:50.146
Finished copy 69 at 2025-05-29T11:25:50.451
Finished copy 183 at 2025-05-29T11:25:51.086
Finished copy 286 at 2025-05-29T11:25:51.221
Finished copy 577 at 2025-05-29T11:25:51.632
Finished copy 387 at 2025-05-29T11:25:51.826
Finished copy 465 at 2025-05-29T11:25:52.565
Finished copy 184 at 2025-05-29T11:25:53.381
Finished copy 287 at 2025-05-29T11:25:53.501
Finished copy 578 at 2025-05-29T11:25:53.897
Finished copy 388 at 2025-05-29T11:25:53.958
Finished copy 70 at 2025-05-29T11:25:54.691
Finished copy 466 at 2025-05-29T11:25:55.184
Finished copy 185 at 2025-05-29T11:25:55.662
Finished copy 288 at 2025-05-29T11:25:55.893
Finished copy 579 at 2025-05-29T11:25:56.346
Finished copy 389 at 2025-05-29T11:25:56.394
Finished copy 467 at 2025-05-29T11:25:57.293
Finished copy 186 at 2025-05-29T11:25:57.793
Finished copy 71 at 2025-05-29T11:25:58.026
Finished copy 289 at 2025-05-29T11:25:58.065
Finished copy 580 at 2025-05-29T11:25:58.378
Finished copy 390 at 2025-05-29T11:25:58.704
Finished copy 468 at 2025-05-29T11:25:59.486
Finished copy 187 at 2025-05-29T11:26:00.126
Finished copy 290 at 2025-05-29T11:26:00.290
Finished copy 581 at 2025-05-29T11:26:00.453
Finished copy 391 at 2025-05-29T11:26:00.803
Finished copy 72 at 2025-05-29T11:26:01.976
Finished copy 469 at 2025-05-29T11:26:01.981
Finished copy 188 at 2025-05-29T11:26:02.216
Finished copy 291 at 2025-05-29T11:26:02.426
Finished copy 582 at 2025-05-29T11:26:02.812
Finished copy 392 at 2025-05-29T11:26:02.983
Finished copy 470 at 2025-05-29T11:26:04.216
Finished copy 189 at 2025-05-29T11:26:04.273
Finished copy 292 at 2025-05-29T11:26:04.500
Finished copy 583 at 2025-05-29T11:26:05.022
Finished copy 393 at 2025-05-29T11:26:05.091
Finished copy 73 at 2025-05-29T11:26:05.906
Finished copy 190 at 2025-05-29T11:26:06.460
Finished copy 293 at 2025-05-29T11:26:06.657
Finished copy 471 at 2025-05-29T11:26:06.874
Finished copy 584 at 2025-05-29T11:26:07.099
Finished copy 394 at 2025-05-29T11:26:07.533
Finished copy 191 at 2025-05-29T11:26:08.411
Finished copy 294 at 2025-05-29T11:26:09.043
Finished copy 472 at 2025-05-29T11:26:09.081
Finished copy 585 at 2025-05-29T11:26:09.416
Finished copy 74 at 2025-05-29T11:26:09.566
Finished copy 395 at 2025-05-29T11:26:09.672
Finished copy 192 at 2025-05-29T11:26:10.635
Finished copy 473 at 2025-05-29T11:26:11.227
Finished copy 295 at 2025-05-29T11:26:11.283
Finished copy 586 at 2025-05-29T11:26:11.954
Finished copy 396 at 2025-05-29T11:26:12.331
Finished copy 75 at 2025-05-29T11:26:12.852
Finished copy 193 at 2025-05-29T11:26:12.856
Finished copy 474 at 2025-05-29T11:26:13.406
Finished copy 296 at 2025-05-29T11:26:13.573
Finished copy 587 at 2025-05-29T11:26:14.366
Finished copy 397 at 2025-05-29T11:26:14.785
Finished copy 194 at 2025-05-29T11:26:15.386
Finished copy 76 at 2025-05-29T11:26:15.594
Finished copy 297 at 2025-05-29T11:26:15.909
Finished copy 475 at 2025-05-29T11:26:15.955
Finished copy 588 at 2025-05-29T11:26:16.823
Finished copy 398 at 2025-05-29T11:26:17.161
Finished copy 195 at 2025-05-29T11:26:17.367
Finished copy 476 at 2025-05-29T11:26:18.204
Finished copy 298 at 2025-05-29T11:26:18.204
Finished copy 77 at 2025-05-29T11:26:18.508
Finished copy 589 at 2025-05-29T11:26:19.244
Finished copy 399 at 2025-05-29T11:26:19.729
Finished copy 196 at 2025-05-29T11:26:19.832
Finished copy 477 at 2025-05-29T11:26:20.539
Finished copy 299 at 2025-05-29T11:26:20.743
Finished copy 78 at 2025-05-29T11:26:21.338
Finished copy 590 at 2025-05-29T11:26:21.369
Finished copy 400 at 2025-05-29T11:26:22.024
Finished copy 197 at 2025-05-29T11:26:22.302
Finished copy 478 at 2025-05-29T11:26:23.066
Finished copy 300 at 2025-05-29T11:26:23.149
Finished copy 591 at 2025-05-29T11:26:23.449
Finished copy 79 at 2025-05-29T11:26:23.679
Finished copy 198 at 2025-05-29T11:26:24.217
Finished copy 479 at 2025-05-29T11:26:25.338
Finished copy 592 at 2025-05-29T11:26:25.501
Finished copy 80 at 2025-05-29T11:26:25.637
Finished copy 199 at 2025-05-29T11:26:25.920
Finished copy 480 at 2025-05-29T11:26:27.393
Finished copy 593 at 2025-05-29T11:26:27.432
Finished copy 81 at 2025-05-29T11:26:27.515
Finished copy 200 at 2025-05-29T11:26:27.756
Finished copy 594 at 2025-05-29T11:26:28.937
Finished copy 481 at 2025-05-29T11:26:29.153
Finished copy 82 at 2025-05-29T11:26:29.448
Finished copy 482 at 2025-05-29T11:26:30.639
Finished copy 595 at 2025-05-29T11:26:30.664
Finished copy 83 at 2025-05-29T11:26:31.075
Finished copy 483 at 2025-05-29T11:26:32.303
Finished copy 596 at 2025-05-29T11:26:32.424
Finished copy 84 at 2025-05-29T11:26:32.863
Finished copy 597 at 2025-05-29T11:26:34.013
Finished copy 484 at 2025-05-29T11:26:34.145
Finished copy 85 at 2025-05-29T11:26:34.660
Finished copy 598 at 2025-05-29T11:26:35.587
Finished copy 485 at 2025-05-29T11:26:36.044
Finished copy 86 at 2025-05-29T11:26:36.407
Finished copy 599 at 2025-05-29T11:26:37.267
Finished copy 486 at 2025-05-29T11:26:37.903
Finished copy 87 at 2025-05-29T11:26:38.344
Finished copy 600 at 2025-05-29T11:26:39
Finished copy 487 at 2025-05-29T11:26:39.437
Finished copy 88 at 2025-05-29T11:26:40.148
Finished copy 488 at 2025-05-29T11:26:40.926
Finished copy 89 at 2025-05-29T11:26:41.861
Finished copy 489 at 2025-05-29T11:26:42.515
Finished copy 90 at 2025-05-29T11:26:43.253
Finished copy 490 at 2025-05-29T11:26:43.969
Finished copy 91 at 2025-05-29T11:26:44.921
Finished copy 491 at 2025-05-29T11:26:45.474
Finished copy 92 at 2025-05-29T11:26:46.612
Finished copy 492 at 2025-05-29T11:26:47.046
Finished copy 93 at 2025-05-29T11:26:48.272
Finished copy 493 at 2025-05-29T11:26:48.721
Finished copy 94 at 2025-05-29T11:26:49.998
Finished copy 494 at 2025-05-29T11:26:50.274
Finished copy 95 at 2025-05-29T11:26:51.773
Finished copy 495 at 2025-05-29T11:26:51.886
Finished copy 96 at 2025-05-29T11:26:53.409
Finished copy 496 at 2025-05-29T11:26:53.478
Finished copy 97 at 2025-05-29T11:26:54.820
Finished copy 497 at 2025-05-29T11:26:55.135
Finished copy 98 at 2025-05-29T11:26:56.473
Finished copy 498 at 2025-05-29T11:26:56.615
Finished copy 499 at 2025-05-29T11:26:58.205
Finished copy 99 at 2025-05-29T11:26:58.255
Finished copy 500 at 2025-05-29T11:26:59.777
Finished copy 100 at 2025-05-29T11:26:59.822
