Starting saddles simulation at 2025-05-29T12:21:49.316
Lattice size: 29
Beta values: [0.1, 0.10279944599549397, 0.10567726096980483, 0.10863563882017176, 0.11167683486080235, 0.11480316754220751, 0.1180170202186681, 0.1213208429651809, 0.12471715444526921, 0.12820854383108135, 0.1317976727772417, 0.13548727744995842, 0.13928017061293513, 0.14317924377167612, 0.14718746937782085, 0.15130790309518719, 0.15554368612925135, 0.15989804762184037, 0.16437430711286308, 0.16897587707095507, 0.17370626549496876, 0.1785690785882898, 0.18356802350802015, 0.1887069111911229, 0.19398965925968314, 0.19942029500750083, 0.20500295847029057, 0.21074190558183128, 0.21664151141846955, 0.22270627353445155, 0.22894081539062563, 0.23534988987912978, 0.2419383829467506, 0.24871131731971624, 0.25567385633276335, 0.26283130786539594, 0.2701891283883382, 0.27775292712326566, 0.2855284703189852, 0.2935216856473252, 0.3017386667220857, 0.3101856777444941, 0.3188691582787082, 0.3277957281610069, 0.3369721925464105, 0.3464055470965792, 0.3561029833129435, 0.36607189401913226, 0.3763198789968798, 0.3868547507797058, 0.39768454060878644, 0.4088175045555577, 0.4202621298157168, 0.4320271411794205, 0.4441215076826148, 0.4565544494445634, 0.46933544469678873, 0.48247423700878694, 0.49598084271601944, 0.5098655585558504, 0.5241389695172453, 0.5388119569102191, 0.553895706661185, 0.5694017178405246, 0.5853418114288852, 0.601728139328883, 0.6185731936290858, 0.6358898161273345, 0.6536912081206652, 0.6719909404692954, 0.6908029639423454, 0.710141619853183, 0.730021650992499, 0.7504582128674476, 0.7714668852554213, 0.7930636840812662, 0.815265073626996, 0.8380879790833082, 0.8615497994524721, 0.885668420812431, 0.9104622299522194, 0.9359501283891019, 0.9621515467781114, 0.9890864597249744, 1.0167754010137187, 1.045239479260565, 1.0745003940060471, 1.1045804522576164, 1.1355025854953513, 1.1672903671537318, 1.1999680305928035, 1.2335604875724422, 1.2680933472437848, 1.3035929356723266, 1.3400863159075478, 1.3776013086143843, 1.4161665132822627, 1.4558113300278694, 1.4965659820082826, 1.5384615384615383]
Copies: 600
Move type: l chain flip
----------------------------------
Finished copy 301 at 2025-05-29T12:21:53.054
Finished copy 101 at 2025-05-29T12:21:53.271
Finished copy 401 at 2025-05-29T12:21:53.368
Finished copy 201 at 2025-05-29T12:21:53.804
Finished copy 501 at 2025-05-29T12:21:56.304
Finished copy 302 at 2025-05-29T12:21:57.100
Finished copy 102 at 2025-05-29T12:21:57.265
Finished copy 1 at 2025-05-29T12:21:57.335
Finished copy 402 at 2025-05-29T12:21:57.705
Finished copy 202 at 2025-05-29T12:21:58.871
Finished copy 303 at 2025-05-29T12:22:00.978
Finished copy 103 at 2025-05-29T12:22:01.179
Finished copy 403 at 2025-05-29T12:22:01.929
Finished copy 502 at 2025-05-29T12:22:03.751
Finished copy 203 at 2025-05-29T12:22:04.281
Finished copy 304 at 2025-05-29T12:22:04.994
Finished copy 104 at 2025-05-29T12:22:05.336
Finished copy 404 at 2025-05-29T12:22:05.403
Finished copy 2 at 2025-05-29T12:22:05.565
Finished copy 305 at 2025-05-29T12:22:09.008
Finished copy 204 at 2025-05-29T12:22:09.033
Finished copy 105 at 2025-05-29T12:22:09.112
Finished copy 405 at 2025-05-29T12:22:09.755
Finished copy 503 at 2025-05-29T12:22:10.299
Finished copy 3 at 2025-05-29T12:22:12.986
Finished copy 106 at 2025-05-29T12:22:12.992
Finished copy 306 at 2025-05-29T12:22:13.161
Finished copy 205 at 2025-05-29T12:22:13.227
Finished copy 406 at 2025-05-29T12:22:14.206
Finished copy 307 at 2025-05-29T12:22:17.247
Finished copy 107 at 2025-05-29T12:22:17.271
Finished copy 206 at 2025-05-29T12:22:17.725
Finished copy 504 at 2025-05-29T12:22:18.022
Finished copy 407 at 2025-05-29T12:22:18.873
Finished copy 108 at 2025-05-29T12:22:21.117
Finished copy 308 at 2025-05-29T12:22:21.207
Finished copy 4 at 2025-05-29T12:22:21.257
Finished copy 408 at 2025-05-29T12:22:22.749
Finished copy 207 at 2025-05-29T12:22:23.615
Finished copy 505 at 2025-05-29T12:22:24.893
Finished copy 309 at 2025-05-29T12:22:25.263
Finished copy 109 at 2025-05-29T12:22:25.431
Finished copy 409 at 2025-05-29T12:22:27.070
Finished copy 5 at 2025-05-29T12:22:27.862
Finished copy 208 at 2025-05-29T12:22:28.375
Finished copy 110 at 2025-05-29T12:22:29.293
Finished copy 310 at 2025-05-29T12:22:29.584
Finished copy 410 at 2025-05-29T12:22:31.639
Finished copy 506 at 2025-05-29T12:22:32.722
Finished copy 111 at 2025-05-29T12:22:33.237
Finished copy 209 at 2025-05-29T12:22:33.375
Finished copy 311 at 2025-05-29T12:22:33.476
Finished copy 6 at 2025-05-29T12:22:34.863
Finished copy 411 at 2025-05-29T12:22:35.590
Finished copy 312 at 2025-05-29T12:22:36.997
Finished copy 112 at 2025-05-29T12:22:37.480
Finished copy 210 at 2025-05-29T12:22:38.613
Finished copy 412 at 2025-05-29T12:22:39.494
Finished copy 507 at 2025-05-29T12:22:40.339
Finished copy 313 at 2025-05-29T12:22:40.948
Finished copy 113 at 2025-05-29T12:22:41.583
Finished copy 7 at 2025-05-29T12:22:42.686
Finished copy 211 at 2025-05-29T12:22:43.692
Finished copy 413 at 2025-05-29T12:22:43.787
Finished copy 314 at 2025-05-29T12:22:45.073
Finished copy 114 at 2025-05-29T12:22:45.405
Finished copy 414 at 2025-05-29T12:22:48.018
Finished copy 212 at 2025-05-29T12:22:48.903
Finished copy 508 at 2025-05-29T12:22:48.965
Finished copy 115 at 2025-05-29T12:22:49.342
Finished copy 315 at 2025-05-29T12:22:49.542
Finished copy 8 at 2025-05-29T12:22:50.472
Finished copy 415 at 2025-05-29T12:22:52.129
Finished copy 316 at 2025-05-29T12:22:53.385
Finished copy 116 at 2025-05-29T12:22:53.417
Finished copy 213 at 2025-05-29T12:22:53.898
Finished copy 509 at 2025-05-29T12:22:55.990
Finished copy 416 at 2025-05-29T12:22:55.999
Finished copy 117 at 2025-05-29T12:22:57.281
Finished copy 317 at 2025-05-29T12:22:57.584
Finished copy 9 at 2025-05-29T12:22:57.725
Finished copy 214 at 2025-05-29T12:22:59.127
Finished copy 417 at 2025-05-29T12:23:00.194
Finished copy 318 at 2025-05-29T12:23:01.540
Finished copy 118 at 2025-05-29T12:23:01.674
Finished copy 510 at 2025-05-29T12:23:02.948
Finished copy 215 at 2025-05-29T12:23:03.725
Finished copy 418 at 2025-05-29T12:23:04.065
Finished copy 10 at 2025-05-29T12:23:04.624
Finished copy 319 at 2025-05-29T12:23:05.433
Finished copy 119 at 2025-05-29T12:23:06.106
Finished copy 216 at 2025-05-29T12:23:08.136
Finished copy 419 at 2025-05-29T12:23:08.498
Finished copy 320 at 2025-05-29T12:23:09.616
Finished copy 120 at 2025-05-29T12:23:09.816
Finished copy 511 at 2025-05-29T12:23:10.650
Finished copy 11 at 2025-05-29T12:23:11.683
Finished copy 420 at 2025-05-29T12:23:12.658
Finished copy 217 at 2025-05-29T12:23:13.353
Finished copy 321 at 2025-05-29T12:23:13.852
Finished copy 121 at 2025-05-29T12:23:14.022
Finished copy 421 at 2025-05-29T12:23:16.831
Finished copy 322 at 2025-05-29T12:23:18.083
Finished copy 512 at 2025-05-29T12:23:18.176
Finished copy 122 at 2025-05-29T12:23:18.446
Finished copy 218 at 2025-05-29T12:23:19.105
Finished copy 12 at 2025-05-29T12:23:19.449
Finished copy 422 at 2025-05-29T12:23:20.753
Finished copy 123 at 2025-05-29T12:23:22.512
Finished copy 323 at 2025-05-29T12:23:22.536
Finished copy 219 at 2025-05-29T12:23:23.889
Finished copy 423 at 2025-05-29T12:23:24.772
Finished copy 513 at 2025-05-29T12:23:25.601
Finished copy 124 at 2025-05-29T12:23:26.349
Finished copy 324 at 2025-05-29T12:23:27.114
Finished copy 13 at 2025-05-29T12:23:27.230
Finished copy 220 at 2025-05-29T12:23:28.293
Finished copy 424 at 2025-05-29T12:23:28.966
Finished copy 125 at 2025-05-29T12:23:30.456
Finished copy 325 at 2025-05-29T12:23:31.303
Finished copy 425 at 2025-05-29T12:23:32.866
Finished copy 221 at 2025-05-29T12:23:33.305
Finished copy 514 at 2025-05-29T12:23:33.335
Finished copy 126 at 2025-05-29T12:23:34.318
Finished copy 14 at 2025-05-29T12:23:34.518
Finished copy 326 at 2025-05-29T12:23:35.576
Finished copy 426 at 2025-05-29T12:23:36.977
Finished copy 127 at 2025-05-29T12:23:38.397
Finished copy 222 at 2025-05-29T12:23:38.402
Finished copy 327 at 2025-05-29T12:23:39.082
Finished copy 515 at 2025-05-29T12:23:40.713
Finished copy 427 at 2025-05-29T12:23:41.029
Finished copy 15 at 2025-05-29T12:23:42.467
Finished copy 128 at 2025-05-29T12:23:42.739
Finished copy 223 at 2025-05-29T12:23:43.140
Finished copy 328 at 2025-05-29T12:23:43.479
Finished copy 428 at 2025-05-29T12:23:45.089
Finished copy 129 at 2025-05-29T12:23:46.688
Finished copy 329 at 2025-05-29T12:23:47.514
Finished copy 516 at 2025-05-29T12:23:48.533
Finished copy 224 at 2025-05-29T12:23:48.868
Finished copy 429 at 2025-05-29T12:23:49.436
Finished copy 16 at 2025-05-29T12:23:50.882
Finished copy 130 at 2025-05-29T12:23:50.907
Finished copy 330 at 2025-05-29T12:23:51.814
Finished copy 517 at 2025-05-29T12:23:53.162
Finished copy 430 at 2025-05-29T12:23:53.167
Finished copy 225 at 2025-05-29T12:23:54.133
Finished copy 131 at 2025-05-29T12:23:55.717
Finished copy 331 at 2025-05-29T12:23:56.795
Finished copy 431 at 2025-05-29T12:23:57.578
Finished copy 518 at 2025-05-29T12:23:58.162
Finished copy 17 at 2025-05-29T12:23:59.290
Finished copy 226 at 2025-05-29T12:24:00.084
Finished copy 132 at 2025-05-29T12:24:00.113
Finished copy 432 at 2025-05-29T12:24:01.710
Finished copy 332 at 2025-05-29T12:24:01.798
Finished copy 519 at 2025-05-29T12:24:02.403
Finished copy 133 at 2025-05-29T12:24:04.455
Finished copy 227 at 2025-05-29T12:24:05.610
Finished copy 433 at 2025-05-29T12:24:05.868
Finished copy 333 at 2025-05-29T12:24:06.078
Finished copy 520 at 2025-05-29T12:24:06.948
Finished copy 18 at 2025-05-29T12:24:07.300
Finished copy 134 at 2025-05-29T12:24:08.925
Finished copy 434 at 2025-05-29T12:24:09.998
Finished copy 334 at 2025-05-29T12:24:10.539
Finished copy 228 at 2025-05-29T12:24:10.653
Finished copy 521 at 2025-05-29T12:24:11.090
Finished copy 135 at 2025-05-29T12:24:13.503
Finished copy 435 at 2025-05-29T12:24:14.204
Finished copy 335 at 2025-05-29T12:24:15.147
Finished copy 522 at 2025-05-29T12:24:15.481
Finished copy 19 at 2025-05-29T12:24:15.802
Finished copy 229 at 2025-05-29T12:24:16.410
Finished copy 436 at 2025-05-29T12:24:17.874
Finished copy 136 at 2025-05-29T12:24:17.938
Finished copy 523 at 2025-05-29T12:24:19.713
Finished copy 336 at 2025-05-29T12:24:19.856
Finished copy 437 at 2025-05-29T12:24:22.190
Finished copy 137 at 2025-05-29T12:24:22.326
Finished copy 20 at 2025-05-29T12:24:22.810
Finished copy 337 at 2025-05-29T12:24:23.960
Finished copy 524 at 2025-05-29T12:24:24.044
Finished copy 230 at 2025-05-29T12:24:24.480
Finished copy 438 at 2025-05-29T12:24:26.179
Finished copy 138 at 2025-05-29T12:24:26.341
Finished copy 338 at 2025-05-29T12:24:27.584
Finished copy 525 at 2025-05-29T12:24:28.036
Finished copy 439 at 2025-05-29T12:24:29.838
Finished copy 139 at 2025-05-29T12:24:30.128
Finished copy 21 at 2025-05-29T12:24:30.234
Finished copy 339 at 2025-05-29T12:24:31.163
Finished copy 526 at 2025-05-29T12:24:32.695
Finished copy 231 at 2025-05-29T12:24:33.545
Finished copy 440 at 2025-05-29T12:24:33.876
Finished copy 140 at 2025-05-29T12:24:34.387
Finished copy 340 at 2025-05-29T12:24:35.676
Finished copy 527 at 2025-05-29T12:24:36.530
Finished copy 441 at 2025-05-29T12:24:38.025
Finished copy 141 at 2025-05-29T12:24:38.389
Finished copy 22 at 2025-05-29T12:24:39.242
Finished copy 341 at 2025-05-29T12:24:39.985
Finished copy 528 at 2025-05-29T12:24:40.873
Finished copy 442 at 2025-05-29T12:24:41.761
Finished copy 232 at 2025-05-29T12:24:42.032
Finished copy 142 at 2025-05-29T12:24:42.475
Finished copy 342 at 2025-05-29T12:24:43.929
Finished copy 529 at 2025-05-29T12:24:44.723
Finished copy 443 at 2025-05-29T12:24:45.839
Finished copy 143 at 2025-05-29T12:24:46.554
Finished copy 23 at 2025-05-29T12:24:46.931
Finished copy 343 at 2025-05-29T12:24:48.330
Finished copy 530 at 2025-05-29T12:24:49.156
Finished copy 444 at 2025-05-29T12:24:49.794
Finished copy 233 at 2025-05-29T12:24:50.481
Finished copy 144 at 2025-05-29T12:24:50.650
Finished copy 344 at 2025-05-29T12:24:52.328
Finished copy 531 at 2025-05-29T12:24:53.242
Finished copy 445 at 2025-05-29T12:24:53.731
Finished copy 24 at 2025-05-29T12:24:54.034
Finished copy 145 at 2025-05-29T12:24:54.432
Finished copy 345 at 2025-05-29T12:24:56.081
Finished copy 532 at 2025-05-29T12:24:57.325
Finished copy 446 at 2025-05-29T12:24:57.988
Finished copy 146 at 2025-05-29T12:24:58.635
Finished copy 346 at 2025-05-29T12:25:00.128
Finished copy 234 at 2025-05-29T12:25:00.329
Finished copy 533 at 2025-05-29T12:25:01.731
Finished copy 25 at 2025-05-29T12:25:01.971
Finished copy 447 at 2025-05-29T12:25:02.173
Finished copy 147 at 2025-05-29T12:25:02.365
Finished copy 347 at 2025-05-29T12:25:04.034
Finished copy 534 at 2025-05-29T12:25:05.711
Finished copy 148 at 2025-05-29T12:25:06.217
Finished copy 448 at 2025-05-29T12:25:06.451
Finished copy 235 at 2025-05-29T12:25:07.576
Finished copy 348 at 2025-05-29T12:25:07.873
Finished copy 26 at 2025-05-29T12:25:09.659
Finished copy 535 at 2025-05-29T12:25:10.106
Finished copy 449 at 2025-05-29T12:25:10.309
Finished copy 149 at 2025-05-29T12:25:10.776
Finished copy 349 at 2025-05-29T12:25:12.224
Finished copy 536 at 2025-05-29T12:25:14.343
Finished copy 450 at 2025-05-29T12:25:14.580
Finished copy 150 at 2025-05-29T12:25:14.981
Finished copy 236 at 2025-05-29T12:25:15.875
Finished copy 350 at 2025-05-29T12:25:16.466
Finished copy 27 at 2025-05-29T12:25:17.530
Finished copy 451 at 2025-05-29T12:25:18.589
Finished copy 537 at 2025-05-29T12:25:18.698
Finished copy 151 at 2025-05-29T12:25:19.209
Finished copy 351 at 2025-05-29T12:25:20.520
Finished copy 538 at 2025-05-29T12:25:22.697
Finished copy 452 at 2025-05-29T12:25:22.708
Finished copy 152 at 2025-05-29T12:25:23.007
Finished copy 237 at 2025-05-29T12:25:23.785
Finished copy 352 at 2025-05-29T12:25:24.433
Finished copy 28 at 2025-05-29T12:25:24.807
Finished copy 453 at 2025-05-29T12:25:26.831
Finished copy 153 at 2025-05-29T12:25:27.125
Finished copy 539 at 2025-05-29T12:25:27.206
Finished copy 353 at 2025-05-29T12:25:28.379
Finished copy 154 at 2025-05-29T12:25:31.067
Finished copy 454 at 2025-05-29T12:25:31.306
Finished copy 540 at 2025-05-29T12:25:31.491
Finished copy 354 at 2025-05-29T12:25:32.631
Finished copy 238 at 2025-05-29T12:25:32.658
Finished copy 29 at 2025-05-29T12:25:33.306
Finished copy 455 at 2025-05-29T12:25:35.245
Finished copy 155 at 2025-05-29T12:25:35.279
Finished copy 541 at 2025-05-29T12:25:36.340
Finished copy 355 at 2025-05-29T12:25:36.780
Finished copy 456 at 2025-05-29T12:25:39.066
Finished copy 156 at 2025-05-29T12:25:39.572
Finished copy 542 at 2025-05-29T12:25:40.251
Finished copy 239 at 2025-05-29T12:25:40.580
Finished copy 356 at 2025-05-29T12:25:40.995
Finished copy 30 at 2025-05-29T12:25:41.060
Finished copy 457 at 2025-05-29T12:25:43.146
Finished copy 157 at 2025-05-29T12:25:43.928
Finished copy 543 at 2025-05-29T12:25:44.161
Finished copy 357 at 2025-05-29T12:25:45.091
Finished copy 458 at 2025-05-29T12:25:47.084
Finished copy 240 at 2025-05-29T12:25:48.035
Finished copy 158 at 2025-05-29T12:25:48.369
Finished copy 544 at 2025-05-29T12:25:48.638
Finished copy 31 at 2025-05-29T12:25:49.176
Finished copy 358 at 2025-05-29T12:25:49.677
Finished copy 459 at 2025-05-29T12:25:51.205
Finished copy 545 at 2025-05-29T12:25:52.772
Finished copy 159 at 2025-05-29T12:25:52.780
Finished copy 359 at 2025-05-29T12:25:54.164
Finished copy 460 at 2025-05-29T12:25:55.181
Finished copy 241 at 2025-05-29T12:25:55.276
Finished copy 160 at 2025-05-29T12:25:56.740
Finished copy 546 at 2025-05-29T12:25:57.075
Finished copy 360 at 2025-05-29T12:25:57.516
Finished copy 32 at 2025-05-29T12:25:57.822
Finished copy 461 at 2025-05-29T12:25:58.667
Finished copy 161 at 2025-05-29T12:26:00.456
Finished copy 547 at 2025-05-29T12:26:00.876
Finished copy 361 at 2025-05-29T12:26:01.821
Finished copy 462 at 2025-05-29T12:26:02.908
Finished copy 242 at 2025-05-29T12:26:03.693
Finished copy 162 at 2025-05-29T12:26:04.567
Finished copy 33 at 2025-05-29T12:26:05.205
Finished copy 548 at 2025-05-29T12:26:05.268
Finished copy 362 at 2025-05-29T12:26:05.550
Finished copy 463 at 2025-05-29T12:26:07.202
Finished copy 163 at 2025-05-29T12:26:08.753
Finished copy 549 at 2025-05-29T12:26:09.514
Finished copy 363 at 2025-05-29T12:26:09.783
Finished copy 464 at 2025-05-29T12:26:11.342
Finished copy 243 at 2025-05-29T12:26:12.183
Finished copy 34 at 2025-05-29T12:26:12.465
Finished copy 164 at 2025-05-29T12:26:12.896
Finished copy 550 at 2025-05-29T12:26:13.968
Finished copy 364 at 2025-05-29T12:26:13.985
Finished copy 465 at 2025-05-29T12:26:15.301
Finished copy 165 at 2025-05-29T12:26:17.051
Finished copy 551 at 2025-05-29T12:26:17.799
Finished copy 365 at 2025-05-29T12:26:18.513
Finished copy 466 at 2025-05-29T12:26:19.137
Finished copy 35 at 2025-05-29T12:26:20.048
Finished copy 244 at 2025-05-29T12:26:20.274
Finished copy 166 at 2025-05-29T12:26:20.876
Finished copy 552 at 2025-05-29T12:26:21.706
Finished copy 467 at 2025-05-29T12:26:22.892
Finished copy 167 at 2025-05-29T12:26:24.643
Finished copy 366 at 2025-05-29T12:26:25.132
Finished copy 553 at 2025-05-29T12:26:25.791
Finished copy 468 at 2025-05-29T12:26:26.960
Finished copy 245 at 2025-05-29T12:26:27.464
Finished copy 36 at 2025-05-29T12:26:27.557
Finished copy 168 at 2025-05-29T12:26:28.454
Finished copy 554 at 2025-05-29T12:26:29.920
Finished copy 469 at 2025-05-29T12:26:30.447
Finished copy 367 at 2025-05-29T12:26:31.776
Finished copy 169 at 2025-05-29T12:26:32.230
Finished copy 555 at 2025-05-29T12:26:34.131
Finished copy 37 at 2025-05-29T12:26:34.277
Finished copy 246 at 2025-05-29T12:26:34.919
Finished copy 470 at 2025-05-29T12:26:34.957
Finished copy 170 at 2025-05-29T12:26:36.601
Finished copy 556 at 2025-05-29T12:26:38.372
Finished copy 38 at 2025-05-29T12:26:38.678
Finished copy 368 at 2025-05-29T12:26:38.780
Finished copy 471 at 2025-05-29T12:26:38.985
Finished copy 171 at 2025-05-29T12:26:40.748
Finished copy 557 at 2025-05-29T12:26:42.384
Finished copy 472 at 2025-05-29T12:26:42.957
Finished copy 39 at 2025-05-29T12:26:43.336
Finished copy 247 at 2025-05-29T12:26:44.551
Finished copy 172 at 2025-05-29T12:26:45.194
Finished copy 369 at 2025-05-29T12:26:45.629
Finished copy 558 at 2025-05-29T12:26:46.524
Finished copy 473 at 2025-05-29T12:26:47.017
Finished copy 40 at 2025-05-29T12:26:47.288
Finished copy 173 at 2025-05-29T12:26:49.292
Finished copy 559 at 2025-05-29T12:26:50.348
Finished copy 474 at 2025-05-29T12:26:51.051
Finished copy 41 at 2025-05-29T12:26:51.656
Finished copy 248 at 2025-05-29T12:26:52.491
Finished copy 174 at 2025-05-29T12:26:53.282
Finished copy 370 at 2025-05-29T12:26:53.511
Finished copy 560 at 2025-05-29T12:26:54.821
Finished copy 475 at 2025-05-29T12:26:55.139
Finished copy 175 at 2025-05-29T12:26:57.055
Finished copy 561 at 2025-05-29T12:26:59.202
Finished copy 42 at 2025-05-29T12:26:59.372
Finished copy 476 at 2025-05-29T12:26:59.402
Finished copy 249 at 2025-05-29T12:27:00.314
Finished copy 176 at 2025-05-29T12:27:00.957
Finished copy 371 at 2025-05-29T12:27:01.352
Finished copy 562 at 2025-05-29T12:27:03.110
Finished copy 477 at 2025-05-29T12:27:03.370
Finished copy 177 at 2025-05-29T12:27:04.521
Finished copy 372 at 2025-05-29T12:27:06.143
Finished copy 43 at 2025-05-29T12:27:06.697
Finished copy 563 at 2025-05-29T12:27:07.381
Finished copy 478 at 2025-05-29T12:27:07.484
Finished copy 250 at 2025-05-29T12:27:07.849
Finished copy 178 at 2025-05-29T12:27:08.860
Finished copy 373 at 2025-05-29T12:27:10.241
Finished copy 479 at 2025-05-29T12:27:11.258
Finished copy 564 at 2025-05-29T12:27:11.302
Finished copy 179 at 2025-05-29T12:27:12.573
Finished copy 374 at 2025-05-29T12:27:13.950
Finished copy 44 at 2025-05-29T12:27:14.659
Finished copy 565 at 2025-05-29T12:27:15.237
Finished copy 480 at 2025-05-29T12:27:15.336
Finished copy 180 at 2025-05-29T12:27:16.184
Finished copy 251 at 2025-05-29T12:27:16.362
Finished copy 375 at 2025-05-29T12:27:18.019
Finished copy 481 at 2025-05-29T12:27:19.275
Finished copy 566 at 2025-05-29T12:27:19.297
Finished copy 181 at 2025-05-29T12:27:20.174
Finished copy 45 at 2025-05-29T12:27:22.293
Finished copy 376 at 2025-05-29T12:27:22.432
Finished copy 567 at 2025-05-29T12:27:23.311
Finished copy 482 at 2025-05-29T12:27:23.446
Finished copy 182 at 2025-05-29T12:27:24.023
Finished copy 252 at 2025-05-29T12:27:24.357
Finished copy 377 at 2025-05-29T12:27:26.522
Finished copy 483 at 2025-05-29T12:27:27.206
Finished copy 568 at 2025-05-29T12:27:27.986
Finished copy 183 at 2025-05-29T12:27:28.144
Finished copy 378 at 2025-05-29T12:27:30.496
Finished copy 46 at 2025-05-29T12:27:30.595
Finished copy 484 at 2025-05-29T12:27:31.416
Finished copy 184 at 2025-05-29T12:27:31.890
Finished copy 569 at 2025-05-29T12:27:32.293
Finished copy 253 at 2025-05-29T12:27:32.434
Finished copy 379 at 2025-05-29T12:27:34.130
Finished copy 485 at 2025-05-29T12:27:35.584
Finished copy 185 at 2025-05-29T12:27:35.882
Finished copy 570 at 2025-05-29T12:27:36.698
Finished copy 380 at 2025-05-29T12:27:38.351
Finished copy 47 at 2025-05-29T12:27:38.457
Finished copy 486 at 2025-05-29T12:27:39.723
Finished copy 186 at 2025-05-29T12:27:40.358
Finished copy 571 at 2025-05-29T12:27:40.805
Finished copy 254 at 2025-05-29T12:27:41.173
Finished copy 381 at 2025-05-29T12:27:42.163
Finished copy 487 at 2025-05-29T12:27:43.719
Finished copy 187 at 2025-05-29T12:27:44.422
Finished copy 572 at 2025-05-29T12:27:44.806
Finished copy 48 at 2025-05-29T12:27:45.648
Finished copy 382 at 2025-05-29T12:27:46.403
Finished copy 488 at 2025-05-29T12:27:47.425
Finished copy 573 at 2025-05-29T12:27:48.642
Finished copy 188 at 2025-05-29T12:27:48.952
Finished copy 255 at 2025-05-29T12:27:50.194
Finished copy 383 at 2025-05-29T12:27:51.066
Finished copy 489 at 2025-05-29T12:27:51.634
Finished copy 574 at 2025-05-29T12:27:52.725
Finished copy 49 at 2025-05-29T12:27:52.963
Finished copy 189 at 2025-05-29T12:27:53.267
Finished copy 384 at 2025-05-29T12:27:55.062
Finished copy 490 at 2025-05-29T12:27:55.195
Finished copy 575 at 2025-05-29T12:27:57.079
Finished copy 190 at 2025-05-29T12:27:57.336
Finished copy 256 at 2025-05-29T12:27:59.093
Finished copy 491 at 2025-05-29T12:27:59.386
Finished copy 385 at 2025-05-29T12:27:59.671
Finished copy 50 at 2025-05-29T12:28:01.106
Finished copy 191 at 2025-05-29T12:28:01.229
Finished copy 576 at 2025-05-29T12:28:01.277
Finished copy 492 at 2025-05-29T12:28:03.337
Finished copy 386 at 2025-05-29T12:28:03.516
Finished copy 192 at 2025-05-29T12:28:05.274
Finished copy 577 at 2025-05-29T12:28:05.507
Finished copy 387 at 2025-05-29T12:28:07.545
Finished copy 257 at 2025-05-29T12:28:07.556
Finished copy 493 at 2025-05-29T12:28:07.885
Finished copy 51 at 2025-05-29T12:28:08.832
Finished copy 193 at 2025-05-29T12:28:09.284
Finished copy 578 at 2025-05-29T12:28:09.897
Finished copy 388 at 2025-05-29T12:28:11.319
Finished copy 494 at 2025-05-29T12:28:12.392
Finished copy 194 at 2025-05-29T12:28:13.161
Finished copy 579 at 2025-05-29T12:28:13.919
Finished copy 258 at 2025-05-29T12:28:15.532
Finished copy 389 at 2025-05-29T12:28:15.761
Finished copy 52 at 2025-05-29T12:28:16.616
Finished copy 495 at 2025-05-29T12:28:16.678
Finished copy 195 at 2025-05-29T12:28:17.442
Finished copy 580 at 2025-05-29T12:28:18.411
Finished copy 390 at 2025-05-29T12:28:19.993
Finished copy 496 at 2025-05-29T12:28:21.050
Finished copy 196 at 2025-05-29T12:28:21.429
Finished copy 581 at 2025-05-29T12:28:22.894
Finished copy 53 at 2025-05-29T12:28:24.361
Finished copy 391 at 2025-05-29T12:28:24.498
Finished copy 259 at 2025-05-29T12:28:24.844
Finished copy 497 at 2025-05-29T12:28:25.290
Finished copy 197 at 2025-05-29T12:28:25.904
Finished copy 582 at 2025-05-29T12:28:26.746
Finished copy 392 at 2025-05-29T12:28:28.469
Finished copy 498 at 2025-05-29T12:28:29.194
Finished copy 198 at 2025-05-29T12:28:29.970
Finished copy 583 at 2025-05-29T12:28:30.690
Finished copy 54 at 2025-05-29T12:28:31.488
Finished copy 393 at 2025-05-29T12:28:32.854
Finished copy 260 at 2025-05-29T12:28:33.503
Finished copy 499 at 2025-05-29T12:28:33.506
Finished copy 199 at 2025-05-29T12:28:34.674
Finished copy 584 at 2025-05-29T12:28:34.744
Finished copy 55 at 2025-05-29T12:28:35.860
Finished copy 394 at 2025-05-29T12:28:37.278
Finished copy 500 at 2025-05-29T12:28:38.305
Finished copy 200 at 2025-05-29T12:28:39.289
Finished copy 585 at 2025-05-29T12:28:39.381
Finished copy 56 at 2025-05-29T12:28:40.580
Finished copy 261 at 2025-05-29T12:28:40.747
Finished copy 395 at 2025-05-29T12:28:41.003
Finished copy 586 at 2025-05-29T12:28:42.974
Finished copy 57 at 2025-05-29T12:28:44.019
Finished copy 396 at 2025-05-29T12:28:44.783
Finished copy 587 at 2025-05-29T12:28:46.620
Finished copy 262 at 2025-05-29T12:28:46.834
Finished copy 58 at 2025-05-29T12:28:47.710
Finished copy 397 at 2025-05-29T12:28:48.492
Finished copy 588 at 2025-05-29T12:28:50.036
Finished copy 59 at 2025-05-29T12:28:51.313
Finished copy 398 at 2025-05-29T12:28:52.187
Finished copy 263 at 2025-05-29T12:28:53.690
Finished copy 589 at 2025-05-29T12:28:54.114
Finished copy 60 at 2025-05-29T12:28:54.892
Finished copy 399 at 2025-05-29T12:28:55.868
Finished copy 590 at 2025-05-29T12:28:58.004
Finished copy 61 at 2025-05-29T12:28:58.278
Finished copy 264 at 2025-05-29T12:28:59.395
Finished copy 400 at 2025-05-29T12:28:59.448
Finished copy 591 at 2025-05-29T12:29:00.979
Finished copy 62 at 2025-05-29T12:29:01.946
Finished copy 592 at 2025-05-29T12:29:04.118
Finished copy 265 at 2025-05-29T12:29:05.493
Finished copy 63 at 2025-05-29T12:29:05.679
Finished copy 593 at 2025-05-29T12:29:07.490
Finished copy 64 at 2025-05-29T12:29:09.395
Finished copy 266 at 2025-05-29T12:29:09.483
Finished copy 594 at 2025-05-29T12:29:11.312
Finished copy 65 at 2025-05-29T12:29:13.270
Finished copy 267 at 2025-05-29T12:29:13.316
Finished copy 595 at 2025-05-29T12:29:14.678
Finished copy 66 at 2025-05-29T12:29:16.878
Finished copy 268 at 2025-05-29T12:29:17.116
Finished copy 596 at 2025-05-29T12:29:18.221
Finished copy 269 at 2025-05-29T12:29:20.872
Finished copy 67 at 2025-05-29T12:29:21.093
Finished copy 597 at 2025-05-29T12:29:21.426
Finished copy 270 at 2025-05-29T12:29:24.451
Finished copy 68 at 2025-05-29T12:29:24.455
Finished copy 598 at 2025-05-29T12:29:24.840
Finished copy 599 at 2025-05-29T12:29:27.795
Finished copy 69 at 2025-05-29T12:29:27.938
Finished copy 271 at 2025-05-29T12:29:28.276
Finished copy 70 at 2025-05-29T12:29:31.149
Finished copy 600 at 2025-05-29T12:29:31.152
Finished copy 272 at 2025-05-29T12:29:31.761
Finished copy 71 at 2025-05-29T12:29:34.253
Finished copy 273 at 2025-05-29T12:29:35.198
Finished copy 72 at 2025-05-29T12:29:37.251
Finished copy 274 at 2025-05-29T12:29:38.881
Finished copy 73 at 2025-05-29T12:29:40.363
Finished copy 275 at 2025-05-29T12:29:42.225
Finished copy 74 at 2025-05-29T12:29:43.383
Finished copy 276 at 2025-05-29T12:29:45.506
Finished copy 75 at 2025-05-29T12:29:46.746
Finished copy 277 at 2025-05-29T12:29:49.204
Finished copy 76 at 2025-05-29T12:29:49.928
Finished copy 278 at 2025-05-29T12:29:52.367
Finished copy 77 at 2025-05-29T12:29:53.078
Finished copy 279 at 2025-05-29T12:29:55.566
Finished copy 78 at 2025-05-29T12:29:55.976
Finished copy 280 at 2025-05-29T12:29:58.768
Finished copy 79 at 2025-05-29T12:29:58.923
Finished copy 80 at 2025-05-29T12:30:01.822
Finished copy 281 at 2025-05-29T12:30:01.963
Finished copy 81 at 2025-05-29T12:30:04.995
Finished copy 282 at 2025-05-29T12:30:05.363
Finished copy 82 at 2025-05-29T12:30:07.791
Finished copy 283 at 2025-05-29T12:30:08.657
Finished copy 83 at 2025-05-29T12:30:10.996
Finished copy 284 at 2025-05-29T12:30:12.148
Finished copy 84 at 2025-05-29T12:30:14.520
Finished copy 285 at 2025-05-29T12:30:15.360
Finished copy 85 at 2025-05-29T12:30:17.475
Finished copy 286 at 2025-05-29T12:30:18.690
Finished copy 86 at 2025-05-29T12:30:20.789
Finished copy 287 at 2025-05-29T12:30:21.968
Finished copy 87 at 2025-05-29T12:30:23.835
Finished copy 288 at 2025-05-29T12:30:25.264
Finished copy 88 at 2025-05-29T12:30:26.816
Finished copy 289 at 2025-05-29T12:30:28.506
Finished copy 89 at 2025-05-29T12:30:30.251
Finished copy 290 at 2025-05-29T12:30:31.847
Finished copy 90 at 2025-05-29T12:30:33.003
Finished copy 291 at 2025-05-29T12:30:35.208
Finished copy 91 at 2025-05-29T12:30:36.030
Finished copy 292 at 2025-05-29T12:30:38.573
Finished copy 92 at 2025-05-29T12:30:39.677
Finished copy 293 at 2025-05-29T12:30:41.841
Finished copy 93 at 2025-05-29T12:30:42.419
Finished copy 294 at 2025-05-29T12:30:45.164
Finished copy 94 at 2025-05-29T12:30:45.955
Finished copy 295 at 2025-05-29T12:30:48.418
Finished copy 95 at 2025-05-29T12:30:48.944
Finished copy 296 at 2025-05-29T12:30:51.966
Finished copy 96 at 2025-05-29T12:30:52.069
Finished copy 97 at 2025-05-29T12:30:54.838
Finished copy 297 at 2025-05-29T12:30:54.943
Finished copy 98 at 2025-05-29T12:30:57.740
Finished copy 298 at 2025-05-29T12:30:57.867
Finished copy 99 at 2025-05-29T12:31:00.951
Finished copy 299 at 2025-05-29T12:31:01.288
Finished copy 300 at 2025-05-29T12:31:03.993
Finished copy 100 at 2025-05-29T12:31:04.396
