Starting saddles simulation at 2025-05-29T15:26:10.412
Lattice size: 41
Beta values: [0.1, 0.10279944599549397, 0.10567726096980483, 0.10863563882017176, 0.11167683486080235, 0.11480316754220751, 0.1180170202186681, 0.1213208429651809, 0.12471715444526921, 0.12820854383108135, 0.1317976727772417, 0.13548727744995842, 0.13928017061293513, 0.14317924377167612, 0.14718746937782085, 0.15130790309518719, 0.15554368612925135, 0.15989804762184037, 0.16437430711286308, 0.16897587707095507, 0.17370626549496876, 0.1785690785882898, 0.18356802350802015, 0.1887069111911229, 0.19398965925968314, 0.19942029500750083, 0.20500295847029057, 0.21074190558183128, 0.21664151141846955, 0.22270627353445155, 0.22894081539062563, 0.23534988987912978, 0.2419383829467506, 0.24871131731971624, 0.25567385633276335, 0.26283130786539594, 0.2701891283883382, 0.27775292712326566, 0.2855284703189852, 0.2935216856473252, 0.3017386667220857, 0.3101856777444941, 0.3188691582787082, 0.3277957281610069, 0.3369721925464105, 0.3464055470965792, 0.3561029833129435, 0.36607189401913226, 0.3763198789968798, 0.3868547507797058, 0.39768454060878644, 0.4088175045555577, 0.4202621298157168, 0.4320271411794205, 0.4441215076826148, 0.4565544494445634, 0.46933544469678873, 0.48247423700878694, 0.49598084271601944, 0.5098655585558504, 0.5241389695172453, 0.5388119569102191, 0.553895706661185, 0.5694017178405246, 0.5853418114288852, 0.601728139328883, 0.6185731936290858, 0.6358898161273345, 0.6536912081206652, 0.6719909404692954, 0.6908029639423454, 0.710141619853183, 0.730021650992499, 0.7504582128674476, 0.7714668852554213, 0.7930636840812662, 0.815265073626996, 0.8380879790833082, 0.8615497994524721, 0.885668420812431, 0.9104622299522194, 0.9359501283891019, 0.9621515467781114, 0.9890864597249744, 1.0167754010137187, 1.045239479260565, 1.0745003940060471, 1.1045804522576164, 1.1355025854953513, 1.1672903671537318, 1.1999680305928035, 1.2335604875724422, 1.2680933472437848, 1.3035929356723266, 1.3400863159075478, 1.3776013086143843, 1.4161665132822627, 1.4558113300278694, 1.4965659820082826, 1.5384615384615383]
Copies: 600
Move type: l chain flip
----------------------------------
Finished copy 401 at 2025-05-29T15:26:18.978
Finished copy 101 at 2025-05-29T15:26:23.651
Finished copy 201 at 2025-05-29T15:26:23.798
Finished copy 301 at 2025-05-29T15:26:24.840
Finished copy 501 at 2025-05-29T15:26:24.952
Finished copy 1 at 2025-05-29T15:26:27.752
Finished copy 402 at 2025-05-29T15:26:27.874
Finished copy 102 at 2025-05-29T15:26:36.582
Finished copy 403 at 2025-05-29T15:26:37.053
Finished copy 502 at 2025-05-29T15:26:39.204
Finished copy 302 at 2025-05-29T15:26:39.286
Finished copy 202 at 2025-05-29T15:26:41.556
Finished copy 2 at 2025-05-29T15:26:42.939
Finished copy 404 at 2025-05-29T15:26:45.582
Finished copy 103 at 2025-05-29T15:26:52.377
Finished copy 503 at 2025-05-29T15:26:52.643
Finished copy 405 at 2025-05-29T15:26:53.635
Finished copy 303 at 2025-05-29T15:26:54.972
Finished copy 3 at 2025-05-29T15:26:57.170
Finished copy 203 at 2025-05-29T15:26:57.983
Finished copy 406 at 2025-05-29T15:27:01.774
Finished copy 104 at 2025-05-29T15:27:05.238
Finished copy 504 at 2025-05-29T15:27:08.672
Finished copy 304 at 2025-05-29T15:27:10.034
Finished copy 407 at 2025-05-29T15:27:10.181
Finished copy 4 at 2025-05-29T15:27:11.118
Finished copy 204 at 2025-05-29T15:27:13.843
Finished copy 408 at 2025-05-29T15:27:19.463
Finished copy 105 at 2025-05-29T15:27:19.783
Finished copy 505 at 2025-05-29T15:27:21.951
Finished copy 305 at 2025-05-29T15:27:25.899
Finished copy 5 at 2025-05-29T15:27:27.302
Finished copy 409 at 2025-05-29T15:27:29.221
Finished copy 205 at 2025-05-29T15:27:29.383
Finished copy 506 at 2025-05-29T15:27:30.990
Finished copy 106 at 2025-05-29T15:27:35.297
Finished copy 507 at 2025-05-29T15:27:39.211
Finished copy 410 at 2025-05-29T15:27:40.014
Finished copy 6 at 2025-05-29T15:27:41.561
Finished copy 306 at 2025-05-29T15:27:43.204
Finished copy 508 at 2025-05-29T15:27:47.531
Finished copy 206 at 2025-05-29T15:27:49.166
Finished copy 107 at 2025-05-29T15:27:50.654
Finished copy 411 at 2025-05-29T15:27:54.946
Finished copy 509 at 2025-05-29T15:27:55.225
Finished copy 307 at 2025-05-29T15:27:55.459
Finished copy 7 at 2025-05-29T15:27:55.765
Finished copy 510 at 2025-05-29T15:28:03.485
Finished copy 108 at 2025-05-29T15:28:06.341
Finished copy 412 at 2025-05-29T15:28:08.916
Finished copy 207 at 2025-05-29T15:28:09.664
Finished copy 8 at 2025-05-29T15:28:10.190
Finished copy 308 at 2025-05-29T15:28:10.713
Finished copy 511 at 2025-05-29T15:28:11.451
Finished copy 512 at 2025-05-29T15:28:18.981
Finished copy 109 at 2025-05-29T15:28:23.956
Finished copy 9 at 2025-05-29T15:28:24.095
Finished copy 413 at 2025-05-29T15:28:25.767
Finished copy 208 at 2025-05-29T15:28:27.261
Finished copy 513 at 2025-05-29T15:28:27.547
Finished copy 309 at 2025-05-29T15:28:32.284
Finished copy 514 at 2025-05-29T15:28:35.531
Finished copy 110 at 2025-05-29T15:28:39.016
Finished copy 414 at 2025-05-29T15:28:40.348
Finished copy 10 at 2025-05-29T15:28:40.610
Finished copy 515 at 2025-05-29T15:28:43.799
Finished copy 310 at 2025-05-29T15:28:44.485
Finished copy 209 at 2025-05-29T15:28:46.254
Finished copy 111 at 2025-05-29T15:28:49.905
Finished copy 516 at 2025-05-29T15:28:52.282
Finished copy 11 at 2025-05-29T15:28:55.214
Finished copy 415 at 2025-05-29T15:28:57.698
Finished copy 112 at 2025-05-29T15:28:59.540
Finished copy 517 at 2025-05-29T15:29:01.404
Finished copy 311 at 2025-05-29T15:29:02.456
Finished copy 210 at 2025-05-29T15:29:05.646
Finished copy 113 at 2025-05-29T15:29:08.180
Finished copy 518 at 2025-05-29T15:29:09.516
Finished copy 12 at 2025-05-29T15:29:10.916
Finished copy 416 at 2025-05-29T15:29:12.294
Finished copy 114 at 2025-05-29T15:29:17.937
Finished copy 519 at 2025-05-29T15:29:18.479
Finished copy 312 at 2025-05-29T15:29:18.869
Finished copy 211 at 2025-05-29T15:29:22.772
Finished copy 417 at 2025-05-29T15:29:26.362
Finished copy 520 at 2025-05-29T15:29:26.695
Finished copy 13 at 2025-05-29T15:29:26.764
Finished copy 115 at 2025-05-29T15:29:29.885
Finished copy 313 at 2025-05-29T15:29:34.843
Finished copy 521 at 2025-05-29T15:29:36.156
Finished copy 212 at 2025-05-29T15:29:39.264
Finished copy 14 at 2025-05-29T15:29:40.918
Finished copy 418 at 2025-05-29T15:29:41.563
Finished copy 116 at 2025-05-29T15:29:44.438
Finished copy 522 at 2025-05-29T15:29:44.822
Finished copy 314 at 2025-05-29T15:29:50.876
Finished copy 523 at 2025-05-29T15:29:53.366
Finished copy 213 at 2025-05-29T15:29:55.418
Finished copy 419 at 2025-05-29T15:29:57.051
Finished copy 15 at 2025-05-29T15:29:57.348
Finished copy 117 at 2025-05-29T15:29:58.785
Finished copy 524 at 2025-05-29T15:30:02.067
Finished copy 315 at 2025-05-29T15:30:06.683
Finished copy 525 at 2025-05-29T15:30:09.966
Finished copy 118 at 2025-05-29T15:30:10.143
Finished copy 16 at 2025-05-29T15:30:12.365
Finished copy 420 at 2025-05-29T15:30:13.153
Finished copy 214 at 2025-05-29T15:30:14.351
Finished copy 526 at 2025-05-29T15:30:17.597
Finished copy 119 at 2025-05-29T15:30:20.987
Finished copy 316 at 2025-05-29T15:30:24.538
Finished copy 527 at 2025-05-29T15:30:25.849
Finished copy 17 at 2025-05-29T15:30:27.145
Finished copy 421 at 2025-05-29T15:30:28.371
Finished copy 215 at 2025-05-29T15:30:31.858
Finished copy 528 at 2025-05-29T15:30:33.909
Finished copy 120 at 2025-05-29T15:30:38.324
Finished copy 317 at 2025-05-29T15:30:38.959
Finished copy 18 at 2025-05-29T15:30:41.603
Finished copy 529 at 2025-05-29T15:30:42.274
Finished copy 422 at 2025-05-29T15:30:42.872
Finished copy 216 at 2025-05-29T15:30:49.052
Finished copy 530 at 2025-05-29T15:30:50.183
Finished copy 121 at 2025-05-29T15:30:50.998
Finished copy 318 at 2025-05-29T15:30:54.828
Finished copy 19 at 2025-05-29T15:30:55.618
Finished copy 423 at 2025-05-29T15:30:58.670
Finished copy 531 at 2025-05-29T15:30:58.748
Finished copy 122 at 2025-05-29T15:31:03.014
Finished copy 217 at 2025-05-29T15:31:06.201
Finished copy 20 at 2025-05-29T15:31:09.686
Finished copy 532 at 2025-05-29T15:31:10.325
Finished copy 319 at 2025-05-29T15:31:10.403
Finished copy 424 at 2025-05-29T15:31:12.413
Finished copy 123 at 2025-05-29T15:31:17.651
Finished copy 533 at 2025-05-29T15:31:18.609
Finished copy 218 at 2025-05-29T15:31:23.898
Finished copy 320 at 2025-05-29T15:31:25.377
Finished copy 21 at 2025-05-29T15:31:25.573
Finished copy 425 at 2025-05-29T15:31:26.990
Finished copy 534 at 2025-05-29T15:31:27.513
Finished copy 124 at 2025-05-29T15:31:33.047
Finished copy 535 at 2025-05-29T15:31:35.251
Finished copy 321 at 2025-05-29T15:31:40.932
Finished copy 219 at 2025-05-29T15:31:42.297
Finished copy 22 at 2025-05-29T15:31:42.708
Finished copy 426 at 2025-05-29T15:31:43.311
Finished copy 536 at 2025-05-29T15:31:44.062
Finished copy 125 at 2025-05-29T15:31:48.292
Finished copy 537 at 2025-05-29T15:31:52.814
Finished copy 322 at 2025-05-29T15:31:56.120
Finished copy 427 at 2025-05-29T15:31:57.185
Finished copy 23 at 2025-05-29T15:31:57.242
Finished copy 538 at 2025-05-29T15:32:02.914
Finished copy 220 at 2025-05-29T15:32:03.487
Finished copy 126 at 2025-05-29T15:32:03.559
Finished copy 323 at 2025-05-29T15:32:11.181
Finished copy 539 at 2025-05-29T15:32:11.486
Finished copy 24 at 2025-05-29T15:32:11.859
Finished copy 428 at 2025-05-29T15:32:12.521
Finished copy 127 at 2025-05-29T15:32:17.846
Finished copy 540 at 2025-05-29T15:32:19.952
Finished copy 221 at 2025-05-29T15:32:23
Finished copy 25 at 2025-05-29T15:32:26.356
Finished copy 324 at 2025-05-29T15:32:28.141
Finished copy 541 at 2025-05-29T15:32:28.328
Finished copy 128 at 2025-05-29T15:32:30.525
Finished copy 429 at 2025-05-29T15:32:33.128
Finished copy 542 at 2025-05-29T15:32:36.493
Finished copy 222 at 2025-05-29T15:32:40.753
Finished copy 26 at 2025-05-29T15:32:41.206
Finished copy 543 at 2025-05-29T15:32:44.886
Finished copy 129 at 2025-05-29T15:32:45.956
Finished copy 325 at 2025-05-29T15:32:46.067
Finished copy 430 at 2025-05-29T15:32:47.886
Finished copy 544 at 2025-05-29T15:32:52.732
Finished copy 27 at 2025-05-29T15:32:55.424
Finished copy 223 at 2025-05-29T15:32:58.384
Finished copy 326 at 2025-05-29T15:33:00.153
Finished copy 130 at 2025-05-29T15:33:00.498
Finished copy 545 at 2025-05-29T15:33:00.724
Finished copy 431 at 2025-05-29T15:33:01.537
Finished copy 546 at 2025-05-29T15:33:08.835
Finished copy 28 at 2025-05-29T15:33:10.751
Finished copy 131 at 2025-05-29T15:33:13.896
Finished copy 224 at 2025-05-29T15:33:15.039
Finished copy 327 at 2025-05-29T15:33:15.504
Finished copy 547 at 2025-05-29T15:33:16.983
Finished copy 432 at 2025-05-29T15:33:17.177
Finished copy 548 at 2025-05-29T15:33:24.715
Finished copy 29 at 2025-05-29T15:33:26.202
Finished copy 132 at 2025-05-29T15:33:30.087
Finished copy 225 at 2025-05-29T15:33:30.730
Finished copy 433 at 2025-05-29T15:33:31.990
Finished copy 328 at 2025-05-29T15:33:32.625
Finished copy 549 at 2025-05-29T15:33:32.627
Finished copy 550 at 2025-05-29T15:33:41.953
Finished copy 30 at 2025-05-29T15:33:43.683
Finished copy 133 at 2025-05-29T15:33:45.455
Finished copy 434 at 2025-05-29T15:33:46.966
Finished copy 226 at 2025-05-29T15:33:47.356
Finished copy 329 at 2025-05-29T15:33:48.476
Finished copy 551 at 2025-05-29T15:33:51.780
Finished copy 134 at 2025-05-29T15:33:58.236
Finished copy 31 at 2025-05-29T15:33:59.464
Finished copy 435 at 2025-05-29T15:34:00.302
Finished copy 552 at 2025-05-29T15:34:00.519
Finished copy 330 at 2025-05-29T15:34:03.553
Finished copy 227 at 2025-05-29T15:34:03.968
Finished copy 553 at 2025-05-29T15:34:08.090
Finished copy 135 at 2025-05-29T15:34:13.635
Finished copy 32 at 2025-05-29T15:34:13.636
Finished copy 436 at 2025-05-29T15:34:15.244
Finished copy 554 at 2025-05-29T15:34:16.514
Finished copy 331 at 2025-05-29T15:34:17.430
Finished copy 228 at 2025-05-29T15:34:22.255
Finished copy 555 at 2025-05-29T15:34:24.163
Finished copy 136 at 2025-05-29T15:34:27.127
Finished copy 33 at 2025-05-29T15:34:29.383
Finished copy 437 at 2025-05-29T15:34:30.544
Finished copy 556 at 2025-05-29T15:34:33.280
Finished copy 332 at 2025-05-29T15:34:33.478
Finished copy 229 at 2025-05-29T15:34:39.604
Finished copy 137 at 2025-05-29T15:34:40.409
Finished copy 557 at 2025-05-29T15:34:41.615
Finished copy 438 at 2025-05-29T15:34:45.295
Finished copy 34 at 2025-05-29T15:34:45.301
Finished copy 333 at 2025-05-29T15:34:49.922
Finished copy 558 at 2025-05-29T15:34:50.527
Finished copy 138 at 2025-05-29T15:34:55.163
Finished copy 230 at 2025-05-29T15:34:57.197
Finished copy 559 at 2025-05-29T15:34:58.568
Finished copy 439 at 2025-05-29T15:35:01.283
Finished copy 35 at 2025-05-29T15:35:03.495
Finished copy 334 at 2025-05-29T15:35:03.992
Finished copy 560 at 2025-05-29T15:35:06.660
Finished copy 139 at 2025-05-29T15:35:10.321
Finished copy 231 at 2025-05-29T15:35:15.143
Finished copy 561 at 2025-05-29T15:35:15.594
Finished copy 440 at 2025-05-29T15:35:16.408
Finished copy 36 at 2025-05-29T15:35:18.660
Finished copy 335 at 2025-05-29T15:35:19.525
Finished copy 562 at 2025-05-29T15:35:23.820
Finished copy 140 at 2025-05-29T15:35:24.843
Finished copy 441 at 2025-05-29T15:35:30.933
Finished copy 563 at 2025-05-29T15:35:32.856
Finished copy 232 at 2025-05-29T15:35:33.051
Finished copy 37 at 2025-05-29T15:35:34.888
Finished copy 336 at 2025-05-29T15:35:35.579
Finished copy 141 at 2025-05-29T15:35:39.879
Finished copy 564 at 2025-05-29T15:35:40.217
Finished copy 565 at 2025-05-29T15:35:48.319
Finished copy 233 at 2025-05-29T15:35:49.251
Finished copy 38 at 2025-05-29T15:35:50.392
Finished copy 442 at 2025-05-29T15:35:51.179
Finished copy 337 at 2025-05-29T15:35:52.601
Finished copy 142 at 2025-05-29T15:35:53.298
Finished copy 566 at 2025-05-29T15:35:55.806
Finished copy 567 at 2025-05-29T15:36:04.179
Finished copy 338 at 2025-05-29T15:36:06.125
Finished copy 39 at 2025-05-29T15:36:06.520
Finished copy 443 at 2025-05-29T15:36:07.092
Finished copy 234 at 2025-05-29T15:36:09.556
Finished copy 143 at 2025-05-29T15:36:10.744
Finished copy 568 at 2025-05-29T15:36:12.894
Finished copy 339 at 2025-05-29T15:36:18.963
Finished copy 569 at 2025-05-29T15:36:21.102
Finished copy 40 at 2025-05-29T15:36:23.163
Finished copy 444 at 2025-05-29T15:36:23.994
Finished copy 144 at 2025-05-29T15:36:24.570
Finished copy 235 at 2025-05-29T15:36:26.430
Finished copy 570 at 2025-05-29T15:36:29.312
Finished copy 340 at 2025-05-29T15:36:32.753
Finished copy 571 at 2025-05-29T15:36:38.177
Finished copy 145 at 2025-05-29T15:36:39.142
Finished copy 445 at 2025-05-29T15:36:39.222
Finished copy 41 at 2025-05-29T15:36:39.697
Finished copy 236 at 2025-05-29T15:36:43.383
Finished copy 572 at 2025-05-29T15:36:47.107
Finished copy 341 at 2025-05-29T15:36:48.870
Finished copy 446 at 2025-05-29T15:36:53.278
Finished copy 146 at 2025-05-29T15:36:53.349
Finished copy 573 at 2025-05-29T15:36:56.088
Finished copy 42 at 2025-05-29T15:36:56.337
Finished copy 237 at 2025-05-29T15:36:59.825
Finished copy 342 at 2025-05-29T15:37:04.295
Finished copy 574 at 2025-05-29T15:37:04.590
Finished copy 147 at 2025-05-29T15:37:07.910
Finished copy 447 at 2025-05-29T15:37:09.594
Finished copy 43 at 2025-05-29T15:37:13.539
Finished copy 575 at 2025-05-29T15:37:16.709
Finished copy 238 at 2025-05-29T15:37:17.722
Finished copy 343 at 2025-05-29T15:37:18.382
Finished copy 148 at 2025-05-29T15:37:21.282
Finished copy 448 at 2025-05-29T15:37:24.312
Finished copy 576 at 2025-05-29T15:37:25.121
Finished copy 44 at 2025-05-29T15:37:28.116
Finished copy 577 at 2025-05-29T15:37:33.651
Finished copy 239 at 2025-05-29T15:37:34.160
Finished copy 149 at 2025-05-29T15:37:34.935
Finished copy 344 at 2025-05-29T15:37:34.946
Finished copy 449 at 2025-05-29T15:37:40.791
Finished copy 578 at 2025-05-29T15:37:42.843
Finished copy 45 at 2025-05-29T15:37:45.716
Finished copy 150 at 2025-05-29T15:37:49.078
Finished copy 345 at 2025-05-29T15:37:50.891
Finished copy 240 at 2025-05-29T15:37:51.091
Finished copy 579 at 2025-05-29T15:37:52.001
Finished copy 450 at 2025-05-29T15:37:55.203
Finished copy 580 at 2025-05-29T15:38:00.775
Finished copy 46 at 2025-05-29T15:38:01.014
Finished copy 151 at 2025-05-29T15:38:04.267
Finished copy 346 at 2025-05-29T15:38:05.375
Finished copy 241 at 2025-05-29T15:38:07.348
Finished copy 581 at 2025-05-29T15:38:09.520
Finished copy 451 at 2025-05-29T15:38:10.847
Finished copy 47 at 2025-05-29T15:38:16.971
Finished copy 582 at 2025-05-29T15:38:17.843
Finished copy 347 at 2025-05-29T15:38:20.135
Finished copy 152 at 2025-05-29T15:38:20.371
Finished copy 583 at 2025-05-29T15:38:26.011
Finished copy 242 at 2025-05-29T15:38:27.050
Finished copy 452 at 2025-05-29T15:38:28.264
Finished copy 48 at 2025-05-29T15:38:33.676
Finished copy 584 at 2025-05-29T15:38:34.915
Finished copy 153 at 2025-05-29T15:38:35.502
Finished copy 348 at 2025-05-29T15:38:38.637
Finished copy 453 at 2025-05-29T15:38:41.325
Finished copy 243 at 2025-05-29T15:38:42.647
Finished copy 585 at 2025-05-29T15:38:43.782
Finished copy 49 at 2025-05-29T15:38:51.074
Finished copy 586 at 2025-05-29T15:38:52.493
Finished copy 154 at 2025-05-29T15:38:53.286
Finished copy 349 at 2025-05-29T15:38:55.828
Finished copy 454 at 2025-05-29T15:38:55.940
Finished copy 244 at 2025-05-29T15:38:59.100
Finished copy 587 at 2025-05-29T15:39:02.963
Finished copy 155 at 2025-05-29T15:39:06.644
Finished copy 50 at 2025-05-29T15:39:07.665
Finished copy 588 at 2025-05-29T15:39:11.491
Finished copy 455 at 2025-05-29T15:39:11.594
Finished copy 350 at 2025-05-29T15:39:11.912
Finished copy 245 at 2025-05-29T15:39:16.483
Finished copy 589 at 2025-05-29T15:39:19.799
Finished copy 156 at 2025-05-29T15:39:21.021
Finished copy 51 at 2025-05-29T15:39:24.826
Finished copy 456 at 2025-05-29T15:39:26.665
Finished copy 351 at 2025-05-29T15:39:27.094
Finished copy 590 at 2025-05-29T15:39:28.377
Finished copy 246 at 2025-05-29T15:39:32.755
Finished copy 591 at 2025-05-29T15:39:36.610
Finished copy 157 at 2025-05-29T15:39:36.622
Finished copy 457 at 2025-05-29T15:39:40.598
Finished copy 352 at 2025-05-29T15:39:42.201
Finished copy 52 at 2025-05-29T15:39:43.494
Finished copy 592 at 2025-05-29T15:39:45.730
Finished copy 458 at 2025-05-29T15:39:50.202
Finished copy 158 at 2025-05-29T15:39:53.173
Finished copy 593 at 2025-05-29T15:39:54.855
Finished copy 247 at 2025-05-29T15:39:56.107
Finished copy 353 at 2025-05-29T15:39:58.560
Finished copy 53 at 2025-05-29T15:39:58.789
Finished copy 459 at 2025-05-29T15:40:00.257
Finished copy 594 at 2025-05-29T15:40:06.055
Finished copy 159 at 2025-05-29T15:40:06.888
Finished copy 54 at 2025-05-29T15:40:11.614
Finished copy 354 at 2025-05-29T15:40:14.109
Finished copy 248 at 2025-05-29T15:40:14.715
Finished copy 595 at 2025-05-29T15:40:16.489
Finished copy 460 at 2025-05-29T15:40:16.968
Finished copy 160 at 2025-05-29T15:40:17.379
Finished copy 55 at 2025-05-29T15:40:24.224
Finished copy 596 at 2025-05-29T15:40:26.881
Finished copy 161 at 2025-05-29T15:40:30.282
Finished copy 249 at 2025-05-29T15:40:30.544
Finished copy 355 at 2025-05-29T15:40:30.553
Finished copy 461 at 2025-05-29T15:40:32.203
Finished copy 597 at 2025-05-29T15:40:35.257
Finished copy 56 at 2025-05-29T15:40:39.929
Finished copy 598 at 2025-05-29T15:40:44.272
Finished copy 162 at 2025-05-29T15:40:44.464
Finished copy 356 at 2025-05-29T15:40:46.509
Finished copy 250 at 2025-05-29T15:40:46.967
Finished copy 462 at 2025-05-29T15:40:48.305
Finished copy 599 at 2025-05-29T15:40:52.847
Finished copy 57 at 2025-05-29T15:40:55.352
Finished copy 600 at 2025-05-29T15:41:02.181
Finished copy 251 at 2025-05-29T15:41:02.968
Finished copy 163 at 2025-05-29T15:41:03.972
Finished copy 463 at 2025-05-29T15:41:05.295
Finished copy 357 at 2025-05-29T15:41:06.572
Finished copy 58 at 2025-05-29T15:41:08.905
Finished copy 164 at 2025-05-29T15:41:12.055
Finished copy 464 at 2025-05-29T15:41:18.103
Finished copy 252 at 2025-05-29T15:41:19.224
Finished copy 59 at 2025-05-29T15:41:20.764
Finished copy 165 at 2025-05-29T15:41:21.189
Finished copy 358 at 2025-05-29T15:41:23.580
Finished copy 465 at 2025-05-29T15:41:26.722
Finished copy 166 at 2025-05-29T15:41:29.286
Finished copy 60 at 2025-05-29T15:41:32.451
Finished copy 466 at 2025-05-29T15:41:34.858
Finished copy 253 at 2025-05-29T15:41:35.091
Finished copy 167 at 2025-05-29T15:41:38.077
Finished copy 359 at 2025-05-29T15:41:42.857
Finished copy 467 at 2025-05-29T15:41:43.309
Finished copy 168 at 2025-05-29T15:41:46.259
Finished copy 61 at 2025-05-29T15:41:46.331
Finished copy 468 at 2025-05-29T15:41:52.196
Finished copy 254 at 2025-05-29T15:41:53.889
Finished copy 169 at 2025-05-29T15:41:55.385
Finished copy 62 at 2025-05-29T15:41:58.663
Finished copy 360 at 2025-05-29T15:41:58.826
Finished copy 469 at 2025-05-29T15:42:01.071
Finished copy 170 at 2025-05-29T15:42:06.484
Finished copy 470 at 2025-05-29T15:42:08.712
Finished copy 63 at 2025-05-29T15:42:11.836
Finished copy 255 at 2025-05-29T15:42:12.607
Finished copy 171 at 2025-05-29T15:42:15.649
Finished copy 361 at 2025-05-29T15:42:17.738
Finished copy 471 at 2025-05-29T15:42:17.771
Finished copy 172 at 2025-05-29T15:42:24.425
Finished copy 472 at 2025-05-29T15:42:25.625
Finished copy 64 at 2025-05-29T15:42:27.447
Finished copy 256 at 2025-05-29T15:42:31.118
Finished copy 362 at 2025-05-29T15:42:32.467
Finished copy 173 at 2025-05-29T15:42:32.733
Finished copy 473 at 2025-05-29T15:42:33.697
Finished copy 65 at 2025-05-29T15:42:42.554
Finished copy 474 at 2025-05-29T15:42:43.616
Finished copy 174 at 2025-05-29T15:42:45.424
Finished copy 257 at 2025-05-29T15:42:48.426
Finished copy 363 at 2025-05-29T15:42:49.250
Finished copy 475 at 2025-05-29T15:42:52.293
Finished copy 66 at 2025-05-29T15:42:54.462
Finished copy 476 at 2025-05-29T15:43:00.148
Finished copy 175 at 2025-05-29T15:43:00.179
Finished copy 258 at 2025-05-29T15:43:04.804
Finished copy 364 at 2025-05-29T15:43:04.944
Finished copy 67 at 2025-05-29T15:43:05.574
Finished copy 477 at 2025-05-29T15:43:08.110
Finished copy 176 at 2025-05-29T15:43:12.679
Finished copy 478 at 2025-05-29T15:43:17.290
Finished copy 68 at 2025-05-29T15:43:19.951
Finished copy 365 at 2025-05-29T15:43:20.135
Finished copy 259 at 2025-05-29T15:43:22.734
Finished copy 479 at 2025-05-29T15:43:26.195
Finished copy 177 at 2025-05-29T15:43:27.707
Finished copy 69 at 2025-05-29T15:43:33.688
Finished copy 366 at 2025-05-29T15:43:35.244
Finished copy 480 at 2025-05-29T15:43:35.292
Finished copy 260 at 2025-05-29T15:43:37.573
Finished copy 178 at 2025-05-29T15:43:43.010
Finished copy 481 at 2025-05-29T15:43:43.188
Finished copy 70 at 2025-05-29T15:43:45.063
Finished copy 367 at 2025-05-29T15:43:49.726
Finished copy 482 at 2025-05-29T15:43:50.671
Finished copy 261 at 2025-05-29T15:43:54.586
Finished copy 179 at 2025-05-29T15:43:56.558
Finished copy 71 at 2025-05-29T15:43:57.579
Finished copy 483 at 2025-05-29T15:43:58.161
Finished copy 368 at 2025-05-29T15:44:04.432
Finished copy 484 at 2025-05-29T15:44:06.803
Finished copy 72 at 2025-05-29T15:44:09.199
Finished copy 180 at 2025-05-29T15:44:09.922
Finished copy 262 at 2025-05-29T15:44:14.218
Finished copy 485 at 2025-05-29T15:44:15.095
Finished copy 73 at 2025-05-29T15:44:17.081
Finished copy 486 at 2025-05-29T15:44:22.711
Finished copy 369 at 2025-05-29T15:44:22.901
Finished copy 181 at 2025-05-29T15:44:25.569
Finished copy 74 at 2025-05-29T15:44:25.945
Finished copy 487 at 2025-05-29T15:44:31.639
Finished copy 263 at 2025-05-29T15:44:32.882
Finished copy 75 at 2025-05-29T15:44:35.889
Finished copy 182 at 2025-05-29T15:44:37.551
Finished copy 370 at 2025-05-29T15:44:39.448
Finished copy 488 at 2025-05-29T15:44:41.794
Finished copy 76 at 2025-05-29T15:44:46.299
Finished copy 264 at 2025-05-29T15:44:46.324
Finished copy 183 at 2025-05-29T15:44:48.630
Finished copy 489 at 2025-05-29T15:44:50.989
Finished copy 371 at 2025-05-29T15:44:51.508
Finished copy 77 at 2025-05-29T15:44:55.498
Finished copy 184 at 2025-05-29T15:44:57.326
Finished copy 490 at 2025-05-29T15:44:59.252
Finished copy 78 at 2025-05-29T15:45:04.243
Finished copy 265 at 2025-05-29T15:45:04.552
Finished copy 491 at 2025-05-29T15:45:07.431
Finished copy 372 at 2025-05-29T15:45:07.620
Finished copy 185 at 2025-05-29T15:45:11.137
Finished copy 492 at 2025-05-29T15:45:15.565
Finished copy 79 at 2025-05-29T15:45:16.897
Finished copy 373 at 2025-05-29T15:45:21.471
Finished copy 266 at 2025-05-29T15:45:22.551
Finished copy 186 at 2025-05-29T15:45:23.790
Finished copy 493 at 2025-05-29T15:45:24.087
Finished copy 80 at 2025-05-29T15:45:25.590
Finished copy 494 at 2025-05-29T15:45:33.567
Finished copy 81 at 2025-05-29T15:45:33.747
Finished copy 374 at 2025-05-29T15:45:37.841
Finished copy 187 at 2025-05-29T15:45:38.881
Finished copy 267 at 2025-05-29T15:45:39.079
Finished copy 495 at 2025-05-29T15:45:41.350
Finished copy 82 at 2025-05-29T15:45:44.530
Finished copy 496 at 2025-05-29T15:45:51.365
Finished copy 375 at 2025-05-29T15:45:52.995
Finished copy 83 at 2025-05-29T15:45:53.143
Finished copy 188 at 2025-05-29T15:45:55.013
Finished copy 268 at 2025-05-29T15:45:57.232
Finished copy 497 at 2025-05-29T15:45:59.421
Finished copy 84 at 2025-05-29T15:46:02.114
Finished copy 498 at 2025-05-29T15:46:07.210
Finished copy 376 at 2025-05-29T15:46:10.249
Finished copy 85 at 2025-05-29T15:46:10.659
Finished copy 189 at 2025-05-29T15:46:11.151
Finished copy 499 at 2025-05-29T15:46:15.774
Finished copy 269 at 2025-05-29T15:46:17.126
Finished copy 86 at 2025-05-29T15:46:18.969
Finished copy 500 at 2025-05-29T15:46:23.822
Finished copy 377 at 2025-05-29T15:46:26.580
Finished copy 190 at 2025-05-29T15:46:26.685
Finished copy 87 at 2025-05-29T15:46:27.173
Finished copy 270 at 2025-05-29T15:46:34.574
Finished copy 88 at 2025-05-29T15:46:34.737
Finished copy 191 at 2025-05-29T15:46:38.980
Finished copy 378 at 2025-05-29T15:46:42.837
Finished copy 89 at 2025-05-29T15:46:43.060
Finished copy 192 at 2025-05-29T15:46:48.967
Finished copy 271 at 2025-05-29T15:46:50.707
Finished copy 90 at 2025-05-29T15:46:50.734
Finished copy 91 at 2025-05-29T15:46:57.937
Finished copy 379 at 2025-05-29T15:46:59.036
Finished copy 193 at 2025-05-29T15:47:00.527
Finished copy 92 at 2025-05-29T15:47:06.061
Finished copy 272 at 2025-05-29T15:47:09.111
Finished copy 194 at 2025-05-29T15:47:10.700
Finished copy 380 at 2025-05-29T15:47:15.247
Finished copy 93 at 2025-05-29T15:47:15.315
Finished copy 195 at 2025-05-29T15:47:20.402
Finished copy 94 at 2025-05-29T15:47:23.703
Finished copy 273 at 2025-05-29T15:47:25.461
Finished copy 95 at 2025-05-29T15:47:31.400
Finished copy 381 at 2025-05-29T15:47:32.911
Finished copy 196 at 2025-05-29T15:47:33.195
Finished copy 96 at 2025-05-29T15:47:39.108
Finished copy 274 at 2025-05-29T15:47:43.329
Finished copy 197 at 2025-05-29T15:47:45.362
Finished copy 97 at 2025-05-29T15:47:46.077
Finished copy 382 at 2025-05-29T15:47:49.114
Finished copy 98 at 2025-05-29T15:47:54.188
Finished copy 198 at 2025-05-29T15:47:58.256
Finished copy 275 at 2025-05-29T15:47:59.180
Finished copy 99 at 2025-05-29T15:48:01.745
Finished copy 383 at 2025-05-29T15:48:05.345
Finished copy 100 at 2025-05-29T15:48:09.548
Finished copy 199 at 2025-05-29T15:48:10.084
Finished copy 276 at 2025-05-29T15:48:14.379
Finished copy 200 at 2025-05-29T15:48:16.449
Finished copy 384 at 2025-05-29T15:48:18.304
Finished copy 277 at 2025-05-29T15:48:23.713
Finished copy 385 at 2025-05-29T15:48:24.353
Finished copy 278 at 2025-05-29T15:48:31.247
Finished copy 386 at 2025-05-29T15:48:32.879
Finished copy 279 at 2025-05-29T15:48:39.980
Finished copy 387 at 2025-05-29T15:48:40.131
Finished copy 280 at 2025-05-29T15:48:47.393
Finished copy 388 at 2025-05-29T15:48:48.226
Finished copy 281 at 2025-05-29T15:48:54.237
Finished copy 389 at 2025-05-29T15:48:55.666
Finished copy 282 at 2025-05-29T15:49:02.354
Finished copy 390 at 2025-05-29T15:49:03.256
Finished copy 283 at 2025-05-29T15:49:09.598
Finished copy 391 at 2025-05-29T15:49:10.186
Finished copy 284 at 2025-05-29T15:49:16.737
Finished copy 392 at 2025-05-29T15:49:17.001
Finished copy 285 at 2025-05-29T15:49:23.770
Finished copy 393 at 2025-05-29T15:49:24.341
Finished copy 394 at 2025-05-29T15:49:31.402
Finished copy 286 at 2025-05-29T15:49:32.889
Finished copy 395 at 2025-05-29T15:49:37.975
Finished copy 287 at 2025-05-29T15:49:39.929
Finished copy 396 at 2025-05-29T15:49:44.676
Finished copy 288 at 2025-05-29T15:49:47.178
Finished copy 397 at 2025-05-29T15:49:51.094
Finished copy 289 at 2025-05-29T15:49:55.369
Finished copy 398 at 2025-05-29T15:49:57.769
Finished copy 290 at 2025-05-29T15:50:04.014
Finished copy 399 at 2025-05-29T15:50:06.372
Finished copy 291 at 2025-05-29T15:50:11.096
Finished copy 400 at 2025-05-29T15:50:12.779
Finished copy 292 at 2025-05-29T15:50:17.261
Finished copy 293 at 2025-05-29T15:50:23.337
Finished copy 294 at 2025-05-29T15:50:29.526
Finished copy 295 at 2025-05-29T15:50:35.604
Finished copy 296 at 2025-05-29T15:50:42.160
Finished copy 297 at 2025-05-29T15:50:48.566
Finished copy 298 at 2025-05-29T15:50:54.607
Finished copy 299 at 2025-05-29T15:51:00.649
Finished copy 300 at 2025-05-29T15:51:07.625
