Starting saddles simulation at 2025-05-29T14:21:37.566
Lattice size: 38
Beta values: [0.1, 0.10279944599549397, 0.10567726096980483, 0.10863563882017176, 0.11167683486080235, 0.11480316754220751, 0.1180170202186681, 0.1213208429651809, 0.12471715444526921, 0.12820854383108135, 0.1317976727772417, 0.13548727744995842, 0.13928017061293513, 0.14317924377167612, 0.14718746937782085, 0.15130790309518719, 0.15554368612925135, 0.15989804762184037, 0.16437430711286308, 0.16897587707095507, 0.17370626549496876, 0.1785690785882898, 0.18356802350802015, 0.1887069111911229, 0.19398965925968314, 0.19942029500750083, 0.20500295847029057, 0.21074190558183128, 0.21664151141846955, 0.22270627353445155, 0.22894081539062563, 0.23534988987912978, 0.2419383829467506, 0.24871131731971624, 0.25567385633276335, 0.26283130786539594, 0.2701891283883382, 0.27775292712326566, 0.2855284703189852, 0.2935216856473252, 0.3017386667220857, 0.3101856777444941, 0.3188691582787082, 0.3277957281610069, 0.3369721925464105, 0.3464055470965792, 0.3561029833129435, 0.36607189401913226, 0.3763198789968798, 0.3868547507797058, 0.39768454060878644, 0.4088175045555577, 0.4202621298157168, 0.4320271411794205, 0.4441215076826148, 0.4565544494445634, 0.46933544469678873, 0.48247423700878694, 0.49598084271601944, 0.5098655585558504, 0.5241389695172453, 0.5388119569102191, 0.553895706661185, 0.5694017178405246, 0.5853418114288852, 0.601728139328883, 0.6185731936290858, 0.6358898161273345, 0.6536912081206652, 0.6719909404692954, 0.6908029639423454, 0.710141619853183, 0.730021650992499, 0.7504582128674476, 0.7714668852554213, 0.7930636840812662, 0.815265073626996, 0.8380879790833082, 0.8615497994524721, 0.885668420812431, 0.9104622299522194, 0.9359501283891019, 0.9621515467781114, 0.9890864597249744, 1.0167754010137187, 1.045239479260565, 1.0745003940060471, 1.1045804522576164, 1.1355025854953513, 1.1672903671537318, 1.1999680305928035, 1.2335604875724422, 1.2680933472437848, 1.3035929356723266, 1.3400863159075478, 1.3776013086143843, 1.4161665132822627, 1.4558113300278694, 1.4965659820082826, 1.5384615384615383]
Copies: 600
Move type: l chain flip
----------------------------------
Finished copy 201 at 2025-05-29T14:21:45.170
Finished copy 1 at 2025-05-29T14:21:47.517
Finished copy 501 at 2025-05-29T14:21:48.081
Finished copy 401 at 2025-05-29T14:21:49.359
Finished copy 301 at 2025-05-29T14:21:49.874
Finished copy 101 at 2025-05-29T14:21:51.449
Finished copy 202 at 2025-05-29T14:21:52.329
Finished copy 302 at 2025-05-29T14:21:59.022
Finished copy 203 at 2025-05-29T14:21:59.028
Finished copy 502 at 2025-05-29T14:21:59.928
Finished copy 2 at 2025-05-29T14:22:00.622
Finished copy 402 at 2025-05-29T14:22:02.249
Finished copy 102 at 2025-05-29T14:22:04.617
Finished copy 204 at 2025-05-29T14:22:05.028
Finished copy 303 at 2025-05-29T14:22:08.844
Finished copy 503 at 2025-05-29T14:22:09.841
Finished copy 205 at 2025-05-29T14:22:12.022
Finished copy 403 at 2025-05-29T14:22:12.614
Finished copy 3 at 2025-05-29T14:22:15.625
Finished copy 103 at 2025-05-29T14:22:17.714
Finished copy 206 at 2025-05-29T14:22:18.882
Finished copy 304 at 2025-05-29T14:22:20.436
Finished copy 504 at 2025-05-29T14:22:21.458
Finished copy 404 at 2025-05-29T14:22:24.708
Finished copy 207 at 2025-05-29T14:22:25.840
Finished copy 4 at 2025-05-29T14:22:27.952
Finished copy 104 at 2025-05-29T14:22:30.073
Finished copy 505 at 2025-05-29T14:22:31.086
Finished copy 305 at 2025-05-29T14:22:31.329
Finished copy 208 at 2025-05-29T14:22:33.187
Finished copy 405 at 2025-05-29T14:22:36.223
Finished copy 209 at 2025-05-29T14:22:40.071
Finished copy 306 at 2025-05-29T14:22:42.109
Finished copy 5 at 2025-05-29T14:22:42.534
Finished copy 506 at 2025-05-29T14:22:43.342
Finished copy 105 at 2025-05-29T14:22:46.056
Finished copy 210 at 2025-05-29T14:22:46.388
Finished copy 406 at 2025-05-29T14:22:48.247
Finished copy 307 at 2025-05-29T14:22:53.388
Finished copy 211 at 2025-05-29T14:22:53.626
Finished copy 507 at 2025-05-29T14:22:55.291
Finished copy 6 at 2025-05-29T14:22:56.835
Finished copy 106 at 2025-05-29T14:22:57.719
Finished copy 407 at 2025-05-29T14:22:58.723
Finished copy 212 at 2025-05-29T14:23:00.269
Finished copy 308 at 2025-05-29T14:23:05.296
Finished copy 508 at 2025-05-29T14:23:06.229
Finished copy 213 at 2025-05-29T14:23:07.205
Finished copy 7 at 2025-05-29T14:23:08.599
Finished copy 107 at 2025-05-29T14:23:10.594
Finished copy 408 at 2025-05-29T14:23:11.524
Finished copy 214 at 2025-05-29T14:23:13.395
Finished copy 509 at 2025-05-29T14:23:15.339
Finished copy 309 at 2025-05-29T14:23:17.143
Finished copy 215 at 2025-05-29T14:23:20.006
Finished copy 8 at 2025-05-29T14:23:23.560
Finished copy 409 at 2025-05-29T14:23:23.778
Finished copy 510 at 2025-05-29T14:23:24.191
Finished copy 108 at 2025-05-29T14:23:24.495
Finished copy 216 at 2025-05-29T14:23:26.658
Finished copy 310 at 2025-05-29T14:23:30.485
Finished copy 217 at 2025-05-29T14:23:32.591
Finished copy 511 at 2025-05-29T14:23:34.351
Finished copy 410 at 2025-05-29T14:23:35.401
Finished copy 9 at 2025-05-29T14:23:36.234
Finished copy 109 at 2025-05-29T14:23:37.420
Finished copy 218 at 2025-05-29T14:23:39.519
Finished copy 311 at 2025-05-29T14:23:42.388
Finished copy 512 at 2025-05-29T14:23:44.659
Finished copy 219 at 2025-05-29T14:23:46.542
Finished copy 411 at 2025-05-29T14:23:47.239
Finished copy 10 at 2025-05-29T14:23:48.557
Finished copy 110 at 2025-05-29T14:23:52.040
Finished copy 220 at 2025-05-29T14:23:53.630
Finished copy 513 at 2025-05-29T14:23:53.808
Finished copy 312 at 2025-05-29T14:23:54.586
Finished copy 221 at 2025-05-29T14:24:00.059
Finished copy 11 at 2025-05-29T14:24:01.752
Finished copy 412 at 2025-05-29T14:24:02.035
Finished copy 514 at 2025-05-29T14:24:04.250
Finished copy 111 at 2025-05-29T14:24:04.330
Finished copy 313 at 2025-05-29T14:24:06.849
Finished copy 222 at 2025-05-29T14:24:06.884
Finished copy 515 at 2025-05-29T14:24:13.082
Finished copy 413 at 2025-05-29T14:24:13.670
Finished copy 223 at 2025-05-29T14:24:14.004
Finished copy 12 at 2025-05-29T14:24:14.107
Finished copy 112 at 2025-05-29T14:24:17.140
Finished copy 314 at 2025-05-29T14:24:18.193
Finished copy 224 at 2025-05-29T14:24:21.199
Finished copy 516 at 2025-05-29T14:24:22.935
Finished copy 414 at 2025-05-29T14:24:25.480
Finished copy 225 at 2025-05-29T14:24:27.916
Finished copy 13 at 2025-05-29T14:24:28.102
Finished copy 113 at 2025-05-29T14:24:28.859
Finished copy 315 at 2025-05-29T14:24:32.387
Finished copy 517 at 2025-05-29T14:24:33.780
Finished copy 226 at 2025-05-29T14:24:35.032
Finished copy 415 at 2025-05-29T14:24:39.001
Finished copy 114 at 2025-05-29T14:24:40.304
Finished copy 227 at 2025-05-29T14:24:41.795
Finished copy 14 at 2025-05-29T14:24:42.100
Finished copy 518 at 2025-05-29T14:24:43.346
Finished copy 316 at 2025-05-29T14:24:44.026
Finished copy 228 at 2025-05-29T14:24:48.473
Finished copy 416 at 2025-05-29T14:24:51.609
Finished copy 519 at 2025-05-29T14:24:52.370
Finished copy 115 at 2025-05-29T14:24:52.949
Finished copy 229 at 2025-05-29T14:24:55.633
Finished copy 15 at 2025-05-29T14:24:56.550
Finished copy 317 at 2025-05-29T14:24:57.908
Finished copy 520 at 2025-05-29T14:25:01.840
Finished copy 230 at 2025-05-29T14:25:02.299
Finished copy 417 at 2025-05-29T14:25:03.425
Finished copy 116 at 2025-05-29T14:25:04.922
Finished copy 16 at 2025-05-29T14:25:08.169
Finished copy 231 at 2025-05-29T14:25:08.979
Finished copy 318 at 2025-05-29T14:25:10.103
Finished copy 521 at 2025-05-29T14:25:13.004
Finished copy 117 at 2025-05-29T14:25:13.976
Finished copy 418 at 2025-05-29T14:25:14.347
Finished copy 232 at 2025-05-29T14:25:16.020
Finished copy 118 at 2025-05-29T14:25:20.876
Finished copy 233 at 2025-05-29T14:25:22.393
Finished copy 319 at 2025-05-29T14:25:22.962
Finished copy 17 at 2025-05-29T14:25:23.034
Finished copy 419 at 2025-05-29T14:25:25.717
Finished copy 522 at 2025-05-29T14:25:26.623
Finished copy 119 at 2025-05-29T14:25:28.689
Finished copy 234 at 2025-05-29T14:25:29.376
Finished copy 320 at 2025-05-29T14:25:35.646
Finished copy 235 at 2025-05-29T14:25:36.044
Finished copy 120 at 2025-05-29T14:25:36.370
Finished copy 18 at 2025-05-29T14:25:36.840
Finished copy 523 at 2025-05-29T14:25:38.266
Finished copy 420 at 2025-05-29T14:25:38.332
Finished copy 236 at 2025-05-29T14:25:42.546
Finished copy 121 at 2025-05-29T14:25:44.442
Finished copy 321 at 2025-05-29T14:25:47.839
Finished copy 237 at 2025-05-29T14:25:49.754
Finished copy 421 at 2025-05-29T14:25:50.301
Finished copy 122 at 2025-05-29T14:25:51.459
Finished copy 524 at 2025-05-29T14:25:51.702
Finished copy 19 at 2025-05-29T14:25:53.300
Finished copy 238 at 2025-05-29T14:25:56.552
Finished copy 123 at 2025-05-29T14:25:58.318
Finished copy 322 at 2025-05-29T14:26:00.501
Finished copy 422 at 2025-05-29T14:26:01.324
Finished copy 239 at 2025-05-29T14:26:03.034
Finished copy 525 at 2025-05-29T14:26:04.691
Finished copy 124 at 2025-05-29T14:26:05.770
Finished copy 20 at 2025-05-29T14:26:09.182
Finished copy 240 at 2025-05-29T14:26:09.509
Finished copy 423 at 2025-05-29T14:26:11.319
Finished copy 125 at 2025-05-29T14:26:12.527
Finished copy 323 at 2025-05-29T14:26:14.251
Finished copy 241 at 2025-05-29T14:26:16.775
Finished copy 526 at 2025-05-29T14:26:17.543
Finished copy 424 at 2025-05-29T14:26:17.578
Finished copy 242 at 2025-05-29T14:26:23.824
Finished copy 21 at 2025-05-29T14:26:23.999
Finished copy 126 at 2025-05-29T14:26:24.497
Finished copy 425 at 2025-05-29T14:26:25.227
Finished copy 324 at 2025-05-29T14:26:28.010
Finished copy 527 at 2025-05-29T14:26:29.207
Finished copy 243 at 2025-05-29T14:26:30.036
Finished copy 426 at 2025-05-29T14:26:31.820
Finished copy 127 at 2025-05-29T14:26:36.878
Finished copy 244 at 2025-05-29T14:26:37.434
Finished copy 427 at 2025-05-29T14:26:38.717
Finished copy 22 at 2025-05-29T14:26:39.121
Finished copy 528 at 2025-05-29T14:26:40.533
Finished copy 325 at 2025-05-29T14:26:40.607
Finished copy 245 at 2025-05-29T14:26:44.955
Finished copy 428 at 2025-05-29T14:26:46.931
Finished copy 529 at 2025-05-29T14:26:47.722
Finished copy 128 at 2025-05-29T14:26:49.691
Finished copy 246 at 2025-05-29T14:26:52.722
Finished copy 326 at 2025-05-29T14:26:53.703
Finished copy 429 at 2025-05-29T14:26:54.085
Finished copy 530 at 2025-05-29T14:26:55.441
Finished copy 23 at 2025-05-29T14:26:55.857
Finished copy 247 at 2025-05-29T14:26:59.531
Finished copy 430 at 2025-05-29T14:27:01.507
Finished copy 531 at 2025-05-29T14:27:02.067
Finished copy 129 at 2025-05-29T14:27:02.450
Finished copy 248 at 2025-05-29T14:27:07.088
Finished copy 327 at 2025-05-29T14:27:07.135
Finished copy 431 at 2025-05-29T14:27:08.130
Finished copy 532 at 2025-05-29T14:27:09.534
Finished copy 24 at 2025-05-29T14:27:11.515
Finished copy 432 at 2025-05-29T14:27:14.857
Finished copy 249 at 2025-05-29T14:27:14.859
Finished copy 533 at 2025-05-29T14:27:16.246
Finished copy 130 at 2025-05-29T14:27:16.286
Finished copy 328 at 2025-05-29T14:27:20.654
Finished copy 433 at 2025-05-29T14:27:22.379
Finished copy 250 at 2025-05-29T14:27:22.639
Finished copy 534 at 2025-05-29T14:27:23.131
Finished copy 25 at 2025-05-29T14:27:26.700
Finished copy 251 at 2025-05-29T14:27:29.952
Finished copy 434 at 2025-05-29T14:27:30.162
Finished copy 131 at 2025-05-29T14:27:30.478
Finished copy 329 at 2025-05-29T14:27:33.364
Finished copy 252 at 2025-05-29T14:27:37.230
Finished copy 435 at 2025-05-29T14:27:37.382
Finished copy 535 at 2025-05-29T14:27:37.414
Finished copy 26 at 2025-05-29T14:27:41.690
Finished copy 253 at 2025-05-29T14:27:44.124
Finished copy 436 at 2025-05-29T14:27:44.353
Finished copy 132 at 2025-05-29T14:27:44.466
Finished copy 536 at 2025-05-29T14:27:44.585
Finished copy 330 at 2025-05-29T14:27:49.813
Finished copy 437 at 2025-05-29T14:27:51.263
Finished copy 254 at 2025-05-29T14:27:51.667
Finished copy 537 at 2025-05-29T14:27:51.717
Finished copy 133 at 2025-05-29T14:27:57.783
Finished copy 27 at 2025-05-29T14:27:58.002
Finished copy 538 at 2025-05-29T14:27:58.784
Finished copy 438 at 2025-05-29T14:27:58.895
Finished copy 255 at 2025-05-29T14:27:59.582
Finished copy 331 at 2025-05-29T14:28:03.015
Finished copy 539 at 2025-05-29T14:28:05.950
Finished copy 439 at 2025-05-29T14:28:06.399
Finished copy 256 at 2025-05-29T14:28:07.412
Finished copy 134 at 2025-05-29T14:28:11.942
Finished copy 540 at 2025-05-29T14:28:13.555
Finished copy 257 at 2025-05-29T14:28:14.007
Finished copy 440 at 2025-05-29T14:28:14.378
Finished copy 28 at 2025-05-29T14:28:14.572
Finished copy 332 at 2025-05-29T14:28:16.543
Finished copy 541 at 2025-05-29T14:28:19.945
Finished copy 441 at 2025-05-29T14:28:21.813
Finished copy 258 at 2025-05-29T14:28:22.450
Finished copy 135 at 2025-05-29T14:28:26.003
Finished copy 542 at 2025-05-29T14:28:26.946
Finished copy 442 at 2025-05-29T14:28:29.006
Finished copy 259 at 2025-05-29T14:28:29.235
Finished copy 333 at 2025-05-29T14:28:29.995
Finished copy 29 at 2025-05-29T14:28:30.599
Finished copy 543 at 2025-05-29T14:28:34.804
Finished copy 443 at 2025-05-29T14:28:36.376
Finished copy 260 at 2025-05-29T14:28:37.123
Finished copy 136 at 2025-05-29T14:28:40.029
Finished copy 544 at 2025-05-29T14:28:41.467
Finished copy 444 at 2025-05-29T14:28:43.832
Finished copy 261 at 2025-05-29T14:28:44.174
Finished copy 334 at 2025-05-29T14:28:45.208
Finished copy 545 at 2025-05-29T14:28:49.210
Finished copy 30 at 2025-05-29T14:28:49.410
Finished copy 262 at 2025-05-29T14:28:50.834
Finished copy 445 at 2025-05-29T14:28:50.836
Finished copy 137 at 2025-05-29T14:28:53.376
Finished copy 546 at 2025-05-29T14:28:56.641
Finished copy 263 at 2025-05-29T14:28:57.793
Finished copy 446 at 2025-05-29T14:28:58.516
Finished copy 335 at 2025-05-29T14:28:58.689
Finished copy 547 at 2025-05-29T14:29:03.615
Finished copy 447 at 2025-05-29T14:29:05.941
Finished copy 264 at 2025-05-29T14:29:06.269
Finished copy 31 at 2025-05-29T14:29:07.220
Finished copy 138 at 2025-05-29T14:29:08.373
Finished copy 548 at 2025-05-29T14:29:10.944
Finished copy 336 at 2025-05-29T14:29:11.550
Finished copy 265 at 2025-05-29T14:29:12.902
Finished copy 448 at 2025-05-29T14:29:13.352
Finished copy 549 at 2025-05-29T14:29:18.126
Finished copy 266 at 2025-05-29T14:29:19.476
Finished copy 449 at 2025-05-29T14:29:20.575
Finished copy 139 at 2025-05-29T14:29:20.875
Finished copy 337 at 2025-05-29T14:29:24.976
Finished copy 550 at 2025-05-29T14:29:25.083
Finished copy 32 at 2025-05-29T14:29:25.238
Finished copy 267 at 2025-05-29T14:29:27.070
Finished copy 450 at 2025-05-29T14:29:27.493
Finished copy 551 at 2025-05-29T14:29:32.186
Finished copy 268 at 2025-05-29T14:29:34.408
Finished copy 140 at 2025-05-29T14:29:34.698
Finished copy 451 at 2025-05-29T14:29:34.897
Finished copy 338 at 2025-05-29T14:29:37.375
Finished copy 552 at 2025-05-29T14:29:40.048
Finished copy 269 at 2025-05-29T14:29:41.198
Finished copy 452 at 2025-05-29T14:29:41.878
Finished copy 33 at 2025-05-29T14:29:42.306
Finished copy 270 at 2025-05-29T14:29:47.870
Finished copy 453 at 2025-05-29T14:29:48.162
Finished copy 141 at 2025-05-29T14:29:48.921
Finished copy 339 at 2025-05-29T14:29:49.954
Finished copy 553 at 2025-05-29T14:29:52.612
Finished copy 271 at 2025-05-29T14:29:54.858
Finished copy 454 at 2025-05-29T14:29:55.399
Finished copy 34 at 2025-05-29T14:29:58.393
Finished copy 272 at 2025-05-29T14:30:01.026
Finished copy 340 at 2025-05-29T14:30:01.566
Finished copy 142 at 2025-05-29T14:30:02.174
Finished copy 455 at 2025-05-29T14:30:02.531
Finished copy 554 at 2025-05-29T14:30:05.194
Finished copy 273 at 2025-05-29T14:30:07.958
Finished copy 456 at 2025-05-29T14:30:09.659
Finished copy 35 at 2025-05-29T14:30:13.946
Finished copy 341 at 2025-05-29T14:30:13.949
Finished copy 143 at 2025-05-29T14:30:14.534
Finished copy 274 at 2025-05-29T14:30:16.170
Finished copy 457 at 2025-05-29T14:30:16.420
Finished copy 555 at 2025-05-29T14:30:17.441
Finished copy 275 at 2025-05-29T14:30:23.434
Finished copy 458 at 2025-05-29T14:30:23.532
Finished copy 144 at 2025-05-29T14:30:27.680
Finished copy 36 at 2025-05-29T14:30:28.516
Finished copy 342 at 2025-05-29T14:30:28.660
Finished copy 556 at 2025-05-29T14:30:29.604
Finished copy 459 at 2025-05-29T14:30:30.601
Finished copy 276 at 2025-05-29T14:30:30.671
Finished copy 460 at 2025-05-29T14:30:37.217
Finished copy 277 at 2025-05-29T14:30:37.937
Finished copy 343 at 2025-05-29T14:30:40.929
Finished copy 145 at 2025-05-29T14:30:42.415
Finished copy 557 at 2025-05-29T14:30:42.867
Finished copy 278 at 2025-05-29T14:30:44.451
Finished copy 461 at 2025-05-29T14:30:44.905
Finished copy 37 at 2025-05-29T14:30:47.614
Finished copy 279 at 2025-05-29T14:30:51.327
Finished copy 462 at 2025-05-29T14:30:51.479
Finished copy 344 at 2025-05-29T14:30:52.864
Finished copy 146 at 2025-05-29T14:30:55.091
Finished copy 463 at 2025-05-29T14:30:58.474
Finished copy 38 at 2025-05-29T14:31:01.538
Finished copy 558 at 2025-05-29T14:31:02.008
Finished copy 280 at 2025-05-29T14:31:03.158
Finished copy 464 at 2025-05-29T14:31:06.057
Finished copy 345 at 2025-05-29T14:31:06.816
Finished copy 147 at 2025-05-29T14:31:07.365
Finished copy 281 at 2025-05-29T14:31:09.524
Finished copy 465 at 2025-05-29T14:31:12.969
Finished copy 559 at 2025-05-29T14:31:14.153
Finished copy 282 at 2025-05-29T14:31:16.290
Finished copy 39 at 2025-05-29T14:31:16.621
Finished copy 346 at 2025-05-29T14:31:19.508
Finished copy 466 at 2025-05-29T14:31:20.011
Finished copy 148 at 2025-05-29T14:31:22.300
Finished copy 283 at 2025-05-29T14:31:23.270
Finished copy 560 at 2025-05-29T14:31:27.038
Finished copy 467 at 2025-05-29T14:31:27.397
Finished copy 284 at 2025-05-29T14:31:30.511
Finished copy 40 at 2025-05-29T14:31:31.789
Finished copy 347 at 2025-05-29T14:31:33.282
Finished copy 468 at 2025-05-29T14:31:34.901
Finished copy 149 at 2025-05-29T14:31:35.668
Finished copy 285 at 2025-05-29T14:31:37.871
Finished copy 561 at 2025-05-29T14:31:39.076
Finished copy 469 at 2025-05-29T14:31:41.949
Finished copy 286 at 2025-05-29T14:31:44.860
Finished copy 348 at 2025-05-29T14:31:46.147
Finished copy 41 at 2025-05-29T14:31:46.905
Finished copy 150 at 2025-05-29T14:31:48.089
Finished copy 470 at 2025-05-29T14:31:49.327
Finished copy 562 at 2025-05-29T14:31:50.238
Finished copy 287 at 2025-05-29T14:31:51.870
Finished copy 471 at 2025-05-29T14:31:56.210
Finished copy 288 at 2025-05-29T14:31:59.702
Finished copy 349 at 2025-05-29T14:32:00.225
Finished copy 563 at 2025-05-29T14:32:00.920
Finished copy 151 at 2025-05-29T14:32:01.174
Finished copy 42 at 2025-05-29T14:32:01.823
Finished copy 472 at 2025-05-29T14:32:03.256
Finished copy 289 at 2025-05-29T14:32:06.702
Finished copy 473 at 2025-05-29T14:32:10.429
Finished copy 350 at 2025-05-29T14:32:12.728
Finished copy 564 at 2025-05-29T14:32:13.024
Finished copy 290 at 2025-05-29T14:32:13.889
Finished copy 152 at 2025-05-29T14:32:14.186
Finished copy 43 at 2025-05-29T14:32:16.524
Finished copy 474 at 2025-05-29T14:32:18.327
Finished copy 291 at 2025-05-29T14:32:20.424
Finished copy 565 at 2025-05-29T14:32:23.624
Finished copy 475 at 2025-05-29T14:32:24.812
Finished copy 292 at 2025-05-29T14:32:26.908
Finished copy 351 at 2025-05-29T14:32:28.416
Finished copy 153 at 2025-05-29T14:32:28.619
Finished copy 476 at 2025-05-29T14:32:31.007
Finished copy 44 at 2025-05-29T14:32:32.116
Finished copy 293 at 2025-05-29T14:32:34.175
Finished copy 477 at 2025-05-29T14:32:37.549
Finished copy 566 at 2025-05-29T14:32:38.011
Finished copy 154 at 2025-05-29T14:32:40.450
Finished copy 294 at 2025-05-29T14:32:40.824
Finished copy 352 at 2025-05-29T14:32:42.255
Finished copy 478 at 2025-05-29T14:32:44.789
Finished copy 45 at 2025-05-29T14:32:47.599
Finished copy 295 at 2025-05-29T14:32:47.622
Finished copy 567 at 2025-05-29T14:32:51.051
Finished copy 479 at 2025-05-29T14:32:51.591
Finished copy 155 at 2025-05-29T14:32:53.881
Finished copy 296 at 2025-05-29T14:32:54.527
Finished copy 353 at 2025-05-29T14:32:55.554
Finished copy 480 at 2025-05-29T14:32:58.402
Finished copy 297 at 2025-05-29T14:33:01.295
Finished copy 46 at 2025-05-29T14:33:03.059
Finished copy 568 at 2025-05-29T14:33:04.399
Finished copy 156 at 2025-05-29T14:33:05.011
Finished copy 481 at 2025-05-29T14:33:05.550
Finished copy 354 at 2025-05-29T14:33:07.555
Finished copy 298 at 2025-05-29T14:33:08.178
Finished copy 482 at 2025-05-29T14:33:12.627
Finished copy 299 at 2025-05-29T14:33:14.820
Finished copy 569 at 2025-05-29T14:33:15.553
Finished copy 157 at 2025-05-29T14:33:18.995
Finished copy 47 at 2025-05-29T14:33:19.009
Finished copy 483 at 2025-05-29T14:33:20.413
Finished copy 355 at 2025-05-29T14:33:21.139
Finished copy 300 at 2025-05-29T14:33:22.119
Finished copy 484 at 2025-05-29T14:33:27.021
Finished copy 570 at 2025-05-29T14:33:27.696
Finished copy 158 at 2025-05-29T14:33:30.276
Finished copy 48 at 2025-05-29T14:33:32.543
Finished copy 356 at 2025-05-29T14:33:33.437
Finished copy 485 at 2025-05-29T14:33:33.661
Finished copy 571 at 2025-05-29T14:33:38.719
Finished copy 486 at 2025-05-29T14:33:41.040
Finished copy 159 at 2025-05-29T14:33:41.286
Finished copy 49 at 2025-05-29T14:33:44.876
Finished copy 357 at 2025-05-29T14:33:45.669
Finished copy 487 at 2025-05-29T14:33:47.689
Finished copy 572 at 2025-05-29T14:33:49.422
Finished copy 160 at 2025-05-29T14:33:52.228
Finished copy 488 at 2025-05-29T14:33:53.509
Finished copy 50 at 2025-05-29T14:33:57.663
Finished copy 358 at 2025-05-29T14:33:58.720
Finished copy 573 at 2025-05-29T14:33:59.187
Finished copy 489 at 2025-05-29T14:33:59.876
Finished copy 161 at 2025-05-29T14:34:03.307
Finished copy 490 at 2025-05-29T14:34:05.967
Finished copy 574 at 2025-05-29T14:34:09.472
Finished copy 359 at 2025-05-29T14:34:10.671
Finished copy 51 at 2025-05-29T14:34:11.638
Finished copy 491 at 2025-05-29T14:34:11.892
Finished copy 162 at 2025-05-29T14:34:14.396
Finished copy 492 at 2025-05-29T14:34:18.524
Finished copy 360 at 2025-05-29T14:34:21.847
Finished copy 575 at 2025-05-29T14:34:22.092
Finished copy 52 at 2025-05-29T14:34:23.829
Finished copy 493 at 2025-05-29T14:34:24.973
Finished copy 163 at 2025-05-29T14:34:25.081
Finished copy 494 at 2025-05-29T14:34:31.748
Finished copy 576 at 2025-05-29T14:34:32.151
Finished copy 361 at 2025-05-29T14:34:34.253
Finished copy 164 at 2025-05-29T14:34:35.644
Finished copy 53 at 2025-05-29T14:34:37.449
Finished copy 495 at 2025-05-29T14:34:38.407
Finished copy 577 at 2025-05-29T14:34:42.556
Finished copy 496 at 2025-05-29T14:34:44.571
Finished copy 362 at 2025-05-29T14:34:46.698
Finished copy 165 at 2025-05-29T14:34:46.927
Finished copy 497 at 2025-05-29T14:34:51.207
Finished copy 54 at 2025-05-29T14:34:52.564
Finished copy 578 at 2025-05-29T14:34:53.166
Finished copy 498 at 2025-05-29T14:34:57.160
Finished copy 166 at 2025-05-29T14:34:58.506
Finished copy 363 at 2025-05-29T14:35:00.905
Finished copy 499 at 2025-05-29T14:35:03.329
Finished copy 579 at 2025-05-29T14:35:03.970
Finished copy 55 at 2025-05-29T14:35:05.984
Finished copy 500 at 2025-05-29T14:35:10.021
Finished copy 167 at 2025-05-29T14:35:10.679
Finished copy 364 at 2025-05-29T14:35:11.218
Finished copy 580 at 2025-05-29T14:35:12.913
Finished copy 581 at 2025-05-29T14:35:18.257
Finished copy 365 at 2025-05-29T14:35:19.305
Finished copy 168 at 2025-05-29T14:35:20.025
Finished copy 56 at 2025-05-29T14:35:20.314
Finished copy 582 at 2025-05-29T14:35:23.650
Finished copy 366 at 2025-05-29T14:35:27.628
Finished copy 169 at 2025-05-29T14:35:29.552
Finished copy 583 at 2025-05-29T14:35:30.404
Finished copy 367 at 2025-05-29T14:35:35.958
Finished copy 584 at 2025-05-29T14:35:36.510
Finished copy 170 at 2025-05-29T14:35:38.395
Finished copy 57 at 2025-05-29T14:35:41.627
Finished copy 585 at 2025-05-29T14:35:42.972
Finished copy 368 at 2025-05-29T14:35:43.522
Finished copy 171 at 2025-05-29T14:35:45.956
Finished copy 586 at 2025-05-29T14:35:49.133
Finished copy 369 at 2025-05-29T14:35:52.315
Finished copy 172 at 2025-05-29T14:35:54.672
Finished copy 58 at 2025-05-29T14:35:55.290
Finished copy 587 at 2025-05-29T14:35:55.379
Finished copy 370 at 2025-05-29T14:36:00.169
Finished copy 588 at 2025-05-29T14:36:01.863
Finished copy 173 at 2025-05-29T14:36:05.239
Finished copy 589 at 2025-05-29T14:36:08.436
Finished copy 59 at 2025-05-29T14:36:08.728
Finished copy 371 at 2025-05-29T14:36:12.487
Finished copy 174 at 2025-05-29T14:36:13.718
Finished copy 590 at 2025-05-29T14:36:15.121
Finished copy 60 at 2025-05-29T14:36:20.740
Finished copy 591 at 2025-05-29T14:36:21.461
Finished copy 372 at 2025-05-29T14:36:21.587
Finished copy 175 at 2025-05-29T14:36:21.869
Finished copy 592 at 2025-05-29T14:36:27.514
Finished copy 176 at 2025-05-29T14:36:29.687
Finished copy 593 at 2025-05-29T14:36:33.373
Finished copy 61 at 2025-05-29T14:36:33.594
Finished copy 373 at 2025-05-29T14:36:34.110
Finished copy 177 at 2025-05-29T14:36:38.254
Finished copy 594 at 2025-05-29T14:36:39.330
Finished copy 374 at 2025-05-29T14:36:44.795
Finished copy 595 at 2025-05-29T14:36:44.990
Finished copy 62 at 2025-05-29T14:36:46.876
Finished copy 178 at 2025-05-29T14:36:51.424
Finished copy 596 at 2025-05-29T14:36:52.042
Finished copy 375 at 2025-05-29T14:36:53.942
Finished copy 597 at 2025-05-29T14:36:58.552
Finished copy 179 at 2025-05-29T14:36:59.780
Finished copy 63 at 2025-05-29T14:37:01.599
Finished copy 376 at 2025-05-29T14:37:02.128
Finished copy 598 at 2025-05-29T14:37:05.090
Finished copy 180 at 2025-05-29T14:37:09.093
Finished copy 377 at 2025-05-29T14:37:11.025
Finished copy 599 at 2025-05-29T14:37:11.202
Finished copy 64 at 2025-05-29T14:37:13.528
Finished copy 600 at 2025-05-29T14:37:17.457
Finished copy 378 at 2025-05-29T14:37:19.913
Finished copy 181 at 2025-05-29T14:37:20.498
Finished copy 379 at 2025-05-29T14:37:25.427
Finished copy 65 at 2025-05-29T14:37:25.603
Finished copy 182 at 2025-05-29T14:37:28.059
Finished copy 380 at 2025-05-29T14:37:31.852
Finished copy 183 at 2025-05-29T14:37:36.535
Finished copy 66 at 2025-05-29T14:37:36.674
Finished copy 381 at 2025-05-29T14:37:37.786
Finished copy 382 at 2025-05-29T14:37:43.185
Finished copy 184 at 2025-05-29T14:37:44.432
Finished copy 67 at 2025-05-29T14:37:47.535
Finished copy 383 at 2025-05-29T14:37:48.947
Finished copy 185 at 2025-05-29T14:37:52.711
Finished copy 384 at 2025-05-29T14:37:54.807
Finished copy 68 at 2025-05-29T14:37:58.098
Finished copy 186 at 2025-05-29T14:37:59.536
Finished copy 385 at 2025-05-29T14:38:00.402
Finished copy 187 at 2025-05-29T14:38:06.401
Finished copy 386 at 2025-05-29T14:38:06.674
Finished copy 69 at 2025-05-29T14:38:09.682
Finished copy 387 at 2025-05-29T14:38:12.223
Finished copy 188 at 2025-05-29T14:38:13.003
Finished copy 388 at 2025-05-29T14:38:18.629
Finished copy 189 at 2025-05-29T14:38:19.094
Finished copy 70 at 2025-05-29T14:38:21.757
Finished copy 389 at 2025-05-29T14:38:24.317
Finished copy 190 at 2025-05-29T14:38:24.640
Finished copy 390 at 2025-05-29T14:38:29.897
Finished copy 191 at 2025-05-29T14:38:31.726
Finished copy 71 at 2025-05-29T14:38:33.363
Finished copy 391 at 2025-05-29T14:38:35.452
Finished copy 192 at 2025-05-29T14:38:37.416
Finished copy 392 at 2025-05-29T14:38:41.072
Finished copy 193 at 2025-05-29T14:38:44.187
Finished copy 72 at 2025-05-29T14:38:45.510
Finished copy 393 at 2025-05-29T14:38:46.799
Finished copy 194 at 2025-05-29T14:38:49.745
Finished copy 394 at 2025-05-29T14:38:52.701
Finished copy 195 at 2025-05-29T14:38:55.407
Finished copy 73 at 2025-05-29T14:38:57.580
Finished copy 395 at 2025-05-29T14:38:58.609
Finished copy 196 at 2025-05-29T14:39:01.291
Finished copy 396 at 2025-05-29T14:39:04.570
Finished copy 197 at 2025-05-29T14:39:07.434
Finished copy 74 at 2025-05-29T14:39:09.072
Finished copy 397 at 2025-05-29T14:39:10.371
Finished copy 198 at 2025-05-29T14:39:13.243
Finished copy 398 at 2025-05-29T14:39:16.099
Finished copy 199 at 2025-05-29T14:39:18.957
Finished copy 75 at 2025-05-29T14:39:21.015
Finished copy 399 at 2025-05-29T14:39:22.132
Finished copy 200 at 2025-05-29T14:39:24.679
Finished copy 400 at 2025-05-29T14:39:27.386
Finished copy 76 at 2025-05-29T14:39:29.099
Finished copy 77 at 2025-05-29T14:39:34.263
Finished copy 78 at 2025-05-29T14:39:39.249
Finished copy 79 at 2025-05-29T14:39:44.538
Finished copy 80 at 2025-05-29T14:39:50.837
Finished copy 81 at 2025-05-29T14:39:55.949
Finished copy 82 at 2025-05-29T14:40:01.085
Finished copy 83 at 2025-05-29T14:40:06.110
Finished copy 84 at 2025-05-29T14:40:11.523
Finished copy 85 at 2025-05-29T14:40:16.611
Finished copy 86 at 2025-05-29T14:40:22.092
Finished copy 87 at 2025-05-29T14:40:27.023
Finished copy 88 at 2025-05-29T14:40:32.080
Finished copy 89 at 2025-05-29T14:40:37.999
Finished copy 90 at 2025-05-29T14:40:43.124
Finished copy 91 at 2025-05-29T14:40:48.783
Finished copy 92 at 2025-05-29T14:40:53.675
Finished copy 93 at 2025-05-29T14:40:59.388
Finished copy 94 at 2025-05-29T14:41:04.803
Finished copy 95 at 2025-05-29T14:41:09.635
Finished copy 96 at 2025-05-29T14:41:15.173
Finished copy 97 at 2025-05-29T14:41:20.743
Finished copy 98 at 2025-05-29T14:41:25.640
Finished copy 99 at 2025-05-29T14:41:31.181
Finished copy 100 at 2025-05-29T14:41:37.246
