Starting saddles simulation at 2025-05-28T22:19:33.978
Lattice size: 98
Beta values: [0.1, 0.10279944599549397, 0.10567726096980483, 0.10863563882017176, 0.11167683486080235, 0.11480316754220751, 0.1180170202186681, 0.1213208429651809, 0.12471715444526921, 0.12820854383108135, 0.1317976727772417, 0.13548727744995842, 0.13928017061293513, 0.14317924377167612, 0.14718746937782085, 0.15130790309518719, 0.15554368612925135, 0.15989804762184037, 0.16437430711286308, 0.16897587707095507, 0.17370626549496876, 0.1785690785882898, 0.18356802350802015, 0.1887069111911229, 0.19398965925968314, 0.19942029500750083, 0.20500295847029057, 0.21074190558183128, 0.21664151141846955, 0.22270627353445155, 0.22894081539062563, 0.23534988987912978, 0.2419383829467506, 0.24871131731971624, 0.25567385633276335, 0.26283130786539594, 0.2701891283883382, 0.27775292712326566, 0.2855284703189852, 0.2935216856473252, 0.3017386667220857, 0.3101856777444941, 0.3188691582787082, 0.3277957281610069, 0.3369721925464105, 0.3464055470965792, 0.3561029833129435, 0.36607189401913226, 0.3763198789968798, 0.3868547507797058, 0.39768454060878644, 0.4088175045555577, 0.4202621298157168, 0.4320271411794205, 0.4441215076826148, 0.4565544494445634, 0.46933544469678873, 0.48247423700878694, 0.49598084271601944, 0.5098655585558504, 0.5241389695172453, 0.5388119569102191, 0.553895706661185, 0.5694017178405246, 0.5853418114288852, 0.601728139328883, 0.6185731936290858, 0.6358898161273345, 0.6536912081206652, 0.6719909404692954, 0.6908029639423454, 0.710141619853183, 0.730021650992499, 0.7504582128674476, 0.7714668852554213, 0.7930636840812662, 0.815265073626996, 0.8380879790833082, 0.8615497994524721, 0.885668420812431, 0.9104622299522194, 0.9359501283891019, 0.9621515467781114, 0.9890864597249744, 1.0167754010137187, 1.045239479260565, 1.0745003940060471, 1.1045804522576164, 1.1355025854953513, 1.1672903671537318, 1.1999680305928035, 1.2335604875724422, 1.2680933472437848, 1.3035929356723266, 1.3400863159075478, 1.3776013086143843, 1.4161665132822627, 1.4558113300278694, 1.4965659820082826, 1.5384615384615383]
Copies: 600
Move type: l chain flip
----------------------------------
Finished copy 1 at 2025-05-28T22:20:19.878
Finished copy 501 at 2025-05-28T22:20:36.107
Finished copy 101 at 2025-05-28T22:20:36.660
Finished copy 401 at 2025-05-28T22:20:51.241
Finished copy 201 at 2025-05-28T22:20:51.446
Finished copy 301 at 2025-05-28T22:21:02.327
Finished copy 102 at 2025-05-28T22:21:24.562
Finished copy 502 at 2025-05-28T22:21:34.602
Finished copy 2 at 2025-05-28T22:21:39.451
Finished copy 503 at 2025-05-28T22:22:26.880
Finished copy 3 at 2025-05-28T22:22:32.471
Finished copy 202 at 2025-05-28T22:22:48.174
Finished copy 302 at 2025-05-28T22:22:50.373
Finished copy 504 at 2025-05-28T22:23:12.985
Finished copy 4 at 2025-05-28T22:23:27.166
Finished copy 103 at 2025-05-28T22:24:05.479
Finished copy 505 at 2025-05-28T22:24:11.445
Finished copy 5 at 2025-05-28T22:24:25.895
Finished copy 203 at 2025-05-28T22:24:32.796
Finished copy 303 at 2025-05-28T22:24:37.663
Finished copy 506 at 2025-05-28T22:25:04.066
Finished copy 6 at 2025-05-28T22:25:14.219
Finished copy 507 at 2025-05-28T22:25:55.650
Finished copy 7 at 2025-05-28T22:26:11.805
Finished copy 508 at 2025-05-28T22:26:57.192
Finished copy 402 at 2025-05-28T22:27:08.358
Finished copy 104 at 2025-05-28T22:27:11.157
Finished copy 8 at 2025-05-28T22:27:12.452
Finished copy 9 at 2025-05-28T22:27:56.997
Finished copy 105 at 2025-05-28T22:28:00.469
Finished copy 204 at 2025-05-28T22:28:25.032
Finished copy 10 at 2025-05-28T22:28:53.398
Finished copy 106 at 2025-05-28T22:29:51.136
Finished copy 509 at 2025-05-28T22:29:58.988
Finished copy 205 at 2025-05-28T22:30:02.282
Finished copy 304 at 2025-05-28T22:30:26.485
Finished copy 107 at 2025-05-28T22:30:42.587
Finished copy 206 at 2025-05-28T22:31:14.305
Finished copy 510 at 2025-05-28T22:31:34.187
Finished copy 11 at 2025-05-28T22:32:07.958
Finished copy 403 at 2025-05-28T22:32:45.465
Finished copy 12 at 2025-05-28T22:33:07.546
Finished copy 108 at 2025-05-28T22:33:09.528
Finished copy 13 at 2025-05-28T22:33:59.139
Finished copy 404 at 2025-05-28T22:35:03.298
Finished copy 109 at 2025-05-28T22:35:49.625
Finished copy 14 at 2025-05-28T22:36:09.594
Finished copy 207 at 2025-05-28T22:36:16.575
Finished copy 405 at 2025-05-28T22:36:19.112
Finished copy 511 at 2025-05-28T22:36:20.828
Finished copy 305 at 2025-05-28T22:36:38.464
Finished copy 110 at 2025-05-28T22:36:45.608
Finished copy 208 at 2025-05-28T22:37:16.541
Finished copy 406 at 2025-05-28T22:37:30.015
Finished copy 111 at 2025-05-28T22:37:35.198
Finished copy 15 at 2025-05-28T22:37:57.926
Finished copy 306 at 2025-05-28T22:38:25.987
Finished copy 209 at 2025-05-28T22:38:31.337
Finished copy 112 at 2025-05-28T22:38:49.236
Finished copy 407 at 2025-05-28T22:38:51.702
Finished copy 16 at 2025-05-28T22:39:01.473
Finished copy 210 at 2025-05-28T22:39:39.950
Finished copy 113 at 2025-05-28T22:39:48.110
Finished copy 17 at 2025-05-28T22:39:59.044
Finished copy 512 at 2025-05-28T22:40:01.938
Finished copy 408 at 2025-05-28T22:40:04.582
Finished copy 307 at 2025-05-28T22:40:38.851
Finished copy 114 at 2025-05-28T22:40:41.895
Finished copy 513 at 2025-05-28T22:41:04.299
Finished copy 409 at 2025-05-28T22:41:09.991
Finished copy 115 at 2025-05-28T22:41:46.707
Finished copy 514 at 2025-05-28T22:42:10.083
Finished copy 410 at 2025-05-28T22:42:28.182
Finished copy 308 at 2025-05-28T22:42:28.635
Finished copy 116 at 2025-05-28T22:42:54.296
Finished copy 18 at 2025-05-28T22:42:57.672
Finished copy 411 at 2025-05-28T22:43:23.336
Finished copy 211 at 2025-05-28T22:43:28.617
Finished copy 515 at 2025-05-28T22:43:36.876
Finished copy 117 at 2025-05-28T22:43:48.577
Finished copy 309 at 2025-05-28T22:44:18.884
Finished copy 412 at 2025-05-28T22:44:28.802
Finished copy 19 at 2025-05-28T22:44:34.742
Finished copy 516 at 2025-05-28T22:44:45.796
Finished copy 118 at 2025-05-28T22:44:49.937
Finished copy 212 at 2025-05-28T22:45:12.019
Finished copy 20 at 2025-05-28T22:45:38.977
Finished copy 517 at 2025-05-28T22:45:46.418
Finished copy 119 at 2025-05-28T22:45:47.921
Finished copy 413 at 2025-05-28T22:45:52.055
Finished copy 213 at 2025-05-28T22:46:09.709
Finished copy 310 at 2025-05-28T22:46:16.818
Finished copy 120 at 2025-05-28T22:46:47.637
Finished copy 21 at 2025-05-28T22:46:48.404
Finished copy 414 at 2025-05-28T22:46:55.904
Finished copy 214 at 2025-05-28T22:47:10.164
Finished copy 121 at 2025-05-28T22:47:42.878
Finished copy 415 at 2025-05-28T22:48:14.499
Finished copy 215 at 2025-05-28T22:48:20.954
Finished copy 518 at 2025-05-28T22:48:24.618
Finished copy 22 at 2025-05-28T22:48:30.357
Finished copy 311 at 2025-05-28T22:48:40.586
Finished copy 122 at 2025-05-28T22:48:59.856
Finished copy 519 at 2025-05-28T22:49:59.109
Finished copy 23 at 2025-05-28T22:50:09.381
Finished copy 312 at 2025-05-28T22:51:00.388
Finished copy 416 at 2025-05-28T22:51:09.581
Finished copy 520 at 2025-05-28T22:51:13.763
Finished copy 24 at 2025-05-28T22:51:20.525
Finished copy 216 at 2025-05-28T22:51:50.432
Finished copy 25 at 2025-05-28T22:52:22.134
Finished copy 417 at 2025-05-28T22:52:22.514
Finished copy 313 at 2025-05-28T22:52:33.034
Finished copy 123 at 2025-05-28T22:52:36.458
Finished copy 217 at 2025-05-28T22:53:04.400
Finished copy 124 at 2025-05-28T22:53:49.081
Finished copy 418 at 2025-05-28T22:54:04.040
Finished copy 314 at 2025-05-28T22:54:19.942
Finished copy 125 at 2025-05-28T22:54:40.603
Finished copy 419 at 2025-05-28T22:55:12.319
Finished copy 218 at 2025-05-28T22:55:35.074
Finished copy 126 at 2025-05-28T22:55:48.474
Finished copy 521 at 2025-05-28T22:56:02.043
Finished copy 315 at 2025-05-28T22:56:08.768
Finished copy 420 at 2025-05-28T22:56:15.868
Finished copy 127 at 2025-05-28T22:56:57.214
Finished copy 219 at 2025-05-28T22:57:02.972
Finished copy 421 at 2025-05-28T22:57:36.737
Finished copy 26 at 2025-05-28T22:57:39.625
Finished copy 316 at 2025-05-28T22:57:45.918
Finished copy 128 at 2025-05-28T22:57:53.733
Finished copy 220 at 2025-05-28T22:58:19.455
Finished copy 422 at 2025-05-28T22:58:41.264
Finished copy 27 at 2025-05-28T22:58:59.783
Finished copy 221 at 2025-05-28T22:59:07.444
Finished copy 129 at 2025-05-28T22:59:26.653
Finished copy 317 at 2025-05-28T22:59:37.517
Finished copy 522 at 2025-05-28T22:59:42.589
Finished copy 222 at 2025-05-28T23:00:19.804
Finished copy 423 at 2025-05-28T23:01:07.091
Finished copy 223 at 2025-05-28T23:01:20.202
Finished copy 523 at 2025-05-28T23:02:01.726
Finished copy 130 at 2025-05-28T23:02:01.968
Finished copy 318 at 2025-05-28T23:02:03.187
Finished copy 224 at 2025-05-28T23:02:15.073
Finished copy 424 at 2025-05-28T23:03:08.168
Finished copy 225 at 2025-05-28T23:03:12.125
Finished copy 524 at 2025-05-28T23:03:12.704
Finished copy 131 at 2025-05-28T23:03:48.270
Finished copy 28 at 2025-05-28T23:03:48.340
Finished copy 319 at 2025-05-28T23:03:48.511
Finished copy 226 at 2025-05-28T23:04:09.773
Finished copy 525 at 2025-05-28T23:04:17.278
Finished copy 29 at 2025-05-28T23:04:40.037
Finished copy 132 at 2025-05-28T23:04:56.296
Finished copy 227 at 2025-05-28T23:05:13.787
Finished copy 526 at 2025-05-28T23:05:40.508
Finished copy 133 at 2025-05-28T23:05:51.326
Finished copy 30 at 2025-05-28T23:06:03.542
Finished copy 425 at 2025-05-28T23:06:09.365
Finished copy 228 at 2025-05-28T23:06:20.666
Finished copy 527 at 2025-05-28T23:06:39.264
Finished copy 134 at 2025-05-28T23:06:59.698
Finished copy 31 at 2025-05-28T23:07:06.222
Finished copy 528 at 2025-05-28T23:07:40.384
Finished copy 426 at 2025-05-28T23:07:42.062
Finished copy 135 at 2025-05-28T23:07:55.560
Finished copy 32 at 2025-05-28T23:08:00.427
Finished copy 529 at 2025-05-28T23:08:27.858
Finished copy 33 at 2025-05-28T23:08:48.189
Finished copy 136 at 2025-05-28T23:09:07.508
Finished copy 320 at 2025-05-28T23:09:29.865
Finished copy 530 at 2025-05-28T23:09:45.949
Finished copy 137 at 2025-05-28T23:10:08.067
Finished copy 531 at 2025-05-28T23:10:39.985
Finished copy 427 at 2025-05-28T23:10:44.684
Finished copy 34 at 2025-05-28T23:11:06.126
Finished copy 321 at 2025-05-28T23:11:21.250
Finished copy 229 at 2025-05-28T23:12:15.579
Finished copy 35 at 2025-05-28T23:12:17.522
Finished copy 428 at 2025-05-28T23:12:20.124
Finished copy 532 at 2025-05-28T23:13:12.299
Finished copy 138 at 2025-05-28T23:13:14.639
Finished copy 36 at 2025-05-28T23:14:44.486
Finished copy 533 at 2025-05-28T23:15:25.021
Finished copy 37 at 2025-05-28T23:15:41.094
Finished copy 38 at 2025-05-28T23:16:45.416
Finished copy 534 at 2025-05-28T23:16:52.200
Finished copy 230 at 2025-05-28T23:16:55.374
Finished copy 429 at 2025-05-28T23:17:18.883
Finished copy 139 at 2025-05-28T23:17:22.968
Finished copy 39 at 2025-05-28T23:17:42.004
Finished copy 535 at 2025-05-28T23:18:08.729
Finished copy 231 at 2025-05-28T23:18:22.869
Finished copy 430 at 2025-05-28T23:18:45.236
Finished copy 140 at 2025-05-28T23:18:47.164
Finished copy 40 at 2025-05-28T23:18:49.239
Finished copy 141 at 2025-05-28T23:19:51.710
Finished copy 431 at 2025-05-28T23:20:05.039
Finished copy 142 at 2025-05-28T23:20:45.667
Finished copy 322 at 2025-05-28T23:20:46.455
Finished copy 232 at 2025-05-28T23:20:50.016
Finished copy 233 at 2025-05-28T23:21:51.820
Finished copy 41 at 2025-05-28T23:21:54.362
Finished copy 143 at 2025-05-28T23:22:11.496
Finished copy 536 at 2025-05-28T23:22:43.589
Finished copy 234 at 2025-05-28T23:22:47.929
Finished copy 323 at 2025-05-28T23:22:56.491
Finished copy 42 at 2025-05-28T23:23:07.805
Finished copy 144 at 2025-05-28T23:23:29.796
Finished copy 537 at 2025-05-28T23:23:37.003
Finished copy 43 at 2025-05-28T23:24:06.464
Finished copy 538 at 2025-05-28T23:24:40.456
Finished copy 324 at 2025-05-28T23:24:49.628
Finished copy 44 at 2025-05-28T23:25:09.700
Finished copy 145 at 2025-05-28T23:25:10.555
Finished copy 432 at 2025-05-28T23:26:08.913
Finished copy 235 at 2025-05-28T23:26:11.666
Finished copy 146 at 2025-05-28T23:26:11.836
Finished copy 45 at 2025-05-28T23:26:20.888
Finished copy 325 at 2025-05-28T23:26:39.626
Finished copy 236 at 2025-05-28T23:27:16.013
Finished copy 46 at 2025-05-28T23:27:24.751
Finished copy 147 at 2025-05-28T23:27:35.551
Finished copy 47 at 2025-05-28T23:28:17.917
Finished copy 148 at 2025-05-28T23:28:32.369
Finished copy 48 at 2025-05-28T23:29:08.407
Finished copy 539 at 2025-05-28T23:29:48.314
Finished copy 237 at 2025-05-28T23:30:05.322
Finished copy 49 at 2025-05-28T23:30:32.279
Finished copy 238 at 2025-05-28T23:30:57.437
Finished copy 433 at 2025-05-28T23:31:00.168
Finished copy 50 at 2025-05-28T23:31:27.649
Finished copy 51 at 2025-05-28T23:32:17.285
Finished copy 149 at 2025-05-28T23:33:13.329
Finished copy 326 at 2025-05-28T23:34:10.779
Finished copy 150 at 2025-05-28T23:34:23.674
Finished copy 239 at 2025-05-28T23:34:29.955
Finished copy 434 at 2025-05-28T23:34:59.651
Finished copy 540 at 2025-05-28T23:35:10.162
Finished copy 52 at 2025-05-28T23:35:23.809
Finished copy 151 at 2025-05-28T23:35:29.836
Finished copy 240 at 2025-05-28T23:35:41.543
Finished copy 435 at 2025-05-28T23:35:55.917
Finished copy 53 at 2025-05-28T23:36:08.257
Finished copy 152 at 2025-05-28T23:36:16.600
Finished copy 327 at 2025-05-28T23:36:25.414
Finished copy 541 at 2025-05-28T23:36:26.329
Finished copy 436 at 2025-05-28T23:37:17.825
Finished copy 241 at 2025-05-28T23:37:24.829
Finished copy 542 at 2025-05-28T23:37:25.852
Finished copy 153 at 2025-05-28T23:37:29.885
Finished copy 54 at 2025-05-28T23:37:36.367
Finished copy 154 at 2025-05-28T23:38:27.699
Finished copy 543 at 2025-05-28T23:38:29.066
Finished copy 328 at 2025-05-28T23:38:36.501
Finished copy 55 at 2025-05-28T23:38:37.585
Finished copy 242 at 2025-05-28T23:38:40.575
Finished copy 437 at 2025-05-28T23:38:42.764
Finished copy 544 at 2025-05-28T23:39:21.574
Finished copy 155 at 2025-05-28T23:39:31.035
Finished copy 438 at 2025-05-28T23:39:51.832
Finished copy 329 at 2025-05-28T23:40:15.303
Finished copy 243 at 2025-05-28T23:40:18.346
Finished copy 545 at 2025-05-28T23:40:23.444
Finished copy 156 at 2025-05-28T23:40:35.409
Finished copy 439 at 2025-05-28T23:41:04.478
Finished copy 546 at 2025-05-28T23:41:18.080
Finished copy 244 at 2025-05-28T23:41:34.904
Finished copy 56 at 2025-05-28T23:41:55.847
Finished copy 157 at 2025-05-28T23:42:00.110
Finished copy 547 at 2025-05-28T23:42:10.151
Finished copy 330 at 2025-05-28T23:42:14.791
Finished copy 440 at 2025-05-28T23:42:29.546
Finished copy 245 at 2025-05-28T23:43:20.038
Finished copy 441 at 2025-05-28T23:43:59.371
Finished copy 331 at 2025-05-28T23:44:08.123
Finished copy 246 at 2025-05-28T23:44:18.856
Finished copy 442 at 2025-05-28T23:44:55.359
Finished copy 158 at 2025-05-28T23:45:23.373
Finished copy 443 at 2025-05-28T23:46:18.175
Finished copy 57 at 2025-05-28T23:46:41.685
Finished copy 332 at 2025-05-28T23:46:45.920
Finished copy 548 at 2025-05-28T23:46:46.868
Finished copy 159 at 2025-05-28T23:46:48.092
Finished copy 247 at 2025-05-28T23:47:39.484
Finished copy 58 at 2025-05-28T23:47:42.132
Finished copy 444 at 2025-05-28T23:48:01.602
Finished copy 160 at 2025-05-28T23:48:32.453
Finished copy 333 at 2025-05-28T23:48:33.180
Finished copy 445 at 2025-05-28T23:49:33.290
Finished copy 161 at 2025-05-28T23:49:58.956
Finished copy 334 at 2025-05-28T23:50:38.896
Finished copy 549 at 2025-05-28T23:50:43.881
Finished copy 446 at 2025-05-28T23:50:58.521
Finished copy 248 at 2025-05-28T23:51:03.240
Finished copy 59 at 2025-05-28T23:51:18.776
Finished copy 447 at 2025-05-28T23:51:59.944
Finished copy 249 at 2025-05-28T23:52:05.642
Finished copy 335 at 2025-05-28T23:52:23.128
Finished copy 448 at 2025-05-28T23:52:58.172
Finished copy 449 at 2025-05-28T23:53:46.860
Finished copy 550 at 2025-05-28T23:54:06.599
Finished copy 336 at 2025-05-28T23:54:11.253
Finished copy 60 at 2025-05-28T23:54:14.976
Finished copy 162 at 2025-05-28T23:54:18.527
Finished copy 551 at 2025-05-28T23:54:55.261
Finished copy 163 at 2025-05-28T23:55:22.893
Finished copy 552 at 2025-05-28T23:55:47.480
Finished copy 61 at 2025-05-28T23:55:58.999
Finished copy 164 at 2025-05-28T23:56:12.555
Finished copy 337 at 2025-05-28T23:56:19.792
Finished copy 165 at 2025-05-28T23:57:03.500
Finished copy 250 at 2025-05-28T23:57:06.660
Finished copy 62 at 2025-05-28T23:57:19.283
Finished copy 166 at 2025-05-28T23:58:19.894
Finished copy 553 at 2025-05-28T23:58:32.063
Finished copy 63 at 2025-05-28T23:58:37.821
Finished copy 450 at 2025-05-28T23:58:51.146
Finished copy 167 at 2025-05-28T23:59:39.105
Finished copy 64 at 2025-05-29T00:00:01.030
Finished copy 451 at 2025-05-29T00:00:56.080
Finished copy 168 at 2025-05-29T00:00:57.468
Finished copy 251 at 2025-05-29T00:01:08.323
Finished copy 338 at 2025-05-29T00:01:16.376
Finished copy 554 at 2025-05-29T00:01:23.295
Finished copy 169 at 2025-05-29T00:01:50.079
Finished copy 252 at 2025-05-29T00:01:56.014
Finished copy 253 at 2025-05-29T00:02:48.291
Finished copy 339 at 2025-05-29T00:03:08.725
Finished copy 452 at 2025-05-29T00:03:15.175
Finished copy 170 at 2025-05-29T00:03:15.299
Finished copy 555 at 2025-05-29T00:03:46.072
Finished copy 254 at 2025-05-29T00:03:59.516
Finished copy 556 at 2025-05-29T00:04:30.506
Finished copy 171 at 2025-05-29T00:04:37.138
Finished copy 255 at 2025-05-29T00:04:48.271
Finished copy 340 at 2025-05-29T00:04:48.597
Finished copy 557 at 2025-05-29T00:05:32.405
Finished copy 256 at 2025-05-29T00:05:47.127
Finished copy 172 at 2025-05-29T00:05:57.715
Finished copy 453 at 2025-05-29T00:06:17.158
Finished copy 558 at 2025-05-29T00:06:30.969
Finished copy 341 at 2025-05-29T00:06:31.140
Finished copy 65 at 2025-05-29T00:06:34.820
Finished copy 257 at 2025-05-29T00:06:45.591
Finished copy 559 at 2025-05-29T00:07:20.317
Finished copy 173 at 2025-05-29T00:07:26.398
Finished copy 258 at 2025-05-29T00:07:44.413
Finished copy 66 at 2025-05-29T00:08:00.497
Finished copy 454 at 2025-05-29T00:08:09.568
Finished copy 560 at 2025-05-29T00:08:12.214
Finished copy 342 at 2025-05-29T00:08:22.036
Finished copy 259 at 2025-05-29T00:09:21.409
Finished copy 561 at 2025-05-29T00:09:25.628
Finished copy 67 at 2025-05-29T00:09:41.334
Finished copy 260 at 2025-05-29T00:10:17.786
Finished copy 68 at 2025-05-29T00:10:37.572
Finished copy 261 at 2025-05-29T00:11:22.298
Finished copy 174 at 2025-05-29T00:12:05.557
Finished copy 343 at 2025-05-29T00:12:05.951
Finished copy 262 at 2025-05-29T00:12:11.258
Finished copy 263 at 2025-05-29T00:12:59.185
Finished copy 455 at 2025-05-29T00:13:25.361
Finished copy 175 at 2025-05-29T00:13:34.958
Finished copy 344 at 2025-05-29T00:13:48.037
Finished copy 562 at 2025-05-29T00:14:02.229
Finished copy 264 at 2025-05-29T00:14:08.618
Finished copy 456 at 2025-05-29T00:14:19.780
Finished copy 563 at 2025-05-29T00:14:50.192
Finished copy 176 at 2025-05-29T00:15:07.479
Finished copy 457 at 2025-05-29T00:15:16.092
Finished copy 69 at 2025-05-29T00:15:22.632
Finished copy 177 at 2025-05-29T00:16:05.329
Finished copy 564 at 2025-05-29T00:16:06.504
Finished copy 565 at 2025-05-29T00:16:59.343
Finished copy 458 at 2025-05-29T00:17:00.162
Finished copy 178 at 2025-05-29T00:17:31.890
Finished copy 566 at 2025-05-29T00:17:54.084
Finished copy 459 at 2025-05-29T00:18:09.105
Finished copy 179 at 2025-05-29T00:18:31.352
Finished copy 567 at 2025-05-29T00:18:43.807
Finished copy 265 at 2025-05-29T00:18:53.376
Finished copy 180 at 2025-05-29T00:19:21.565
Finished copy 345 at 2025-05-29T00:19:37.408
Finished copy 70 at 2025-05-29T00:19:45.676
Finished copy 568 at 2025-05-29T00:19:48.842
Finished copy 460 at 2025-05-29T00:21:01.725
Finished copy 346 at 2025-05-29T00:21:15.685
Finished copy 266 at 2025-05-29T00:21:21.150
Finished copy 569 at 2025-05-29T00:21:30.068
Finished copy 267 at 2025-05-29T00:22:16.993
Finished copy 570 at 2025-05-29T00:22:17.066
Finished copy 461 at 2025-05-29T00:22:30.615
Finished copy 347 at 2025-05-29T00:22:58.591
Finished copy 571 at 2025-05-29T00:23:02.672
Finished copy 268 at 2025-05-29T00:23:04.184
Finished copy 71 at 2025-05-29T00:23:49.959
Finished copy 572 at 2025-05-29T00:23:58.423
Finished copy 269 at 2025-05-29T00:24:02.536
Finished copy 462 at 2025-05-29T00:24:06.711
Finished copy 181 at 2025-05-29T00:24:20.048
Finished copy 573 at 2025-05-29T00:24:46.815
Finished copy 348 at 2025-05-29T00:24:55.741
Finished copy 270 at 2025-05-29T00:25:10.376
Finished copy 72 at 2025-05-29T00:25:10.899
Finished copy 574 at 2025-05-29T00:25:35.849
Finished copy 182 at 2025-05-29T00:25:52.656
Finished copy 73 at 2025-05-29T00:25:59.467
Finished copy 271 at 2025-05-29T00:26:21.606
Finished copy 575 at 2025-05-29T00:26:26.620
Finished copy 349 at 2025-05-29T00:26:48.985
Finished copy 74 at 2025-05-29T00:27:04.129
Finished copy 576 at 2025-05-29T00:27:19.831
Finished copy 183 at 2025-05-29T00:27:26.451
Finished copy 272 at 2025-05-29T00:27:50.799
Finished copy 75 at 2025-05-29T00:27:52.356
Finished copy 350 at 2025-05-29T00:28:26.252
Finished copy 577 at 2025-05-29T00:28:31.986
Finished copy 463 at 2025-05-29T00:28:39.256
Finished copy 184 at 2025-05-29T00:29:05.435
Finished copy 76 at 2025-05-29T00:29:16.750
Finished copy 464 at 2025-05-29T00:29:46.959
Finished copy 578 at 2025-05-29T00:29:59.736
Finished copy 465 at 2025-05-29T00:30:37.587
Finished copy 77 at 2025-05-29T00:30:42.220
Finished copy 185 at 2025-05-29T00:30:51.619
Finished copy 78 at 2025-05-29T00:31:35.615
Finished copy 579 at 2025-05-29T00:31:36.902
Finished copy 466 at 2025-05-29T00:31:49.584
Finished copy 186 at 2025-05-29T00:32:10.393
Finished copy 273 at 2025-05-29T00:32:28.331
Finished copy 351 at 2025-05-29T00:32:36.944
Finished copy 580 at 2025-05-29T00:32:53.541
Finished copy 79 at 2025-05-29T00:33:01.792
Finished copy 467 at 2025-05-29T00:33:04.977
Finished copy 187 at 2025-05-29T00:33:38.964
Finished copy 581 at 2025-05-29T00:33:54.692
Finished copy 468 at 2025-05-29T00:34:10.534
Finished copy 352 at 2025-05-29T00:34:43.929
Finished copy 582 at 2025-05-29T00:35:09.133
Finished copy 469 at 2025-05-29T00:35:26.002
Finished copy 583 at 2025-05-29T00:36:12.790
Finished copy 353 at 2025-05-29T00:36:34.779
Finished copy 274 at 2025-05-29T00:36:45.893
Finished copy 470 at 2025-05-29T00:36:47.271
Finished copy 275 at 2025-05-29T00:37:42.989
Finished copy 584 at 2025-05-29T00:37:47.831
Finished copy 80 at 2025-05-29T00:37:53.398
Finished copy 276 at 2025-05-29T00:38:40.694
Finished copy 354 at 2025-05-29T00:38:42.737
Finished copy 81 at 2025-05-29T00:39:01.447
Finished copy 585 at 2025-05-29T00:39:02.305
Finished copy 82 at 2025-05-29T00:39:53.679
Finished copy 188 at 2025-05-29T00:40:13.391
Finished copy 586 at 2025-05-29T00:40:14.928
Finished copy 355 at 2025-05-29T00:41:06.155
Finished copy 587 at 2025-05-29T00:41:24.808
Finished copy 83 at 2025-05-29T00:41:26.511
Finished copy 277 at 2025-05-29T00:41:38.888
Finished copy 471 at 2025-05-29T00:41:40.714
Finished copy 189 at 2025-05-29T00:41:47.817
Finished copy 84 at 2025-05-29T00:42:14.983
Finished copy 278 at 2025-05-29T00:42:29.442
Finished copy 356 at 2025-05-29T00:42:31.595
Finished copy 588 at 2025-05-29T00:42:54.822
Finished copy 472 at 2025-05-29T00:42:55.846
Finished copy 85 at 2025-05-29T00:43:13.008
Finished copy 279 at 2025-05-29T00:43:18.411
Finished copy 190 at 2025-05-29T00:43:21.294
Finished copy 280 at 2025-05-29T00:44:04.854
Finished copy 86 at 2025-05-29T00:44:06.395
Finished copy 589 at 2025-05-29T00:44:22.832
Finished copy 473 at 2025-05-29T00:44:44.160
Finished copy 191 at 2025-05-29T00:44:56.016
Finished copy 281 at 2025-05-29T00:45:01.398
Finished copy 357 at 2025-05-29T00:45:10.944
Finished copy 590 at 2025-05-29T00:45:27.623
Finished copy 474 at 2025-05-29T00:46:18.570
Finished copy 591 at 2025-05-29T00:46:21.951
Finished copy 87 at 2025-05-29T00:47:09.919
Finished copy 358 at 2025-05-29T00:47:13.056
Finished copy 282 at 2025-05-29T00:47:33.266
Finished copy 475 at 2025-05-29T00:47:41.578
Finished copy 592 at 2025-05-29T00:47:48.169
Finished copy 283 at 2025-05-29T00:48:27.584
Finished copy 359 at 2025-05-29T00:48:50.973
Finished copy 88 at 2025-05-29T00:49:09.910
Finished copy 89 at 2025-05-29T00:50:03.940
Finished copy 476 at 2025-05-29T00:50:17.653
Finished copy 593 at 2025-05-29T00:50:29.542
Finished copy 192 at 2025-05-29T00:50:54.558
Finished copy 284 at 2025-05-29T00:51:13.907
Finished copy 90 at 2025-05-29T00:51:16.005
Finished copy 477 at 2025-05-29T00:51:52.574
Finished copy 594 at 2025-05-29T00:52:00.508
Finished copy 285 at 2025-05-29T00:52:14.133
Finished copy 91 at 2025-05-29T00:52:18.125
Finished copy 193 at 2025-05-29T00:52:31.572
Finished copy 286 at 2025-05-29T00:53:02.555
Finished copy 92 at 2025-05-29T00:53:07.856
Finished copy 595 at 2025-05-29T00:53:28.300
Finished copy 478 at 2025-05-29T00:53:49.344
Finished copy 93 at 2025-05-29T00:54:00.564
Finished copy 94 at 2025-05-29T00:54:56.524
Finished copy 479 at 2025-05-29T00:55:20.005
Finished copy 360 at 2025-05-29T00:56:01.313
Finished copy 95 at 2025-05-29T00:56:13.871
Finished copy 287 at 2025-05-29T00:56:30.501
Finished copy 480 at 2025-05-29T00:56:42.298
Finished copy 96 at 2025-05-29T00:57:11.506
Finished copy 288 at 2025-05-29T00:57:30.274
Finished copy 289 at 2025-05-29T00:58:16.877
Finished copy 481 at 2025-05-29T00:58:23.238
Finished copy 194 at 2025-05-29T00:58:30.501
Finished copy 596 at 2025-05-29T00:58:47.116
Finished copy 290 at 2025-05-29T00:59:04.434
Finished copy 482 at 2025-05-29T00:59:46.688
Finished copy 597 at 2025-05-29T00:59:53.943
Finished copy 195 at 2025-05-29T01:00:00.041
Finished copy 97 at 2025-05-29T01:00:11.875
Finished copy 196 at 2025-05-29T01:01:15.859
Finished copy 598 at 2025-05-29T01:01:32.697
Finished copy 98 at 2025-05-29T01:02:04.330
Finished copy 197 at 2025-05-29T01:02:06.970
Finished copy 291 at 2025-05-29T01:02:53.997
Finished copy 361 at 2025-05-29T01:02:57.559
Finished copy 198 at 2025-05-29T01:03:00.311
Finished copy 599 at 2025-05-29T01:03:03.184
Finished copy 292 at 2025-05-29T01:03:46.116
Finished copy 99 at 2025-05-29T01:03:56.965
Finished copy 600 at 2025-05-29T01:03:57.007
Finished copy 199 at 2025-05-29T01:04:15.369
Finished copy 293 at 2025-05-29T01:04:34.380
Finished copy 362 at 2025-05-29T01:04:48.483
Finished copy 483 at 2025-05-29T01:04:52.971
Finished copy 200 at 2025-05-29T01:05:10.424
Finished copy 100 at 2025-05-29T01:05:16.068
Finished copy 484 at 2025-05-29T01:05:48.249
Finished copy 485 at 2025-05-29T01:06:32.137
Finished copy 363 at 2025-05-29T01:06:41.947
Finished copy 294 at 2025-05-29T01:07:32.727
Finished copy 364 at 2025-05-29T01:08:02.570
Finished copy 295 at 2025-05-29T01:08:19.808
Finished copy 486 at 2025-05-29T01:09:04.560
Finished copy 296 at 2025-05-29T01:09:04.641
Finished copy 487 at 2025-05-29T01:09:48.037
Finished copy 488 at 2025-05-29T01:10:29.484
Finished copy 365 at 2025-05-29T01:12:09.127
Finished copy 297 at 2025-05-29T01:12:28.994
Finished copy 298 at 2025-05-29T01:13:10.926
Finished copy 366 at 2025-05-29T01:13:12.124
Finished copy 489 at 2025-05-29T01:13:29.752
Finished copy 299 at 2025-05-29T01:13:54.360
Finished copy 490 at 2025-05-29T01:14:16.668
Finished copy 300 at 2025-05-29T01:14:37.266
Finished copy 491 at 2025-05-29T01:15:12.425
Finished copy 367 at 2025-05-29T01:15:18.194
Finished copy 492 at 2025-05-29T01:15:55.509
Finished copy 368 at 2025-05-29T01:16:08.115
Finished copy 493 at 2025-05-29T01:16:37.146
Finished copy 494 at 2025-05-29T01:17:32.483
Finished copy 495 at 2025-05-29T01:18:11.793
Finished copy 496 at 2025-05-29T01:18:55.880
Finished copy 369 at 2025-05-29T01:19:10.337
Finished copy 497 at 2025-05-29T01:19:35.447
Finished copy 370 at 2025-05-29T01:19:58.979
Finished copy 498 at 2025-05-29T01:20:22.052
Finished copy 371 at 2025-05-29T01:20:55.002
Finished copy 499 at 2025-05-29T01:21:02.554
Finished copy 372 at 2025-05-29T01:21:39.412
Finished copy 500 at 2025-05-29T01:21:41.679
Finished copy 373 at 2025-05-29T01:22:20.681
Finished copy 374 at 2025-05-29T01:25:53.184
Finished copy 375 at 2025-05-29T01:26:36.329
Finished copy 376 at 2025-05-29T01:27:17.011
Finished copy 377 at 2025-05-29T01:30:34.623
Finished copy 378 at 2025-05-29T01:31:23.216
Finished copy 379 at 2025-05-29T01:32:03.569
Finished copy 380 at 2025-05-29T01:32:40.007
Finished copy 381 at 2025-05-29T01:33:21.829
Finished copy 382 at 2025-05-29T01:34:08.432
Finished copy 383 at 2025-05-29T01:34:50.787
Finished copy 384 at 2025-05-29T01:35:30.101
Finished copy 385 at 2025-05-29T01:36:09.064
Finished copy 386 at 2025-05-29T01:36:48.471
Finished copy 387 at 2025-05-29T01:39:50.869
Finished copy 388 at 2025-05-29T01:40:28.331
Finished copy 389 at 2025-05-29T01:41:04.645
Finished copy 390 at 2025-05-29T01:41:39.157
Finished copy 391 at 2025-05-29T01:42:42.179
Finished copy 392 at 2025-05-29T01:43:27.274
Finished copy 393 at 2025-05-29T01:44:03.361
Finished copy 394 at 2025-05-29T01:44:46.177
Finished copy 395 at 2025-05-29T01:45:24.215
Finished copy 396 at 2025-05-29T01:46:04.733
Finished copy 397 at 2025-05-29T01:46:42.864
Finished copy 398 at 2025-05-29T01:48:55.749
Finished copy 399 at 2025-05-29T01:49:35.702
Finished copy 400 at 2025-05-29T01:51:16.432
