Starting saddles simulation at 2025-05-28T16:34:03.262
Lattice size: 96
Beta values: [0.1, 0.10279944599549397, 0.10567726096980483, 0.10863563882017176, 0.11167683486080235, 0.11480316754220751, 0.1180170202186681, 0.1213208429651809, 0.12471715444526921, 0.12820854383108135, 0.1317976727772417, 0.13548727744995842, 0.13928017061293513, 0.14317924377167612, 0.14718746937782085, 0.15130790309518719, 0.15554368612925135, 0.15989804762184037, 0.16437430711286308, 0.16897587707095507, 0.17370626549496876, 0.1785690785882898, 0.18356802350802015, 0.1887069111911229, 0.19398965925968314, 0.19942029500750083, 0.20500295847029057, 0.21074190558183128, 0.21664151141846955, 0.22270627353445155, 0.22894081539062563, 0.23534988987912978, 0.2419383829467506, 0.24871131731971624, 0.25567385633276335, 0.26283130786539594, 0.2701891283883382, 0.27775292712326566, 0.2855284703189852, 0.2935216856473252, 0.3017386667220857, 0.3101856777444941, 0.3188691582787082, 0.3277957281610069, 0.3369721925464105, 0.3464055470965792, 0.3561029833129435, 0.36607189401913226, 0.3763198789968798, 0.3868547507797058, 0.39768454060878644, 0.4088175045555577, 0.4202621298157168, 0.4320271411794205, 0.4441215076826148, 0.4565544494445634, 0.46933544469678873, 0.48247423700878694, 0.49598084271601944, 0.5098655585558504, 0.5241389695172453, 0.5388119569102191, 0.553895706661185, 0.5694017178405246, 0.5853418114288852, 0.601728139328883, 0.6185731936290858, 0.6358898161273345, 0.6536912081206652, 0.6719909404692954, 0.6908029639423454, 0.710141619853183, 0.730021650992499, 0.7504582128674476, 0.7714668852554213, 0.7930636840812662, 0.815265073626996, 0.8380879790833082, 0.8615497994524721, 0.885668420812431, 0.9104622299522194, 0.9359501283891019, 0.9621515467781114, 0.9890864597249744, 1.0167754010137187, 1.045239479260565, 1.0745003940060471, 1.1045804522576164, 1.1355025854953513, 1.1672903671537318, 1.1999680305928035, 1.2335604875724422, 1.2680933472437848, 1.3035929356723266, 1.3400863159075478, 1.3776013086143843, 1.4161665132822627, 1.4558113300278694, 1.4965659820082826, 1.5384615384615383]
Copies: 600
Move type: l chain flip
----------------------------------
Finished copy 1 at 2025-05-28T16:34:41.880
Finished copy 201 at 2025-05-28T16:35:19.475
Finished copy 401 at 2025-05-28T16:35:23.607
Finished copy 101 at 2025-05-28T16:35:24.398
Finished copy 301 at 2025-05-28T16:35:27.299
Finished copy 2 at 2025-05-28T16:35:28.041
Finished copy 202 at 2025-05-28T16:35:58.457
Finished copy 3 at 2025-05-28T16:36:10.203
Finished copy 302 at 2025-05-28T16:36:17.559
Finished copy 102 at 2025-05-28T16:36:30.420
Finished copy 203 at 2025-05-28T16:36:48.686
Finished copy 402 at 2025-05-28T16:36:49.510
Finished copy 4 at 2025-05-28T16:36:57.026
Finished copy 303 at 2025-05-28T16:37:10.989
Finished copy 103 at 2025-05-28T16:37:16.770
Finished copy 204 at 2025-05-28T16:37:40.129
Finished copy 5 at 2025-05-28T16:37:43.161
Finished copy 403 at 2025-05-28T16:37:47.668
Finished copy 205 at 2025-05-28T16:38:26.981
Finished copy 501 at 2025-05-28T16:38:31.287
Finished copy 404 at 2025-05-28T16:38:37.906
Finished copy 6 at 2025-05-28T16:38:44.499
Finished copy 502 at 2025-05-28T16:39:22.323
Finished copy 405 at 2025-05-28T16:39:24.492
Finished copy 406 at 2025-05-28T16:40:07.983
Finished copy 503 at 2025-05-28T16:40:17.326
Finished copy 206 at 2025-05-28T16:40:19.463
Finished copy 407 at 2025-05-28T16:41:01.581
Finished copy 504 at 2025-05-28T16:41:13.727
Finished copy 207 at 2025-05-28T16:41:27.174
Finished copy 408 at 2025-05-28T16:41:48.707
Finished copy 104 at 2025-05-28T16:42:00.650
Finished copy 505 at 2025-05-28T16:42:08.450
Finished copy 208 at 2025-05-28T16:42:16.146
Finished copy 409 at 2025-05-28T16:42:40.353
Finished copy 105 at 2025-05-28T16:42:50.893
Finished copy 506 at 2025-05-28T16:42:59.118
Finished copy 7 at 2025-05-28T16:43:02.054
Finished copy 209 at 2025-05-28T16:43:06.405
Finished copy 106 at 2025-05-28T16:43:48.559
Finished copy 8 at 2025-05-28T16:43:52.472
Finished copy 507 at 2025-05-28T16:43:54.185
Finished copy 410 at 2025-05-28T16:43:59.671
Finished copy 210 at 2025-05-28T16:44:00.014
Finished copy 107 at 2025-05-28T16:44:34.685
Finished copy 9 at 2025-05-28T16:44:39.123
Finished copy 211 at 2025-05-28T16:44:45.865
Finished copy 508 at 2025-05-28T16:44:46.639
Finished copy 304 at 2025-05-28T16:45:04.978
Finished copy 411 at 2025-05-28T16:45:13.141
Finished copy 108 at 2025-05-28T16:45:18.556
Finished copy 212 at 2025-05-28T16:45:35.229
Finished copy 10 at 2025-05-28T16:45:40.024
Finished copy 412 at 2025-05-28T16:45:58.988
Finished copy 509 at 2025-05-28T16:46:11.529
Finished copy 109 at 2025-05-28T16:46:18.050
Finished copy 11 at 2025-05-28T16:46:22.162
Finished copy 213 at 2025-05-28T16:46:27.132
Finished copy 110 at 2025-05-28T16:47:11.321
Finished copy 12 at 2025-05-28T16:47:15.017
Finished copy 214 at 2025-05-28T16:47:25.644
Finished copy 111 at 2025-05-28T16:48:04.981
Finished copy 13 at 2025-05-28T16:48:10.120
Finished copy 112 at 2025-05-28T16:48:54.993
Finished copy 113 at 2025-05-28T16:49:42.635
Finished copy 413 at 2025-05-28T16:50:01.197
Finished copy 14 at 2025-05-28T16:50:06.921
Finished copy 510 at 2025-05-28T16:50:20.015
Finished copy 414 at 2025-05-28T16:50:44.948
Finished copy 511 at 2025-05-28T16:51:02.641
Finished copy 15 at 2025-05-28T16:51:08.606
Finished copy 415 at 2025-05-28T16:51:55.227
Finished copy 16 at 2025-05-28T16:52:02.136
Finished copy 512 at 2025-05-28T16:52:03.577
Finished copy 215 at 2025-05-28T16:52:11.093
Finished copy 305 at 2025-05-28T16:52:26.890
Finished copy 17 at 2025-05-28T16:52:47.219
Finished copy 513 at 2025-05-28T16:52:49.637
Finished copy 114 at 2025-05-28T16:52:52.999
Finished copy 216 at 2025-05-28T16:52:55.117
Finished copy 306 at 2025-05-28T16:53:29.946
Finished copy 115 at 2025-05-28T16:53:34.897
Finished copy 18 at 2025-05-28T16:53:38.097
Finished copy 217 at 2025-05-28T16:53:42.951
Finished copy 514 at 2025-05-28T16:53:48.060
Finished copy 19 at 2025-05-28T16:54:31.345
Finished copy 307 at 2025-05-28T16:54:33.355
Finished copy 308 at 2025-05-28T16:55:30.883
Finished copy 20 at 2025-05-28T16:55:44.690
Finished copy 116 at 2025-05-28T16:56:31.446
Finished copy 21 at 2025-05-28T16:56:34.279
Finished copy 309 at 2025-05-28T16:56:37.926
Finished copy 416 at 2025-05-28T16:57:09.371
Finished copy 117 at 2025-05-28T16:57:22.918
Finished copy 22 at 2025-05-28T16:57:24.755
Finished copy 310 at 2025-05-28T16:57:34.692
Finished copy 515 at 2025-05-28T16:57:36.233
Finished copy 417 at 2025-05-28T16:57:56.816
Finished copy 218 at 2025-05-28T16:57:59.236
Finished copy 118 at 2025-05-28T16:58:14.789
Finished copy 516 at 2025-05-28T16:58:29.239
Finished copy 418 at 2025-05-28T16:58:47.622
Finished copy 219 at 2025-05-28T16:59:01.233
Finished copy 119 at 2025-05-28T16:59:12.353
Finished copy 517 at 2025-05-28T16:59:19.579
Finished copy 220 at 2025-05-28T16:59:49.631
Finished copy 311 at 2025-05-28T17:00:02.514
Finished copy 120 at 2025-05-28T17:00:15.072
Finished copy 221 at 2025-05-28T17:00:32.563
Finished copy 312 at 2025-05-28T17:01:08.029
Finished copy 222 at 2025-05-28T17:01:23.075
Finished copy 121 at 2025-05-28T17:01:27.714
Finished copy 518 at 2025-05-28T17:02:07.541
Finished copy 23 at 2025-05-28T17:02:09.102
Finished copy 313 at 2025-05-28T17:02:11.978
Finished copy 122 at 2025-05-28T17:02:13.644
Finished copy 223 at 2025-05-28T17:02:34.708
Finished copy 123 at 2025-05-28T17:03:00.694
Finished copy 24 at 2025-05-28T17:03:04.432
Finished copy 224 at 2025-05-28T17:03:25.356
Finished copy 314 at 2025-05-28T17:03:28.061
Finished copy 25 at 2025-05-28T17:03:58.736
Finished copy 519 at 2025-05-28T17:04:01.845
Finished copy 225 at 2025-05-28T17:04:10.786
Finished copy 315 at 2025-05-28T17:04:30.668
Finished copy 124 at 2025-05-28T17:04:33.255
Finished copy 226 at 2025-05-28T17:05:05.818
Finished copy 520 at 2025-05-28T17:05:20.251
Finished copy 125 at 2025-05-28T17:05:22.113
Finished copy 316 at 2025-05-28T17:05:51.157
Finished copy 227 at 2025-05-28T17:06:02.610
Finished copy 521 at 2025-05-28T17:06:09.469
Finished copy 126 at 2025-05-28T17:06:16.130
Finished copy 419 at 2025-05-28T17:06:37.988
Finished copy 228 at 2025-05-28T17:07:00.724
Finished copy 522 at 2025-05-28T17:07:03.701
Finished copy 127 at 2025-05-28T17:07:19.806
Finished copy 317 at 2025-05-28T17:07:21.509
Finished copy 420 at 2025-05-28T17:07:26.156
Finished copy 128 at 2025-05-28T17:08:25.690
Finished copy 421 at 2025-05-28T17:08:57.550
Finished copy 523 at 2025-05-28T17:08:57.710
Finished copy 129 at 2025-05-28T17:09:13.283
Finished copy 524 at 2025-05-28T17:09:41.284
Finished copy 422 at 2025-05-28T17:09:47.733
Finished copy 130 at 2025-05-28T17:10:07.328
Finished copy 525 at 2025-05-28T17:10:27.161
Finished copy 423 at 2025-05-28T17:10:41.742
Finished copy 526 at 2025-05-28T17:11:09.920
Finished copy 424 at 2025-05-28T17:11:23.717
Finished copy 26 at 2025-05-28T17:11:40.905
Finished copy 229 at 2025-05-28T17:11:47.520
Finished copy 527 at 2025-05-28T17:12:00.247
Finished copy 425 at 2025-05-28T17:12:19.169
Finished copy 528 at 2025-05-28T17:12:46.318
Finished copy 131 at 2025-05-28T17:12:57.955
Finished copy 426 at 2025-05-28T17:13:09.263
Finished copy 529 at 2025-05-28T17:13:42.168
Finished copy 132 at 2025-05-28T17:13:50.205
Finished copy 427 at 2025-05-28T17:14:15.518
Finished copy 27 at 2025-05-28T17:14:23.984
Finished copy 530 at 2025-05-28T17:14:33.190
Finished copy 318 at 2025-05-28T17:14:39.319
Finished copy 133 at 2025-05-28T17:14:40.075
Finished copy 28 at 2025-05-28T17:15:15.849
Finished copy 531 at 2025-05-28T17:15:38.281
Finished copy 134 at 2025-05-28T17:15:46.066
Finished copy 230 at 2025-05-28T17:15:49.103
Finished copy 319 at 2025-05-28T17:15:54.101
Finished copy 29 at 2025-05-28T17:16:04.115
Finished copy 532 at 2025-05-28T17:16:28.982
Finished copy 135 at 2025-05-28T17:16:37.047
Finished copy 320 at 2025-05-28T17:16:59.988
Finished copy 30 at 2025-05-28T17:17:18.360
Finished copy 136 at 2025-05-28T17:17:30.192
Finished copy 231 at 2025-05-28T17:17:53.569
Finished copy 31 at 2025-05-28T17:18:32.021
Finished copy 232 at 2025-05-28T17:18:44.917
Finished copy 137 at 2025-05-28T17:19:08.917
Finished copy 32 at 2025-05-28T17:19:28.853
Finished copy 428 at 2025-05-28T17:19:52.595
Finished copy 138 at 2025-05-28T17:19:56.939
Finished copy 233 at 2025-05-28T17:20:06.941
Finished copy 33 at 2025-05-28T17:20:12.479
Finished copy 429 at 2025-05-28T17:20:35.770
Finished copy 139 at 2025-05-28T17:20:50.496
Finished copy 34 at 2025-05-28T17:20:53.620
Finished copy 321 at 2025-05-28T17:20:56.136
Finished copy 234 at 2025-05-28T17:20:58.778
Finished copy 430 at 2025-05-28T17:21:24.314
Finished copy 140 at 2025-05-28T17:21:36.658
Finished copy 35 at 2025-05-28T17:21:47.524
Finished copy 322 at 2025-05-28T17:21:55.323
Finished copy 431 at 2025-05-28T17:22:20.144
Finished copy 141 at 2025-05-28T17:22:21.719
Finished copy 36 at 2025-05-28T17:22:41.329
Finished copy 323 at 2025-05-28T17:22:59.411
Finished copy 142 at 2025-05-28T17:23:09.045
Finished copy 432 at 2025-05-28T17:23:28.924
Finished copy 37 at 2025-05-28T17:23:33.747
Finished copy 324 at 2025-05-28T17:23:55.061
Finished copy 143 at 2025-05-28T17:24:05.426
Finished copy 533 at 2025-05-28T17:24:18.511
Finished copy 38 at 2025-05-28T17:24:23.940
Finished copy 433 at 2025-05-28T17:24:26.824
Finished copy 144 at 2025-05-28T17:24:55.981
Finished copy 39 at 2025-05-28T17:25:07.163
Finished copy 235 at 2025-05-28T17:25:08.941
Finished copy 434 at 2025-05-28T17:25:53.289
Finished copy 40 at 2025-05-28T17:25:57.528
Finished copy 236 at 2025-05-28T17:26:00.834
Finished copy 435 at 2025-05-28T17:26:33.248
Finished copy 41 at 2025-05-28T17:26:48.920
Finished copy 237 at 2025-05-28T17:26:51.138
Finished copy 238 at 2025-05-28T17:27:47.523
Finished copy 325 at 2025-05-28T17:28:10.541
Finished copy 436 at 2025-05-28T17:28:14.540
Finished copy 42 at 2025-05-28T17:28:30.160
Finished copy 534 at 2025-05-28T17:28:44.458
Finished copy 145 at 2025-05-28T17:29:04.969
Finished copy 326 at 2025-05-28T17:29:07.890
Finished copy 43 at 2025-05-28T17:29:15.889
Finished copy 239 at 2025-05-28T17:29:23.474
Finished copy 535 at 2025-05-28T17:29:46.110
Finished copy 327 at 2025-05-28T17:30:07.634
Finished copy 44 at 2025-05-28T17:30:13.716
Finished copy 536 at 2025-05-28T17:30:47.219
Finished copy 45 at 2025-05-28T17:30:58.035
Finished copy 240 at 2025-05-28T17:31:14.721
Finished copy 328 at 2025-05-28T17:31:21.492
Finished copy 537 at 2025-05-28T17:31:40.210
Finished copy 241 at 2025-05-28T17:32:02.832
Finished copy 329 at 2025-05-28T17:32:22.242
Finished copy 538 at 2025-05-28T17:32:35.808
Finished copy 437 at 2025-05-28T17:32:40.369
Finished copy 438 at 2025-05-28T17:33:28.409
Finished copy 539 at 2025-05-28T17:33:31.991
Finished copy 242 at 2025-05-28T17:33:36.249
Finished copy 330 at 2025-05-28T17:34:02.639
Finished copy 439 at 2025-05-28T17:34:16.500
Finished copy 540 at 2025-05-28T17:34:31.521
Finished copy 243 at 2025-05-28T17:34:57.626
Finished copy 331 at 2025-05-28T17:35:09.962
Finished copy 440 at 2025-05-28T17:35:11.111
Finished copy 541 at 2025-05-28T17:35:18.807
Finished copy 244 at 2025-05-28T17:35:45.257
Finished copy 542 at 2025-05-28T17:36:07.810
Finished copy 332 at 2025-05-28T17:36:09.640
Finished copy 146 at 2025-05-28T17:36:18.597
Finished copy 245 at 2025-05-28T17:36:30.077
Finished copy 543 at 2025-05-28T17:37:03.051
Finished copy 147 at 2025-05-28T17:37:08.489
Finished copy 46 at 2025-05-28T17:37:09.243
Finished copy 246 at 2025-05-28T17:37:19.451
Finished copy 333 at 2025-05-28T17:37:28.881
Finished copy 544 at 2025-05-28T17:37:47.631
Finished copy 148 at 2025-05-28T17:38:04.665
Finished copy 47 at 2025-05-28T17:38:17.102
Finished copy 247 at 2025-05-28T17:38:25.063
Finished copy 545 at 2025-05-28T17:38:34.681
Finished copy 48 at 2025-05-28T17:39:12.298
Finished copy 49 at 2025-05-28T17:39:56.753
Finished copy 50 at 2025-05-28T17:40:45.839
Finished copy 441 at 2025-05-28T17:41:12
Finished copy 334 at 2025-05-28T17:41:48.338
Finished copy 442 at 2025-05-28T17:41:58.816
Finished copy 149 at 2025-05-28T17:42:26.936
Finished copy 248 at 2025-05-28T17:42:40.709
Finished copy 546 at 2025-05-28T17:43:15.793
Finished copy 150 at 2025-05-28T17:43:16.140
Finished copy 249 at 2025-05-28T17:43:38.652
Finished copy 547 at 2025-05-28T17:44:08.290
Finished copy 151 at 2025-05-28T17:44:21.321
Finished copy 548 at 2025-05-28T17:45:02.980
Finished copy 152 at 2025-05-28T17:45:09.180
Finished copy 549 at 2025-05-28T17:45:56.270
Finished copy 153 at 2025-05-28T17:46:02.073
Finished copy 51 at 2025-05-28T17:46:39.278
Finished copy 550 at 2025-05-28T17:46:47.955
Finished copy 335 at 2025-05-28T17:46:59.577
Finished copy 154 at 2025-05-28T17:47:16.389
Finished copy 443 at 2025-05-28T17:47:27.983
Finished copy 551 at 2025-05-28T17:47:36.312
Finished copy 52 at 2025-05-28T17:48:00.478
Finished copy 155 at 2025-05-28T17:48:01.844
Finished copy 336 at 2025-05-28T17:48:16.617
Finished copy 552 at 2025-05-28T17:48:25.559
Finished copy 444 at 2025-05-28T17:48:33.782
Finished copy 53 at 2025-05-28T17:48:51.144
Finished copy 156 at 2025-05-28T17:49:01.492
Finished copy 250 at 2025-05-28T17:49:08.815
Finished copy 553 at 2025-05-28T17:49:14.649
Finished copy 445 at 2025-05-28T17:49:26.811
Finished copy 54 at 2025-05-28T17:49:36.348
Finished copy 337 at 2025-05-28T17:49:41.146
Finished copy 554 at 2025-05-28T17:50:09.115
Finished copy 251 at 2025-05-28T17:50:09.875
Finished copy 157 at 2025-05-28T17:50:09.929
Finished copy 446 at 2025-05-28T17:50:18.243
Finished copy 55 at 2025-05-28T17:50:29.766
Finished copy 338 at 2025-05-28T17:50:45.058
Finished copy 158 at 2025-05-28T17:50:56.377
Finished copy 555 at 2025-05-28T17:50:57.366
Finished copy 447 at 2025-05-28T17:51:20.410
Finished copy 56 at 2025-05-28T17:51:24.567
Finished copy 252 at 2025-05-28T17:51:31
Finished copy 159 at 2025-05-28T17:51:45.533
Finished copy 556 at 2025-05-28T17:51:55.062
Finished copy 339 at 2025-05-28T17:51:57.120
Finished copy 57 at 2025-05-28T17:52:17.691
Finished copy 253 at 2025-05-28T17:52:18.007
Finished copy 160 at 2025-05-28T17:52:46.515
Finished copy 557 at 2025-05-28T17:52:51.764
Finished copy 58 at 2025-05-28T17:53:03.666
Finished copy 254 at 2025-05-28T17:53:16.836
Finished copy 340 at 2025-05-28T17:53:22.807
Finished copy 558 at 2025-05-28T17:53:39.719
Finished copy 161 at 2025-05-28T17:53:43.840
Finished copy 59 at 2025-05-28T17:53:51.950
Finished copy 255 at 2025-05-28T17:54:00.124
Finished copy 341 at 2025-05-28T17:54:21.615
Finished copy 559 at 2025-05-28T17:54:31.289
Finished copy 60 at 2025-05-28T17:54:42.645
Finished copy 162 at 2025-05-28T17:54:46.006
Finished copy 256 at 2025-05-28T17:54:57.702
Finished copy 560 at 2025-05-28T17:55:17.240
Finished copy 61 at 2025-05-28T17:55:30.071
Finished copy 163 at 2025-05-28T17:55:32.003
Finished copy 342 at 2025-05-28T17:55:44.533
Finished copy 257 at 2025-05-28T17:55:48.555
Finished copy 164 at 2025-05-28T17:56:24.941
Finished copy 62 at 2025-05-28T17:56:25.742
Finished copy 258 at 2025-05-28T17:56:35.983
Finished copy 448 at 2025-05-28T17:56:36.692
Finished copy 63 at 2025-05-28T17:57:09.506
Finished copy 449 at 2025-05-28T17:57:24.378
Finished copy 165 at 2025-05-28T17:57:27.731
Finished copy 343 at 2025-05-28T17:57:34.027
Finished copy 259 at 2025-05-28T17:57:44.283
Finished copy 64 at 2025-05-28T17:57:52.948
Finished copy 166 at 2025-05-28T17:58:25.194
Finished copy 260 at 2025-05-28T17:58:34.677
Finished copy 344 at 2025-05-28T17:58:38.236
Finished copy 561 at 2025-05-28T17:58:41.589
Finished copy 261 at 2025-05-28T17:59:19.817
Finished copy 345 at 2025-05-28T17:59:37.043
Finished copy 167 at 2025-05-28T17:59:50.880
Finished copy 450 at 2025-05-28T18:00:02.048
Finished copy 262 at 2025-05-28T18:00:15.943
Finished copy 562 at 2025-05-28T18:00:38.161
Finished copy 346 at 2025-05-28T18:00:44.503
Finished copy 451 at 2025-05-28T18:00:48.532
Finished copy 168 at 2025-05-28T18:00:49.057
Finished copy 65 at 2025-05-28T18:01:06.609
Finished copy 452 at 2025-05-28T18:01:38.361
Finished copy 66 at 2025-05-28T18:01:56.241
Finished copy 347 at 2025-05-28T18:02:16.373
Finished copy 169 at 2025-05-28T18:02:36.211
Finished copy 563 at 2025-05-28T18:02:50.571
Finished copy 348 at 2025-05-28T18:03:12.650
Finished copy 170 at 2025-05-28T18:03:17.469
Finished copy 564 at 2025-05-28T18:03:48.014
Finished copy 171 at 2025-05-28T18:04:11.434
Finished copy 349 at 2025-05-28T18:04:15.970
Finished copy 263 at 2025-05-28T18:04:51.303
Finished copy 565 at 2025-05-28T18:05:07.978
Finished copy 350 at 2025-05-28T18:05:21.875
Finished copy 264 at 2025-05-28T18:05:36.322
Finished copy 172 at 2025-05-28T18:06:26.646
Finished copy 265 at 2025-05-28T18:06:29.573
Finished copy 351 at 2025-05-28T18:06:29.776
Finished copy 67 at 2025-05-28T18:07:11.213
Finished copy 266 at 2025-05-28T18:07:22.273
Finished copy 173 at 2025-05-28T18:07:28.393
Finished copy 352 at 2025-05-28T18:07:39.726
Finished copy 453 at 2025-05-28T18:08:04.665
Finished copy 267 at 2025-05-28T18:08:09.481
Finished copy 68 at 2025-05-28T18:08:10.367
Finished copy 353 at 2025-05-28T18:08:46.758
Finished copy 454 at 2025-05-28T18:08:54.502
Finished copy 69 at 2025-05-28T18:09:00.300
Finished copy 268 at 2025-05-28T18:09:03.742
Finished copy 566 at 2025-05-28T18:09:46.192
Finished copy 354 at 2025-05-28T18:09:47.009
Finished copy 455 at 2025-05-28T18:09:49.539
Finished copy 269 at 2025-05-28T18:09:56.509
Finished copy 70 at 2025-05-28T18:10:12.159
Finished copy 174 at 2025-05-28T18:10:12.921
Finished copy 456 at 2025-05-28T18:10:32.762
Finished copy 567 at 2025-05-28T18:10:35.405
Finished copy 270 at 2025-05-28T18:10:43.924
Finished copy 175 at 2025-05-28T18:10:59.849
Finished copy 71 at 2025-05-28T18:11:02.508
Finished copy 457 at 2025-05-28T18:11:21.477
Finished copy 568 at 2025-05-28T18:11:24.474
Finished copy 271 at 2025-05-28T18:11:44.591
Finished copy 176 at 2025-05-28T18:11:52.148
Finished copy 72 at 2025-05-28T18:12:02.506
Finished copy 458 at 2025-05-28T18:12:16.403
Finished copy 569 at 2025-05-28T18:12:22.317
Finished copy 177 at 2025-05-28T18:12:46.155
Finished copy 272 at 2025-05-28T18:12:46.687
Finished copy 73 at 2025-05-28T18:12:50.951
Finished copy 459 at 2025-05-28T18:13:03.107
Finished copy 570 at 2025-05-28T18:13:20.516
Finished copy 355 at 2025-05-28T18:13:37.057
Finished copy 178 at 2025-05-28T18:13:37.864
Finished copy 74 at 2025-05-28T18:13:40.707
Finished copy 273 at 2025-05-28T18:13:51.895
Finished copy 460 at 2025-05-28T18:13:54.996
Finished copy 179 at 2025-05-28T18:14:38.321
Finished copy 274 at 2025-05-28T18:14:44.124
Finished copy 461 at 2025-05-28T18:14:45.056
Finished copy 462 at 2025-05-28T18:15:45.976
Finished copy 180 at 2025-05-28T18:15:49.608
Finished copy 275 at 2025-05-28T18:15:55.991
Finished copy 181 at 2025-05-28T18:16:39.220
Finished copy 276 at 2025-05-28T18:16:46.439
Finished copy 571 at 2025-05-28T18:17:22.516
Finished copy 182 at 2025-05-28T18:17:29.709
Finished copy 277 at 2025-05-28T18:17:36.209
Finished copy 75 at 2025-05-28T18:17:39.049
Finished copy 463 at 2025-05-28T18:17:51.808
Finished copy 572 at 2025-05-28T18:18:08.308
Finished copy 183 at 2025-05-28T18:18:28.326
Finished copy 278 at 2025-05-28T18:18:31.708
Finished copy 76 at 2025-05-28T18:18:35.054
Finished copy 464 at 2025-05-28T18:18:51.259
Finished copy 573 at 2025-05-28T18:18:55.729
Finished copy 279 at 2025-05-28T18:19:20.125
Finished copy 77 at 2025-05-28T18:19:28.494
Finished copy 184 at 2025-05-28T18:19:32.327
Finished copy 465 at 2025-05-28T18:19:40.510
Finished copy 574 at 2025-05-28T18:19:55.549
Finished copy 280 at 2025-05-28T18:20:06.623
Finished copy 78 at 2025-05-28T18:20:18.360
Finished copy 466 at 2025-05-28T18:20:31.291
Finished copy 356 at 2025-05-28T18:20:32.607
Finished copy 281 at 2025-05-28T18:20:59.076
Finished copy 575 at 2025-05-28T18:21:00.823
Finished copy 79 at 2025-05-28T18:21:08.237
Finished copy 467 at 2025-05-28T18:21:17.325
Finished copy 357 at 2025-05-28T18:21:48.705
Finished copy 576 at 2025-05-28T18:21:49.928
Finished copy 282 at 2025-05-28T18:21:52.245
Finished copy 468 at 2025-05-28T18:22:05.578
Finished copy 80 at 2025-05-28T18:22:37.710
Finished copy 283 at 2025-05-28T18:22:49.897
Finished copy 577 at 2025-05-28T18:22:52.435
Finished copy 469 at 2025-05-28T18:22:58.489
Finished copy 358 at 2025-05-28T18:23:20.308
Finished copy 81 at 2025-05-28T18:23:26.454
Finished copy 470 at 2025-05-28T18:23:43.470
Finished copy 284 at 2025-05-28T18:23:47.283
Finished copy 471 at 2025-05-28T18:24:30.554
Finished copy 285 at 2025-05-28T18:24:38.874
Finished copy 359 at 2025-05-28T18:24:54.780
Finished copy 472 at 2025-05-28T18:25:12.200
Finished copy 82 at 2025-05-28T18:25:26.893
Finished copy 286 at 2025-05-28T18:25:27.053
Finished copy 185 at 2025-05-28T18:25:40.279
Finished copy 473 at 2025-05-28T18:25:55.596
Finished copy 578 at 2025-05-28T18:26:00.617
Finished copy 287 at 2025-05-28T18:26:22.825
Finished copy 83 at 2025-05-28T18:26:26.012
Finished copy 474 at 2025-05-28T18:26:43.447
Finished copy 186 at 2025-05-28T18:26:52.370
Finished copy 579 at 2025-05-28T18:26:53.686
Finished copy 360 at 2025-05-28T18:27:10.656
Finished copy 84 at 2025-05-28T18:27:16.009
Finished copy 288 at 2025-05-28T18:27:22.232
Finished copy 475 at 2025-05-28T18:27:36.348
Finished copy 187 at 2025-05-28T18:27:44.383
Finished copy 580 at 2025-05-28T18:27:46.038
Finished copy 85 at 2025-05-28T18:28:00.860
Finished copy 289 at 2025-05-28T18:28:11.251
Finished copy 361 at 2025-05-28T18:28:16.279
Finished copy 476 at 2025-05-28T18:28:19.170
Finished copy 188 at 2025-05-28T18:28:35.964
Finished copy 581 at 2025-05-28T18:28:53.510
Finished copy 86 at 2025-05-28T18:29:00.343
Finished copy 290 at 2025-05-28T18:29:01.050
Finished copy 477 at 2025-05-28T18:29:12.735
Finished copy 189 at 2025-05-28T18:29:31.221
Finished copy 582 at 2025-05-28T18:29:45.542
Finished copy 291 at 2025-05-28T18:29:55.870
Finished copy 362 at 2025-05-28T18:29:56.941
Finished copy 478 at 2025-05-28T18:30:09.705
Finished copy 190 at 2025-05-28T18:30:17.182
Finished copy 583 at 2025-05-28T18:30:45.508
Finished copy 292 at 2025-05-28T18:30:57.855
Finished copy 363 at 2025-05-28T18:31:03.388
Finished copy 191 at 2025-05-28T18:31:07.309
Finished copy 479 at 2025-05-28T18:31:35.320
Finished copy 584 at 2025-05-28T18:31:42.645
Finished copy 293 at 2025-05-28T18:31:50.262
Finished copy 585 at 2025-05-28T18:32:30.730
Finished copy 480 at 2025-05-28T18:32:34.678
Finished copy 192 at 2025-05-28T18:32:39.113
Finished copy 294 at 2025-05-28T18:32:43.237
Finished copy 295 at 2025-05-28T18:33:47.549
Finished copy 87 at 2025-05-28T18:34:29.298
Finished copy 193 at 2025-05-28T18:34:31.487
Finished copy 194 at 2025-05-28T18:35:16.769
Finished copy 296 at 2025-05-28T18:35:23.646
Finished copy 88 at 2025-05-28T18:35:28.433
Finished copy 297 at 2025-05-28T18:36:15.333
Finished copy 195 at 2025-05-28T18:36:29.776
Finished copy 481 at 2025-05-28T18:37:03.189
Finished copy 298 at 2025-05-28T18:37:06.683
Finished copy 586 at 2025-05-28T18:37:10.727
Finished copy 364 at 2025-05-28T18:37:13.763
Finished copy 196 at 2025-05-28T18:37:35.197
Finished copy 482 at 2025-05-28T18:38:04.898
Finished copy 587 at 2025-05-28T18:38:07.260
Finished copy 365 at 2025-05-28T18:38:15.767
Finished copy 89 at 2025-05-28T18:38:31.665
Finished copy 483 at 2025-05-28T18:38:56.295
Finished copy 588 at 2025-05-28T18:39:04.175
Finished copy 366 at 2025-05-28T18:39:17.725
Finished copy 90 at 2025-05-28T18:39:25.537
Finished copy 299 at 2025-05-28T18:39:59.535
Finished copy 367 at 2025-05-28T18:40:12.165
Finished copy 589 at 2025-05-28T18:40:27.930
Finished copy 91 at 2025-05-28T18:40:38.341
Finished copy 368 at 2025-05-28T18:41:13.554
Finished copy 590 at 2025-05-28T18:41:22.568
Finished copy 92 at 2025-05-28T18:41:45.959
Finished copy 369 at 2025-05-28T18:42:15.462
Finished copy 93 at 2025-05-28T18:42:34.813
Finished copy 94 at 2025-05-28T18:43:26.109
Finished copy 197 at 2025-05-28T18:43:32.201
Finished copy 370 at 2025-05-28T18:43:33.632
Finished copy 484 at 2025-05-28T18:44:14.622
Finished copy 95 at 2025-05-28T18:44:17.918
Finished copy 198 at 2025-05-28T18:44:43.189
Finished copy 371 at 2025-05-28T18:44:56.234
Finished copy 96 at 2025-05-28T18:45:09.496
Finished copy 199 at 2025-05-28T18:45:35.971
Finished copy 300 at 2025-05-28T18:45:39.344
Finished copy 372 at 2025-05-28T18:45:53.503
Finished copy 97 at 2025-05-28T18:46:00.010
Finished copy 591 at 2025-05-28T18:46:14.464
Finished copy 200 at 2025-05-28T18:46:27.952
Finished copy 373 at 2025-05-28T18:46:52.953
Finished copy 98 at 2025-05-28T18:46:54.816
Finished copy 485 at 2025-05-28T18:46:57.600
Finished copy 592 at 2025-05-28T18:47:01.205
Finished copy 486 at 2025-05-28T18:47:38.642
Finished copy 593 at 2025-05-28T18:47:55.383
Finished copy 99 at 2025-05-28T18:48:11.629
Finished copy 487 at 2025-05-28T18:48:19.876
Finished copy 594 at 2025-05-28T18:48:33.333
Finished copy 100 at 2025-05-28T18:48:52.259
Finished copy 595 at 2025-05-28T18:49:14.836
Finished copy 488 at 2025-05-28T18:49:43.522
Finished copy 374 at 2025-05-28T18:50:25.215
Finished copy 596 at 2025-05-28T18:51:01.745
Finished copy 375 at 2025-05-28T18:51:02.291
Finished copy 489 at 2025-05-28T18:51:10.716
Finished copy 376 at 2025-05-28T18:51:40.432
Finished copy 597 at 2025-05-28T18:51:51.355
Finished copy 377 at 2025-05-28T18:52:20.293
Finished copy 598 at 2025-05-28T18:52:35.418
Finished copy 378 at 2025-05-28T18:53:07.117
Finished copy 599 at 2025-05-28T18:53:12.033
Finished copy 379 at 2025-05-28T18:53:47.629
Finished copy 600 at 2025-05-28T18:53:48.294
Finished copy 490 at 2025-05-28T18:54:01.439
Finished copy 380 at 2025-05-28T18:54:27.326
Finished copy 491 at 2025-05-28T18:54:40.332
Finished copy 381 at 2025-05-28T18:55:09.944
Finished copy 492 at 2025-05-28T18:55:10.145
Finished copy 493 at 2025-05-28T18:55:42.728
Finished copy 382 at 2025-05-28T18:55:44.880
Finished copy 494 at 2025-05-28T18:56:14.033
Finished copy 383 at 2025-05-28T18:56:21.840
Finished copy 495 at 2025-05-28T18:57:08.234
Finished copy 496 at 2025-05-28T18:57:45.116
Finished copy 497 at 2025-05-28T18:58:24.163
Finished copy 498 at 2025-05-28T18:58:59.519
Finished copy 384 at 2025-05-28T18:59:08.917
Finished copy 499 at 2025-05-28T18:59:37.377
Finished copy 385 at 2025-05-28T18:59:47.019
Finished copy 500 at 2025-05-28T19:00:11.601
Finished copy 386 at 2025-05-28T19:00:21.787
Finished copy 387 at 2025-05-28T19:00:52.803
Finished copy 388 at 2025-05-28T19:01:21.663
Finished copy 389 at 2025-05-28T19:01:51.549
Finished copy 390 at 2025-05-28T19:03:39.568
Finished copy 391 at 2025-05-28T19:04:09.180
Finished copy 392 at 2025-05-28T19:04:48.019
Finished copy 393 at 2025-05-28T19:05:35.277
Finished copy 394 at 2025-05-28T19:06:03.023
Finished copy 395 at 2025-05-28T19:08:58.980
Finished copy 396 at 2025-05-28T19:09:39.714
Finished copy 397 at 2025-05-28T19:12:16.974
Finished copy 398 at 2025-05-28T19:12:55.148
Finished copy 399 at 2025-05-28T19:13:28.016
Finished copy 400 at 2025-05-28T19:14:10.031
