Starting saddles simulation at 2025-05-29T12:41:48.304
Lattice size: 31
Beta values: [0.1, 0.10279944599549397, 0.10567726096980483, 0.10863563882017176, 0.11167683486080235, 0.11480316754220751, 0.1180170202186681, 0.1213208429651809, 0.12471715444526921, 0.12820854383108135, 0.1317976727772417, 0.13548727744995842, 0.13928017061293513, 0.14317924377167612, 0.14718746937782085, 0.15130790309518719, 0.15554368612925135, 0.15989804762184037, 0.16437430711286308, 0.16897587707095507, 0.17370626549496876, 0.1785690785882898, 0.18356802350802015, 0.1887069111911229, 0.19398965925968314, 0.19942029500750083, 0.20500295847029057, 0.21074190558183128, 0.21664151141846955, 0.22270627353445155, 0.22894081539062563, 0.23534988987912978, 0.2419383829467506, 0.24871131731971624, 0.25567385633276335, 0.26283130786539594, 0.2701891283883382, 0.27775292712326566, 0.2855284703189852, 0.2935216856473252, 0.3017386667220857, 0.3101856777444941, 0.3188691582787082, 0.3277957281610069, 0.3369721925464105, 0.3464055470965792, 0.3561029833129435, 0.36607189401913226, 0.3763198789968798, 0.3868547507797058, 0.39768454060878644, 0.4088175045555577, 0.4202621298157168, 0.4320271411794205, 0.4441215076826148, 0.4565544494445634, 0.46933544469678873, 0.48247423700878694, 0.49598084271601944, 0.5098655585558504, 0.5241389695172453, 0.5388119569102191, 0.553895706661185, 0.5694017178405246, 0.5853418114288852, 0.601728139328883, 0.6185731936290858, 0.6358898161273345, 0.6536912081206652, 0.6719909404692954, 0.6908029639423454, 0.710141619853183, 0.730021650992499, 0.7504582128674476, 0.7714668852554213, 0.7930636840812662, 0.815265073626996, 0.8380879790833082, 0.8615497994524721, 0.885668420812431, 0.9104622299522194, 0.9359501283891019, 0.9621515467781114, 0.9890864597249744, 1.0167754010137187, 1.045239479260565, 1.0745003940060471, 1.1045804522576164, 1.1355025854953513, 1.1672903671537318, 1.1999680305928035, 1.2335604875724422, 1.2680933472437848, 1.3035929356723266, 1.3400863159075478, 1.3776013086143843, 1.4161665132822627, 1.4558113300278694, 1.4965659820082826, 1.5384615384615383]
Copies: 600
Move type: l chain flip
----------------------------------
Finished copy 201 at 2025-05-29T12:41:52.658
Finished copy 101 at 2025-05-29T12:41:52.921
Finished copy 1 at 2025-05-29T12:41:52.978
Finished copy 501 at 2025-05-29T12:41:54.269
Finished copy 301 at 2025-05-29T12:41:56.616
Finished copy 401 at 2025-05-29T12:41:56.671
Finished copy 102 at 2025-05-29T12:41:57.305
Finished copy 2 at 2025-05-29T12:41:58.036
Finished copy 502 at 2025-05-29T12:41:59.564
Finished copy 202 at 2025-05-29T12:42:00.501
Finished copy 103 at 2025-05-29T12:42:01.351
Finished copy 3 at 2025-05-29T12:42:02.362
Finished copy 402 at 2025-05-29T12:42:04.436
Finished copy 503 at 2025-05-29T12:42:04.804
Finished copy 302 at 2025-05-29T12:42:04.895
Finished copy 104 at 2025-05-29T12:42:05.723
Finished copy 4 at 2025-05-29T12:42:06.807
Finished copy 203 at 2025-05-29T12:42:09.480
Finished copy 504 at 2025-05-29T12:42:09.911
Finished copy 105 at 2025-05-29T12:42:10.630
Finished copy 5 at 2025-05-29T12:42:11.445
Finished copy 403 at 2025-05-29T12:42:11.655
Finished copy 303 at 2025-05-29T12:42:13.497
Finished copy 106 at 2025-05-29T12:42:14.996
Finished copy 505 at 2025-05-29T12:42:15.374
Finished copy 6 at 2025-05-29T12:42:16.046
Finished copy 204 at 2025-05-29T12:42:17.773
Finished copy 107 at 2025-05-29T12:42:19.417
Finished copy 404 at 2025-05-29T12:42:19.927
Finished copy 304 at 2025-05-29T12:42:20.679
Finished copy 7 at 2025-05-29T12:42:20.929
Finished copy 506 at 2025-05-29T12:42:20.968
Finished copy 108 at 2025-05-29T12:42:24.347
Finished copy 305 at 2025-05-29T12:42:25.530
Finished copy 205 at 2025-05-29T12:42:25.813
Finished copy 8 at 2025-05-29T12:42:25.871
Finished copy 507 at 2025-05-29T12:42:26.602
Finished copy 405 at 2025-05-29T12:42:28.637
Finished copy 109 at 2025-05-29T12:42:29.458
Finished copy 9 at 2025-05-29T12:42:30.498
Finished copy 306 at 2025-05-29T12:42:30.573
Finished copy 508 at 2025-05-29T12:42:32.249
Finished copy 110 at 2025-05-29T12:42:33.828
Finished copy 206 at 2025-05-29T12:42:34.392
Finished copy 307 at 2025-05-29T12:42:35.259
Finished copy 10 at 2025-05-29T12:42:35.300
Finished copy 406 at 2025-05-29T12:42:35.691
Finished copy 111 at 2025-05-29T12:42:38.220
Finished copy 509 at 2025-05-29T12:42:38.994
Finished copy 11 at 2025-05-29T12:42:40.221
Finished copy 308 at 2025-05-29T12:42:40.253
Finished copy 407 at 2025-05-29T12:42:40.686
Finished copy 112 at 2025-05-29T12:42:42.815
Finished copy 207 at 2025-05-29T12:42:42.971
Finished copy 12 at 2025-05-29T12:42:45.194
Finished copy 309 at 2025-05-29T12:42:45.414
Finished copy 408 at 2025-05-29T12:42:45.957
Finished copy 510 at 2025-05-29T12:42:46.932
Finished copy 113 at 2025-05-29T12:42:48.397
Finished copy 310 at 2025-05-29T12:42:50.501
Finished copy 13 at 2025-05-29T12:42:50.801
Finished copy 409 at 2025-05-29T12:42:51.201
Finished copy 208 at 2025-05-29T12:42:52.939
Finished copy 114 at 2025-05-29T12:42:53.404
Finished copy 511 at 2025-05-29T12:42:53.996
Finished copy 311 at 2025-05-29T12:42:55.362
Finished copy 14 at 2025-05-29T12:42:56.126
Finished copy 410 at 2025-05-29T12:42:56.282
Finished copy 115 at 2025-05-29T12:42:59.561
Finished copy 312 at 2025-05-29T12:43:00.769
Finished copy 411 at 2025-05-29T12:43:01.452
Finished copy 15 at 2025-05-29T12:43:01.642
Finished copy 209 at 2025-05-29T12:43:01.960
Finished copy 512 at 2025-05-29T12:43:01.972
Finished copy 116 at 2025-05-29T12:43:04.213
Finished copy 313 at 2025-05-29T12:43:05.095
Finished copy 412 at 2025-05-29T12:43:06.372
Finished copy 16 at 2025-05-29T12:43:07.391
Finished copy 513 at 2025-05-29T12:43:09.097
Finished copy 117 at 2025-05-29T12:43:09.390
Finished copy 314 at 2025-05-29T12:43:09.790
Finished copy 210 at 2025-05-29T12:43:10.415
Finished copy 413 at 2025-05-29T12:43:11.692
Finished copy 17 at 2025-05-29T12:43:12.500
Finished copy 118 at 2025-05-29T12:43:14.439
Finished copy 315 at 2025-05-29T12:43:14.687
Finished copy 514 at 2025-05-29T12:43:16.191
Finished copy 414 at 2025-05-29T12:43:16.849
Finished copy 18 at 2025-05-29T12:43:19.141
Finished copy 119 at 2025-05-29T12:43:19.361
Finished copy 211 at 2025-05-29T12:43:19.392
Finished copy 316 at 2025-05-29T12:43:19.838
Finished copy 415 at 2025-05-29T12:43:21.692
Finished copy 515 at 2025-05-29T12:43:23.153
Finished copy 120 at 2025-05-29T12:43:23.917
Finished copy 19 at 2025-05-29T12:43:24.493
Finished copy 317 at 2025-05-29T12:43:25.304
Finished copy 416 at 2025-05-29T12:43:26.297
Finished copy 212 at 2025-05-29T12:43:27.666
Finished copy 121 at 2025-05-29T12:43:28.939
Finished copy 318 at 2025-05-29T12:43:29.502
Finished copy 516 at 2025-05-29T12:43:29.661
Finished copy 417 at 2025-05-29T12:43:30.887
Finished copy 122 at 2025-05-29T12:43:33.122
Finished copy 20 at 2025-05-29T12:43:33.539
Finished copy 319 at 2025-05-29T12:43:34.035
Finished copy 517 at 2025-05-29T12:43:35.043
Finished copy 418 at 2025-05-29T12:43:35.066
Finished copy 213 at 2025-05-29T12:43:37.373
Finished copy 123 at 2025-05-29T12:43:37.849
Finished copy 320 at 2025-05-29T12:43:38.508
Finished copy 419 at 2025-05-29T12:43:39.616
Finished copy 518 at 2025-05-29T12:43:41.286
Finished copy 21 at 2025-05-29T12:43:42.536
Finished copy 124 at 2025-05-29T12:43:42.639
Finished copy 321 at 2025-05-29T12:43:43.169
Finished copy 420 at 2025-05-29T12:43:44.313
Finished copy 214 at 2025-05-29T12:43:45.751
Finished copy 125 at 2025-05-29T12:43:47.096
Finished copy 519 at 2025-05-29T12:43:47.545
Finished copy 322 at 2025-05-29T12:43:48.274
Finished copy 421 at 2025-05-29T12:43:48.679
Finished copy 126 at 2025-05-29T12:43:51.743
Finished copy 22 at 2025-05-29T12:43:51.823
Finished copy 323 at 2025-05-29T12:43:53.172
Finished copy 422 at 2025-05-29T12:43:53.377
Finished copy 520 at 2025-05-29T12:43:53.422
Finished copy 215 at 2025-05-29T12:43:54.563
Finished copy 127 at 2025-05-29T12:43:56.181
Finished copy 324 at 2025-05-29T12:43:57.580
Finished copy 423 at 2025-05-29T12:43:58.308
Finished copy 521 at 2025-05-29T12:43:59.506
Finished copy 23 at 2025-05-29T12:43:59.774
Finished copy 128 at 2025-05-29T12:44:01.158
Finished copy 325 at 2025-05-29T12:44:02.206
Finished copy 216 at 2025-05-29T12:44:02.765
Finished copy 424 at 2025-05-29T12:44:03.730
Finished copy 522 at 2025-05-29T12:44:05.645
Finished copy 129 at 2025-05-29T12:44:06.344
Finished copy 326 at 2025-05-29T12:44:07.239
Finished copy 24 at 2025-05-29T12:44:07.662
Finished copy 425 at 2025-05-29T12:44:08.381
Finished copy 217 at 2025-05-29T12:44:10.974
Finished copy 130 at 2025-05-29T12:44:11.148
Finished copy 327 at 2025-05-29T12:44:11.702
Finished copy 523 at 2025-05-29T12:44:11.764
Finished copy 426 at 2025-05-29T12:44:13.831
Finished copy 25 at 2025-05-29T12:44:15.441
Finished copy 131 at 2025-05-29T12:44:15.953
Finished copy 328 at 2025-05-29T12:44:16.367
Finished copy 524 at 2025-05-29T12:44:17.385
Finished copy 427 at 2025-05-29T12:44:18.567
Finished copy 218 at 2025-05-29T12:44:19.778
Finished copy 132 at 2025-05-29T12:44:20.437
Finished copy 329 at 2025-05-29T12:44:20.813
Finished copy 525 at 2025-05-29T12:44:23.511
Finished copy 428 at 2025-05-29T12:44:23.583
Finished copy 133 at 2025-05-29T12:44:24.925
Finished copy 26 at 2025-05-29T12:44:25.163
Finished copy 330 at 2025-05-29T12:44:25.595
Finished copy 219 at 2025-05-29T12:44:27.585
Finished copy 429 at 2025-05-29T12:44:28.903
Finished copy 526 at 2025-05-29T12:44:29.054
Finished copy 134 at 2025-05-29T12:44:29.433
Finished copy 331 at 2025-05-29T12:44:30.293
Finished copy 430 at 2025-05-29T12:44:33.692
Finished copy 135 at 2025-05-29T12:44:33.971
Finished copy 527 at 2025-05-29T12:44:35.025
Finished copy 27 at 2025-05-29T12:44:35.153
Finished copy 332 at 2025-05-29T12:44:35.328
Finished copy 220 at 2025-05-29T12:44:36.321
Finished copy 136 at 2025-05-29T12:44:38.746
Finished copy 431 at 2025-05-29T12:44:39.127
Finished copy 333 at 2025-05-29T12:44:39.898
Finished copy 528 at 2025-05-29T12:44:40.623
Finished copy 137 at 2025-05-29T12:44:43.243
Finished copy 28 at 2025-05-29T12:44:43.352
Finished copy 432 at 2025-05-29T12:44:43.565
Finished copy 221 at 2025-05-29T12:44:44.265
Finished copy 334 at 2025-05-29T12:44:44.670
Finished copy 529 at 2025-05-29T12:44:46.788
Finished copy 138 at 2025-05-29T12:44:47.879
Finished copy 433 at 2025-05-29T12:44:48.404
Finished copy 335 at 2025-05-29T12:44:49.617
Finished copy 29 at 2025-05-29T12:44:51.546
Finished copy 530 at 2025-05-29T12:44:52.561
Finished copy 222 at 2025-05-29T12:44:52.842
Finished copy 434 at 2025-05-29T12:44:52.873
Finished copy 139 at 2025-05-29T12:44:53.146
Finished copy 336 at 2025-05-29T12:44:53.980
Finished copy 435 at 2025-05-29T12:44:57.431
Finished copy 140 at 2025-05-29T12:44:58.393
Finished copy 337 at 2025-05-29T12:44:58.681
Finished copy 531 at 2025-05-29T12:44:58.742
Finished copy 30 at 2025-05-29T12:44:59.846
Finished copy 223 at 2025-05-29T12:45:00.976
Finished copy 436 at 2025-05-29T12:45:02.431
Finished copy 141 at 2025-05-29T12:45:02.525
Finished copy 338 at 2025-05-29T12:45:03.296
Finished copy 532 at 2025-05-29T12:45:04.491
Finished copy 142 at 2025-05-29T12:45:07.032
Finished copy 437 at 2025-05-29T12:45:07.124
Finished copy 339 at 2025-05-29T12:45:07.562
Finished copy 31 at 2025-05-29T12:45:08.225
Finished copy 224 at 2025-05-29T12:45:09.595
Finished copy 143 at 2025-05-29T12:45:11.288
Finished copy 438 at 2025-05-29T12:45:11.293
Finished copy 340 at 2025-05-29T12:45:12.159
Finished copy 533 at 2025-05-29T12:45:13.974
Finished copy 144 at 2025-05-29T12:45:15.495
Finished copy 439 at 2025-05-29T12:45:15.589
Finished copy 32 at 2025-05-29T12:45:16.251
Finished copy 341 at 2025-05-29T12:45:17.173
Finished copy 225 at 2025-05-29T12:45:18.363
Finished copy 145 at 2025-05-29T12:45:19.710
Finished copy 534 at 2025-05-29T12:45:20.395
Finished copy 440 at 2025-05-29T12:45:20.745
Finished copy 342 at 2025-05-29T12:45:22.244
Finished copy 146 at 2025-05-29T12:45:24.186
Finished copy 33 at 2025-05-29T12:45:24.970
Finished copy 441 at 2025-05-29T12:45:25.559
Finished copy 343 at 2025-05-29T12:45:26.745
Finished copy 535 at 2025-05-29T12:45:26.815
Finished copy 226 at 2025-05-29T12:45:27.611
Finished copy 147 at 2025-05-29T12:45:28.413
Finished copy 442 at 2025-05-29T12:45:30.222
Finished copy 344 at 2025-05-29T12:45:31.022
Finished copy 34 at 2025-05-29T12:45:32.773
Finished copy 148 at 2025-05-29T12:45:33.184
Finished copy 536 at 2025-05-29T12:45:33.650
Finished copy 443 at 2025-05-29T12:45:34.516
Finished copy 345 at 2025-05-29T12:45:35.776
Finished copy 227 at 2025-05-29T12:45:36.181
Finished copy 149 at 2025-05-29T12:45:37.686
Finished copy 444 at 2025-05-29T12:45:39.370
Finished copy 537 at 2025-05-29T12:45:39.583
Finished copy 346 at 2025-05-29T12:45:40.758
Finished copy 35 at 2025-05-29T12:45:41.898
Finished copy 150 at 2025-05-29T12:45:42.172
Finished copy 445 at 2025-05-29T12:45:44.024
Finished copy 228 at 2025-05-29T12:45:44.582
Finished copy 538 at 2025-05-29T12:45:45.286
Finished copy 347 at 2025-05-29T12:45:45.571
Finished copy 151 at 2025-05-29T12:45:46.947
Finished copy 446 at 2025-05-29T12:45:48.120
Finished copy 348 at 2025-05-29T12:45:50.338
Finished copy 36 at 2025-05-29T12:45:50.533
Finished copy 539 at 2025-05-29T12:45:51.099
Finished copy 152 at 2025-05-29T12:45:51.335
Finished copy 447 at 2025-05-29T12:45:52.691
Finished copy 229 at 2025-05-29T12:45:52.976
Finished copy 349 at 2025-05-29T12:45:54.933
Finished copy 153 at 2025-05-29T12:45:55.545
Finished copy 448 at 2025-05-29T12:45:57.178
Finished copy 540 at 2025-05-29T12:45:57.811
Finished copy 37 at 2025-05-29T12:45:59.389
Finished copy 350 at 2025-05-29T12:45:59.531
Finished copy 154 at 2025-05-29T12:46:00.815
Finished copy 230 at 2025-05-29T12:46:01.483
Finished copy 449 at 2025-05-29T12:46:01.769
Finished copy 351 at 2025-05-29T12:46:03.700
Finished copy 155 at 2025-05-29T12:46:05.765
Finished copy 450 at 2025-05-29T12:46:06.288
Finished copy 541 at 2025-05-29T12:46:07.295
Finished copy 38 at 2025-05-29T12:46:08.328
Finished copy 352 at 2025-05-29T12:46:08.360
Finished copy 231 at 2025-05-29T12:46:09.261
Finished copy 156 at 2025-05-29T12:46:10.348
Finished copy 451 at 2025-05-29T12:46:10.590
Finished copy 353 at 2025-05-29T12:46:13.187
Finished copy 452 at 2025-05-29T12:46:15.030
Finished copy 157 at 2025-05-29T12:46:15.195
Finished copy 39 at 2025-05-29T12:46:16.522
Finished copy 542 at 2025-05-29T12:46:16.887
Finished copy 354 at 2025-05-29T12:46:17.205
Finished copy 232 at 2025-05-29T12:46:17.266
Finished copy 158 at 2025-05-29T12:46:19.789
Finished copy 453 at 2025-05-29T12:46:19.885
Finished copy 355 at 2025-05-29T12:46:21.053
Finished copy 454 at 2025-05-29T12:46:23.990
Finished copy 159 at 2025-05-29T12:46:24.785
Finished copy 40 at 2025-05-29T12:46:24.790
Finished copy 356 at 2025-05-29T12:46:25.520
Finished copy 543 at 2025-05-29T12:46:25.758
Finished copy 233 at 2025-05-29T12:46:26.658
Finished copy 455 at 2025-05-29T12:46:28.465
Finished copy 160 at 2025-05-29T12:46:29.787
Finished copy 357 at 2025-05-29T12:46:30.003
Finished copy 456 at 2025-05-29T12:46:33.063
Finished copy 41 at 2025-05-29T12:46:33.669
Finished copy 544 at 2025-05-29T12:46:34.232
Finished copy 161 at 2025-05-29T12:46:34.569
Finished copy 358 at 2025-05-29T12:46:34.703
Finished copy 234 at 2025-05-29T12:46:35.574
Finished copy 457 at 2025-05-29T12:46:37.271
Finished copy 162 at 2025-05-29T12:46:39.167
Finished copy 359 at 2025-05-29T12:46:39.705
Finished copy 42 at 2025-05-29T12:46:41.609
Finished copy 458 at 2025-05-29T12:46:42.216
Finished copy 545 at 2025-05-29T12:46:42.683
Finished copy 163 at 2025-05-29T12:46:43.472
Finished copy 235 at 2025-05-29T12:46:43.706
Finished copy 360 at 2025-05-29T12:46:44.039
Finished copy 459 at 2025-05-29T12:46:46.309
Finished copy 164 at 2025-05-29T12:46:47.831
Finished copy 361 at 2025-05-29T12:46:48.703
Finished copy 460 at 2025-05-29T12:46:50.231
Finished copy 43 at 2025-05-29T12:46:50.581
Finished copy 236 at 2025-05-29T12:46:51.697
Finished copy 165 at 2025-05-29T12:46:52.747
Finished copy 546 at 2025-05-29T12:46:52.926
Finished copy 362 at 2025-05-29T12:46:53.111
Finished copy 461 at 2025-05-29T12:46:54.621
Finished copy 166 at 2025-05-29T12:46:57.246
Finished copy 363 at 2025-05-29T12:46:57.817
Finished copy 237 at 2025-05-29T12:46:59.091
Finished copy 462 at 2025-05-29T12:46:59.122
Finished copy 44 at 2025-05-29T12:46:59.560
Finished copy 167 at 2025-05-29T12:47:01.374
Finished copy 364 at 2025-05-29T12:47:02.112
Finished copy 463 at 2025-05-29T12:47:03.112
Finished copy 547 at 2025-05-29T12:47:03.443
Finished copy 168 at 2025-05-29T12:47:05.693
Finished copy 365 at 2025-05-29T12:47:06.761
Finished copy 238 at 2025-05-29T12:47:07.539
Finished copy 464 at 2025-05-29T12:47:07.597
Finished copy 45 at 2025-05-29T12:47:08.591
Finished copy 169 at 2025-05-29T12:47:10.405
Finished copy 366 at 2025-05-29T12:47:11.243
Finished copy 465 at 2025-05-29T12:47:11.958
Finished copy 239 at 2025-05-29T12:47:12.662
Finished copy 548 at 2025-05-29T12:47:13.722
Finished copy 170 at 2025-05-29T12:47:14.657
Finished copy 367 at 2025-05-29T12:47:15.811
Finished copy 466 at 2025-05-29T12:47:16.736
Finished copy 46 at 2025-05-29T12:47:17.568
Finished copy 240 at 2025-05-29T12:47:17.779
Finished copy 171 at 2025-05-29T12:47:19.283
Finished copy 368 at 2025-05-29T12:47:21.026
Finished copy 467 at 2025-05-29T12:47:21.295
Finished copy 241 at 2025-05-29T12:47:22.882
Finished copy 172 at 2025-05-29T12:47:24.199
Finished copy 549 at 2025-05-29T12:47:25.371
Finished copy 369 at 2025-05-29T12:47:25.680
Finished copy 468 at 2025-05-29T12:47:25.685
Finished copy 47 at 2025-05-29T12:47:26.352
Finished copy 242 at 2025-05-29T12:47:27.808
Finished copy 173 at 2025-05-29T12:47:28.934
Finished copy 469 at 2025-05-29T12:47:30.162
Finished copy 370 at 2025-05-29T12:47:30.366
Finished copy 243 at 2025-05-29T12:47:32.759
Finished copy 174 at 2025-05-29T12:47:33.943
Finished copy 550 at 2025-05-29T12:47:34.082
Finished copy 470 at 2025-05-29T12:47:35.003
Finished copy 371 at 2025-05-29T12:47:35.042
Finished copy 48 at 2025-05-29T12:47:35.597
Finished copy 244 at 2025-05-29T12:47:37.753
Finished copy 175 at 2025-05-29T12:47:38.862
Finished copy 471 at 2025-05-29T12:47:39.721
Finished copy 372 at 2025-05-29T12:47:39.849
Finished copy 245 at 2025-05-29T12:47:43.083
Finished copy 176 at 2025-05-29T12:47:43.305
Finished copy 551 at 2025-05-29T12:47:43.334
Finished copy 49 at 2025-05-29T12:47:43.779
Finished copy 373 at 2025-05-29T12:47:44.634
Finished copy 472 at 2025-05-29T12:47:44.675
Finished copy 177 at 2025-05-29T12:47:48.288
Finished copy 246 at 2025-05-29T12:47:48.653
Finished copy 473 at 2025-05-29T12:47:49.353
Finished copy 374 at 2025-05-29T12:47:49.661
Finished copy 50 at 2025-05-29T12:47:52.926
Finished copy 178 at 2025-05-29T12:47:53.099
Finished copy 247 at 2025-05-29T12:47:53.729
Finished copy 375 at 2025-05-29T12:47:54.336
Finished copy 474 at 2025-05-29T12:47:54.472
Finished copy 552 at 2025-05-29T12:47:55.349
Finished copy 179 at 2025-05-29T12:47:57.576
Finished copy 248 at 2025-05-29T12:47:58.717
Finished copy 475 at 2025-05-29T12:47:59.127
Finished copy 376 at 2025-05-29T12:47:59.372
Finished copy 51 at 2025-05-29T12:48:01.638
Finished copy 180 at 2025-05-29T12:48:02.487
Finished copy 249 at 2025-05-29T12:48:03.450
Finished copy 476 at 2025-05-29T12:48:03.657
Finished copy 377 at 2025-05-29T12:48:03.893
Finished copy 553 at 2025-05-29T12:48:05.238
Finished copy 181 at 2025-05-29T12:48:07.021
Finished copy 477 at 2025-05-29T12:48:08.449
Finished copy 250 at 2025-05-29T12:48:08.662
Finished copy 378 at 2025-05-29T12:48:08.790
Finished copy 52 at 2025-05-29T12:48:10.268
Finished copy 182 at 2025-05-29T12:48:11.600
Finished copy 478 at 2025-05-29T12:48:13.042
Finished copy 379 at 2025-05-29T12:48:13.263
Finished copy 251 at 2025-05-29T12:48:13.634
Finished copy 554 at 2025-05-29T12:48:15.048
Finished copy 183 at 2025-05-29T12:48:15.811
Finished copy 380 at 2025-05-29T12:48:17.640
Finished copy 479 at 2025-05-29T12:48:17.746
Finished copy 53 at 2025-05-29T12:48:18.522
Finished copy 184 at 2025-05-29T12:48:20.255
Finished copy 252 at 2025-05-29T12:48:21.594
Finished copy 381 at 2025-05-29T12:48:21.785
Finished copy 480 at 2025-05-29T12:48:22.323
Finished copy 555 at 2025-05-29T12:48:24.376
Finished copy 185 at 2025-05-29T12:48:24.740
Finished copy 382 at 2025-05-29T12:48:25.903
Finished copy 481 at 2025-05-29T12:48:26.536
Finished copy 54 at 2025-05-29T12:48:26.701
Finished copy 186 at 2025-05-29T12:48:29.577
Finished copy 253 at 2025-05-29T12:48:30.008
Finished copy 383 at 2025-05-29T12:48:30.740
Finished copy 482 at 2025-05-29T12:48:31.681
Finished copy 556 at 2025-05-29T12:48:32.544
Finished copy 187 at 2025-05-29T12:48:33.578
Finished copy 55 at 2025-05-29T12:48:34.511
Finished copy 384 at 2025-05-29T12:48:35.081
Finished copy 483 at 2025-05-29T12:48:35.937
Finished copy 188 at 2025-05-29T12:48:37.974
Finished copy 254 at 2025-05-29T12:48:38.848
Finished copy 385 at 2025-05-29T12:48:40.156
Finished copy 484 at 2025-05-29T12:48:40.699
Finished copy 557 at 2025-05-29T12:48:41.392
Finished copy 189 at 2025-05-29T12:48:42.135
Finished copy 56 at 2025-05-29T12:48:42.804
Finished copy 386 at 2025-05-29T12:48:44.721
Finished copy 485 at 2025-05-29T12:48:45.442
Finished copy 190 at 2025-05-29T12:48:46.671
Finished copy 255 at 2025-05-29T12:48:46.812
Finished copy 387 at 2025-05-29T12:48:49.337
Finished copy 486 at 2025-05-29T12:48:50.129
Finished copy 558 at 2025-05-29T12:48:50.625
Finished copy 191 at 2025-05-29T12:48:50.893
Finished copy 57 at 2025-05-29T12:48:50.956
Finished copy 388 at 2025-05-29T12:48:53.755
Finished copy 487 at 2025-05-29T12:48:54.251
Finished copy 256 at 2025-05-29T12:48:55.331
Finished copy 192 at 2025-05-29T12:48:55.562
Finished copy 389 at 2025-05-29T12:48:58.213
Finished copy 488 at 2025-05-29T12:48:59.077
Finished copy 58 at 2025-05-29T12:48:59.758
Finished copy 559 at 2025-05-29T12:48:59.822
Finished copy 193 at 2025-05-29T12:49:00.010
Finished copy 489 at 2025-05-29T12:49:03.084
Finished copy 390 at 2025-05-29T12:49:03.216
Finished copy 257 at 2025-05-29T12:49:03.311
Finished copy 194 at 2025-05-29T12:49:05.112
Finished copy 59 at 2025-05-29T12:49:07.547
Finished copy 490 at 2025-05-29T12:49:07.604
Finished copy 391 at 2025-05-29T12:49:08.111
Finished copy 560 at 2025-05-29T12:49:09.278
Finished copy 195 at 2025-05-29T12:49:09.715
Finished copy 258 at 2025-05-29T12:49:11.732
Finished copy 491 at 2025-05-29T12:49:12.204
Finished copy 392 at 2025-05-29T12:49:12.497
Finished copy 196 at 2025-05-29T12:49:14.346
Finished copy 60 at 2025-05-29T12:49:16.228
Finished copy 393 at 2025-05-29T12:49:16.792
Finished copy 492 at 2025-05-29T12:49:16.800
Finished copy 561 at 2025-05-29T12:49:18.514
Finished copy 197 at 2025-05-29T12:49:19.100
Finished copy 259 at 2025-05-29T12:49:19.806
Finished copy 493 at 2025-05-29T12:49:21.182
Finished copy 394 at 2025-05-29T12:49:21.851
Finished copy 198 at 2025-05-29T12:49:23.581
Finished copy 61 at 2025-05-29T12:49:24.229
Finished copy 494 at 2025-05-29T12:49:25.793
Finished copy 395 at 2025-05-29T12:49:25.912
Finished copy 562 at 2025-05-29T12:49:27.541
Finished copy 199 at 2025-05-29T12:49:28.202
Finished copy 260 at 2025-05-29T12:49:28.751
Finished copy 396 at 2025-05-29T12:49:30.423
Finished copy 495 at 2025-05-29T12:49:30.548
Finished copy 200 at 2025-05-29T12:49:32.828
Finished copy 62 at 2025-05-29T12:49:32.929
Finished copy 496 at 2025-05-29T12:49:34.861
Finished copy 397 at 2025-05-29T12:49:35.033
Finished copy 563 at 2025-05-29T12:49:36.901
Finished copy 261 at 2025-05-29T12:49:37.632
Finished copy 398 at 2025-05-29T12:49:38.983
Finished copy 497 at 2025-05-29T12:49:39.112
Finished copy 63 at 2025-05-29T12:49:40.878
Finished copy 498 at 2025-05-29T12:49:42.840
Finished copy 399 at 2025-05-29T12:49:43.021
Finished copy 564 at 2025-05-29T12:49:45.099
Finished copy 262 at 2025-05-29T12:49:45.516
Finished copy 499 at 2025-05-29T12:49:46.890
Finished copy 400 at 2025-05-29T12:49:46.925
Finished copy 64 at 2025-05-29T12:49:49.076
Finished copy 500 at 2025-05-29T12:49:51.062
Finished copy 565 at 2025-05-29T12:49:51.629
Finished copy 263 at 2025-05-29T12:49:51.900
Finished copy 65 at 2025-05-29T12:49:55.257
Finished copy 566 at 2025-05-29T12:49:55.692
Finished copy 264 at 2025-05-29T12:49:56.749
Finished copy 567 at 2025-05-29T12:49:59.898
Finished copy 66 at 2025-05-29T12:50:00.289
Finished copy 265 at 2025-05-29T12:50:01.299
Finished copy 568 at 2025-05-29T12:50:03.618
Finished copy 67 at 2025-05-29T12:50:05.647
Finished copy 266 at 2025-05-29T12:50:06.166
Finished copy 569 at 2025-05-29T12:50:07.707
Finished copy 68 at 2025-05-29T12:50:10.373
Finished copy 267 at 2025-05-29T12:50:11.124
Finished copy 570 at 2025-05-29T12:50:12.127
Finished copy 69 at 2025-05-29T12:50:15.719
Finished copy 268 at 2025-05-29T12:50:16.071
Finished copy 571 at 2025-05-29T12:50:16.367
Finished copy 269 at 2025-05-29T12:50:20.346
Finished copy 572 at 2025-05-29T12:50:20.518
Finished copy 70 at 2025-05-29T12:50:21.514
Finished copy 270 at 2025-05-29T12:50:24.074
Finished copy 573 at 2025-05-29T12:50:24.610
Finished copy 71 at 2025-05-29T12:50:27.126
Finished copy 271 at 2025-05-29T12:50:28.643
Finished copy 574 at 2025-05-29T12:50:28.875
Finished copy 272 at 2025-05-29T12:50:32.282
Finished copy 575 at 2025-05-29T12:50:32.594
Finished copy 72 at 2025-05-29T12:50:33.117
Finished copy 273 at 2025-05-29T12:50:36.184
Finished copy 576 at 2025-05-29T12:50:36.796
Finished copy 73 at 2025-05-29T12:50:39.197
Finished copy 274 at 2025-05-29T12:50:40.165
Finished copy 577 at 2025-05-29T12:50:40.460
Finished copy 275 at 2025-05-29T12:50:43.810
Finished copy 578 at 2025-05-29T12:50:44.480
Finished copy 74 at 2025-05-29T12:50:44.624
Finished copy 276 at 2025-05-29T12:50:47.563
Finished copy 579 at 2025-05-29T12:50:48.610
Finished copy 75 at 2025-05-29T12:50:50.053
Finished copy 277 at 2025-05-29T12:50:51.550
Finished copy 580 at 2025-05-29T12:50:53.483
Finished copy 278 at 2025-05-29T12:50:55.152
Finished copy 76 at 2025-05-29T12:50:55.410
Finished copy 581 at 2025-05-29T12:50:57.554
Finished copy 279 at 2025-05-29T12:50:58.763
Finished copy 77 at 2025-05-29T12:51:00.856
Finished copy 582 at 2025-05-29T12:51:02.178
Finished copy 280 at 2025-05-29T12:51:02.880
Finished copy 281 at 2025-05-29T12:51:06.389
Finished copy 583 at 2025-05-29T12:51:06.533
Finished copy 78 at 2025-05-29T12:51:06.679
Finished copy 282 at 2025-05-29T12:51:10.050
Finished copy 584 at 2025-05-29T12:51:10.960
Finished copy 79 at 2025-05-29T12:51:12.227
Finished copy 283 at 2025-05-29T12:51:13.565
Finished copy 585 at 2025-05-29T12:51:15.303
Finished copy 284 at 2025-05-29T12:51:17.836
Finished copy 80 at 2025-05-29T12:51:18.527
Finished copy 586 at 2025-05-29T12:51:19.189
Finished copy 285 at 2025-05-29T12:51:21.501
Finished copy 587 at 2025-05-29T12:51:23.526
Finished copy 81 at 2025-05-29T12:51:23.868
Finished copy 286 at 2025-05-29T12:51:25.340
Finished copy 588 at 2025-05-29T12:51:27.278
Finished copy 82 at 2025-05-29T12:51:29.213
Finished copy 287 at 2025-05-29T12:51:29.338
Finished copy 589 at 2025-05-29T12:51:31.726
Finished copy 288 at 2025-05-29T12:51:32.990
Finished copy 83 at 2025-05-29T12:51:34.709
Finished copy 590 at 2025-05-29T12:51:36.019
Finished copy 289 at 2025-05-29T12:51:36.754
Finished copy 591 at 2025-05-29T12:51:39.844
Finished copy 290 at 2025-05-29T12:51:40.416
Finished copy 84 at 2025-05-29T12:51:40.587
Finished copy 592 at 2025-05-29T12:51:44.031
Finished copy 291 at 2025-05-29T12:51:44.224
Finished copy 85 at 2025-05-29T12:51:46.698
Finished copy 292 at 2025-05-29T12:51:48.109
Finished copy 593 at 2025-05-29T12:51:48.401
Finished copy 293 at 2025-05-29T12:51:52.121
Finished copy 86 at 2025-05-29T12:51:52.329
Finished copy 594 at 2025-05-29T12:51:52.497
Finished copy 294 at 2025-05-29T12:51:56.264
Finished copy 595 at 2025-05-29T12:51:56.549
Finished copy 87 at 2025-05-29T12:51:58.495
Finished copy 295 at 2025-05-29T12:51:59.998
Finished copy 596 at 2025-05-29T12:52:00.887
Finished copy 296 at 2025-05-29T12:52:03.529
Finished copy 88 at 2025-05-29T12:52:04.625
Finished copy 597 at 2025-05-29T12:52:04.946
Finished copy 297 at 2025-05-29T12:52:07.129
Finished copy 598 at 2025-05-29T12:52:09.089
Finished copy 89 at 2025-05-29T12:52:10.145
Finished copy 298 at 2025-05-29T12:52:11
Finished copy 599 at 2025-05-29T12:52:13.269
Finished copy 299 at 2025-05-29T12:52:14.851
Finished copy 90 at 2025-05-29T12:52:16.178
Finished copy 600 at 2025-05-29T12:52:17.575
Finished copy 300 at 2025-05-29T12:52:18.323
Finished copy 91 at 2025-05-29T12:52:19.973
Finished copy 92 at 2025-05-29T12:52:23.066
Finished copy 93 at 2025-05-29T12:52:26.109
Finished copy 94 at 2025-05-29T12:52:28.983
Finished copy 95 at 2025-05-29T12:52:31.813
Finished copy 96 at 2025-05-29T12:52:34.928
Finished copy 97 at 2025-05-29T12:52:38.094
Finished copy 98 at 2025-05-29T12:52:40.829
Finished copy 99 at 2025-05-29T12:52:43.877
Finished copy 100 at 2025-05-29T12:52:47.010
