Starting saddles simulation at 2025-05-29T12:04:52.761
Lattice size: 27
Beta values: [0.1, 0.10279944599549397, 0.10567726096980483, 0.10863563882017176, 0.11167683486080235, 0.11480316754220751, 0.1180170202186681, 0.1213208429651809, 0.12471715444526921, 0.12820854383108135, 0.1317976727772417, 0.13548727744995842, 0.13928017061293513, 0.14317924377167612, 0.14718746937782085, 0.15130790309518719, 0.15554368612925135, 0.15989804762184037, 0.16437430711286308, 0.16897587707095507, 0.17370626549496876, 0.1785690785882898, 0.18356802350802015, 0.1887069111911229, 0.19398965925968314, 0.19942029500750083, 0.20500295847029057, 0.21074190558183128, 0.21664151141846955, 0.22270627353445155, 0.22894081539062563, 0.23534988987912978, 0.2419383829467506, 0.24871131731971624, 0.25567385633276335, 0.26283130786539594, 0.2701891283883382, 0.27775292712326566, 0.2855284703189852, 0.2935216856473252, 0.3017386667220857, 0.3101856777444941, 0.3188691582787082, 0.3277957281610069, 0.3369721925464105, 0.3464055470965792, 0.3561029833129435, 0.36607189401913226, 0.3763198789968798, 0.3868547507797058, 0.39768454060878644, 0.4088175045555577, 0.4202621298157168, 0.4320271411794205, 0.4441215076826148, 0.4565544494445634, 0.46933544469678873, 0.48247423700878694, 0.49598084271601944, 0.5098655585558504, 0.5241389695172453, 0.5388119569102191, 0.553895706661185, 0.5694017178405246, 0.5853418114288852, 0.601728139328883, 0.6185731936290858, 0.6358898161273345, 0.6536912081206652, 0.6719909404692954, 0.6908029639423454, 0.710141619853183, 0.730021650992499, 0.7504582128674476, 0.7714668852554213, 0.7930636840812662, 0.815265073626996, 0.8380879790833082, 0.8615497994524721, 0.885668420812431, 0.9104622299522194, 0.9359501283891019, 0.9621515467781114, 0.9890864597249744, 1.0167754010137187, 1.045239479260565, 1.0745003940060471, 1.1045804522576164, 1.1355025854953513, 1.1672903671537318, 1.1999680305928035, 1.2335604875724422, 1.2680933472437848, 1.3035929356723266, 1.3400863159075478, 1.3776013086143843, 1.4161665132822627, 1.4558113300278694, 1.4965659820082826, 1.5384615384615383]
Copies: 600
Move type: l chain flip
----------------------------------
Finished copy 201 at 2025-05-29T12:04:56.279
Finished copy 501 at 2025-05-29T12:04:56.452
Finished copy 1 at 2025-05-29T12:04:56.687
Finished copy 401 at 2025-05-29T12:04:56.719
Finished copy 301 at 2025-05-29T12:04:58.595
Finished copy 101 at 2025-05-29T12:04:58.663
Finished copy 402 at 2025-05-29T12:05:00.014
Finished copy 2 at 2025-05-29T12:05:00.088
Finished copy 202 at 2025-05-29T12:05:01.833
Finished copy 502 at 2025-05-29T12:05:02.075
Finished copy 403 at 2025-05-29T12:05:03.416
Finished copy 3 at 2025-05-29T12:05:03.490
Finished copy 102 at 2025-05-29T12:05:04.876
Finished copy 302 at 2025-05-29T12:05:05.203
Finished copy 4 at 2025-05-29T12:05:06.607
Finished copy 404 at 2025-05-29T12:05:06.662
Finished copy 203 at 2025-05-29T12:05:07.554
Finished copy 503 at 2025-05-29T12:05:07.984
Finished copy 405 at 2025-05-29T12:05:09.773
Finished copy 5 at 2025-05-29T12:05:09.923
Finished copy 303 at 2025-05-29T12:05:10.683
Finished copy 103 at 2025-05-29T12:05:11.726
Finished copy 406 at 2025-05-29T12:05:12.844
Finished copy 6 at 2025-05-29T12:05:13.378
Finished copy 204 at 2025-05-29T12:05:13.954
Finished copy 504 at 2025-05-29T12:05:14.269
Finished copy 407 at 2025-05-29T12:05:15.974
Finished copy 304 at 2025-05-29T12:05:16.556
Finished copy 104 at 2025-05-29T12:05:17.264
Finished copy 7 at 2025-05-29T12:05:17.276
Finished copy 408 at 2025-05-29T12:05:19.153
Finished copy 205 at 2025-05-29T12:05:19.893
Finished copy 505 at 2025-05-29T12:05:20.165
Finished copy 8 at 2025-05-29T12:05:21.001
Finished copy 305 at 2025-05-29T12:05:22.329
Finished copy 409 at 2025-05-29T12:05:22.454
Finished copy 105 at 2025-05-29T12:05:23.044
Finished copy 9 at 2025-05-29T12:05:24.244
Finished copy 506 at 2025-05-29T12:05:25.170
Finished copy 410 at 2025-05-29T12:05:25.724
Finished copy 206 at 2025-05-29T12:05:26.409
Finished copy 10 at 2025-05-29T12:05:27.218
Finished copy 306 at 2025-05-29T12:05:27.877
Finished copy 106 at 2025-05-29T12:05:28.467
Finished copy 411 at 2025-05-29T12:05:29.158
Finished copy 11 at 2025-05-29T12:05:30.537
Finished copy 507 at 2025-05-29T12:05:31.408
Finished copy 412 at 2025-05-29T12:05:32.167
Finished copy 207 at 2025-05-29T12:05:32.317
Finished copy 307 at 2025-05-29T12:05:33.803
Finished copy 12 at 2025-05-29T12:05:34.334
Finished copy 107 at 2025-05-29T12:05:34.686
Finished copy 413 at 2025-05-29T12:05:35.805
Finished copy 508 at 2025-05-29T12:05:37.504
Finished copy 13 at 2025-05-29T12:05:38.058
Finished copy 208 at 2025-05-29T12:05:38.474
Finished copy 414 at 2025-05-29T12:05:38.806
Finished copy 308 at 2025-05-29T12:05:40.038
Finished copy 108 at 2025-05-29T12:05:41.123
Finished copy 415 at 2025-05-29T12:05:41.985
Finished copy 14 at 2025-05-29T12:05:42.009
Finished copy 309 at 2025-05-29T12:05:42.990
Finished copy 509 at 2025-05-29T12:05:43.790
Finished copy 209 at 2025-05-29T12:05:45.220
Finished copy 416 at 2025-05-29T12:05:45.414
Finished copy 15 at 2025-05-29T12:05:45.580
Finished copy 310 at 2025-05-29T12:05:46.408
Finished copy 109 at 2025-05-29T12:05:47.650
Finished copy 417 at 2025-05-29T12:05:48.521
Finished copy 16 at 2025-05-29T12:05:49.381
Finished copy 311 at 2025-05-29T12:05:49.795
Finished copy 510 at 2025-05-29T12:05:50.123
Finished copy 210 at 2025-05-29T12:05:51.909
Finished copy 418 at 2025-05-29T12:05:51.968
Finished copy 17 at 2025-05-29T12:05:52.835
Finished copy 312 at 2025-05-29T12:05:53.396
Finished copy 110 at 2025-05-29T12:05:54.035
Finished copy 419 at 2025-05-29T12:05:55.442
Finished copy 511 at 2025-05-29T12:05:56.271
Finished copy 18 at 2025-05-29T12:05:56.308
Finished copy 313 at 2025-05-29T12:05:56.781
Finished copy 420 at 2025-05-29T12:05:58.747
Finished copy 211 at 2025-05-29T12:05:59.203
Finished copy 314 at 2025-05-29T12:05:59.998
Finished copy 19 at 2025-05-29T12:06:00.289
Finished copy 111 at 2025-05-29T12:06:00.299
Finished copy 421 at 2025-05-29T12:06:02.124
Finished copy 512 at 2025-05-29T12:06:02.158
Finished copy 315 at 2025-05-29T12:06:03.524
Finished copy 20 at 2025-05-29T12:06:04.291
Finished copy 212 at 2025-05-29T12:06:05.046
Finished copy 422 at 2025-05-29T12:06:05.239
Finished copy 112 at 2025-05-29T12:06:06.591
Finished copy 316 at 2025-05-29T12:06:07.196
Finished copy 21 at 2025-05-29T12:06:07.800
Finished copy 423 at 2025-05-29T12:06:08.236
Finished copy 513 at 2025-05-29T12:06:08.786
Finished copy 317 at 2025-05-29T12:06:10.866
Finished copy 22 at 2025-05-29T12:06:11.336
Finished copy 213 at 2025-05-29T12:06:11.660
Finished copy 424 at 2025-05-29T12:06:12.393
Finished copy 113 at 2025-05-29T12:06:13.860
Finished copy 318 at 2025-05-29T12:06:14.084
Finished copy 514 at 2025-05-29T12:06:14.786
Finished copy 23 at 2025-05-29T12:06:15.119
Finished copy 425 at 2025-05-29T12:06:15.840
Finished copy 319 at 2025-05-29T12:06:17.263
Finished copy 214 at 2025-05-29T12:06:17.648
Finished copy 426 at 2025-05-29T12:06:19.241
Finished copy 114 at 2025-05-29T12:06:19.286
Finished copy 24 at 2025-05-29T12:06:19.335
Finished copy 320 at 2025-05-29T12:06:20.610
Finished copy 515 at 2025-05-29T12:06:21.319
Finished copy 427 at 2025-05-29T12:06:22.667
Finished copy 215 at 2025-05-29T12:06:23.526
Finished copy 321 at 2025-05-29T12:06:23.825
Finished copy 115 at 2025-05-29T12:06:24.987
Finished copy 25 at 2025-05-29T12:06:25.415
Finished copy 428 at 2025-05-29T12:06:25.993
Finished copy 516 at 2025-05-29T12:06:27.300
Finished copy 322 at 2025-05-29T12:06:27.309
Finished copy 216 at 2025-05-29T12:06:28.998
Finished copy 429 at 2025-05-29T12:06:29.058
Finished copy 116 at 2025-05-29T12:06:30.099
Finished copy 323 at 2025-05-29T12:06:30.660
Finished copy 26 at 2025-05-29T12:06:31.840
Finished copy 430 at 2025-05-29T12:06:32.343
Finished copy 517 at 2025-05-29T12:06:33.190
Finished copy 324 at 2025-05-29T12:06:33.991
Finished copy 217 at 2025-05-29T12:06:33.991
Finished copy 431 at 2025-05-29T12:06:36.088
Finished copy 27 at 2025-05-29T12:06:36.308
Finished copy 117 at 2025-05-29T12:06:36.584
Finished copy 218 at 2025-05-29T12:06:37.307
Finished copy 325 at 2025-05-29T12:06:37.680
Finished copy 518 at 2025-05-29T12:06:39.143
Finished copy 432 at 2025-05-29T12:06:39.697
Finished copy 28 at 2025-05-29T12:06:40.473
Finished copy 219 at 2025-05-29T12:06:40.825
Finished copy 326 at 2025-05-29T12:06:41.293
Finished copy 118 at 2025-05-29T12:06:42.638
Finished copy 433 at 2025-05-29T12:06:43.258
Finished copy 220 at 2025-05-29T12:06:44.228
Finished copy 327 at 2025-05-29T12:06:44.521
Finished copy 29 at 2025-05-29T12:06:44.898
Finished copy 519 at 2025-05-29T12:06:46.170
Finished copy 434 at 2025-05-29T12:06:46.747
Finished copy 221 at 2025-05-29T12:06:47.816
Finished copy 328 at 2025-05-29T12:06:48.144
Finished copy 30 at 2025-05-29T12:06:48.351
Finished copy 119 at 2025-05-29T12:06:48.755
Finished copy 435 at 2025-05-29T12:06:50.839
Finished copy 222 at 2025-05-29T12:06:50.866
Finished copy 31 at 2025-05-29T12:06:51.945
Finished copy 329 at 2025-05-29T12:06:51.982
Finished copy 520 at 2025-05-29T12:06:53.117
Finished copy 436 at 2025-05-29T12:06:54.207
Finished copy 223 at 2025-05-29T12:06:54.470
Finished copy 330 at 2025-05-29T12:06:55.135
Finished copy 120 at 2025-05-29T12:06:55.192
Finished copy 32 at 2025-05-29T12:06:56.439
Finished copy 224 at 2025-05-29T12:06:57.696
Finished copy 437 at 2025-05-29T12:06:57.856
Finished copy 331 at 2025-05-29T12:06:59.152
Finished copy 521 at 2025-05-29T12:06:59.765
Finished copy 33 at 2025-05-29T12:07:00.331
Finished copy 121 at 2025-05-29T12:07:01.069
Finished copy 438 at 2025-05-29T12:07:01.488
Finished copy 225 at 2025-05-29T12:07:01.684
Finished copy 332 at 2025-05-29T12:07:02.854
Finished copy 34 at 2025-05-29T12:07:03.804
Finished copy 439 at 2025-05-29T12:07:04.825
Finished copy 226 at 2025-05-29T12:07:05.091
Finished copy 333 at 2025-05-29T12:07:06.625
Finished copy 522 at 2025-05-29T12:07:06.793
Finished copy 122 at 2025-05-29T12:07:07.167
Finished copy 440 at 2025-05-29T12:07:08.151
Finished copy 35 at 2025-05-29T12:07:08.441
Finished copy 227 at 2025-05-29T12:07:08.453
Finished copy 334 at 2025-05-29T12:07:10.154
Finished copy 441 at 2025-05-29T12:07:12.104
Finished copy 228 at 2025-05-29T12:07:12.203
Finished copy 36 at 2025-05-29T12:07:12.530
Finished copy 523 at 2025-05-29T12:07:13.265
Finished copy 335 at 2025-05-29T12:07:13.834
Finished copy 123 at 2025-05-29T12:07:13.942
Finished copy 229 at 2025-05-29T12:07:15.724
Finished copy 442 at 2025-05-29T12:07:15.786
Finished copy 37 at 2025-05-29T12:07:17
Finished copy 336 at 2025-05-29T12:07:17.259
Finished copy 443 at 2025-05-29T12:07:19.294
Finished copy 230 at 2025-05-29T12:07:19.491
Finished copy 524 at 2025-05-29T12:07:19.627
Finished copy 124 at 2025-05-29T12:07:20.363
Finished copy 337 at 2025-05-29T12:07:21.222
Finished copy 38 at 2025-05-29T12:07:21.436
Finished copy 444 at 2025-05-29T12:07:22.873
Finished copy 231 at 2025-05-29T12:07:22.955
Finished copy 338 at 2025-05-29T12:07:24.758
Finished copy 39 at 2025-05-29T12:07:25.623
Finished copy 445 at 2025-05-29T12:07:26.182
Finished copy 525 at 2025-05-29T12:07:26.185
Finished copy 125 at 2025-05-29T12:07:26.691
Finished copy 232 at 2025-05-29T12:07:26.699
Finished copy 339 at 2025-05-29T12:07:28.063
Finished copy 446 at 2025-05-29T12:07:30.022
Finished copy 40 at 2025-05-29T12:07:30.030
Finished copy 233 at 2025-05-29T12:07:30.563
Finished copy 340 at 2025-05-29T12:07:32.349
Finished copy 526 at 2025-05-29T12:07:33.157
Finished copy 126 at 2025-05-29T12:07:33.164
Finished copy 447 at 2025-05-29T12:07:33.465
Finished copy 234 at 2025-05-29T12:07:34.275
Finished copy 341 at 2025-05-29T12:07:35.605
Finished copy 41 at 2025-05-29T12:07:36.492
Finished copy 448 at 2025-05-29T12:07:36.707
Finished copy 235 at 2025-05-29T12:07:37.674
Finished copy 127 at 2025-05-29T12:07:38.380
Finished copy 527 at 2025-05-29T12:07:39.283
Finished copy 342 at 2025-05-29T12:07:39.360
Finished copy 449 at 2025-05-29T12:07:39.880
Finished copy 236 at 2025-05-29T12:07:41.433
Finished copy 42 at 2025-05-29T12:07:42.110
Finished copy 343 at 2025-05-29T12:07:42.512
Finished copy 450 at 2025-05-29T12:07:43.377
Finished copy 128 at 2025-05-29T12:07:44.187
Finished copy 237 at 2025-05-29T12:07:44.957
Finished copy 528 at 2025-05-29T12:07:45.278
Finished copy 344 at 2025-05-29T12:07:46.063
Finished copy 451 at 2025-05-29T12:07:46.915
Finished copy 238 at 2025-05-29T12:07:48.461
Finished copy 43 at 2025-05-29T12:07:48.549
Finished copy 345 at 2025-05-29T12:07:49.491
Finished copy 129 at 2025-05-29T12:07:49.799
Finished copy 452 at 2025-05-29T12:07:50.248
Finished copy 529 at 2025-05-29T12:07:51.475
Finished copy 239 at 2025-05-29T12:07:51.766
Finished copy 346 at 2025-05-29T12:07:52.893
Finished copy 130 at 2025-05-29T12:07:52.928
Finished copy 453 at 2025-05-29T12:07:53.686
Finished copy 240 at 2025-05-29T12:07:55.173
Finished copy 44 at 2025-05-29T12:07:55.566
Finished copy 131 at 2025-05-29T12:07:56.166
Finished copy 347 at 2025-05-29T12:07:56.235
Finished copy 454 at 2025-05-29T12:07:56.820
Finished copy 530 at 2025-05-29T12:07:58.213
Finished copy 241 at 2025-05-29T12:07:58.659
Finished copy 348 at 2025-05-29T12:07:59.633
Finished copy 132 at 2025-05-29T12:08:00.077
Finished copy 455 at 2025-05-29T12:08:00.414
Finished copy 242 at 2025-05-29T12:08:01.918
Finished copy 45 at 2025-05-29T12:08:02.827
Finished copy 349 at 2025-05-29T12:08:02.937
Finished copy 133 at 2025-05-29T12:08:03.593
Finished copy 456 at 2025-05-29T12:08:03.893
Finished copy 531 at 2025-05-29T12:08:04.656
Finished copy 243 at 2025-05-29T12:08:05.164
Finished copy 350 at 2025-05-29T12:08:06.411
Finished copy 134 at 2025-05-29T12:08:07.082
Finished copy 457 at 2025-05-29T12:08:07.673
Finished copy 244 at 2025-05-29T12:08:08.460
Finished copy 46 at 2025-05-29T12:08:09.563
Finished copy 351 at 2025-05-29T12:08:09.755
Finished copy 135 at 2025-05-29T12:08:10.382
Finished copy 458 at 2025-05-29T12:08:11.387
Finished copy 245 at 2025-05-29T12:08:11.714
Finished copy 532 at 2025-05-29T12:08:12.253
Finished copy 352 at 2025-05-29T12:08:13.043
Finished copy 136 at 2025-05-29T12:08:13.861
Finished copy 459 at 2025-05-29T12:08:14.917
Finished copy 246 at 2025-05-29T12:08:15.345
Finished copy 47 at 2025-05-29T12:08:16.394
Finished copy 353 at 2025-05-29T12:08:16.551
Finished copy 137 at 2025-05-29T12:08:18.237
Finished copy 460 at 2025-05-29T12:08:18.274
Finished copy 247 at 2025-05-29T12:08:18.839
Finished copy 533 at 2025-05-29T12:08:19.453
Finished copy 354 at 2025-05-29T12:08:19.860
Finished copy 138 at 2025-05-29T12:08:21.621
Finished copy 461 at 2025-05-29T12:08:21.910
Finished copy 248 at 2025-05-29T12:08:22.640
Finished copy 48 at 2025-05-29T12:08:23.163
Finished copy 355 at 2025-05-29T12:08:23.430
Finished copy 139 at 2025-05-29T12:08:24.747
Finished copy 462 at 2025-05-29T12:08:25.691
Finished copy 249 at 2025-05-29T12:08:26.019
Finished copy 534 at 2025-05-29T12:08:26.250
Finished copy 356 at 2025-05-29T12:08:26.847
Finished copy 140 at 2025-05-29T12:08:28.057
Finished copy 463 at 2025-05-29T12:08:29.069
Finished copy 49 at 2025-05-29T12:08:29.435
Finished copy 250 at 2025-05-29T12:08:30.035
Finished copy 357 at 2025-05-29T12:08:30.649
Finished copy 141 at 2025-05-29T12:08:31.708
Finished copy 464 at 2025-05-29T12:08:32.169
Finished copy 535 at 2025-05-29T12:08:32.524
Finished copy 251 at 2025-05-29T12:08:33.390
Finished copy 358 at 2025-05-29T12:08:34.078
Finished copy 142 at 2025-05-29T12:08:35.366
Finished copy 465 at 2025-05-29T12:08:35.656
Finished copy 252 at 2025-05-29T12:08:36.610
Finished copy 50 at 2025-05-29T12:08:36.683
Finished copy 359 at 2025-05-29T12:08:37.698
Finished copy 143 at 2025-05-29T12:08:38.726
Finished copy 466 at 2025-05-29T12:08:38.890
Finished copy 536 at 2025-05-29T12:08:38.956
Finished copy 253 at 2025-05-29T12:08:40.237
Finished copy 360 at 2025-05-29T12:08:41.268
Finished copy 144 at 2025-05-29T12:08:42.283
Finished copy 467 at 2025-05-29T12:08:42.498
Finished copy 51 at 2025-05-29T12:08:44.038
Finished copy 254 at 2025-05-29T12:08:44.301
Finished copy 361 at 2025-05-29T12:08:44.725
Finished copy 537 at 2025-05-29T12:08:45.198
Finished copy 145 at 2025-05-29T12:08:45.623
Finished copy 468 at 2025-05-29T12:08:46.113
Finished copy 255 at 2025-05-29T12:08:48.442
Finished copy 362 at 2025-05-29T12:08:48.518
Finished copy 146 at 2025-05-29T12:08:49.127
Finished copy 538 at 2025-05-29T12:08:49.352
Finished copy 469 at 2025-05-29T12:08:49.777
Finished copy 52 at 2025-05-29T12:08:51.070
Finished copy 256 at 2025-05-29T12:08:52.144
Finished copy 363 at 2025-05-29T12:08:52.479
Finished copy 147 at 2025-05-29T12:08:52.892
Finished copy 539 at 2025-05-29T12:08:53.391
Finished copy 470 at 2025-05-29T12:08:53.596
Finished copy 257 at 2025-05-29T12:08:56.134
Finished copy 364 at 2025-05-29T12:08:56.621
Finished copy 148 at 2025-05-29T12:08:56.721
Finished copy 540 at 2025-05-29T12:08:57.155
Finished copy 53 at 2025-05-29T12:08:57.952
Finished copy 471 at 2025-05-29T12:08:58.131
Finished copy 258 at 2025-05-29T12:09:00.430
Finished copy 365 at 2025-05-29T12:09:00.565
Finished copy 149 at 2025-05-29T12:09:00.660
Finished copy 541 at 2025-05-29T12:09:01.225
Finished copy 472 at 2025-05-29T12:09:02.058
Finished copy 259 at 2025-05-29T12:09:04.079
Finished copy 366 at 2025-05-29T12:09:04.263
Finished copy 150 at 2025-05-29T12:09:04.813
Finished copy 54 at 2025-05-29T12:09:04.952
Finished copy 542 at 2025-05-29T12:09:05.326
Finished copy 473 at 2025-05-29T12:09:05.966
Finished copy 367 at 2025-05-29T12:09:07.507
Finished copy 260 at 2025-05-29T12:09:08.254
Finished copy 151 at 2025-05-29T12:09:08.727
Finished copy 543 at 2025-05-29T12:09:09.765
Finished copy 474 at 2025-05-29T12:09:09.768
Finished copy 368 at 2025-05-29T12:09:10.823
Finished copy 55 at 2025-05-29T12:09:12.101
Finished copy 261 at 2025-05-29T12:09:12.199
Finished copy 152 at 2025-05-29T12:09:12.238
Finished copy 544 at 2025-05-29T12:09:13.456
Finished copy 475 at 2025-05-29T12:09:13.833
Finished copy 369 at 2025-05-29T12:09:14.852
Finished copy 153 at 2025-05-29T12:09:15.906
Finished copy 262 at 2025-05-29T12:09:16.697
Finished copy 476 at 2025-05-29T12:09:17.160
Finished copy 370 at 2025-05-29T12:09:18.649
Finished copy 56 at 2025-05-29T12:09:18.781
Finished copy 154 at 2025-05-29T12:09:19.890
Finished copy 263 at 2025-05-29T12:09:20.299
Finished copy 545 at 2025-05-29T12:09:20.487
Finished copy 477 at 2025-05-29T12:09:20.859
Finished copy 371 at 2025-05-29T12:09:22.129
Finished copy 155 at 2025-05-29T12:09:23.121
Finished copy 264 at 2025-05-29T12:09:24.310
Finished copy 478 at 2025-05-29T12:09:24.376
Finished copy 372 at 2025-05-29T12:09:25.960
Finished copy 57 at 2025-05-29T12:09:26.288
Finished copy 546 at 2025-05-29T12:09:26.814
Finished copy 156 at 2025-05-29T12:09:26.950
Finished copy 265 at 2025-05-29T12:09:28.129
Finished copy 479 at 2025-05-29T12:09:28.150
Finished copy 373 at 2025-05-29T12:09:29.551
Finished copy 157 at 2025-05-29T12:09:30.643
Finished copy 266 at 2025-05-29T12:09:31.588
Finished copy 480 at 2025-05-29T12:09:31.834
Finished copy 374 at 2025-05-29T12:09:32.697
Finished copy 58 at 2025-05-29T12:09:33.118
Finished copy 547 at 2025-05-29T12:09:33.667
Finished copy 158 at 2025-05-29T12:09:34.255
Finished copy 267 at 2025-05-29T12:09:35.176
Finished copy 481 at 2025-05-29T12:09:35.601
Finished copy 375 at 2025-05-29T12:09:36.224
Finished copy 159 at 2025-05-29T12:09:37.659
Finished copy 268 at 2025-05-29T12:09:38.756
Finished copy 482 at 2025-05-29T12:09:38.950
Finished copy 376 at 2025-05-29T12:09:39.819
Finished copy 548 at 2025-05-29T12:09:40.259
Finished copy 59 at 2025-05-29T12:09:40.551
Finished copy 160 at 2025-05-29T12:09:41.194
Finished copy 483 at 2025-05-29T12:09:42.437
Finished copy 269 at 2025-05-29T12:09:42.505
Finished copy 377 at 2025-05-29T12:09:43.361
Finished copy 161 at 2025-05-29T12:09:44.535
Finished copy 549 at 2025-05-29T12:09:46.217
Finished copy 484 at 2025-05-29T12:09:46.349
Finished copy 270 at 2025-05-29T12:09:46.453
Finished copy 378 at 2025-05-29T12:09:46.712
Finished copy 162 at 2025-05-29T12:09:48.098
Finished copy 60 at 2025-05-29T12:09:48.157
Finished copy 379 at 2025-05-29T12:09:50.075
Finished copy 485 at 2025-05-29T12:09:50.083
Finished copy 271 at 2025-05-29T12:09:50.172
Finished copy 163 at 2025-05-29T12:09:51.285
Finished copy 550 at 2025-05-29T12:09:52.741
Finished copy 486 at 2025-05-29T12:09:53.523
Finished copy 272 at 2025-05-29T12:09:53.703
Finished copy 61 at 2025-05-29T12:09:54.974
Finished copy 164 at 2025-05-29T12:09:55.004
Finished copy 380 at 2025-05-29T12:09:56.089
Finished copy 487 at 2025-05-29T12:09:56.622
Finished copy 273 at 2025-05-29T12:09:56.997
Finished copy 165 at 2025-05-29T12:09:58.317
Finished copy 551 at 2025-05-29T12:09:59.355
Finished copy 488 at 2025-05-29T12:09:59.800
Finished copy 274 at 2025-05-29T12:10:00.075
Finished copy 166 at 2025-05-29T12:10:01.749
Finished copy 62 at 2025-05-29T12:10:02.142
Finished copy 381 at 2025-05-29T12:10:02.297
Finished copy 275 at 2025-05-29T12:10:03.324
Finished copy 489 at 2025-05-29T12:10:03.327
Finished copy 167 at 2025-05-29T12:10:05.275
Finished copy 552 at 2025-05-29T12:10:06.324
Finished copy 276 at 2025-05-29T12:10:06.410
Finished copy 490 at 2025-05-29T12:10:06.471
Finished copy 168 at 2025-05-29T12:10:08.527
Finished copy 63 at 2025-05-29T12:10:08.772
Finished copy 491 at 2025-05-29T12:10:09.569
Finished copy 382 at 2025-05-29T12:10:09.689
Finished copy 277 at 2025-05-29T12:10:09.878
Finished copy 169 at 2025-05-29T12:10:11.574
Finished copy 492 at 2025-05-29T12:10:12.876
Finished copy 553 at 2025-05-29T12:10:12.939
Finished copy 278 at 2025-05-29T12:10:13.009
Finished copy 170 at 2025-05-29T12:10:14.920
Finished copy 64 at 2025-05-29T12:10:15.107
Finished copy 493 at 2025-05-29T12:10:16.221
Finished copy 279 at 2025-05-29T12:10:16.437
Finished copy 383 at 2025-05-29T12:10:16.927
Finished copy 554 at 2025-05-29T12:10:18.064
Finished copy 171 at 2025-05-29T12:10:18.216
Finished copy 494 at 2025-05-29T12:10:19.622
Finished copy 280 at 2025-05-29T12:10:19.813
Finished copy 65 at 2025-05-29T12:10:20.690
Finished copy 172 at 2025-05-29T12:10:21.860
Finished copy 384 at 2025-05-29T12:10:22.336
Finished copy 281 at 2025-05-29T12:10:23.239
Finished copy 495 at 2025-05-29T12:10:23.362
Finished copy 173 at 2025-05-29T12:10:25.295
Finished copy 555 at 2025-05-29T12:10:25.675
Finished copy 282 at 2025-05-29T12:10:26.499
Finished copy 496 at 2025-05-29T12:10:27.061
Finished copy 66 at 2025-05-29T12:10:27.882
Finished copy 385 at 2025-05-29T12:10:28.286
Finished copy 174 at 2025-05-29T12:10:28.662
Finished copy 283 at 2025-05-29T12:10:30.214
Finished copy 497 at 2025-05-29T12:10:30.579
Finished copy 556 at 2025-05-29T12:10:31.507
Finished copy 175 at 2025-05-29T12:10:32.070
Finished copy 284 at 2025-05-29T12:10:33.331
Finished copy 386 at 2025-05-29T12:10:33.609
Finished copy 67 at 2025-05-29T12:10:34.086
Finished copy 498 at 2025-05-29T12:10:34.088
Finished copy 176 at 2025-05-29T12:10:35.590
Finished copy 285 at 2025-05-29T12:10:36.846
Finished copy 499 at 2025-05-29T12:10:37.763
Finished copy 557 at 2025-05-29T12:10:38.307
Finished copy 177 at 2025-05-29T12:10:39.152
Finished copy 387 at 2025-05-29T12:10:39.675
Finished copy 68 at 2025-05-29T12:10:40.090
Finished copy 286 at 2025-05-29T12:10:40.491
Finished copy 500 at 2025-05-29T12:10:41.368
Finished copy 178 at 2025-05-29T12:10:42.693
Finished copy 287 at 2025-05-29T12:10:43.605
Finished copy 388 at 2025-05-29T12:10:44.938
Finished copy 558 at 2025-05-29T12:10:45.020
Finished copy 69 at 2025-05-29T12:10:45.386
Finished copy 179 at 2025-05-29T12:10:45.750
Finished copy 288 at 2025-05-29T12:10:46.434
Finished copy 180 at 2025-05-29T12:10:49.158
Finished copy 289 at 2025-05-29T12:10:49.379
Finished copy 389 at 2025-05-29T12:10:49.961
Finished copy 559 at 2025-05-29T12:10:51.298
Finished copy 70 at 2025-05-29T12:10:51.707
Finished copy 181 at 2025-05-29T12:10:52.247
Finished copy 290 at 2025-05-29T12:10:52.363
Finished copy 390 at 2025-05-29T12:10:54.281
Finished copy 182 at 2025-05-29T12:10:55.391
Finished copy 291 at 2025-05-29T12:10:56.041
Finished copy 71 at 2025-05-29T12:10:56.687
Finished copy 560 at 2025-05-29T12:10:57.398
Finished copy 391 at 2025-05-29T12:10:57.454
Finished copy 183 at 2025-05-29T12:10:58.425
Finished copy 292 at 2025-05-29T12:10:59.582
Finished copy 392 at 2025-05-29T12:11:01.007
Finished copy 184 at 2025-05-29T12:11:01.937
Finished copy 72 at 2025-05-29T12:11:02.280
Finished copy 561 at 2025-05-29T12:11:02.525
Finished copy 293 at 2025-05-29T12:11:03.010
Finished copy 393 at 2025-05-29T12:11:04.386
Finished copy 185 at 2025-05-29T12:11:05.373
Finished copy 294 at 2025-05-29T12:11:06.253
Finished copy 73 at 2025-05-29T12:11:07.142
Finished copy 394 at 2025-05-29T12:11:08.012
Finished copy 186 at 2025-05-29T12:11:08.608
Finished copy 562 at 2025-05-29T12:11:08.748
Finished copy 295 at 2025-05-29T12:11:09.770
Finished copy 395 at 2025-05-29T12:11:11.162
Finished copy 187 at 2025-05-29T12:11:11.777
Finished copy 296 at 2025-05-29T12:11:12.853
Finished copy 74 at 2025-05-29T12:11:13.252
Finished copy 396 at 2025-05-29T12:11:14.225
Finished copy 563 at 2025-05-29T12:11:15.097
Finished copy 188 at 2025-05-29T12:11:15.182
Finished copy 297 at 2025-05-29T12:11:15.890
Finished copy 397 at 2025-05-29T12:11:17.603
Finished copy 75 at 2025-05-29T12:11:18.117
Finished copy 189 at 2025-05-29T12:11:18.649
Finished copy 298 at 2025-05-29T12:11:19.417
Finished copy 398 at 2025-05-29T12:11:20.844
Finished copy 564 at 2025-05-29T12:11:20.972
Finished copy 190 at 2025-05-29T12:11:21.671
Finished copy 299 at 2025-05-29T12:11:22.557
Finished copy 399 at 2025-05-29T12:11:24.354
Finished copy 191 at 2025-05-29T12:11:24.435
Finished copy 76 at 2025-05-29T12:11:24.558
Finished copy 300 at 2025-05-29T12:11:25.908
Finished copy 565 at 2025-05-29T12:11:26.557
Finished copy 192 at 2025-05-29T12:11:26.871
Finished copy 400 at 2025-05-29T12:11:27.663
Finished copy 77 at 2025-05-29T12:11:28.560
Finished copy 193 at 2025-05-29T12:11:29.931
Finished copy 78 at 2025-05-29T12:11:31.531
Finished copy 566 at 2025-05-29T12:11:32.056
Finished copy 194 at 2025-05-29T12:11:32.717
Finished copy 79 at 2025-05-29T12:11:34.504
Finished copy 195 at 2025-05-29T12:11:35.461
Finished copy 80 at 2025-05-29T12:11:37.689
Finished copy 567 at 2025-05-29T12:11:37.817
Finished copy 196 at 2025-05-29T12:11:38.349
Finished copy 81 at 2025-05-29T12:11:41.054
Finished copy 197 at 2025-05-29T12:11:41.433
Finished copy 568 at 2025-05-29T12:11:43.181
Finished copy 198 at 2025-05-29T12:11:43.818
Finished copy 82 at 2025-05-29T12:11:44.143
Finished copy 199 at 2025-05-29T12:11:46.713
Finished copy 83 at 2025-05-29T12:11:47.219
Finished copy 569 at 2025-05-29T12:11:49.123
Finished copy 200 at 2025-05-29T12:11:49.377
Finished copy 84 at 2025-05-29T12:11:50.029
Finished copy 85 at 2025-05-29T12:11:52.804
Finished copy 570 at 2025-05-29T12:11:52.975
Finished copy 86 at 2025-05-29T12:11:55.460
Finished copy 571 at 2025-05-29T12:11:55.696
Finished copy 87 at 2025-05-29T12:11:58.019
Finished copy 572 at 2025-05-29T12:11:58.096
Finished copy 573 at 2025-05-29T12:12:00.401
Finished copy 88 at 2025-05-29T12:12:00.829
Finished copy 574 at 2025-05-29T12:12:03.427
Finished copy 89 at 2025-05-29T12:12:03.600
Finished copy 575 at 2025-05-29T12:12:06.256
Finished copy 90 at 2025-05-29T12:12:06.397
Finished copy 576 at 2025-05-29T12:12:08.666
Finished copy 91 at 2025-05-29T12:12:09.283
Finished copy 577 at 2025-05-29T12:12:11.370
Finished copy 92 at 2025-05-29T12:12:12.026
Finished copy 578 at 2025-05-29T12:12:13.797
Finished copy 93 at 2025-05-29T12:12:14.886
Finished copy 579 at 2025-05-29T12:12:16.531
Finished copy 94 at 2025-05-29T12:12:17.495
Finished copy 580 at 2025-05-29T12:12:19.358
Finished copy 95 at 2025-05-29T12:12:20.464
Finished copy 581 at 2025-05-29T12:12:22.072
Finished copy 96 at 2025-05-29T12:12:23.286
Finished copy 582 at 2025-05-29T12:12:24.668
Finished copy 97 at 2025-05-29T12:12:26.344
Finished copy 583 at 2025-05-29T12:12:27.105
Finished copy 98 at 2025-05-29T12:12:29.186
Finished copy 584 at 2025-05-29T12:12:29.716
Finished copy 99 at 2025-05-29T12:12:31.914
Finished copy 585 at 2025-05-29T12:12:32.724
Finished copy 100 at 2025-05-29T12:12:34.809
Finished copy 586 at 2025-05-29T12:12:35.117
Finished copy 587 at 2025-05-29T12:12:37.307
Finished copy 588 at 2025-05-29T12:12:39.755
Finished copy 589 at 2025-05-29T12:12:41.731
Finished copy 590 at 2025-05-29T12:12:44.044
Finished copy 591 at 2025-05-29T12:12:46.318
Finished copy 592 at 2025-05-29T12:12:48.394
Finished copy 593 at 2025-05-29T12:12:50.743
Finished copy 594 at 2025-05-29T12:12:52.972
Finished copy 595 at 2025-05-29T12:12:55.083
Finished copy 596 at 2025-05-29T12:12:57.166
Finished copy 597 at 2025-05-29T12:12:59.196
Finished copy 598 at 2025-05-29T12:13:01.368
Finished copy 599 at 2025-05-29T12:13:03.397
Finished copy 600 at 2025-05-29T12:13:05.627
