Starting saddles simulation at 2025-05-29T10:59:28.461
Lattice size: 14
Beta values: [0.1, 0.10279944599549397, 0.10567726096980483, 0.10863563882017176, 0.11167683486080235, 0.11480316754220751, 0.1180170202186681, 0.1213208429651809, 0.12471715444526921, 0.12820854383108135, 0.1317976727772417, 0.13548727744995842, 0.13928017061293513, 0.14317924377167612, 0.14718746937782085, 0.15130790309518719, 0.15554368612925135, 0.15989804762184037, 0.16437430711286308, 0.16897587707095507, 0.17370626549496876, 0.1785690785882898, 0.18356802350802015, 0.1887069111911229, 0.19398965925968314, 0.19942029500750083, 0.20500295847029057, 0.21074190558183128, 0.21664151141846955, 0.22270627353445155, 0.22894081539062563, 0.23534988987912978, 0.2419383829467506, 0.24871131731971624, 0.25567385633276335, 0.26283130786539594, 0.2701891283883382, 0.27775292712326566, 0.2855284703189852, 0.2935216856473252, 0.3017386667220857, 0.3101856777444941, 0.3188691582787082, 0.3277957281610069, 0.3369721925464105, 0.3464055470965792, 0.3561029833129435, 0.36607189401913226, 0.3763198789968798, 0.3868547507797058, 0.39768454060878644, 0.4088175045555577, 0.4202621298157168, 0.4320271411794205, 0.4441215076826148, 0.4565544494445634, 0.46933544469678873, 0.48247423700878694, 0.49598084271601944, 0.5098655585558504, 0.5241389695172453, 0.5388119569102191, 0.553895706661185, 0.5694017178405246, 0.5853418114288852, 0.601728139328883, 0.6185731936290858, 0.6358898161273345, 0.6536912081206652, 0.6719909404692954, 0.6908029639423454, 0.710141619853183, 0.730021650992499, 0.7504582128674476, 0.7714668852554213, 0.7930636840812662, 0.815265073626996, 0.8380879790833082, 0.8615497994524721, 0.885668420812431, 0.9104622299522194, 0.9359501283891019, 0.9621515467781114, 0.9890864597249744, 1.0167754010137187, 1.045239479260565, 1.0745003940060471, 1.1045804522576164, 1.1355025854953513, 1.1672903671537318, 1.1999680305928035, 1.2335604875724422, 1.2680933472437848, 1.3035929356723266, 1.3400863159075478, 1.3776013086143843, 1.4161665132822627, 1.4558113300278694, 1.4965659820082826, 1.5384615384615383]
Copies: 600
Move type: l chain flip
----------------------------------
Finished copy 1 at 2025-05-29T10:59:30.043
Finished copy 101 at 2025-05-29T10:59:30.124
Finished copy 201 at 2025-05-29T10:59:30.290
Finished copy 401 at 2025-05-29T10:59:30.728
Finished copy 301 at 2025-05-29T10:59:30.955
Finished copy 501 at 2025-05-29T10:59:31.240
Finished copy 102 at 2025-05-29T10:59:31.851
Finished copy 202 at 2025-05-29T10:59:32.102
Finished copy 2 at 2025-05-29T10:59:32.184
Finished copy 402 at 2025-05-29T10:59:33.229
Finished copy 103 at 2025-05-29T10:59:33.353
Finished copy 302 at 2025-05-29T10:59:33.425
Finished copy 502 at 2025-05-29T10:59:33.714
Finished copy 203 at 2025-05-29T10:59:33.812
Finished copy 3 at 2025-05-29T10:59:33.921
Finished copy 104 at 2025-05-29T10:59:35.055
Finished copy 403 at 2025-05-29T10:59:35.542
Finished copy 204 at 2025-05-29T10:59:35.705
Finished copy 4 at 2025-05-29T10:59:35.744
Finished copy 303 at 2025-05-29T10:59:35.923
Finished copy 503 at 2025-05-29T10:59:36.538
Finished copy 105 at 2025-05-29T10:59:36.922
Finished copy 205 at 2025-05-29T10:59:37.199
Finished copy 5 at 2025-05-29T10:59:37.371
Finished copy 404 at 2025-05-29T10:59:37.933
Finished copy 304 at 2025-05-29T10:59:38.376
Finished copy 504 at 2025-05-29T10:59:38.582
Finished copy 106 at 2025-05-29T10:59:38.662
Finished copy 206 at 2025-05-29T10:59:38.860
Finished copy 6 at 2025-05-29T10:59:39.013
Finished copy 107 at 2025-05-29T10:59:40.121
Finished copy 405 at 2025-05-29T10:59:40.364
Finished copy 7 at 2025-05-29T10:59:40.485
Finished copy 305 at 2025-05-29T10:59:40.495
Finished copy 207 at 2025-05-29T10:59:40.802
Finished copy 505 at 2025-05-29T10:59:40.967
Finished copy 108 at 2025-05-29T10:59:41.632
Finished copy 8 at 2025-05-29T10:59:42.025
Finished copy 208 at 2025-05-29T10:59:42.217
Finished copy 406 at 2025-05-29T10:59:42.814
Finished copy 306 at 2025-05-29T10:59:42.899
Finished copy 506 at 2025-05-29T10:59:43.326
Finished copy 109 at 2025-05-29T10:59:43.409
Finished copy 9 at 2025-05-29T10:59:43.683
Finished copy 209 at 2025-05-29T10:59:44.138
Finished copy 10 at 2025-05-29T10:59:45.120
Finished copy 110 at 2025-05-29T10:59:45.279
Finished copy 507 at 2025-05-29T10:59:45.472
Finished copy 307 at 2025-05-29T10:59:45.475
Finished copy 210 at 2025-05-29T10:59:45.717
Finished copy 407 at 2025-05-29T10:59:45.877
Finished copy 11 at 2025-05-29T10:59:46.764
Finished copy 111 at 2025-05-29T10:59:47.036
Finished copy 211 at 2025-05-29T10:59:47.662
Finished copy 508 at 2025-05-29T10:59:47.708
Finished copy 308 at 2025-05-29T10:59:47.948
Finished copy 408 at 2025-05-29T10:59:48.033
Finished copy 12 at 2025-05-29T10:59:48.508
Finished copy 112 at 2025-05-29T10:59:48.833
Finished copy 212 at 2025-05-29T10:59:49.451
Finished copy 509 at 2025-05-29T10:59:49.882
Finished copy 13 at 2025-05-29T10:59:50.339
Finished copy 309 at 2025-05-29T10:59:50.551
Finished copy 113 at 2025-05-29T10:59:50.580
Finished copy 409 at 2025-05-29T10:59:50.717
Finished copy 213 at 2025-05-29T10:59:51.342
Finished copy 510 at 2025-05-29T10:59:51.763
Finished copy 14 at 2025-05-29T10:59:52.095
Finished copy 114 at 2025-05-29T10:59:52.223
Finished copy 214 at 2025-05-29T10:59:53.206
Finished copy 310 at 2025-05-29T10:59:53.378
Finished copy 410 at 2025-05-29T10:59:53.585
Finished copy 511 at 2025-05-29T10:59:53.642
Finished copy 15 at 2025-05-29T10:59:53.754
Finished copy 115 at 2025-05-29T10:59:53.841
Finished copy 215 at 2025-05-29T10:59:55.007
Finished copy 512 at 2025-05-29T10:59:55.340
Finished copy 16 at 2025-05-29T10:59:55.391
Finished copy 116 at 2025-05-29T10:59:55.873
Finished copy 411 at 2025-05-29T10:59:56.088
Finished copy 311 at 2025-05-29T10:59:56.166
Finished copy 216 at 2025-05-29T10:59:56.752
Finished copy 513 at 2025-05-29T10:59:56.854
Finished copy 17 at 2025-05-29T10:59:57.123
Finished copy 117 at 2025-05-29T10:59:58.032
Finished copy 412 at 2025-05-29T10:59:58.428
Finished copy 514 at 2025-05-29T10:59:58.454
Finished copy 217 at 2025-05-29T10:59:58.508
Finished copy 312 at 2025-05-29T10:59:58.598
Finished copy 18 at 2025-05-29T10:59:58.662
Finished copy 118 at 2025-05-29T10:59:59.714
Finished copy 19 at 2025-05-29T11:00:00.524
Finished copy 515 at 2025-05-29T11:00:00.566
Finished copy 218 at 2025-05-29T11:00:00.672
Finished copy 413 at 2025-05-29T11:00:00.833
Finished copy 313 at 2025-05-29T11:00:01.210
Finished copy 119 at 2025-05-29T11:00:01.361
Finished copy 20 at 2025-05-29T11:00:02.168
Finished copy 516 at 2025-05-29T11:00:02.543
Finished copy 120 at 2025-05-29T11:00:02.752
Finished copy 219 at 2025-05-29T11:00:02.792
Finished copy 314 at 2025-05-29T11:00:03.447
Finished copy 414 at 2025-05-29T11:00:03.768
Finished copy 21 at 2025-05-29T11:00:03.920
Finished copy 517 at 2025-05-29T11:00:04.277
Finished copy 121 at 2025-05-29T11:00:04.464
Finished copy 220 at 2025-05-29T11:00:05.399
Finished copy 22 at 2025-05-29T11:00:05.410
Finished copy 518 at 2025-05-29T11:00:05.827
Finished copy 122 at 2025-05-29T11:00:05.838
Finished copy 315 at 2025-05-29T11:00:05.944
Finished copy 415 at 2025-05-29T11:00:06.332
Finished copy 519 at 2025-05-29T11:00:07.290
Finished copy 23 at 2025-05-29T11:00:07.313
Finished copy 123 at 2025-05-29T11:00:07.549
Finished copy 221 at 2025-05-29T11:00:07.778
Finished copy 316 at 2025-05-29T11:00:08.421
Finished copy 24 at 2025-05-29T11:00:08.569
Finished copy 416 at 2025-05-29T11:00:08.766
Finished copy 520 at 2025-05-29T11:00:09.070
Finished copy 124 at 2025-05-29T11:00:09.135
Finished copy 222 at 2025-05-29T11:00:10.156
Finished copy 521 at 2025-05-29T11:00:10.421
Finished copy 25 at 2025-05-29T11:00:10.501
Finished copy 125 at 2025-05-29T11:00:10.572
Finished copy 317 at 2025-05-29T11:00:10.578
Finished copy 417 at 2025-05-29T11:00:11.117
Finished copy 522 at 2025-05-29T11:00:12.064
Finished copy 126 at 2025-05-29T11:00:12.177
Finished copy 26 at 2025-05-29T11:00:12.247
Finished copy 223 at 2025-05-29T11:00:12.538
Finished copy 318 at 2025-05-29T11:00:12.573
Finished copy 418 at 2025-05-29T11:00:13.355
Finished copy 127 at 2025-05-29T11:00:13.585
Finished copy 523 at 2025-05-29T11:00:13.614
Finished copy 27 at 2025-05-29T11:00:13.688
Finished copy 224 at 2025-05-29T11:00:14.785
Finished copy 319 at 2025-05-29T11:00:15.085
Finished copy 128 at 2025-05-29T11:00:15.167
Finished copy 28 at 2025-05-29T11:00:15.239
Finished copy 524 at 2025-05-29T11:00:15.322
Finished copy 419 at 2025-05-29T11:00:15.648
Finished copy 29 at 2025-05-29T11:00:16.608
Finished copy 525 at 2025-05-29T11:00:16.799
Finished copy 129 at 2025-05-29T11:00:17.111
Finished copy 320 at 2025-05-29T11:00:17.146
Finished copy 225 at 2025-05-29T11:00:17.535
Finished copy 30 at 2025-05-29T11:00:18.039
Finished copy 420 at 2025-05-29T11:00:18.081
Finished copy 526 at 2025-05-29T11:00:18.475
Finished copy 130 at 2025-05-29T11:00:18.723
Finished copy 31 at 2025-05-29T11:00:19.406
Finished copy 321 at 2025-05-29T11:00:19.664
Finished copy 226 at 2025-05-29T11:00:19.864
Finished copy 131 at 2025-05-29T11:00:20.237
Finished copy 527 at 2025-05-29T11:00:20.388
Finished copy 421 at 2025-05-29T11:00:20.480
Finished copy 32 at 2025-05-29T11:00:20.970
Finished copy 528 at 2025-05-29T11:00:22.015
Finished copy 322 at 2025-05-29T11:00:22.054
Finished copy 132 at 2025-05-29T11:00:22.163
Finished copy 227 at 2025-05-29T11:00:22.204
Finished copy 33 at 2025-05-29T11:00:22.676
Finished copy 422 at 2025-05-29T11:00:22.752
Finished copy 529 at 2025-05-29T11:00:23.828
Finished copy 133 at 2025-05-29T11:00:24.015
Finished copy 323 at 2025-05-29T11:00:24.224
Finished copy 34 at 2025-05-29T11:00:24.337
Finished copy 228 at 2025-05-29T11:00:24.835
Finished copy 423 at 2025-05-29T11:00:25.328
Finished copy 134 at 2025-05-29T11:00:25.436
Finished copy 530 at 2025-05-29T11:00:25.452
Finished copy 35 at 2025-05-29T11:00:26.054
Finished copy 324 at 2025-05-29T11:00:26.525
Finished copy 531 at 2025-05-29T11:00:26.835
Finished copy 135 at 2025-05-29T11:00:26.977
Finished copy 229 at 2025-05-29T11:00:27.407
Finished copy 424 at 2025-05-29T11:00:27.412
Finished copy 36 at 2025-05-29T11:00:27.561
Finished copy 532 at 2025-05-29T11:00:28.290
Finished copy 136 at 2025-05-29T11:00:28.626
Finished copy 325 at 2025-05-29T11:00:29.044
Finished copy 37 at 2025-05-29T11:00:29.435
Finished copy 230 at 2025-05-29T11:00:29.598
Finished copy 533 at 2025-05-29T11:00:29.789
Finished copy 425 at 2025-05-29T11:00:29.824
Finished copy 137 at 2025-05-29T11:00:30.498
Finished copy 38 at 2025-05-29T11:00:31.134
Finished copy 326 at 2025-05-29T11:00:31.332
Finished copy 534 at 2025-05-29T11:00:31.381
Finished copy 231 at 2025-05-29T11:00:31.912
Finished copy 138 at 2025-05-29T11:00:31.988
Finished copy 426 at 2025-05-29T11:00:32.219
Finished copy 39 at 2025-05-29T11:00:32.776
Finished copy 535 at 2025-05-29T11:00:32.923
Finished copy 327 at 2025-05-29T11:00:33.639
Finished copy 139 at 2025-05-29T11:00:33.678
Finished copy 232 at 2025-05-29T11:00:34.334
Finished copy 40 at 2025-05-29T11:00:34.375
Finished copy 427 at 2025-05-29T11:00:34.402
Finished copy 536 at 2025-05-29T11:00:34.443
Finished copy 140 at 2025-05-29T11:00:35.085
Finished copy 328 at 2025-05-29T11:00:36.012
Finished copy 41 at 2025-05-29T11:00:36.092
Finished copy 537 at 2025-05-29T11:00:36.241
Finished copy 428 at 2025-05-29T11:00:36.542
Finished copy 141 at 2025-05-29T11:00:36.590
Finished copy 233 at 2025-05-29T11:00:36.781
Finished copy 538 at 2025-05-29T11:00:37.837
Finished copy 42 at 2025-05-29T11:00:37.953
Finished copy 142 at 2025-05-29T11:00:38.028
Finished copy 329 at 2025-05-29T11:00:39.075
Finished copy 429 at 2025-05-29T11:00:39.179
Finished copy 234 at 2025-05-29T11:00:39.211
Finished copy 539 at 2025-05-29T11:00:39.401
Finished copy 43 at 2025-05-29T11:00:39.533
Finished copy 143 at 2025-05-29T11:00:39.781
Finished copy 540 at 2025-05-29T11:00:40.993
Finished copy 44 at 2025-05-29T11:00:41.183
Finished copy 330 at 2025-05-29T11:00:41.187
Finished copy 235 at 2025-05-29T11:00:41.683
Finished copy 144 at 2025-05-29T11:00:41.698
Finished copy 430 at 2025-05-29T11:00:41.828
Finished copy 45 at 2025-05-29T11:00:42.884
Finished copy 145 at 2025-05-29T11:00:43.121
Finished copy 541 at 2025-05-29T11:00:43.198
Finished copy 331 at 2025-05-29T11:00:43.488
Finished copy 431 at 2025-05-29T11:00:44.024
Finished copy 236 at 2025-05-29T11:00:44.181
Finished copy 46 at 2025-05-29T11:00:44.309
Finished copy 146 at 2025-05-29T11:00:44.460
Finished copy 542 at 2025-05-29T11:00:45.378
Finished copy 47 at 2025-05-29T11:00:45.851
Finished copy 332 at 2025-05-29T11:00:45.883
Finished copy 147 at 2025-05-29T11:00:45.919
Finished copy 432 at 2025-05-29T11:00:46.003
Finished copy 237 at 2025-05-29T11:00:46.580
Finished copy 48 at 2025-05-29T11:00:47.363
Finished copy 148 at 2025-05-29T11:00:47.645
Finished copy 433 at 2025-05-29T11:00:47.725
Finished copy 543 at 2025-05-29T11:00:47.809
Finished copy 333 at 2025-05-29T11:00:48.499
Finished copy 238 at 2025-05-29T11:00:48.827
Finished copy 49 at 2025-05-29T11:00:48.905
Finished copy 149 at 2025-05-29T11:00:49.001
Finished copy 434 at 2025-05-29T11:00:49.802
Finished copy 50 at 2025-05-29T11:00:50.284
Finished copy 150 at 2025-05-29T11:00:50.385
Finished copy 544 at 2025-05-29T11:00:50.417
Finished copy 334 at 2025-05-29T11:00:51.013
Finished copy 239 at 2025-05-29T11:00:51.522
Finished copy 435 at 2025-05-29T11:00:51.804
Finished copy 151 at 2025-05-29T11:00:51.927
Finished copy 51 at 2025-05-29T11:00:52.016
Finished copy 545 at 2025-05-29T11:00:52.642
Finished copy 335 at 2025-05-29T11:00:53.175
Finished copy 152 at 2025-05-29T11:00:53.301
Finished copy 52 at 2025-05-29T11:00:53.558
Finished copy 240 at 2025-05-29T11:00:53.875
Finished copy 436 at 2025-05-29T11:00:53.915
Finished copy 153 at 2025-05-29T11:00:54.666
Finished copy 53 at 2025-05-29T11:00:54.953
Finished copy 546 at 2025-05-29T11:00:54.993
Finished copy 336 at 2025-05-29T11:00:55.189
Finished copy 241 at 2025-05-29T11:00:55.795
Finished copy 437 at 2025-05-29T11:00:56.346
Finished copy 154 at 2025-05-29T11:00:56.431
Finished copy 54 at 2025-05-29T11:00:56.469
Finished copy 337 at 2025-05-29T11:00:56.725
Finished copy 547 at 2025-05-29T11:00:57.332
Finished copy 242 at 2025-05-29T11:00:57.561
Finished copy 155 at 2025-05-29T11:00:58.085
Finished copy 338 at 2025-05-29T11:00:58.382
Finished copy 55 at 2025-05-29T11:00:58.411
Finished copy 438 at 2025-05-29T11:00:58.592
Finished copy 243 at 2025-05-29T11:00:59.105
Finished copy 156 at 2025-05-29T11:00:59.396
Finished copy 548 at 2025-05-29T11:00:59.918
Finished copy 339 at 2025-05-29T11:00:59.969
Finished copy 56 at 2025-05-29T11:01:00.193
Finished copy 244 at 2025-05-29T11:01:00.613
Finished copy 439 at 2025-05-29T11:01:01.004
Finished copy 157 at 2025-05-29T11:01:01.086
Finished copy 340 at 2025-05-29T11:01:01.539
Finished copy 57 at 2025-05-29T11:01:01.917
Finished copy 549 at 2025-05-29T11:01:02.212
Finished copy 245 at 2025-05-29T11:01:02.333
Finished copy 158 at 2025-05-29T11:01:02.731
Finished copy 440 at 2025-05-29T11:01:03.177
Finished copy 341 at 2025-05-29T11:01:03.367
Finished copy 58 at 2025-05-29T11:01:03.442
Finished copy 246 at 2025-05-29T11:01:04.130
Finished copy 159 at 2025-05-29T11:01:04.257
Finished copy 550 at 2025-05-29T11:01:04.881
Finished copy 342 at 2025-05-29T11:01:05.148
Finished copy 59 at 2025-05-29T11:01:05.152
Finished copy 441 at 2025-05-29T11:01:05.553
Finished copy 247 at 2025-05-29T11:01:05.870
Finished copy 160 at 2025-05-29T11:01:05.873
Finished copy 343 at 2025-05-29T11:01:06.898
Finished copy 60 at 2025-05-29T11:01:07.037
Finished copy 551 at 2025-05-29T11:01:07.218
Finished copy 161 at 2025-05-29T11:01:07.372
Finished copy 248 at 2025-05-29T11:01:07.718
Finished copy 442 at 2025-05-29T11:01:08.275
Finished copy 344 at 2025-05-29T11:01:08.551
Finished copy 61 at 2025-05-29T11:01:08.685
Finished copy 162 at 2025-05-29T11:01:09.090
Finished copy 249 at 2025-05-29T11:01:09.777
Finished copy 552 at 2025-05-29T11:01:09.985
Finished copy 62 at 2025-05-29T11:01:10.412
Finished copy 345 at 2025-05-29T11:01:10.452
Finished copy 163 at 2025-05-29T11:01:10.973
Finished copy 443 at 2025-05-29T11:01:11.057
Finished copy 250 at 2025-05-29T11:01:11.592
Finished copy 346 at 2025-05-29T11:01:11.985
Finished copy 63 at 2025-05-29T11:01:12.032
Finished copy 553 at 2025-05-29T11:01:12.275
Finished copy 164 at 2025-05-29T11:01:12.793
Finished copy 251 at 2025-05-29T11:01:13.091
Finished copy 347 at 2025-05-29T11:01:13.608
Finished copy 64 at 2025-05-29T11:01:13.681
Finished copy 444 at 2025-05-29T11:01:13.701
Finished copy 165 at 2025-05-29T11:01:14.379
Finished copy 554 at 2025-05-29T11:01:14.426
Finished copy 252 at 2025-05-29T11:01:14.895
Finished copy 65 at 2025-05-29T11:01:15.188
Finished copy 348 at 2025-05-29T11:01:15.263
Finished copy 166 at 2025-05-29T11:01:16.103
Finished copy 445 at 2025-05-29T11:01:16.257
Finished copy 253 at 2025-05-29T11:01:16.750
Finished copy 555 at 2025-05-29T11:01:16.839
Finished copy 349 at 2025-05-29T11:01:16.890
Finished copy 66 at 2025-05-29T11:01:16.922
Finished copy 167 at 2025-05-29T11:01:17.808
Finished copy 254 at 2025-05-29T11:01:18.233
Finished copy 350 at 2025-05-29T11:01:18.328
Finished copy 67 at 2025-05-29T11:01:18.857
Finished copy 446 at 2025-05-29T11:01:19.001
Finished copy 168 at 2025-05-29T11:01:19.411
Finished copy 255 at 2025-05-29T11:01:19.861
Finished copy 351 at 2025-05-29T11:01:19.986
Finished copy 556 at 2025-05-29T11:01:20.063
Finished copy 68 at 2025-05-29T11:01:20.598
Finished copy 169 at 2025-05-29T11:01:20.946
Finished copy 447 at 2025-05-29T11:01:21.517
Finished copy 352 at 2025-05-29T11:01:21.578
Finished copy 256 at 2025-05-29T11:01:21.581
Finished copy 69 at 2025-05-29T11:01:22.148
Finished copy 557 at 2025-05-29T11:01:22.388
Finished copy 170 at 2025-05-29T11:01:22.456
Finished copy 353 at 2025-05-29T11:01:23.132
Finished copy 257 at 2025-05-29T11:01:23.223
Finished copy 70 at 2025-05-29T11:01:23.655
Finished copy 448 at 2025-05-29T11:01:23.817
Finished copy 171 at 2025-05-29T11:01:23.970
Finished copy 558 at 2025-05-29T11:01:24.623
Finished copy 258 at 2025-05-29T11:01:24.824
Finished copy 354 at 2025-05-29T11:01:24.856
Finished copy 71 at 2025-05-29T11:01:25.055
Finished copy 172 at 2025-05-29T11:01:25.740
Finished copy 355 at 2025-05-29T11:01:26.264
Finished copy 449 at 2025-05-29T11:01:26.585
Finished copy 72 at 2025-05-29T11:01:26.614
Finished copy 259 at 2025-05-29T11:01:26.667
Finished copy 173 at 2025-05-29T11:01:27.657
Finished copy 559 at 2025-05-29T11:01:27.660
Finished copy 356 at 2025-05-29T11:01:27.771
Finished copy 260 at 2025-05-29T11:01:28.301
Finished copy 73 at 2025-05-29T11:01:28.625
Finished copy 450 at 2025-05-29T11:01:29.258
Finished copy 174 at 2025-05-29T11:01:29.448
Finished copy 357 at 2025-05-29T11:01:29.837
Finished copy 560 at 2025-05-29T11:01:30.048
Finished copy 261 at 2025-05-29T11:01:30.102
Finished copy 74 at 2025-05-29T11:01:30.383
Finished copy 175 at 2025-05-29T11:01:31.136
Finished copy 358 at 2025-05-29T11:01:31.591
Finished copy 262 at 2025-05-29T11:01:31.795
Finished copy 451 at 2025-05-29T11:01:31.813
Finished copy 75 at 2025-05-29T11:01:32.136
Finished copy 176 at 2025-05-29T11:01:32.840
Finished copy 561 at 2025-05-29T11:01:32.926
Finished copy 359 at 2025-05-29T11:01:33.294
Finished copy 263 at 2025-05-29T11:01:33.456
Finished copy 452 at 2025-05-29T11:01:33.826
Finished copy 76 at 2025-05-29T11:01:34.026
Finished copy 177 at 2025-05-29T11:01:34.622
Finished copy 360 at 2025-05-29T11:01:34.969
Finished copy 562 at 2025-05-29T11:01:35.186
Finished copy 264 at 2025-05-29T11:01:35.394
Finished copy 77 at 2025-05-29T11:01:35.719
Finished copy 453 at 2025-05-29T11:01:35.992
Finished copy 178 at 2025-05-29T11:01:36.353
Finished copy 361 at 2025-05-29T11:01:36.501
Finished copy 265 at 2025-05-29T11:01:37.022
Finished copy 78 at 2025-05-29T11:01:37.129
Finished copy 563 at 2025-05-29T11:01:37.611
Finished copy 179 at 2025-05-29T11:01:38.016
Finished copy 362 at 2025-05-29T11:01:38.244
Finished copy 454 at 2025-05-29T11:01:38.376
Finished copy 79 at 2025-05-29T11:01:38.803
Finished copy 266 at 2025-05-29T11:01:38.840
Finished copy 564 at 2025-05-29T11:01:39.689
Finished copy 363 at 2025-05-29T11:01:39.843
Finished copy 180 at 2025-05-29T11:01:40.021
Finished copy 80 at 2025-05-29T11:01:40.457
Finished copy 267 at 2025-05-29T11:01:40.536
Finished copy 455 at 2025-05-29T11:01:40.908
Finished copy 364 at 2025-05-29T11:01:41.498
Finished copy 181 at 2025-05-29T11:01:41.776
Finished copy 565 at 2025-05-29T11:01:41.971
Finished copy 268 at 2025-05-29T11:01:42.140
Finished copy 81 at 2025-05-29T11:01:42.295
Finished copy 365 at 2025-05-29T11:01:42.861
Finished copy 182 at 2025-05-29T11:01:43.278
Finished copy 456 at 2025-05-29T11:01:43.604
Finished copy 269 at 2025-05-29T11:01:43.772
Finished copy 82 at 2025-05-29T11:01:43.874
Finished copy 566 at 2025-05-29T11:01:44.490
Finished copy 366 at 2025-05-29T11:01:44.490
Finished copy 183 at 2025-05-29T11:01:44.725
Finished copy 83 at 2025-05-29T11:01:45.699
Finished copy 270 at 2025-05-29T11:01:45.737
Finished copy 457 at 2025-05-29T11:01:46.110
Finished copy 367 at 2025-05-29T11:01:46.253
Finished copy 184 at 2025-05-29T11:01:46.372
Finished copy 567 at 2025-05-29T11:01:46.576
Finished copy 84 at 2025-05-29T11:01:47.119
Finished copy 185 at 2025-05-29T11:01:47.847
Finished copy 271 at 2025-05-29T11:01:47.948
Finished copy 368 at 2025-05-29T11:01:48.136
Finished copy 85 at 2025-05-29T11:01:48.606
Finished copy 458 at 2025-05-29T11:01:48.718
Finished copy 568 at 2025-05-29T11:01:49.069
Finished copy 186 at 2025-05-29T11:01:49.250
Finished copy 369 at 2025-05-29T11:01:49.626
Finished copy 272 at 2025-05-29T11:01:49.862
Finished copy 86 at 2025-05-29T11:01:50.255
Finished copy 187 at 2025-05-29T11:01:50.762
Finished copy 459 at 2025-05-29T11:01:50.922
Finished copy 569 at 2025-05-29T11:01:51.379
Finished copy 370 at 2025-05-29T11:01:51.466
Finished copy 273 at 2025-05-29T11:01:51.827
Finished copy 87 at 2025-05-29T11:01:51.939
Finished copy 188 at 2025-05-29T11:01:52.701
Finished copy 460 at 2025-05-29T11:01:52.871
Finished copy 371 at 2025-05-29T11:01:53.331
Finished copy 88 at 2025-05-29T11:01:53.451
Finished copy 570 at 2025-05-29T11:01:53.663
Finished copy 189 at 2025-05-29T11:01:54.125
Finished copy 274 at 2025-05-29T11:01:54.342
Finished copy 372 at 2025-05-29T11:01:55.010
Finished copy 461 at 2025-05-29T11:01:55.071
Finished copy 89 at 2025-05-29T11:01:55.083
Finished copy 190 at 2025-05-29T11:01:55.806
Finished copy 571 at 2025-05-29T11:01:55.955
Finished copy 373 at 2025-05-29T11:01:56.594
Finished copy 90 at 2025-05-29T11:01:56.725
Finished copy 275 at 2025-05-29T11:01:56.906
Finished copy 191 at 2025-05-29T11:01:57.218
Finished copy 462 at 2025-05-29T11:01:57.593
Finished copy 572 at 2025-05-29T11:01:57.945
Finished copy 91 at 2025-05-29T11:01:57.973
Finished copy 374 at 2025-05-29T11:01:58.171
Finished copy 192 at 2025-05-29T11:01:58.655
Finished copy 276 at 2025-05-29T11:01:59.321
Finished copy 92 at 2025-05-29T11:01:59.820
Finished copy 375 at 2025-05-29T11:01:59.897
Finished copy 573 at 2025-05-29T11:01:59.931
Finished copy 193 at 2025-05-29T11:02:00.081
Finished copy 463 at 2025-05-29T11:02:00.727
Finished copy 376 at 2025-05-29T11:02:01.419
Finished copy 194 at 2025-05-29T11:02:01.529
Finished copy 93 at 2025-05-29T11:02:01.572
Finished copy 277 at 2025-05-29T11:02:01.774
Finished copy 574 at 2025-05-29T11:02:01.962
Finished copy 464 at 2025-05-29T11:02:02.770
Finished copy 377 at 2025-05-29T11:02:03.074
Finished copy 195 at 2025-05-29T11:02:03.148
Finished copy 94 at 2025-05-29T11:02:03.236
Finished copy 575 at 2025-05-29T11:02:03.944
Finished copy 278 at 2025-05-29T11:02:04.154
Finished copy 196 at 2025-05-29T11:02:04.482
Finished copy 95 at 2025-05-29T11:02:04.670
Finished copy 378 at 2025-05-29T11:02:04.715
Finished copy 465 at 2025-05-29T11:02:04.896
Finished copy 197 at 2025-05-29T11:02:06.143
Finished copy 279 at 2025-05-29T11:02:06.146
Finished copy 379 at 2025-05-29T11:02:06.184
Finished copy 576 at 2025-05-29T11:02:06.418
Finished copy 96 at 2025-05-29T11:02:06.419
Finished copy 466 at 2025-05-29T11:02:06.975
Finished copy 198 at 2025-05-29T11:02:07.398
Finished copy 380 at 2025-05-29T11:02:07.805
Finished copy 97 at 2025-05-29T11:02:07.816
Finished copy 280 at 2025-05-29T11:02:08.417
Finished copy 577 at 2025-05-29T11:02:08.528
Finished copy 199 at 2025-05-29T11:02:09.026
Finished copy 381 at 2025-05-29T11:02:09.287
Finished copy 98 at 2025-05-29T11:02:09.371
Finished copy 467 at 2025-05-29T11:02:09.637
Finished copy 578 at 2025-05-29T11:02:10.567
Finished copy 200 at 2025-05-29T11:02:10.609
Finished copy 382 at 2025-05-29T11:02:10.946
Finished copy 99 at 2025-05-29T11:02:11.087
Finished copy 281 at 2025-05-29T11:02:11.143
Finished copy 468 at 2025-05-29T11:02:11.846
Finished copy 579 at 2025-05-29T11:02:12.304
Finished copy 383 at 2025-05-29T11:02:12.410
Finished copy 100 at 2025-05-29T11:02:12.447
Finished copy 282 at 2025-05-29T11:02:13.194
Finished copy 469 at 2025-05-29T11:02:13.394
Finished copy 580 at 2025-05-29T11:02:13.685
Finished copy 384 at 2025-05-29T11:02:13.746
Finished copy 470 at 2025-05-29T11:02:14.807
Finished copy 283 at 2025-05-29T11:02:15.028
Finished copy 385 at 2025-05-29T11:02:15.065
Finished copy 581 at 2025-05-29T11:02:15.095
Finished copy 471 at 2025-05-29T11:02:16.156
Finished copy 582 at 2025-05-29T11:02:16.491
Finished copy 386 at 2025-05-29T11:02:16.648
Finished copy 284 at 2025-05-29T11:02:17.415
Finished copy 472 at 2025-05-29T11:02:17.475
Finished copy 583 at 2025-05-29T11:02:17.680
Finished copy 387 at 2025-05-29T11:02:18.004
Finished copy 584 at 2025-05-29T11:02:18.987
Finished copy 473 at 2025-05-29T11:02:18.998
Finished copy 388 at 2025-05-29T11:02:19.220
Finished copy 285 at 2025-05-29T11:02:19.519
Finished copy 474 at 2025-05-29T11:02:20.341
Finished copy 585 at 2025-05-29T11:02:20.540
Finished copy 389 at 2025-05-29T11:02:20.634
Finished copy 475 at 2025-05-29T11:02:21.731
Finished copy 286 at 2025-05-29T11:02:21.781
Finished copy 390 at 2025-05-29T11:02:21.860
Finished copy 586 at 2025-05-29T11:02:22.023
Finished copy 476 at 2025-05-29T11:02:23.006
Finished copy 391 at 2025-05-29T11:02:23.164
Finished copy 587 at 2025-05-29T11:02:23.298
Finished copy 287 at 2025-05-29T11:02:23.798
Finished copy 477 at 2025-05-29T11:02:24.263
Finished copy 392 at 2025-05-29T11:02:24.413
Finished copy 588 at 2025-05-29T11:02:24.681
Finished copy 288 at 2025-05-29T11:02:25.465
Finished copy 478 at 2025-05-29T11:02:25.651
Finished copy 393 at 2025-05-29T11:02:25.687
Finished copy 589 at 2025-05-29T11:02:25.977
Finished copy 479 at 2025-05-29T11:02:26.995
Finished copy 394 at 2025-05-29T11:02:27.126
Finished copy 289 at 2025-05-29T11:02:27.283
Finished copy 590 at 2025-05-29T11:02:27.411
Finished copy 480 at 2025-05-29T11:02:28.201
Finished copy 395 at 2025-05-29T11:02:28.297
Finished copy 591 at 2025-05-29T11:02:28.482
Finished copy 290 at 2025-05-29T11:02:29.117
Finished copy 481 at 2025-05-29T11:02:29.579
Finished copy 396 at 2025-05-29T11:02:29.679
Finished copy 592 at 2025-05-29T11:02:29.925
Finished copy 397 at 2025-05-29T11:02:30.904
Finished copy 482 at 2025-05-29T11:02:30.964
Finished copy 291 at 2025-05-29T11:02:31.013
Finished copy 593 at 2025-05-29T11:02:31.129
Finished copy 398 at 2025-05-29T11:02:32.143
Finished copy 483 at 2025-05-29T11:02:32.278
Finished copy 594 at 2025-05-29T11:02:32.362
Finished copy 292 at 2025-05-29T11:02:33.219
Finished copy 399 at 2025-05-29T11:02:33.311
Finished copy 484 at 2025-05-29T11:02:33.661
Finished copy 595 at 2025-05-29T11:02:33.870
Finished copy 400 at 2025-05-29T11:02:34.701
Finished copy 293 at 2025-05-29T11:02:35.039
Finished copy 485 at 2025-05-29T11:02:35.133
Finished copy 596 at 2025-05-29T11:02:35.363
Finished copy 294 at 2025-05-29T11:02:36.410
Finished copy 597 at 2025-05-29T11:02:36.435
Finished copy 486 at 2025-05-29T11:02:36.463
Finished copy 295 at 2025-05-29T11:02:37.681
Finished copy 598 at 2025-05-29T11:02:37.733
Finished copy 487 at 2025-05-29T11:02:37.897
Finished copy 296 at 2025-05-29T11:02:39.064
Finished copy 599 at 2025-05-29T11:02:39.132
Finished copy 488 at 2025-05-29T11:02:39.309
Finished copy 600 at 2025-05-29T11:02:40.299
Finished copy 297 at 2025-05-29T11:02:40.391
Finished copy 489 at 2025-05-29T11:02:40.519
Finished copy 298 at 2025-05-29T11:02:41.410
Finished copy 490 at 2025-05-29T11:02:41.655
Finished copy 299 at 2025-05-29T11:02:42.501
Finished copy 491 at 2025-05-29T11:02:42.768
Finished copy 300 at 2025-05-29T11:02:43.548
Finished copy 492 at 2025-05-29T11:02:43.841
Finished copy 493 at 2025-05-29T11:02:44.772
Finished copy 494 at 2025-05-29T11:02:45.749
Finished copy 495 at 2025-05-29T11:02:46.569
Finished copy 496 at 2025-05-29T11:02:47.523
Finished copy 497 at 2025-05-29T11:02:48.414
Finished copy 498 at 2025-05-29T11:02:49.329
Finished copy 499 at 2025-05-29T11:02:50.134
Finished copy 500 at 2025-05-29T11:02:51.069
