Starting saddles simulation at 2025-05-29T16:18:43.123
Lattice size: 43
Beta values: [0.1, 0.10279944599549397, 0.10567726096980483, 0.10863563882017176, 0.11167683486080235, 0.11480316754220751, 0.1180170202186681, 0.1213208429651809, 0.12471715444526921, 0.12820854383108135, 0.1317976727772417, 0.13548727744995842, 0.13928017061293513, 0.14317924377167612, 0.14718746937782085, 0.15130790309518719, 0.15554368612925135, 0.15989804762184037, 0.16437430711286308, 0.16897587707095507, 0.17370626549496876, 0.1785690785882898, 0.18356802350802015, 0.1887069111911229, 0.19398965925968314, 0.19942029500750083, 0.20500295847029057, 0.21074190558183128, 0.21664151141846955, 0.22270627353445155, 0.22894081539062563, 0.23534988987912978, 0.2419383829467506, 0.24871131731971624, 0.25567385633276335, 0.26283130786539594, 0.2701891283883382, 0.27775292712326566, 0.2855284703189852, 0.2935216856473252, 0.3017386667220857, 0.3101856777444941, 0.3188691582787082, 0.3277957281610069, 0.3369721925464105, 0.3464055470965792, 0.3561029833129435, 0.36607189401913226, 0.3763198789968798, 0.3868547507797058, 0.39768454060878644, 0.4088175045555577, 0.4202621298157168, 0.4320271411794205, 0.4441215076826148, 0.4565544494445634, 0.46933544469678873, 0.48247423700878694, 0.49598084271601944, 0.5098655585558504, 0.5241389695172453, 0.5388119569102191, 0.553895706661185, 0.5694017178405246, 0.5853418114288852, 0.601728139328883, 0.6185731936290858, 0.6358898161273345, 0.6536912081206652, 0.6719909404692954, 0.6908029639423454, 0.710141619853183, 0.730021650992499, 0.7504582128674476, 0.7714668852554213, 0.7930636840812662, 0.815265073626996, 0.8380879790833082, 0.8615497994524721, 0.885668420812431, 0.9104622299522194, 0.9359501283891019, 0.9621515467781114, 0.9890864597249744, 1.0167754010137187, 1.045239479260565, 1.0745003940060471, 1.1045804522576164, 1.1355025854953513, 1.1672903671537318, 1.1999680305928035, 1.2335604875724422, 1.2680933472437848, 1.3035929356723266, 1.3400863159075478, 1.3776013086143843, 1.4161665132822627, 1.4558113300278694, 1.4965659820082826, 1.5384615384615383]
Copies: 600
Move type: l chain flip
----------------------------------
Finished copy 101 at 2025-05-29T16:18:54.124
Finished copy 501 at 2025-05-29T16:18:54.856
Finished copy 1 at 2025-05-29T16:18:58.476
Finished copy 201 at 2025-05-29T16:19:00.791
Finished copy 301 at 2025-05-29T16:19:03.143
Finished copy 401 at 2025-05-29T16:19:03.416
Finished copy 102 at 2025-05-29T16:19:04.517
Finished copy 502 at 2025-05-29T16:19:11.684
Finished copy 103 at 2025-05-29T16:19:14.680
Finished copy 2 at 2025-05-29T16:19:15.780
Finished copy 202 at 2025-05-29T16:19:18.897
Finished copy 402 at 2025-05-29T16:19:20.922
Finished copy 302 at 2025-05-29T16:19:22.509
Finished copy 104 at 2025-05-29T16:19:26.313
Finished copy 503 at 2025-05-29T16:19:28.805
Finished copy 3 at 2025-05-29T16:19:31.359
Finished copy 105 at 2025-05-29T16:19:35.491
Finished copy 403 at 2025-05-29T16:19:37.325
Finished copy 203 at 2025-05-29T16:19:40.108
Finished copy 303 at 2025-05-29T16:19:43.388
Finished copy 4 at 2025-05-29T16:19:45.710
Finished copy 106 at 2025-05-29T16:19:46.218
Finished copy 504 at 2025-05-29T16:19:47.844
Finished copy 404 at 2025-05-29T16:19:55.373
Finished copy 107 at 2025-05-29T16:19:55.536
Finished copy 204 at 2025-05-29T16:19:58.718
Finished copy 5 at 2025-05-29T16:20:01.859
Finished copy 304 at 2025-05-29T16:20:05.105
Finished copy 108 at 2025-05-29T16:20:05.376
Finished copy 505 at 2025-05-29T16:20:07.550
Finished copy 405 at 2025-05-29T16:20:13.890
Finished copy 109 at 2025-05-29T16:20:15.454
Finished copy 205 at 2025-05-29T16:20:16.721
Finished copy 6 at 2025-05-29T16:20:16.954
Finished copy 305 at 2025-05-29T16:20:22.311
Finished copy 506 at 2025-05-29T16:20:27.716
Finished copy 110 at 2025-05-29T16:20:30.094
Finished copy 7 at 2025-05-29T16:20:31.485
Finished copy 406 at 2025-05-29T16:20:33.208
Finished copy 206 at 2025-05-29T16:20:34.716
Finished copy 111 at 2025-05-29T16:20:39.232
Finished copy 306 at 2025-05-29T16:20:39.846
Finished copy 8 at 2025-05-29T16:20:46.657
Finished copy 112 at 2025-05-29T16:20:48.659
Finished copy 507 at 2025-05-29T16:20:49.445
Finished copy 407 at 2025-05-29T16:20:51.623
Finished copy 207 at 2025-05-29T16:20:53.872
Finished copy 307 at 2025-05-29T16:20:58.664
Finished copy 113 at 2025-05-29T16:20:59.423
Finished copy 9 at 2025-05-29T16:21:01.950
Finished copy 508 at 2025-05-29T16:21:06.259
Finished copy 208 at 2025-05-29T16:21:10.391
Finished copy 408 at 2025-05-29T16:21:11.328
Finished copy 10 at 2025-05-29T16:21:12.497
Finished copy 114 at 2025-05-29T16:21:13.248
Finished copy 308 at 2025-05-29T16:21:20.406
Finished copy 11 at 2025-05-29T16:21:21.533
Finished copy 509 at 2025-05-29T16:21:25.543
Finished copy 209 at 2025-05-29T16:21:27.350
Finished copy 115 at 2025-05-29T16:21:27.579
Finished copy 409 at 2025-05-29T16:21:29.794
Finished copy 12 at 2025-05-29T16:21:31.228
Finished copy 13 at 2025-05-29T16:21:40.017
Finished copy 309 at 2025-05-29T16:21:42.588
Finished copy 210 at 2025-05-29T16:21:43.042
Finished copy 116 at 2025-05-29T16:21:43.118
Finished copy 410 at 2025-05-29T16:21:45.687
Finished copy 510 at 2025-05-29T16:21:46.486
Finished copy 14 at 2025-05-29T16:21:49.906
Finished copy 117 at 2025-05-29T16:21:57.774
Finished copy 15 at 2025-05-29T16:21:58.316
Finished copy 211 at 2025-05-29T16:21:58.955
Finished copy 411 at 2025-05-29T16:22:02.669
Finished copy 310 at 2025-05-29T16:22:02.952
Finished copy 511 at 2025-05-29T16:22:05.119
Finished copy 16 at 2025-05-29T16:22:08.811
Finished copy 212 at 2025-05-29T16:22:13.523
Finished copy 118 at 2025-05-29T16:22:14.497
Finished copy 17 at 2025-05-29T16:22:18.615
Finished copy 412 at 2025-05-29T16:22:19.893
Finished copy 311 at 2025-05-29T16:22:24.679
Finished copy 512 at 2025-05-29T16:22:25.242
Finished copy 18 at 2025-05-29T16:22:27.713
Finished copy 213 at 2025-05-29T16:22:29.115
Finished copy 119 at 2025-05-29T16:22:29.744
Finished copy 413 at 2025-05-29T16:22:36.751
Finished copy 19 at 2025-05-29T16:22:39.057
Finished copy 513 at 2025-05-29T16:22:44.431
Finished copy 120 at 2025-05-29T16:22:45.837
Finished copy 214 at 2025-05-29T16:22:47.004
Finished copy 312 at 2025-05-29T16:22:47.125
Finished copy 20 at 2025-05-29T16:22:48.727
Finished copy 414 at 2025-05-29T16:22:56.783
Finished copy 21 at 2025-05-29T16:22:58.051
Finished copy 514 at 2025-05-29T16:23:04.343
Finished copy 121 at 2025-05-29T16:23:04.746
Finished copy 313 at 2025-05-29T16:23:06.641
Finished copy 215 at 2025-05-29T16:23:07.428
Finished copy 22 at 2025-05-29T16:23:08.938
Finished copy 415 at 2025-05-29T16:23:13.289
Finished copy 23 at 2025-05-29T16:23:18.303
Finished copy 122 at 2025-05-29T16:23:19.319
Finished copy 216 at 2025-05-29T16:23:23.132
Finished copy 515 at 2025-05-29T16:23:27.322
Finished copy 24 at 2025-05-29T16:23:28.231
Finished copy 416 at 2025-05-29T16:23:29.775
Finished copy 314 at 2025-05-29T16:23:31.154
Finished copy 123 at 2025-05-29T16:23:34.743
Finished copy 25 at 2025-05-29T16:23:37.323
Finished copy 217 at 2025-05-29T16:23:40.262
Finished copy 516 at 2025-05-29T16:23:48.015
Finished copy 417 at 2025-05-29T16:23:48.098
Finished copy 26 at 2025-05-29T16:23:48.982
Finished copy 315 at 2025-05-29T16:23:52.580
Finished copy 124 at 2025-05-29T16:23:53.504
Finished copy 27 at 2025-05-29T16:23:58.203
Finished copy 218 at 2025-05-29T16:24:01.967
Finished copy 418 at 2025-05-29T16:24:06.322
Finished copy 28 at 2025-05-29T16:24:07.828
Finished copy 517 at 2025-05-29T16:24:09.208
Finished copy 125 at 2025-05-29T16:24:10.888
Finished copy 316 at 2025-05-29T16:24:11.977
Finished copy 29 at 2025-05-29T16:24:17.313
Finished copy 219 at 2025-05-29T16:24:18.696
Finished copy 126 at 2025-05-29T16:24:26.517
Finished copy 30 at 2025-05-29T16:24:27.356
Finished copy 518 at 2025-05-29T16:24:29.429
Finished copy 419 at 2025-05-29T16:24:32.037
Finished copy 317 at 2025-05-29T16:24:35.263
Finished copy 220 at 2025-05-29T16:24:36.624
Finished copy 31 at 2025-05-29T16:24:36.662
Finished copy 127 at 2025-05-29T16:24:43.876
Finished copy 519 at 2025-05-29T16:24:46.935
Finished copy 32 at 2025-05-29T16:24:47.129
Finished copy 420 at 2025-05-29T16:24:49.747
Finished copy 221 at 2025-05-29T16:24:53.187
Finished copy 318 at 2025-05-29T16:24:55.193
Finished copy 33 at 2025-05-29T16:24:56.749
Finished copy 128 at 2025-05-29T16:24:59.713
Finished copy 520 at 2025-05-29T16:25:04.142
Finished copy 34 at 2025-05-29T16:25:05.938
Finished copy 421 at 2025-05-29T16:25:08.540
Finished copy 222 at 2025-05-29T16:25:12.651
Finished copy 35 at 2025-05-29T16:25:16.433
Finished copy 319 at 2025-05-29T16:25:17.247
Finished copy 129 at 2025-05-29T16:25:17.649
Finished copy 521 at 2025-05-29T16:25:24.264
Finished copy 36 at 2025-05-29T16:25:26.648
Finished copy 422 at 2025-05-29T16:25:27.462
Finished copy 130 at 2025-05-29T16:25:33.056
Finished copy 223 at 2025-05-29T16:25:33.103
Finished copy 37 at 2025-05-29T16:25:35.700
Finished copy 320 at 2025-05-29T16:25:38.029
Finished copy 522 at 2025-05-29T16:25:44.017
Finished copy 423 at 2025-05-29T16:25:45.164
Finished copy 38 at 2025-05-29T16:25:46.170
Finished copy 131 at 2025-05-29T16:25:47.644
Finished copy 224 at 2025-05-29T16:25:49.721
Finished copy 39 at 2025-05-29T16:25:58.244
Finished copy 321 at 2025-05-29T16:25:58.297
Finished copy 424 at 2025-05-29T16:26:01.353
Finished copy 132 at 2025-05-29T16:26:04.920
Finished copy 523 at 2025-05-29T16:26:06.190
Finished copy 40 at 2025-05-29T16:26:07.602
Finished copy 225 at 2025-05-29T16:26:07.810
Finished copy 322 at 2025-05-29T16:26:15.511
Finished copy 41 at 2025-05-29T16:26:16.924
Finished copy 425 at 2025-05-29T16:26:19.212
Finished copy 42 at 2025-05-29T16:26:26.637
Finished copy 226 at 2025-05-29T16:26:27.630
Finished copy 524 at 2025-05-29T16:26:27.959
Finished copy 133 at 2025-05-29T16:26:28.982
Finished copy 323 at 2025-05-29T16:26:36.650
Finished copy 426 at 2025-05-29T16:26:36.688
Finished copy 43 at 2025-05-29T16:26:37.292
Finished copy 134 at 2025-05-29T16:26:44.817
Finished copy 227 at 2025-05-29T16:26:46.229
Finished copy 44 at 2025-05-29T16:26:47.666
Finished copy 525 at 2025-05-29T16:26:48.030
Finished copy 427 at 2025-05-29T16:26:54.462
Finished copy 45 at 2025-05-29T16:26:56.821
Finished copy 324 at 2025-05-29T16:26:57.852
Finished copy 135 at 2025-05-29T16:27:00.269
Finished copy 46 at 2025-05-29T16:27:05.734
Finished copy 526 at 2025-05-29T16:27:06.068
Finished copy 228 at 2025-05-29T16:27:06.180
Finished copy 428 at 2025-05-29T16:27:12.995
Finished copy 136 at 2025-05-29T16:27:16.965
Finished copy 47 at 2025-05-29T16:27:19.372
Finished copy 325 at 2025-05-29T16:27:20.924
Finished copy 229 at 2025-05-29T16:27:24.952
Finished copy 527 at 2025-05-29T16:27:27.258
Finished copy 48 at 2025-05-29T16:27:28.265
Finished copy 429 at 2025-05-29T16:27:30.563
Finished copy 137 at 2025-05-29T16:27:31.623
Finished copy 49 at 2025-05-29T16:27:37.548
Finished copy 326 at 2025-05-29T16:27:40.936
Finished copy 230 at 2025-05-29T16:27:43.050
Finished copy 138 at 2025-05-29T16:27:47.328
Finished copy 528 at 2025-05-29T16:27:47.725
Finished copy 50 at 2025-05-29T16:27:47.854
Finished copy 430 at 2025-05-29T16:27:48.468
Finished copy 51 at 2025-05-29T16:27:56.974
Finished copy 139 at 2025-05-29T16:28:03.408
Finished copy 327 at 2025-05-29T16:28:03.585
Finished copy 231 at 2025-05-29T16:28:03.866
Finished copy 52 at 2025-05-29T16:28:06.257
Finished copy 431 at 2025-05-29T16:28:06.460
Finished copy 529 at 2025-05-29T16:28:06.758
Finished copy 53 at 2025-05-29T16:28:18.472
Finished copy 140 at 2025-05-29T16:28:19.050
Finished copy 232 at 2025-05-29T16:28:22.883
Finished copy 328 at 2025-05-29T16:28:24.242
Finished copy 432 at 2025-05-29T16:28:24.529
Finished copy 54 at 2025-05-29T16:28:27.599
Finished copy 530 at 2025-05-29T16:28:30.055
Finished copy 141 at 2025-05-29T16:28:34.774
Finished copy 55 at 2025-05-29T16:28:37.136
Finished copy 233 at 2025-05-29T16:28:42.538
Finished copy 433 at 2025-05-29T16:28:43.498
Finished copy 531 at 2025-05-29T16:28:47.096
Finished copy 329 at 2025-05-29T16:28:48.023
Finished copy 56 at 2025-05-29T16:28:49.080
Finished copy 142 at 2025-05-29T16:28:53.639
Finished copy 57 at 2025-05-29T16:28:58.863
Finished copy 234 at 2025-05-29T16:29:00.724
Finished copy 434 at 2025-05-29T16:29:00.759
Finished copy 532 at 2025-05-29T16:29:06.529
Finished copy 58 at 2025-05-29T16:29:07.626
Finished copy 330 at 2025-05-29T16:29:09.524
Finished copy 143 at 2025-05-29T16:29:10.790
Finished copy 59 at 2025-05-29T16:29:16.876
Finished copy 235 at 2025-05-29T16:29:17.852
Finished copy 435 at 2025-05-29T16:29:19.167
Finished copy 533 at 2025-05-29T16:29:26
Finished copy 144 at 2025-05-29T16:29:26.445
Finished copy 60 at 2025-05-29T16:29:26.881
Finished copy 331 at 2025-05-29T16:29:30.968
Finished copy 236 at 2025-05-29T16:29:36.263
Finished copy 61 at 2025-05-29T16:29:36.500
Finished copy 436 at 2025-05-29T16:29:37.080
Finished copy 145 at 2025-05-29T16:29:43.665
Finished copy 534 at 2025-05-29T16:29:46.116
Finished copy 62 at 2025-05-29T16:29:47.614
Finished copy 332 at 2025-05-29T16:29:52.210
Finished copy 437 at 2025-05-29T16:29:54.290
Finished copy 237 at 2025-05-29T16:29:56.214
Finished copy 63 at 2025-05-29T16:30:00.332
Finished copy 146 at 2025-05-29T16:30:01.034
Finished copy 535 at 2025-05-29T16:30:04.682
Finished copy 64 at 2025-05-29T16:30:11.559
Finished copy 438 at 2025-05-29T16:30:11.722
Finished copy 333 at 2025-05-29T16:30:13.303
Finished copy 238 at 2025-05-29T16:30:14.800
Finished copy 147 at 2025-05-29T16:30:20.483
Finished copy 65 at 2025-05-29T16:30:22.546
Finished copy 536 at 2025-05-29T16:30:23.565
Finished copy 439 at 2025-05-29T16:30:29.769
Finished copy 66 at 2025-05-29T16:30:31.979
Finished copy 239 at 2025-05-29T16:30:33.003
Finished copy 334 at 2025-05-29T16:30:33.253
Finished copy 148 at 2025-05-29T16:30:37.740
Finished copy 67 at 2025-05-29T16:30:42.884
Finished copy 537 at 2025-05-29T16:30:43.867
Finished copy 440 at 2025-05-29T16:30:46.807
Finished copy 240 at 2025-05-29T16:30:50.043
Finished copy 149 at 2025-05-29T16:30:52.860
Finished copy 68 at 2025-05-29T16:30:53.673
Finished copy 335 at 2025-05-29T16:30:54.698
Finished copy 538 at 2025-05-29T16:31:02.599
Finished copy 441 at 2025-05-29T16:31:04.092
Finished copy 69 at 2025-05-29T16:31:04.138
Finished copy 241 at 2025-05-29T16:31:10.680
Finished copy 150 at 2025-05-29T16:31:11.494
Finished copy 336 at 2025-05-29T16:31:13.818
Finished copy 70 at 2025-05-29T16:31:14.261
Finished copy 539 at 2025-05-29T16:31:20.106
Finished copy 442 at 2025-05-29T16:31:21.415
Finished copy 71 at 2025-05-29T16:31:23.444
Finished copy 151 at 2025-05-29T16:31:27.938
Finished copy 242 at 2025-05-29T16:31:29.390
Finished copy 337 at 2025-05-29T16:31:31.654
Finished copy 72 at 2025-05-29T16:31:33.711
Finished copy 540 at 2025-05-29T16:31:38.190
Finished copy 443 at 2025-05-29T16:31:39.120
Finished copy 73 at 2025-05-29T16:31:43.742
Finished copy 152 at 2025-05-29T16:31:45.314
Finished copy 243 at 2025-05-29T16:31:48.353
Finished copy 338 at 2025-05-29T16:31:51.573
Finished copy 74 at 2025-05-29T16:31:53.678
Finished copy 444 at 2025-05-29T16:31:55.678
Finished copy 541 at 2025-05-29T16:32:00.121
Finished copy 153 at 2025-05-29T16:32:02.093
Finished copy 75 at 2025-05-29T16:32:04.786
Finished copy 244 at 2025-05-29T16:32:09.056
Finished copy 445 at 2025-05-29T16:32:13.453
Finished copy 76 at 2025-05-29T16:32:13.868
Finished copy 339 at 2025-05-29T16:32:13.938
Finished copy 542 at 2025-05-29T16:32:19.517
Finished copy 154 at 2025-05-29T16:32:21.011
Finished copy 77 at 2025-05-29T16:32:24.062
Finished copy 245 at 2025-05-29T16:32:26.420
Finished copy 446 at 2025-05-29T16:32:30.343
Finished copy 78 at 2025-05-29T16:32:34.072
Finished copy 340 at 2025-05-29T16:32:34.354
Finished copy 155 at 2025-05-29T16:32:38.595
Finished copy 543 at 2025-05-29T16:32:38.688
Finished copy 79 at 2025-05-29T16:32:44.174
Finished copy 246 at 2025-05-29T16:32:45.697
Finished copy 447 at 2025-05-29T16:32:48.230
Finished copy 80 at 2025-05-29T16:32:53.287
Finished copy 341 at 2025-05-29T16:32:53.416
Finished copy 156 at 2025-05-29T16:32:56.163
Finished copy 544 at 2025-05-29T16:32:56.576
Finished copy 81 at 2025-05-29T16:33:02.564
Finished copy 247 at 2025-05-29T16:33:03.760
Finished copy 448 at 2025-05-29T16:33:04.839
Finished copy 157 at 2025-05-29T16:33:12.968
Finished copy 82 at 2025-05-29T16:33:13.819
Finished copy 342 at 2025-05-29T16:33:14.101
Finished copy 545 at 2025-05-29T16:33:14.326
Finished copy 449 at 2025-05-29T16:33:22.349
Finished copy 248 at 2025-05-29T16:33:22.537
Finished copy 83 at 2025-05-29T16:33:23.161
Finished copy 158 at 2025-05-29T16:33:31.186
Finished copy 84 at 2025-05-29T16:33:33.513
Finished copy 546 at 2025-05-29T16:33:34.965
Finished copy 343 at 2025-05-29T16:33:38.230
Finished copy 450 at 2025-05-29T16:33:40.128
Finished copy 249 at 2025-05-29T16:33:41.223
Finished copy 85 at 2025-05-29T16:33:43.617
Finished copy 159 at 2025-05-29T16:33:49.092
Finished copy 547 at 2025-05-29T16:33:53.575
Finished copy 86 at 2025-05-29T16:33:53.815
Finished copy 451 at 2025-05-29T16:33:57.616
Finished copy 250 at 2025-05-29T16:33:58.231
Finished copy 344 at 2025-05-29T16:34:02.291
Finished copy 87 at 2025-05-29T16:34:03.788
Finished copy 160 at 2025-05-29T16:34:05.407
Finished copy 88 at 2025-05-29T16:34:13.496
Finished copy 548 at 2025-05-29T16:34:14.854
Finished copy 452 at 2025-05-29T16:34:16.101
Finished copy 251 at 2025-05-29T16:34:16.110
Finished copy 161 at 2025-05-29T16:34:21.519
Finished copy 89 at 2025-05-29T16:34:24.008
Finished copy 345 at 2025-05-29T16:34:24.595
Finished copy 549 at 2025-05-29T16:34:32.379
Finished copy 90 at 2025-05-29T16:34:33.885
Finished copy 252 at 2025-05-29T16:34:34.483
Finished copy 453 at 2025-05-29T16:34:35.984
Finished copy 162 at 2025-05-29T16:34:39.064
Finished copy 91 at 2025-05-29T16:34:44.422
Finished copy 346 at 2025-05-29T16:34:45.404
Finished copy 253 at 2025-05-29T16:34:52.280
Finished copy 454 at 2025-05-29T16:34:53.728
Finished copy 92 at 2025-05-29T16:34:56.913
Finished copy 163 at 2025-05-29T16:34:58.466
Finished copy 550 at 2025-05-29T16:35:03.544
Finished copy 93 at 2025-05-29T16:35:06.586
Finished copy 347 at 2025-05-29T16:35:07.327
Finished copy 254 at 2025-05-29T16:35:11.006
Finished copy 455 at 2025-05-29T16:35:12.660
Finished copy 164 at 2025-05-29T16:35:17.219
Finished copy 94 at 2025-05-29T16:35:17.426
Finished copy 551 at 2025-05-29T16:35:22.720
Finished copy 348 at 2025-05-29T16:35:27.256
Finished copy 95 at 2025-05-29T16:35:27.285
Finished copy 255 at 2025-05-29T16:35:27.619
Finished copy 456 at 2025-05-29T16:35:29.701
Finished copy 165 at 2025-05-29T16:35:34.937
Finished copy 96 at 2025-05-29T16:35:37.763
Finished copy 552 at 2025-05-29T16:35:41.224
Finished copy 97 at 2025-05-29T16:35:47.630
Finished copy 457 at 2025-05-29T16:35:48.145
Finished copy 349 at 2025-05-29T16:35:49.650
Finished copy 256 at 2025-05-29T16:35:50.358
Finished copy 166 at 2025-05-29T16:35:53.847
Finished copy 98 at 2025-05-29T16:35:58.289
Finished copy 553 at 2025-05-29T16:36:03.012
Finished copy 458 at 2025-05-29T16:36:08.074
Finished copy 99 at 2025-05-29T16:36:09.136
Finished copy 350 at 2025-05-29T16:36:10.857
Finished copy 167 at 2025-05-29T16:36:11.486
Finished copy 257 at 2025-05-29T16:36:11.947
Finished copy 100 at 2025-05-29T16:36:19.871
Finished copy 459 at 2025-05-29T16:36:22.909
Finished copy 554 at 2025-05-29T16:36:24.957
Finished copy 168 at 2025-05-29T16:36:29.609
Finished copy 351 at 2025-05-29T16:36:29.903
Finished copy 460 at 2025-05-29T16:36:32.377
Finished copy 258 at 2025-05-29T16:36:32.920
Finished copy 461 at 2025-05-29T16:36:42.503
Finished copy 555 at 2025-05-29T16:36:42.725
Finished copy 169 at 2025-05-29T16:36:44.724
Finished copy 352 at 2025-05-29T16:36:48.318
Finished copy 259 at 2025-05-29T16:36:49.765
Finished copy 462 at 2025-05-29T16:36:53.298
Finished copy 170 at 2025-05-29T16:36:57.729
Finished copy 556 at 2025-05-29T16:36:59.677
Finished copy 463 at 2025-05-29T16:37:02.741
Finished copy 353 at 2025-05-29T16:37:06.369
Finished copy 260 at 2025-05-29T16:37:07.696
Finished copy 464 at 2025-05-29T16:37:11.385
Finished copy 171 at 2025-05-29T16:37:15.219
Finished copy 557 at 2025-05-29T16:37:18.703
Finished copy 465 at 2025-05-29T16:37:23.203
Finished copy 354 at 2025-05-29T16:37:25.655
Finished copy 261 at 2025-05-29T16:37:28.416
Finished copy 172 at 2025-05-29T16:37:29.279
Finished copy 466 at 2025-05-29T16:37:33.170
Finished copy 558 at 2025-05-29T16:37:41.789
Finished copy 173 at 2025-05-29T16:37:45.077
Finished copy 467 at 2025-05-29T16:37:46.166
Finished copy 355 at 2025-05-29T16:37:47.646
Finished copy 262 at 2025-05-29T16:37:52.024
Finished copy 468 at 2025-05-29T16:37:55.204
Finished copy 174 at 2025-05-29T16:37:57.402
Finished copy 559 at 2025-05-29T16:38:00.592
Finished copy 356 at 2025-05-29T16:38:06.588
Finished copy 469 at 2025-05-29T16:38:07.995
Finished copy 263 at 2025-05-29T16:38:11.333
Finished copy 175 at 2025-05-29T16:38:12.417
Finished copy 470 at 2025-05-29T16:38:17.343
Finished copy 560 at 2025-05-29T16:38:19.053
Finished copy 176 at 2025-05-29T16:38:25.654
Finished copy 471 at 2025-05-29T16:38:27.474
Finished copy 264 at 2025-05-29T16:38:28.173
Finished copy 357 at 2025-05-29T16:38:28.601
Finished copy 561 at 2025-05-29T16:38:36.290
Finished copy 472 at 2025-05-29T16:38:37.580
Finished copy 177 at 2025-05-29T16:38:39.466
Finished copy 473 at 2025-05-29T16:38:46.629
Finished copy 358 at 2025-05-29T16:38:47.680
Finished copy 265 at 2025-05-29T16:38:48.542
Finished copy 562 at 2025-05-29T16:38:53.919
Finished copy 178 at 2025-05-29T16:38:54.057
Finished copy 474 at 2025-05-29T16:38:56.346
Finished copy 266 at 2025-05-29T16:39:03.423
Finished copy 475 at 2025-05-29T16:39:06.358
Finished copy 359 at 2025-05-29T16:39:09.322
Finished copy 179 at 2025-05-29T16:39:11.349
Finished copy 563 at 2025-05-29T16:39:12.419
Finished copy 476 at 2025-05-29T16:39:17.918
Finished copy 267 at 2025-05-29T16:39:22.333
Finished copy 180 at 2025-05-29T16:39:23.528
Finished copy 477 at 2025-05-29T16:39:26.918
Finished copy 564 at 2025-05-29T16:39:31.533
Finished copy 360 at 2025-05-29T16:39:33.757
Finished copy 478 at 2025-05-29T16:39:36.562
Finished copy 268 at 2025-05-29T16:39:36.831
Finished copy 181 at 2025-05-29T16:39:42.533
Finished copy 479 at 2025-05-29T16:39:46.006
Finished copy 565 at 2025-05-29T16:39:49.774
Finished copy 269 at 2025-05-29T16:39:53.416
Finished copy 361 at 2025-05-29T16:39:55.233
Finished copy 182 at 2025-05-29T16:39:55.967
Finished copy 480 at 2025-05-29T16:39:56.004
Finished copy 481 at 2025-05-29T16:40:05.751
Finished copy 183 at 2025-05-29T16:40:06.937
Finished copy 566 at 2025-05-29T16:40:09.943
Finished copy 270 at 2025-05-29T16:40:11.767
Finished copy 482 at 2025-05-29T16:40:15.458
Finished copy 184 at 2025-05-29T16:40:15.862
Finished copy 362 at 2025-05-29T16:40:16.235
Finished copy 185 at 2025-05-29T16:40:25.182
Finished copy 483 at 2025-05-29T16:40:25.465
Finished copy 567 at 2025-05-29T16:40:28.889
Finished copy 271 at 2025-05-29T16:40:30.717
Finished copy 186 at 2025-05-29T16:40:35.919
Finished copy 484 at 2025-05-29T16:40:35.991
Finished copy 363 at 2025-05-29T16:40:40.545
Finished copy 187 at 2025-05-29T16:40:46.652
Finished copy 485 at 2025-05-29T16:40:47.174
Finished copy 272 at 2025-05-29T16:40:47.576
Finished copy 568 at 2025-05-29T16:40:49.194
Finished copy 188 at 2025-05-29T16:40:55.423
Finished copy 189 at 2025-05-29T16:41:04.568
Finished copy 364 at 2025-05-29T16:41:04.742
Finished copy 486 at 2025-05-29T16:41:05.653
Finished copy 273 at 2025-05-29T16:41:05.864
Finished copy 569 at 2025-05-29T16:41:07.926
Finished copy 190 at 2025-05-29T16:41:13.207
Finished copy 191 at 2025-05-29T16:41:22.396
Finished copy 487 at 2025-05-29T16:41:23.037
Finished copy 274 at 2025-05-29T16:41:23.765
Finished copy 365 at 2025-05-29T16:41:24.648
Finished copy 570 at 2025-05-29T16:41:25.531
Finished copy 192 at 2025-05-29T16:41:32.152
Finished copy 488 at 2025-05-29T16:41:38.594
Finished copy 275 at 2025-05-29T16:41:40.751
Finished copy 193 at 2025-05-29T16:41:41.512
Finished copy 366 at 2025-05-29T16:41:44.446
Finished copy 571 at 2025-05-29T16:41:44.822
Finished copy 194 at 2025-05-29T16:41:51.797
Finished copy 489 at 2025-05-29T16:41:54.710
Finished copy 276 at 2025-05-29T16:41:58.972
Finished copy 195 at 2025-05-29T16:42:00.914
Finished copy 572 at 2025-05-29T16:42:02.116
Finished copy 367 at 2025-05-29T16:42:05.297
Finished copy 196 at 2025-05-29T16:42:11.739
Finished copy 490 at 2025-05-29T16:42:12.265
Finished copy 277 at 2025-05-29T16:42:19.019
Finished copy 573 at 2025-05-29T16:42:20.373
Finished copy 197 at 2025-05-29T16:42:21.979
Finished copy 368 at 2025-05-29T16:42:24.690
Finished copy 491 at 2025-05-29T16:42:27.373
Finished copy 198 at 2025-05-29T16:42:35.347
Finished copy 278 at 2025-05-29T16:42:37.361
Finished copy 574 at 2025-05-29T16:42:40.310
Finished copy 369 at 2025-05-29T16:42:43.662
Finished copy 492 at 2025-05-29T16:42:43.784
Finished copy 199 at 2025-05-29T16:42:44.651
Finished copy 279 at 2025-05-29T16:42:55.392
Finished copy 200 at 2025-05-29T16:42:56.690
Finished copy 575 at 2025-05-29T16:42:56.963
Finished copy 493 at 2025-05-29T16:42:59.625
Finished copy 370 at 2025-05-29T16:43:03.825
Finished copy 494 at 2025-05-29T16:43:08.466
Finished copy 280 at 2025-05-29T16:43:12.931
Finished copy 576 at 2025-05-29T16:43:14.794
Finished copy 495 at 2025-05-29T16:43:17.432
Finished copy 371 at 2025-05-29T16:43:23.640
Finished copy 281 at 2025-05-29T16:43:25.976
Finished copy 496 at 2025-05-29T16:43:26.871
Finished copy 577 at 2025-05-29T16:43:30.502
Finished copy 497 at 2025-05-29T16:43:36.803
Finished copy 372 at 2025-05-29T16:43:39.607
Finished copy 282 at 2025-05-29T16:43:41.936
Finished copy 498 at 2025-05-29T16:43:45.297
Finished copy 578 at 2025-05-29T16:43:48.501
Finished copy 499 at 2025-05-29T16:43:54.292
Finished copy 373 at 2025-05-29T16:43:57.026
Finished copy 283 at 2025-05-29T16:43:58.420
Finished copy 500 at 2025-05-29T16:44:03.700
Finished copy 579 at 2025-05-29T16:44:06.147
Finished copy 374 at 2025-05-29T16:44:08.399
Finished copy 284 at 2025-05-29T16:44:11.022
Finished copy 375 at 2025-05-29T16:44:18.033
Finished copy 285 at 2025-05-29T16:44:22.135
Finished copy 580 at 2025-05-29T16:44:24.339
Finished copy 376 at 2025-05-29T16:44:27.869
Finished copy 286 at 2025-05-29T16:44:33.171
Finished copy 581 at 2025-05-29T16:44:36.281
Finished copy 377 at 2025-05-29T16:44:38.282
Finished copy 287 at 2025-05-29T16:44:42.527
Finished copy 378 at 2025-05-29T16:44:48.148
Finished copy 582 at 2025-05-29T16:44:49.889
Finished copy 288 at 2025-05-29T16:44:53.995
Finished copy 379 at 2025-05-29T16:44:57.502
Finished copy 583 at 2025-05-29T16:45:01.685
Finished copy 289 at 2025-05-29T16:45:02.194
Finished copy 380 at 2025-05-29T16:45:08.553
Finished copy 584 at 2025-05-29T16:45:10.259
Finished copy 290 at 2025-05-29T16:45:12.698
Finished copy 381 at 2025-05-29T16:45:19.029
Finished copy 585 at 2025-05-29T16:45:20.736
Finished copy 291 at 2025-05-29T16:45:21.253
Finished copy 382 at 2025-05-29T16:45:28.847
Finished copy 292 at 2025-05-29T16:45:29.642
Finished copy 586 at 2025-05-29T16:45:29.840
Finished copy 383 at 2025-05-29T16:45:38.195
Finished copy 293 at 2025-05-29T16:45:39.089
Finished copy 587 at 2025-05-29T16:45:40.373
Finished copy 294 at 2025-05-29T16:45:47.956
Finished copy 588 at 2025-05-29T16:45:49.017
Finished copy 384 at 2025-05-29T16:45:50.210
Finished copy 295 at 2025-05-29T16:45:57.058
Finished copy 589 at 2025-05-29T16:45:59.633
Finished copy 385 at 2025-05-29T16:46:00.654
Finished copy 296 at 2025-05-29T16:46:05.455
Finished copy 590 at 2025-05-29T16:46:10.246
Finished copy 386 at 2025-05-29T16:46:10.263
Finished copy 297 at 2025-05-29T16:46:14.593
Finished copy 591 at 2025-05-29T16:46:19.177
Finished copy 298 at 2025-05-29T16:46:22.641
Finished copy 387 at 2025-05-29T16:46:22.994
Finished copy 592 at 2025-05-29T16:46:29.738
Finished copy 299 at 2025-05-29T16:46:32.366
Finished copy 388 at 2025-05-29T16:46:32.580
Finished copy 593 at 2025-05-29T16:46:40.663
Finished copy 300 at 2025-05-29T16:46:40.929
Finished copy 389 at 2025-05-29T16:46:42.901
Finished copy 594 at 2025-05-29T16:46:48.364
Finished copy 390 at 2025-05-29T16:46:51.435
Finished copy 595 at 2025-05-29T16:46:55.936
Finished copy 391 at 2025-05-29T16:47:00.230
Finished copy 596 at 2025-05-29T16:47:03.790
Finished copy 392 at 2025-05-29T16:47:08.507
Finished copy 597 at 2025-05-29T16:47:12.079
Finished copy 393 at 2025-05-29T16:47:19.031
Finished copy 598 at 2025-05-29T16:47:19.504
Finished copy 599 at 2025-05-29T16:47:27.215
Finished copy 394 at 2025-05-29T16:47:27.780
Finished copy 600 at 2025-05-29T16:47:35.734
Finished copy 395 at 2025-05-29T16:47:36.458
Finished copy 396 at 2025-05-29T16:47:43.309
Finished copy 397 at 2025-05-29T16:47:50.797
Finished copy 398 at 2025-05-29T16:47:57.327
Finished copy 399 at 2025-05-29T16:48:03.850
Finished copy 400 at 2025-05-29T16:48:11.427
