Starting saddles simulation at 2025-05-29T12:13:07.062
Lattice size: 28
Beta values: [0.1, 0.10279944599549397, 0.10567726096980483, 0.10863563882017176, 0.11167683486080235, 0.11480316754220751, 0.1180170202186681, 0.1213208429651809, 0.12471715444526921, 0.12820854383108135, 0.1317976727772417, 0.13548727744995842, 0.13928017061293513, 0.14317924377167612, 0.14718746937782085, 0.15130790309518719, 0.15554368612925135, 0.15989804762184037, 0.16437430711286308, 0.16897587707095507, 0.17370626549496876, 0.1785690785882898, 0.18356802350802015, 0.1887069111911229, 0.19398965925968314, 0.19942029500750083, 0.20500295847029057, 0.21074190558183128, 0.21664151141846955, 0.22270627353445155, 0.22894081539062563, 0.23534988987912978, 0.2419383829467506, 0.24871131731971624, 0.25567385633276335, 0.26283130786539594, 0.2701891283883382, 0.27775292712326566, 0.2855284703189852, 0.2935216856473252, 0.3017386667220857, 0.3101856777444941, 0.3188691582787082, 0.3277957281610069, 0.3369721925464105, 0.3464055470965792, 0.3561029833129435, 0.36607189401913226, 0.3763198789968798, 0.3868547507797058, 0.39768454060878644, 0.4088175045555577, 0.4202621298157168, 0.4320271411794205, 0.4441215076826148, 0.4565544494445634, 0.46933544469678873, 0.48247423700878694, 0.49598084271601944, 0.5098655585558504, 0.5241389695172453, 0.5388119569102191, 0.553895706661185, 0.5694017178405246, 0.5853418114288852, 0.601728139328883, 0.6185731936290858, 0.6358898161273345, 0.6536912081206652, 0.6719909404692954, 0.6908029639423454, 0.710141619853183, 0.730021650992499, 0.7504582128674476, 0.7714668852554213, 0.7930636840812662, 0.815265073626996, 0.8380879790833082, 0.8615497994524721, 0.885668420812431, 0.9104622299522194, 0.9359501283891019, 0.9621515467781114, 0.9890864597249744, 1.0167754010137187, 1.045239479260565, 1.0745003940060471, 1.1045804522576164, 1.1355025854953513, 1.1672903671537318, 1.1999680305928035, 1.2335604875724422, 1.2680933472437848, 1.3035929356723266, 1.3400863159075478, 1.3776013086143843, 1.4161665132822627, 1.4558113300278694, 1.4965659820082826, 1.5384615384615383]
Copies: 600
Move type: l chain flip
----------------------------------
Finished copy 1 at 2025-05-29T12:13:10.616
Finished copy 301 at 2025-05-29T12:13:10.804
Finished copy 501 at 2025-05-29T12:13:11.006
Finished copy 201 at 2025-05-29T12:13:11.391
Finished copy 401 at 2025-05-29T12:13:13.841
Finished copy 101 at 2025-05-29T12:13:14.216
Finished copy 2 at 2025-05-29T12:13:14.358
Finished copy 302 at 2025-05-29T12:13:14.653
Finished copy 502 at 2025-05-29T12:13:15.019
Finished copy 202 at 2025-05-29T12:13:15.924
Finished copy 3 at 2025-05-29T12:13:17.919
Finished copy 303 at 2025-05-29T12:13:18.641
Finished copy 503 at 2025-05-29T12:13:19.153
Finished copy 203 at 2025-05-29T12:13:20.162
Finished copy 402 at 2025-05-29T12:13:20.466
Finished copy 102 at 2025-05-29T12:13:21.107
Finished copy 4 at 2025-05-29T12:13:21.853
Finished copy 304 at 2025-05-29T12:13:22.449
Finished copy 504 at 2025-05-29T12:13:22.980
Finished copy 204 at 2025-05-29T12:13:24.957
Finished copy 5 at 2025-05-29T12:13:25.818
Finished copy 305 at 2025-05-29T12:13:26.399
Finished copy 505 at 2025-05-29T12:13:27.270
Finished copy 103 at 2025-05-29T12:13:27.819
Finished copy 403 at 2025-05-29T12:13:28.160
Finished copy 205 at 2025-05-29T12:13:28.962
Finished copy 6 at 2025-05-29T12:13:29.732
Finished copy 306 at 2025-05-29T12:13:29.802
Finished copy 506 at 2025-05-29T12:13:31.209
Finished copy 206 at 2025-05-29T12:13:33.175
Finished copy 307 at 2025-05-29T12:13:33.564
Finished copy 7 at 2025-05-29T12:13:33.631
Finished copy 104 at 2025-05-29T12:13:34.384
Finished copy 404 at 2025-05-29T12:13:34.818
Finished copy 507 at 2025-05-29T12:13:34.953
Finished copy 207 at 2025-05-29T12:13:37.608
Finished copy 308 at 2025-05-29T12:13:37.639
Finished copy 8 at 2025-05-29T12:13:37.773
Finished copy 508 at 2025-05-29T12:13:38.804
Finished copy 105 at 2025-05-29T12:13:40.875
Finished copy 309 at 2025-05-29T12:13:41.554
Finished copy 9 at 2025-05-29T12:13:41.622
Finished copy 208 at 2025-05-29T12:13:42.351
Finished copy 405 at 2025-05-29T12:13:42.355
Finished copy 509 at 2025-05-29T12:13:42.487
Finished copy 310 at 2025-05-29T12:13:45.696
Finished copy 10 at 2025-05-29T12:13:45.736
Finished copy 510 at 2025-05-29T12:13:46.413
Finished copy 209 at 2025-05-29T12:13:47.056
Finished copy 106 at 2025-05-29T12:13:47.708
Finished copy 406 at 2025-05-29T12:13:48.788
Finished copy 311 at 2025-05-29T12:13:49.827
Finished copy 11 at 2025-05-29T12:13:49.856
Finished copy 511 at 2025-05-29T12:13:50.193
Finished copy 210 at 2025-05-29T12:13:51.350
Finished copy 312 at 2025-05-29T12:13:53.516
Finished copy 12 at 2025-05-29T12:13:53.976
Finished copy 512 at 2025-05-29T12:13:54.324
Finished copy 107 at 2025-05-29T12:13:54.385
Finished copy 407 at 2025-05-29T12:13:55.894
Finished copy 211 at 2025-05-29T12:13:56.125
Finished copy 313 at 2025-05-29T12:13:57.184
Finished copy 13 at 2025-05-29T12:13:57.984
Finished copy 513 at 2025-05-29T12:13:58.195
Finished copy 212 at 2025-05-29T12:14:00.353
Finished copy 314 at 2025-05-29T12:14:00.581
Finished copy 14 at 2025-05-29T12:14:01.809
Finished copy 108 at 2025-05-29T12:14:02.072
Finished copy 514 at 2025-05-29T12:14:02.140
Finished copy 408 at 2025-05-29T12:14:02.608
Finished copy 315 at 2025-05-29T12:14:04.286
Finished copy 213 at 2025-05-29T12:14:05.211
Finished copy 515 at 2025-05-29T12:14:05.501
Finished copy 15 at 2025-05-29T12:14:05.539
Finished copy 316 at 2025-05-29T12:14:08.081
Finished copy 109 at 2025-05-29T12:14:08.380
Finished copy 409 at 2025-05-29T12:14:09.185
Finished copy 16 at 2025-05-29T12:14:09.331
Finished copy 516 at 2025-05-29T12:14:09.633
Finished copy 214 at 2025-05-29T12:14:09.756
Finished copy 317 at 2025-05-29T12:14:11.818
Finished copy 17 at 2025-05-29T12:14:13.195
Finished copy 215 at 2025-05-29T12:14:13.571
Finished copy 517 at 2025-05-29T12:14:13.881
Finished copy 110 at 2025-05-29T12:14:14.790
Finished copy 318 at 2025-05-29T12:14:15.391
Finished copy 410 at 2025-05-29T12:14:16.027
Finished copy 18 at 2025-05-29T12:14:16.995
Finished copy 518 at 2025-05-29T12:14:17.912
Finished copy 216 at 2025-05-29T12:14:18.012
Finished copy 319 at 2025-05-29T12:14:19.550
Finished copy 19 at 2025-05-29T12:14:20.536
Finished copy 519 at 2025-05-29T12:14:21.779
Finished copy 111 at 2025-05-29T12:14:21.847
Finished copy 217 at 2025-05-29T12:14:22.323
Finished copy 411 at 2025-05-29T12:14:23.221
Finished copy 320 at 2025-05-29T12:14:23.293
Finished copy 20 at 2025-05-29T12:14:24.606
Finished copy 520 at 2025-05-29T12:14:26.188
Finished copy 218 at 2025-05-29T12:14:26.425
Finished copy 321 at 2025-05-29T12:14:27.231
Finished copy 112 at 2025-05-29T12:14:28.883
Finished copy 21 at 2025-05-29T12:14:29.111
Finished copy 412 at 2025-05-29T12:14:29.425
Finished copy 521 at 2025-05-29T12:14:29.826
Finished copy 219 at 2025-05-29T12:14:30.633
Finished copy 322 at 2025-05-29T12:14:31.198
Finished copy 22 at 2025-05-29T12:14:33.086
Finished copy 522 at 2025-05-29T12:14:33.723
Finished copy 323 at 2025-05-29T12:14:35.124
Finished copy 220 at 2025-05-29T12:14:35.128
Finished copy 113 at 2025-05-29T12:14:35.935
Finished copy 413 at 2025-05-29T12:14:36.479
Finished copy 23 at 2025-05-29T12:14:36.956
Finished copy 523 at 2025-05-29T12:14:37.420
Finished copy 324 at 2025-05-29T12:14:38.961
Finished copy 221 at 2025-05-29T12:14:39.500
Finished copy 24 at 2025-05-29T12:14:41.049
Finished copy 524 at 2025-05-29T12:14:41.467
Finished copy 114 at 2025-05-29T12:14:42.894
Finished copy 325 at 2025-05-29T12:14:43.129
Finished copy 414 at 2025-05-29T12:14:43.158
Finished copy 222 at 2025-05-29T12:14:43.946
Finished copy 25 at 2025-05-29T12:14:44.988
Finished copy 525 at 2025-05-29T12:14:45.121
Finished copy 326 at 2025-05-29T12:14:47.019
Finished copy 26 at 2025-05-29T12:14:48.947
Finished copy 223 at 2025-05-29T12:14:49.013
Finished copy 526 at 2025-05-29T12:14:49.085
Finished copy 115 at 2025-05-29T12:14:49.316
Finished copy 415 at 2025-05-29T12:14:50.041
Finished copy 327 at 2025-05-29T12:14:50.673
Finished copy 527 at 2025-05-29T12:14:52.660
Finished copy 27 at 2025-05-29T12:14:52.750
Finished copy 224 at 2025-05-29T12:14:53.356
Finished copy 328 at 2025-05-29T12:14:54.222
Finished copy 416 at 2025-05-29T12:14:56.441
Finished copy 528 at 2025-05-29T12:14:56.573
Finished copy 116 at 2025-05-29T12:14:56.637
Finished copy 28 at 2025-05-29T12:14:56.797
Finished copy 329 at 2025-05-29T12:14:57.871
Finished copy 225 at 2025-05-29T12:14:59.710
Finished copy 529 at 2025-05-29T12:15:00.020
Finished copy 29 at 2025-05-29T12:15:00.830
Finished copy 330 at 2025-05-29T12:15:01.616
Finished copy 117 at 2025-05-29T12:15:03.478
Finished copy 417 at 2025-05-29T12:15:03.697
Finished copy 530 at 2025-05-29T12:15:03.730
Finished copy 30 at 2025-05-29T12:15:04.338
Finished copy 331 at 2025-05-29T12:15:05.364
Finished copy 226 at 2025-05-29T12:15:06.788
Finished copy 531 at 2025-05-29T12:15:07.172
Finished copy 31 at 2025-05-29T12:15:07.800
Finished copy 332 at 2025-05-29T12:15:08.956
Finished copy 418 at 2025-05-29T12:15:09.909
Finished copy 118 at 2025-05-29T12:15:10.647
Finished copy 532 at 2025-05-29T12:15:11.008
Finished copy 32 at 2025-05-29T12:15:11.857
Finished copy 333 at 2025-05-29T12:15:12.336
Finished copy 227 at 2025-05-29T12:15:13.763
Finished copy 533 at 2025-05-29T12:15:14.658
Finished copy 33 at 2025-05-29T12:15:15.695
Finished copy 334 at 2025-05-29T12:15:15.925
Finished copy 419 at 2025-05-29T12:15:16.567
Finished copy 119 at 2025-05-29T12:15:17.647
Finished copy 534 at 2025-05-29T12:15:18.057
Finished copy 34 at 2025-05-29T12:15:19.511
Finished copy 335 at 2025-05-29T12:15:19.541
Finished copy 228 at 2025-05-29T12:15:20.482
Finished copy 535 at 2025-05-29T12:15:21.757
Finished copy 336 at 2025-05-29T12:15:22.783
Finished copy 35 at 2025-05-29T12:15:23.513
Finished copy 420 at 2025-05-29T12:15:23.645
Finished copy 120 at 2025-05-29T12:15:24.024
Finished copy 536 at 2025-05-29T12:15:25.382
Finished copy 337 at 2025-05-29T12:15:26.886
Finished copy 229 at 2025-05-29T12:15:27.160
Finished copy 36 at 2025-05-29T12:15:27.393
Finished copy 537 at 2025-05-29T12:15:29.247
Finished copy 338 at 2025-05-29T12:15:30.181
Finished copy 421 at 2025-05-29T12:15:30.403
Finished copy 121 at 2025-05-29T12:15:30.757
Finished copy 37 at 2025-05-29T12:15:31.008
Finished copy 538 at 2025-05-29T12:15:32.548
Finished copy 230 at 2025-05-29T12:15:33.726
Finished copy 339 at 2025-05-29T12:15:34.002
Finished copy 38 at 2025-05-29T12:15:34.782
Finished copy 539 at 2025-05-29T12:15:35.894
Finished copy 422 at 2025-05-29T12:15:36.926
Finished copy 122 at 2025-05-29T12:15:37.859
Finished copy 340 at 2025-05-29T12:15:38.047
Finished copy 39 at 2025-05-29T12:15:38.371
Finished copy 540 at 2025-05-29T12:15:39.483
Finished copy 231 at 2025-05-29T12:15:41.315
Finished copy 341 at 2025-05-29T12:15:41.477
Finished copy 40 at 2025-05-29T12:15:42.160
Finished copy 541 at 2025-05-29T12:15:43.209
Finished copy 423 at 2025-05-29T12:15:43.339
Finished copy 123 at 2025-05-29T12:15:44.908
Finished copy 342 at 2025-05-29T12:15:45.098
Finished copy 41 at 2025-05-29T12:15:45.860
Finished copy 542 at 2025-05-29T12:15:47.084
Finished copy 232 at 2025-05-29T12:15:47.700
Finished copy 343 at 2025-05-29T12:15:48.437
Finished copy 424 at 2025-05-29T12:15:49.449
Finished copy 42 at 2025-05-29T12:15:49.454
Finished copy 543 at 2025-05-29T12:15:50.672
Finished copy 124 at 2025-05-29T12:15:51.683
Finished copy 344 at 2025-05-29T12:15:51.841
Finished copy 43 at 2025-05-29T12:15:52.825
Finished copy 544 at 2025-05-29T12:15:54.344
Finished copy 233 at 2025-05-29T12:15:54.808
Finished copy 345 at 2025-05-29T12:15:55.519
Finished copy 425 at 2025-05-29T12:15:56.039
Finished copy 44 at 2025-05-29T12:15:56.831
Finished copy 545 at 2025-05-29T12:15:57.758
Finished copy 125 at 2025-05-29T12:15:58.935
Finished copy 346 at 2025-05-29T12:15:59.646
Finished copy 45 at 2025-05-29T12:16:00.599
Finished copy 546 at 2025-05-29T12:16:01.534
Finished copy 426 at 2025-05-29T12:16:02.084
Finished copy 234 at 2025-05-29T12:16:02.176
Finished copy 347 at 2025-05-29T12:16:03.428
Finished copy 46 at 2025-05-29T12:16:04.005
Finished copy 547 at 2025-05-29T12:16:05.318
Finished copy 126 at 2025-05-29T12:16:05.437
Finished copy 348 at 2025-05-29T12:16:07.077
Finished copy 47 at 2025-05-29T12:16:07.578
Finished copy 427 at 2025-05-29T12:16:08.173
Finished copy 548 at 2025-05-29T12:16:09.091
Finished copy 235 at 2025-05-29T12:16:09.776
Finished copy 349 at 2025-05-29T12:16:10.725
Finished copy 48 at 2025-05-29T12:16:11.070
Finished copy 127 at 2025-05-29T12:16:12.065
Finished copy 549 at 2025-05-29T12:16:12.612
Finished copy 350 at 2025-05-29T12:16:14.098
Finished copy 49 at 2025-05-29T12:16:14.852
Finished copy 428 at 2025-05-29T12:16:15.045
Finished copy 550 at 2025-05-29T12:16:16.307
Finished copy 236 at 2025-05-29T12:16:17.486
Finished copy 351 at 2025-05-29T12:16:17.751
Finished copy 50 at 2025-05-29T12:16:18.568
Finished copy 128 at 2025-05-29T12:16:19.050
Finished copy 551 at 2025-05-29T12:16:20.276
Finished copy 352 at 2025-05-29T12:16:21.680
Finished copy 429 at 2025-05-29T12:16:22.017
Finished copy 51 at 2025-05-29T12:16:22.080
Finished copy 552 at 2025-05-29T12:16:24.333
Finished copy 237 at 2025-05-29T12:16:24.631
Finished copy 353 at 2025-05-29T12:16:25.037
Finished copy 129 at 2025-05-29T12:16:25.455
Finished copy 52 at 2025-05-29T12:16:25.670
Finished copy 553 at 2025-05-29T12:16:28.093
Finished copy 430 at 2025-05-29T12:16:28.417
Finished copy 354 at 2025-05-29T12:16:28.759
Finished copy 53 at 2025-05-29T12:16:29.246
Finished copy 238 at 2025-05-29T12:16:31.342
Finished copy 130 at 2025-05-29T12:16:31.724
Finished copy 554 at 2025-05-29T12:16:32.023
Finished copy 355 at 2025-05-29T12:16:32.446
Finished copy 431 at 2025-05-29T12:16:32.730
Finished copy 54 at 2025-05-29T12:16:34.168
Finished copy 555 at 2025-05-29T12:16:35.587
Finished copy 356 at 2025-05-29T12:16:36.312
Finished copy 432 at 2025-05-29T12:16:36.722
Finished copy 55 at 2025-05-29T12:16:38.273
Finished copy 131 at 2025-05-29T12:16:38.375
Finished copy 239 at 2025-05-29T12:16:38.846
Finished copy 556 at 2025-05-29T12:16:39.258
Finished copy 357 at 2025-05-29T12:16:39.889
Finished copy 433 at 2025-05-29T12:16:40.193
Finished copy 56 at 2025-05-29T12:16:42.168
Finished copy 557 at 2025-05-29T12:16:43.039
Finished copy 358 at 2025-05-29T12:16:43.753
Finished copy 434 at 2025-05-29T12:16:44.256
Finished copy 132 at 2025-05-29T12:16:45.631
Finished copy 57 at 2025-05-29T12:16:46.061
Finished copy 240 at 2025-05-29T12:16:46.510
Finished copy 558 at 2025-05-29T12:16:47.214
Finished copy 359 at 2025-05-29T12:16:48.137
Finished copy 435 at 2025-05-29T12:16:48.167
Finished copy 58 at 2025-05-29T12:16:49.765
Finished copy 559 at 2025-05-29T12:16:51.463
Finished copy 360 at 2025-05-29T12:16:51.886
Finished copy 436 at 2025-05-29T12:16:52.165
Finished copy 133 at 2025-05-29T12:16:52.949
Finished copy 59 at 2025-05-29T12:16:53.161
Finished copy 241 at 2025-05-29T12:16:53.777
Finished copy 361 at 2025-05-29T12:16:55.437
Finished copy 437 at 2025-05-29T12:16:55.462
Finished copy 60 at 2025-05-29T12:16:56.543
Finished copy 560 at 2025-05-29T12:16:58.425
Finished copy 438 at 2025-05-29T12:16:58.950
Finished copy 134 at 2025-05-29T12:16:59.623
Finished copy 362 at 2025-05-29T12:16:59.653
Finished copy 61 at 2025-05-29T12:16:59.912
Finished copy 242 at 2025-05-29T12:17:00.310
Finished copy 439 at 2025-05-29T12:17:02.477
Finished copy 363 at 2025-05-29T12:17:03.277
Finished copy 62 at 2025-05-29T12:17:03.911
Finished copy 561 at 2025-05-29T12:17:05.576
Finished copy 135 at 2025-05-29T12:17:05.802
Finished copy 440 at 2025-05-29T12:17:06.183
Finished copy 243 at 2025-05-29T12:17:07.050
Finished copy 364 at 2025-05-29T12:17:07.089
Finished copy 63 at 2025-05-29T12:17:07.679
Finished copy 441 at 2025-05-29T12:17:09.761
Finished copy 365 at 2025-05-29T12:17:11.175
Finished copy 64 at 2025-05-29T12:17:11.366
Finished copy 562 at 2025-05-29T12:17:12.142
Finished copy 136 at 2025-05-29T12:17:12.331
Finished copy 442 at 2025-05-29T12:17:13.494
Finished copy 244 at 2025-05-29T12:17:14.214
Finished copy 366 at 2025-05-29T12:17:14.588
Finished copy 65 at 2025-05-29T12:17:15.521
Finished copy 443 at 2025-05-29T12:17:17.489
Finished copy 367 at 2025-05-29T12:17:17.913
Finished copy 563 at 2025-05-29T12:17:18.203
Finished copy 137 at 2025-05-29T12:17:18.529
Finished copy 66 at 2025-05-29T12:17:19.611
Finished copy 444 at 2025-05-29T12:17:21.025
Finished copy 245 at 2025-05-29T12:17:21.766
Finished copy 368 at 2025-05-29T12:17:21.773
Finished copy 67 at 2025-05-29T12:17:22.987
Finished copy 138 at 2025-05-29T12:17:24.569
Finished copy 564 at 2025-05-29T12:17:24.643
Finished copy 445 at 2025-05-29T12:17:24.759
Finished copy 369 at 2025-05-29T12:17:25.109
Finished copy 68 at 2025-05-29T12:17:26.557
Finished copy 246 at 2025-05-29T12:17:28.389
Finished copy 370 at 2025-05-29T12:17:28.566
Finished copy 446 at 2025-05-29T12:17:28.786
Finished copy 69 at 2025-05-29T12:17:30.228
Finished copy 139 at 2025-05-29T12:17:31.559
Finished copy 565 at 2025-05-29T12:17:31.997
Finished copy 371 at 2025-05-29T12:17:32.090
Finished copy 447 at 2025-05-29T12:17:32.320
Finished copy 70 at 2025-05-29T12:17:33.880
Finished copy 372 at 2025-05-29T12:17:35.462
Finished copy 247 at 2025-05-29T12:17:35.701
Finished copy 448 at 2025-05-29T12:17:36.275
Finished copy 71 at 2025-05-29T12:17:37.221
Finished copy 140 at 2025-05-29T12:17:38.297
Finished copy 566 at 2025-05-29T12:17:38.511
Finished copy 373 at 2025-05-29T12:17:38.893
Finished copy 449 at 2025-05-29T12:17:40.127
Finished copy 72 at 2025-05-29T12:17:40.469
Finished copy 374 at 2025-05-29T12:17:42.546
Finished copy 450 at 2025-05-29T12:17:43.433
Finished copy 248 at 2025-05-29T12:17:43.598
Finished copy 73 at 2025-05-29T12:17:44.047
Finished copy 141 at 2025-05-29T12:17:44.987
Finished copy 567 at 2025-05-29T12:17:45.647
Finished copy 375 at 2025-05-29T12:17:46.411
Finished copy 451 at 2025-05-29T12:17:46.834
Finished copy 74 at 2025-05-29T12:17:47.882
Finished copy 376 at 2025-05-29T12:17:49.914
Finished copy 452 at 2025-05-29T12:17:50.876
Finished copy 75 at 2025-05-29T12:17:51.238
Finished copy 142 at 2025-05-29T12:17:51.458
Finished copy 249 at 2025-05-29T12:17:51.596
Finished copy 568 at 2025-05-29T12:17:52.142
Finished copy 377 at 2025-05-29T12:17:53.261
Finished copy 453 at 2025-05-29T12:17:54.737
Finished copy 76 at 2025-05-29T12:17:55.184
Finished copy 378 at 2025-05-29T12:17:56.885
Finished copy 143 at 2025-05-29T12:17:57.870
Finished copy 454 at 2025-05-29T12:17:58.372
Finished copy 77 at 2025-05-29T12:17:58.976
Finished copy 250 at 2025-05-29T12:17:59.243
Finished copy 569 at 2025-05-29T12:17:59.493
Finished copy 379 at 2025-05-29T12:18:00.233
Finished copy 455 at 2025-05-29T12:18:02.462
Finished copy 78 at 2025-05-29T12:18:02.771
Finished copy 380 at 2025-05-29T12:18:04.092
Finished copy 144 at 2025-05-29T12:18:04.288
Finished copy 456 at 2025-05-29T12:18:06.159
Finished copy 79 at 2025-05-29T12:18:06.347
Finished copy 251 at 2025-05-29T12:18:06.441
Finished copy 570 at 2025-05-29T12:18:06.570
Finished copy 381 at 2025-05-29T12:18:07.890
Finished copy 457 at 2025-05-29T12:18:09.830
Finished copy 80 at 2025-05-29T12:18:10.209
Finished copy 145 at 2025-05-29T12:18:10.304
Finished copy 382 at 2025-05-29T12:18:11.658
Finished copy 571 at 2025-05-29T12:18:13.127
Finished copy 252 at 2025-05-29T12:18:13.369
Finished copy 458 at 2025-05-29T12:18:13.702
Finished copy 81 at 2025-05-29T12:18:13.833
Finished copy 146 at 2025-05-29T12:18:14.368
Finished copy 383 at 2025-05-29T12:18:15.508
Finished copy 459 at 2025-05-29T12:18:17.198
Finished copy 82 at 2025-05-29T12:18:17.263
Finished copy 147 at 2025-05-29T12:18:18.005
Finished copy 384 at 2025-05-29T12:18:19.344
Finished copy 253 at 2025-05-29T12:18:20.093
Finished copy 572 at 2025-05-29T12:18:20.841
Finished copy 83 at 2025-05-29T12:18:20.862
Finished copy 460 at 2025-05-29T12:18:21.347
Finished copy 148 at 2025-05-29T12:18:21.922
Finished copy 385 at 2025-05-29T12:18:23.342
Finished copy 84 at 2025-05-29T12:18:24.879
Finished copy 461 at 2025-05-29T12:18:25.218
Finished copy 149 at 2025-05-29T12:18:25.897
Finished copy 386 at 2025-05-29T12:18:26.976
Finished copy 254 at 2025-05-29T12:18:27.302
Finished copy 573 at 2025-05-29T12:18:27.978
Finished copy 85 at 2025-05-29T12:18:28.438
Finished copy 462 at 2025-05-29T12:18:29.211
Finished copy 387 at 2025-05-29T12:18:30.895
Finished copy 150 at 2025-05-29T12:18:31.839
Finished copy 86 at 2025-05-29T12:18:32.201
Finished copy 463 at 2025-05-29T12:18:32.912
Finished copy 388 at 2025-05-29T12:18:34.745
Finished copy 574 at 2025-05-29T12:18:35.565
Finished copy 151 at 2025-05-29T12:18:35.595
Finished copy 255 at 2025-05-29T12:18:35.723
Finished copy 87 at 2025-05-29T12:18:35.863
Finished copy 464 at 2025-05-29T12:18:36.528
Finished copy 389 at 2025-05-29T12:18:38.381
Finished copy 152 at 2025-05-29T12:18:39.228
Finished copy 88 at 2025-05-29T12:18:39.598
Finished copy 465 at 2025-05-29T12:18:40.608
Finished copy 575 at 2025-05-29T12:18:41.788
Finished copy 390 at 2025-05-29T12:18:42.231
Finished copy 153 at 2025-05-29T12:18:43.088
Finished copy 256 at 2025-05-29T12:18:43.420
Finished copy 89 at 2025-05-29T12:18:43.658
Finished copy 466 at 2025-05-29T12:18:44.518
Finished copy 391 at 2025-05-29T12:18:46.320
Finished copy 154 at 2025-05-29T12:18:47.190
Finished copy 90 at 2025-05-29T12:18:47.232
Finished copy 576 at 2025-05-29T12:18:48.305
Finished copy 467 at 2025-05-29T12:18:48.601
Finished copy 392 at 2025-05-29T12:18:49.921
Finished copy 91 at 2025-05-29T12:18:50.998
Finished copy 257 at 2025-05-29T12:18:51.028
Finished copy 155 at 2025-05-29T12:18:51.237
Finished copy 468 at 2025-05-29T12:18:52.335
Finished copy 393 at 2025-05-29T12:18:53.818
Finished copy 92 at 2025-05-29T12:18:54.590
Finished copy 156 at 2025-05-29T12:18:55.061
Finished copy 577 at 2025-05-29T12:18:55.727
Finished copy 469 at 2025-05-29T12:18:55.831
Finished copy 394 at 2025-05-29T12:18:57.320
Finished copy 93 at 2025-05-29T12:18:58.027
Finished copy 157 at 2025-05-29T12:18:58.564
Finished copy 258 at 2025-05-29T12:18:59.783
Finished copy 470 at 2025-05-29T12:19:00.215
Finished copy 395 at 2025-05-29T12:19:01.157
Finished copy 158 at 2025-05-29T12:19:02.180
Finished copy 578 at 2025-05-29T12:19:02.345
Finished copy 94 at 2025-05-29T12:19:02.443
Finished copy 471 at 2025-05-29T12:19:04.157
Finished copy 396 at 2025-05-29T12:19:04.873
Finished copy 95 at 2025-05-29T12:19:05.723
Finished copy 159 at 2025-05-29T12:19:06.048
Finished copy 259 at 2025-05-29T12:19:07.720
Finished copy 472 at 2025-05-29T12:19:08.011
Finished copy 579 at 2025-05-29T12:19:08.512
Finished copy 397 at 2025-05-29T12:19:08.930
Finished copy 96 at 2025-05-29T12:19:09.629
Finished copy 160 at 2025-05-29T12:19:09.971
Finished copy 473 at 2025-05-29T12:19:11.803
Finished copy 398 at 2025-05-29T12:19:12.651
Finished copy 97 at 2025-05-29T12:19:12.964
Finished copy 161 at 2025-05-29T12:19:13.707
Finished copy 580 at 2025-05-29T12:19:15.450
Finished copy 474 at 2025-05-29T12:19:16.253
Finished copy 399 at 2025-05-29T12:19:16.652
Finished copy 98 at 2025-05-29T12:19:16.861
Finished copy 260 at 2025-05-29T12:19:17.055
Finished copy 162 at 2025-05-29T12:19:17.358
Finished copy 475 at 2025-05-29T12:19:19.897
Finished copy 400 at 2025-05-29T12:19:20.371
Finished copy 163 at 2025-05-29T12:19:20.992
Finished copy 99 at 2025-05-29T12:19:21.068
Finished copy 581 at 2025-05-29T12:19:22.187
Finished copy 476 at 2025-05-29T12:19:23.317
Finished copy 100 at 2025-05-29T12:19:23.921
Finished copy 164 at 2025-05-29T12:19:24.244
Finished copy 261 at 2025-05-29T12:19:24.362
Finished copy 477 at 2025-05-29T12:19:26.861
Finished copy 165 at 2025-05-29T12:19:27.305
Finished copy 582 at 2025-05-29T12:19:27.836
Finished copy 262 at 2025-05-29T12:19:30.151
Finished copy 478 at 2025-05-29T12:19:30.374
Finished copy 166 at 2025-05-29T12:19:30.630
Finished copy 479 at 2025-05-29T12:19:33.499
Finished copy 167 at 2025-05-29T12:19:33.689
Finished copy 583 at 2025-05-29T12:19:34.218
Finished copy 263 at 2025-05-29T12:19:34.936
Finished copy 480 at 2025-05-29T12:19:36.394
Finished copy 168 at 2025-05-29T12:19:37.085
Finished copy 481 at 2025-05-29T12:19:39.554
Finished copy 584 at 2025-05-29T12:19:40.331
Finished copy 264 at 2025-05-29T12:19:40.386
Finished copy 169 at 2025-05-29T12:19:40.560
Finished copy 482 at 2025-05-29T12:19:42.661
Finished copy 170 at 2025-05-29T12:19:44.172
Finished copy 265 at 2025-05-29T12:19:45.013
Finished copy 483 at 2025-05-29T12:19:46.134
Finished copy 585 at 2025-05-29T12:19:46.918
Finished copy 171 at 2025-05-29T12:19:47.075
Finished copy 484 at 2025-05-29T12:19:49.377
Finished copy 172 at 2025-05-29T12:19:50.366
Finished copy 266 at 2025-05-29T12:19:51.555
Finished copy 485 at 2025-05-29T12:19:52.466
Finished copy 586 at 2025-05-29T12:19:53.278
Finished copy 173 at 2025-05-29T12:19:53.830
Finished copy 486 at 2025-05-29T12:19:56.018
Finished copy 174 at 2025-05-29T12:19:56.980
Finished copy 267 at 2025-05-29T12:19:57.941
Finished copy 487 at 2025-05-29T12:19:59.343
Finished copy 587 at 2025-05-29T12:19:59.849
Finished copy 175 at 2025-05-29T12:20:00.234
Finished copy 488 at 2025-05-29T12:20:02.331
Finished copy 176 at 2025-05-29T12:20:03.513
Finished copy 268 at 2025-05-29T12:20:04.227
Finished copy 489 at 2025-05-29T12:20:05.403
Finished copy 588 at 2025-05-29T12:20:05.468
Finished copy 177 at 2025-05-29T12:20:06.604
Finished copy 490 at 2025-05-29T12:20:08.708
Finished copy 269 at 2025-05-29T12:20:09.367
Finished copy 178 at 2025-05-29T12:20:09.877
Finished copy 491 at 2025-05-29T12:20:11.965
Finished copy 589 at 2025-05-29T12:20:12.037
Finished copy 179 at 2025-05-29T12:20:13.268
Finished copy 270 at 2025-05-29T12:20:14.747
Finished copy 492 at 2025-05-29T12:20:15.612
Finished copy 180 at 2025-05-29T12:20:16.480
Finished copy 590 at 2025-05-29T12:20:18.061
Finished copy 271 at 2025-05-29T12:20:18.448
Finished copy 493 at 2025-05-29T12:20:18.743
Finished copy 181 at 2025-05-29T12:20:19.453
Finished copy 494 at 2025-05-29T12:20:21.936
Finished copy 272 at 2025-05-29T12:20:21.984
Finished copy 182 at 2025-05-29T12:20:22.798
Finished copy 591 at 2025-05-29T12:20:24.115
Finished copy 495 at 2025-05-29T12:20:25.446
Finished copy 273 at 2025-05-29T12:20:25.623
Finished copy 183 at 2025-05-29T12:20:26.252
Finished copy 496 at 2025-05-29T12:20:28.887
Finished copy 274 at 2025-05-29T12:20:29.355
Finished copy 184 at 2025-05-29T12:20:29.526
Finished copy 592 at 2025-05-29T12:20:30.304
Finished copy 497 at 2025-05-29T12:20:31.846
Finished copy 185 at 2025-05-29T12:20:32.842
Finished copy 275 at 2025-05-29T12:20:33.016
Finished copy 498 at 2025-05-29T12:20:35.195
Finished copy 186 at 2025-05-29T12:20:36.366
Finished copy 593 at 2025-05-29T12:20:36.466
Finished copy 276 at 2025-05-29T12:20:36.550
Finished copy 499 at 2025-05-29T12:20:38.569
Finished copy 187 at 2025-05-29T12:20:40.087
Finished copy 277 at 2025-05-29T12:20:40.202
Finished copy 500 at 2025-05-29T12:20:41.816
Finished copy 594 at 2025-05-29T12:20:42.374
Finished copy 188 at 2025-05-29T12:20:43.431
Finished copy 278 at 2025-05-29T12:20:43.883
Finished copy 189 at 2025-05-29T12:20:46.400
Finished copy 595 at 2025-05-29T12:20:46.648
Finished copy 279 at 2025-05-29T12:20:47.324
Finished copy 190 at 2025-05-29T12:20:49.485
Finished copy 280 at 2025-05-29T12:20:50.238
Finished copy 596 at 2025-05-29T12:20:50.849
Finished copy 191 at 2025-05-29T12:20:52.347
Finished copy 281 at 2025-05-29T12:20:53.555
Finished copy 597 at 2025-05-29T12:20:55.447
Finished copy 192 at 2025-05-29T12:20:55.638
Finished copy 282 at 2025-05-29T12:20:56.916
Finished copy 193 at 2025-05-29T12:20:58.602
Finished copy 598 at 2025-05-29T12:20:58.907
Finished copy 283 at 2025-05-29T12:21:00.353
Finished copy 194 at 2025-05-29T12:21:01.440
Finished copy 599 at 2025-05-29T12:21:02.842
Finished copy 284 at 2025-05-29T12:21:03.312
Finished copy 195 at 2025-05-29T12:21:04.565
Finished copy 285 at 2025-05-29T12:21:06.527
Finished copy 600 at 2025-05-29T12:21:07.187
Finished copy 196 at 2025-05-29T12:21:07.657
Finished copy 286 at 2025-05-29T12:21:09.620
Finished copy 197 at 2025-05-29T12:21:10.481
Finished copy 287 at 2025-05-29T12:21:12.604
Finished copy 198 at 2025-05-29T12:21:13.501
Finished copy 288 at 2025-05-29T12:21:15.473
Finished copy 199 at 2025-05-29T12:21:16.178
Finished copy 200 at 2025-05-29T12:21:18.591
Finished copy 289 at 2025-05-29T12:21:18.622
Finished copy 290 at 2025-05-29T12:21:21.386
Finished copy 291 at 2025-05-29T12:21:23.966
Finished copy 292 at 2025-05-29T12:21:26.696
Finished copy 293 at 2025-05-29T12:21:29.499
Finished copy 294 at 2025-05-29T12:21:32.238
Finished copy 295 at 2025-05-29T12:21:34.895
Finished copy 296 at 2025-05-29T12:21:37.423
Finished copy 297 at 2025-05-29T12:21:39.893
Finished copy 298 at 2025-05-29T12:21:42.531
Finished copy 299 at 2025-05-29T12:21:45.052
Finished copy 300 at 2025-05-29T12:21:47.827
