Starting saddles simulation at 2025-05-29T11:06:27.783
Lattice size: 16
Beta values: [0.1, 0.10279944599549397, 0.10567726096980483, 0.10863563882017176, 0.11167683486080235, 0.11480316754220751, 0.1180170202186681, 0.1213208429651809, 0.12471715444526921, 0.12820854383108135, 0.1317976727772417, 0.13548727744995842, 0.13928017061293513, 0.14317924377167612, 0.14718746937782085, 0.15130790309518719, 0.15554368612925135, 0.15989804762184037, 0.16437430711286308, 0.16897587707095507, 0.17370626549496876, 0.1785690785882898, 0.18356802350802015, 0.1887069111911229, 0.19398965925968314, 0.19942029500750083, 0.20500295847029057, 0.21074190558183128, 0.21664151141846955, 0.22270627353445155, 0.22894081539062563, 0.23534988987912978, 0.2419383829467506, 0.24871131731971624, 0.25567385633276335, 0.26283130786539594, 0.2701891283883382, 0.27775292712326566, 0.2855284703189852, 0.2935216856473252, 0.3017386667220857, 0.3101856777444941, 0.3188691582787082, 0.3277957281610069, 0.3369721925464105, 0.3464055470965792, 0.3561029833129435, 0.36607189401913226, 0.3763198789968798, 0.3868547507797058, 0.39768454060878644, 0.4088175045555577, 0.4202621298157168, 0.4320271411794205, 0.4441215076826148, 0.4565544494445634, 0.46933544469678873, 0.48247423700878694, 0.49598084271601944, 0.5098655585558504, 0.5241389695172453, 0.5388119569102191, 0.553895706661185, 0.5694017178405246, 0.5853418114288852, 0.601728139328883, 0.6185731936290858, 0.6358898161273345, 0.6536912081206652, 0.6719909404692954, 0.6908029639423454, 0.710141619853183, 0.730021650992499, 0.7504582128674476, 0.7714668852554213, 0.7930636840812662, 0.815265073626996, 0.8380879790833082, 0.8615497994524721, 0.885668420812431, 0.9104622299522194, 0.9359501283891019, 0.9621515467781114, 0.9890864597249744, 1.0167754010137187, 1.045239479260565, 1.0745003940060471, 1.1045804522576164, 1.1355025854953513, 1.1672903671537318, 1.1999680305928035, 1.2335604875724422, 1.2680933472437848, 1.3035929356723266, 1.3400863159075478, 1.3776013086143843, 1.4161665132822627, 1.4558113300278694, 1.4965659820082826, 1.5384615384615383]
Copies: 600
Move type: l chain flip
----------------------------------
Finished copy 301 at 2025-05-29T11:06:29.510
Finished copy 501 at 2025-05-29T11:06:29.700
Finished copy 1 at 2025-05-29T11:06:29.878
Finished copy 101 at 2025-05-29T11:06:30.138
Finished copy 401 at 2025-05-29T11:06:30.208
Finished copy 201 at 2025-05-29T11:06:30.430
Finished copy 2 at 2025-05-29T11:06:31.527
Finished copy 502 at 2025-05-29T11:06:31.545
Finished copy 302 at 2025-05-29T11:06:31.583
Finished copy 102 at 2025-05-29T11:06:32.390
Finished copy 402 at 2025-05-29T11:06:32.674
Finished copy 503 at 2025-05-29T11:06:33.207
Finished copy 202 at 2025-05-29T11:06:33.448
Finished copy 303 at 2025-05-29T11:06:33.596
Finished copy 3 at 2025-05-29T11:06:33.607
Finished copy 103 at 2025-05-29T11:06:34.392
Finished copy 403 at 2025-05-29T11:06:34.635
Finished copy 504 at 2025-05-29T11:06:35.383
Finished copy 304 at 2025-05-29T11:06:35.577
Finished copy 4 at 2025-05-29T11:06:35.581
Finished copy 203 at 2025-05-29T11:06:36.181
Finished copy 104 at 2025-05-29T11:06:36.418
Finished copy 404 at 2025-05-29T11:06:36.692
Finished copy 505 at 2025-05-29T11:06:37.118
Finished copy 5 at 2025-05-29T11:06:37.464
Finished copy 305 at 2025-05-29T11:06:37.535
Finished copy 105 at 2025-05-29T11:06:38.245
Finished copy 405 at 2025-05-29T11:06:38.562
Finished copy 204 at 2025-05-29T11:06:38.818
Finished copy 506 at 2025-05-29T11:06:38.991
Finished copy 106 at 2025-05-29T11:06:39.696
Finished copy 306 at 2025-05-29T11:06:39.836
Finished copy 6 at 2025-05-29T11:06:40.314
Finished copy 406 at 2025-05-29T11:06:40.390
Finished copy 507 at 2025-05-29T11:06:40.554
Finished copy 205 at 2025-05-29T11:06:41.409
Finished copy 107 at 2025-05-29T11:06:41.437
Finished copy 508 at 2025-05-29T11:06:42.222
Finished copy 407 at 2025-05-29T11:06:42.424
Finished copy 307 at 2025-05-29T11:06:42.608
Finished copy 7 at 2025-05-29T11:06:42.681
Finished copy 108 at 2025-05-29T11:06:43.177
Finished copy 408 at 2025-05-29T11:06:44.097
Finished copy 509 at 2025-05-29T11:06:44.106
Finished copy 206 at 2025-05-29T11:06:44.314
Finished copy 8 at 2025-05-29T11:06:44.601
Finished copy 109 at 2025-05-29T11:06:44.992
Finished copy 308 at 2025-05-29T11:06:45.348
Finished copy 510 at 2025-05-29T11:06:45.956
Finished copy 409 at 2025-05-29T11:06:46.113
Finished copy 110 at 2025-05-29T11:06:46.617
Finished copy 9 at 2025-05-29T11:06:46.909
Finished copy 207 at 2025-05-29T11:06:47.055
Finished copy 511 at 2025-05-29T11:06:47.707
Finished copy 309 at 2025-05-29T11:06:47.993
Finished copy 410 at 2025-05-29T11:06:48.128
Finished copy 111 at 2025-05-29T11:06:48.184
Finished copy 10 at 2025-05-29T11:06:49.372
Finished copy 512 at 2025-05-29T11:06:49.581
Finished copy 112 at 2025-05-29T11:06:49.720
Finished copy 208 at 2025-05-29T11:06:49.866
Finished copy 411 at 2025-05-29T11:06:50.113
Finished copy 310 at 2025-05-29T11:06:50.818
Finished copy 113 at 2025-05-29T11:06:51.396
Finished copy 513 at 2025-05-29T11:06:51.474
Finished copy 11 at 2025-05-29T11:06:51.824
Finished copy 412 at 2025-05-29T11:06:51.961
Finished copy 209 at 2025-05-29T11:06:52.746
Finished copy 514 at 2025-05-29T11:06:53.123
Finished copy 114 at 2025-05-29T11:06:53.266
Finished copy 311 at 2025-05-29T11:06:53.700
Finished copy 413 at 2025-05-29T11:06:53.796
Finished copy 12 at 2025-05-29T11:06:54.446
Finished copy 515 at 2025-05-29T11:06:54.861
Finished copy 115 at 2025-05-29T11:06:55.177
Finished copy 210 at 2025-05-29T11:06:55.258
Finished copy 414 at 2025-05-29T11:06:55.346
Finished copy 13 at 2025-05-29T11:06:56.214
Finished copy 312 at 2025-05-29T11:06:56.357
Finished copy 516 at 2025-05-29T11:06:56.720
Finished copy 116 at 2025-05-29T11:06:56.797
Finished copy 415 at 2025-05-29T11:06:56.895
Finished copy 211 at 2025-05-29T11:06:57.594
Finished copy 117 at 2025-05-29T11:06:58.284
Finished copy 517 at 2025-05-29T11:06:58.464
Finished copy 14 at 2025-05-29T11:06:58.680
Finished copy 416 at 2025-05-29T11:06:58.811
Finished copy 313 at 2025-05-29T11:06:59.297
Finished copy 212 at 2025-05-29T11:06:59.997
Finished copy 118 at 2025-05-29T11:07:00.280
Finished copy 518 at 2025-05-29T11:07:00.309
Finished copy 417 at 2025-05-29T11:07:00.589
Finished copy 15 at 2025-05-29T11:07:01.721
Finished copy 119 at 2025-05-29T11:07:01.849
Finished copy 519 at 2025-05-29T11:07:01.998
Finished copy 314 at 2025-05-29T11:07:02.217
Finished copy 418 at 2025-05-29T11:07:02.363
Finished copy 213 at 2025-05-29T11:07:02.572
Finished copy 520 at 2025-05-29T11:07:03.608
Finished copy 120 at 2025-05-29T11:07:03.656
Finished copy 16 at 2025-05-29T11:07:03.892
Finished copy 419 at 2025-05-29T11:07:04.400
Finished copy 315 at 2025-05-29T11:07:04.822
Finished copy 121 at 2025-05-29T11:07:05.160
Finished copy 521 at 2025-05-29T11:07:05.265
Finished copy 214 at 2025-05-29T11:07:05.313
Finished copy 17 at 2025-05-29T11:07:05.804
Finished copy 420 at 2025-05-29T11:07:06.079
Finished copy 122 at 2025-05-29T11:07:06.648
Finished copy 522 at 2025-05-29T11:07:07.099
Finished copy 316 at 2025-05-29T11:07:07.584
Finished copy 421 at 2025-05-29T11:07:07.607
Finished copy 215 at 2025-05-29T11:07:08.037
Finished copy 18 at 2025-05-29T11:07:08.224
Finished copy 123 at 2025-05-29T11:07:08.330
Finished copy 523 at 2025-05-29T11:07:08.659
Finished copy 422 at 2025-05-29T11:07:09.302
Finished copy 124 at 2025-05-29T11:07:10.011
Finished copy 317 at 2025-05-29T11:07:10.147
Finished copy 19 at 2025-05-29T11:07:10.253
Finished copy 524 at 2025-05-29T11:07:10.479
Finished copy 216 at 2025-05-29T11:07:11.081
Finished copy 423 at 2025-05-29T11:07:11.124
Finished copy 125 at 2025-05-29T11:07:11.598
Finished copy 525 at 2025-05-29T11:07:12.013
Finished copy 20 at 2025-05-29T11:07:12.489
Finished copy 318 at 2025-05-29T11:07:12.631
Finished copy 424 at 2025-05-29T11:07:12.935
Finished copy 217 at 2025-05-29T11:07:13.118
Finished copy 126 at 2025-05-29T11:07:13.476
Finished copy 526 at 2025-05-29T11:07:13.680
Finished copy 21 at 2025-05-29T11:07:14.851
Finished copy 425 at 2025-05-29T11:07:14.862
Finished copy 127 at 2025-05-29T11:07:15.269
Finished copy 527 at 2025-05-29T11:07:15.355
Finished copy 218 at 2025-05-29T11:07:15.528
Finished copy 319 at 2025-05-29T11:07:15.878
Finished copy 426 at 2025-05-29T11:07:16.493
Finished copy 22 at 2025-05-29T11:07:16.900
Finished copy 128 at 2025-05-29T11:07:17.006
Finished copy 528 at 2025-05-29T11:07:17.193
Finished copy 427 at 2025-05-29T11:07:18.201
Finished copy 219 at 2025-05-29T11:07:18.605
Finished copy 320 at 2025-05-29T11:07:18.701
Finished copy 23 at 2025-05-29T11:07:18.712
Finished copy 129 at 2025-05-29T11:07:18.737
Finished copy 529 at 2025-05-29T11:07:19.239
Finished copy 428 at 2025-05-29T11:07:20.127
Finished copy 130 at 2025-05-29T11:07:20.525
Finished copy 24 at 2025-05-29T11:07:20.773
Finished copy 321 at 2025-05-29T11:07:21.252
Finished copy 530 at 2025-05-29T11:07:21.266
Finished copy 220 at 2025-05-29T11:07:21.602
Finished copy 429 at 2025-05-29T11:07:22.051
Finished copy 25 at 2025-05-29T11:07:22.441
Finished copy 131 at 2025-05-29T11:07:22.470
Finished copy 531 at 2025-05-29T11:07:22.920
Finished copy 430 at 2025-05-29T11:07:23.812
Finished copy 26 at 2025-05-29T11:07:23.994
Finished copy 322 at 2025-05-29T11:07:24.042
Finished copy 132 at 2025-05-29T11:07:24.178
Finished copy 532 at 2025-05-29T11:07:24.796
Finished copy 221 at 2025-05-29T11:07:25.205
Finished copy 431 at 2025-05-29T11:07:25.639
Finished copy 133 at 2025-05-29T11:07:26.039
Finished copy 27 at 2025-05-29T11:07:26.063
Finished copy 533 at 2025-05-29T11:07:26.506
Finished copy 323 at 2025-05-29T11:07:27.095
Finished copy 432 at 2025-05-29T11:07:27.408
Finished copy 134 at 2025-05-29T11:07:27.779
Finished copy 28 at 2025-05-29T11:07:27.870
Finished copy 222 at 2025-05-29T11:07:27.904
Finished copy 534 at 2025-05-29T11:07:28.062
Finished copy 433 at 2025-05-29T11:07:29.228
Finished copy 135 at 2025-05-29T11:07:29.367
Finished copy 29 at 2025-05-29T11:07:29.651
Finished copy 535 at 2025-05-29T11:07:30.049
Finished copy 223 at 2025-05-29T11:07:30.273
Finished copy 324 at 2025-05-29T11:07:30.342
Finished copy 136 at 2025-05-29T11:07:31.028
Finished copy 434 at 2025-05-29T11:07:31.098
Finished copy 30 at 2025-05-29T11:07:31.286
Finished copy 536 at 2025-05-29T11:07:31.789
Finished copy 137 at 2025-05-29T11:07:32.594
Finished copy 435 at 2025-05-29T11:07:32.758
Finished copy 31 at 2025-05-29T11:07:32.903
Finished copy 224 at 2025-05-29T11:07:33.163
Finished copy 325 at 2025-05-29T11:07:33.319
Finished copy 537 at 2025-05-29T11:07:33.565
Finished copy 138 at 2025-05-29T11:07:34.174
Finished copy 32 at 2025-05-29T11:07:34.544
Finished copy 436 at 2025-05-29T11:07:34.611
Finished copy 538 at 2025-05-29T11:07:35.265
Finished copy 139 at 2025-05-29T11:07:35.956
Finished copy 225 at 2025-05-29T11:07:36.071
Finished copy 326 at 2025-05-29T11:07:36.156
Finished copy 33 at 2025-05-29T11:07:36.340
Finished copy 437 at 2025-05-29T11:07:36.409
Finished copy 539 at 2025-05-29T11:07:36.984
Finished copy 140 at 2025-05-29T11:07:37.580
Finished copy 34 at 2025-05-29T11:07:38.033
Finished copy 438 at 2025-05-29T11:07:38.088
Finished copy 327 at 2025-05-29T11:07:38.466
Finished copy 540 at 2025-05-29T11:07:38.719
Finished copy 226 at 2025-05-29T11:07:38.876
Finished copy 141 at 2025-05-29T11:07:39.361
Finished copy 35 at 2025-05-29T11:07:39.798
Finished copy 439 at 2025-05-29T11:07:40.098
Finished copy 541 at 2025-05-29T11:07:40.386
Finished copy 142 at 2025-05-29T11:07:41.292
Finished copy 328 at 2025-05-29T11:07:41.690
Finished copy 36 at 2025-05-29T11:07:41.721
Finished copy 227 at 2025-05-29T11:07:41.831
Finished copy 440 at 2025-05-29T11:07:41.971
Finished copy 542 at 2025-05-29T11:07:42.235
Finished copy 143 at 2025-05-29T11:07:42.926
Finished copy 441 at 2025-05-29T11:07:43.808
Finished copy 543 at 2025-05-29T11:07:43.845
Finished copy 329 at 2025-05-29T11:07:44.077
Finished copy 228 at 2025-05-29T11:07:44.229
Finished copy 37 at 2025-05-29T11:07:44.357
Finished copy 144 at 2025-05-29T11:07:44.757
Finished copy 544 at 2025-05-29T11:07:45.587
Finished copy 442 at 2025-05-29T11:07:45.682
Finished copy 145 at 2025-05-29T11:07:46.393
Finished copy 330 at 2025-05-29T11:07:46.528
Finished copy 229 at 2025-05-29T11:07:46.908
Finished copy 545 at 2025-05-29T11:07:47.107
Finished copy 443 at 2025-05-29T11:07:47.382
Finished copy 38 at 2025-05-29T11:07:47.450
Finished copy 146 at 2025-05-29T11:07:48.094
Finished copy 546 at 2025-05-29T11:07:48.769
Finished copy 444 at 2025-05-29T11:07:48.975
Finished copy 331 at 2025-05-29T11:07:49.102
Finished copy 147 at 2025-05-29T11:07:49.786
Finished copy 230 at 2025-05-29T11:07:49.969
Finished copy 39 at 2025-05-29T11:07:50.392
Finished copy 547 at 2025-05-29T11:07:50.761
Finished copy 445 at 2025-05-29T11:07:50.768
Finished copy 148 at 2025-05-29T11:07:51.283
Finished copy 332 at 2025-05-29T11:07:51.340
Finished copy 446 at 2025-05-29T11:07:52.284
Finished copy 231 at 2025-05-29T11:07:52.456
Finished copy 548 at 2025-05-29T11:07:52.522
Finished copy 40 at 2025-05-29T11:07:52.733
Finished copy 149 at 2025-05-29T11:07:52.862
Finished copy 333 at 2025-05-29T11:07:53.941
Finished copy 549 at 2025-05-29T11:07:54.109
Finished copy 447 at 2025-05-29T11:07:54.285
Finished copy 150 at 2025-05-29T11:07:54.860
Finished copy 232 at 2025-05-29T11:07:55.341
Finished copy 41 at 2025-05-29T11:07:55.379
Finished copy 550 at 2025-05-29T11:07:55.885
Finished copy 448 at 2025-05-29T11:07:55.985
Finished copy 334 at 2025-05-29T11:07:56.421
Finished copy 151 at 2025-05-29T11:07:56.624
Finished copy 42 at 2025-05-29T11:07:57.356
Finished copy 551 at 2025-05-29T11:07:57.663
Finished copy 449 at 2025-05-29T11:07:57.877
Finished copy 233 at 2025-05-29T11:07:58.245
Finished copy 152 at 2025-05-29T11:07:58.322
Finished copy 335 at 2025-05-29T11:07:58.732
Finished copy 552 at 2025-05-29T11:07:59.310
Finished copy 43 at 2025-05-29T11:07:59.557
Finished copy 450 at 2025-05-29T11:07:59.828
Finished copy 153 at 2025-05-29T11:07:59.968
Finished copy 234 at 2025-05-29T11:08:00.698
Finished copy 553 at 2025-05-29T11:08:01.143
Finished copy 336 at 2025-05-29T11:08:01.490
Finished copy 451 at 2025-05-29T11:08:01.625
Finished copy 154 at 2025-05-29T11:08:01.652
Finished copy 44 at 2025-05-29T11:08:01.759
Finished copy 554 at 2025-05-29T11:08:02.787
Finished copy 235 at 2025-05-29T11:08:03.032
Finished copy 155 at 2025-05-29T11:08:03.096
Finished copy 452 at 2025-05-29T11:08:03.518
Finished copy 337 at 2025-05-29T11:08:03.586
Finished copy 555 at 2025-05-29T11:08:04.568
Finished copy 45 at 2025-05-29T11:08:04.586
Finished copy 156 at 2025-05-29T11:08:04.779
Finished copy 453 at 2025-05-29T11:08:05.181
Finished copy 338 at 2025-05-29T11:08:05.836
Finished copy 236 at 2025-05-29T11:08:06.163
Finished copy 556 at 2025-05-29T11:08:06.404
Finished copy 157 at 2025-05-29T11:08:06.480
Finished copy 454 at 2025-05-29T11:08:07.122
Finished copy 46 at 2025-05-29T11:08:07.490
Finished copy 339 at 2025-05-29T11:08:07.740
Finished copy 158 at 2025-05-29T11:08:08.179
Finished copy 557 at 2025-05-29T11:08:08.213
Finished copy 455 at 2025-05-29T11:08:09.314
Finished copy 237 at 2025-05-29T11:08:09.437
Finished copy 47 at 2025-05-29T11:08:09.575
Finished copy 340 at 2025-05-29T11:08:09.693
Finished copy 159 at 2025-05-29T11:08:10.008
Finished copy 558 at 2025-05-29T11:08:10.119
Finished copy 456 at 2025-05-29T11:08:11.098
Finished copy 341 at 2025-05-29T11:08:11.451
Finished copy 160 at 2025-05-29T11:08:11.895
Finished copy 559 at 2025-05-29T11:08:12.031
Finished copy 238 at 2025-05-29T11:08:12.181
Finished copy 48 at 2025-05-29T11:08:12.293
Finished copy 457 at 2025-05-29T11:08:12.911
Finished copy 342 at 2025-05-29T11:08:13.229
Finished copy 161 at 2025-05-29T11:08:13.485
Finished copy 560 at 2025-05-29T11:08:13.959
Finished copy 239 at 2025-05-29T11:08:14.677
Finished copy 458 at 2025-05-29T11:08:14.892
Finished copy 49 at 2025-05-29T11:08:14.904
Finished copy 162 at 2025-05-29T11:08:15.265
Finished copy 343 at 2025-05-29T11:08:15.333
Finished copy 561 at 2025-05-29T11:08:15.765
Finished copy 459 at 2025-05-29T11:08:16.470
Finished copy 163 at 2025-05-29T11:08:17.116
Finished copy 344 at 2025-05-29T11:08:17.167
Finished copy 50 at 2025-05-29T11:08:17.377
Finished copy 240 at 2025-05-29T11:08:17.623
Finished copy 562 at 2025-05-29T11:08:17.658
Finished copy 460 at 2025-05-29T11:08:18.278
Finished copy 345 at 2025-05-29T11:08:18.974
Finished copy 164 at 2025-05-29T11:08:19.003
Finished copy 563 at 2025-05-29T11:08:19.505
Finished copy 461 at 2025-05-29T11:08:20.268
Finished copy 51 at 2025-05-29T11:08:20.334
Finished copy 241 at 2025-05-29T11:08:20.457
Finished copy 165 at 2025-05-29T11:08:20.744
Finished copy 346 at 2025-05-29T11:08:20.870
Finished copy 564 at 2025-05-29T11:08:21.060
Finished copy 462 at 2025-05-29T11:08:22.175
Finished copy 166 at 2025-05-29T11:08:22.467
Finished copy 565 at 2025-05-29T11:08:22.601
Finished copy 347 at 2025-05-29T11:08:22.816
Finished copy 52 at 2025-05-29T11:08:22.999
Finished copy 242 at 2025-05-29T11:08:23.627
Finished copy 463 at 2025-05-29T11:08:24.056
Finished copy 167 at 2025-05-29T11:08:24.098
Finished copy 566 at 2025-05-29T11:08:24.358
Finished copy 348 at 2025-05-29T11:08:24.596
Finished copy 53 at 2025-05-29T11:08:25.375
Finished copy 464 at 2025-05-29T11:08:25.928
Finished copy 168 at 2025-05-29T11:08:26.080
Finished copy 567 at 2025-05-29T11:08:26.219
Finished copy 349 at 2025-05-29T11:08:26.369
Finished copy 243 at 2025-05-29T11:08:26.404
Finished copy 568 at 2025-05-29T11:08:27.770
Finished copy 465 at 2025-05-29T11:08:27.958
Finished copy 169 at 2025-05-29T11:08:28.027
Finished copy 54 at 2025-05-29T11:08:28.174
Finished copy 350 at 2025-05-29T11:08:28.466
Finished copy 244 at 2025-05-29T11:08:29.252
Finished copy 569 at 2025-05-29T11:08:29.474
Finished copy 466 at 2025-05-29T11:08:29.614
Finished copy 170 at 2025-05-29T11:08:29.831
Finished copy 351 at 2025-05-29T11:08:30.302
Finished copy 55 at 2025-05-29T11:08:30.713
Finished copy 467 at 2025-05-29T11:08:31.324
Finished copy 570 at 2025-05-29T11:08:31.467
Finished copy 171 at 2025-05-29T11:08:31.644
Finished copy 245 at 2025-05-29T11:08:32.115
Finished copy 352 at 2025-05-29T11:08:32.344
Finished copy 56 at 2025-05-29T11:08:32.966
Finished copy 571 at 2025-05-29T11:08:33.374
Finished copy 468 at 2025-05-29T11:08:33.399
Finished copy 172 at 2025-05-29T11:08:33.410
Finished copy 353 at 2025-05-29T11:08:34.194
Finished copy 57 at 2025-05-29T11:08:34.905
Finished copy 246 at 2025-05-29T11:08:35.056
Finished copy 572 at 2025-05-29T11:08:35.365
Finished copy 173 at 2025-05-29T11:08:35.365
Finished copy 469 at 2025-05-29T11:08:35.409
Finished copy 354 at 2025-05-29T11:08:36.040
Finished copy 58 at 2025-05-29T11:08:36.982
Finished copy 174 at 2025-05-29T11:08:37.232
Finished copy 573 at 2025-05-29T11:08:37.310
Finished copy 470 at 2025-05-29T11:08:37.495
Finished copy 247 at 2025-05-29T11:08:37.722
Finished copy 355 at 2025-05-29T11:08:37.902
Finished copy 175 at 2025-05-29T11:08:38.904
Finished copy 59 at 2025-05-29T11:08:39.064
Finished copy 574 at 2025-05-29T11:08:39.096
Finished copy 471 at 2025-05-29T11:08:39.361
Finished copy 356 at 2025-05-29T11:08:39.866
Finished copy 248 at 2025-05-29T11:08:40.133
Finished copy 60 at 2025-05-29T11:08:40.849
Finished copy 176 at 2025-05-29T11:08:40.986
Finished copy 472 at 2025-05-29T11:08:41.290
Finished copy 575 at 2025-05-29T11:08:41.332
Finished copy 357 at 2025-05-29T11:08:41.788
Finished copy 249 at 2025-05-29T11:08:42.504
Finished copy 61 at 2025-05-29T11:08:42.691
Finished copy 177 at 2025-05-29T11:08:42.695
Finished copy 576 at 2025-05-29T11:08:42.984
Finished copy 473 at 2025-05-29T11:08:43.288
Finished copy 358 at 2025-05-29T11:08:44.008
Finished copy 62 at 2025-05-29T11:08:44.459
Finished copy 178 at 2025-05-29T11:08:44.495
Finished copy 250 at 2025-05-29T11:08:44.620
Finished copy 577 at 2025-05-29T11:08:44.824
Finished copy 474 at 2025-05-29T11:08:45.239
Finished copy 359 at 2025-05-29T11:08:45.808
Finished copy 63 at 2025-05-29T11:08:46.436
Finished copy 179 at 2025-05-29T11:08:46.512
Finished copy 578 at 2025-05-29T11:08:46.615
Finished copy 475 at 2025-05-29T11:08:47.108
Finished copy 251 at 2025-05-29T11:08:47.440
Finished copy 360 at 2025-05-29T11:08:47.704
Finished copy 180 at 2025-05-29T11:08:48.174
Finished copy 579 at 2025-05-29T11:08:48.357
Finished copy 64 at 2025-05-29T11:08:48.504
Finished copy 476 at 2025-05-29T11:08:49.111
Finished copy 361 at 2025-05-29T11:08:49.877
Finished copy 181 at 2025-05-29T11:08:49.947
Finished copy 580 at 2025-05-29T11:08:50.019
Finished copy 65 at 2025-05-29T11:08:50.244
Finished copy 252 at 2025-05-29T11:08:50.287
Finished copy 477 at 2025-05-29T11:08:50.771
Finished copy 362 at 2025-05-29T11:08:51.825
Finished copy 581 at 2025-05-29T11:08:51.841
Finished copy 182 at 2025-05-29T11:08:51.894
Finished copy 66 at 2025-05-29T11:08:51.945
Finished copy 478 at 2025-05-29T11:08:52.564
Finished copy 253 at 2025-05-29T11:08:53.306
Finished copy 183 at 2025-05-29T11:08:53.344
Finished copy 67 at 2025-05-29T11:08:53.678
Finished copy 363 at 2025-05-29T11:08:53.769
Finished copy 582 at 2025-05-29T11:08:54.135
Finished copy 479 at 2025-05-29T11:08:54.437
Finished copy 184 at 2025-05-29T11:08:55.021
Finished copy 68 at 2025-05-29T11:08:55.490
Finished copy 364 at 2025-05-29T11:08:55.767
Finished copy 254 at 2025-05-29T11:08:55.851
Finished copy 480 at 2025-05-29T11:08:56.167
Finished copy 185 at 2025-05-29T11:08:56.975
Finished copy 69 at 2025-05-29T11:08:57.194
Finished copy 583 at 2025-05-29T11:08:57.515
Finished copy 365 at 2025-05-29T11:08:57.697
Finished copy 481 at 2025-05-29T11:08:57.780
Finished copy 186 at 2025-05-29T11:08:58.591
Finished copy 255 at 2025-05-29T11:08:58.889
Finished copy 70 at 2025-05-29T11:08:59.062
Finished copy 366 at 2025-05-29T11:08:59.485
Finished copy 482 at 2025-05-29T11:08:59.698
Finished copy 187 at 2025-05-29T11:09:00.155
Finished copy 584 at 2025-05-29T11:09:00.419
Finished copy 71 at 2025-05-29T11:09:00.844
Finished copy 367 at 2025-05-29T11:09:01.505
Finished copy 483 at 2025-05-29T11:09:01.605
Finished copy 256 at 2025-05-29T11:09:01.686
Finished copy 188 at 2025-05-29T11:09:01.860
Finished copy 72 at 2025-05-29T11:09:02.608
Finished copy 585 at 2025-05-29T11:09:03.239
Finished copy 484 at 2025-05-29T11:09:03.329
Finished copy 368 at 2025-05-29T11:09:03.541
Finished copy 189 at 2025-05-29T11:09:03.615
Finished copy 257 at 2025-05-29T11:09:04.344
Finished copy 73 at 2025-05-29T11:09:04.370
Finished copy 369 at 2025-05-29T11:09:05.301
Finished copy 485 at 2025-05-29T11:09:05.337
Finished copy 190 at 2025-05-29T11:09:05.422
Finished copy 586 at 2025-05-29T11:09:05.779
Finished copy 74 at 2025-05-29T11:09:06.100
Finished copy 486 at 2025-05-29T11:09:06.962
Finished copy 370 at 2025-05-29T11:09:07.108
Finished copy 191 at 2025-05-29T11:09:07.176
Finished copy 258 at 2025-05-29T11:09:07.423
Finished copy 75 at 2025-05-29T11:09:07.871
Finished copy 587 at 2025-05-29T11:09:08.411
Finished copy 371 at 2025-05-29T11:09:08.792
Finished copy 192 at 2025-05-29T11:09:08.869
Finished copy 487 at 2025-05-29T11:09:09.041
Finished copy 76 at 2025-05-29T11:09:09.374
Finished copy 259 at 2025-05-29T11:09:09.877
Finished copy 372 at 2025-05-29T11:09:10.552
Finished copy 193 at 2025-05-29T11:09:10.670
Finished copy 488 at 2025-05-29T11:09:10.763
Finished copy 588 at 2025-05-29T11:09:11.022
Finished copy 77 at 2025-05-29T11:09:11.205
Finished copy 373 at 2025-05-29T11:09:12.396
Finished copy 194 at 2025-05-29T11:09:12.528
Finished copy 489 at 2025-05-29T11:09:12.682
Finished copy 260 at 2025-05-29T11:09:12.814
Finished copy 78 at 2025-05-29T11:09:13.065
Finished copy 589 at 2025-05-29T11:09:13.387
Finished copy 195 at 2025-05-29T11:09:14.244
Finished copy 490 at 2025-05-29T11:09:14.290
Finished copy 374 at 2025-05-29T11:09:14.327
Finished copy 79 at 2025-05-29T11:09:14.722
Finished copy 261 at 2025-05-29T11:09:15.580
Finished copy 196 at 2025-05-29T11:09:16.008
Finished copy 491 at 2025-05-29T11:09:16.043
Finished copy 80 at 2025-05-29T11:09:16.427
Finished copy 590 at 2025-05-29T11:09:16.576
Finished copy 375 at 2025-05-29T11:09:16.649
Finished copy 492 at 2025-05-29T11:09:17.510
Finished copy 197 at 2025-05-29T11:09:17.817
Finished copy 81 at 2025-05-29T11:09:18.148
Finished copy 262 at 2025-05-29T11:09:18.394
Finished copy 376 at 2025-05-29T11:09:18.438
Finished copy 493 at 2025-05-29T11:09:19.212
Finished copy 591 at 2025-05-29T11:09:19.602
Finished copy 198 at 2025-05-29T11:09:19.751
Finished copy 82 at 2025-05-29T11:09:20.109
Finished copy 377 at 2025-05-29T11:09:20.250
Finished copy 494 at 2025-05-29T11:09:20.825
Finished copy 263 at 2025-05-29T11:09:21.331
Finished copy 199 at 2025-05-29T11:09:21.570
Finished copy 83 at 2025-05-29T11:09:21.743
Finished copy 378 at 2025-05-29T11:09:22.194
Finished copy 592 at 2025-05-29T11:09:22.333
Finished copy 495 at 2025-05-29T11:09:22.610
Finished copy 84 at 2025-05-29T11:09:23.428
Finished copy 200 at 2025-05-29T11:09:23.470
Finished copy 379 at 2025-05-29T11:09:23.823
Finished copy 264 at 2025-05-29T11:09:23.952
Finished copy 496 at 2025-05-29T11:09:24.275
Finished copy 593 at 2025-05-29T11:09:24.873
Finished copy 85 at 2025-05-29T11:09:25.005
Finished copy 380 at 2025-05-29T11:09:25.423
Finished copy 497 at 2025-05-29T11:09:25.825
Finished copy 265 at 2025-05-29T11:09:26.516
Finished copy 86 at 2025-05-29T11:09:26.864
Finished copy 381 at 2025-05-29T11:09:26.897
Finished copy 594 at 2025-05-29T11:09:27.071
Finished copy 498 at 2025-05-29T11:09:27.479
Finished copy 382 at 2025-05-29T11:09:28.441
Finished copy 87 at 2025-05-29T11:09:28.501
Finished copy 266 at 2025-05-29T11:09:28.828
Finished copy 499 at 2025-05-29T11:09:29.129
Finished copy 595 at 2025-05-29T11:09:29.816
Finished copy 383 at 2025-05-29T11:09:30.143
Finished copy 88 at 2025-05-29T11:09:30.215
Finished copy 500 at 2025-05-29T11:09:30.694
Finished copy 267 at 2025-05-29T11:09:31.111
Finished copy 384 at 2025-05-29T11:09:31.474
Finished copy 89 at 2025-05-29T11:09:31.495
Finished copy 596 at 2025-05-29T11:09:32.451
Finished copy 268 at 2025-05-29T11:09:32.571
Finished copy 385 at 2025-05-29T11:09:32.806
Finished copy 90 at 2025-05-29T11:09:33.045
Finished copy 269 at 2025-05-29T11:09:34.065
Finished copy 386 at 2025-05-29T11:09:34.537
Finished copy 91 at 2025-05-29T11:09:34.637
Finished copy 597 at 2025-05-29T11:09:35.246
Finished copy 270 at 2025-05-29T11:09:35.602
Finished copy 387 at 2025-05-29T11:09:35.974
Finished copy 92 at 2025-05-29T11:09:36.312
Finished copy 271 at 2025-05-29T11:09:37.329
Finished copy 93 at 2025-05-29T11:09:37.673
Finished copy 388 at 2025-05-29T11:09:37.963
Finished copy 598 at 2025-05-29T11:09:38.245
Finished copy 272 at 2025-05-29T11:09:39.047
Finished copy 94 at 2025-05-29T11:09:39.256
Finished copy 389 at 2025-05-29T11:09:39.451
Finished copy 95 at 2025-05-29T11:09:40.678
Finished copy 273 at 2025-05-29T11:09:40.679
Finished copy 599 at 2025-05-29T11:09:40.961
Finished copy 390 at 2025-05-29T11:09:41.085
Finished copy 96 at 2025-05-29T11:09:42.395
Finished copy 391 at 2025-05-29T11:09:42.495
Finished copy 274 at 2025-05-29T11:09:42.691
Finished copy 600 at 2025-05-29T11:09:43.836
Finished copy 392 at 2025-05-29T11:09:43.897
Finished copy 97 at 2025-05-29T11:09:43.914
Finished copy 275 at 2025-05-29T11:09:44.131
Finished copy 98 at 2025-05-29T11:09:45.218
Finished copy 393 at 2025-05-29T11:09:45.386
Finished copy 276 at 2025-05-29T11:09:45.596
Finished copy 394 at 2025-05-29T11:09:46.650
Finished copy 99 at 2025-05-29T11:09:46.726
Finished copy 277 at 2025-05-29T11:09:47.096
Finished copy 100 at 2025-05-29T11:09:48.157
Finished copy 395 at 2025-05-29T11:09:48.393
Finished copy 278 at 2025-05-29T11:09:48.453
Finished copy 279 at 2025-05-29T11:09:49.618
Finished copy 396 at 2025-05-29T11:09:49.819
Finished copy 280 at 2025-05-29T11:09:50.961
Finished copy 397 at 2025-05-29T11:09:51.170
Finished copy 281 at 2025-05-29T11:09:52.386
Finished copy 398 at 2025-05-29T11:09:52.491
Finished copy 282 at 2025-05-29T11:09:53.588
Finished copy 399 at 2025-05-29T11:09:53.963
Finished copy 283 at 2025-05-29T11:09:54.946
Finished copy 400 at 2025-05-29T11:09:55.288
Finished copy 284 at 2025-05-29T11:09:56.006
Finished copy 285 at 2025-05-29T11:09:57.122
Finished copy 286 at 2025-05-29T11:09:58.063
Finished copy 287 at 2025-05-29T11:09:59.125
Finished copy 288 at 2025-05-29T11:10:00.344
Finished copy 289 at 2025-05-29T11:10:01.436
Finished copy 290 at 2025-05-29T11:10:02.525
Finished copy 291 at 2025-05-29T11:10:03.596
Finished copy 292 at 2025-05-29T11:10:04.655
Finished copy 293 at 2025-05-29T11:10:05.709
Finished copy 294 at 2025-05-29T11:10:06.751
Finished copy 295 at 2025-05-29T11:10:07.791
Finished copy 296 at 2025-05-29T11:10:08.831
Finished copy 297 at 2025-05-29T11:10:09.765
Finished copy 298 at 2025-05-29T11:10:10.875
Finished copy 299 at 2025-05-29T11:10:11.958
Finished copy 300 at 2025-05-29T11:10:13.125
