Starting saddles simulation at 2025-05-29T12:52:48.614
Lattice size: 32
Beta values: [0.1, 0.10279944599549397, 0.10567726096980483, 0.10863563882017176, 0.11167683486080235, 0.11480316754220751, 0.1180170202186681, 0.1213208429651809, 0.12471715444526921, 0.12820854383108135, 0.1317976727772417, 0.13548727744995842, 0.13928017061293513, 0.14317924377167612, 0.14718746937782085, 0.15130790309518719, 0.15554368612925135, 0.15989804762184037, 0.16437430711286308, 0.16897587707095507, 0.17370626549496876, 0.1785690785882898, 0.18356802350802015, 0.1887069111911229, 0.19398965925968314, 0.19942029500750083, 0.20500295847029057, 0.21074190558183128, 0.21664151141846955, 0.22270627353445155, 0.22894081539062563, 0.23534988987912978, 0.2419383829467506, 0.24871131731971624, 0.25567385633276335, 0.26283130786539594, 0.2701891283883382, 0.27775292712326566, 0.2855284703189852, 0.2935216856473252, 0.3017386667220857, 0.3101856777444941, 0.3188691582787082, 0.3277957281610069, 0.3369721925464105, 0.3464055470965792, 0.3561029833129435, 0.36607189401913226, 0.3763198789968798, 0.3868547507797058, 0.39768454060878644, 0.4088175045555577, 0.4202621298157168, 0.4320271411794205, 0.4441215076826148, 0.4565544494445634, 0.46933544469678873, 0.48247423700878694, 0.49598084271601944, 0.5098655585558504, 0.5241389695172453, 0.5388119569102191, 0.553895706661185, 0.5694017178405246, 0.5853418114288852, 0.601728139328883, 0.6185731936290858, 0.6358898161273345, 0.6536912081206652, 0.6719909404692954, 0.6908029639423454, 0.710141619853183, 0.730021650992499, 0.7504582128674476, 0.7714668852554213, 0.7930636840812662, 0.815265073626996, 0.8380879790833082, 0.8615497994524721, 0.885668420812431, 0.9104622299522194, 0.9359501283891019, 0.9621515467781114, 0.9890864597249744, 1.0167754010137187, 1.045239479260565, 1.0745003940060471, 1.1045804522576164, 1.1355025854953513, 1.1672903671537318, 1.1999680305928035, 1.2335604875724422, 1.2680933472437848, 1.3035929356723266, 1.3400863159075478, 1.3776013086143843, 1.4161665132822627, 1.4558113300278694, 1.4965659820082826, 1.5384615384615383]
Copies: 600
Move type: l chain flip
----------------------------------
Finished copy 401 at 2025-05-29T12:52:53.313
Finished copy 101 at 2025-05-29T12:52:53.387
Finished copy 501 at 2025-05-29T12:52:53.782
Finished copy 301 at 2025-05-29T12:52:55.061
Finished copy 201 at 2025-05-29T12:52:57.176
Finished copy 102 at 2025-05-29T12:52:57.889
Finished copy 402 at 2025-05-29T12:52:58.162
Finished copy 1 at 2025-05-29T12:52:59.050
Finished copy 502 at 2025-05-29T12:52:59.194
Finished copy 302 at 2025-05-29T12:53:01.841
Finished copy 403 at 2025-05-29T12:53:02.749
Finished copy 103 at 2025-05-29T12:53:03.871
Finished copy 503 at 2025-05-29T12:53:04.165
Finished copy 202 at 2025-05-29T12:53:06.937
Finished copy 2 at 2025-05-29T12:53:07.115
Finished copy 404 at 2025-05-29T12:53:07.924
Finished copy 104 at 2025-05-29T12:53:08.536
Finished copy 303 at 2025-05-29T12:53:08.858
Finished copy 504 at 2025-05-29T12:53:09.168
Finished copy 405 at 2025-05-29T12:53:12.809
Finished copy 105 at 2025-05-29T12:53:13.335
Finished copy 505 at 2025-05-29T12:53:14.190
Finished copy 203 at 2025-05-29T12:53:14.979
Finished copy 304 at 2025-05-29T12:53:15.246
Finished copy 3 at 2025-05-29T12:53:15.603
Finished copy 406 at 2025-05-29T12:53:18.067
Finished copy 106 at 2025-05-29T12:53:18.299
Finished copy 506 at 2025-05-29T12:53:19.470
Finished copy 305 at 2025-05-29T12:53:22.498
Finished copy 204 at 2025-05-29T12:53:22.959
Finished copy 407 at 2025-05-29T12:53:23.034
Finished copy 107 at 2025-05-29T12:53:23.750
Finished copy 507 at 2025-05-29T12:53:24.591
Finished copy 4 at 2025-05-29T12:53:25.161
Finished copy 408 at 2025-05-29T12:53:27.222
Finished copy 108 at 2025-05-29T12:53:28.268
Finished copy 508 at 2025-05-29T12:53:29.714
Finished copy 205 at 2025-05-29T12:53:31.569
Finished copy 409 at 2025-05-29T12:53:31.744
Finished copy 306 at 2025-05-29T12:53:32.246
Finished copy 5 at 2025-05-29T12:53:32.885
Finished copy 109 at 2025-05-29T12:53:33.396
Finished copy 509 at 2025-05-29T12:53:34.851
Finished copy 410 at 2025-05-29T12:53:36.618
Finished copy 110 at 2025-05-29T12:53:38.094
Finished copy 510 at 2025-05-29T12:53:39.663
Finished copy 206 at 2025-05-29T12:53:40.283
Finished copy 411 at 2025-05-29T12:53:41.576
Finished copy 307 at 2025-05-29T12:53:41.658
Finished copy 6 at 2025-05-29T12:53:42.028
Finished copy 111 at 2025-05-29T12:53:43.097
Finished copy 511 at 2025-05-29T12:53:44.702
Finished copy 412 at 2025-05-29T12:53:45.936
Finished copy 112 at 2025-05-29T12:53:47.685
Finished copy 207 at 2025-05-29T12:53:48.402
Finished copy 512 at 2025-05-29T12:53:50.090
Finished copy 413 at 2025-05-29T12:53:50.530
Finished copy 308 at 2025-05-29T12:53:50.937
Finished copy 7 at 2025-05-29T12:53:51.273
Finished copy 113 at 2025-05-29T12:53:52.658
Finished copy 513 at 2025-05-29T12:53:54.709
Finished copy 414 at 2025-05-29T12:53:55.707
Finished copy 114 at 2025-05-29T12:53:57.024
Finished copy 208 at 2025-05-29T12:53:57.135
Finished copy 514 at 2025-05-29T12:53:59.425
Finished copy 8 at 2025-05-29T12:53:59.590
Finished copy 415 at 2025-05-29T12:54:00.060
Finished copy 309 at 2025-05-29T12:54:01.047
Finished copy 115 at 2025-05-29T12:54:01.819
Finished copy 515 at 2025-05-29T12:54:04.441
Finished copy 416 at 2025-05-29T12:54:05.443
Finished copy 209 at 2025-05-29T12:54:06.409
Finished copy 116 at 2025-05-29T12:54:07.181
Finished copy 9 at 2025-05-29T12:54:07.447
Finished copy 516 at 2025-05-29T12:54:09.142
Finished copy 417 at 2025-05-29T12:54:10.257
Finished copy 10 at 2025-05-29T12:54:12.122
Finished copy 117 at 2025-05-29T12:54:12.987
Finished copy 310 at 2025-05-29T12:54:13.267
Finished copy 517 at 2025-05-29T12:54:14.102
Finished copy 418 at 2025-05-29T12:54:15.039
Finished copy 210 at 2025-05-29T12:54:15.651
Finished copy 11 at 2025-05-29T12:54:16.577
Finished copy 118 at 2025-05-29T12:54:17.640
Finished copy 518 at 2025-05-29T12:54:18.772
Finished copy 419 at 2025-05-29T12:54:20.085
Finished copy 12 at 2025-05-29T12:54:22.025
Finished copy 119 at 2025-05-29T12:54:22.422
Finished copy 211 at 2025-05-29T12:54:23.585
Finished copy 519 at 2025-05-29T12:54:24.106
Finished copy 420 at 2025-05-29T12:54:24.691
Finished copy 311 at 2025-05-29T12:54:24.980
Finished copy 13 at 2025-05-29T12:54:27.232
Finished copy 120 at 2025-05-29T12:54:27.650
Finished copy 421 at 2025-05-29T12:54:29.328
Finished copy 520 at 2025-05-29T12:54:29.378
Finished copy 212 at 2025-05-29T12:54:31.194
Finished copy 14 at 2025-05-29T12:54:32.148
Finished copy 121 at 2025-05-29T12:54:33.449
Finished copy 521 at 2025-05-29T12:54:34.333
Finished copy 422 at 2025-05-29T12:54:34.544
Finished copy 312 at 2025-05-29T12:54:34.740
Finished copy 15 at 2025-05-29T12:54:37.526
Finished copy 122 at 2025-05-29T12:54:38.561
Finished copy 522 at 2025-05-29T12:54:39.287
Finished copy 423 at 2025-05-29T12:54:39.497
Finished copy 213 at 2025-05-29T12:54:39.633
Finished copy 16 at 2025-05-29T12:54:42.735
Finished copy 123 at 2025-05-29T12:54:43.735
Finished copy 523 at 2025-05-29T12:54:44.180
Finished copy 313 at 2025-05-29T12:54:44.578
Finished copy 424 at 2025-05-29T12:54:44.875
Finished copy 17 at 2025-05-29T12:54:47.768
Finished copy 124 at 2025-05-29T12:54:48.437
Finished copy 214 at 2025-05-29T12:54:49.639
Finished copy 524 at 2025-05-29T12:54:49.702
Finished copy 425 at 2025-05-29T12:54:50.132
Finished copy 18 at 2025-05-29T12:54:52.850
Finished copy 125 at 2025-05-29T12:54:53.236
Finished copy 426 at 2025-05-29T12:54:54.697
Finished copy 525 at 2025-05-29T12:54:55.375
Finished copy 314 at 2025-05-29T12:54:55.553
Finished copy 19 at 2025-05-29T12:54:57.941
Finished copy 126 at 2025-05-29T12:54:58.640
Finished copy 215 at 2025-05-29T12:54:58.797
Finished copy 526 at 2025-05-29T12:55:00.439
Finished copy 427 at 2025-05-29T12:55:00.835
Finished copy 20 at 2025-05-29T12:55:02.808
Finished copy 127 at 2025-05-29T12:55:03.871
Finished copy 527 at 2025-05-29T12:55:05.519
Finished copy 428 at 2025-05-29T12:55:05.631
Finished copy 315 at 2025-05-29T12:55:06.262
Finished copy 216 at 2025-05-29T12:55:07.420
Finished copy 21 at 2025-05-29T12:55:07.915
Finished copy 128 at 2025-05-29T12:55:09.191
Finished copy 429 at 2025-05-29T12:55:10.305
Finished copy 528 at 2025-05-29T12:55:10.515
Finished copy 22 at 2025-05-29T12:55:12.764
Finished copy 129 at 2025-05-29T12:55:14.358
Finished copy 430 at 2025-05-29T12:55:15.011
Finished copy 529 at 2025-05-29T12:55:15.623
Finished copy 217 at 2025-05-29T12:55:16.328
Finished copy 23 at 2025-05-29T12:55:17.301
Finished copy 316 at 2025-05-29T12:55:17.652
Finished copy 431 at 2025-05-29T12:55:19.813
Finished copy 130 at 2025-05-29T12:55:20.200
Finished copy 530 at 2025-05-29T12:55:20.766
Finished copy 24 at 2025-05-29T12:55:21.935
Finished copy 131 at 2025-05-29T12:55:24.973
Finished copy 432 at 2025-05-29T12:55:25.323
Finished copy 218 at 2025-05-29T12:55:25.457
Finished copy 531 at 2025-05-29T12:55:26.085
Finished copy 25 at 2025-05-29T12:55:26.762
Finished copy 317 at 2025-05-29T12:55:28.885
Finished copy 132 at 2025-05-29T12:55:29.763
Finished copy 433 at 2025-05-29T12:55:30.289
Finished copy 532 at 2025-05-29T12:55:31.380
Finished copy 26 at 2025-05-29T12:55:31.866
Finished copy 219 at 2025-05-29T12:55:33.612
Finished copy 133 at 2025-05-29T12:55:35.013
Finished copy 434 at 2025-05-29T12:55:35.117
Finished copy 27 at 2025-05-29T12:55:36.597
Finished copy 533 at 2025-05-29T12:55:36.638
Finished copy 318 at 2025-05-29T12:55:40.016
Finished copy 435 at 2025-05-29T12:55:40.160
Finished copy 134 at 2025-05-29T12:55:40.515
Finished copy 28 at 2025-05-29T12:55:41.394
Finished copy 534 at 2025-05-29T12:55:41.500
Finished copy 220 at 2025-05-29T12:55:42.391
Finished copy 436 at 2025-05-29T12:55:45.008
Finished copy 135 at 2025-05-29T12:55:45.302
Finished copy 29 at 2025-05-29T12:55:46.735
Finished copy 535 at 2025-05-29T12:55:46.919
Finished copy 437 at 2025-05-29T12:55:49.674
Finished copy 221 at 2025-05-29T12:55:50.138
Finished copy 319 at 2025-05-29T12:55:51.362
Finished copy 30 at 2025-05-29T12:55:51.364
Finished copy 136 at 2025-05-29T12:55:51.849
Finished copy 536 at 2025-05-29T12:55:52.720
Finished copy 438 at 2025-05-29T12:55:54.947
Finished copy 222 at 2025-05-29T12:55:55.992
Finished copy 31 at 2025-05-29T12:55:56.115
Finished copy 537 at 2025-05-29T12:55:58.049
Finished copy 137 at 2025-05-29T12:55:58.265
Finished copy 439 at 2025-05-29T12:56:00.022
Finished copy 32 at 2025-05-29T12:56:00.382
Finished copy 223 at 2025-05-29T12:56:01.556
Finished copy 320 at 2025-05-29T12:56:04.044
Finished copy 138 at 2025-05-29T12:56:04.266
Finished copy 538 at 2025-05-29T12:56:04.311
Finished copy 440 at 2025-05-29T12:56:05.072
Finished copy 33 at 2025-05-29T12:56:05.235
Finished copy 224 at 2025-05-29T12:56:07.121
Finished copy 139 at 2025-05-29T12:56:09.748
Finished copy 34 at 2025-05-29T12:56:10.157
Finished copy 539 at 2025-05-29T12:56:10.446
Finished copy 441 at 2025-05-29T12:56:11.033
Finished copy 225 at 2025-05-29T12:56:12.327
Finished copy 321 at 2025-05-29T12:56:14.336
Finished copy 35 at 2025-05-29T12:56:14.887
Finished copy 140 at 2025-05-29T12:56:15.788
Finished copy 540 at 2025-05-29T12:56:15.874
Finished copy 442 at 2025-05-29T12:56:16.649
Finished copy 226 at 2025-05-29T12:56:18.057
Finished copy 36 at 2025-05-29T12:56:21.151
Finished copy 141 at 2025-05-29T12:56:21.536
Finished copy 541 at 2025-05-29T12:56:21.574
Finished copy 443 at 2025-05-29T12:56:22.372
Finished copy 227 at 2025-05-29T12:56:23.690
Finished copy 322 at 2025-05-29T12:56:24.154
Finished copy 37 at 2025-05-29T12:56:26.529
Finished copy 142 at 2025-05-29T12:56:27.187
Finished copy 542 at 2025-05-29T12:56:27.269
Finished copy 444 at 2025-05-29T12:56:28.273
Finished copy 228 at 2025-05-29T12:56:28.715
Finished copy 38 at 2025-05-29T12:56:32.059
Finished copy 543 at 2025-05-29T12:56:32.959
Finished copy 143 at 2025-05-29T12:56:32.998
Finished copy 323 at 2025-05-29T12:56:33.571
Finished copy 445 at 2025-05-29T12:56:34.008
Finished copy 229 at 2025-05-29T12:56:34.789
Finished copy 39 at 2025-05-29T12:56:37.967
Finished copy 144 at 2025-05-29T12:56:38.335
Finished copy 544 at 2025-05-29T12:56:39.106
Finished copy 446 at 2025-05-29T12:56:39.610
Finished copy 230 at 2025-05-29T12:56:40.245
Finished copy 324 at 2025-05-29T12:56:42.918
Finished copy 40 at 2025-05-29T12:56:43.499
Finished copy 145 at 2025-05-29T12:56:43.645
Finished copy 545 at 2025-05-29T12:56:44.600
Finished copy 231 at 2025-05-29T12:56:45.612
Finished copy 447 at 2025-05-29T12:56:45.802
Finished copy 41 at 2025-05-29T12:56:48.960
Finished copy 146 at 2025-05-29T12:56:49.235
Finished copy 546 at 2025-05-29T12:56:50.176
Finished copy 232 at 2025-05-29T12:56:51.210
Finished copy 448 at 2025-05-29T12:56:51.453
Finished copy 325 at 2025-05-29T12:56:51.932
Finished copy 147 at 2025-05-29T12:56:54.987
Finished copy 42 at 2025-05-29T12:56:54.989
Finished copy 547 at 2025-05-29T12:56:55.700
Finished copy 449 at 2025-05-29T12:56:56.782
Finished copy 233 at 2025-05-29T12:56:56.978
Finished copy 148 at 2025-05-29T12:57:00.043
Finished copy 326 at 2025-05-29T12:57:00.520
Finished copy 43 at 2025-05-29T12:57:00.911
Finished copy 548 at 2025-05-29T12:57:01.739
Finished copy 234 at 2025-05-29T12:57:02.602
Finished copy 450 at 2025-05-29T12:57:03.065
Finished copy 149 at 2025-05-29T12:57:05.896
Finished copy 44 at 2025-05-29T12:57:06.719
Finished copy 549 at 2025-05-29T12:57:07.161
Finished copy 235 at 2025-05-29T12:57:07.668
Finished copy 451 at 2025-05-29T12:57:08.998
Finished copy 327 at 2025-05-29T12:57:09.976
Finished copy 150 at 2025-05-29T12:57:11.199
Finished copy 45 at 2025-05-29T12:57:12.067
Finished copy 550 at 2025-05-29T12:57:12.976
Finished copy 236 at 2025-05-29T12:57:13.393
Finished copy 452 at 2025-05-29T12:57:14.658
Finished copy 151 at 2025-05-29T12:57:16.888
Finished copy 46 at 2025-05-29T12:57:17.496
Finished copy 551 at 2025-05-29T12:57:18.510
Finished copy 328 at 2025-05-29T12:57:19.021
Finished copy 237 at 2025-05-29T12:57:19.252
Finished copy 453 at 2025-05-29T12:57:20.941
Finished copy 152 at 2025-05-29T12:57:22.490
Finished copy 47 at 2025-05-29T12:57:23.316
Finished copy 552 at 2025-05-29T12:57:24.262
Finished copy 238 at 2025-05-29T12:57:25.111
Finished copy 454 at 2025-05-29T12:57:27.165
Finished copy 329 at 2025-05-29T12:57:27.587
Finished copy 153 at 2025-05-29T12:57:28.264
Finished copy 48 at 2025-05-29T12:57:29.214
Finished copy 553 at 2025-05-29T12:57:29.888
Finished copy 239 at 2025-05-29T12:57:31.643
Finished copy 455 at 2025-05-29T12:57:33.245
Finished copy 154 at 2025-05-29T12:57:33.442
Finished copy 554 at 2025-05-29T12:57:35.090
Finished copy 49 at 2025-05-29T12:57:35.170
Finished copy 330 at 2025-05-29T12:57:36.517
Finished copy 240 at 2025-05-29T12:57:37.719
Finished copy 456 at 2025-05-29T12:57:38.294
Finished copy 155 at 2025-05-29T12:57:39.040
Finished copy 50 at 2025-05-29T12:57:41.058
Finished copy 555 at 2025-05-29T12:57:41.229
Finished copy 241 at 2025-05-29T12:57:43.590
Finished copy 457 at 2025-05-29T12:57:43.622
Finished copy 156 at 2025-05-29T12:57:44.246
Finished copy 331 at 2025-05-29T12:57:45.114
Finished copy 51 at 2025-05-29T12:57:46.629
Finished copy 556 at 2025-05-29T12:57:47.211
Finished copy 458 at 2025-05-29T12:57:48.837
Finished copy 242 at 2025-05-29T12:57:49.805
Finished copy 157 at 2025-05-29T12:57:49.885
Finished copy 52 at 2025-05-29T12:57:52.082
Finished copy 557 at 2025-05-29T12:57:52.932
Finished copy 332 at 2025-05-29T12:57:53.680
Finished copy 459 at 2025-05-29T12:57:55.046
Finished copy 243 at 2025-05-29T12:57:55.545
Finished copy 158 at 2025-05-29T12:57:55.823
Finished copy 53 at 2025-05-29T12:57:57.530
Finished copy 558 at 2025-05-29T12:57:59.287
Finished copy 460 at 2025-05-29T12:58:00.687
Finished copy 244 at 2025-05-29T12:58:00.995
Finished copy 159 at 2025-05-29T12:58:01.973
Finished copy 333 at 2025-05-29T12:58:02.213
Finished copy 54 at 2025-05-29T12:58:03.299
Finished copy 559 at 2025-05-29T12:58:05.124
Finished copy 245 at 2025-05-29T12:58:06.211
Finished copy 461 at 2025-05-29T12:58:06.595
Finished copy 160 at 2025-05-29T12:58:07.723
Finished copy 55 at 2025-05-29T12:58:09.209
Finished copy 334 at 2025-05-29T12:58:11.781
Finished copy 560 at 2025-05-29T12:58:12.026
Finished copy 462 at 2025-05-29T12:58:12.135
Finished copy 246 at 2025-05-29T12:58:12.286
Finished copy 161 at 2025-05-29T12:58:14.478
Finished copy 56 at 2025-05-29T12:58:15.687
Finished copy 561 at 2025-05-29T12:58:17.512
Finished copy 463 at 2025-05-29T12:58:17.546
Finished copy 247 at 2025-05-29T12:58:18.168
Finished copy 162 at 2025-05-29T12:58:20.154
Finished copy 335 at 2025-05-29T12:58:21.292
Finished copy 57 at 2025-05-29T12:58:21.525
Finished copy 248 at 2025-05-29T12:58:23.307
Finished copy 562 at 2025-05-29T12:58:23.630
Finished copy 464 at 2025-05-29T12:58:23.658
Finished copy 163 at 2025-05-29T12:58:26.060
Finished copy 58 at 2025-05-29T12:58:27.225
Finished copy 249 at 2025-05-29T12:58:28.782
Finished copy 563 at 2025-05-29T12:58:29.327
Finished copy 465 at 2025-05-29T12:58:29.622
Finished copy 336 at 2025-05-29T12:58:31.581
Finished copy 164 at 2025-05-29T12:58:31.620
Finished copy 59 at 2025-05-29T12:58:33.157
Finished copy 250 at 2025-05-29T12:58:33.777
Finished copy 466 at 2025-05-29T12:58:35.005
Finished copy 564 at 2025-05-29T12:58:35.315
Finished copy 165 at 2025-05-29T12:58:37.155
Finished copy 60 at 2025-05-29T12:58:39.607
Finished copy 251 at 2025-05-29T12:58:39.691
Finished copy 467 at 2025-05-29T12:58:40.867
Finished copy 337 at 2025-05-29T12:58:41.726
Finished copy 565 at 2025-05-29T12:58:41.811
Finished copy 166 at 2025-05-29T12:58:42.909
Finished copy 61 at 2025-05-29T12:58:45.009
Finished copy 252 at 2025-05-29T12:58:45.904
Finished copy 468 at 2025-05-29T12:58:46.334
Finished copy 566 at 2025-05-29T12:58:48.477
Finished copy 167 at 2025-05-29T12:58:49.016
Finished copy 62 at 2025-05-29T12:58:50.859
Finished copy 338 at 2025-05-29T12:58:51.084
Finished copy 469 at 2025-05-29T12:58:51.480
Finished copy 253 at 2025-05-29T12:58:51.549
Finished copy 567 at 2025-05-29T12:58:54.403
Finished copy 168 at 2025-05-29T12:58:54.718
Finished copy 470 at 2025-05-29T12:58:56.343
Finished copy 63 at 2025-05-29T12:58:56.383
Finished copy 254 at 2025-05-29T12:58:57.036
Finished copy 339 at 2025-05-29T12:58:59.585
Finished copy 568 at 2025-05-29T12:59:00.481
Finished copy 169 at 2025-05-29T12:59:00.638
Finished copy 64 at 2025-05-29T12:59:01.641
Finished copy 471 at 2025-05-29T12:59:01.871
Finished copy 255 at 2025-05-29T12:59:02.554
Finished copy 170 at 2025-05-29T12:59:06.196
Finished copy 569 at 2025-05-29T12:59:06.471
Finished copy 65 at 2025-05-29T12:59:07.267
Finished copy 472 at 2025-05-29T12:59:07.457
Finished copy 256 at 2025-05-29T12:59:08.623
Finished copy 340 at 2025-05-29T12:59:09.172
Finished copy 171 at 2025-05-29T12:59:12.058
Finished copy 570 at 2025-05-29T12:59:13.021
Finished copy 473 at 2025-05-29T12:59:13.226
Finished copy 66 at 2025-05-29T12:59:13.301
Finished copy 257 at 2025-05-29T12:59:14.275
Finished copy 172 at 2025-05-29T12:59:17.696
Finished copy 341 at 2025-05-29T12:59:18.402
Finished copy 474 at 2025-05-29T12:59:18.896
Finished copy 67 at 2025-05-29T12:59:19.015
Finished copy 571 at 2025-05-29T12:59:19.280
Finished copy 258 at 2025-05-29T12:59:19.445
Finished copy 173 at 2025-05-29T12:59:23.374
Finished copy 259 at 2025-05-29T12:59:24.236
Finished copy 475 at 2025-05-29T12:59:24.393
Finished copy 68 at 2025-05-29T12:59:24.655
Finished copy 572 at 2025-05-29T12:59:25.522
Finished copy 342 at 2025-05-29T12:59:27.552
Finished copy 260 at 2025-05-29T12:59:29.426
Finished copy 174 at 2025-05-29T12:59:29.453
Finished copy 476 at 2025-05-29T12:59:29.651
Finished copy 69 at 2025-05-29T12:59:30.509
Finished copy 573 at 2025-05-29T12:59:31.133
Finished copy 261 at 2025-05-29T12:59:34.714
Finished copy 477 at 2025-05-29T12:59:35.408
Finished copy 175 at 2025-05-29T12:59:35.561
Finished copy 70 at 2025-05-29T12:59:36.301
Finished copy 574 at 2025-05-29T12:59:37.240
Finished copy 343 at 2025-05-29T12:59:37.556
Finished copy 262 at 2025-05-29T12:59:40.147
Finished copy 478 at 2025-05-29T12:59:40.943
Finished copy 176 at 2025-05-29T12:59:41.196
Finished copy 71 at 2025-05-29T12:59:42.018
Finished copy 575 at 2025-05-29T12:59:42.639
Finished copy 263 at 2025-05-29T12:59:45.574
Finished copy 344 at 2025-05-29T12:59:45.801
Finished copy 479 at 2025-05-29T12:59:46.545
Finished copy 177 at 2025-05-29T12:59:47.130
Finished copy 72 at 2025-05-29T12:59:47.940
Finished copy 576 at 2025-05-29T12:59:48.734
Finished copy 264 at 2025-05-29T12:59:51.232
Finished copy 480 at 2025-05-29T12:59:51.386
Finished copy 178 at 2025-05-29T12:59:52.283
Finished copy 73 at 2025-05-29T12:59:53.915
Finished copy 345 at 2025-05-29T12:59:54.191
Finished copy 577 at 2025-05-29T12:59:55.103
Finished copy 481 at 2025-05-29T12:59:56.799
Finished copy 265 at 2025-05-29T12:59:57.645
Finished copy 179 at 2025-05-29T12:59:58.037
Finished copy 74 at 2025-05-29T12:59:59.566
Finished copy 578 at 2025-05-29T13:00:01.012
Finished copy 482 at 2025-05-29T13:00:02.644
Finished copy 346 at 2025-05-29T13:00:03.504
Finished copy 266 at 2025-05-29T13:00:03.618
Finished copy 180 at 2025-05-29T13:00:03.700
Finished copy 75 at 2025-05-29T13:00:04.954
Finished copy 579 at 2025-05-29T13:00:07.498
Finished copy 483 at 2025-05-29T13:00:08.109
Finished copy 267 at 2025-05-29T13:00:09.281
Finished copy 181 at 2025-05-29T13:00:09.359
Finished copy 76 at 2025-05-29T13:00:11.326
Finished copy 580 at 2025-05-29T13:00:13.082
Finished copy 347 at 2025-05-29T13:00:13.384
Finished copy 484 at 2025-05-29T13:00:13.538
Finished copy 182 at 2025-05-29T13:00:15.071
Finished copy 268 at 2025-05-29T13:00:15.179
Finished copy 77 at 2025-05-29T13:00:16.671
Finished copy 581 at 2025-05-29T13:00:18.981
Finished copy 485 at 2025-05-29T13:00:19.474
Finished copy 183 at 2025-05-29T13:00:20.032
Finished copy 269 at 2025-05-29T13:00:20.848
Finished copy 78 at 2025-05-29T13:00:23.536
Finished copy 348 at 2025-05-29T13:00:24.083
Finished copy 582 at 2025-05-29T13:00:24.891
Finished copy 486 at 2025-05-29T13:00:25.126
Finished copy 184 at 2025-05-29T13:00:25.332
Finished copy 270 at 2025-05-29T13:00:25.799
Finished copy 79 at 2025-05-29T13:00:28.915
Finished copy 487 at 2025-05-29T13:00:30.560
Finished copy 583 at 2025-05-29T13:00:30.791
Finished copy 185 at 2025-05-29T13:00:30.797
Finished copy 271 at 2025-05-29T13:00:31.495
Finished copy 349 at 2025-05-29T13:00:34.117
Finished copy 80 at 2025-05-29T13:00:34.701
Finished copy 488 at 2025-05-29T13:00:36.133
Finished copy 584 at 2025-05-29T13:00:36.147
Finished copy 186 at 2025-05-29T13:00:36.712
Finished copy 272 at 2025-05-29T13:00:36.805
Finished copy 81 at 2025-05-29T13:00:40.643
Finished copy 187 at 2025-05-29T13:00:41.960
Finished copy 489 at 2025-05-29T13:00:42.003
Finished copy 273 at 2025-05-29T13:00:42.085
Finished copy 585 at 2025-05-29T13:00:42.207
Finished copy 350 at 2025-05-29T13:00:43.030
Finished copy 82 at 2025-05-29T13:00:45.967
Finished copy 274 at 2025-05-29T13:00:47.659
Finished copy 490 at 2025-05-29T13:00:47.711
Finished copy 188 at 2025-05-29T13:00:47.897
Finished copy 586 at 2025-05-29T13:00:48.406
Finished copy 83 at 2025-05-29T13:00:51.537
Finished copy 351 at 2025-05-29T13:00:52.239
Finished copy 275 at 2025-05-29T13:00:53.265
Finished copy 491 at 2025-05-29T13:00:53.803
Finished copy 189 at 2025-05-29T13:00:53.934
Finished copy 587 at 2025-05-29T13:00:54.707
Finished copy 84 at 2025-05-29T13:00:57.251
Finished copy 276 at 2025-05-29T13:00:59.040
Finished copy 492 at 2025-05-29T13:00:59.225
Finished copy 190 at 2025-05-29T13:00:59.396
Finished copy 588 at 2025-05-29T13:01:00.327
Finished copy 352 at 2025-05-29T13:01:02.878
Finished copy 85 at 2025-05-29T13:01:02.908
Finished copy 277 at 2025-05-29T13:01:04.518
Finished copy 191 at 2025-05-29T13:01:04.708
Finished copy 493 at 2025-05-29T13:01:04.857
Finished copy 589 at 2025-05-29T13:01:06.900
Finished copy 86 at 2025-05-29T13:01:08.481
Finished copy 278 at 2025-05-29T13:01:10.141
Finished copy 192 at 2025-05-29T13:01:10.183
Finished copy 494 at 2025-05-29T13:01:10.444
Finished copy 590 at 2025-05-29T13:01:12.790
Finished copy 353 at 2025-05-29T13:01:14.108
Finished copy 87 at 2025-05-29T13:01:14.287
Finished copy 279 at 2025-05-29T13:01:15.529
Finished copy 495 at 2025-05-29T13:01:16.046
Finished copy 591 at 2025-05-29T13:01:18.706
Finished copy 193 at 2025-05-29T13:01:19.608
Finished copy 88 at 2025-05-29T13:01:19.635
Finished copy 280 at 2025-05-29T13:01:21.068
Finished copy 496 at 2025-05-29T13:01:21.273
Finished copy 354 at 2025-05-29T13:01:21.705
Finished copy 89 at 2025-05-29T13:01:24.647
Finished copy 497 at 2025-05-29T13:01:26.396
Finished copy 281 at 2025-05-29T13:01:26.852
Finished copy 592 at 2025-05-29T13:01:27.041
Finished copy 355 at 2025-05-29T13:01:27.945
Finished copy 194 at 2025-05-29T13:01:29.194
Finished copy 90 at 2025-05-29T13:01:29.537
Finished copy 498 at 2025-05-29T13:01:31.636
Finished copy 282 at 2025-05-29T13:01:31.929
Finished copy 356 at 2025-05-29T13:01:34.363
Finished copy 91 at 2025-05-29T13:01:35.221
Finished copy 499 at 2025-05-29T13:01:36.201
Finished copy 593 at 2025-05-29T13:01:36.320
Finished copy 283 at 2025-05-29T13:01:37.351
Finished copy 195 at 2025-05-29T13:01:39.169
Finished copy 92 at 2025-05-29T13:01:40.197
Finished copy 500 at 2025-05-29T13:01:41.124
Finished copy 357 at 2025-05-29T13:01:41.362
Finished copy 284 at 2025-05-29T13:01:42.358
Finished copy 93 at 2025-05-29T13:01:45.019
Finished copy 594 at 2025-05-29T13:01:45.964
Finished copy 358 at 2025-05-29T13:01:46.449
Finished copy 285 at 2025-05-29T13:01:46.790
Finished copy 196 at 2025-05-29T13:01:47.716
Finished copy 94 at 2025-05-29T13:01:49.664
Finished copy 286 at 2025-05-29T13:01:51.178
Finished copy 359 at 2025-05-29T13:01:51.670
Finished copy 95 at 2025-05-29T13:01:54.240
Finished copy 197 at 2025-05-29T13:01:54.781
Finished copy 595 at 2025-05-29T13:01:54.918
Finished copy 287 at 2025-05-29T13:01:55.418
Finished copy 360 at 2025-05-29T13:01:57.900
Finished copy 96 at 2025-05-29T13:01:59.320
Finished copy 198 at 2025-05-29T13:01:59.492
Finished copy 288 at 2025-05-29T13:01:59.590
Finished copy 596 at 2025-05-29T13:02:03.722
Finished copy 361 at 2025-05-29T13:02:03.932
Finished copy 199 at 2025-05-29T13:02:04.273
Finished copy 97 at 2025-05-29T13:02:04.334
Finished copy 289 at 2025-05-29T13:02:04.748
Finished copy 98 at 2025-05-29T13:02:08.767
Finished copy 200 at 2025-05-29T13:02:09.409
Finished copy 290 at 2025-05-29T13:02:09.507
Finished copy 362 at 2025-05-29T13:02:09.636
Finished copy 597 at 2025-05-29T13:02:11.426
Finished copy 99 at 2025-05-29T13:02:12.817
Finished copy 291 at 2025-05-29T13:02:14.430
Finished copy 363 at 2025-05-29T13:02:15.038
Finished copy 598 at 2025-05-29T13:02:16.100
Finished copy 100 at 2025-05-29T13:02:17.682
Finished copy 292 at 2025-05-29T13:02:19.151
Finished copy 364 at 2025-05-29T13:02:19.989
Finished copy 599 at 2025-05-29T13:02:20.168
Finished copy 293 at 2025-05-29T13:02:23.379
Finished copy 600 at 2025-05-29T13:02:24.280
Finished copy 365 at 2025-05-29T13:02:24.483
Finished copy 294 at 2025-05-29T13:02:27.462
Finished copy 366 at 2025-05-29T13:02:28.823
Finished copy 295 at 2025-05-29T13:02:31.265
Finished copy 367 at 2025-05-29T13:02:32.943
Finished copy 296 at 2025-05-29T13:02:35.029
Finished copy 368 at 2025-05-29T13:02:37.034
Finished copy 297 at 2025-05-29T13:02:38.438
Finished copy 369 at 2025-05-29T13:02:40.709
Finished copy 298 at 2025-05-29T13:02:42.044
Finished copy 370 at 2025-05-29T13:02:44.638
Finished copy 299 at 2025-05-29T13:02:45.706
Finished copy 371 at 2025-05-29T13:02:48.811
Finished copy 300 at 2025-05-29T13:02:49.542
Finished copy 372 at 2025-05-29T13:02:52.240
Finished copy 373 at 2025-05-29T13:02:55.754
Finished copy 374 at 2025-05-29T13:02:59
Finished copy 375 at 2025-05-29T13:03:02.630
Finished copy 376 at 2025-05-29T13:03:06.096
Finished copy 377 at 2025-05-29T13:03:09.744
Finished copy 378 at 2025-05-29T13:03:13.278
Finished copy 379 at 2025-05-29T13:03:16.691
Finished copy 380 at 2025-05-29T13:03:19.856
Finished copy 381 at 2025-05-29T13:03:23.580
Finished copy 382 at 2025-05-29T13:03:27.321
Finished copy 383 at 2025-05-29T13:03:31.327
Finished copy 384 at 2025-05-29T13:03:34.553
Finished copy 385 at 2025-05-29T13:03:37.798
Finished copy 386 at 2025-05-29T13:03:41.302
Finished copy 387 at 2025-05-29T13:03:44.842
Finished copy 388 at 2025-05-29T13:03:48.330
Finished copy 389 at 2025-05-29T13:03:52.016
Finished copy 390 at 2025-05-29T13:03:55.482
Finished copy 391 at 2025-05-29T13:03:58.918
Finished copy 392 at 2025-05-29T13:04:02.122
Finished copy 393 at 2025-05-29T13:04:05.367
Finished copy 394 at 2025-05-29T13:04:09.071
Finished copy 395 at 2025-05-29T13:04:12.448
Finished copy 396 at 2025-05-29T13:04:15.803
Finished copy 397 at 2025-05-29T13:04:19.100
Finished copy 398 at 2025-05-29T13:04:22.494
Finished copy 399 at 2025-05-29T13:04:25.846
Finished copy 400 at 2025-05-29T13:04:29.196
