Starting saddles simulation at 2025-05-28T19:14:30.613
Lattice size: 97
Beta values: [0.1, 0.10279944599549397, 0.10567726096980483, 0.10863563882017176, 0.11167683486080235, 0.11480316754220751, 0.1180170202186681, 0.1213208429651809, 0.12471715444526921, 0.12820854383108135, 0.1317976727772417, 0.13548727744995842, 0.13928017061293513, 0.14317924377167612, 0.14718746937782085, 0.15130790309518719, 0.15554368612925135, 0.15989804762184037, 0.16437430711286308, 0.16897587707095507, 0.17370626549496876, 0.1785690785882898, 0.18356802350802015, 0.1887069111911229, 0.19398965925968314, 0.19942029500750083, 0.20500295847029057, 0.21074190558183128, 0.21664151141846955, 0.22270627353445155, 0.22894081539062563, 0.23534988987912978, 0.2419383829467506, 0.24871131731971624, 0.25567385633276335, 0.26283130786539594, 0.2701891283883382, 0.27775292712326566, 0.2855284703189852, 0.2935216856473252, 0.3017386667220857, 0.3101856777444941, 0.3188691582787082, 0.3277957281610069, 0.3369721925464105, 0.3464055470965792, 0.3561029833129435, 0.36607189401913226, 0.3763198789968798, 0.3868547507797058, 0.39768454060878644, 0.4088175045555577, 0.4202621298157168, 0.4320271411794205, 0.4441215076826148, 0.4565544494445634, 0.46933544469678873, 0.48247423700878694, 0.49598084271601944, 0.5098655585558504, 0.5241389695172453, 0.5388119569102191, 0.553895706661185, 0.5694017178405246, 0.5853418114288852, 0.601728139328883, 0.6185731936290858, 0.6358898161273345, 0.6536912081206652, 0.6719909404692954, 0.6908029639423454, 0.710141619853183, 0.730021650992499, 0.7504582128674476, 0.7714668852554213, 0.7930636840812662, 0.815265073626996, 0.8380879790833082, 0.8615497994524721, 0.885668420812431, 0.9104622299522194, 0.9359501283891019, 0.9621515467781114, 0.9890864597249744, 1.0167754010137187, 1.045239479260565, 1.0745003940060471, 1.1045804522576164, 1.1355025854953513, 1.1672903671537318, 1.1999680305928035, 1.2335604875724422, 1.2680933472437848, 1.3035929356723266, 1.3400863159075478, 1.3776013086143843, 1.4161665132822627, 1.4558113300278694, 1.4965659820082826, 1.5384615384615383]
Copies: 600
Move type: l chain flip
----------------------------------
Finished copy 501 at 2025-05-28T19:15:12.950
Finished copy 301 at 2025-05-28T19:15:15.429
Finished copy 401 at 2025-05-28T19:15:16.411
Finished copy 201 at 2025-05-28T19:15:31.659
Finished copy 101 at 2025-05-28T19:15:47.976
Finished copy 1 at 2025-05-28T19:15:49.253
Finished copy 302 at 2025-05-28T19:16:03.528
Finished copy 402 at 2025-05-28T19:16:05.363
Finished copy 202 at 2025-05-28T19:16:38.329
Finished copy 403 at 2025-05-28T19:16:49.748
Finished copy 102 at 2025-05-28T19:17:22.966
Finished copy 2 at 2025-05-28T19:17:23.970
Finished copy 404 at 2025-05-28T19:17:32.551
Finished copy 203 at 2025-05-28T19:17:46.879
Finished copy 405 at 2025-05-28T19:18:22.173
Finished copy 3 at 2025-05-28T19:18:32.626
Finished copy 204 at 2025-05-28T19:18:58.329
Finished copy 103 at 2025-05-28T19:19:06.168
Finished copy 406 at 2025-05-28T19:19:08.203
Finished copy 4 at 2025-05-28T19:19:18.691
Finished copy 502 at 2025-05-28T19:19:23.302
Finished copy 407 at 2025-05-28T19:19:54.122
Finished copy 104 at 2025-05-28T19:20:05.397
Finished copy 503 at 2025-05-28T19:20:21.007
Finished copy 205 at 2025-05-28T19:20:25.193
Finished copy 5 at 2025-05-28T19:20:26.632
Finished copy 408 at 2025-05-28T19:20:45.004
Finished copy 105 at 2025-05-28T19:20:58.047
Finished copy 6 at 2025-05-28T19:21:12.178
Finished copy 504 at 2025-05-28T19:21:15.101
Finished copy 409 at 2025-05-28T19:21:41.477
Finished copy 303 at 2025-05-28T19:21:55.507
Finished copy 106 at 2025-05-28T19:21:58.340
Finished copy 7 at 2025-05-28T19:21:58.504
Finished copy 410 at 2025-05-28T19:22:33.159
Finished copy 8 at 2025-05-28T19:22:51.869
Finished copy 304 at 2025-05-28T19:23:24.861
Finished copy 9 at 2025-05-28T19:23:41.198
Finished copy 10 at 2025-05-28T19:24:32.752
Finished copy 505 at 2025-05-28T19:24:54.457
Finished copy 11 at 2025-05-28T19:25:26.385
Finished copy 107 at 2025-05-28T19:26:00.331
Finished copy 12 at 2025-05-28T19:26:18.570
Finished copy 108 at 2025-05-28T19:26:51.893
Finished copy 411 at 2025-05-28T19:26:54.718
Finished copy 13 at 2025-05-28T19:27:17.513
Finished copy 305 at 2025-05-28T19:27:35.036
Finished copy 506 at 2025-05-28T19:27:41.962
Finished copy 412 at 2025-05-28T19:27:46.267
Finished copy 14 at 2025-05-28T19:28:21.655
Finished copy 306 at 2025-05-28T19:28:29.553
Finished copy 507 at 2025-05-28T19:28:42.603
Finished copy 413 at 2025-05-28T19:28:44.016
Finished copy 206 at 2025-05-28T19:28:50.889
Finished copy 307 at 2025-05-28T19:29:24.576
Finished copy 508 at 2025-05-28T19:29:43.871
Finished copy 109 at 2025-05-28T19:30:15.708
Finished copy 207 at 2025-05-28T19:30:23.289
Finished copy 15 at 2025-05-28T19:30:34.373
Finished copy 509 at 2025-05-28T19:30:45.969
Finished copy 110 at 2025-05-28T19:31:04.239
Finished copy 208 at 2025-05-28T19:31:28.360
Finished copy 414 at 2025-05-28T19:31:54.069
Finished copy 510 at 2025-05-28T19:31:56.907
Finished copy 16 at 2025-05-28T19:32:07.862
Finished copy 209 at 2025-05-28T19:32:34.665
Finished copy 511 at 2025-05-28T19:32:56.115
Finished copy 308 at 2025-05-28T19:33:16.815
Finished copy 512 at 2025-05-28T19:33:55.869
Finished copy 309 at 2025-05-28T19:34:29.036
Finished copy 210 at 2025-05-28T19:34:48.987
Finished copy 513 at 2025-05-28T19:34:49.471
Finished copy 111 at 2025-05-28T19:34:59.814
Finished copy 514 at 2025-05-28T19:35:38.024
Finished copy 17 at 2025-05-28T19:35:43.863
Finished copy 211 at 2025-05-28T19:35:55.374
Finished copy 112 at 2025-05-28T19:36:03.278
Finished copy 113 at 2025-05-28T19:36:49.984
Finished copy 415 at 2025-05-28T19:37:01.850
Finished copy 212 at 2025-05-28T19:37:16.156
Finished copy 114 at 2025-05-28T19:37:40.988
Finished copy 416 at 2025-05-28T19:37:53.682
Finished copy 213 at 2025-05-28T19:38:21.581
Finished copy 115 at 2025-05-28T19:38:31.837
Finished copy 417 at 2025-05-28T19:38:41.666
Finished copy 310 at 2025-05-28T19:39:13.399
Finished copy 214 at 2025-05-28T19:39:31.613
Finished copy 418 at 2025-05-28T19:39:39.761
Finished copy 311 at 2025-05-28T19:40:06.940
Finished copy 18 at 2025-05-28T19:40:23.374
Finished copy 419 at 2025-05-28T19:40:38.794
Finished copy 312 at 2025-05-28T19:40:54.099
Finished copy 215 at 2025-05-28T19:40:56.506
Finished copy 116 at 2025-05-28T19:41:01.107
Finished copy 420 at 2025-05-28T19:41:24.015
Finished copy 19 at 2025-05-28T19:41:29.430
Finished copy 515 at 2025-05-28T19:41:55.583
Finished copy 117 at 2025-05-28T19:41:55.714
Finished copy 313 at 2025-05-28T19:41:55.962
Finished copy 216 at 2025-05-28T19:42:10.792
Finished copy 421 at 2025-05-28T19:42:13.833
Finished copy 20 at 2025-05-28T19:42:28.140
Finished copy 314 at 2025-05-28T19:43:00.294
Finished copy 422 at 2025-05-28T19:43:05.097
Finished copy 21 at 2025-05-28T19:43:18.111
Finished copy 423 at 2025-05-28T19:43:53.752
Finished copy 118 at 2025-05-28T19:44:00.764
Finished copy 22 at 2025-05-28T19:44:14.926
Finished copy 315 at 2025-05-28T19:44:26.763
Finished copy 424 at 2025-05-28T19:44:48.036
Finished copy 119 at 2025-05-28T19:44:52.631
Finished copy 217 at 2025-05-28T19:45:01.295
Finished copy 23 at 2025-05-28T19:45:08.429
Finished copy 316 at 2025-05-28T19:45:21.456
Finished copy 516 at 2025-05-28T19:45:24.219
Finished copy 120 at 2025-05-28T19:45:45.531
Finished copy 24 at 2025-05-28T19:46:02.586
Finished copy 517 at 2025-05-28T19:46:17.786
Finished copy 317 at 2025-05-28T19:46:18.172
Finished copy 218 at 2025-05-28T19:46:23.088
Finished copy 121 at 2025-05-28T19:46:46.626
Finished copy 25 at 2025-05-28T19:46:51.198
Finished copy 318 at 2025-05-28T19:47:08.938
Finished copy 518 at 2025-05-28T19:47:20.198
Finished copy 122 at 2025-05-28T19:47:55.330
Finished copy 319 at 2025-05-28T19:47:55.484
Finished copy 219 at 2025-05-28T19:47:55.633
Finished copy 519 at 2025-05-28T19:48:05.869
Finished copy 26 at 2025-05-28T19:48:24.930
Finished copy 123 at 2025-05-28T19:48:52.746
Finished copy 520 at 2025-05-28T19:49:02.977
Finished copy 27 at 2025-05-28T19:49:18.054
Finished copy 220 at 2025-05-28T19:49:39.231
Finished copy 425 at 2025-05-28T19:49:57.597
Finished copy 28 at 2025-05-28T19:50:14.518
Finished copy 124 at 2025-05-28T19:51:03.786
Finished copy 320 at 2025-05-28T19:51:08.599
Finished copy 29 at 2025-05-28T19:51:11.286
Finished copy 30 at 2025-05-28T19:51:59.311
Finished copy 125 at 2025-05-28T19:52:11.451
Finished copy 31 at 2025-05-28T19:52:44.069
Finished copy 521 at 2025-05-28T19:53:08.334
Finished copy 126 at 2025-05-28T19:53:32.827
Finished copy 32 at 2025-05-28T19:53:37.547
Finished copy 221 at 2025-05-28T19:53:54.581
Finished copy 426 at 2025-05-28T19:54:08.015
Finished copy 522 at 2025-05-28T19:54:18.060
Finished copy 127 at 2025-05-28T19:54:46.165
Finished copy 427 at 2025-05-28T19:55:01.546
Finished copy 222 at 2025-05-28T19:55:05.298
Finished copy 321 at 2025-05-28T19:55:07.523
Finished copy 33 at 2025-05-28T19:56:08.742
Finished copy 428 at 2025-05-28T19:56:25.638
Finished copy 523 at 2025-05-28T19:56:33.881
Finished copy 322 at 2025-05-28T19:56:56.205
Finished copy 524 at 2025-05-28T19:57:23.767
Finished copy 323 at 2025-05-28T19:57:50.549
Finished copy 429 at 2025-05-28T19:58:08.057
Finished copy 525 at 2025-05-28T19:58:15.755
Finished copy 128 at 2025-05-28T19:58:40.301
Finished copy 324 at 2025-05-28T19:58:49.401
Finished copy 526 at 2025-05-28T19:59:12.336
Finished copy 430 at 2025-05-28T19:59:12.415
Finished copy 325 at 2025-05-28T19:59:51.979
Finished copy 527 at 2025-05-28T20:00:17.762
Finished copy 34 at 2025-05-28T20:00:26.067
Finished copy 431 at 2025-05-28T20:00:27.945
Finished copy 129 at 2025-05-28T20:00:39.754
Finished copy 326 at 2025-05-28T20:00:53.047
Finished copy 223 at 2025-05-28T20:01:09.443
Finished copy 528 at 2025-05-28T20:01:14.180
Finished copy 35 at 2025-05-28T20:01:17.426
Finished copy 130 at 2025-05-28T20:01:36.309
Finished copy 432 at 2025-05-28T20:01:50.504
Finished copy 529 at 2025-05-28T20:02:03.477
Finished copy 36 at 2025-05-28T20:02:10.879
Finished copy 224 at 2025-05-28T20:02:22.717
Finished copy 131 at 2025-05-28T20:02:31.165
Finished copy 327 at 2025-05-28T20:02:34.003
Finished copy 530 at 2025-05-28T20:02:56.231
Finished copy 37 at 2025-05-28T20:03:05.192
Finished copy 328 at 2025-05-28T20:03:25.512
Finished copy 132 at 2025-05-28T20:03:29.320
Finished copy 531 at 2025-05-28T20:03:46.796
Finished copy 225 at 2025-05-28T20:03:52.053
Finished copy 433 at 2025-05-28T20:04:04.798
Finished copy 329 at 2025-05-28T20:04:30.404
Finished copy 133 at 2025-05-28T20:04:48.005
Finished copy 226 at 2025-05-28T20:05:07.326
Finished copy 434 at 2025-05-28T20:05:11.494
Finished copy 330 at 2025-05-28T20:05:18.472
Finished copy 134 at 2025-05-28T20:05:37.919
Finished copy 331 at 2025-05-28T20:06:10.985
Finished copy 135 at 2025-05-28T20:06:44.799
Finished copy 332 at 2025-05-28T20:07:02.070
Finished copy 136 at 2025-05-28T20:07:39.236
Finished copy 38 at 2025-05-28T20:07:54.906
Finished copy 137 at 2025-05-28T20:08:45.065
Finished copy 39 at 2025-05-28T20:08:47.577
Finished copy 532 at 2025-05-28T20:09:35.406
Finished copy 40 at 2025-05-28T20:09:47.506
Finished copy 138 at 2025-05-28T20:09:51.596
Finished copy 227 at 2025-05-28T20:10:04.652
Finished copy 435 at 2025-05-28T20:10:05.428
Finished copy 533 at 2025-05-28T20:10:38.047
Finished copy 436 at 2025-05-28T20:11:19.531
Finished copy 228 at 2025-05-28T20:11:24.793
Finished copy 534 at 2025-05-28T20:11:39.286
Finished copy 333 at 2025-05-28T20:11:57.904
Finished copy 437 at 2025-05-28T20:12:24.022
Finished copy 535 at 2025-05-28T20:12:37.547
Finished copy 334 at 2025-05-28T20:12:48.542
Finished copy 229 at 2025-05-28T20:12:48.964
Finished copy 41 at 2025-05-28T20:12:55.053
Finished copy 139 at 2025-05-28T20:12:59.524
Finished copy 536 at 2025-05-28T20:13:29.713
Finished copy 438 at 2025-05-28T20:13:41.503
Finished copy 42 at 2025-05-28T20:13:58.513
Finished copy 140 at 2025-05-28T20:14:01.402
Finished copy 230 at 2025-05-28T20:14:29.047
Finished copy 537 at 2025-05-28T20:14:45.773
Finished copy 439 at 2025-05-28T20:14:47.753
Finished copy 43 at 2025-05-28T20:15:01.864
Finished copy 141 at 2025-05-28T20:15:04.298
Finished copy 538 at 2025-05-28T20:15:31.129
Finished copy 231 at 2025-05-28T20:15:42.538
Finished copy 44 at 2025-05-28T20:15:47.409
Finished copy 440 at 2025-05-28T20:15:59.797
Finished copy 539 at 2025-05-28T20:16:28.654
Finished copy 335 at 2025-05-28T20:16:41.403
Finished copy 45 at 2025-05-28T20:16:53.024
Finished copy 232 at 2025-05-28T20:17:13.242
Finished copy 540 at 2025-05-28T20:17:29.163
Finished copy 336 at 2025-05-28T20:17:44.066
Finished copy 46 at 2025-05-28T20:17:55.475
Finished copy 233 at 2025-05-28T20:18:41.542
Finished copy 541 at 2025-05-28T20:18:52.235
Finished copy 337 at 2025-05-28T20:18:57.032
Finished copy 142 at 2025-05-28T20:19:07.545
Finished copy 47 at 2025-05-28T20:19:10.969
Finished copy 542 at 2025-05-28T20:19:47.785
Finished copy 338 at 2025-05-28T20:19:53.696
Finished copy 143 at 2025-05-28T20:20:07.041
Finished copy 48 at 2025-05-28T20:20:10.466
Finished copy 543 at 2025-05-28T20:20:48.161
Finished copy 234 at 2025-05-28T20:20:58.153
Finished copy 144 at 2025-05-28T20:21:12.021
Finished copy 441 at 2025-05-28T20:21:14.005
Finished copy 544 at 2025-05-28T20:22:04.692
Finished copy 49 at 2025-05-28T20:22:06.913
Finished copy 145 at 2025-05-28T20:22:18.432
Finished copy 442 at 2025-05-28T20:22:19.207
Finished copy 235 at 2025-05-28T20:22:41.762
Finished copy 339 at 2025-05-28T20:22:55.282
Finished copy 545 at 2025-05-28T20:22:59.807
Finished copy 50 at 2025-05-28T20:23:02.970
Finished copy 443 at 2025-05-28T20:23:19.028
Finished copy 340 at 2025-05-28T20:23:51.320
Finished copy 546 at 2025-05-28T20:23:57.706
Finished copy 51 at 2025-05-28T20:24:01.588
Finished copy 444 at 2025-05-28T20:24:22.123
Finished copy 341 at 2025-05-28T20:24:52.850
Finished copy 547 at 2025-05-28T20:25:02.836
Finished copy 52 at 2025-05-28T20:25:16.232
Finished copy 445 at 2025-05-28T20:25:31.137
Finished copy 342 at 2025-05-28T20:25:48.132
Finished copy 548 at 2025-05-28T20:26:06.729
Finished copy 53 at 2025-05-28T20:26:15.026
Finished copy 446 at 2025-05-28T20:26:21.465
Finished copy 343 at 2025-05-28T20:26:44.572
Finished copy 549 at 2025-05-28T20:27:02.197
Finished copy 54 at 2025-05-28T20:27:17.829
Finished copy 146 at 2025-05-28T20:27:21.659
Finished copy 344 at 2025-05-28T20:27:39.518
Finished copy 550 at 2025-05-28T20:27:49.891
Finished copy 147 at 2025-05-28T20:28:20.885
Finished copy 345 at 2025-05-28T20:28:35.147
Finished copy 551 at 2025-05-28T20:28:49.324
Finished copy 236 at 2025-05-28T20:28:56.215
Finished copy 148 at 2025-05-28T20:29:07.664
Finished copy 346 at 2025-05-28T20:29:17.895
Finished copy 447 at 2025-05-28T20:29:40.251
Finished copy 552 at 2025-05-28T20:29:42.629
Finished copy 347 at 2025-05-28T20:30:26.145
Finished copy 448 at 2025-05-28T20:30:30.544
Finished copy 237 at 2025-05-28T20:30:48.575
Finished copy 55 at 2025-05-28T20:30:54.465
Finished copy 553 at 2025-05-28T20:31:04.538
Finished copy 348 at 2025-05-28T20:31:15.421
Finished copy 149 at 2025-05-28T20:31:21.083
Finished copy 449 at 2025-05-28T20:31:42.988
Finished copy 56 at 2025-05-28T20:31:47.566
Finished copy 238 at 2025-05-28T20:32:23.868
Finished copy 150 at 2025-05-28T20:32:25.255
Finished copy 349 at 2025-05-28T20:32:35.149
Finished copy 57 at 2025-05-28T20:32:38.462
Finished copy 450 at 2025-05-28T20:32:46.229
Finished copy 58 at 2025-05-28T20:33:30.294
Finished copy 451 at 2025-05-28T20:33:38.050
Finished copy 151 at 2025-05-28T20:33:50.895
Finished copy 350 at 2025-05-28T20:33:51.849
Finished copy 59 at 2025-05-28T20:34:15.931
Finished copy 239 at 2025-05-28T20:34:30.328
Finished copy 554 at 2025-05-28T20:34:31.642
Finished copy 452 at 2025-05-28T20:34:33.742
Finished copy 351 at 2025-05-28T20:34:46.484
Finished copy 60 at 2025-05-28T20:35:06.866
Finished copy 352 at 2025-05-28T20:35:48.827
Finished copy 61 at 2025-05-28T20:36:01.964
Finished copy 240 at 2025-05-28T20:36:14.111
Finished copy 353 at 2025-05-28T20:36:47.268
Finished copy 62 at 2025-05-28T20:36:56.299
Finished copy 453 at 2025-05-28T20:37:31.672
Finished copy 63 at 2025-05-28T20:37:42.237
Finished copy 354 at 2025-05-28T20:37:46.523
Finished copy 241 at 2025-05-28T20:37:53.824
Finished copy 555 at 2025-05-28T20:37:58.124
Finished copy 454 at 2025-05-28T20:38:23.363
Finished copy 64 at 2025-05-28T20:38:29.329
Finished copy 355 at 2025-05-28T20:38:33.796
Finished copy 556 at 2025-05-28T20:38:56.977
Finished copy 455 at 2025-05-28T20:39:27.580
Finished copy 152 at 2025-05-28T20:39:30.431
Finished copy 242 at 2025-05-28T20:39:35.455
Finished copy 65 at 2025-05-28T20:39:35.483
Finished copy 356 at 2025-05-28T20:39:39.316
Finished copy 557 at 2025-05-28T20:39:45.419
Finished copy 456 at 2025-05-28T20:40:31.574
Finished copy 66 at 2025-05-28T20:40:47.601
Finished copy 558 at 2025-05-28T20:40:49.704
Finished copy 357 at 2025-05-28T20:40:55.688
Finished copy 243 at 2025-05-28T20:41:00.528
Finished copy 457 at 2025-05-28T20:41:58.533
Finished copy 358 at 2025-05-28T20:42:08.601
Finished copy 559 at 2025-05-28T20:42:10.606
Finished copy 67 at 2025-05-28T20:42:24.188
Finished copy 244 at 2025-05-28T20:42:49.169
Finished copy 458 at 2025-05-28T20:42:52.118
Finished copy 560 at 2025-05-28T20:43:12.962
Finished copy 68 at 2025-05-28T20:43:16.786
Finished copy 69 at 2025-05-28T20:44:10.403
Finished copy 561 at 2025-05-28T20:44:14.025
Finished copy 359 at 2025-05-28T20:44:39.223
Finished copy 245 at 2025-05-28T20:44:39.711
Finished copy 562 at 2025-05-28T20:45:15.629
Finished copy 459 at 2025-05-28T20:45:19.430
Finished copy 153 at 2025-05-28T20:45:22.662
Finished copy 70 at 2025-05-28T20:45:45.347
Finished copy 246 at 2025-05-28T20:46:05.526
Finished copy 563 at 2025-05-28T20:46:18.074
Finished copy 460 at 2025-05-28T20:46:22.452
Finished copy 154 at 2025-05-28T20:46:27.922
Finished copy 71 at 2025-05-28T20:46:51.683
Finished copy 564 at 2025-05-28T20:47:21.331
Finished copy 247 at 2025-05-28T20:47:26.924
Finished copy 461 at 2025-05-28T20:47:31.252
Finished copy 155 at 2025-05-28T20:47:32.009
Finished copy 72 at 2025-05-28T20:47:59.498
Finished copy 360 at 2025-05-28T20:48:11.120
Finished copy 462 at 2025-05-28T20:48:40.465
Finished copy 565 at 2025-05-28T20:48:41.676
Finished copy 248 at 2025-05-28T20:48:45.282
Finished copy 361 at 2025-05-28T20:49:20.644
Finished copy 463 at 2025-05-28T20:49:54.497
Finished copy 249 at 2025-05-28T20:50:04.075
Finished copy 362 at 2025-05-28T20:50:14.869
Finished copy 464 at 2025-05-28T20:50:47.373
Finished copy 363 at 2025-05-28T20:51:06.555
Finished copy 465 at 2025-05-28T20:51:39.480
Finished copy 156 at 2025-05-28T20:51:48.939
Finished copy 364 at 2025-05-28T20:51:56.072
Finished copy 250 at 2025-05-28T20:52:11.653
Finished copy 157 at 2025-05-28T20:52:37.765
Finished copy 365 at 2025-05-28T20:52:45.331
Finished copy 566 at 2025-05-28T20:52:49.284
Finished copy 366 at 2025-05-28T20:53:38.480
Finished copy 251 at 2025-05-28T20:54:16.442
Finished copy 367 at 2025-05-28T20:54:25.641
Finished copy 73 at 2025-05-28T20:54:35.767
Finished copy 466 at 2025-05-28T20:54:59.873
Finished copy 368 at 2025-05-28T20:55:29.977
Finished copy 74 at 2025-05-28T20:55:32.560
Finished copy 467 at 2025-05-28T20:56:00.242
Finished copy 252 at 2025-05-28T20:56:02.193
Finished copy 158 at 2025-05-28T20:56:15.831
Finished copy 369 at 2025-05-28T20:56:19.262
Finished copy 75 at 2025-05-28T20:56:24.373
Finished copy 567 at 2025-05-28T20:57:05.333
Finished copy 468 at 2025-05-28T20:57:10.986
Finished copy 253 at 2025-05-28T20:57:37.691
Finished copy 568 at 2025-05-28T20:57:55.334
Finished copy 469 at 2025-05-28T20:58:21.019
Finished copy 370 at 2025-05-28T20:58:36.940
Finished copy 569 at 2025-05-28T20:58:42.331
Finished copy 254 at 2025-05-28T20:58:43.448
Finished copy 159 at 2025-05-28T20:59:05.477
Finished copy 371 at 2025-05-28T20:59:21.506
Finished copy 570 at 2025-05-28T20:59:41.052
Finished copy 160 at 2025-05-28T20:59:57.979
Finished copy 76 at 2025-05-28T21:00:09.050
Finished copy 470 at 2025-05-28T21:00:14.476
Finished copy 372 at 2025-05-28T21:00:16.698
Finished copy 255 at 2025-05-28T21:00:18.388
Finished copy 571 at 2025-05-28T21:00:34.996
Finished copy 77 at 2025-05-28T21:00:50.263
Finished copy 373 at 2025-05-28T21:01:04.797
Finished copy 161 at 2025-05-28T21:01:11.758
Finished copy 256 at 2025-05-28T21:01:35.259
Finished copy 78 at 2025-05-28T21:01:40.776
Finished copy 572 at 2025-05-28T21:01:42.896
Finished copy 471 at 2025-05-28T21:01:51.846
Finished copy 374 at 2025-05-28T21:01:57.140
Finished copy 162 at 2025-05-28T21:02:10.174
Finished copy 163 at 2025-05-28T21:02:59.714
Finished copy 472 at 2025-05-28T21:03:25.404
Finished copy 257 at 2025-05-28T21:03:41.782
Finished copy 164 at 2025-05-28T21:03:53.145
Finished copy 573 at 2025-05-28T21:04:37.417
Finished copy 165 at 2025-05-28T21:04:51.239
Finished copy 473 at 2025-05-28T21:04:54.665
Finished copy 79 at 2025-05-28T21:05:01.357
Finished copy 258 at 2025-05-28T21:05:15.157
Finished copy 166 at 2025-05-28T21:05:37.030
Finished copy 574 at 2025-05-28T21:05:40.179
Finished copy 80 at 2025-05-28T21:06:03.668
Finished copy 375 at 2025-05-28T21:06:08.944
Finished copy 474 at 2025-05-28T21:06:15.264
Finished copy 575 at 2025-05-28T21:06:29.190
Finished copy 167 at 2025-05-28T21:06:37.733
Finished copy 376 at 2025-05-28T21:07:04.336
Finished copy 475 at 2025-05-28T21:07:07.556
Finished copy 81 at 2025-05-28T21:07:08.752
Finished copy 576 at 2025-05-28T21:07:23.273
Finished copy 168 at 2025-05-28T21:07:40.498
Finished copy 377 at 2025-05-28T21:07:55.496
Finished copy 476 at 2025-05-28T21:08:01.534
Finished copy 82 at 2025-05-28T21:08:02.689
Finished copy 577 at 2025-05-28T21:08:10.087
Finished copy 259 at 2025-05-28T21:08:17.756
Finished copy 169 at 2025-05-28T21:08:40.110
Finished copy 378 at 2025-05-28T21:08:45.940
Finished copy 83 at 2025-05-28T21:09:06.797
Finished copy 477 at 2025-05-28T21:09:11.354
Finished copy 260 at 2025-05-28T21:09:29.716
Finished copy 578 at 2025-05-28T21:09:40.058
Finished copy 84 at 2025-05-28T21:10:04.478
Finished copy 379 at 2025-05-28T21:10:15.782
Finished copy 478 at 2025-05-28T21:10:19.872
Finished copy 579 at 2025-05-28T21:10:36.977
Finished copy 85 at 2025-05-28T21:10:58.218
Finished copy 380 at 2025-05-28T21:11:12.574
Finished copy 479 at 2025-05-28T21:11:13.996
Finished copy 261 at 2025-05-28T21:11:22.910
Finished copy 580 at 2025-05-28T21:11:36.160
Finished copy 170 at 2025-05-28T21:11:53.639
Finished copy 86 at 2025-05-28T21:11:53.806
Finished copy 381 at 2025-05-28T21:12:07.908
Finished copy 480 at 2025-05-28T21:12:18.778
Finished copy 581 at 2025-05-28T21:12:42.799
Finished copy 171 at 2025-05-28T21:12:51.275
Finished copy 87 at 2025-05-28T21:12:53.269
Finished copy 382 at 2025-05-28T21:12:57.953
Finished copy 262 at 2025-05-28T21:13:20.378
Finished copy 481 at 2025-05-28T21:13:21.932
Finished copy 172 at 2025-05-28T21:13:42.006
Finished copy 582 at 2025-05-28T21:14:30.010
Finished copy 173 at 2025-05-28T21:14:52.065
Finished copy 263 at 2025-05-28T21:15:40.985
Finished copy 583 at 2025-05-28T21:15:52.391
Finished copy 88 at 2025-05-28T21:16:22.861
Finished copy 584 at 2025-05-28T21:16:46.585
Finished copy 89 at 2025-05-28T21:17:15.746
Finished copy 174 at 2025-05-28T21:17:24.466
Finished copy 264 at 2025-05-28T21:17:32.783
Finished copy 585 at 2025-05-28T21:17:34.888
Finished copy 90 at 2025-05-28T21:18:25.217
Finished copy 383 at 2025-05-28T21:18:54.824
Finished copy 482 at 2025-05-28T21:19:04.973
Finished copy 265 at 2025-05-28T21:19:14.782
Finished copy 91 at 2025-05-28T21:19:28.198
Finished copy 384 at 2025-05-28T21:19:48.810
Finished copy 92 at 2025-05-28T21:20:20.501
Finished copy 483 at 2025-05-28T21:20:23.608
Finished copy 385 at 2025-05-28T21:21:01.206
Finished copy 266 at 2025-05-28T21:21:04.975
Finished copy 175 at 2025-05-28T21:21:05.577
Finished copy 93 at 2025-05-28T21:21:10.207
Finished copy 586 at 2025-05-28T21:21:50.705
Finished copy 484 at 2025-05-28T21:21:55.363
Finished copy 94 at 2025-05-28T21:21:56.130
Finished copy 267 at 2025-05-28T21:22:44.885
Finished copy 587 at 2025-05-28T21:22:49.560
Finished copy 95 at 2025-05-28T21:22:50.788
Finished copy 96 at 2025-05-28T21:23:41.626
Finished copy 485 at 2025-05-28T21:23:57.441
Finished copy 176 at 2025-05-28T21:24:38.277
Finished copy 386 at 2025-05-28T21:24:53.301
Finished copy 588 at 2025-05-28T21:26:51.522
Finished copy 97 at 2025-05-28T21:27:03.972
Finished copy 177 at 2025-05-28T21:27:11.455
Finished copy 98 at 2025-05-28T21:27:54.831
Finished copy 486 at 2025-05-28T21:28:01.937
Finished copy 178 at 2025-05-28T21:28:03.186
Finished copy 99 at 2025-05-28T21:28:49.211
Finished copy 487 at 2025-05-28T21:29:17.200
Finished copy 589 at 2025-05-28T21:29:23.655
Finished copy 179 at 2025-05-28T21:29:42.016
Finished copy 590 at 2025-05-28T21:30:18.468
Finished copy 268 at 2025-05-28T21:30:24.380
Finished copy 180 at 2025-05-28T21:30:29.863
Finished copy 387 at 2025-05-28T21:30:42.016
Finished copy 488 at 2025-05-28T21:30:46.845
Finished copy 591 at 2025-05-28T21:31:04.944
Finished copy 181 at 2025-05-28T21:31:16.223
Finished copy 489 at 2025-05-28T21:31:44.105
Finished copy 592 at 2025-05-28T21:31:50.036
Finished copy 388 at 2025-05-28T21:31:52.251
Finished copy 100 at 2025-05-28T21:32:00.820
Finished copy 182 at 2025-05-28T21:32:08.130
Finished copy 593 at 2025-05-28T21:32:40.113
Finished copy 490 at 2025-05-28T21:33:03.142
Finished copy 183 at 2025-05-28T21:33:03.249
Finished copy 594 at 2025-05-28T21:33:28.729
Finished copy 184 at 2025-05-28T21:34:06.213
Finished copy 491 at 2025-05-28T21:34:13.078
Finished copy 595 at 2025-05-28T21:34:21.296
Finished copy 185 at 2025-05-28T21:34:52.027
Finished copy 492 at 2025-05-28T21:35:01.737
Finished copy 389 at 2025-05-28T21:35:06.228
Finished copy 596 at 2025-05-28T21:35:11.824
Finished copy 186 at 2025-05-28T21:35:37.544
Finished copy 390 at 2025-05-28T21:35:56.588
Finished copy 597 at 2025-05-28T21:35:58.961
Finished copy 187 at 2025-05-28T21:36:20.259
Finished copy 598 at 2025-05-28T21:36:47.652
Finished copy 391 at 2025-05-28T21:36:51.696
Finished copy 188 at 2025-05-28T21:37:02.976
Finished copy 392 at 2025-05-28T21:37:46.293
Finished copy 189 at 2025-05-28T21:37:49.994
Finished copy 599 at 2025-05-28T21:38:18.427
Finished copy 493 at 2025-05-28T21:38:19.967
Finished copy 393 at 2025-05-28T21:38:30.275
Finished copy 190 at 2025-05-28T21:38:36.468
Finished copy 269 at 2025-05-28T21:39:08.674
Finished copy 600 at 2025-05-28T21:39:10.127
Finished copy 494 at 2025-05-28T21:39:12.575
Finished copy 495 at 2025-05-28T21:40:01.892
Finished copy 270 at 2025-05-28T21:40:18.658
Finished copy 496 at 2025-05-28T21:40:51.736
Finished copy 271 at 2025-05-28T21:41:08.366
Finished copy 394 at 2025-05-28T21:42:14.757
Finished copy 191 at 2025-05-28T21:42:23.986
Finished copy 395 at 2025-05-28T21:43:03.993
Finished copy 192 at 2025-05-28T21:43:05.153
Finished copy 396 at 2025-05-28T21:43:47.048
Finished copy 397 at 2025-05-28T21:44:41.748
Finished copy 497 at 2025-05-28T21:44:56.181
Finished copy 272 at 2025-05-28T21:45:17.750
Finished copy 398 at 2025-05-28T21:45:25.617
Finished copy 273 at 2025-05-28T21:46:23.388
Finished copy 193 at 2025-05-28T21:46:55.225
Finished copy 498 at 2025-05-28T21:46:59.987
Finished copy 274 at 2025-05-28T21:47:36.663
Finished copy 499 at 2025-05-28T21:47:46.243
Finished copy 194 at 2025-05-28T21:47:54.132
Finished copy 500 at 2025-05-28T21:48:26.366
Finished copy 275 at 2025-05-28T21:48:27.259
Finished copy 399 at 2025-05-28T21:48:29.666
Finished copy 195 at 2025-05-28T21:48:37.522
Finished copy 276 at 2025-05-28T21:49:16.229
Finished copy 400 at 2025-05-28T21:49:16.265
Finished copy 196 at 2025-05-28T21:49:19.245
Finished copy 277 at 2025-05-28T21:50:00.452
Finished copy 197 at 2025-05-28T21:50:01.833
Finished copy 198 at 2025-05-28T21:51:11.147
Finished copy 199 at 2025-05-28T21:52:43.992
Finished copy 278 at 2025-05-28T21:53:19.093
Finished copy 200 at 2025-05-28T21:55:35.187
Finished copy 279 at 2025-05-28T21:56:51.295
Finished copy 280 at 2025-05-28T21:57:32.807
Finished copy 281 at 2025-05-28T21:59:10.898
Finished copy 282 at 2025-05-28T21:59:41.896
Finished copy 283 at 2025-05-28T22:00:24.813
Finished copy 284 at 2025-05-28T22:00:56.684
Finished copy 285 at 2025-05-28T22:01:52.475
Finished copy 286 at 2025-05-28T22:03:13.537
Finished copy 287 at 2025-05-28T22:05:30.149
Finished copy 288 at 2025-05-28T22:06:04.741
Finished copy 289 at 2025-05-28T22:06:36.913
Finished copy 290 at 2025-05-28T22:07:13.374
Finished copy 291 at 2025-05-28T22:09:42.747
Finished copy 292 at 2025-05-28T22:10:17.642
Finished copy 293 at 2025-05-28T22:10:52.720
Finished copy 294 at 2025-05-28T22:11:26.372
Finished copy 295 at 2025-05-28T22:12:03.522
Finished copy 296 at 2025-05-28T22:12:37.618
Finished copy 297 at 2025-05-28T22:15:34.016
Finished copy 298 at 2025-05-28T22:17:58.929
Finished copy 299 at 2025-05-28T22:18:37.118
Finished copy 300 at 2025-05-28T22:19:12.918
