Starting saddles simulation at 2025-05-29T17:20:54.043
Lattice size: 45
Beta values: [0.1, 0.10279944599549397, 0.10567726096980483, 0.10863563882017176, 0.11167683486080235, 0.11480316754220751, 0.1180170202186681, 0.1213208429651809, 0.12471715444526921, 0.12820854383108135, 0.1317976727772417, 0.13548727744995842, 0.13928017061293513, 0.14317924377167612, 0.14718746937782085, 0.15130790309518719, 0.15554368612925135, 0.15989804762184037, 0.16437430711286308, 0.16897587707095507, 0.17370626549496876, 0.1785690785882898, 0.18356802350802015, 0.1887069111911229, 0.19398965925968314, 0.19942029500750083, 0.20500295847029057, 0.21074190558183128, 0.21664151141846955, 0.22270627353445155, 0.22894081539062563, 0.23534988987912978, 0.2419383829467506, 0.24871131731971624, 0.25567385633276335, 0.26283130786539594, 0.2701891283883382, 0.27775292712326566, 0.2855284703189852, 0.2935216856473252, 0.3017386667220857, 0.3101856777444941, 0.3188691582787082, 0.3277957281610069, 0.3369721925464105, 0.3464055470965792, 0.3561029833129435, 0.36607189401913226, 0.3763198789968798, 0.3868547507797058, 0.39768454060878644, 0.4088175045555577, 0.4202621298157168, 0.4320271411794205, 0.4441215076826148, 0.4565544494445634, 0.46933544469678873, 0.48247423700878694, 0.49598084271601944, 0.5098655585558504, 0.5241389695172453, 0.5388119569102191, 0.553895706661185, 0.5694017178405246, 0.5853418114288852, 0.601728139328883, 0.6185731936290858, 0.6358898161273345, 0.6536912081206652, 0.6719909404692954, 0.6908029639423454, 0.710141619853183, 0.730021650992499, 0.7504582128674476, 0.7714668852554213, 0.7930636840812662, 0.815265073626996, 0.8380879790833082, 0.8615497994524721, 0.885668420812431, 0.9104622299522194, 0.9359501283891019, 0.9621515467781114, 0.9890864597249744, 1.0167754010137187, 1.045239479260565, 1.0745003940060471, 1.1045804522576164, 1.1355025854953513, 1.1672903671537318, 1.1999680305928035, 1.2335604875724422, 1.2680933472437848, 1.3035929356723266, 1.3400863159075478, 1.3776013086143843, 1.4161665132822627, 1.4558113300278694, 1.4965659820082826, 1.5384615384615383]
Copies: 600
Move type: l chain flip
----------------------------------
Finished copy 101 at 2025-05-29T17:21:04.569
Finished copy 1 at 2025-05-29T17:21:13.466
Finished copy 401 at 2025-05-29T17:21:13.479
Finished copy 102 at 2025-05-29T17:21:15.124
Finished copy 501 at 2025-05-29T17:21:15.604
Finished copy 201 at 2025-05-29T17:21:16.812
Finished copy 301 at 2025-05-29T17:21:17.801
Finished copy 103 at 2025-05-29T17:21:28.335
Finished copy 402 at 2025-05-29T17:21:33.422
Finished copy 2 at 2025-05-29T17:21:34.753
Finished copy 302 at 2025-05-29T17:21:37.604
Finished copy 104 at 2025-05-29T17:21:38.759
Finished copy 202 at 2025-05-29T17:21:38.967
Finished copy 502 at 2025-05-29T17:21:39.696
Finished copy 105 at 2025-05-29T17:21:49.830
Finished copy 403 at 2025-05-29T17:21:53.891
Finished copy 3 at 2025-05-29T17:21:55.283
Finished copy 303 at 2025-05-29T17:21:58.244
Finished copy 503 at 2025-05-29T17:21:58.286
Finished copy 106 at 2025-05-29T17:22:01.090
Finished copy 203 at 2025-05-29T17:22:01.644
Finished copy 107 at 2025-05-29T17:22:11.199
Finished copy 4 at 2025-05-29T17:22:13.653
Finished copy 404 at 2025-05-29T17:22:14.476
Finished copy 304 at 2025-05-29T17:22:18.585
Finished copy 504 at 2025-05-29T17:22:18.664
Finished copy 204 at 2025-05-29T17:22:23.653
Finished copy 108 at 2025-05-29T17:22:24.327
Finished copy 5 at 2025-05-29T17:22:32.752
Finished copy 109 at 2025-05-29T17:22:35.185
Finished copy 405 at 2025-05-29T17:22:37.218
Finished copy 505 at 2025-05-29T17:22:38.479
Finished copy 305 at 2025-05-29T17:22:40.868
Finished copy 110 at 2025-05-29T17:22:45.695
Finished copy 205 at 2025-05-29T17:22:47.300
Finished copy 6 at 2025-05-29T17:22:52.188
Finished copy 111 at 2025-05-29T17:22:56.347
Finished copy 506 at 2025-05-29T17:23:00.125
Finished copy 406 at 2025-05-29T17:23:00.729
Finished copy 306 at 2025-05-29T17:23:02.727
Finished copy 112 at 2025-05-29T17:23:06.772
Finished copy 7 at 2025-05-29T17:23:14.724
Finished copy 206 at 2025-05-29T17:23:17.119
Finished copy 113 at 2025-05-29T17:23:18.218
Finished copy 507 at 2025-05-29T17:23:21.040
Finished copy 407 at 2025-05-29T17:23:21.387
Finished copy 307 at 2025-05-29T17:23:24.629
Finished copy 114 at 2025-05-29T17:23:29.007
Finished copy 8 at 2025-05-29T17:23:35.373
Finished copy 508 at 2025-05-29T17:23:39.656
Finished copy 207 at 2025-05-29T17:23:40.176
Finished copy 115 at 2025-05-29T17:23:40.214
Finished copy 408 at 2025-05-29T17:23:46.894
Finished copy 308 at 2025-05-29T17:23:47.789
Finished copy 116 at 2025-05-29T17:23:51.879
Finished copy 9 at 2025-05-29T17:23:54.454
Finished copy 208 at 2025-05-29T17:24:02.151
Finished copy 509 at 2025-05-29T17:24:02.562
Finished copy 117 at 2025-05-29T17:24:02.913
Finished copy 409 at 2025-05-29T17:24:08.678
Finished copy 309 at 2025-05-29T17:24:09.759
Finished copy 10 at 2025-05-29T17:24:10.916
Finished copy 118 at 2025-05-29T17:24:13.848
Finished copy 119 at 2025-05-29T17:24:25.152
Finished copy 209 at 2025-05-29T17:24:25.891
Finished copy 510 at 2025-05-29T17:24:26.267
Finished copy 410 at 2025-05-29T17:24:27.284
Finished copy 11 at 2025-05-29T17:24:27.397
Finished copy 310 at 2025-05-29T17:24:34.797
Finished copy 120 at 2025-05-29T17:24:36.403
Finished copy 411 at 2025-05-29T17:24:47.734
Finished copy 12 at 2025-05-29T17:24:47.993
Finished copy 511 at 2025-05-29T17:24:48.631
Finished copy 210 at 2025-05-29T17:24:49.311
Finished copy 121 at 2025-05-29T17:24:50.042
Finished copy 311 at 2025-05-29T17:24:56.808
Finished copy 122 at 2025-05-29T17:25:00.830
Finished copy 13 at 2025-05-29T17:25:07.074
Finished copy 512 at 2025-05-29T17:25:08.195
Finished copy 412 at 2025-05-29T17:25:08.498
Finished copy 123 at 2025-05-29T17:25:13.637
Finished copy 211 at 2025-05-29T17:25:14.679
Finished copy 312 at 2025-05-29T17:25:19.480
Finished copy 124 at 2025-05-29T17:25:26.445
Finished copy 14 at 2025-05-29T17:25:28.344
Finished copy 513 at 2025-05-29T17:25:29.708
Finished copy 413 at 2025-05-29T17:25:29.838
Finished copy 313 at 2025-05-29T17:25:37.833
Finished copy 125 at 2025-05-29T17:25:38.899
Finished copy 212 at 2025-05-29T17:25:39.310
Finished copy 15 at 2025-05-29T17:25:48.502
Finished copy 414 at 2025-05-29T17:25:48.641
Finished copy 126 at 2025-05-29T17:25:50.269
Finished copy 514 at 2025-05-29T17:25:51.762
Finished copy 314 at 2025-05-29T17:25:57.473
Finished copy 127 at 2025-05-29T17:26:01.001
Finished copy 213 at 2025-05-29T17:26:06.910
Finished copy 16 at 2025-05-29T17:26:07.781
Finished copy 415 at 2025-05-29T17:26:08.532
Finished copy 128 at 2025-05-29T17:26:12.253
Finished copy 515 at 2025-05-29T17:26:12.988
Finished copy 315 at 2025-05-29T17:26:18.363
Finished copy 129 at 2025-05-29T17:26:23.063
Finished copy 416 at 2025-05-29T17:26:27.467
Finished copy 214 at 2025-05-29T17:26:30.792
Finished copy 17 at 2025-05-29T17:26:31.179
Finished copy 516 at 2025-05-29T17:26:34.268
Finished copy 130 at 2025-05-29T17:26:34.450
Finished copy 316 at 2025-05-29T17:26:38.771
Finished copy 131 at 2025-05-29T17:26:44.904
Finished copy 417 at 2025-05-29T17:26:47.096
Finished copy 215 at 2025-05-29T17:26:53.371
Finished copy 18 at 2025-05-29T17:26:55.233
Finished copy 517 at 2025-05-29T17:26:55.365
Finished copy 132 at 2025-05-29T17:26:56.744
Finished copy 317 at 2025-05-29T17:26:58.690
Finished copy 133 at 2025-05-29T17:27:08.204
Finished copy 418 at 2025-05-29T17:27:09.927
Finished copy 19 at 2025-05-29T17:27:14.707
Finished copy 216 at 2025-05-29T17:27:15.367
Finished copy 518 at 2025-05-29T17:27:19.502
Finished copy 134 at 2025-05-29T17:27:19.831
Finished copy 318 at 2025-05-29T17:27:20.845
Finished copy 135 at 2025-05-29T17:27:31.832
Finished copy 419 at 2025-05-29T17:27:34.492
Finished copy 20 at 2025-05-29T17:27:36.559
Finished copy 217 at 2025-05-29T17:27:37.618
Finished copy 319 at 2025-05-29T17:27:41.994
Finished copy 136 at 2025-05-29T17:27:42.767
Finished copy 519 at 2025-05-29T17:27:44.564
Finished copy 420 at 2025-05-29T17:27:53.563
Finished copy 137 at 2025-05-29T17:27:53.609
Finished copy 21 at 2025-05-29T17:27:58.834
Finished copy 320 at 2025-05-29T17:28:01.712
Finished copy 218 at 2025-05-29T17:28:02.622
Finished copy 520 at 2025-05-29T17:28:04.758
Finished copy 138 at 2025-05-29T17:28:05.317
Finished copy 421 at 2025-05-29T17:28:11.981
Finished copy 139 at 2025-05-29T17:28:18.412
Finished copy 22 at 2025-05-29T17:28:18.883
Finished copy 219 at 2025-05-29T17:28:25.234
Finished copy 321 at 2025-05-29T17:28:25.377
Finished copy 521 at 2025-05-29T17:28:27.624
Finished copy 140 at 2025-05-29T17:28:30.756
Finished copy 422 at 2025-05-29T17:28:31.647
Finished copy 23 at 2025-05-29T17:28:39.368
Finished copy 141 at 2025-05-29T17:28:42.583
Finished copy 322 at 2025-05-29T17:28:45.192
Finished copy 522 at 2025-05-29T17:28:49.401
Finished copy 423 at 2025-05-29T17:28:52.899
Finished copy 142 at 2025-05-29T17:28:53.903
Finished copy 220 at 2025-05-29T17:28:53.986
Finished copy 24 at 2025-05-29T17:29:03.077
Finished copy 143 at 2025-05-29T17:29:05.827
Finished copy 323 at 2025-05-29T17:29:06.513
Finished copy 424 at 2025-05-29T17:29:13.276
Finished copy 523 at 2025-05-29T17:29:13.580
Finished copy 144 at 2025-05-29T17:29:17.035
Finished copy 221 at 2025-05-29T17:29:18.208
Finished copy 25 at 2025-05-29T17:29:24.365
Finished copy 145 at 2025-05-29T17:29:27.018
Finished copy 324 at 2025-05-29T17:29:28.450
Finished copy 425 at 2025-05-29T17:29:32.931
Finished copy 524 at 2025-05-29T17:29:36.348
Finished copy 146 at 2025-05-29T17:29:40.090
Finished copy 222 at 2025-05-29T17:29:41.294
Finished copy 26 at 2025-05-29T17:29:44.666
Finished copy 325 at 2025-05-29T17:29:50.635
Finished copy 147 at 2025-05-29T17:29:51.931
Finished copy 426 at 2025-05-29T17:29:51.976
Finished copy 27 at 2025-05-29T17:30:02.597
Finished copy 525 at 2025-05-29T17:30:03.119
Finished copy 148 at 2025-05-29T17:30:03.901
Finished copy 223 at 2025-05-29T17:30:05.236
Finished copy 427 at 2025-05-29T17:30:10.802
Finished copy 326 at 2025-05-29T17:30:13.993
Finished copy 149 at 2025-05-29T17:30:14.689
Finished copy 28 at 2025-05-29T17:30:23.326
Finished copy 526 at 2025-05-29T17:30:25.315
Finished copy 224 at 2025-05-29T17:30:27.190
Finished copy 150 at 2025-05-29T17:30:27.758
Finished copy 428 at 2025-05-29T17:30:30.226
Finished copy 327 at 2025-05-29T17:30:35.161
Finished copy 151 at 2025-05-29T17:30:40.484
Finished copy 29 at 2025-05-29T17:30:42.031
Finished copy 225 at 2025-05-29T17:30:49.891
Finished copy 429 at 2025-05-29T17:30:50.183
Finished copy 152 at 2025-05-29T17:30:51.152
Finished copy 328 at 2025-05-29T17:30:57.048
Finished copy 527 at 2025-05-29T17:31:01.100
Finished copy 153 at 2025-05-29T17:31:02.147
Finished copy 30 at 2025-05-29T17:31:05.948
Finished copy 430 at 2025-05-29T17:31:09.281
Finished copy 226 at 2025-05-29T17:31:14.199
Finished copy 154 at 2025-05-29T17:31:14.200
Finished copy 528 at 2025-05-29T17:31:20.690
Finished copy 329 at 2025-05-29T17:31:21.168
Finished copy 155 at 2025-05-29T17:31:26.265
Finished copy 31 at 2025-05-29T17:31:27.904
Finished copy 431 at 2025-05-29T17:31:36.491
Finished copy 156 at 2025-05-29T17:31:37.577
Finished copy 227 at 2025-05-29T17:31:37.900
Finished copy 529 at 2025-05-29T17:31:40.284
Finished copy 330 at 2025-05-29T17:31:42.181
Finished copy 157 at 2025-05-29T17:31:50.266
Finished copy 32 at 2025-05-29T17:31:50.271
Finished copy 432 at 2025-05-29T17:31:58.520
Finished copy 228 at 2025-05-29T17:32:00.541
Finished copy 530 at 2025-05-29T17:32:00.666
Finished copy 158 at 2025-05-29T17:32:02.373
Finished copy 331 at 2025-05-29T17:32:03.566
Finished copy 33 at 2025-05-29T17:32:08.713
Finished copy 159 at 2025-05-29T17:32:13.812
Finished copy 433 at 2025-05-29T17:32:18.806
Finished copy 531 at 2025-05-29T17:32:21.606
Finished copy 160 at 2025-05-29T17:32:24.747
Finished copy 229 at 2025-05-29T17:32:26.672
Finished copy 332 at 2025-05-29T17:32:28.004
Finished copy 34 at 2025-05-29T17:32:33.890
Finished copy 161 at 2025-05-29T17:32:36.841
Finished copy 434 at 2025-05-29T17:32:40.589
Finished copy 532 at 2025-05-29T17:32:42.712
Finished copy 162 at 2025-05-29T17:32:49.830
Finished copy 35 at 2025-05-29T17:32:51.773
Finished copy 333 at 2025-05-29T17:32:53.412
Finished copy 230 at 2025-05-29T17:32:58.087
Finished copy 435 at 2025-05-29T17:33:00.264
Finished copy 533 at 2025-05-29T17:33:02.086
Finished copy 163 at 2025-05-29T17:33:04.009
Finished copy 36 at 2025-05-29T17:33:11.791
Finished copy 334 at 2025-05-29T17:33:15.424
Finished copy 164 at 2025-05-29T17:33:15.472
Finished copy 436 at 2025-05-29T17:33:21.800
Finished copy 231 at 2025-05-29T17:33:22.384
Finished copy 534 at 2025-05-29T17:33:23.009
Finished copy 165 at 2025-05-29T17:33:25.841
Finished copy 37 at 2025-05-29T17:33:30.017
Finished copy 335 at 2025-05-29T17:33:36.451
Finished copy 166 at 2025-05-29T17:33:36.932
Finished copy 437 at 2025-05-29T17:33:41.665
Finished copy 535 at 2025-05-29T17:33:45.482
Finished copy 232 at 2025-05-29T17:33:47.358
Finished copy 167 at 2025-05-29T17:33:50.084
Finished copy 38 at 2025-05-29T17:33:50.833
Finished copy 336 at 2025-05-29T17:33:58.671
Finished copy 168 at 2025-05-29T17:34:01.608
Finished copy 438 at 2025-05-29T17:34:01.994
Finished copy 536 at 2025-05-29T17:34:08.645
Finished copy 233 at 2025-05-29T17:34:10.199
Finished copy 169 at 2025-05-29T17:34:14.419
Finished copy 39 at 2025-05-29T17:34:16.143
Finished copy 337 at 2025-05-29T17:34:21.942
Finished copy 439 at 2025-05-29T17:34:23.874
Finished copy 170 at 2025-05-29T17:34:26.499
Finished copy 537 at 2025-05-29T17:34:29.970
Finished copy 40 at 2025-05-29T17:34:34.189
Finished copy 234 at 2025-05-29T17:34:34.755
Finished copy 171 at 2025-05-29T17:34:37.663
Finished copy 338 at 2025-05-29T17:34:42.372
Finished copy 440 at 2025-05-29T17:34:45.122
Finished copy 172 at 2025-05-29T17:34:48.620
Finished copy 538 at 2025-05-29T17:34:54.313
Finished copy 41 at 2025-05-29T17:34:57.835
Finished copy 235 at 2025-05-29T17:34:59.064
Finished copy 173 at 2025-05-29T17:35:00.111
Finished copy 339 at 2025-05-29T17:35:04.667
Finished copy 441 at 2025-05-29T17:35:07.764
Finished copy 174 at 2025-05-29T17:35:12.232
Finished copy 539 at 2025-05-29T17:35:16.950
Finished copy 42 at 2025-05-29T17:35:16.977
Finished copy 175 at 2025-05-29T17:35:24.247
Finished copy 236 at 2025-05-29T17:35:26.410
Finished copy 340 at 2025-05-29T17:35:26.644
Finished copy 442 at 2025-05-29T17:35:27.571
Finished copy 176 at 2025-05-29T17:35:35.206
Finished copy 43 at 2025-05-29T17:35:39.089
Finished copy 443 at 2025-05-29T17:35:45.891
Finished copy 177 at 2025-05-29T17:35:46.907
Finished copy 341 at 2025-05-29T17:35:48.564
Finished copy 540 at 2025-05-29T17:35:49.940
Finished copy 237 at 2025-05-29T17:35:51.991
Finished copy 178 at 2025-05-29T17:35:57.072
Finished copy 44 at 2025-05-29T17:36:00.719
Finished copy 444 at 2025-05-29T17:36:04.477
Finished copy 179 at 2025-05-29T17:36:07.823
Finished copy 342 at 2025-05-29T17:36:10.937
Finished copy 541 at 2025-05-29T17:36:13.625
Finished copy 238 at 2025-05-29T17:36:19.473
Finished copy 180 at 2025-05-29T17:36:19.555
Finished copy 45 at 2025-05-29T17:36:23.644
Finished copy 445 at 2025-05-29T17:36:23.860
Finished copy 181 at 2025-05-29T17:36:30.227
Finished copy 343 at 2025-05-29T17:36:31.672
Finished copy 542 at 2025-05-29T17:36:38.313
Finished copy 182 at 2025-05-29T17:36:43.088
Finished copy 239 at 2025-05-29T17:36:43.783
Finished copy 46 at 2025-05-29T17:36:47.662
Finished copy 446 at 2025-05-29T17:36:48.287
Finished copy 183 at 2025-05-29T17:36:53.706
Finished copy 344 at 2025-05-29T17:36:53.708
Finished copy 543 at 2025-05-29T17:36:59.337
Finished copy 184 at 2025-05-29T17:37:05.158
Finished copy 47 at 2025-05-29T17:37:07.611
Finished copy 240 at 2025-05-29T17:37:07.615
Finished copy 447 at 2025-05-29T17:37:11.111
Finished copy 185 at 2025-05-29T17:37:15.793
Finished copy 345 at 2025-05-29T17:37:15.803
Finished copy 544 at 2025-05-29T17:37:19.555
Finished copy 186 at 2025-05-29T17:37:26.157
Finished copy 48 at 2025-05-29T17:37:29.331
Finished copy 448 at 2025-05-29T17:37:32.178
Finished copy 241 at 2025-05-29T17:37:33.115
Finished copy 346 at 2025-05-29T17:37:36.530
Finished copy 187 at 2025-05-29T17:37:37.184
Finished copy 545 at 2025-05-29T17:37:40.406
Finished copy 49 at 2025-05-29T17:37:48.888
Finished copy 188 at 2025-05-29T17:37:50.895
Finished copy 449 at 2025-05-29T17:37:56.976
Finished copy 347 at 2025-05-29T17:37:57.015
Finished copy 242 at 2025-05-29T17:37:57.602
Finished copy 189 at 2025-05-29T17:38:01.912
Finished copy 546 at 2025-05-29T17:38:07.138
Finished copy 50 at 2025-05-29T17:38:11.951
Finished copy 190 at 2025-05-29T17:38:15.076
Finished copy 348 at 2025-05-29T17:38:18.279
Finished copy 450 at 2025-05-29T17:38:20.038
Finished copy 243 at 2025-05-29T17:38:20.892
Finished copy 191 at 2025-05-29T17:38:25.913
Finished copy 547 at 2025-05-29T17:38:29.097
Finished copy 51 at 2025-05-29T17:38:31.537
Finished copy 192 at 2025-05-29T17:38:37.523
Finished copy 349 at 2025-05-29T17:38:39.401
Finished copy 451 at 2025-05-29T17:38:42.614
Finished copy 244 at 2025-05-29T17:38:47.340
Finished copy 193 at 2025-05-29T17:38:50.843
Finished copy 548 at 2025-05-29T17:38:52.229
Finished copy 52 at 2025-05-29T17:38:52.512
Finished copy 350 at 2025-05-29T17:38:58.877
Finished copy 452 at 2025-05-29T17:39:03.026
Finished copy 194 at 2025-05-29T17:39:05.765
Finished copy 549 at 2025-05-29T17:39:10.759
Finished copy 53 at 2025-05-29T17:39:12.585
Finished copy 245 at 2025-05-29T17:39:13.174
Finished copy 195 at 2025-05-29T17:39:17.563
Finished copy 351 at 2025-05-29T17:39:18.984
Finished copy 453 at 2025-05-29T17:39:24.891
Finished copy 196 at 2025-05-29T17:39:29.631
Finished copy 54 at 2025-05-29T17:39:31.575
Finished copy 246 at 2025-05-29T17:39:39.487
Finished copy 197 at 2025-05-29T17:39:40.314
Finished copy 550 at 2025-05-29T17:39:41.480
Finished copy 352 at 2025-05-29T17:39:42.717
Finished copy 454 at 2025-05-29T17:39:44.673
Finished copy 198 at 2025-05-29T17:39:51.964
Finished copy 55 at 2025-05-29T17:39:52.411
Finished copy 353 at 2025-05-29T17:40:04.769
Finished copy 199 at 2025-05-29T17:40:04.928
Finished copy 56 at 2025-05-29T17:40:06.923
Finished copy 455 at 2025-05-29T17:40:07.887
Finished copy 247 at 2025-05-29T17:40:08.471
Finished copy 551 at 2025-05-29T17:40:08.764
Finished copy 200 at 2025-05-29T17:40:18.250
Finished copy 57 at 2025-05-29T17:40:24.635
Finished copy 354 at 2025-05-29T17:40:24.647
Finished copy 552 at 2025-05-29T17:40:25.311
Finished copy 248 at 2025-05-29T17:40:27.070
Finished copy 456 at 2025-05-29T17:40:34.107
Finished copy 58 at 2025-05-29T17:40:37.256
Finished copy 355 at 2025-05-29T17:40:40.775
Finished copy 553 at 2025-05-29T17:40:46.111
Finished copy 59 at 2025-05-29T17:40:48.674
Finished copy 457 at 2025-05-29T17:40:53.620
Finished copy 356 at 2025-05-29T17:40:55.587
Finished copy 249 at 2025-05-29T17:40:55.591
Finished copy 60 at 2025-05-29T17:40:59.661
Finished copy 554 at 2025-05-29T17:41:06.607
Finished copy 61 at 2025-05-29T17:41:12.051
Finished copy 458 at 2025-05-29T17:41:14.788
Finished copy 250 at 2025-05-29T17:41:15.852
Finished copy 357 at 2025-05-29T17:41:18.010
Finished copy 62 at 2025-05-29T17:41:25.884
Finished copy 555 at 2025-05-29T17:41:28.832
Finished copy 459 at 2025-05-29T17:41:37.177
Finished copy 63 at 2025-05-29T17:41:38.656
Finished copy 358 at 2025-05-29T17:41:41.306
Finished copy 251 at 2025-05-29T17:41:42.060
Finished copy 64 at 2025-05-29T17:41:50.053
Finished copy 556 at 2025-05-29T17:41:50.238
Finished copy 460 at 2025-05-29T17:41:56.970
Finished copy 65 at 2025-05-29T17:42:02.942
Finished copy 359 at 2025-05-29T17:42:03.834
Finished copy 252 at 2025-05-29T17:42:09.930
Finished copy 557 at 2025-05-29T17:42:12.154
Finished copy 461 at 2025-05-29T17:42:16.327
Finished copy 66 at 2025-05-29T17:42:17.173
Finished copy 360 at 2025-05-29T17:42:26.418
Finished copy 67 at 2025-05-29T17:42:28.688
Finished copy 253 at 2025-05-29T17:42:35.092
Finished copy 558 at 2025-05-29T17:42:39.054
Finished copy 462 at 2025-05-29T17:42:39.146
Finished copy 68 at 2025-05-29T17:42:42.142
Finished copy 361 at 2025-05-29T17:42:47.073
Finished copy 69 at 2025-05-29T17:42:53.015
Finished copy 254 at 2025-05-29T17:42:57.882
Finished copy 559 at 2025-05-29T17:42:58.116
Finished copy 463 at 2025-05-29T17:43:02.849
Finished copy 70 at 2025-05-29T17:43:05.737
Finished copy 362 at 2025-05-29T17:43:09.497
Finished copy 560 at 2025-05-29T17:43:16.902
Finished copy 71 at 2025-05-29T17:43:17.431
Finished copy 464 at 2025-05-29T17:43:24.245
Finished copy 255 at 2025-05-29T17:43:28.701
Finished copy 72 at 2025-05-29T17:43:30.253
Finished copy 363 at 2025-05-29T17:43:30.790
Finished copy 73 at 2025-05-29T17:43:40.719
Finished copy 561 at 2025-05-29T17:43:42.063
Finished copy 465 at 2025-05-29T17:43:45.522
Finished copy 74 at 2025-05-29T17:43:51.818
Finished copy 364 at 2025-05-29T17:43:55.191
Finished copy 256 at 2025-05-29T17:44:01.269
Finished copy 75 at 2025-05-29T17:44:04.601
Finished copy 562 at 2025-05-29T17:44:06.733
Finished copy 466 at 2025-05-29T17:44:06.811
Finished copy 76 at 2025-05-29T17:44:15.512
Finished copy 365 at 2025-05-29T17:44:24.379
Finished copy 467 at 2025-05-29T17:44:25.434
Finished copy 563 at 2025-05-29T17:44:26.779
Finished copy 257 at 2025-05-29T17:44:27.759
Finished copy 77 at 2025-05-29T17:44:31.509
Finished copy 78 at 2025-05-29T17:44:42.495
Finished copy 366 at 2025-05-29T17:44:45.509
Finished copy 468 at 2025-05-29T17:44:46.146
Finished copy 258 at 2025-05-29T17:44:48.668
Finished copy 564 at 2025-05-29T17:44:51.038
Finished copy 79 at 2025-05-29T17:44:56.153
Finished copy 80 at 2025-05-29T17:45:08.068
Finished copy 469 at 2025-05-29T17:45:08.839
Finished copy 367 at 2025-05-29T17:45:10.234
Finished copy 565 at 2025-05-29T17:45:12.567
Finished copy 259 at 2025-05-29T17:45:12.659
Finished copy 81 at 2025-05-29T17:45:18.813
Finished copy 368 at 2025-05-29T17:45:31.247
Finished copy 566 at 2025-05-29T17:45:32.320
Finished copy 260 at 2025-05-29T17:45:32.956
Finished copy 82 at 2025-05-29T17:45:35.372
Finished copy 470 at 2025-05-29T17:45:37.514
Finished copy 83 at 2025-05-29T17:45:45.530
Finished copy 369 at 2025-05-29T17:45:52.360
Finished copy 261 at 2025-05-29T17:45:56.372
Finished copy 567 at 2025-05-29T17:45:56.677
Finished copy 471 at 2025-05-29T17:45:57.430
Finished copy 84 at 2025-05-29T17:45:57.820
Finished copy 85 at 2025-05-29T17:46:10.413
Finished copy 370 at 2025-05-29T17:46:14.449
Finished copy 568 at 2025-05-29T17:46:16.281
Finished copy 472 at 2025-05-29T17:46:16.651
Finished copy 262 at 2025-05-29T17:46:16.990
Finished copy 86 at 2025-05-29T17:46:22.260
Finished copy 87 at 2025-05-29T17:46:32.599
Finished copy 371 at 2025-05-29T17:46:36.400
Finished copy 473 at 2025-05-29T17:46:36.535
Finished copy 569 at 2025-05-29T17:46:37.777
Finished copy 263 at 2025-05-29T17:46:39.426
Finished copy 88 at 2025-05-29T17:46:45.154
Finished copy 474 at 2025-05-29T17:46:56.741
Finished copy 570 at 2025-05-29T17:46:58.707
Finished copy 372 at 2025-05-29T17:46:59.989
Finished copy 264 at 2025-05-29T17:47:01.127
Finished copy 89 at 2025-05-29T17:47:02.173
Finished copy 90 at 2025-05-29T17:47:14.524
Finished copy 475 at 2025-05-29T17:47:17.780
Finished copy 571 at 2025-05-29T17:47:21.607
Finished copy 373 at 2025-05-29T17:47:22.594
Finished copy 91 at 2025-05-29T17:47:27.001
Finished copy 265 at 2025-05-29T17:47:28.211
Finished copy 476 at 2025-05-29T17:47:37.600
Finished copy 92 at 2025-05-29T17:47:38.034
Finished copy 374 at 2025-05-29T17:47:43.199
Finished copy 572 at 2025-05-29T17:47:43.437
Finished copy 93 at 2025-05-29T17:47:49.330
Finished copy 266 at 2025-05-29T17:47:49.723
Finished copy 477 at 2025-05-29T17:47:57.921
Finished copy 94 at 2025-05-29T17:48:01.086
Finished copy 573 at 2025-05-29T17:48:03.678
Finished copy 375 at 2025-05-29T17:48:06.740
Finished copy 95 at 2025-05-29T17:48:12.368
Finished copy 267 at 2025-05-29T17:48:12.495
Finished copy 478 at 2025-05-29T17:48:16.698
Finished copy 96 at 2025-05-29T17:48:24.603
Finished copy 574 at 2025-05-29T17:48:25.106
Finished copy 376 at 2025-05-29T17:48:27.261
Finished copy 479 at 2025-05-29T17:48:36.974
Finished copy 97 at 2025-05-29T17:48:37.277
Finished copy 268 at 2025-05-29T17:48:38.200
Finished copy 575 at 2025-05-29T17:48:47.351
Finished copy 377 at 2025-05-29T17:48:49.089
Finished copy 98 at 2025-05-29T17:48:49.977
Finished copy 480 at 2025-05-29T17:48:56.677
Finished copy 99 at 2025-05-29T17:49:01.874
Finished copy 269 at 2025-05-29T17:49:04.369
Finished copy 378 at 2025-05-29T17:49:09.134
Finished copy 576 at 2025-05-29T17:49:09.356
Finished copy 481 at 2025-05-29T17:49:16.325
Finished copy 100 at 2025-05-29T17:49:22.590
Finished copy 270 at 2025-05-29T17:49:26.574
Finished copy 577 at 2025-05-29T17:49:26.876
Finished copy 379 at 2025-05-29T17:49:34.646
Finished copy 482 at 2025-05-29T17:49:37.394
Finished copy 578 at 2025-05-29T17:49:40.644
Finished copy 271 at 2025-05-29T17:49:46.942
Finished copy 483 at 2025-05-29T17:49:49.829
Finished copy 380 at 2025-05-29T17:49:50.292
Finished copy 579 at 2025-05-29T17:49:52.671
Finished copy 580 at 2025-05-29T17:50:06.687
Finished copy 484 at 2025-05-29T17:50:06.702
Finished copy 272 at 2025-05-29T17:50:07.385
Finished copy 381 at 2025-05-29T17:50:08.601
Finished copy 581 at 2025-05-29T17:50:20.429
Finished copy 485 at 2025-05-29T17:50:21.143
Finished copy 382 at 2025-05-29T17:50:23.783
Finished copy 273 at 2025-05-29T17:50:27.530
Finished copy 582 at 2025-05-29T17:50:31.171
Finished copy 486 at 2025-05-29T17:50:31.388
Finished copy 383 at 2025-05-29T17:50:35.446
Finished copy 487 at 2025-05-29T17:50:41.913
Finished copy 583 at 2025-05-29T17:50:46.861
Finished copy 384 at 2025-05-29T17:50:49.308
Finished copy 274 at 2025-05-29T17:50:50.974
Finished copy 488 at 2025-05-29T17:50:55.979
Finished copy 385 at 2025-05-29T17:51:02.638
Finished copy 584 at 2025-05-29T17:51:07.861
Finished copy 489 at 2025-05-29T17:51:08.314
Finished copy 275 at 2025-05-29T17:51:12.044
Finished copy 386 at 2025-05-29T17:51:13.570
Finished copy 490 at 2025-05-29T17:51:19.177
Finished copy 387 at 2025-05-29T17:51:26.456
Finished copy 491 at 2025-05-29T17:51:29.834
Finished copy 585 at 2025-05-29T17:51:34.139
Finished copy 276 at 2025-05-29T17:51:35.342
Finished copy 388 at 2025-05-29T17:51:41.771
Finished copy 492 at 2025-05-29T17:51:41.825
Finished copy 389 at 2025-05-29T17:51:52.681
Finished copy 586 at 2025-05-29T17:51:52.841
Finished copy 277 at 2025-05-29T17:51:56.070
Finished copy 493 at 2025-05-29T17:51:57.139
Finished copy 494 at 2025-05-29T17:52:07.945
Finished copy 587 at 2025-05-29T17:52:11.958
Finished copy 390 at 2025-05-29T17:52:12.363
Finished copy 278 at 2025-05-29T17:52:16.056
Finished copy 495 at 2025-05-29T17:52:19.435
Finished copy 588 at 2025-05-29T17:52:30.209
Finished copy 391 at 2025-05-29T17:52:31.989
Finished copy 496 at 2025-05-29T17:52:32.588
Finished copy 279 at 2025-05-29T17:52:36.560
Finished copy 497 at 2025-05-29T17:52:43.080
Finished copy 589 at 2025-05-29T17:52:49.159
Finished copy 392 at 2025-05-29T17:52:51.393
Finished copy 498 at 2025-05-29T17:52:55.579
Finished copy 280 at 2025-05-29T17:52:58.277
Finished copy 499 at 2025-05-29T17:53:07.702
Finished copy 590 at 2025-05-29T17:53:07.941
Finished copy 393 at 2025-05-29T17:53:08.712
Finished copy 500 at 2025-05-29T17:53:16.948
Finished copy 281 at 2025-05-29T17:53:21.590
Finished copy 591 at 2025-05-29T17:53:21.678
Finished copy 394 at 2025-05-29T17:53:26.826
Finished copy 592 at 2025-05-29T17:53:31.140
Finished copy 282 at 2025-05-29T17:53:40.931
Finished copy 593 at 2025-05-29T17:53:41.213
Finished copy 395 at 2025-05-29T17:53:41.694
Finished copy 594 at 2025-05-29T17:53:50.350
Finished copy 396 at 2025-05-29T17:53:58.056
Finished copy 595 at 2025-05-29T17:53:59.916
Finished copy 283 at 2025-05-29T17:53:59.955
Finished copy 596 at 2025-05-29T17:54:11.003
Finished copy 284 at 2025-05-29T17:54:12.476
Finished copy 397 at 2025-05-29T17:54:14.007
Finished copy 597 at 2025-05-29T17:54:21.083
Finished copy 285 at 2025-05-29T17:54:24.356
Finished copy 598 at 2025-05-29T17:54:30.517
Finished copy 398 at 2025-05-29T17:54:34.727
Finished copy 286 at 2025-05-29T17:54:39.365
Finished copy 599 at 2025-05-29T17:54:40.051
Finished copy 399 at 2025-05-29T17:54:48.195
Finished copy 600 at 2025-05-29T17:54:50.631
Finished copy 287 at 2025-05-29T17:54:53.274
Finished copy 400 at 2025-05-29T17:54:58.358
Finished copy 288 at 2025-05-29T17:55:02.227
Finished copy 289 at 2025-05-29T17:55:10.394
Finished copy 290 at 2025-05-29T17:55:19.152
Finished copy 291 at 2025-05-29T17:55:28.725
Finished copy 292 at 2025-05-29T17:55:36.531
Finished copy 293 at 2025-05-29T17:55:44.143
Finished copy 294 at 2025-05-29T17:55:52.613
Finished copy 295 at 2025-05-29T17:55:59.991
Finished copy 296 at 2025-05-29T17:56:07.977
Finished copy 297 at 2025-05-29T17:56:16.102
Finished copy 298 at 2025-05-29T17:56:24.152
Finished copy 299 at 2025-05-29T17:56:31.928
Finished copy 300 at 2025-05-29T17:56:40.356
