Starting saddles simulation at 2025-05-24T16:00:22.798
Lattice size: 101
Beta values: [0.1, 0.10279944599549397, 0.10567726096980483, 0.10863563882017176, 0.11167683486080235, 0.11480316754220751, 0.1180170202186681, 0.1213208429651809, 0.12471715444526921, 0.12820854383108135, 0.1317976727772417, 0.13548727744995842, 0.13928017061293513, 0.14317924377167612, 0.14718746937782085, 0.15130790309518719, 0.15554368612925135, 0.15989804762184037, 0.16437430711286308, 0.16897587707095507, 0.17370626549496876, 0.1785690785882898, 0.18356802350802015, 0.1887069111911229, 0.19398965925968314, 0.19942029500750083, 0.20500295847029057, 0.21074190558183128, 0.21664151141846955, 0.22270627353445155, 0.22894081539062563, 0.23534988987912978, 0.2419383829467506, 0.24871131731971624, 0.25567385633276335, 0.26283130786539594, 0.2701891283883382, 0.27775292712326566, 0.2855284703189852, 0.2935216856473252, 0.3017386667220857, 0.3101856777444941, 0.3188691582787082, 0.3277957281610069, 0.3369721925464105, 0.3464055470965792, 0.3561029833129435, 0.36607189401913226, 0.3763198789968798, 0.3868547507797058, 0.39768454060878644, 0.4088175045555577, 0.4202621298157168, 0.4320271411794205, 0.4441215076826148, 0.4565544494445634, 0.46933544469678873, 0.48247423700878694, 0.49598084271601944, 0.5098655585558504, 0.5241389695172453, 0.5388119569102191, 0.553895706661185, 0.5694017178405246, 0.5853418114288852, 0.601728139328883, 0.6185731936290858, 0.6358898161273345, 0.6536912081206652, 0.6719909404692954, 0.6908029639423454, 0.710141619853183, 0.730021650992499, 0.7504582128674476, 0.7714668852554213, 0.7930636840812662, 0.815265073626996, 0.8380879790833082, 0.8615497994524721, 0.885668420812431, 0.9104622299522194, 0.9359501283891019, 0.9621515467781114, 0.9890864597249744, 1.0167754010137187, 1.045239479260565, 1.0745003940060471, 1.1045804522576164, 1.1355025854953513, 1.1672903671537318, 1.1999680305928035, 1.2335604875724422, 1.2680933472437848, 1.3035929356723266, 1.3400863159075478, 1.3776013086143843, 1.4161665132822627, 1.4558113300278694, 1.4965659820082826, 1.5384615384615383]
Copies: 600
Move type: l chain flip
----------------------------------
Finished copy 101 at 2025-05-24T16:01:48.236
Finished copy 401 at 2025-05-24T16:01:50.755
Finished copy 1 at 2025-05-24T16:02:00.517
Finished copy 301 at 2025-05-24T16:02:06.275
Finished copy 201 at 2025-05-24T16:02:19.276
Finished copy 402 at 2025-05-24T16:03:18.085
Finished copy 2 at 2025-05-24T16:03:18.788
Finished copy 302 at 2025-05-24T16:03:27.310
Finished copy 202 at 2025-05-24T16:03:53.981
Finished copy 501 at 2025-05-24T16:03:54.099
Finished copy 3 at 2025-05-24T16:04:40.744
Finished copy 303 at 2025-05-24T16:04:47.603
Finished copy 502 at 2025-05-24T16:05:13.930
Finished copy 403 at 2025-05-24T16:05:45.225
Finished copy 4 at 2025-05-24T16:05:58.406
Finished copy 304 at 2025-05-24T16:06:04.468
Finished copy 102 at 2025-05-24T16:06:13.785
Finished copy 503 at 2025-05-24T16:06:25.234
Finished copy 203 at 2025-05-24T16:06:26.653
Finished copy 404 at 2025-05-24T16:07:02.106
Finished copy 5 at 2025-05-24T16:07:19.125
Finished copy 305 at 2025-05-24T16:07:32.846
Finished copy 204 at 2025-05-24T16:07:44.852
Finished copy 504 at 2025-05-24T16:08:21.139
Finished copy 6 at 2025-05-24T16:08:28.229
Finished copy 205 at 2025-05-24T16:09:13.695
Finished copy 505 at 2025-05-24T16:09:33.425
Finished copy 7 at 2025-05-24T16:09:39.600
Finished copy 405 at 2025-05-24T16:09:42.460
Finished copy 306 at 2025-05-24T16:10:04.980
Finished copy 103 at 2025-05-24T16:10:21.575
Finished copy 8 at 2025-05-24T16:10:45.451
Finished copy 506 at 2025-05-24T16:10:47.621
Finished copy 406 at 2025-05-24T16:10:50.957
Finished copy 307 at 2025-05-24T16:11:14.991
Finished copy 9 at 2025-05-24T16:11:50.084
Finished copy 407 at 2025-05-24T16:11:57.837
Finished copy 507 at 2025-05-24T16:11:58.978
Finished copy 104 at 2025-05-24T16:12:02.041
Finished copy 206 at 2025-05-24T16:12:04.979
Finished copy 308 at 2025-05-24T16:12:26.115
Finished copy 408 at 2025-05-24T16:13:03.279
Finished copy 508 at 2025-05-24T16:13:13.938
Finished copy 207 at 2025-05-24T16:13:21.984
Finished copy 309 at 2025-05-24T16:14:11.663
Finished copy 409 at 2025-05-24T16:14:13.067
Finished copy 509 at 2025-05-24T16:14:29.502
Finished copy 208 at 2025-05-24T16:14:33.981
Finished copy 10 at 2025-05-24T16:14:36.830
Finished copy 105 at 2025-05-24T16:14:47.787
Finished copy 310 at 2025-05-24T16:15:26.210
Finished copy 510 at 2025-05-24T16:15:32.245
Finished copy 209 at 2025-05-24T16:15:40.321
Finished copy 11 at 2025-05-24T16:15:45.556
Finished copy 106 at 2025-05-24T16:15:57.087
Finished copy 311 at 2025-05-24T16:16:35.079
Finished copy 511 at 2025-05-24T16:16:36.222
Finished copy 210 at 2025-05-24T16:16:43.346
Finished copy 12 at 2025-05-24T16:16:48.562
Finished copy 410 at 2025-05-24T16:17:12.488
Finished copy 512 at 2025-05-24T16:17:36.154
Finished copy 312 at 2025-05-24T16:17:44.069
Finished copy 13 at 2025-05-24T16:17:49.915
Finished copy 411 at 2025-05-24T16:18:19.373
Finished copy 107 at 2025-05-24T16:18:34.319
Finished copy 513 at 2025-05-24T16:18:39.536
Finished copy 313 at 2025-05-24T16:18:45.668
Finished copy 211 at 2025-05-24T16:18:59.259
Finished copy 412 at 2025-05-24T16:19:19.565
Finished copy 514 at 2025-05-24T16:19:45.035
Finished copy 314 at 2025-05-24T16:19:50.105
Finished copy 108 at 2025-05-24T16:19:56.640
Finished copy 212 at 2025-05-24T16:20:02.692
Finished copy 14 at 2025-05-24T16:20:03.195
Finished copy 413 at 2025-05-24T16:20:21.602
Finished copy 315 at 2025-05-24T16:20:49.120
Finished copy 515 at 2025-05-24T16:20:51.762
Finished copy 109 at 2025-05-24T16:20:56.899
Finished copy 15 at 2025-05-24T16:21:02.359
Finished copy 516 at 2025-05-24T16:21:49.585
Finished copy 213 at 2025-05-24T16:21:55.543
Finished copy 414 at 2025-05-24T16:21:59.147
Finished copy 16 at 2025-05-24T16:22:02.333
Finished copy 110 at 2025-05-24T16:22:02.945
Finished copy 316 at 2025-05-24T16:22:03.442
Finished copy 517 at 2025-05-24T16:22:50.695
Finished copy 415 at 2025-05-24T16:22:56.819
Finished copy 214 at 2025-05-24T16:23:06.271
Finished copy 111 at 2025-05-24T16:23:09.118
Finished copy 317 at 2025-05-24T16:23:09.564
Finished copy 318 at 2025-05-24T16:24:07.286
Finished copy 416 at 2025-05-24T16:24:10.678
Finished copy 112 at 2025-05-24T16:24:15.200
Finished copy 17 at 2025-05-24T16:24:36.122
Finished copy 319 at 2025-05-24T16:25:05.051
Finished copy 518 at 2025-05-24T16:25:09.121
Finished copy 113 at 2025-05-24T16:25:28.109
Finished copy 18 at 2025-05-24T16:25:49.037
Finished copy 519 at 2025-05-24T16:26:06.798
Finished copy 320 at 2025-05-24T16:26:12.924
Finished copy 114 at 2025-05-24T16:26:27.604
Finished copy 417 at 2025-05-24T16:26:29.357
Finished copy 215 at 2025-05-24T16:26:32.742
Finished copy 19 at 2025-05-24T16:26:58.653
Finished copy 321 at 2025-05-24T16:27:09.003
Finished copy 418 at 2025-05-24T16:27:36.677
Finished copy 216 at 2025-05-24T16:27:37.334
Finished copy 20 at 2025-05-24T16:27:55.994
Finished copy 520 at 2025-05-24T16:27:57.852
Finished copy 322 at 2025-05-24T16:28:14.811
Finished copy 419 at 2025-05-24T16:28:34.848
Finished copy 217 at 2025-05-24T16:28:44.535
Finished copy 115 at 2025-05-24T16:28:45.018
Finished copy 21 at 2025-05-24T16:28:52.069
Finished copy 521 at 2025-05-24T16:28:52.650
Finished copy 323 at 2025-05-24T16:29:10.677
Finished copy 420 at 2025-05-24T16:29:40.220
Finished copy 116 at 2025-05-24T16:29:40.780
Finished copy 218 at 2025-05-24T16:29:45.700
Finished copy 522 at 2025-05-24T16:29:57.815
Finished copy 22 at 2025-05-24T16:29:58.576
Finished copy 219 at 2025-05-24T16:30:51.245
Finished copy 117 at 2025-05-24T16:30:55.093
Finished copy 23 at 2025-05-24T16:30:55.784
Finished copy 324 at 2025-05-24T16:31:48.163
Finished copy 220 at 2025-05-24T16:31:57.744
Finished copy 118 at 2025-05-24T16:31:58.581
Finished copy 421 at 2025-05-24T16:32:02.405
Finished copy 24 at 2025-05-24T16:32:02.537
Finished copy 523 at 2025-05-24T16:32:29.238
Finished copy 325 at 2025-05-24T16:32:45.236
Finished copy 422 at 2025-05-24T16:33:02.212
Finished copy 119 at 2025-05-24T16:33:07.107
Finished copy 25 at 2025-05-24T16:33:14.664
Finished copy 326 at 2025-05-24T16:33:47.424
Finished copy 26 at 2025-05-24T16:34:18.871
Finished copy 524 at 2025-05-24T16:34:28.485
Finished copy 423 at 2025-05-24T16:34:50.493
Finished copy 221 at 2025-05-24T16:35:01.804
Finished copy 120 at 2025-05-24T16:35:13.940
Finished copy 27 at 2025-05-24T16:35:19.604
Finished copy 222 at 2025-05-24T16:36:08.419
Finished copy 424 at 2025-05-24T16:36:09.131
Finished copy 121 at 2025-05-24T16:36:17.622
Finished copy 525 at 2025-05-24T16:36:32.045
Finished copy 327 at 2025-05-24T16:36:45.181
Finished copy 223 at 2025-05-24T16:37:11.196
Finished copy 425 at 2025-05-24T16:37:19.189
Finished copy 28 at 2025-05-24T16:37:21.851
Finished copy 526 at 2025-05-24T16:37:31.213
Finished copy 122 at 2025-05-24T16:37:40.868
Finished copy 328 at 2025-05-24T16:37:49.197
Finished copy 29 at 2025-05-24T16:38:22.497
Finished copy 224 at 2025-05-24T16:38:25.898
Finished copy 527 at 2025-05-24T16:38:26.538
Finished copy 426 at 2025-05-24T16:38:31.446
Finished copy 123 at 2025-05-24T16:38:40.015
Finished copy 329 at 2025-05-24T16:38:59.026
Finished copy 30 at 2025-05-24T16:39:24.593
Finished copy 225 at 2025-05-24T16:39:30.021
Finished copy 528 at 2025-05-24T16:39:31.907
Finished copy 427 at 2025-05-24T16:39:52.366
Finished copy 124 at 2025-05-24T16:40:00.526
Finished copy 330 at 2025-05-24T16:40:00.851
Finished copy 31 at 2025-05-24T16:40:19.934
Finished copy 529 at 2025-05-24T16:40:29.694
Finished copy 226 at 2025-05-24T16:40:34.809
Finished copy 428 at 2025-05-24T16:40:49.072
Finished copy 125 at 2025-05-24T16:41:07.441
Finished copy 32 at 2025-05-24T16:41:17.441
Finished copy 227 at 2025-05-24T16:41:45.093
Finished copy 530 at 2025-05-24T16:41:45.973
Finished copy 429 at 2025-05-24T16:41:49.413
Finished copy 126 at 2025-05-24T16:42:05.892
Finished copy 331 at 2025-05-24T16:42:22.498
Finished copy 33 at 2025-05-24T16:42:27.541
Finished copy 430 at 2025-05-24T16:42:49.805
Finished copy 228 at 2025-05-24T16:42:51.046
Finished copy 127 at 2025-05-24T16:43:14.098
Finished copy 34 at 2025-05-24T16:43:28.681
Finished copy 531 at 2025-05-24T16:43:33.465
Finished copy 431 at 2025-05-24T16:43:48.704
Finished copy 229 at 2025-05-24T16:44:05.892
Finished copy 128 at 2025-05-24T16:44:13.801
Finished copy 332 at 2025-05-24T16:44:30.016
Finished copy 35 at 2025-05-24T16:44:34.468
Finished copy 532 at 2025-05-24T16:44:45.557
Finished copy 432 at 2025-05-24T16:44:52.849
Finished copy 230 at 2025-05-24T16:45:11.475
Finished copy 129 at 2025-05-24T16:45:17.262
Finished copy 333 at 2025-05-24T16:45:29.675
Finished copy 36 at 2025-05-24T16:45:32.428
Finished copy 533 at 2025-05-24T16:45:51.982
Finished copy 433 at 2025-05-24T16:45:58.770
Finished copy 231 at 2025-05-24T16:46:23.786
Finished copy 130 at 2025-05-24T16:46:25.445
Finished copy 334 at 2025-05-24T16:46:31.450
Finished copy 534 at 2025-05-24T16:46:48.877
Finished copy 434 at 2025-05-24T16:46:59.676
Finished copy 131 at 2025-05-24T16:47:23.326
Finished copy 232 at 2025-05-24T16:47:31.280
Finished copy 435 at 2025-05-24T16:48:14.064
Finished copy 233 at 2025-05-24T16:48:37.908
Finished copy 132 at 2025-05-24T16:48:38.832
Finished copy 37 at 2025-05-24T16:48:42.729
Finished copy 335 at 2025-05-24T16:48:59.967
Finished copy 535 at 2025-05-24T16:49:30.372
Finished copy 133 at 2025-05-24T16:49:32.896
Finished copy 336 at 2025-05-24T16:50:01.927
Finished copy 134 at 2025-05-24T16:50:38.283
Finished copy 536 at 2025-05-24T16:50:46.662
Finished copy 38 at 2025-05-24T16:50:50.290
Finished copy 436 at 2025-05-24T16:50:56.041
Finished copy 234 at 2025-05-24T16:51:03.039
Finished copy 337 at 2025-05-24T16:51:12.458
Finished copy 135 at 2025-05-24T16:51:35.774
Finished copy 537 at 2025-05-24T16:51:49.261
Finished copy 39 at 2025-05-24T16:51:50.597
Finished copy 437 at 2025-05-24T16:51:52.499
Finished copy 235 at 2025-05-24T16:52:02.633
Finished copy 338 at 2025-05-24T16:52:09.260
Finished copy 40 at 2025-05-24T16:52:57.352
Finished copy 438 at 2025-05-24T16:53:03.939
Finished copy 339 at 2025-05-24T16:53:05.410
Finished copy 236 at 2025-05-24T16:53:30.607
Finished copy 136 at 2025-05-24T16:53:35.046
Finished copy 41 at 2025-05-24T16:54:03.948
Finished copy 340 at 2025-05-24T16:54:19.238
Finished copy 538 at 2025-05-24T16:54:29.934
Finished copy 137 at 2025-05-24T16:54:33.965
Finished copy 237 at 2025-05-24T16:54:43.456
Finished copy 439 at 2025-05-24T16:55:10.627
Finished copy 42 at 2025-05-24T16:55:11.112
Finished copy 341 at 2025-05-24T16:55:22.947
Finished copy 138 at 2025-05-24T16:55:31.378
Finished copy 539 at 2025-05-24T16:55:34.630
Finished copy 238 at 2025-05-24T16:55:55.366
Finished copy 43 at 2025-05-24T16:56:19.293
Finished copy 440 at 2025-05-24T16:56:28.033
Finished copy 540 at 2025-05-24T16:56:35.929
Finished copy 239 at 2025-05-24T16:57:02.490
Finished copy 44 at 2025-05-24T16:57:17.354
Finished copy 541 at 2025-05-24T16:57:38.920
Finished copy 139 at 2025-05-24T16:57:54.690
Finished copy 240 at 2025-05-24T16:58:15.400
Finished copy 342 at 2025-05-24T16:58:22.234
Finished copy 45 at 2025-05-24T16:58:36.409
Finished copy 441 at 2025-05-24T16:58:50.336
Finished copy 140 at 2025-05-24T16:58:57.637
Finished copy 241 at 2025-05-24T16:59:26.769
Finished copy 343 at 2025-05-24T16:59:35.475
Finished copy 46 at 2025-05-24T16:59:42.291
Finished copy 442 at 2025-05-24T16:59:59.324
Finished copy 141 at 2025-05-24T17:00:04.894
Finished copy 542 at 2025-05-24T17:00:27.810
Finished copy 242 at 2025-05-24T17:00:31.547
Finished copy 344 at 2025-05-24T17:00:38.272
Finished copy 47 at 2025-05-24T17:01:03.915
Finished copy 543 at 2025-05-24T17:01:30.948
Finished copy 243 at 2025-05-24T17:01:49.439
Finished copy 345 at 2025-05-24T17:01:55.478
Finished copy 443 at 2025-05-24T17:02:02.868
Finished copy 48 at 2025-05-24T17:02:08.977
Finished copy 142 at 2025-05-24T17:02:23.754
Finished copy 544 at 2025-05-24T17:02:37.425
Finished copy 346 at 2025-05-24T17:02:52.492
Finished copy 244 at 2025-05-24T17:02:58.252
Finished copy 444 at 2025-05-24T17:03:00.041
Finished copy 49 at 2025-05-24T17:03:12.151
Finished copy 143 at 2025-05-24T17:03:30.491
Finished copy 545 at 2025-05-24T17:03:39.143
Finished copy 445 at 2025-05-24T17:03:54.435
Finished copy 245 at 2025-05-24T17:04:18.057
Finished copy 546 at 2025-05-24T17:04:45.587
Finished copy 347 at 2025-05-24T17:05:06.883
Finished copy 246 at 2025-05-24T17:05:34.594
Finished copy 144 at 2025-05-24T17:05:40.966
Finished copy 547 at 2025-05-24T17:05:47.057
Finished copy 446 at 2025-05-24T17:06:00.686
Finished copy 348 at 2025-05-24T17:06:10.309
Finished copy 50 at 2025-05-24T17:06:19.571
Finished copy 247 at 2025-05-24T17:06:51.700
Finished copy 447 at 2025-05-24T17:07:11.452
Finished copy 349 at 2025-05-24T17:07:14.647
Finished copy 51 at 2025-05-24T17:07:28.943
Finished copy 548 at 2025-05-24T17:07:42.955
Finished copy 145 at 2025-05-24T17:07:49.519
Finished copy 448 at 2025-05-24T17:08:15.358
Finished copy 350 at 2025-05-24T17:08:21.391
Finished copy 52 at 2025-05-24T17:08:51.306
Finished copy 549 at 2025-05-24T17:08:58.647
Finished copy 146 at 2025-05-24T17:09:09.198
Finished copy 351 at 2025-05-24T17:09:21.498
Finished copy 449 at 2025-05-24T17:09:38.211
Finished copy 550 at 2025-05-24T17:09:59.378
Finished copy 53 at 2025-05-24T17:10:02.631
Finished copy 248 at 2025-05-24T17:10:12.868
Finished copy 147 at 2025-05-24T17:10:34.061
Finished copy 450 at 2025-05-24T17:10:40.024
Finished copy 54 at 2025-05-24T17:11:10.356
Finished copy 249 at 2025-05-24T17:11:14.694
Finished copy 352 at 2025-05-24T17:11:28.448
Finished copy 148 at 2025-05-24T17:11:40.734
Finished copy 551 at 2025-05-24T17:12:19.909
Finished copy 55 at 2025-05-24T17:12:25.193
Finished copy 353 at 2025-05-24T17:12:28.968
Finished copy 149 at 2025-05-24T17:12:45.911
Finished copy 451 at 2025-05-24T17:13:07.538
Finished copy 354 at 2025-05-24T17:13:28.674
Finished copy 250 at 2025-05-24T17:13:32.267
Finished copy 150 at 2025-05-24T17:13:51.002
Finished copy 452 at 2025-05-24T17:14:08.611
Finished copy 355 at 2025-05-24T17:14:30.885
Finished copy 56 at 2025-05-24T17:14:54.095
Finished copy 151 at 2025-05-24T17:14:55.970
Finished copy 453 at 2025-05-24T17:15:09.389
Finished copy 552 at 2025-05-24T17:15:14.629
Finished copy 356 at 2025-05-24T17:15:33.751
Finished copy 152 at 2025-05-24T17:16:02.433
Finished copy 251 at 2025-05-24T17:16:04.006
Finished copy 454 at 2025-05-24T17:16:09.762
Finished copy 553 at 2025-05-24T17:16:20.600
Finished copy 357 at 2025-05-24T17:16:47.708
Finished copy 153 at 2025-05-24T17:17:04.930
Finished copy 554 at 2025-05-24T17:17:21.031
Finished copy 57 at 2025-05-24T17:17:24.827
Finished copy 252 at 2025-05-24T17:17:28.641
Finished copy 358 at 2025-05-24T17:17:55.197
Finished copy 154 at 2025-05-24T17:18:10.421
Finished copy 555 at 2025-05-24T17:18:25.873
Finished copy 58 at 2025-05-24T17:18:30.972
Finished copy 253 at 2025-05-24T17:18:39.494
Finished copy 455 at 2025-05-24T17:18:39.552
Finished copy 359 at 2025-05-24T17:18:58.867
Finished copy 59 at 2025-05-24T17:19:36.265
Finished copy 456 at 2025-05-24T17:19:40.979
Finished copy 254 at 2025-05-24T17:19:52.814
Finished copy 556 at 2025-05-24T17:19:55.036
Finished copy 155 at 2025-05-24T17:20:30.243
Finished copy 60 at 2025-05-24T17:20:42.341
Finished copy 457 at 2025-05-24T17:20:55.676
Finished copy 557 at 2025-05-24T17:20:56.171
Finished copy 360 at 2025-05-24T17:21:18.744
Finished copy 61 at 2025-05-24T17:21:57.353
Finished copy 458 at 2025-05-24T17:22:05.247
Finished copy 558 at 2025-05-24T17:22:08.854
Finished copy 361 at 2025-05-24T17:22:21.700
Finished copy 156 at 2025-05-24T17:22:31.095
Finished copy 62 at 2025-05-24T17:22:49.854
Finished copy 459 at 2025-05-24T17:23:14.749
Finished copy 559 at 2025-05-24T17:23:18.109
Finished copy 255 at 2025-05-24T17:23:20.774
Finished copy 362 at 2025-05-24T17:23:22.952
Finished copy 157 at 2025-05-24T17:23:37.624
Finished copy 63 at 2025-05-24T17:23:53.353
Finished copy 460 at 2025-05-24T17:24:15.508
Finished copy 363 at 2025-05-24T17:24:19.661
Finished copy 560 at 2025-05-24T17:24:23.167
Finished copy 158 at 2025-05-24T17:24:40.136
Finished copy 64 at 2025-05-24T17:25:10.891
Finished copy 364 at 2025-05-24T17:25:20.278
Finished copy 461 at 2025-05-24T17:25:20.500
Finished copy 65 at 2025-05-24T17:26:13.707
Finished copy 365 at 2025-05-24T17:26:22.072
Finished copy 159 at 2025-05-24T17:26:24.108
Finished copy 256 at 2025-05-24T17:26:29.753
Finished copy 561 at 2025-05-24T17:26:48.254
Finished copy 160 at 2025-05-24T17:27:19.970
Finished copy 366 at 2025-05-24T17:27:20.694
Finished copy 462 at 2025-05-24T17:27:27.081
Finished copy 66 at 2025-05-24T17:27:32.201
Finished copy 257 at 2025-05-24T17:27:46.894
Finished copy 562 at 2025-05-24T17:27:57.754
Finished copy 161 at 2025-05-24T17:28:19.610
Finished copy 367 at 2025-05-24T17:28:28.893
Finished copy 67 at 2025-05-24T17:28:35.055
Finished copy 463 at 2025-05-24T17:28:38.240
Finished copy 258 at 2025-05-24T17:29:00.266
Finished copy 563 at 2025-05-24T17:29:05.524
Finished copy 162 at 2025-05-24T17:29:22.038
Finished copy 368 at 2025-05-24T17:29:34.075
Finished copy 68 at 2025-05-24T17:29:46.911
Finished copy 464 at 2025-05-24T17:30:00.112
Finished copy 564 at 2025-05-24T17:30:22.435
Finished copy 259 at 2025-05-24T17:30:36.208
Finished copy 69 at 2025-05-24T17:30:48.171
Finished copy 369 at 2025-05-24T17:30:50.890
Finished copy 465 at 2025-05-24T17:31:05.550
Finished copy 565 at 2025-05-24T17:31:29.563
Finished copy 70 at 2025-05-24T17:31:55.999
Finished copy 163 at 2025-05-24T17:31:56.302
Finished copy 370 at 2025-05-24T17:32:07.221
Finished copy 566 at 2025-05-24T17:32:50.949
Finished copy 164 at 2025-05-24T17:33:12.876
Finished copy 260 at 2025-05-24T17:33:13.797
Finished copy 371 at 2025-05-24T17:33:14.252
Finished copy 466 at 2025-05-24T17:33:25.092
Finished copy 71 at 2025-05-24T17:34:06.490
Finished copy 567 at 2025-05-24T17:34:09.336
Finished copy 372 at 2025-05-24T17:34:17.473
Finished copy 165 at 2025-05-24T17:34:22.920
Finished copy 467 at 2025-05-24T17:34:22.985
Finished copy 468 at 2025-05-24T17:35:22.652
Finished copy 373 at 2025-05-24T17:35:23.360
Finished copy 261 at 2025-05-24T17:36:04.099
Finished copy 166 at 2025-05-24T17:36:19.289
Finished copy 469 at 2025-05-24T17:36:21.030
Finished copy 72 at 2025-05-24T17:36:31.861
Finished copy 568 at 2025-05-24T17:36:43.494
Finished copy 262 at 2025-05-24T17:37:06.309
Finished copy 167 at 2025-05-24T17:37:22.490
Finished copy 73 at 2025-05-24T17:37:36.246
Finished copy 569 at 2025-05-24T17:38:01.619
Finished copy 470 at 2025-05-24T17:38:17.044
Finished copy 263 at 2025-05-24T17:38:23.868
Finished copy 374 at 2025-05-24T17:38:25.566
Finished copy 168 at 2025-05-24T17:38:31.457
Finished copy 74 at 2025-05-24T17:38:39.508
Finished copy 570 at 2025-05-24T17:39:10.445
Finished copy 471 at 2025-05-24T17:39:20.717
Finished copy 169 at 2025-05-24T17:39:38.880
Finished copy 75 at 2025-05-24T17:39:44.510
Finished copy 571 at 2025-05-24T17:40:18.557
Finished copy 472 at 2025-05-24T17:40:33.030
Finished copy 375 at 2025-05-24T17:40:34.455
Finished copy 76 at 2025-05-24T17:40:42.957
Finished copy 170 at 2025-05-24T17:40:48.112
Finished copy 264 at 2025-05-24T17:41:16.206
Finished copy 572 at 2025-05-24T17:41:25.947
Finished copy 77 at 2025-05-24T17:41:45.079
Finished copy 376 at 2025-05-24T17:41:49.810
Finished copy 265 at 2025-05-24T17:42:30.903
Finished copy 573 at 2025-05-24T17:42:33.263
Finished copy 473 at 2025-05-24T17:42:55.442
Finished copy 78 at 2025-05-24T17:42:55.698
Finished copy 377 at 2025-05-24T17:43:02.200
Finished copy 171 at 2025-05-24T17:43:02.982
Finished copy 266 at 2025-05-24T17:43:41.352
Finished copy 574 at 2025-05-24T17:43:45.897
Finished copy 378 at 2025-05-24T17:44:05.156
Finished copy 474 at 2025-05-24T17:44:13.093
Finished copy 575 at 2025-05-24T17:44:51.587
Finished copy 267 at 2025-05-24T17:44:58.838
Finished copy 172 at 2025-05-24T17:45:28.342
Finished copy 79 at 2025-05-24T17:45:47.337
Finished copy 576 at 2025-05-24T17:45:52.097
Finished copy 268 at 2025-05-24T17:46:07
Finished copy 475 at 2025-05-24T17:46:25.380
Finished copy 379 at 2025-05-24T17:46:25.523
Finished copy 173 at 2025-05-24T17:46:46.923
Finished copy 577 at 2025-05-24T17:46:50.966
Finished copy 269 at 2025-05-24T17:47:23.263
Finished copy 476 at 2025-05-24T17:47:31.499
Finished copy 380 at 2025-05-24T17:47:33.131
Finished copy 174 at 2025-05-24T17:47:55.866
Finished copy 578 at 2025-05-24T17:48:03.225
Finished copy 80 at 2025-05-24T17:48:22.465
Finished copy 270 at 2025-05-24T17:48:33.983
Finished copy 381 at 2025-05-24T17:49:01.994
Finished copy 175 at 2025-05-24T17:49:04.683
Finished copy 579 at 2025-05-24T17:49:05.188
Finished copy 477 at 2025-05-24T17:49:33.731
Finished copy 81 at 2025-05-24T17:49:51.553
Finished copy 382 at 2025-05-24T17:50:06.928
Finished copy 580 at 2025-05-24T17:50:16.526
Finished copy 478 at 2025-05-24T17:50:35.680
Finished copy 176 at 2025-05-24T17:50:43.412
Finished copy 82 at 2025-05-24T17:50:59.536
Finished copy 581 at 2025-05-24T17:51:23.138
Finished copy 383 at 2025-05-24T17:51:42.226
Finished copy 479 at 2025-05-24T17:51:44.756
Finished copy 271 at 2025-05-24T17:51:56.215
Finished copy 177 at 2025-05-24T17:52:01.865
Finished copy 83 at 2025-05-24T17:52:07.711
Finished copy 582 at 2025-05-24T17:52:27.390
Finished copy 384 at 2025-05-24T17:52:44.972
Finished copy 480 at 2025-05-24T17:52:48.266
Finished copy 178 at 2025-05-24T17:53:04.047
Finished copy 272 at 2025-05-24T17:53:09.501
Finished copy 84 at 2025-05-24T17:53:10.794
Finished copy 481 at 2025-05-24T17:53:48.836
Finished copy 385 at 2025-05-24T17:53:52.329
Finished copy 179 at 2025-05-24T17:54:10.110
Finished copy 85 at 2025-05-24T17:54:30.197
Finished copy 273 at 2025-05-24T17:54:30.257
Finished copy 386 at 2025-05-24T17:55:04.904
Finished copy 180 at 2025-05-24T17:55:14.468
Finished copy 583 at 2025-05-24T17:55:29.921
Finished copy 86 at 2025-05-24T17:55:42.153
Finished copy 274 at 2025-05-24T17:55:51.350
Finished copy 482 at 2025-05-24T17:56:07.018
Finished copy 181 at 2025-05-24T17:56:12.467
Finished copy 387 at 2025-05-24T17:56:23.315
Finished copy 87 at 2025-05-24T17:57:01.831
Finished copy 275 at 2025-05-24T17:57:08.236
Finished copy 182 at 2025-05-24T17:57:15.026
Finished copy 483 at 2025-05-24T17:57:26.046
Finished copy 388 at 2025-05-24T17:57:29.149
Finished copy 584 at 2025-05-24T17:57:43.978
Finished copy 276 at 2025-05-24T17:58:21.214
Finished copy 389 at 2025-05-24T17:58:27.980
Finished copy 484 at 2025-05-24T17:58:33.255
Finished copy 183 at 2025-05-24T17:58:36.714
Finished copy 88 at 2025-05-24T17:58:45.262
Finished copy 585 at 2025-05-24T17:58:56.500
Finished copy 184 at 2025-05-24T17:59:37.228
Finished copy 485 at 2025-05-24T17:59:37.989
Finished copy 277 at 2025-05-24T17:59:47.167
Finished copy 89 at 2025-05-24T17:59:58.387
Finished copy 486 at 2025-05-24T18:00:39.371
Finished copy 185 at 2025-05-24T18:00:42.124
Finished copy 390 at 2025-05-24T18:00:58.240
Finished copy 278 at 2025-05-24T18:01:04.451
Finished copy 90 at 2025-05-24T18:01:14.724
Finished copy 586 at 2025-05-24T18:01:27.152
Finished copy 487 at 2025-05-24T18:01:42.546
Finished copy 186 at 2025-05-24T18:01:50.881
Finished copy 391 at 2025-05-24T18:02:04.469
Finished copy 91 at 2025-05-24T18:02:24.349
Finished copy 279 at 2025-05-24T18:02:29.060
Finished copy 488 at 2025-05-24T18:02:49.999
Finished copy 392 at 2025-05-24T18:03:12.646
Finished copy 280 at 2025-05-24T18:03:54.378
Finished copy 489 at 2025-05-24T18:03:57.209
Finished copy 187 at 2025-05-24T18:04:31.671
Finished copy 587 at 2025-05-24T18:04:35.645
Finished copy 281 at 2025-05-24T18:05:12.481
Finished copy 393 at 2025-05-24T18:05:26.192
Finished copy 188 at 2025-05-24T18:05:34.344
Finished copy 588 at 2025-05-24T18:05:56.995
Finished copy 92 at 2025-05-24T18:06:22.135
Finished copy 282 at 2025-05-24T18:06:25.822
Finished copy 394 at 2025-05-24T18:06:41.572
Finished copy 490 at 2025-05-24T18:06:51.555
Finished copy 189 at 2025-05-24T18:06:52.842
Finished copy 589 at 2025-05-24T18:07:11.824
Finished copy 93 at 2025-05-24T18:07:23.485
Finished copy 190 at 2025-05-24T18:07:56.997
Finished copy 491 at 2025-05-24T18:08:10.726
Finished copy 590 at 2025-05-24T18:08:19.842
Finished copy 94 at 2025-05-24T18:08:31.275
Finished copy 395 at 2025-05-24T18:08:34.813
Finished copy 283 at 2025-05-24T18:08:54.706
Finished copy 492 at 2025-05-24T18:09:11.103
Finished copy 591 at 2025-05-24T18:09:21.118
Finished copy 95 at 2025-05-24T18:09:35.394
Finished copy 396 at 2025-05-24T18:09:53.611
Finished copy 284 at 2025-05-24T18:10:03.545
Finished copy 592 at 2025-05-24T18:10:34.288
Finished copy 96 at 2025-05-24T18:10:36.613
Finished copy 493 at 2025-05-24T18:10:37.474
Finished copy 191 at 2025-05-24T18:10:38.727
Finished copy 397 at 2025-05-24T18:11:10.307
Finished copy 192 at 2025-05-24T18:11:39.546
Finished copy 494 at 2025-05-24T18:11:39.681
Finished copy 593 at 2025-05-24T18:11:48.960
Finished copy 97 at 2025-05-24T18:11:53.743
Finished copy 285 at 2025-05-24T18:12:18.612
Finished copy 594 at 2025-05-24T18:12:55.199
Finished copy 98 at 2025-05-24T18:13:05.205
Finished copy 398 at 2025-05-24T18:13:46.757
Finished copy 286 at 2025-05-24T18:13:51.292
Finished copy 495 at 2025-05-24T18:14:02.217
Finished copy 193 at 2025-05-24T18:14:12.588
Finished copy 99 at 2025-05-24T18:14:12.814
Finished copy 399 at 2025-05-24T18:14:46.289
Finished copy 595 at 2025-05-24T18:14:59.479
Finished copy 496 at 2025-05-24T18:15:12.196
Finished copy 194 at 2025-05-24T18:15:17.909
Finished copy 100 at 2025-05-24T18:15:23.292
Finished copy 287 at 2025-05-24T18:15:28.060
Finished copy 400 at 2025-05-24T18:15:48.021
Finished copy 497 at 2025-05-24T18:16:04.549
Finished copy 596 at 2025-05-24T18:16:12.719
Finished copy 195 at 2025-05-24T18:16:14.259
Finished copy 288 at 2025-05-24T18:16:26.175
Finished copy 196 at 2025-05-24T18:17:04.540
Finished copy 597 at 2025-05-24T18:17:07.184
Finished copy 289 at 2025-05-24T18:17:23.572
Finished copy 498 at 2025-05-24T18:17:53.352
Finished copy 197 at 2025-05-24T18:18:06.762
Finished copy 598 at 2025-05-24T18:18:09.607
Finished copy 290 at 2025-05-24T18:18:20.538
Finished copy 499 at 2025-05-24T18:18:58.129
Finished copy 599 at 2025-05-24T18:18:59.095
Finished copy 198 at 2025-05-24T18:19:01.970
Finished copy 500 at 2025-05-24T18:19:49.748
Finished copy 199 at 2025-05-24T18:19:50.273
Finished copy 600 at 2025-05-24T18:19:55.237
Finished copy 200 at 2025-05-24T18:20:35.711
Finished copy 291 at 2025-05-24T18:20:39.792
Finished copy 292 at 2025-05-24T18:21:19.393
Finished copy 293 at 2025-05-24T18:21:53.794
Finished copy 294 at 2025-05-24T18:22:35.500
Finished copy 295 at 2025-05-24T18:23:23.775
Finished copy 296 at 2025-05-24T18:24:06.607
Finished copy 297 at 2025-05-24T18:24:49.300
Finished copy 298 at 2025-05-24T18:25:29.097
Finished copy 299 at 2025-05-24T18:26:10.289
Finished copy 300 at 2025-05-24T18:26:49.471
