Starting saddles simulation at 2025-05-24T18:28:59.175
Lattice size: 102
Beta values: [0.1, 0.10279944599549397, 0.10567726096980483, 0.10863563882017176, 0.11167683486080235, 0.11480316754220751, 0.1180170202186681, 0.1213208429651809, 0.12471715444526921, 0.12820854383108135, 0.1317976727772417, 0.13548727744995842, 0.13928017061293513, 0.14317924377167612, 0.14718746937782085, 0.15130790309518719, 0.15554368612925135, 0.15989804762184037, 0.16437430711286308, 0.16897587707095507, 0.17370626549496876, 0.1785690785882898, 0.18356802350802015, 0.1887069111911229, 0.19398965925968314, 0.19942029500750083, 0.20500295847029057, 0.21074190558183128, 0.21664151141846955, 0.22270627353445155, 0.22894081539062563, 0.23534988987912978, 0.2419383829467506, 0.24871131731971624, 0.25567385633276335, 0.26283130786539594, 0.2701891283883382, 0.27775292712326566, 0.2855284703189852, 0.2935216856473252, 0.3017386667220857, 0.3101856777444941, 0.3188691582787082, 0.3277957281610069, 0.3369721925464105, 0.3464055470965792, 0.3561029833129435, 0.36607189401913226, 0.3763198789968798, 0.3868547507797058, 0.39768454060878644, 0.4088175045555577, 0.4202621298157168, 0.4320271411794205, 0.4441215076826148, 0.4565544494445634, 0.46933544469678873, 0.48247423700878694, 0.49598084271601944, 0.5098655585558504, 0.5241389695172453, 0.5388119569102191, 0.553895706661185, 0.5694017178405246, 0.5853418114288852, 0.601728139328883, 0.6185731936290858, 0.6358898161273345, 0.6536912081206652, 0.6719909404692954, 0.6908029639423454, 0.710141619853183, 0.730021650992499, 0.7504582128674476, 0.7714668852554213, 0.7930636840812662, 0.815265073626996, 0.8380879790833082, 0.8615497994524721, 0.885668420812431, 0.9104622299522194, 0.9359501283891019, 0.9621515467781114, 0.9890864597249744, 1.0167754010137187, 1.045239479260565, 1.0745003940060471, 1.1045804522576164, 1.1355025854953513, 1.1672903671537318, 1.1999680305928035, 1.2335604875724422, 1.2680933472437848, 1.3035929356723266, 1.3400863159075478, 1.3776013086143843, 1.4161665132822627, 1.4558113300278694, 1.4965659820082826, 1.5384615384615383]
Copies: 600
Move type: l chain flip
----------------------------------
Finished copy 201 at 2025-05-24T18:29:59.194
Finished copy 501 at 2025-05-24T18:30:01.954
Finished copy 101 at 2025-05-24T18:30:15.949
Finished copy 1 at 2025-05-24T18:30:57.564
Finished copy 401 at 2025-05-24T18:31:05.081
Finished copy 502 at 2025-05-24T18:31:05.607
Finished copy 301 at 2025-05-24T18:31:10.570
Finished copy 202 at 2025-05-24T18:31:43.002
Finished copy 102 at 2025-05-24T18:31:44.321
Finished copy 402 at 2025-05-24T18:32:24.198
Finished copy 302 at 2025-05-24T18:32:30.713
Finished copy 203 at 2025-05-24T18:32:56.872
Finished copy 503 at 2025-05-24T18:32:57.336
Finished copy 103 at 2025-05-24T18:33:52.295
Finished copy 204 at 2025-05-24T18:34:24.064
Finished copy 403 at 2025-05-24T18:34:39.555
Finished copy 303 at 2025-05-24T18:34:41.012
Finished copy 504 at 2025-05-24T18:34:47.555
Finished copy 104 at 2025-05-24T18:35:03.011
Finished copy 2 at 2025-05-24T18:35:29.013
Finished copy 205 at 2025-05-24T18:35:55.346
Finished copy 505 at 2025-05-24T18:35:57.218
Finished copy 404 at 2025-05-24T18:36:00.948
Finished copy 105 at 2025-05-24T18:36:08.873
Finished copy 304 at 2025-05-24T18:36:41.373
Finished copy 106 at 2025-05-24T18:37:14.100
Finished copy 206 at 2025-05-24T18:37:16.370
Finished copy 405 at 2025-05-24T18:37:32.193
Finished copy 3 at 2025-05-24T18:37:43.032
Finished copy 305 at 2025-05-24T18:38:17.374
Finished copy 506 at 2025-05-24T18:38:23.940
Finished copy 107 at 2025-05-24T18:38:26.509
Finished copy 207 at 2025-05-24T18:39:16.903
Finished copy 306 at 2025-05-24T18:39:20.319
Finished copy 108 at 2025-05-24T18:39:29.025
Finished copy 507 at 2025-05-24T18:39:53.455
Finished copy 406 at 2025-05-24T18:40:11.369
Finished copy 4 at 2025-05-24T18:40:13.371
Finished copy 208 at 2025-05-24T18:40:36.075
Finished copy 307 at 2025-05-24T18:40:40.984
Finished copy 109 at 2025-05-24T18:40:55.968
Finished copy 407 at 2025-05-24T18:41:25.322
Finished copy 209 at 2025-05-24T18:41:43.729
Finished copy 508 at 2025-05-24T18:41:46.194
Finished copy 308 at 2025-05-24T18:42:02.129
Finished copy 5 at 2025-05-24T18:42:49.168
Finished copy 110 at 2025-05-24T18:43:05.753
Finished copy 509 at 2025-05-24T18:43:11.687
Finished copy 408 at 2025-05-24T18:43:38.612
Finished copy 210 at 2025-05-24T18:43:41.468
Finished copy 309 at 2025-05-24T18:43:44.168
Finished copy 111 at 2025-05-24T18:44:13.307
Finished copy 510 at 2025-05-24T18:44:34.928
Finished copy 409 at 2025-05-24T18:44:56.768
Finished copy 6 at 2025-05-24T18:45:03.775
Finished copy 310 at 2025-05-24T18:45:10.524
Finished copy 211 at 2025-05-24T18:45:14.235
Finished copy 511 at 2025-05-24T18:46:36.343
Finished copy 410 at 2025-05-24T18:46:53.626
Finished copy 7 at 2025-05-24T18:47:31.614
Finished copy 112 at 2025-05-24T18:47:40.137
Finished copy 212 at 2025-05-24T18:47:42.725
Finished copy 311 at 2025-05-24T18:48:00.542
Finished copy 411 at 2025-05-24T18:48:27.430
Finished copy 512 at 2025-05-24T18:49:15.573
Finished copy 113 at 2025-05-24T18:49:34.677
Finished copy 412 at 2025-05-24T18:49:39.302
Finished copy 312 at 2025-05-24T18:49:55.984
Finished copy 213 at 2025-05-24T18:50:00.332
Finished copy 513 at 2025-05-24T18:50:36.129
Finished copy 114 at 2025-05-24T18:51:03.206
Finished copy 413 at 2025-05-24T18:51:06.998
Finished copy 313 at 2025-05-24T18:51:23.108
Finished copy 214 at 2025-05-24T18:51:41.296
Finished copy 514 at 2025-05-24T18:52:15.903
Finished copy 115 at 2025-05-24T18:52:20.314
Finished copy 414 at 2025-05-24T18:53:00.562
Finished copy 8 at 2025-05-24T18:53:25.167
Finished copy 215 at 2025-05-24T18:53:27.829
Finished copy 515 at 2025-05-24T18:53:40.078
Finished copy 314 at 2025-05-24T18:55:13.821
Finished copy 216 at 2025-05-24T18:55:30.978
Finished copy 116 at 2025-05-24T18:55:32.872
Finished copy 516 at 2025-05-24T18:55:32.915
Finished copy 415 at 2025-05-24T18:56:01.635
Finished copy 9 at 2025-05-24T18:56:03.626
Finished copy 315 at 2025-05-24T18:57:02.873
Finished copy 117 at 2025-05-24T18:57:16.218
Finished copy 416 at 2025-05-24T18:57:16.861
Finished copy 517 at 2025-05-24T18:57:23.679
Finished copy 10 at 2025-05-24T18:58:27.053
Finished copy 217 at 2025-05-24T18:58:48.217
Finished copy 417 at 2025-05-24T18:58:56.618
Finished copy 316 at 2025-05-24T18:59:11.375
Finished copy 118 at 2025-05-24T18:59:34.633
Finished copy 518 at 2025-05-24T19:00:38.978
Finished copy 418 at 2025-05-24T19:00:53.977
Finished copy 11 at 2025-05-24T19:00:55.764
Finished copy 317 at 2025-05-24T19:01:06.136
Finished copy 218 at 2025-05-24T19:02:19.397
Finished copy 419 at 2025-05-24T19:02:36.145
Finished copy 519 at 2025-05-24T19:02:36.554
Finished copy 119 at 2025-05-24T19:02:40.083
Finished copy 318 at 2025-05-24T19:02:57.761
Finished copy 120 at 2025-05-24T19:04:16.534
Finished copy 420 at 2025-05-24T19:04:28.192
Finished copy 219 at 2025-05-24T19:04:50.856
Finished copy 319 at 2025-05-24T19:05:17.489
Finished copy 520 at 2025-05-24T19:05:32.551
Finished copy 121 at 2025-05-24T19:06:09.293
Finished copy 421 at 2025-05-24T19:06:14.413
Finished copy 12 at 2025-05-24T19:06:28.509
Finished copy 320 at 2025-05-24T19:07:31.234
Finished copy 521 at 2025-05-24T19:07:33.821
Finished copy 122 at 2025-05-24T19:08:16.759
Finished copy 422 at 2025-05-24T19:08:22.202
Finished copy 220 at 2025-05-24T19:08:30.754
Finished copy 13 at 2025-05-24T19:09:19.677
Finished copy 321 at 2025-05-24T19:09:27.979
Finished copy 522 at 2025-05-24T19:09:30.272
Finished copy 221 at 2025-05-24T19:10:10.985
Finished copy 423 at 2025-05-24T19:11:03.302
Finished copy 123 at 2025-05-24T19:12:02.767
Finished copy 14 at 2025-05-24T19:12:03.024
Finished copy 222 at 2025-05-24T19:12:16.731
Finished copy 523 at 2025-05-24T19:12:49.895
Finished copy 424 at 2025-05-24T19:13:12.671
Finished copy 322 at 2025-05-24T19:13:25.575
Finished copy 124 at 2025-05-24T19:14:02.665
Finished copy 223 at 2025-05-24T19:14:50.083
Finished copy 425 at 2025-05-24T19:15:40.386
Finished copy 323 at 2025-05-24T19:15:56.618
Finished copy 125 at 2025-05-24T19:16:26.530
Finished copy 524 at 2025-05-24T19:17:04.110
Finished copy 15 at 2025-05-24T19:17:07.333
Finished copy 224 at 2025-05-24T19:18:22.318
Finished copy 324 at 2025-05-24T19:18:24.239
Finished copy 426 at 2025-05-24T19:18:33.174
Finished copy 126 at 2025-05-24T19:18:35.251
Finished copy 525 at 2025-05-24T19:19:00.280
Finished copy 16 at 2025-05-24T19:19:39.938
Finished copy 325 at 2025-05-24T19:20:35.980
Finished copy 127 at 2025-05-24T19:20:46.483
Finished copy 526 at 2025-05-24T19:20:58.576
Finished copy 225 at 2025-05-24T19:21:00.059
Finished copy 427 at 2025-05-24T19:21:27.405
Finished copy 17 at 2025-05-24T19:22:11.260
Finished copy 326 at 2025-05-24T19:22:47.048
Finished copy 428 at 2025-05-24T19:23:05.212
Finished copy 18 at 2025-05-24T19:23:49.308
Finished copy 429 at 2025-05-24T19:24:38.794
Finished copy 128 at 2025-05-24T19:24:41.141
Finished copy 19 at 2025-05-24T19:25:03.033
Finished copy 226 at 2025-05-24T19:25:13.370
Finished copy 527 at 2025-05-24T19:25:45.635
Finished copy 327 at 2025-05-24T19:25:51.061
Finished copy 20 at 2025-05-24T19:26:17.753
Finished copy 528 at 2025-05-24T19:27:23.639
Finished copy 328 at 2025-05-24T19:27:27.846
Finished copy 129 at 2025-05-24T19:27:28.441
Finished copy 430 at 2025-05-24T19:27:51.138
Finished copy 227 at 2025-05-24T19:28:36.124
Finished copy 329 at 2025-05-24T19:28:42.899
Finished copy 21 at 2025-05-24T19:28:57.214
Finished copy 130 at 2025-05-24T19:29:03.128
Finished copy 431 at 2025-05-24T19:29:22.290
Finished copy 330 at 2025-05-24T19:30:03.604
Finished copy 228 at 2025-05-24T19:30:04.414
Finished copy 529 at 2025-05-24T19:30:34.160
Finished copy 229 at 2025-05-24T19:31:37.655
Finished copy 22 at 2025-05-24T19:31:44.855
Finished copy 530 at 2025-05-24T19:31:49.699
Finished copy 131 at 2025-05-24T19:31:56.781
Finished copy 432 at 2025-05-24T19:32:28.841
Finished copy 230 at 2025-05-24T19:32:54.051
Finished copy 23 at 2025-05-24T19:33:14.961
Finished copy 132 at 2025-05-24T19:33:19.439
Finished copy 531 at 2025-05-24T19:33:20.232
Finished copy 331 at 2025-05-24T19:33:22.500
Finished copy 433 at 2025-05-24T19:33:53.922
Finished copy 231 at 2025-05-24T19:34:12.661
Finished copy 332 at 2025-05-24T19:34:33.617
Finished copy 133 at 2025-05-24T19:34:47.254
Finished copy 434 at 2025-05-24T19:35:33.445
Finished copy 24 at 2025-05-24T19:35:47.023
Finished copy 333 at 2025-05-24T19:35:47.416
Finished copy 134 at 2025-05-24T19:36:05.851
Finished copy 532 at 2025-05-24T19:36:08.219
Finished copy 232 at 2025-05-24T19:36:50.563
Finished copy 435 at 2025-05-24T19:36:54.529
Finished copy 334 at 2025-05-24T19:37:05.155
Finished copy 135 at 2025-05-24T19:37:22.063
Finished copy 335 at 2025-05-24T19:38:18.295
Finished copy 436 at 2025-05-24T19:38:19.050
Finished copy 233 at 2025-05-24T19:38:29.064
Finished copy 533 at 2025-05-24T19:38:34.526
Finished copy 136 at 2025-05-24T19:38:37.269
Finished copy 25 at 2025-05-24T19:39:08.417
Finished copy 437 at 2025-05-24T19:39:37.675
Finished copy 336 at 2025-05-24T19:39:45.280
Finished copy 234 at 2025-05-24T19:39:50.695
Finished copy 534 at 2025-05-24T19:39:55.055
Finished copy 137 at 2025-05-24T19:40:31.054
Finished copy 438 at 2025-05-24T19:40:48.435
Finished copy 337 at 2025-05-24T19:41:01.903
Finished copy 235 at 2025-05-24T19:41:06.656
Finished copy 535 at 2025-05-24T19:41:08.918
Finished copy 138 at 2025-05-24T19:41:39.779
Finished copy 26 at 2025-05-24T19:42:06.709
Finished copy 338 at 2025-05-24T19:42:16.301
Finished copy 439 at 2025-05-24T19:42:20.140
Finished copy 536 at 2025-05-24T19:42:23.177
Finished copy 139 at 2025-05-24T19:42:51.290
Finished copy 27 at 2025-05-24T19:43:20.898
Finished copy 236 at 2025-05-24T19:43:22.449
Finished copy 339 at 2025-05-24T19:43:28.750
Finished copy 440 at 2025-05-24T19:43:32.603
Finished copy 537 at 2025-05-24T19:43:33.230
Finished copy 140 at 2025-05-24T19:44:04.565
Finished copy 441 at 2025-05-24T19:44:35.331
Finished copy 237 at 2025-05-24T19:44:39.740
Finished copy 340 at 2025-05-24T19:44:41.438
Finished copy 538 at 2025-05-24T19:44:49.716
Finished copy 141 at 2025-05-24T19:45:13.011
Finished copy 341 at 2025-05-24T19:45:39.780
Finished copy 442 at 2025-05-24T19:45:47.174
Finished copy 238 at 2025-05-24T19:45:49.935
Finished copy 28 at 2025-05-24T19:45:54.282
Finished copy 539 at 2025-05-24T19:46:01.991
Finished copy 142 at 2025-05-24T19:46:22.509
Finished copy 342 at 2025-05-24T19:46:50.685
Finished copy 540 at 2025-05-24T19:47:06.762
Finished copy 239 at 2025-05-24T19:47:08.943
Finished copy 29 at 2025-05-24T19:47:11.202
Finished copy 143 at 2025-05-24T19:47:32.175
Finished copy 443 at 2025-05-24T19:47:41.242
Finished copy 240 at 2025-05-24T19:48:08.324
Finished copy 30 at 2025-05-24T19:48:24.227
Finished copy 144 at 2025-05-24T19:48:37.836
Finished copy 444 at 2025-05-24T19:48:48.671
Finished copy 541 at 2025-05-24T19:49:03.743
Finished copy 343 at 2025-05-24T19:49:11.970
Finished copy 241 at 2025-05-24T19:49:14.511
Finished copy 31 at 2025-05-24T19:49:28.858
Finished copy 145 at 2025-05-24T19:49:56.023
Finished copy 445 at 2025-05-24T19:49:58.078
Finished copy 344 at 2025-05-24T19:50:23.802
Finished copy 32 at 2025-05-24T19:50:45.188
Finished copy 146 at 2025-05-24T19:51:01.168
Finished copy 345 at 2025-05-24T19:51:35.720
Finished copy 542 at 2025-05-24T19:51:36.212
Finished copy 242 at 2025-05-24T19:51:54.201
Finished copy 446 at 2025-05-24T19:51:59.741
Finished copy 33 at 2025-05-24T19:52:00.796
Finished copy 147 at 2025-05-24T19:52:17.582
Finished copy 543 at 2025-05-24T19:52:43.118
Finished copy 34 at 2025-05-24T19:53:06.400
Finished copy 447 at 2025-05-24T19:53:06.636
Finished copy 148 at 2025-05-24T19:53:33.401
Finished copy 243 at 2025-05-24T19:53:40.336
Finished copy 346 at 2025-05-24T19:54:05.587
Finished copy 35 at 2025-05-24T19:54:14.456
Finished copy 448 at 2025-05-24T19:54:17.062
Finished copy 149 at 2025-05-24T19:54:39.101
Finished copy 544 at 2025-05-24T19:54:52.319
Finished copy 244 at 2025-05-24T19:55:11.891
Finished copy 449 at 2025-05-24T19:55:22.112
Finished copy 36 at 2025-05-24T19:55:24.979
Finished copy 347 at 2025-05-24T19:55:26.809
Finished copy 150 at 2025-05-24T19:55:43.959
Finished copy 545 at 2025-05-24T19:55:56.457
Finished copy 245 at 2025-05-24T19:56:13.905
Finished copy 450 at 2025-05-24T19:56:29.018
Finished copy 37 at 2025-05-24T19:56:29.049
Finished copy 348 at 2025-05-24T19:56:29.781
Finished copy 151 at 2025-05-24T19:56:58.092
Finished copy 546 at 2025-05-24T19:57:05.469
Finished copy 246 at 2025-05-24T19:57:24.600
Finished copy 38 at 2025-05-24T19:57:46.185
Finished copy 451 at 2025-05-24T19:57:47.144
Finished copy 152 at 2025-05-24T19:58:03.519
Finished copy 547 at 2025-05-24T19:58:09.336
Finished copy 247 at 2025-05-24T19:58:38.514
Finished copy 349 at 2025-05-24T19:58:42.655
Finished copy 39 at 2025-05-24T19:59:00.819
Finished copy 452 at 2025-05-24T19:59:03.537
Finished copy 548 at 2025-05-24T19:59:11.014
Finished copy 153 at 2025-05-24T19:59:17.940
Finished copy 248 at 2025-05-24T19:59:57.025
Finished copy 40 at 2025-05-24T20:00:05.241
Finished copy 549 at 2025-05-24T20:00:08.561
Finished copy 453 at 2025-05-24T20:00:12.608
Finished copy 350 at 2025-05-24T20:01:03.227
Finished copy 249 at 2025-05-24T20:01:07.073
Finished copy 41 at 2025-05-24T20:01:08.026
Finished copy 550 at 2025-05-24T20:01:19.852
Finished copy 454 at 2025-05-24T20:01:26.034
Finished copy 154 at 2025-05-24T20:01:31.246
Finished copy 42 at 2025-05-24T20:02:13.638
Finished copy 250 at 2025-05-24T20:02:22.308
Finished copy 351 at 2025-05-24T20:02:26.320
Finished copy 551 at 2025-05-24T20:02:27.734
Finished copy 155 at 2025-05-24T20:02:39.681
Finished copy 455 at 2025-05-24T20:02:40.593
Finished copy 43 at 2025-05-24T20:03:25.856
Finished copy 251 at 2025-05-24T20:03:31.806
Finished copy 352 at 2025-05-24T20:03:31.846
Finished copy 156 at 2025-05-24T20:03:42.792
Finished copy 552 at 2025-05-24T20:04:17.360
Finished copy 456 at 2025-05-24T20:04:31.550
Finished copy 252 at 2025-05-24T20:04:35.150
Finished copy 157 at 2025-05-24T20:04:40.865
Finished copy 553 at 2025-05-24T20:05:21.496
Finished copy 353 at 2025-05-24T20:05:52.747
Finished copy 253 at 2025-05-24T20:05:57.008
Finished copy 158 at 2025-05-24T20:06:00.192
Finished copy 44 at 2025-05-24T20:06:01.927
Finished copy 554 at 2025-05-24T20:06:32.217
Finished copy 457 at 2025-05-24T20:06:48.123
Finished copy 354 at 2025-05-24T20:06:55.852
Finished copy 254 at 2025-05-24T20:07:00.044
Finished copy 159 at 2025-05-24T20:07:09.893
Finished copy 555 at 2025-05-24T20:07:36.821
Finished copy 458 at 2025-05-24T20:07:55.552
Finished copy 355 at 2025-05-24T20:08:12.263
Finished copy 160 at 2025-05-24T20:08:19.610
Finished copy 45 at 2025-05-24T20:08:21.292
Finished copy 255 at 2025-05-24T20:08:31.573
Finished copy 556 at 2025-05-24T20:08:45.417
Finished copy 459 at 2025-05-24T20:09:06.110
Finished copy 356 at 2025-05-24T20:09:22.941
Finished copy 161 at 2025-05-24T20:09:26.027
Finished copy 46 at 2025-05-24T20:09:58.633
Finished copy 460 at 2025-05-24T20:10:09.607
Finished copy 357 at 2025-05-24T20:10:29.819
Finished copy 162 at 2025-05-24T20:10:35.445
Finished copy 557 at 2025-05-24T20:10:58.944
Finished copy 47 at 2025-05-24T20:11:04.097
Finished copy 358 at 2025-05-24T20:11:31.023
Finished copy 256 at 2025-05-24T20:11:33.803
Finished copy 461 at 2025-05-24T20:11:46.160
Finished copy 163 at 2025-05-24T20:12:03.276
Finished copy 558 at 2025-05-24T20:12:05.130
Finished copy 462 at 2025-05-24T20:12:56.769
Finished copy 48 at 2025-05-24T20:13:48.297
Finished copy 257 at 2025-05-24T20:13:57.254
Finished copy 359 at 2025-05-24T20:14:02.195
Finished copy 463 at 2025-05-24T20:14:04.320
Finished copy 559 at 2025-05-24T20:14:12.737
Finished copy 164 at 2025-05-24T20:14:32.659
Finished copy 49 at 2025-05-24T20:15:06.239
Finished copy 258 at 2025-05-24T20:15:12.274
Finished copy 464 at 2025-05-24T20:15:14.549
Finished copy 360 at 2025-05-24T20:15:18.961
Finished copy 560 at 2025-05-24T20:15:22.847
Finished copy 165 at 2025-05-24T20:16:12.199
Finished copy 50 at 2025-05-24T20:16:14.010
Finished copy 259 at 2025-05-24T20:16:34.722
Finished copy 561 at 2025-05-24T20:16:38.511
Finished copy 465 at 2025-05-24T20:16:41.473
Finished copy 166 at 2025-05-24T20:17:15.212
Finished copy 51 at 2025-05-24T20:17:23.448
Finished copy 361 at 2025-05-24T20:17:30.176
Finished copy 260 at 2025-05-24T20:17:39.446
Finished copy 466 at 2025-05-24T20:17:51.854
Finished copy 562 at 2025-05-24T20:17:53.729
Finished copy 52 at 2025-05-24T20:18:34.472
Finished copy 362 at 2025-05-24T20:18:39.180
Finished copy 167 at 2025-05-24T20:18:40.563
Finished copy 261 at 2025-05-24T20:18:50.558
Finished copy 363 at 2025-05-24T20:19:45.581
Finished copy 168 at 2025-05-24T20:19:46.312
Finished copy 53 at 2025-05-24T20:19:52.957
Finished copy 467 at 2025-05-24T20:19:55.416
Finished copy 563 at 2025-05-24T20:19:59.470
Finished copy 262 at 2025-05-24T20:20:04.432
Finished copy 169 at 2025-05-24T20:20:56.020
Finished copy 364 at 2025-05-24T20:21:04.037
Finished copy 263 at 2025-05-24T20:21:16.604
Finished copy 468 at 2025-05-24T20:21:17.791
Finished copy 564 at 2025-05-24T20:21:21.998
Finished copy 170 at 2025-05-24T20:22:10.638
Finished copy 264 at 2025-05-24T20:22:25.567
Finished copy 565 at 2025-05-24T20:22:31.103
Finished copy 54 at 2025-05-24T20:22:34.008
Finished copy 365 at 2025-05-24T20:22:42.574
Finished copy 469 at 2025-05-24T20:23:27.917
Finished copy 171 at 2025-05-24T20:23:31.519
Finished copy 265 at 2025-05-24T20:23:33.457
Finished copy 566 at 2025-05-24T20:23:40.744
Finished copy 366 at 2025-05-24T20:23:49.058
Finished copy 55 at 2025-05-24T20:23:49.767
Finished copy 172 at 2025-05-24T20:24:37.369
Finished copy 266 at 2025-05-24T20:24:46.006
Finished copy 567 at 2025-05-24T20:24:49.723
Finished copy 367 at 2025-05-24T20:25:04.897
Finished copy 173 at 2025-05-24T20:25:51.678
Finished copy 470 at 2025-05-24T20:25:52.645
Finished copy 568 at 2025-05-24T20:25:55.448
Finished copy 267 at 2025-05-24T20:26:05.488
Finished copy 56 at 2025-05-24T20:26:09.922
Finished copy 368 at 2025-05-24T20:26:10.579
Finished copy 569 at 2025-05-24T20:26:59.869
Finished copy 174 at 2025-05-24T20:27:05.847
Finished copy 471 at 2025-05-24T20:27:15.994
Finished copy 369 at 2025-05-24T20:27:16.780
Finished copy 57 at 2025-05-24T20:27:27.196
Finished copy 268 at 2025-05-24T20:27:31.460
Finished copy 175 at 2025-05-24T20:28:19.570
Finished copy 370 at 2025-05-24T20:28:23.069
Finished copy 472 at 2025-05-24T20:28:25.795
Finished copy 269 at 2025-05-24T20:28:31.876
Finished copy 58 at 2025-05-24T20:28:50.497
Finished copy 176 at 2025-05-24T20:29:30.026
Finished copy 270 at 2025-05-24T20:29:40.949
Finished copy 371 at 2025-05-24T20:29:43.392
Finished copy 570 at 2025-05-24T20:29:43.822
Finished copy 59 at 2025-05-24T20:30:09.038
Finished copy 177 at 2025-05-24T20:30:41.059
Finished copy 473 at 2025-05-24T20:30:41.970
Finished copy 571 at 2025-05-24T20:30:53.726
Finished copy 271 at 2025-05-24T20:31:00.814
Finished copy 372 at 2025-05-24T20:31:02.957
Finished copy 60 at 2025-05-24T20:31:19.997
Finished copy 572 at 2025-05-24T20:32:01.533
Finished copy 272 at 2025-05-24T20:32:07.148
Finished copy 373 at 2025-05-24T20:32:12.493
Finished copy 61 at 2025-05-24T20:32:41.808
Finished copy 178 at 2025-05-24T20:33:05.975
Finished copy 273 at 2025-05-24T20:33:17.402
Finished copy 374 at 2025-05-24T20:33:20.073
Finished copy 474 at 2025-05-24T20:33:43.423
Finished copy 62 at 2025-05-24T20:33:50.561
Finished copy 179 at 2025-05-24T20:34:09.976
Finished copy 274 at 2025-05-24T20:34:20.779
Finished copy 573 at 2025-05-24T20:34:28.658
Finished copy 375 at 2025-05-24T20:34:34.294
Finished copy 475 at 2025-05-24T20:34:58.745
Finished copy 63 at 2025-05-24T20:35:02.897
Finished copy 275 at 2025-05-24T20:35:33.089
Finished copy 574 at 2025-05-24T20:35:42.982
Finished copy 376 at 2025-05-24T20:35:54.642
Finished copy 476 at 2025-05-24T20:36:11.761
Finished copy 64 at 2025-05-24T20:36:14.268
Finished copy 180 at 2025-05-24T20:36:16.226
Finished copy 575 at 2025-05-24T20:36:52.801
Finished copy 377 at 2025-05-24T20:37:01.388
Finished copy 276 at 2025-05-24T20:37:05.295
Finished copy 477 at 2025-05-24T20:37:21.305
Finished copy 65 at 2025-05-24T20:37:27.778
Finished copy 181 at 2025-05-24T20:37:28.536
Finished copy 576 at 2025-05-24T20:38:00.199
Finished copy 277 at 2025-05-24T20:38:20.767
Finished copy 182 at 2025-05-24T20:38:35.630
Finished copy 478 at 2025-05-24T20:38:39.773
Finished copy 577 at 2025-05-24T20:39:10.837
Finished copy 278 at 2025-05-24T20:39:43.514
Finished copy 66 at 2025-05-24T20:39:48.620
Finished copy 183 at 2025-05-24T20:39:50.123
Finished copy 378 at 2025-05-24T20:40:02.023
Finished copy 479 at 2025-05-24T20:40:08.547
Finished copy 578 at 2025-05-24T20:40:22.403
Finished copy 67 at 2025-05-24T20:40:56.050
Finished copy 279 at 2025-05-24T20:40:57.941
Finished copy 184 at 2025-05-24T20:41:05.645
Finished copy 379 at 2025-05-24T20:41:26.392
Finished copy 579 at 2025-05-24T20:41:45.417
Finished copy 280 at 2025-05-24T20:42:08.457
Finished copy 380 at 2025-05-24T20:42:34.922
Finished copy 185 at 2025-05-24T20:42:38.561
Finished copy 480 at 2025-05-24T20:42:40.937
Finished copy 580 at 2025-05-24T20:42:57.949
Finished copy 281 at 2025-05-24T20:43:35.390
Finished copy 68 at 2025-05-24T20:43:47.071
Finished copy 481 at 2025-05-24T20:43:53.152
Finished copy 381 at 2025-05-24T20:44:09.886
Finished copy 282 at 2025-05-24T20:44:46.821
Finished copy 482 at 2025-05-24T20:45:04.358
Finished copy 69 at 2025-05-24T20:45:08.672
Finished copy 581 at 2025-05-24T20:45:39.071
Finished copy 382 at 2025-05-24T20:45:43.654
Finished copy 186 at 2025-05-24T20:46:18.970
Finished copy 70 at 2025-05-24T20:46:28.354
Finished copy 483 at 2025-05-24T20:46:42.002
Finished copy 582 at 2025-05-24T20:46:50.782
Finished copy 283 at 2025-05-24T20:46:51.899
Finished copy 383 at 2025-05-24T20:47:04.826
Finished copy 187 at 2025-05-24T20:47:37.472
Finished copy 484 at 2025-05-24T20:47:45.275
Finished copy 71 at 2025-05-24T20:47:45.808
Finished copy 583 at 2025-05-24T20:47:56.912
Finished copy 284 at 2025-05-24T20:48:08.335
Finished copy 384 at 2025-05-24T20:48:22.431
Finished copy 188 at 2025-05-24T20:48:53.036
Finished copy 72 at 2025-05-24T20:49:05.244
Finished copy 285 at 2025-05-24T20:49:20.670
Finished copy 385 at 2025-05-24T20:49:32.213
Finished copy 584 at 2025-05-24T20:50:04.536
Finished copy 189 at 2025-05-24T20:50:07.299
Finished copy 73 at 2025-05-24T20:50:11.431
Finished copy 286 at 2025-05-24T20:50:29.109
Finished copy 485 at 2025-05-24T20:50:29.723
Finished copy 585 at 2025-05-24T20:51:18.526
Finished copy 74 at 2025-05-24T20:51:34.996
Finished copy 486 at 2025-05-24T20:51:41.966
Finished copy 287 at 2025-05-24T20:51:53.742
Finished copy 190 at 2025-05-24T20:52:12.594
Finished copy 386 at 2025-05-24T20:52:20.625
Finished copy 487 at 2025-05-24T20:53:00.213
Finished copy 288 at 2025-05-24T20:53:15.606
Finished copy 191 at 2025-05-24T20:53:26.026
Finished copy 387 at 2025-05-24T20:53:32.294
Finished copy 586 at 2025-05-24T20:54:02.395
Finished copy 488 at 2025-05-24T20:54:10.983
Finished copy 75 at 2025-05-24T20:54:11.232
Finished copy 192 at 2025-05-24T20:54:43.285
Finished copy 388 at 2025-05-24T20:54:54.171
Finished copy 587 at 2025-05-24T20:55:14.541
Finished copy 76 at 2025-05-24T20:55:20.582
Finished copy 289 at 2025-05-24T20:55:27.460
Finished copy 489 at 2025-05-24T20:55:30.244
Finished copy 389 at 2025-05-24T20:56:13.824
Finished copy 77 at 2025-05-24T20:56:31.717
Finished copy 490 at 2025-05-24T20:56:34.525
Finished copy 290 at 2025-05-24T20:56:49.277
Finished copy 193 at 2025-05-24T20:57:00.364
Finished copy 390 at 2025-05-24T20:57:29.737
Finished copy 588 at 2025-05-24T20:57:32.728
Finished copy 491 at 2025-05-24T20:57:38.110
Finished copy 78 at 2025-05-24T20:57:40.625
Finished copy 194 at 2025-05-24T20:58:09.083
Finished copy 391 at 2025-05-24T20:58:41.120
Finished copy 291 at 2025-05-24T20:58:47.377
Finished copy 492 at 2025-05-24T20:58:48.742
Finished copy 589 at 2025-05-24T20:59:15.114
Finished copy 195 at 2025-05-24T20:59:37.245
Finished copy 292 at 2025-05-24T21:00:10.259
Finished copy 590 at 2025-05-24T21:00:26.398
Finished copy 392 at 2025-05-24T21:00:31.983
Finished copy 493 at 2025-05-24T21:00:34.519
Finished copy 79 at 2025-05-24T21:00:38.630
Finished copy 196 at 2025-05-24T21:00:46.201
Finished copy 393 at 2025-05-24T21:01:45.177
Finished copy 494 at 2025-05-24T21:01:54.294
Finished copy 80 at 2025-05-24T21:02:11.050
Finished copy 591 at 2025-05-24T21:02:16.127
Finished copy 197 at 2025-05-24T21:02:20.958
Finished copy 293 at 2025-05-24T21:02:28.799
Finished copy 394 at 2025-05-24T21:03:14.928
Finished copy 198 at 2025-05-24T21:03:35.217
Finished copy 81 at 2025-05-24T21:03:37.877
Finished copy 592 at 2025-05-24T21:03:50.090
Finished copy 495 at 2025-05-24T21:04:00.529
Finished copy 395 at 2025-05-24T21:04:40.378
Finished copy 294 at 2025-05-24T21:04:54.691
Finished copy 199 at 2025-05-24T21:05:00.854
Finished copy 593 at 2025-05-24T21:05:01.368
Finished copy 82 at 2025-05-24T21:05:06.598
Finished copy 396 at 2025-05-24T21:05:44.492
Finished copy 496 at 2025-05-24T21:06:07.051
Finished copy 200 at 2025-05-24T21:06:16.358
Finished copy 83 at 2025-05-24T21:06:24.620
Finished copy 295 at 2025-05-24T21:06:31.301
Finished copy 397 at 2025-05-24T21:07:02.989
Finished copy 497 at 2025-05-24T21:07:28.707
Finished copy 296 at 2025-05-24T21:07:48.178
Finished copy 84 at 2025-05-24T21:08:06.585
Finished copy 398 at 2025-05-24T21:08:09.942
Finished copy 594 at 2025-05-24T21:08:12.747
Finished copy 498 at 2025-05-24T21:08:32.996
Finished copy 85 at 2025-05-24T21:09:33.956
Finished copy 499 at 2025-05-24T21:09:55.477
Finished copy 399 at 2025-05-24T21:09:59.785
Finished copy 297 at 2025-05-24T21:10:08.886
Finished copy 595 at 2025-05-24T21:10:54.230
Finished copy 500 at 2025-05-24T21:11:02.968
Finished copy 298 at 2025-05-24T21:11:31.017
Finished copy 86 at 2025-05-24T21:11:53.725
Finished copy 596 at 2025-05-24T21:11:58.687
Finished copy 400 at 2025-05-24T21:12:51.107
Finished copy 87 at 2025-05-24T21:12:56.370
Finished copy 597 at 2025-05-24T21:13:10.606
Finished copy 299 at 2025-05-24T21:13:47.566
Finished copy 300 at 2025-05-24T21:14:39.342
Finished copy 88 at 2025-05-24T21:15:10.484
Finished copy 598 at 2025-05-24T21:15:16.331
Finished copy 89 at 2025-05-24T21:16:02.154
Finished copy 599 at 2025-05-24T21:16:05.858
Finished copy 90 at 2025-05-24T21:16:47.375
Finished copy 600 at 2025-05-24T21:17:36.617
Finished copy 91 at 2025-05-24T21:17:43.915
Finished copy 92 at 2025-05-24T21:18:36.562
Finished copy 93 at 2025-05-24T21:19:16.905
Finished copy 94 at 2025-05-24T21:20:01.056
Finished copy 95 at 2025-05-24T21:20:41.348
Finished copy 96 at 2025-05-24T21:21:27.576
Finished copy 97 at 2025-05-24T21:23:37.327
Finished copy 98 at 2025-05-24T21:24:25.180
Finished copy 99 at 2025-05-24T21:25:35.495
Finished copy 100 at 2025-05-24T21:26:32.608
