Starting saddles simulation at 2025-05-25T03:38:06.537
Lattice size: 105
Beta values: [0.1, 0.10279944599549397, 0.10567726096980483, 0.10863563882017176, 0.11167683486080235, 0.11480316754220751, 0.1180170202186681, 0.1213208429651809, 0.12471715444526921, 0.12820854383108135, 0.1317976727772417, 0.13548727744995842, 0.13928017061293513, 0.14317924377167612, 0.14718746937782085, 0.15130790309518719, 0.15554368612925135, 0.15989804762184037, 0.16437430711286308, 0.16897587707095507, 0.17370626549496876, 0.1785690785882898, 0.18356802350802015, 0.1887069111911229, 0.19398965925968314, 0.19942029500750083, 0.20500295847029057, 0.21074190558183128, 0.21664151141846955, 0.22270627353445155, 0.22894081539062563, 0.23534988987912978, 0.2419383829467506, 0.24871131731971624, 0.25567385633276335, 0.26283130786539594, 0.2701891283883382, 0.27775292712326566, 0.2855284703189852, 0.2935216856473252, 0.3017386667220857, 0.3101856777444941, 0.3188691582787082, 0.3277957281610069, 0.3369721925464105, 0.3464055470965792, 0.3561029833129435, 0.36607189401913226, 0.3763198789968798, 0.3868547507797058, 0.39768454060878644, 0.4088175045555577, 0.4202621298157168, 0.4320271411794205, 0.4441215076826148, 0.4565544494445634, 0.46933544469678873, 0.48247423700878694, 0.49598084271601944, 0.5098655585558504, 0.5241389695172453, 0.5388119569102191, 0.553895706661185, 0.5694017178405246, 0.5853418114288852, 0.601728139328883, 0.6185731936290858, 0.6358898161273345, 0.6536912081206652, 0.6719909404692954, 0.6908029639423454, 0.710141619853183, 0.730021650992499, 0.7504582128674476, 0.7714668852554213, 0.7930636840812662, 0.815265073626996, 0.8380879790833082, 0.8615497994524721, 0.885668420812431, 0.9104622299522194, 0.9359501283891019, 0.9621515467781114, 0.9890864597249744, 1.0167754010137187, 1.045239479260565, 1.0745003940060471, 1.1045804522576164, 1.1355025854953513, 1.1672903671537318, 1.1999680305928035, 1.2335604875724422, 1.2680933472437848, 1.3035929356723266, 1.3400863159075478, 1.3776013086143843, 1.4161665132822627, 1.4558113300278694, 1.4965659820082826, 1.5384615384615383]
Copies: 600
Move type: l chain flip
----------------------------------
Finished copy 301 at 2025-05-25T03:39:22.448
Finished copy 1 at 2025-05-25T03:39:24.695
Finished copy 101 at 2025-05-25T03:40:03.233
Finished copy 501 at 2025-05-25T03:40:09.486
Finished copy 401 at 2025-05-25T03:40:19.790
Finished copy 201 at 2025-05-25T03:40:20.601
Finished copy 2 at 2025-05-25T03:40:24.725
Finished copy 302 at 2025-05-25T03:41:04.141
Finished copy 502 at 2025-05-25T03:41:23.515
Finished copy 402 at 2025-05-25T03:41:25.510
Finished copy 3 at 2025-05-25T03:41:48.376
Finished copy 102 at 2025-05-25T03:42:15.449
Finished copy 202 at 2025-05-25T03:42:18.671
Finished copy 503 at 2025-05-25T03:42:25.829
Finished copy 403 at 2025-05-25T03:42:26.092
Finished copy 303 at 2025-05-25T03:42:56.540
Finished copy 4 at 2025-05-25T03:43:08.661
Finished copy 404 at 2025-05-25T03:43:27.405
Finished copy 504 at 2025-05-25T03:43:45.807
Finished copy 203 at 2025-05-25T03:43:53.229
Finished copy 405 at 2025-05-25T03:44:35.991
Finished copy 5 at 2025-05-25T03:44:36.121
Finished copy 103 at 2025-05-25T03:44:49.890
Finished copy 204 at 2025-05-25T03:44:59.962
Finished copy 304 at 2025-05-25T03:45:04.335
Finished copy 406 at 2025-05-25T03:45:42.893
Finished copy 6 at 2025-05-25T03:45:54.577
Finished copy 205 at 2025-05-25T03:46:02.163
Finished copy 505 at 2025-05-25T03:46:22.285
Finished copy 305 at 2025-05-25T03:46:44.979
Finished copy 407 at 2025-05-25T03:46:49.335
Finished copy 7 at 2025-05-25T03:47:01.562
Finished copy 206 at 2025-05-25T03:47:18.884
Finished copy 104 at 2025-05-25T03:48:03.019
Finished copy 506 at 2025-05-25T03:48:29.815
Finished copy 8 at 2025-05-25T03:48:40.847
Finished copy 306 at 2025-05-25T03:48:55.370
Finished copy 207 at 2025-05-25T03:49:02.932
Finished copy 408 at 2025-05-25T03:49:16.705
Finished copy 507 at 2025-05-25T03:49:31.255
Finished copy 105 at 2025-05-25T03:50:31.214
Finished copy 307 at 2025-05-25T03:50:32.987
Finished copy 409 at 2025-05-25T03:50:34.494
Finished copy 508 at 2025-05-25T03:50:47.060
Finished copy 9 at 2025-05-25T03:50:51.207
Finished copy 208 at 2025-05-25T03:51:52.823
Finished copy 410 at 2025-05-25T03:52:03.093
Finished copy 10 at 2025-05-25T03:52:11.330
Finished copy 509 at 2025-05-25T03:52:12.985
Finished copy 308 at 2025-05-25T03:52:21.269
Finished copy 106 at 2025-05-25T03:52:45.966
Finished copy 11 at 2025-05-25T03:54:04.235
Finished copy 510 at 2025-05-25T03:54:08.903
Finished copy 209 at 2025-05-25T03:54:11.808
Finished copy 411 at 2025-05-25T03:54:22.245
Finished copy 309 at 2025-05-25T03:54:32.133
Finished copy 107 at 2025-05-25T03:54:56.812
Finished copy 12 at 2025-05-25T03:55:49.572
Finished copy 412 at 2025-05-25T03:55:57.059
Finished copy 210 at 2025-05-25T03:56:04.290
Finished copy 511 at 2025-05-25T03:56:14.201
Finished copy 310 at 2025-05-25T03:56:31.942
Finished copy 413 at 2025-05-25T03:56:58.233
Finished copy 512 at 2025-05-25T03:57:18.939
Finished copy 211 at 2025-05-25T03:57:39.735
Finished copy 13 at 2025-05-25T03:57:47.443
Finished copy 311 at 2025-05-25T03:58:17.272
Finished copy 414 at 2025-05-25T03:58:31.158
Finished copy 14 at 2025-05-25T03:59:11.955
Finished copy 513 at 2025-05-25T03:59:38.614
Finished copy 212 at 2025-05-25T04:00:18.538
Finished copy 415 at 2025-05-25T04:00:18.735
Finished copy 108 at 2025-05-25T04:00:31.864
Finished copy 15 at 2025-05-25T04:00:52.435
Finished copy 514 at 2025-05-25T04:01:03.304
Finished copy 312 at 2025-05-25T04:01:50.937
Finished copy 213 at 2025-05-25T04:02:08.136
Finished copy 416 at 2025-05-25T04:02:16.231
Finished copy 16 at 2025-05-25T04:02:33.034
Finished copy 515 at 2025-05-25T04:02:36.384
Finished copy 516 at 2025-05-25T04:03:44.751
Finished copy 313 at 2025-05-25T04:03:45.571
Finished copy 214 at 2025-05-25T04:03:45.980
Finished copy 417 at 2025-05-25T04:04:10.436
Finished copy 17 at 2025-05-25T04:04:55.655
Finished copy 517 at 2025-05-25T04:04:56.346
Finished copy 109 at 2025-05-25T04:05:07.439
Finished copy 215 at 2025-05-25T04:05:39.773
Finished copy 518 at 2025-05-25T04:06:01.213
Finished copy 314 at 2025-05-25T04:06:07.918
Finished copy 418 at 2025-05-25T04:06:10.681
Finished copy 216 at 2025-05-25T04:06:54.347
Finished copy 18 at 2025-05-25T04:07:09.021
Finished copy 519 at 2025-05-25T04:07:22.281
Finished copy 110 at 2025-05-25T04:07:28.830
Finished copy 419 at 2025-05-25T04:07:39.199
Finished copy 315 at 2025-05-25T04:07:50.365
Finished copy 520 at 2025-05-25T04:08:28.996
Finished copy 217 at 2025-05-25T04:08:30.351
Finished copy 19 at 2025-05-25T04:09:24.568
Finished copy 420 at 2025-05-25T04:09:27.017
Finished copy 316 at 2025-05-25T04:09:45.119
Finished copy 521 at 2025-05-25T04:09:52.926
Finished copy 111 at 2025-05-25T04:10:02.345
Finished copy 218 at 2025-05-25T04:10:41.295
Finished copy 421 at 2025-05-25T04:11:30.128
Finished copy 522 at 2025-05-25T04:11:36.917
Finished copy 317 at 2025-05-25T04:11:59.924
Finished copy 219 at 2025-05-25T04:12:23.090
Finished copy 20 at 2025-05-25T04:12:26.836
Finished copy 112 at 2025-05-25T04:13:31.847
Finished copy 21 at 2025-05-25T04:13:36.444
Finished copy 523 at 2025-05-25T04:13:44.008
Finished copy 318 at 2025-05-25T04:13:53.317
Finished copy 220 at 2025-05-25T04:14:03.317
Finished copy 422 at 2025-05-25T04:14:15.372
Finished copy 22 at 2025-05-25T04:14:58.876
Finished copy 319 at 2025-05-25T04:15:47.544
Finished copy 524 at 2025-05-25T04:15:54.719
Finished copy 113 at 2025-05-25T04:15:55.040
Finished copy 423 at 2025-05-25T04:15:56.490
Finished copy 23 at 2025-05-25T04:17:00.143
Finished copy 221 at 2025-05-25T04:17:17.078
Finished copy 525 at 2025-05-25T04:17:45.554
Finished copy 424 at 2025-05-25T04:17:56.352
Finished copy 24 at 2025-05-25T04:18:21.184
Finished copy 114 at 2025-05-25T04:18:30.832
Finished copy 320 at 2025-05-25T04:18:39.199
Finished copy 526 at 2025-05-25T04:19:03.418
Finished copy 425 at 2025-05-25T04:19:18.220
Finished copy 222 at 2025-05-25T04:19:36.388
Finished copy 25 at 2025-05-25T04:19:37.907
Finished copy 426 at 2025-05-25T04:20:32.143
Finished copy 321 at 2025-05-25T04:20:35.200
Finished copy 115 at 2025-05-25T04:20:52.473
Finished copy 527 at 2025-05-25T04:21:00.481
Finished copy 26 at 2025-05-25T04:21:05.889
Finished copy 223 at 2025-05-25T04:21:24.294
Finished copy 427 at 2025-05-25T04:22:08.010
Finished copy 528 at 2025-05-25T04:22:24.172
Finished copy 322 at 2025-05-25T04:22:27.901
Finished copy 116 at 2025-05-25T04:23:18.284
Finished copy 224 at 2025-05-25T04:23:28.453
Finished copy 27 at 2025-05-25T04:23:47.198
Finished copy 323 at 2025-05-25T04:24:48.242
Finished copy 428 at 2025-05-25T04:24:57.986
Finished copy 529 at 2025-05-25T04:25:29.035
Finished copy 117 at 2025-05-25T04:25:37.499
Finished copy 225 at 2025-05-25T04:25:52.823
Finished copy 28 at 2025-05-25T04:26:10.705
Finished copy 429 at 2025-05-25T04:26:52.267
Finished copy 530 at 2025-05-25T04:26:56.535
Finished copy 324 at 2025-05-25T04:27:11.630
Finished copy 29 at 2025-05-25T04:27:50.973
Finished copy 531 at 2025-05-25T04:28:09.672
Finished copy 118 at 2025-05-25T04:28:22.386
Finished copy 226 at 2025-05-25T04:28:30.491
Finished copy 430 at 2025-05-25T04:28:49.105
Finished copy 30 at 2025-05-25T04:29:12.011
Finished copy 532 at 2025-05-25T04:29:22.012
Finished copy 325 at 2025-05-25T04:29:30.428
Finished copy 31 at 2025-05-25T04:30:22.570
Finished copy 431 at 2025-05-25T04:30:41.239
Finished copy 119 at 2025-05-25T04:30:48.613
Finished copy 533 at 2025-05-25T04:30:50.960
Finished copy 227 at 2025-05-25T04:30:54.632
Finished copy 326 at 2025-05-25T04:31:34.334
Finished copy 534 at 2025-05-25T04:32:24.436
Finished copy 32 at 2025-05-25T04:32:37.863
Finished copy 228 at 2025-05-25T04:32:50.329
Finished copy 120 at 2025-05-25T04:33:47.645
Finished copy 33 at 2025-05-25T04:33:48.961
Finished copy 327 at 2025-05-25T04:34:08.162
Finished copy 535 at 2025-05-25T04:34:26.343
Finished copy 432 at 2025-05-25T04:34:42.294
Finished copy 229 at 2025-05-25T04:35:47.788
Finished copy 34 at 2025-05-25T04:35:57.147
Finished copy 121 at 2025-05-25T04:36:18.646
Finished copy 536 at 2025-05-25T04:36:20.272
Finished copy 433 at 2025-05-25T04:36:56.794
Finished copy 35 at 2025-05-25T04:37:10.013
Finished copy 537 at 2025-05-25T04:37:42.417
Finished copy 328 at 2025-05-25T04:38:14.155
Finished copy 36 at 2025-05-25T04:38:26.544
Finished copy 230 at 2025-05-25T04:39:16.519
Finished copy 538 at 2025-05-25T04:39:41.288
Finished copy 434 at 2025-05-25T04:40:01.424
Finished copy 122 at 2025-05-25T04:40:13.435
Finished copy 329 at 2025-05-25T04:40:26.864
Finished copy 37 at 2025-05-25T04:40:39.185
Finished copy 539 at 2025-05-25T04:41:06.183
Finished copy 231 at 2025-05-25T04:41:47.041
Finished copy 435 at 2025-05-25T04:41:58.621
Finished copy 38 at 2025-05-25T04:42:12.177
Finished copy 540 at 2025-05-25T04:42:42.664
Finished copy 232 at 2025-05-25T04:43:55.328
Finished copy 330 at 2025-05-25T04:44:17.223
Finished copy 436 at 2025-05-25T04:44:20.395
Finished copy 39 at 2025-05-25T04:44:39.554
Finished copy 123 at 2025-05-25T04:44:47.607
Finished copy 541 at 2025-05-25T04:45:45.594
Finished copy 233 at 2025-05-25T04:45:51.136
Finished copy 40 at 2025-05-25T04:46:17.930
Finished copy 437 at 2025-05-25T04:46:38.403
Finished copy 331 at 2025-05-25T04:46:59.662
Finished copy 124 at 2025-05-25T04:47:32.929
Finished copy 41 at 2025-05-25T04:47:39.814
Finished copy 542 at 2025-05-25T04:47:40.415
Finished copy 42 at 2025-05-25T04:48:45.830
Finished copy 234 at 2025-05-25T04:49:14.450
Finished copy 438 at 2025-05-25T04:49:14.718
Finished copy 543 at 2025-05-25T04:49:22.809
Finished copy 332 at 2025-05-25T04:50:42.666
Finished copy 43 at 2025-05-25T04:51:02.524
Finished copy 235 at 2025-05-25T04:51:09.487
Finished copy 439 at 2025-05-25T04:51:31.841
Finished copy 125 at 2025-05-25T04:51:40.735
Finished copy 544 at 2025-05-25T04:52:26.497
Finished copy 44 at 2025-05-25T04:52:31.900
Finished copy 440 at 2025-05-25T04:53:38.812
Finished copy 545 at 2025-05-25T04:54:21.869
Finished copy 126 at 2025-05-25T04:54:42.061
Finished copy 236 at 2025-05-25T04:54:43.924
Finished copy 45 at 2025-05-25T04:54:52.792
Finished copy 333 at 2025-05-25T04:55:08.824
Finished copy 441 at 2025-05-25T04:55:20.683
Finished copy 46 at 2025-05-25T04:56:41.577
Finished copy 546 at 2025-05-25T04:56:46.337
Finished copy 442 at 2025-05-25T04:57:02.727
Finished copy 334 at 2025-05-25T04:57:10.672
Finished copy 127 at 2025-05-25T04:57:29.039
Finished copy 47 at 2025-05-25T04:57:55.628
Finished copy 547 at 2025-05-25T04:58:29.618
Finished copy 237 at 2025-05-25T04:58:36.064
Finished copy 443 at 2025-05-25T04:59:15.152
Finished copy 48 at 2025-05-25T04:59:19.079
Finished copy 548 at 2025-05-25T05:00:38.942
Finished copy 238 at 2025-05-25T05:00:44.250
Finished copy 49 at 2025-05-25T05:00:51.776
Finished copy 335 at 2025-05-25T05:01:11.091
Finished copy 128 at 2025-05-25T05:02:08.260
Finished copy 50 at 2025-05-25T05:02:33.996
Finished copy 239 at 2025-05-25T05:02:41.135
Finished copy 336 at 2025-05-25T05:03:21.179
Finished copy 444 at 2025-05-25T05:04:03.499
Finished copy 549 at 2025-05-25T05:04:13.681
Finished copy 51 at 2025-05-25T05:04:27.292
Finished copy 129 at 2025-05-25T05:04:39.201
Finished copy 240 at 2025-05-25T05:05:06.700
Finished copy 52 at 2025-05-25T05:05:40.770
Finished copy 337 at 2025-05-25T05:05:48.501
Finished copy 550 at 2025-05-25T05:06:21.779
Finished copy 445 at 2025-05-25T05:06:24.166
Finished copy 241 at 2025-05-25T05:06:57.258
Finished copy 130 at 2025-05-25T05:07:02.288
Finished copy 53 at 2025-05-25T05:07:24.468
Finished copy 551 at 2025-05-25T05:08:14.488
Finished copy 242 at 2025-05-25T05:08:55.259
Finished copy 54 at 2025-05-25T05:08:57.406
Finished copy 446 at 2025-05-25T05:09:00.293
Finished copy 338 at 2025-05-25T05:09:36.299
Finished copy 552 at 2025-05-25T05:09:46.224
Finished copy 131 at 2025-05-25T05:09:58.580
Finished copy 55 at 2025-05-25T05:10:37.180
Finished copy 243 at 2025-05-25T05:11:06.559
Finished copy 447 at 2025-05-25T05:11:08.247
Finished copy 553 at 2025-05-25T05:11:41.010
Finished copy 339 at 2025-05-25T05:11:54.550
Finished copy 56 at 2025-05-25T05:12:03.160
Finished copy 132 at 2025-05-25T05:12:23.288
Finished copy 554 at 2025-05-25T05:13:15.262
Finished copy 244 at 2025-05-25T05:13:25.223
Finished copy 57 at 2025-05-25T05:13:25.633
Finished copy 448 at 2025-05-25T05:13:46.040
Finished copy 58 at 2025-05-25T05:14:43.337
Finished copy 555 at 2025-05-25T05:15:08.131
Finished copy 133 at 2025-05-25T05:15:20.561
Finished copy 340 at 2025-05-25T05:15:28.370
Finished copy 245 at 2025-05-25T05:15:32.856
Finished copy 59 at 2025-05-25T05:15:58.296
Finished copy 449 at 2025-05-25T05:16:10.580
Finished copy 556 at 2025-05-25T05:17:07.365
Finished copy 60 at 2025-05-25T05:17:13.314
Finished copy 134 at 2025-05-25T05:17:43.654
Finished copy 246 at 2025-05-25T05:17:43.885
Finished copy 341 at 2025-05-25T05:18:05.906
Finished copy 61 at 2025-05-25T05:18:26.226
Finished copy 450 at 2025-05-25T05:18:33.518
Finished copy 557 at 2025-05-25T05:18:46.826
Finished copy 62 at 2025-05-25T05:20:03.897
Finished copy 247 at 2025-05-25T05:20:17.032
Finished copy 342 at 2025-05-25T05:20:24.310
Finished copy 135 at 2025-05-25T05:20:33.892
Finished copy 451 at 2025-05-25T05:20:55.481
Finished copy 558 at 2025-05-25T05:21:16.186
Finished copy 63 at 2025-05-25T05:21:26.695
Finished copy 64 at 2025-05-25T05:22:38.564
Finished copy 248 at 2025-05-25T05:22:46.464
Finished copy 559 at 2025-05-25T05:23:04.728
Finished copy 452 at 2025-05-25T05:23:27.589
Finished copy 343 at 2025-05-25T05:23:40.532
Finished copy 136 at 2025-05-25T05:24:05.446
Finished copy 65 at 2025-05-25T05:24:06.753
Finished copy 560 at 2025-05-25T05:24:47.360
Finished copy 249 at 2025-05-25T05:25:01.401
Finished copy 453 at 2025-05-25T05:26:16.194
Finished copy 137 at 2025-05-25T05:26:54.545
Finished copy 561 at 2025-05-25T05:27:09.102
Finished copy 66 at 2025-05-25T05:27:14.803
Finished copy 344 at 2025-05-25T05:28:19.504
Finished copy 67 at 2025-05-25T05:28:38.717
Finished copy 454 at 2025-05-25T05:28:51.249
Finished copy 562 at 2025-05-25T05:28:56.136
Finished copy 250 at 2025-05-25T05:29:24.510
Finished copy 138 at 2025-05-25T05:29:33.511
Finished copy 68 at 2025-05-25T05:30:05.546
Finished copy 563 at 2025-05-25T05:30:36.893
Finished copy 345 at 2025-05-25T05:30:45.909
Finished copy 455 at 2025-05-25T05:31:06.437
Finished copy 69 at 2025-05-25T05:31:38.347
Finished copy 139 at 2025-05-25T05:32:14.652
Finished copy 70 at 2025-05-25T05:33:15.475
Finished copy 456 at 2025-05-25T05:33:44.682
Finished copy 251 at 2025-05-25T05:33:48.785
Finished copy 564 at 2025-05-25T05:33:58.874
Finished copy 71 at 2025-05-25T05:35:01.273
Finished copy 346 at 2025-05-25T05:35:01.863
Finished copy 140 at 2025-05-25T05:35:38.300
Finished copy 457 at 2025-05-25T05:36:09.431
Finished copy 565 at 2025-05-25T05:36:22.280
Finished copy 72 at 2025-05-25T05:36:28.713
Finished copy 252 at 2025-05-25T05:36:39.962
Finished copy 347 at 2025-05-25T05:37:25.032
Finished copy 73 at 2025-05-25T05:38:08.365
Finished copy 458 at 2025-05-25T05:38:16.333
Finished copy 566 at 2025-05-25T05:38:47.816
Finished copy 141 at 2025-05-25T05:38:56.700
Finished copy 253 at 2025-05-25T05:39:23.730
Finished copy 348 at 2025-05-25T05:39:36.138
Finished copy 74 at 2025-05-25T05:40:34.765
Finished copy 567 at 2025-05-25T05:41:00.818
Finished copy 75 at 2025-05-25T05:42:10.824
Finished copy 142 at 2025-05-25T05:42:15.654
Finished copy 459 at 2025-05-25T05:42:21.196
Finished copy 568 at 2025-05-25T05:43:23.659
Finished copy 349 at 2025-05-25T05:43:28.338
Finished copy 76 at 2025-05-25T05:43:36.841
Finished copy 254 at 2025-05-25T05:43:37.755
Finished copy 77 at 2025-05-25T05:44:55.578
Finished copy 460 at 2025-05-25T05:45:06.822
Finished copy 143 at 2025-05-25T05:45:13.092
Finished copy 569 at 2025-05-25T05:45:19.185
Finished copy 255 at 2025-05-25T05:45:50.831
Finished copy 350 at 2025-05-25T05:46:00.478
Finished copy 78 at 2025-05-25T05:46:21.286
Finished copy 79 at 2025-05-25T05:47:38.409
Finished copy 461 at 2025-05-25T05:47:55.901
Finished copy 144 at 2025-05-25T05:48:00.849
Finished copy 256 at 2025-05-25T05:48:34.143
Finished copy 570 at 2025-05-25T05:48:39.985
Finished copy 351 at 2025-05-25T05:48:53.520
Finished copy 80 at 2025-05-25T05:49:11.580
Finished copy 571 at 2025-05-25T05:50:28.736
Finished copy 145 at 2025-05-25T05:51:02.979
Finished copy 462 at 2025-05-25T05:51:07.163
Finished copy 257 at 2025-05-25T05:51:34.061
Finished copy 81 at 2025-05-25T05:51:45.051
Finished copy 352 at 2025-05-25T05:52:13.007
Finished copy 572 at 2025-05-25T05:52:37.689
Finished copy 463 at 2025-05-25T05:53:22.395
Finished copy 258 at 2025-05-25T05:53:30.935
Finished copy 146 at 2025-05-25T05:53:52.790
Finished copy 82 at 2025-05-25T05:54:38.781
Finished copy 573 at 2025-05-25T05:55:08.513
Finished copy 464 at 2025-05-25T05:55:33.940
Finished copy 259 at 2025-05-25T05:55:39.102
Finished copy 83 at 2025-05-25T05:56:06.516
Finished copy 353 at 2025-05-25T05:56:48.570
Finished copy 147 at 2025-05-25T05:57:03.029
Finished copy 260 at 2025-05-25T05:57:57.893
Finished copy 84 at 2025-05-25T05:58:10.161
Finished copy 574 at 2025-05-25T05:58:53.662
Finished copy 354 at 2025-05-25T05:59:15.409
Finished copy 85 at 2025-05-25T05:59:32.406
Finished copy 148 at 2025-05-25T05:59:51.931
Finished copy 465 at 2025-05-25T05:59:57.665
Finished copy 261 at 2025-05-25T06:00:25.692
Finished copy 575 at 2025-05-25T06:00:50.845
Finished copy 86 at 2025-05-25T06:01:17.776
Finished copy 355 at 2025-05-25T06:01:33.672
Finished copy 466 at 2025-05-25T06:02:17.935
Finished copy 87 at 2025-05-25T06:02:43.198
Finished copy 262 at 2025-05-25T06:02:46.517
Finished copy 576 at 2025-05-25T06:02:50.129
Finished copy 149 at 2025-05-25T06:02:59.484
Finished copy 88 at 2025-05-25T06:04:03.261
Finished copy 356 at 2025-05-25T06:04:59.686
Finished copy 577 at 2025-05-25T06:05:04.687
Finished copy 89 at 2025-05-25T06:05:37.091
Finished copy 150 at 2025-05-25T06:05:58.268
Finished copy 263 at 2025-05-25T06:06:50.411
Finished copy 578 at 2025-05-25T06:07:06.114
Finished copy 467 at 2025-05-25T06:07:20.515
Finished copy 357 at 2025-05-25T06:07:35.291
Finished copy 90 at 2025-05-25T06:08:22.675
Finished copy 579 at 2025-05-25T06:09:05.930
Finished copy 151 at 2025-05-25T06:09:06.308
Finished copy 264 at 2025-05-25T06:09:31.001
Finished copy 91 at 2025-05-25T06:10:34.361
Finished copy 580 at 2025-05-25T06:11:06.086
Finished copy 358 at 2025-05-25T06:11:10.524
Finished copy 152 at 2025-05-25T06:12:13.820
Finished copy 265 at 2025-05-25T06:12:32.174
Finished copy 468 at 2025-05-25T06:12:57.274
Finished copy 92 at 2025-05-25T06:13:24.574
Finished copy 359 at 2025-05-25T06:13:38.820
Finished copy 581 at 2025-05-25T06:13:56.226
Finished copy 93 at 2025-05-25T06:14:51.447
Finished copy 266 at 2025-05-25T06:15:04.247
Finished copy 153 at 2025-05-25T06:15:09.663
Finished copy 469 at 2025-05-25T06:15:21.241
Finished copy 360 at 2025-05-25T06:16:12.936
Finished copy 582 at 2025-05-25T06:16:40.067
Finished copy 94 at 2025-05-25T06:17:25.290
Finished copy 267 at 2025-05-25T06:17:45.259
Finished copy 470 at 2025-05-25T06:17:50.619
Finished copy 154 at 2025-05-25T06:18:14.172
Finished copy 361 at 2025-05-25T06:18:40.481
Finished copy 583 at 2025-05-25T06:18:48.249
Finished copy 95 at 2025-05-25T06:18:54.753
Finished copy 96 at 2025-05-25T06:20:17.016
Finished copy 268 at 2025-05-25T06:20:33.016
Finished copy 471 at 2025-05-25T06:20:43.132
Finished copy 155 at 2025-05-25T06:21:28.191
Finished copy 584 at 2025-05-25T06:21:34.962
Finished copy 97 at 2025-05-25T06:21:48.632
Finished copy 98 at 2025-05-25T06:23:08.374
Finished copy 472 at 2025-05-25T06:23:11.057
Finished copy 362 at 2025-05-25T06:23:20.421
Finished copy 99 at 2025-05-25T06:24:32.793
Finished copy 585 at 2025-05-25T06:24:38.971
Finished copy 156 at 2025-05-25T06:24:51.137
Finished copy 269 at 2025-05-25T06:25:33.396
Finished copy 473 at 2025-05-25T06:26:18.081
Finished copy 363 at 2025-05-25T06:26:18.937
Finished copy 100 at 2025-05-25T06:26:20.561
Finished copy 586 at 2025-05-25T06:26:43.927
Finished copy 270 at 2025-05-25T06:27:23.534
Finished copy 474 at 2025-05-25T06:27:47.148
Finished copy 364 at 2025-05-25T06:27:59.446
Finished copy 157 at 2025-05-25T06:28:21.865
Finished copy 271 at 2025-05-25T06:28:46.538
Finished copy 587 at 2025-05-25T06:29:08.181
Finished copy 475 at 2025-05-25T06:29:15.016
Finished copy 365 at 2025-05-25T06:29:34.782
Finished copy 158 at 2025-05-25T06:29:53.145
Finished copy 272 at 2025-05-25T06:30:11.716
Finished copy 588 at 2025-05-25T06:30:28.320
Finished copy 476 at 2025-05-25T06:30:47.844
Finished copy 159 at 2025-05-25T06:30:59.002
Finished copy 366 at 2025-05-25T06:31:03.748
Finished copy 273 at 2025-05-25T06:31:33.967
Finished copy 589 at 2025-05-25T06:31:48.830
Finished copy 160 at 2025-05-25T06:32:26.082
Finished copy 274 at 2025-05-25T06:32:47.524
Finished copy 590 at 2025-05-25T06:33:04.113
Finished copy 477 at 2025-05-25T06:33:17.870
Finished copy 367 at 2025-05-25T06:33:28.360
Finished copy 275 at 2025-05-25T06:34:03.802
Finished copy 591 at 2025-05-25T06:34:16.880
Finished copy 161 at 2025-05-25T06:34:22.507
Finished copy 368 at 2025-05-25T06:34:53.019
Finished copy 478 at 2025-05-25T06:35:18.844
Finished copy 276 at 2025-05-25T06:35:23.185
Finished copy 162 at 2025-05-25T06:35:33.256
Finished copy 592 at 2025-05-25T06:36:04.326
Finished copy 479 at 2025-05-25T06:36:32.677
Finished copy 163 at 2025-05-25T06:36:40.403
Finished copy 369 at 2025-05-25T06:36:45.677
Finished copy 593 at 2025-05-25T06:37:11.852
Finished copy 277 at 2025-05-25T06:37:21.181
Finished copy 480 at 2025-05-25T06:37:48.615
Finished copy 164 at 2025-05-25T06:37:51.813
Finished copy 594 at 2025-05-25T06:38:26.724
Finished copy 278 at 2025-05-25T06:38:37.624
Finished copy 595 at 2025-05-25T06:39:32.829
Finished copy 370 at 2025-05-25T06:39:43.166
Finished copy 165 at 2025-05-25T06:39:48.361
Finished copy 481 at 2025-05-25T06:40:04.995
Finished copy 279 at 2025-05-25T06:40:39.200
Finished copy 371 at 2025-05-25T06:40:51.758
Finished copy 166 at 2025-05-25T06:41:02.369
Finished copy 482 at 2025-05-25T06:41:10.272
Finished copy 596 at 2025-05-25T06:41:27.399
Finished copy 372 at 2025-05-25T06:42:01.173
Finished copy 167 at 2025-05-25T06:42:08.140
Finished copy 483 at 2025-05-25T06:42:27.288
Finished copy 280 at 2025-05-25T06:42:35.602
Finished copy 597 at 2025-05-25T06:42:58.829
Finished copy 168 at 2025-05-25T06:43:15.691
Finished copy 484 at 2025-05-25T06:43:30.937
Finished copy 373 at 2025-05-25T06:43:51.571
Finished copy 598 at 2025-05-25T06:43:55.373
Finished copy 281 at 2025-05-25T06:44:17.033
Finished copy 485 at 2025-05-25T06:44:30.995
Finished copy 169 at 2025-05-25T06:44:53.871
Finished copy 374 at 2025-05-25T06:45:02.290
Finished copy 282 at 2025-05-25T06:45:37.536
Finished copy 170 at 2025-05-25T06:45:53.760
Finished copy 486 at 2025-05-25T06:46:09.240
Finished copy 599 at 2025-05-25T06:46:15.405
Finished copy 283 at 2025-05-25T06:46:34.080
Finished copy 375 at 2025-05-25T06:47:02.161
Finished copy 171 at 2025-05-25T06:47:07.906
Finished copy 487 at 2025-05-25T06:47:11.794
Finished copy 600 at 2025-05-25T06:47:17.531
Finished copy 376 at 2025-05-25T06:47:53.912
Finished copy 284 at 2025-05-25T06:48:00.507
Finished copy 488 at 2025-05-25T06:48:16.777
Finished copy 377 at 2025-05-25T06:48:54.002
Finished copy 172 at 2025-05-25T06:48:57.028
Finished copy 285 at 2025-05-25T06:48:58.484
Finished copy 489 at 2025-05-25T06:49:11.914
Finished copy 173 at 2025-05-25T06:49:46.988
Finished copy 378 at 2025-05-25T06:49:50.434
Finished copy 286 at 2025-05-25T06:49:51.814
Finished copy 287 at 2025-05-25T06:50:40.652
Finished copy 379 at 2025-05-25T06:50:48.853
Finished copy 490 at 2025-05-25T06:50:53.902
Finished copy 174 at 2025-05-25T06:51:25.104
Finished copy 288 at 2025-05-25T06:51:29.859
Finished copy 380 at 2025-05-25T06:51:44.499
Finished copy 491 at 2025-05-25T06:51:49.034
Finished copy 175 at 2025-05-25T06:52:22.386
Finished copy 289 at 2025-05-25T06:52:22.815
Finished copy 492 at 2025-05-25T06:52:43.092
Finished copy 381 at 2025-05-25T06:52:43.718
Finished copy 290 at 2025-05-25T06:53:20.302
Finished copy 176 at 2025-05-25T06:53:21.980
Finished copy 493 at 2025-05-25T06:53:39.288
Finished copy 382 at 2025-05-25T06:53:41.834
Finished copy 177 at 2025-05-25T06:54:13.505
Finished copy 494 at 2025-05-25T06:54:36.001
Finished copy 383 at 2025-05-25T06:54:45.366
Finished copy 291 at 2025-05-25T06:54:56.311
Finished copy 178 at 2025-05-25T06:55:06.509
Finished copy 495 at 2025-05-25T06:55:29.636
Finished copy 384 at 2025-05-25T06:55:33.197
Finished copy 292 at 2025-05-25T06:55:52.288
Finished copy 179 at 2025-05-25T06:55:58.041
Finished copy 496 at 2025-05-25T06:56:29.103
Finished copy 180 at 2025-05-25T06:56:45.014
Finished copy 385 at 2025-05-25T06:57:20.164
Finished copy 497 at 2025-05-25T06:57:30.414
Finished copy 293 at 2025-05-25T06:57:38.511
Finished copy 181 at 2025-05-25T06:57:40.089
Finished copy 498 at 2025-05-25T06:58:19.161
Finished copy 294 at 2025-05-25T06:59:01.630
Finished copy 182 at 2025-05-25T06:59:08.468
Finished copy 386 at 2025-05-25T06:59:09.888
Finished copy 295 at 2025-05-25T06:59:55.537
Finished copy 183 at 2025-05-25T07:00:00.933
Finished copy 499 at 2025-05-25T07:00:02.684
Finished copy 296 at 2025-05-25T07:00:45.243
Finished copy 387 at 2025-05-25T07:00:50.877
Finished copy 500 at 2025-05-25T07:00:58.780
Finished copy 184 at 2025-05-25T07:01:08.932
Finished copy 297 at 2025-05-25T07:01:38.892
Finished copy 388 at 2025-05-25T07:01:42.516
Finished copy 185 at 2025-05-25T07:01:54.017
Finished copy 298 at 2025-05-25T07:02:25.318
Finished copy 186 at 2025-05-25T07:02:36.656
Finished copy 389 at 2025-05-25T07:02:38.993
Finished copy 299 at 2025-05-25T07:03:09.756
Finished copy 187 at 2025-05-25T07:03:26.564
Finished copy 390 at 2025-05-25T07:03:41.424
Finished copy 188 at 2025-05-25T07:04:11.831
Finished copy 189 at 2025-05-25T07:04:56.057
Finished copy 300 at 2025-05-25T07:04:57.232
Finished copy 391 at 2025-05-25T07:05:02.325
Finished copy 392 at 2025-05-25T07:05:40.516
Finished copy 190 at 2025-05-25T07:05:43.622
Finished copy 191 at 2025-05-25T07:06:24.229
Finished copy 393 at 2025-05-25T07:06:27.647
Finished copy 192 at 2025-05-25T07:07:04.412
Finished copy 394 at 2025-05-25T07:07:46.666
Finished copy 193 at 2025-05-25T07:08:05.233
Finished copy 194 at 2025-05-25T07:08:47.083
Finished copy 395 at 2025-05-25T07:09:07.805
Finished copy 195 at 2025-05-25T07:09:28.002
Finished copy 196 at 2025-05-25T07:10:05.992
Finished copy 396 at 2025-05-25T07:10:08.653
Finished copy 197 at 2025-05-25T07:10:53.742
Finished copy 397 at 2025-05-25T07:11:27.735
Finished copy 198 at 2025-05-25T07:11:43.290
Finished copy 398 at 2025-05-25T07:12:13.679
Finished copy 199 at 2025-05-25T07:12:23.135
Finished copy 399 at 2025-05-25T07:12:59.880
Finished copy 200 at 2025-05-25T07:13:10.242
Finished copy 400 at 2025-05-25T07:14:09.285
