Starting saddles simulation at 2025-05-22T05:21:48.784
Lattice size: 98
Beta values: [0.1, 0.10279944599549397, 0.10567726096980483, 0.10863563882017176, 0.11167683486080235, 0.11480316754220751, 0.1180170202186681, 0.1213208429651809, 0.12471715444526921, 0.12820854383108135, 0.1317976727772417, 0.13548727744995842, 0.13928017061293513, 0.14317924377167612, 0.14718746937782085, 0.15130790309518719, 0.15554368612925135, 0.15989804762184037, 0.16437430711286308, 0.16897587707095507, 0.17370626549496876, 0.1785690785882898, 0.18356802350802015, 0.1887069111911229, 0.19398965925968314, 0.19942029500750083, 0.20500295847029057, 0.21074190558183128, 0.21664151141846955, 0.22270627353445155, 0.22894081539062563, 0.23534988987912978, 0.2419383829467506, 0.24871131731971624, 0.25567385633276335, 0.26283130786539594, 0.2701891283883382, 0.27775292712326566, 0.2855284703189852, 0.2935216856473252, 0.3017386667220857, 0.3101856777444941, 0.3188691582787082, 0.3277957281610069, 0.3369721925464105, 0.3464055470965792, 0.3561029833129435, 0.36607189401913226, 0.3763198789968798, 0.3868547507797058, 0.39768454060878644, 0.4088175045555577, 0.4202621298157168, 0.4320271411794205, 0.4441215076826148, 0.4565544494445634, 0.46933544469678873, 0.48247423700878694, 0.49598084271601944, 0.5098655585558504, 0.5241389695172453, 0.5388119569102191, 0.553895706661185, 0.5694017178405246, 0.5853418114288852, 0.601728139328883, 0.6185731936290858, 0.6358898161273345, 0.6536912081206652, 0.6719909404692954, 0.6908029639423454, 0.710141619853183, 0.730021650992499, 0.7504582128674476, 0.7714668852554213, 0.7930636840812662, 0.815265073626996, 0.8380879790833082, 0.8615497994524721, 0.885668420812431, 0.9104622299522194, 0.9359501283891019, 0.9621515467781114, 0.9890864597249744, 1.0167754010137187, 1.045239479260565, 1.0745003940060471, 1.1045804522576164, 1.1355025854953513, 1.1672903671537318, 1.1999680305928035, 1.2335604875724422, 1.2680933472437848, 1.3035929356723266, 1.3400863159075478, 1.3776013086143843, 1.4161665132822627, 1.4558113300278694, 1.4965659820082826, 1.5384615384615383]
Copies: 600
Move type: l chain flip
----------------------------------
Finished copy 501 at 2025-05-22T05:25:28.899
Finished copy 301 at 2025-05-22T05:25:47.653
Finished copy 201 at 2025-05-22T05:26:44.015
Finished copy 401 at 2025-05-22T05:29:25.295
Finished copy 302 at 2025-05-22T05:31:54.495
Finished copy 1 at 2025-05-22T05:32:06.382
Finished copy 502 at 2025-05-22T05:32:06.835
Finished copy 202 at 2025-05-22T05:32:35.195
Finished copy 101 at 2025-05-22T05:32:59.061
Finished copy 402 at 2025-05-22T05:34:20.647
Finished copy 503 at 2025-05-22T05:37:00.838
Finished copy 303 at 2025-05-22T05:37:08.478
Finished copy 203 at 2025-05-22T05:37:31.911
Finished copy 102 at 2025-05-22T05:37:54.581
Finished copy 2 at 2025-05-22T05:39:40.397
Finished copy 403 at 2025-05-22T05:41:18.801
Finished copy 504 at 2025-05-22T05:41:19.263
Finished copy 304 at 2025-05-22T05:41:38.989
Finished copy 103 at 2025-05-22T05:42:45.079
Finished copy 204 at 2025-05-22T05:43:43.359
Finished copy 3 at 2025-05-22T05:45:33.886
Finished copy 305 at 2025-05-22T05:46:20.123
Finished copy 505 at 2025-05-22T05:46:33.936
Finished copy 404 at 2025-05-22T05:47:01.629
Finished copy 104 at 2025-05-22T05:47:04.003
Finished copy 205 at 2025-05-22T05:48:13.959
Finished copy 506 at 2025-05-22T05:51:21.499
Finished copy 4 at 2025-05-22T05:52:46.221
Finished copy 105 at 2025-05-22T05:53:12.006
Finished copy 405 at 2025-05-22T05:53:50.408
Finished copy 507 at 2025-05-22T05:57:38.245
Finished copy 106 at 2025-05-22T05:58:19.830
Finished copy 306 at 2025-05-22T05:59:11.766
Finished copy 406 at 2025-05-22T05:59:48.883
Finished copy 5 at 2025-05-22T06:00:59.178
Finished copy 206 at 2025-05-22T06:01:47.969
Finished copy 107 at 2025-05-22T06:03:31.863
Finished copy 307 at 2025-05-22T06:04:06.857
Finished copy 407 at 2025-05-22T06:05:10.155
Finished copy 508 at 2025-05-22T06:05:47.982
Finished copy 207 at 2025-05-22T06:06:58.245
Finished copy 6 at 2025-05-22T06:07:52.868
Finished copy 308 at 2025-05-22T06:08:44.517
Finished copy 509 at 2025-05-22T06:11:51.311
Finished copy 208 at 2025-05-22T06:13:23.491
Finished copy 108 at 2025-05-22T06:13:29.575
Finished copy 7 at 2025-05-22T06:14:02.592
Finished copy 309 at 2025-05-22T06:14:17.850
Finished copy 510 at 2025-05-22T06:16:56.901
Finished copy 408 at 2025-05-22T06:18:36.641
Finished copy 310 at 2025-05-22T06:19:05.806
Finished copy 109 at 2025-05-22T06:19:06.573
Finished copy 8 at 2025-05-22T06:20:14.295
Finished copy 209 at 2025-05-22T06:20:14.592
Finished copy 511 at 2025-05-22T06:22:04.616
Finished copy 110 at 2025-05-22T06:23:24.594
Finished copy 409 at 2025-05-22T06:24:27.524
Finished copy 311 at 2025-05-22T06:24:58.894
Finished copy 210 at 2025-05-22T06:25:09.995
Finished copy 512 at 2025-05-22T06:27:21.714
Finished copy 9 at 2025-05-22T06:27:46.881
Finished copy 111 at 2025-05-22T06:27:50.424
Finished copy 410 at 2025-05-22T06:29:24.203
Finished copy 211 at 2025-05-22T06:29:44.681
Finished copy 312 at 2025-05-22T06:30:25.959
Finished copy 10 at 2025-05-22T06:30:43.772
Finished copy 112 at 2025-05-22T06:30:49.004
Finished copy 513 at 2025-05-22T06:31:10.807
Finished copy 212 at 2025-05-22T06:32:27.868
Finished copy 11 at 2025-05-22T06:33:31.416
Finished copy 313 at 2025-05-22T06:35:01.405
Finished copy 213 at 2025-05-22T06:35:11.868
Finished copy 411 at 2025-05-22T06:35:27.607
Finished copy 12 at 2025-05-22T06:37:00.035
Finished copy 113 at 2025-05-22T06:37:08.865
Finished copy 214 at 2025-05-22T06:38:01.969
Finished copy 412 at 2025-05-22T06:38:46.022
Finished copy 13 at 2025-05-22T06:39:50.284
Finished copy 314 at 2025-05-22T06:39:50.321
Finished copy 514 at 2025-05-22T06:40:37.880
Finished copy 413 at 2025-05-22T06:41:35.665
Finished copy 215 at 2025-05-22T06:41:50.490
Finished copy 315 at 2025-05-22T06:42:33.669
Finished copy 14 at 2025-05-22T06:43:02.001
Finished copy 515 at 2025-05-22T06:43:30.359
Finished copy 216 at 2025-05-22T06:44:40.079
Finished copy 316 at 2025-05-22T06:45:09.464
Finished copy 114 at 2025-05-22T06:45:27.647
Finished copy 15 at 2025-05-22T06:46:03.598
Finished copy 516 at 2025-05-22T06:46:21.955
Finished copy 414 at 2025-05-22T06:46:41.352
Finished copy 217 at 2025-05-22T06:47:15.676
Finished copy 317 at 2025-05-22T06:48:04.572
Finished copy 115 at 2025-05-22T06:48:27.900
Finished copy 16 at 2025-05-22T06:48:36.939
Finished copy 517 at 2025-05-22T06:49:14.812
Finished copy 415 at 2025-05-22T06:49:53.008
Finished copy 218 at 2025-05-22T06:50:07.872
Finished copy 318 at 2025-05-22T06:51:10.238
Finished copy 17 at 2025-05-22T06:51:31.634
Finished copy 416 at 2025-05-22T06:52:53.155
Finished copy 18 at 2025-05-22T06:54:18.175
Finished copy 319 at 2025-05-22T06:54:32.878
Finished copy 417 at 2025-05-22T06:55:38.473
Finished copy 518 at 2025-05-22T06:56:41.584
Finished copy 219 at 2025-05-22T06:56:41.596
Finished copy 19 at 2025-05-22T06:57:01.183
Finished copy 320 at 2025-05-22T06:57:23.651
Finished copy 519 at 2025-05-22T06:59:16.537
Finished copy 321 at 2025-05-22T06:59:50.806
Finished copy 20 at 2025-05-22T07:00:08.007
Finished copy 220 at 2025-05-22T07:00:10.554
Finished copy 418 at 2025-05-22T07:00:35.990
Finished copy 116 at 2025-05-22T07:00:41.478
Finished copy 520 at 2025-05-22T07:02:09.043
Finished copy 221 at 2025-05-22T07:02:42.619
Finished copy 21 at 2025-05-22T07:02:45.637
Finished copy 117 at 2025-05-22T07:03:22.114
Finished copy 322 at 2025-05-22T07:03:47.109
Finished copy 521 at 2025-05-22T07:04:34.199
Finished copy 222 at 2025-05-22T07:05:00.936
Finished copy 419 at 2025-05-22T07:05:31.478
Finished copy 22 at 2025-05-22T07:05:35.031
Finished copy 118 at 2025-05-22T07:05:51.344
Finished copy 323 at 2025-05-22T07:06:14.402
Finished copy 522 at 2025-05-22T07:07:08.873
Finished copy 223 at 2025-05-22T07:07:38.014
Finished copy 420 at 2025-05-22T07:08:01.611
Finished copy 23 at 2025-05-22T07:08:06.356
Finished copy 119 at 2025-05-22T07:08:21.268
Finished copy 523 at 2025-05-22T07:09:50.615
Finished copy 224 at 2025-05-22T07:10:29.971
Finished copy 120 at 2025-05-22T07:10:45.231
Finished copy 24 at 2025-05-22T07:11:11.401
Finished copy 225 at 2025-05-22T07:12:49.025
Finished copy 524 at 2025-05-22T07:13:04.791
Finished copy 25 at 2025-05-22T07:13:43.144
Finished copy 121 at 2025-05-22T07:13:44.481
Finished copy 226 at 2025-05-22T07:15:17.865
Finished copy 421 at 2025-05-22T07:15:41.975
Finished copy 525 at 2025-05-22T07:16:07.850
Finished copy 26 at 2025-05-22T07:16:16.362
Finished copy 122 at 2025-05-22T07:16:17.860
Finished copy 422 at 2025-05-22T07:18:14.728
Finished copy 227 at 2025-05-22T07:18:46.886
Finished copy 526 at 2025-05-22T07:18:52.148
Finished copy 123 at 2025-05-22T07:19:21.692
Finished copy 423 at 2025-05-22T07:20:50.264
Finished copy 527 at 2025-05-22T07:21:28.335
Finished copy 124 at 2025-05-22T07:21:55.150
Finished copy 324 at 2025-05-22T07:22:03.545
Finished copy 27 at 2025-05-22T07:22:09.848
Finished copy 228 at 2025-05-22T07:23:16.347
Finished copy 528 at 2025-05-22T07:24:04.477
Finished copy 28 at 2025-05-22T07:24:27.660
Finished copy 325 at 2025-05-22T07:24:53.363
Finished copy 125 at 2025-05-22T07:25:35.863
Finished copy 529 at 2025-05-22T07:26:13.474
Finished copy 424 at 2025-05-22T07:26:57.573
Finished copy 29 at 2025-05-22T07:27:09.394
Finished copy 326 at 2025-05-22T07:27:26.795
Finished copy 126 at 2025-05-22T07:28:02.711
Finished copy 530 at 2025-05-22T07:28:47.210
Finished copy 425 at 2025-05-22T07:29:32.280
Finished copy 30 at 2025-05-22T07:29:54.969
Finished copy 327 at 2025-05-22T07:29:57.614
Finished copy 531 at 2025-05-22T07:31:16.730
Finished copy 127 at 2025-05-22T07:31:21.819
Finished copy 31 at 2025-05-22T07:33:00.839
Finished copy 229 at 2025-05-22T07:33:04.221
Finished copy 328 at 2025-05-22T07:33:15.077
Finished copy 532 at 2025-05-22T07:33:37.953
Finished copy 128 at 2025-05-22T07:33:53.537
Finished copy 426 at 2025-05-22T07:34:44.557
Finished copy 230 at 2025-05-22T07:35:41.355
Finished copy 329 at 2025-05-22T07:36:06.667
Finished copy 533 at 2025-05-22T07:36:21.108
Finished copy 129 at 2025-05-22T07:36:30.878
Finished copy 32 at 2025-05-22T07:37:38.788
Finished copy 231 at 2025-05-22T07:37:52.455
Finished copy 427 at 2025-05-22T07:38:17.572
Finished copy 330 at 2025-05-22T07:38:30.967
Finished copy 130 at 2025-05-22T07:38:49.917
Finished copy 534 at 2025-05-22T07:39:26.853
Finished copy 33 at 2025-05-22T07:40:11.467
Finished copy 232 at 2025-05-22T07:40:13.074
Finished copy 331 at 2025-05-22T07:41:02.905
Finished copy 131 at 2025-05-22T07:41:54.646
Finished copy 428 at 2025-05-22T07:42:11.775
Finished copy 34 at 2025-05-22T07:43:04.363
Finished copy 233 at 2025-05-22T07:43:28.030
Finished copy 132 at 2025-05-22T07:44:13.952
Finished copy 332 at 2025-05-22T07:44:23.399
Finished copy 429 at 2025-05-22T07:44:37.980
Finished copy 535 at 2025-05-22T07:45:23.907
Finished copy 35 at 2025-05-22T07:45:30.790
Finished copy 234 at 2025-05-22T07:46:07.742
Finished copy 133 at 2025-05-22T07:46:50.802
Finished copy 333 at 2025-05-22T07:47:40.199
Finished copy 430 at 2025-05-22T07:47:56.820
Finished copy 536 at 2025-05-22T07:48:01.011
Finished copy 36 at 2025-05-22T07:48:23.677
Finished copy 235 at 2025-05-22T07:48:26.784
Finished copy 134 at 2025-05-22T07:49:13.354
Finished copy 334 at 2025-05-22T07:49:59.045
Finished copy 431 at 2025-05-22T07:50:14.796
Finished copy 236 at 2025-05-22T07:50:51.487
Finished copy 37 at 2025-05-22T07:52:07.003
Finished copy 135 at 2025-05-22T07:52:09.043
Finished copy 335 at 2025-05-22T07:52:31.469
Finished copy 432 at 2025-05-22T07:53:18.588
Finished copy 237 at 2025-05-22T07:53:43.795
Finished copy 38 at 2025-05-22T07:54:27.520
Finished copy 336 at 2025-05-22T07:55:05.162
Finished copy 136 at 2025-05-22T07:55:24.989
Finished copy 537 at 2025-05-22T07:56:18.307
Finished copy 238 at 2025-05-22T07:56:35.259
Finished copy 39 at 2025-05-22T07:56:44.966
Finished copy 433 at 2025-05-22T07:57:04.170
Finished copy 137 at 2025-05-22T07:58:17.944
Finished copy 538 at 2025-05-22T07:58:35.700
Finished copy 239 at 2025-05-22T07:58:55.437
Finished copy 40 at 2025-05-22T07:59:32.623
Finished copy 434 at 2025-05-22T08:00:05.921
Finished copy 337 at 2025-05-22T08:00:40.296
Finished copy 138 at 2025-05-22T08:00:56.278
Finished copy 41 at 2025-05-22T08:02:08.306
Finished copy 539 at 2025-05-22T08:02:11.803
Finished copy 435 at 2025-05-22T08:02:33.916
Finished copy 338 at 2025-05-22T08:03:12.224
Finished copy 139 at 2025-05-22T08:03:27.934
Finished copy 42 at 2025-05-22T08:04:33.727
Finished copy 540 at 2025-05-22T08:04:47.880
Finished copy 240 at 2025-05-22T08:05:04.608
Finished copy 436 at 2025-05-22T08:05:06.425
Finished copy 140 at 2025-05-22T08:06:16.943
Finished copy 339 at 2025-05-22T08:07:00.157
Finished copy 541 at 2025-05-22T08:07:18.852
Finished copy 241 at 2025-05-22T08:07:35.104
Finished copy 437 at 2025-05-22T08:07:41.017
Finished copy 43 at 2025-05-22T08:07:41.851
Finished copy 141 at 2025-05-22T08:09:10.377
Finished copy 542 at 2025-05-22T08:09:33.886
Finished copy 340 at 2025-05-22T08:09:41.375
Finished copy 242 at 2025-05-22T08:09:46.761
Finished copy 438 at 2025-05-22T08:10:05.755
Finished copy 44 at 2025-05-22T08:10:21.699
Finished copy 142 at 2025-05-22T08:11:41.317
Finished copy 341 at 2025-05-22T08:11:54.658
Finished copy 243 at 2025-05-22T08:12:03.213
Finished copy 543 at 2025-05-22T08:12:27.527
Finished copy 439 at 2025-05-22T08:12:40.962
Finished copy 45 at 2025-05-22T08:13:00.395
Finished copy 143 at 2025-05-22T08:14:10.304
Finished copy 342 at 2025-05-22T08:14:19.678
Finished copy 544 at 2025-05-22T08:14:50.413
Finished copy 440 at 2025-05-22T08:15:15.183
Finished copy 46 at 2025-05-22T08:15:19.227
Finished copy 244 at 2025-05-22T08:16:00.601
Finished copy 144 at 2025-05-22T08:16:48.274
Finished copy 545 at 2025-05-22T08:17:10.769
Finished copy 343 at 2025-05-22T08:17:29.171
Finished copy 441 at 2025-05-22T08:18:19.401
Finished copy 47 at 2025-05-22T08:18:22.569
Finished copy 145 at 2025-05-22T08:19:20.421
Finished copy 546 at 2025-05-22T08:19:51.913
Finished copy 344 at 2025-05-22T08:20:06.571
Finished copy 245 at 2025-05-22T08:20:22.485
Finished copy 48 at 2025-05-22T08:20:59.865
Finished copy 442 at 2025-05-22T08:22:28.363
Finished copy 345 at 2025-05-22T08:22:28.506
Finished copy 246 at 2025-05-22T08:22:35.079
Finished copy 547 at 2025-05-22T08:22:35.692
Finished copy 146 at 2025-05-22T08:22:58.844
Finished copy 346 at 2025-05-22T08:25:13.189
Finished copy 548 at 2025-05-22T08:25:15.013
Finished copy 147 at 2025-05-22T08:25:23.578
Finished copy 247 at 2025-05-22T08:25:47.351
Finished copy 443 at 2025-05-22T08:27:29.572
Finished copy 148 at 2025-05-22T08:27:37.421
Finished copy 549 at 2025-05-22T08:27:50.542
Finished copy 248 at 2025-05-22T08:28:27.522
Finished copy 347 at 2025-05-22T08:28:53.353
Finished copy 49 at 2025-05-22T08:29:41.985
Finished copy 149 at 2025-05-22T08:30:20.493
Finished copy 550 at 2025-05-22T08:30:44.617
Finished copy 249 at 2025-05-22T08:31:07.341
Finished copy 50 at 2025-05-22T08:32:06.653
Finished copy 150 at 2025-05-22T08:33:08.510
Finished copy 551 at 2025-05-22T08:33:18.032
Finished copy 250 at 2025-05-22T08:33:41.513
Finished copy 348 at 2025-05-22T08:34:06.853
Finished copy 51 at 2025-05-22T08:34:44.989
Finished copy 151 at 2025-05-22T08:35:35.437
Finished copy 552 at 2025-05-22T08:35:59.149
Finished copy 251 at 2025-05-22T08:36:00.092
Finished copy 444 at 2025-05-22T08:37:03.277
Finished copy 349 at 2025-05-22T08:37:17.280
Finished copy 52 at 2025-05-22T08:37:22.868
Finished copy 553 at 2025-05-22T08:39:05.700
Finished copy 252 at 2025-05-22T08:39:37.632
Finished copy 53 at 2025-05-22T08:40:12.671
Finished copy 445 at 2025-05-22T08:40:15.177
Finished copy 350 at 2025-05-22T08:40:35.499
Finished copy 554 at 2025-05-22T08:41:40.426
Finished copy 446 at 2025-05-22T08:42:52.837
Finished copy 54 at 2025-05-22T08:42:56.905
Finished copy 253 at 2025-05-22T08:43:15.004
Finished copy 351 at 2025-05-22T08:43:33.179
Finished copy 555 at 2025-05-22T08:44:27.326
Finished copy 55 at 2025-05-22T08:45:52.386
Finished copy 352 at 2025-05-22T08:45:56.977
Finished copy 447 at 2025-05-22T08:46:08.087
Finished copy 152 at 2025-05-22T08:46:56.060
Finished copy 254 at 2025-05-22T08:46:56.357
Finished copy 556 at 2025-05-22T08:47:18.796
Finished copy 56 at 2025-05-22T08:48:25.116
Finished copy 448 at 2025-05-22T08:48:39.601
Finished copy 353 at 2025-05-22T08:48:51.092
Finished copy 153 at 2025-05-22T08:49:21.790
Finished copy 557 at 2025-05-22T08:50:01.615
Finished copy 255 at 2025-05-22T08:50:25.872
Finished copy 57 at 2025-05-22T08:51:16.238
Finished copy 449 at 2025-05-22T08:51:33.790
Finished copy 558 at 2025-05-22T08:52:31.572
Finished copy 154 at 2025-05-22T08:52:35.325
Finished copy 58 at 2025-05-22T08:53:34.227
Finished copy 450 at 2025-05-22T08:54:25.946
Finished copy 354 at 2025-05-22T08:54:32.446
Finished copy 559 at 2025-05-22T08:55:08.719
Finished copy 256 at 2025-05-22T08:56:14.273
Finished copy 59 at 2025-05-22T08:56:23.729
Finished copy 355 at 2025-05-22T08:56:54.202
Finished copy 451 at 2025-05-22T08:57:00.878
Finished copy 560 at 2025-05-22T08:58:08.233
Finished copy 257 at 2025-05-22T08:58:47.820
Finished copy 60 at 2025-05-22T08:59:10.343
Finished copy 356 at 2025-05-22T08:59:32.799
Finished copy 452 at 2025-05-22T09:00:28.501
Finished copy 155 at 2025-05-22T09:00:39.993
Finished copy 561 at 2025-05-22T09:00:42.148
Finished copy 357 at 2025-05-22T09:02:04.368
Finished copy 453 at 2025-05-22T09:03:03.423
Finished copy 562 at 2025-05-22T09:03:06.694
Finished copy 156 at 2025-05-22T09:03:07.300
Finished copy 61 at 2025-05-22T09:04:05.537
Finished copy 258 at 2025-05-22T09:04:18.282
Finished copy 358 at 2025-05-22T09:04:55.909
Finished copy 454 at 2025-05-22T09:05:32.108
Finished copy 157 at 2025-05-22T09:05:59.617
Finished copy 259 at 2025-05-22T09:06:50.189
Finished copy 62 at 2025-05-22T09:07:06.723
Finished copy 563 at 2025-05-22T09:07:55.611
Finished copy 455 at 2025-05-22T09:08:35.828
Finished copy 158 at 2025-05-22T09:08:59.632
Finished copy 359 at 2025-05-22T09:09:18.966
Finished copy 260 at 2025-05-22T09:09:50.477
Finished copy 63 at 2025-05-22T09:10:49.585
Finished copy 564 at 2025-05-22T09:10:49.797
Finished copy 456 at 2025-05-22T09:11:19.656
Finished copy 360 at 2025-05-22T09:11:57.804
Finished copy 159 at 2025-05-22T09:13:04.256
Finished copy 64 at 2025-05-22T09:13:09.733
Finished copy 261 at 2025-05-22T09:13:22.637
Finished copy 565 at 2025-05-22T09:13:57.243
Finished copy 361 at 2025-05-22T09:14:33.794
Finished copy 457 at 2025-05-22T09:14:41.874
Finished copy 65 at 2025-05-22T09:16:01.958
Finished copy 262 at 2025-05-22T09:16:11.812
Finished copy 160 at 2025-05-22T09:16:14.918
Finished copy 566 at 2025-05-22T09:17:12.328
Finished copy 362 at 2025-05-22T09:17:24.482
Finished copy 458 at 2025-05-22T09:17:27.602
Finished copy 66 at 2025-05-22T09:18:35.577
Finished copy 161 at 2025-05-22T09:18:42.045
Finished copy 567 at 2025-05-22T09:19:49.349
Finished copy 459 at 2025-05-22T09:19:55.681
Finished copy 363 at 2025-05-22T09:20:29.347
Finished copy 67 at 2025-05-22T09:22:20.949
Finished copy 568 at 2025-05-22T09:22:23.047
Finished copy 162 at 2025-05-22T09:22:36.342
Finished copy 460 at 2025-05-22T09:22:57.707
Finished copy 364 at 2025-05-22T09:23:08.308
Finished copy 263 at 2025-05-22T09:24:43.983
Finished copy 569 at 2025-05-22T09:25:04.324
Finished copy 68 at 2025-05-22T09:25:12.798
Finished copy 461 at 2025-05-22T09:25:33.884
Finished copy 163 at 2025-05-22T09:26:19.621
Finished copy 570 at 2025-05-22T09:27:24.216
Finished copy 264 at 2025-05-22T09:27:33.410
Finished copy 365 at 2025-05-22T09:27:37.537
Finished copy 69 at 2025-05-22T09:27:42.484
Finished copy 462 at 2025-05-22T09:27:59.399
Finished copy 164 at 2025-05-22T09:28:45.416
Finished copy 366 at 2025-05-22T09:30:11.954
Finished copy 70 at 2025-05-22T09:30:40.818
Finished copy 571 at 2025-05-22T09:30:44.634
Finished copy 463 at 2025-05-22T09:30:55.956
Finished copy 165 at 2025-05-22T09:31:09.686
Finished copy 265 at 2025-05-22T09:33:05.256
Finished copy 367 at 2025-05-22T09:33:09.796
Finished copy 71 at 2025-05-22T09:33:14.093
Finished copy 166 at 2025-05-22T09:33:34.098
Finished copy 464 at 2025-05-22T09:33:46.444
Finished copy 266 at 2025-05-22T09:35:30.853
Finished copy 368 at 2025-05-22T09:35:54.717
Finished copy 167 at 2025-05-22T09:36:21.463
Finished copy 465 at 2025-05-22T09:36:37.809
Finished copy 572 at 2025-05-22T09:37:05.725
Finished copy 267 at 2025-05-22T09:37:53.791
Finished copy 369 at 2025-05-22T09:38:38.240
Finished copy 466 at 2025-05-22T09:39:17.307
Finished copy 168 at 2025-05-22T09:39:25.725
Finished copy 573 at 2025-05-22T09:39:54.350
Finished copy 72 at 2025-05-22T09:39:58.621
Finished copy 268 at 2025-05-22T09:40:42.932
Finished copy 370 at 2025-05-22T09:41:29.429
Finished copy 467 at 2025-05-22T09:41:39.762
Finished copy 169 at 2025-05-22T09:42:19.187
Finished copy 574 at 2025-05-22T09:42:33.421
Finished copy 73 at 2025-05-22T09:42:40.950
Finished copy 269 at 2025-05-22T09:44:24.563
Finished copy 468 at 2025-05-22T09:44:43.763
Finished copy 371 at 2025-05-22T09:44:48.861
Finished copy 74 at 2025-05-22T09:45:20.217
Finished copy 575 at 2025-05-22T09:45:22.358
Finished copy 270 at 2025-05-22T09:47:16.588
Finished copy 469 at 2025-05-22T09:47:27.289
Finished copy 170 at 2025-05-22T09:47:37.320
Finished copy 75 at 2025-05-22T09:47:53.167
Finished copy 576 at 2025-05-22T09:48:02.161
Finished copy 372 at 2025-05-22T09:48:43.845
Finished copy 271 at 2025-05-22T09:49:58.080
Finished copy 470 at 2025-05-22T09:50:39.260
Finished copy 577 at 2025-05-22T09:51:00.947
Finished copy 171 at 2025-05-22T09:51:13.147
Finished copy 76 at 2025-05-22T09:52:17.408
Finished copy 272 at 2025-05-22T09:52:32.417
Finished copy 373 at 2025-05-22T09:52:54.350
Finished copy 471 at 2025-05-22T09:53:07.306
Finished copy 578 at 2025-05-22T09:53:35.175
Finished copy 172 at 2025-05-22T09:54:08.736
Finished copy 273 at 2025-05-22T09:55:08.415
Finished copy 77 at 2025-05-22T09:55:16.828
Finished copy 374 at 2025-05-22T09:55:26.213
Finished copy 472 at 2025-05-22T09:55:47.399
Finished copy 173 at 2025-05-22T09:56:43.836
Finished copy 78 at 2025-05-22T09:57:44.175
Finished copy 274 at 2025-05-22T09:57:47.930
Finished copy 375 at 2025-05-22T09:58:00.313
Finished copy 473 at 2025-05-22T09:58:40.616
Finished copy 579 at 2025-05-22T09:59:09.109
Finished copy 174 at 2025-05-22T09:59:23.855
Finished copy 275 at 2025-05-22T10:00:32.717
Finished copy 376 at 2025-05-22T10:00:45.030
Finished copy 79 at 2025-05-22T10:01:03.366
Finished copy 474 at 2025-05-22T10:01:20.860
Finished copy 580 at 2025-05-22T10:01:48.800
Finished copy 175 at 2025-05-22T10:02:04.129
Finished copy 276 at 2025-05-22T10:03:30.609
Finished copy 377 at 2025-05-22T10:03:50.630
Finished copy 475 at 2025-05-22T10:04:24.140
Finished copy 80 at 2025-05-22T10:04:49.517
Finished copy 581 at 2025-05-22T10:04:53.132
Finished copy 277 at 2025-05-22T10:06:10.586
Finished copy 378 at 2025-05-22T10:06:36.815
Finished copy 476 at 2025-05-22T10:06:44.962
Finished copy 176 at 2025-05-22T10:07:41.414
Finished copy 582 at 2025-05-22T10:07:45.632
Finished copy 81 at 2025-05-22T10:08:07.992
Finished copy 278 at 2025-05-22T10:08:33.994
Finished copy 379 at 2025-05-22T10:09:11.253
Finished copy 477 at 2025-05-22T10:09:18.878
Finished copy 177 at 2025-05-22T10:10:27.722
Finished copy 82 at 2025-05-22T10:10:52.143
Finished copy 583 at 2025-05-22T10:10:54.607
Finished copy 478 at 2025-05-22T10:12:00.090
Finished copy 380 at 2025-05-22T10:13:02.602
Finished copy 178 at 2025-05-22T10:13:24.820
Finished copy 479 at 2025-05-22T10:15:01.680
Finished copy 179 at 2025-05-22T10:15:56.231
Finished copy 381 at 2025-05-22T10:16:02.698
Finished copy 83 at 2025-05-22T10:16:22.263
Finished copy 279 at 2025-05-22T10:16:30.910
Finished copy 382 at 2025-05-22T10:18:28.802
Finished copy 584 at 2025-05-22T10:18:51.667
Finished copy 480 at 2025-05-22T10:19:01.037
Finished copy 84 at 2025-05-22T10:19:07.016
Finished copy 180 at 2025-05-22T10:19:13.575
Finished copy 280 at 2025-05-22T10:19:52.617
Finished copy 585 at 2025-05-22T10:21:22.888
Finished copy 481 at 2025-05-22T10:21:25.880
Finished copy 85 at 2025-05-22T10:21:47.201
Finished copy 181 at 2025-05-22T10:22:45.848
Finished copy 281 at 2025-05-22T10:22:52.683
Finished copy 586 at 2025-05-22T10:23:54.491
Finished copy 482 at 2025-05-22T10:24:17.460
Finished copy 86 at 2025-05-22T10:24:21.852
Finished copy 383 at 2025-05-22T10:24:59.150
Finished copy 182 at 2025-05-22T10:25:14.409
Finished copy 282 at 2025-05-22T10:25:40.513
Finished copy 587 at 2025-05-22T10:26:23.763
Finished copy 483 at 2025-05-22T10:27:07.257
Finished copy 384 at 2025-05-22T10:27:25.970
Finished copy 87 at 2025-05-22T10:27:36.338
Finished copy 183 at 2025-05-22T10:27:44.978
Finished copy 283 at 2025-05-22T10:28:20.075
Finished copy 588 at 2025-05-22T10:29:16.624
Finished copy 484 at 2025-05-22T10:29:55.257
Finished copy 184 at 2025-05-22T10:30:29.627
Finished copy 385 at 2025-05-22T10:30:37.027
Finished copy 284 at 2025-05-22T10:30:50.183
Finished copy 88 at 2025-05-22T10:32:01.794
Finished copy 485 at 2025-05-22T10:33:09.565
Finished copy 386 at 2025-05-22T10:33:15.012
Finished copy 185 at 2025-05-22T10:33:30.625
Finished copy 285 at 2025-05-22T10:33:35.035
Finished copy 589 at 2025-05-22T10:34:08.759
Finished copy 89 at 2025-05-22T10:35:02.183
Finished copy 486 at 2025-05-22T10:35:36.978
Finished copy 286 at 2025-05-22T10:36:11.245
Finished copy 186 at 2025-05-22T10:36:32.528
Finished copy 387 at 2025-05-22T10:36:36.200
Finished copy 590 at 2025-05-22T10:37:02.266
Finished copy 90 at 2025-05-22T10:38:07.466
Finished copy 487 at 2025-05-22T10:38:10.401
Finished copy 287 at 2025-05-22T10:38:54.985
Finished copy 388 at 2025-05-22T10:38:59.660
Finished copy 187 at 2025-05-22T10:39:29.312
Finished copy 591 at 2025-05-22T10:39:31.853
Finished copy 488 at 2025-05-22T10:40:53.077
Finished copy 288 at 2025-05-22T10:41:10.817
Finished copy 389 at 2025-05-22T10:41:29.731
Finished copy 592 at 2025-05-22T10:42:00.411
Finished copy 188 at 2025-05-22T10:42:05.241
Finished copy 91 at 2025-05-22T10:42:32.437
Finished copy 289 at 2025-05-22T10:43:34.013
Finished copy 489 at 2025-05-22T10:44:04.733
Finished copy 593 at 2025-05-22T10:44:31.406
Finished copy 189 at 2025-05-22T10:45:35.248
Finished copy 390 at 2025-05-22T10:46:27.954
Finished copy 92 at 2025-05-22T10:46:51.996
Finished copy 290 at 2025-05-22T10:47:01.252
Finished copy 594 at 2025-05-22T10:47:31.387
Finished copy 190 at 2025-05-22T10:48:18.167
Finished copy 391 at 2025-05-22T10:49:07.771
Finished copy 93 at 2025-05-22T10:49:53.077
Finished copy 595 at 2025-05-22T10:50:16.181
Finished copy 191 at 2025-05-22T10:51:39.290
Finished copy 94 at 2025-05-22T10:52:43.384
Finished copy 490 at 2025-05-22T10:52:49.047
Finished copy 291 at 2025-05-22T10:53:24.372
Finished copy 596 at 2025-05-22T10:54:27.425
Finished copy 392 at 2025-05-22T10:55:23.953
Finished copy 491 at 2025-05-22T10:56:33.079
Finished copy 393 at 2025-05-22T10:58:01.993
Finished copy 597 at 2025-05-22T10:58:02.705
Finished copy 292 at 2025-05-22T10:58:05.529
Finished copy 492 at 2025-05-22T10:59:35.806
Finished copy 95 at 2025-05-22T10:59:55.430
Finished copy 394 at 2025-05-22T11:00:32.041
Finished copy 293 at 2025-05-22T11:00:40.719
Finished copy 192 at 2025-05-22T11:00:58.052
Finished copy 96 at 2025-05-22T11:02:23.537
Finished copy 493 at 2025-05-22T11:02:36.677
Finished copy 395 at 2025-05-22T11:03:15.509
Finished copy 294 at 2025-05-22T11:03:26.552
Finished copy 193 at 2025-05-22T11:04:47.876
Finished copy 494 at 2025-05-22T11:05:34.689
Finished copy 97 at 2025-05-22T11:05:55.912
Finished copy 396 at 2025-05-22T11:06:09.764
Finished copy 295 at 2025-05-22T11:06:34.741
Finished copy 194 at 2025-05-22T11:07:37.993
Finished copy 495 at 2025-05-22T11:08:27.466
Finished copy 397 at 2025-05-22T11:08:44.870
Finished copy 98 at 2025-05-22T11:09:04.102
Finished copy 296 at 2025-05-22T11:09:16.165
Finished copy 195 at 2025-05-22T11:11:02.279
Finished copy 297 at 2025-05-22T11:11:51.173
Finished copy 398 at 2025-05-22T11:11:58.478
Finished copy 99 at 2025-05-22T11:12:34.166
Finished copy 196 at 2025-05-22T11:13:46.237
Finished copy 496 at 2025-05-22T11:14:01.536
Finished copy 598 at 2025-05-22T11:14:35.435
Finished copy 298 at 2025-05-22T11:14:36.628
Finished copy 399 at 2025-05-22T11:16:22.186
Finished copy 197 at 2025-05-22T11:16:59.782
Finished copy 299 at 2025-05-22T11:17:16.837
Finished copy 100 at 2025-05-22T11:18:12.336
Finished copy 599 at 2025-05-22T11:18:46.284
Finished copy 400 at 2025-05-22T11:19:53.646
Finished copy 300 at 2025-05-22T11:20:06.279
Finished copy 198 at 2025-05-22T11:20:42.259
Finished copy 497 at 2025-05-22T11:21:28.807
Finished copy 600 at 2025-05-22T11:21:50.920
Finished copy 199 at 2025-05-22T11:22:54.347
Finished copy 498 at 2025-05-22T11:24:11.699
Finished copy 200 at 2025-05-22T11:24:53.709
Finished copy 499 at 2025-05-22T11:25:44.490
Finished copy 500 at 2025-05-22T11:27:27.313
