Starting simulation at 2025-05-13T13:23:48.366
Generating tau values for spin, mangetisation and energy
Lattice size: 100
Beta values: [0.25, 0.2566274013349253, 0.2634304924636673, 0.2704139308533222, 0.2775824974386011, 0.284941099894907, 0.29249477599818136, 0.30024869707381746, 0.30820817153700386, 0.31637864852692077, 0.32476572163727746, 0.33337513274574493, 0.3422127759449052, 0.3512847015774082, 0.3605971203781, 0.37015640772595615, 0.3799691080087328, 0.3900419391033226, 0.40038179697488346, 0.410995760397888, 0.42189109580232637, 0.4330752622483801, 0.44455591653297233, 0.45634091843169056, 0.4684383360796714, 0.4808564514951299, 0.49360376624931496, 0.5066890072867744, 0.5201211328999117, 0.5339093388619267, 0.5480630647223372, 0.5625920002693935, 0.5775060921638082, 0.5928155507483438, 0.60853085703792, 0.6246627698950253, 0.6412223333953472, 0.6582208843886601, 0.6756700602601525, 0.6935818068975014, 0.7119683868691509, 0.7308423878193958, 0.750216731086013, 0.7701046805463438, 0.790519851697884, 0.811476220979594, 0.8329881353403153, 0.8550703220608407, 0.8777378988363648, 0.9010063841262156, 0.9248917077779526, 0.9494102219331083, 0.9745787122220334, 1.0004144092555136, 1.0269350004210274, 1.0541586419917148, 1.0821039715563505, 1.1107901207788329, 1.1402367284959187, 1.1704639541621773, 1.201492491651363, 1.2333435834236548, 1.266039035068469, 1.29960123023279, 1.3340531459452516, 1.369418368346447, 1.4057211088362487, 1.442986220649185, 1.4812392158692216, 1.5205062828956035, 1.560814304371702, 1.6021908755891558, 1.644664323379895, 1.6882637255089825, 1.7330189305815595, 1.7789605784775075, 1.8261201213278324, 1.8745298450471208, 1.9242228914368114, 1.9752332808744202, 2.027595935604244, 2.081346703645495, 2.136522383334225, 2.1931607485158526, 2.251300574405532, 2.310981664134065, 2.3722448759975454, 2.4351321514293685, 2.4996865437137785, 2.5659522474605927, 2.633974628861292, 2.7038002567471913, 2.775476934470942, 2.8490537326332106, 2.9245810226769198, 3.0021105113720643, 3.0816952762147065, 3.1633898017643793, 3.2472500169447893, 3.3333333333333335]
Copies: 12
Equilibriating for 2000 steps
Measuring for 2000 steps
Max lag: 250
----------------------------------
Starting copy: 7
Starting copy: 10
Starting copy: 4
Finished AC generation for copy 1 at 2025-05-13T15:21:52.957 in 7082155 milliseconds
Starting copy: 2
Finished AC generation for copy 4 at 2025-05-13T15:24:11.954 in 7221152 milliseconds
Starting copy: 5
Finished AC generation for copy 10 at 2025-05-13T15:27:16.757 in 7405955 milliseconds
Starting copy: 11
Finished AC generation for copy 7 at 2025-05-13T15:27:43.491 in 7432690 milliseconds
Starting copy: 8
Finished AC generation for copy 2 at 2025-05-13T17:18:42.873 in 7009907 milliseconds
Starting copy: 3
Finished AC generation for copy 5 at 2025-05-13T17:22:59.424 in 7127468 milliseconds
Starting copy: 6
Finished AC generation for copy 11 at 2025-05-13T17:25:16.487 in 7079729 milliseconds
Starting copy: 12
Finished AC generation for copy 8 at 2025-05-13T17:25:22.114 in 7058621 milliseconds
Starting copy: 9
Finished AC generation for copy 3 at 2025-05-13T19:16:15.442 in 7052568 milliseconds
Finished AC generation for copy 6 at 2025-05-13T19:20:52.860 in 7073435 milliseconds
Finished AC generation for copy 12 at 2025-05-13T19:22:18.937 in 7022449 milliseconds
Finished AC generation for copy 9 at 2025-05-13T19:22:33.650 in 7031534 milliseconds
