Starting saddles simulation at 2025-05-25T03:10:28.333
Lattice size: 43
Beta values: [0.1, 0.10279944599549397, 0.10567726096980483, 0.10863563882017176, 0.11167683486080235, 0.11480316754220751, 0.1180170202186681, 0.1213208429651809, 0.12471715444526921, 0.12820854383108135, 0.1317976727772417, 0.13548727744995842, 0.13928017061293513, 0.14317924377167612, 0.14718746937782085, 0.15130790309518719, 0.15554368612925135, 0.15989804762184037, 0.16437430711286308, 0.16897587707095507, 0.17370626549496876, 0.1785690785882898, 0.18356802350802015, 0.1887069111911229, 0.19398965925968314, 0.19942029500750083, 0.20500295847029057, 0.21074190558183128, 0.21664151141846955, 0.22270627353445155, 0.22894081539062563, 0.23534988987912978, 0.2419383829467506, 0.24871131731971624, 0.25567385633276335, 0.26283130786539594, 0.2701891283883382, 0.27775292712326566, 0.2855284703189852, 0.2935216856473252, 0.3017386667220857, 0.3101856777444941, 0.3188691582787082, 0.3277957281610069, 0.3369721925464105, 0.3464055470965792, 0.3561029833129435, 0.36607189401913226, 0.3763198789968798, 0.3868547507797058, 0.39768454060878644, 0.4088175045555577, 0.4202621298157168, 0.4320271411794205, 0.4441215076826148, 0.4565544494445634, 0.46933544469678873, 0.48247423700878694, 0.49598084271601944, 0.5098655585558504, 0.5241389695172453, 0.5388119569102191, 0.553895706661185, 0.5694017178405246, 0.5853418114288852, 0.601728139328883, 0.6185731936290858, 0.6358898161273345, 0.6536912081206652, 0.6719909404692954, 0.6908029639423454, 0.710141619853183, 0.730021650992499, 0.7504582128674476, 0.7714668852554213, 0.7930636840812662, 0.815265073626996, 0.8380879790833082, 0.8615497994524721, 0.885668420812431, 0.9104622299522194, 0.9359501283891019, 0.9621515467781114, 0.9890864597249744, 1.0167754010137187, 1.045239479260565, 1.0745003940060471, 1.1045804522576164, 1.1355025854953513, 1.1672903671537318, 1.1999680305928035, 1.2335604875724422, 1.2680933472437848, 1.3035929356723266, 1.3400863159075478, 1.3776013086143843, 1.4161665132822627, 1.4558113300278694, 1.4965659820082826, 1.5384615384615383]
Copies: 600
Move type: l chain flip
----------------------------------
Finished copy 451 at 2025-05-25T03:10:42.194
Finished copy 301 at 2025-05-25T03:10:42.446
Finished copy 151 at 2025-05-25T03:10:44.103
Finished copy 1 at 2025-05-25T03:10:45.842
Finished copy 302 at 2025-05-25T03:10:56.633
Finished copy 452 at 2025-05-25T03:10:57.050
Finished copy 152 at 2025-05-25T03:10:58.476
Finished copy 2 at 2025-05-25T03:11:03.845
Finished copy 303 at 2025-05-25T03:11:10.554
Finished copy 453 at 2025-05-25T03:11:11.625
Finished copy 153 at 2025-05-25T03:11:13.139
Finished copy 3 at 2025-05-25T03:11:19.731
Finished copy 304 at 2025-05-25T03:11:25.344
Finished copy 154 at 2025-05-25T03:11:26.237
Finished copy 454 at 2025-05-25T03:11:26.350
Finished copy 4 at 2025-05-25T03:11:37.742
Finished copy 305 at 2025-05-25T03:11:38.543
Finished copy 455 at 2025-05-25T03:11:39.450
Finished copy 155 at 2025-05-25T03:11:41.878
Finished copy 306 at 2025-05-25T03:11:53.110
Finished copy 456 at 2025-05-25T03:11:53.916
Finished copy 5 at 2025-05-25T03:11:55.124
Finished copy 156 at 2025-05-25T03:11:56.041
Finished copy 307 at 2025-05-25T03:12:06.757
Finished copy 457 at 2025-05-25T03:12:09.204
Finished copy 6 at 2025-05-25T03:12:10.908
Finished copy 157 at 2025-05-25T03:12:11.175
Finished copy 308 at 2025-05-25T03:12:19.430
Finished copy 458 at 2025-05-25T03:12:24.158
Finished copy 158 at 2025-05-25T03:12:25.401
Finished copy 7 at 2025-05-25T03:12:27.995
Finished copy 309 at 2025-05-25T03:12:33.330
Finished copy 459 at 2025-05-25T03:12:38.287
Finished copy 159 at 2025-05-25T03:12:40.189
Finished copy 8 at 2025-05-25T03:12:44.727
Finished copy 310 at 2025-05-25T03:12:47.878
Finished copy 460 at 2025-05-25T03:12:51.992
Finished copy 160 at 2025-05-25T03:12:55.950
Finished copy 9 at 2025-05-25T03:13:00.191
Finished copy 311 at 2025-05-25T03:13:03.589
Finished copy 461 at 2025-05-25T03:13:06.104
Finished copy 161 at 2025-05-25T03:13:09.910
Finished copy 10 at 2025-05-25T03:13:17.261
Finished copy 312 at 2025-05-25T03:13:17.620
Finished copy 462 at 2025-05-25T03:13:19.398
Finished copy 162 at 2025-05-25T03:13:22.754
Finished copy 313 at 2025-05-25T03:13:31.435
Finished copy 463 at 2025-05-25T03:13:32.756
Finished copy 163 at 2025-05-25T03:13:36.861
Finished copy 11 at 2025-05-25T03:13:36.871
Finished copy 464 at 2025-05-25T03:13:47.541
Finished copy 314 at 2025-05-25T03:13:48.115
Finished copy 164 at 2025-05-25T03:13:51.926
Finished copy 12 at 2025-05-25T03:13:54.790
Finished copy 465 at 2025-05-25T03:14:01.332
Finished copy 315 at 2025-05-25T03:14:02.837
Finished copy 165 at 2025-05-25T03:14:06.013
Finished copy 13 at 2025-05-25T03:14:11.257
Finished copy 466 at 2025-05-25T03:14:15.602
Finished copy 316 at 2025-05-25T03:14:17.776
Finished copy 166 at 2025-05-25T03:14:19.826
Finished copy 14 at 2025-05-25T03:14:26.494
Finished copy 317 at 2025-05-25T03:14:30.686
Finished copy 467 at 2025-05-25T03:14:32.494
Finished copy 167 at 2025-05-25T03:14:33.785
Finished copy 15 at 2025-05-25T03:14:43.104
Finished copy 318 at 2025-05-25T03:14:45.603
Finished copy 468 at 2025-05-25T03:14:46.042
Finished copy 168 at 2025-05-25T03:14:47.177
Finished copy 319 at 2025-05-25T03:14:58.969
Finished copy 169 at 2025-05-25T03:15:00.585
Finished copy 469 at 2025-05-25T03:15:00.635
Finished copy 16 at 2025-05-25T03:15:02.274
Finished copy 320 at 2025-05-25T03:15:13.338
Finished copy 470 at 2025-05-25T03:15:14.970
Finished copy 170 at 2025-05-25T03:15:15.550
Finished copy 17 at 2025-05-25T03:15:19.734
Finished copy 321 at 2025-05-25T03:15:27.239
Finished copy 471 at 2025-05-25T03:15:29.382
Finished copy 171 at 2025-05-25T03:15:29.568
Finished copy 18 at 2025-05-25T03:15:36.886
Finished copy 322 at 2025-05-25T03:15:42.595
Finished copy 472 at 2025-05-25T03:15:43.408
Finished copy 172 at 2025-05-25T03:15:43.777
Finished copy 19 at 2025-05-25T03:15:53.066
Finished copy 473 at 2025-05-25T03:15:56.603
Finished copy 323 at 2025-05-25T03:15:57.293
Finished copy 173 at 2025-05-25T03:15:57.726
Finished copy 20 at 2025-05-25T03:16:09.464
Finished copy 474 at 2025-05-25T03:16:10.431
Finished copy 324 at 2025-05-25T03:16:11.227
Finished copy 174 at 2025-05-25T03:16:12.121
Finished copy 475 at 2025-05-25T03:16:25.288
Finished copy 325 at 2025-05-25T03:16:25.450
Finished copy 21 at 2025-05-25T03:16:27.020
Finished copy 175 at 2025-05-25T03:16:27.160
Finished copy 476 at 2025-05-25T03:16:38.019
Finished copy 326 at 2025-05-25T03:16:39.225
Finished copy 176 at 2025-05-25T03:16:40.752
Finished copy 22 at 2025-05-25T03:16:44.581
Finished copy 477 at 2025-05-25T03:16:54.142
Finished copy 177 at 2025-05-25T03:16:54.965
Finished copy 327 at 2025-05-25T03:16:55.179
Finished copy 23 at 2025-05-25T03:17:01.640
Finished copy 178 at 2025-05-25T03:17:09.358
Finished copy 478 at 2025-05-25T03:17:09.409
Finished copy 328 at 2025-05-25T03:17:10.290
Finished copy 24 at 2025-05-25T03:17:18.375
Finished copy 479 at 2025-05-25T03:17:23.599
Finished copy 329 at 2025-05-25T03:17:24.497
Finished copy 179 at 2025-05-25T03:17:27.029
Finished copy 25 at 2025-05-25T03:17:34.646
Finished copy 480 at 2025-05-25T03:17:37.351
Finished copy 330 at 2025-05-25T03:17:38.671
Finished copy 180 at 2025-05-25T03:17:40.912
Finished copy 481 at 2025-05-25T03:17:50.772
Finished copy 331 at 2025-05-25T03:17:54.034
Finished copy 26 at 2025-05-25T03:17:54.914
Finished copy 181 at 2025-05-25T03:17:59.046
Finished copy 332 at 2025-05-25T03:18:08.174
Finished copy 482 at 2025-05-25T03:18:09.217
Finished copy 182 at 2025-05-25T03:18:12.055
Finished copy 27 at 2025-05-25T03:18:12.806
Finished copy 333 at 2025-05-25T03:18:21.353
Finished copy 483 at 2025-05-25T03:18:23.743
Finished copy 183 at 2025-05-25T03:18:26.071
Finished copy 334 at 2025-05-25T03:18:35.175
Finished copy 28 at 2025-05-25T03:18:36.067
Finished copy 484 at 2025-05-25T03:18:39.067
Finished copy 184 at 2025-05-25T03:18:39.224
Finished copy 335 at 2025-05-25T03:18:49.342
Finished copy 29 at 2025-05-25T03:18:51.960
Finished copy 185 at 2025-05-25T03:18:52.973
Finished copy 485 at 2025-05-25T03:18:53.379
Finished copy 336 at 2025-05-25T03:19:02.468
Finished copy 486 at 2025-05-25T03:19:06.849
Finished copy 186 at 2025-05-25T03:19:07.594
Finished copy 30 at 2025-05-25T03:19:12.167
Finished copy 337 at 2025-05-25T03:19:18.276
Finished copy 187 at 2025-05-25T03:19:20.633
Finished copy 487 at 2025-05-25T03:19:21.264
Finished copy 338 at 2025-05-25T03:19:32.636
Finished copy 31 at 2025-05-25T03:19:33.916
Finished copy 488 at 2025-05-25T03:19:34.850
Finished copy 188 at 2025-05-25T03:19:35.670
Finished copy 189 at 2025-05-25T03:19:48.542
Finished copy 339 at 2025-05-25T03:19:48.637
Finished copy 489 at 2025-05-25T03:19:50.526
Finished copy 32 at 2025-05-25T03:19:50.940
Finished copy 340 at 2025-05-25T03:20:02.107
Finished copy 190 at 2025-05-25T03:20:04.774
Finished copy 490 at 2025-05-25T03:20:07.140
Finished copy 33 at 2025-05-25T03:20:10.804
Finished copy 341 at 2025-05-25T03:20:16.446
Finished copy 191 at 2025-05-25T03:20:18.134
Finished copy 491 at 2025-05-25T03:20:20.508
Finished copy 34 at 2025-05-25T03:20:26.519
Finished copy 342 at 2025-05-25T03:20:30.579
Finished copy 192 at 2025-05-25T03:20:32.919
Finished copy 492 at 2025-05-25T03:20:33.221
Finished copy 343 at 2025-05-25T03:20:44.282
Finished copy 35 at 2025-05-25T03:20:44.319
Finished copy 193 at 2025-05-25T03:20:46.566
Finished copy 493 at 2025-05-25T03:20:47.255
Finished copy 344 at 2025-05-25T03:20:57.074
Finished copy 36 at 2025-05-25T03:21:00.145
Finished copy 494 at 2025-05-25T03:21:00.681
Finished copy 194 at 2025-05-25T03:21:02.778
Finished copy 345 at 2025-05-25T03:21:11.566
Finished copy 495 at 2025-05-25T03:21:14.403
Finished copy 195 at 2025-05-25T03:21:16.045
Finished copy 37 at 2025-05-25T03:21:17.679
Finished copy 346 at 2025-05-25T03:21:25.387
Finished copy 196 at 2025-05-25T03:21:29.928
Finished copy 496 at 2025-05-25T03:21:30.232
Finished copy 38 at 2025-05-25T03:21:34.015
Finished copy 347 at 2025-05-25T03:21:39.068
Finished copy 197 at 2025-05-25T03:21:43.936
Finished copy 497 at 2025-05-25T03:21:45.477
Finished copy 39 at 2025-05-25T03:21:52.117
Finished copy 348 at 2025-05-25T03:21:53.852
Finished copy 198 at 2025-05-25T03:21:58.773
Finished copy 498 at 2025-05-25T03:21:59.981
Finished copy 40 at 2025-05-25T03:22:07.831
Finished copy 349 at 2025-05-25T03:22:10.172
Finished copy 199 at 2025-05-25T03:22:12.614
Finished copy 499 at 2025-05-25T03:22:14.952
Finished copy 350 at 2025-05-25T03:22:24.885
Finished copy 41 at 2025-05-25T03:22:25.651
Finished copy 200 at 2025-05-25T03:22:26.583
Finished copy 500 at 2025-05-25T03:22:30.174
Finished copy 351 at 2025-05-25T03:22:38.701
Finished copy 201 at 2025-05-25T03:22:41.743
Finished copy 42 at 2025-05-25T03:22:42.064
Finished copy 501 at 2025-05-25T03:22:44.123
Finished copy 352 at 2025-05-25T03:22:52.718
Finished copy 202 at 2025-05-25T03:22:55.277
Finished copy 502 at 2025-05-25T03:22:57.886
Finished copy 43 at 2025-05-25T03:23:00.506
Finished copy 203 at 2025-05-25T03:23:08.989
Finished copy 353 at 2025-05-25T03:23:09.850
Finished copy 503 at 2025-05-25T03:23:11.681
Finished copy 44 at 2025-05-25T03:23:16.311
Finished copy 204 at 2025-05-25T03:23:23.134
Finished copy 354 at 2025-05-25T03:23:24.685
Finished copy 504 at 2025-05-25T03:23:25.426
Finished copy 45 at 2025-05-25T03:23:32.834
Finished copy 355 at 2025-05-25T03:23:37.970
Finished copy 205 at 2025-05-25T03:23:39.017
Finished copy 505 at 2025-05-25T03:23:40.275
Finished copy 46 at 2025-05-25T03:23:49.939
Finished copy 356 at 2025-05-25T03:23:53.077
Finished copy 206 at 2025-05-25T03:23:53.385
Finished copy 506 at 2025-05-25T03:23:54.965
Finished copy 357 at 2025-05-25T03:24:07.107
Finished copy 507 at 2025-05-25T03:24:09.032
Finished copy 47 at 2025-05-25T03:24:11.202
Finished copy 207 at 2025-05-25T03:24:11.736
Finished copy 508 at 2025-05-25T03:24:23.999
Finished copy 208 at 2025-05-25T03:24:27.078
Finished copy 48 at 2025-05-25T03:24:27.488
Finished copy 358 at 2025-05-25T03:24:31.107
Finished copy 509 at 2025-05-25T03:24:37.299
Finished copy 209 at 2025-05-25T03:24:41.086
Finished copy 359 at 2025-05-25T03:24:45.695
Finished copy 49 at 2025-05-25T03:24:47.552
Finished copy 510 at 2025-05-25T03:24:50.766
Finished copy 210 at 2025-05-25T03:24:54.278
Finished copy 360 at 2025-05-25T03:25:00.972
Finished copy 50 at 2025-05-25T03:25:03.150
Finished copy 511 at 2025-05-25T03:25:05.951
Finished copy 211 at 2025-05-25T03:25:13.843
Finished copy 361 at 2025-05-25T03:25:15.221
Finished copy 51 at 2025-05-25T03:25:18.896
Finished copy 512 at 2025-05-25T03:25:23.406
Finished copy 212 at 2025-05-25T03:25:28.213
Finished copy 362 at 2025-05-25T03:25:28.646
Finished copy 52 at 2025-05-25T03:25:35.129
Finished copy 513 at 2025-05-25T03:25:36.305
Finished copy 363 at 2025-05-25T03:25:41.146
Finished copy 213 at 2025-05-25T03:25:44.599
Finished copy 514 at 2025-05-25T03:25:51.521
Finished copy 53 at 2025-05-25T03:25:52.704
Finished copy 364 at 2025-05-25T03:25:57.134
Finished copy 214 at 2025-05-25T03:25:59.174
Finished copy 515 at 2025-05-25T03:26:06.141
Finished copy 54 at 2025-05-25T03:26:10.890
Finished copy 365 at 2025-05-25T03:26:11.284
Finished copy 215 at 2025-05-25T03:26:13.315
Finished copy 516 at 2025-05-25T03:26:21.233
Finished copy 366 at 2025-05-25T03:26:25.390
Finished copy 55 at 2025-05-25T03:26:27.341
Finished copy 216 at 2025-05-25T03:26:28.979
Finished copy 517 at 2025-05-25T03:26:34.202
Finished copy 367 at 2025-05-25T03:26:38.703
Finished copy 217 at 2025-05-25T03:26:43.378
Finished copy 56 at 2025-05-25T03:26:43.628
Finished copy 518 at 2025-05-25T03:26:47.759
Finished copy 368 at 2025-05-25T03:26:53.159
Finished copy 218 at 2025-05-25T03:26:58.575
Finished copy 57 at 2025-05-25T03:27:01.392
Finished copy 519 at 2025-05-25T03:27:02.518
Finished copy 369 at 2025-05-25T03:27:07.347
Finished copy 219 at 2025-05-25T03:27:12.093
Finished copy 520 at 2025-05-25T03:27:16.220
Finished copy 58 at 2025-05-25T03:27:18.527
Finished copy 370 at 2025-05-25T03:27:21.260
Finished copy 220 at 2025-05-25T03:27:26.615
Finished copy 521 at 2025-05-25T03:27:31.692
Finished copy 371 at 2025-05-25T03:27:36.216
Finished copy 59 at 2025-05-25T03:27:39.517
Finished copy 221 at 2025-05-25T03:27:41.168
Finished copy 522 at 2025-05-25T03:27:47.909
Finished copy 372 at 2025-05-25T03:27:51.960
Finished copy 222 at 2025-05-25T03:27:54.608
Finished copy 60 at 2025-05-25T03:27:57.367
Finished copy 523 at 2025-05-25T03:28:03.156
Finished copy 373 at 2025-05-25T03:28:06.538
Finished copy 223 at 2025-05-25T03:28:07.768
Finished copy 61 at 2025-05-25T03:28:14.711
Finished copy 524 at 2025-05-25T03:28:17.260
Finished copy 374 at 2025-05-25T03:28:19.674
Finished copy 224 at 2025-05-25T03:28:22.417
Finished copy 62 at 2025-05-25T03:28:31.410
Finished copy 525 at 2025-05-25T03:28:32.732
Finished copy 375 at 2025-05-25T03:28:33.638
Finished copy 225 at 2025-05-25T03:28:36.164
Finished copy 376 at 2025-05-25T03:28:47.338
Finished copy 526 at 2025-05-25T03:28:47.536
Finished copy 63 at 2025-05-25T03:28:47.544
Finished copy 226 at 2025-05-25T03:28:50.731
Finished copy 377 at 2025-05-25T03:29:02.861
Finished copy 527 at 2025-05-25T03:29:04.420
Finished copy 227 at 2025-05-25T03:29:06.205
Finished copy 64 at 2025-05-25T03:29:09.796
Finished copy 528 at 2025-05-25T03:29:17.495
Finished copy 378 at 2025-05-25T03:29:17.804
Finished copy 228 at 2025-05-25T03:29:20.415
Finished copy 65 at 2025-05-25T03:29:25.871
Finished copy 529 at 2025-05-25T03:29:32.012
Finished copy 379 at 2025-05-25T03:29:33.148
Finished copy 229 at 2025-05-25T03:29:34.831
Finished copy 66 at 2025-05-25T03:29:43.066
Finished copy 530 at 2025-05-25T03:29:48.548
Finished copy 380 at 2025-05-25T03:29:48.834
Finished copy 230 at 2025-05-25T03:29:50.244
Finished copy 67 at 2025-05-25T03:29:58.817
Finished copy 531 at 2025-05-25T03:30:01.521
Finished copy 381 at 2025-05-25T03:30:03.173
Finished copy 231 at 2025-05-25T03:30:05.007
Finished copy 532 at 2025-05-25T03:30:15.161
Finished copy 68 at 2025-05-25T03:30:15.527
Finished copy 382 at 2025-05-25T03:30:16.279
Finished copy 232 at 2025-05-25T03:30:18.628
Finished copy 533 at 2025-05-25T03:30:29.831
Finished copy 383 at 2025-05-25T03:30:30.436
Finished copy 233 at 2025-05-25T03:30:32.013
Finished copy 69 at 2025-05-25T03:30:32.669
Finished copy 534 at 2025-05-25T03:30:43.487
Finished copy 384 at 2025-05-25T03:30:47.452
Finished copy 234 at 2025-05-25T03:30:47.866
Finished copy 70 at 2025-05-25T03:30:50.385
Finished copy 535 at 2025-05-25T03:30:57.015
Finished copy 235 at 2025-05-25T03:31:01.549
Finished copy 385 at 2025-05-25T03:31:01.597
Finished copy 71 at 2025-05-25T03:31:05.561
Finished copy 536 at 2025-05-25T03:31:10.500
Finished copy 236 at 2025-05-25T03:31:15.349
Finished copy 386 at 2025-05-25T03:31:16.516
Finished copy 72 at 2025-05-25T03:31:23.844
Finished copy 537 at 2025-05-25T03:31:25.696
Finished copy 237 at 2025-05-25T03:31:30.836
Finished copy 387 at 2025-05-25T03:31:31.651
Finished copy 538 at 2025-05-25T03:31:43.298
Finished copy 73 at 2025-05-25T03:31:43.391
Finished copy 388 at 2025-05-25T03:31:45.701
Finished copy 238 at 2025-05-25T03:31:45.750
Finished copy 539 at 2025-05-25T03:31:56.438
Finished copy 74 at 2025-05-25T03:32:00.055
Finished copy 389 at 2025-05-25T03:32:00.383
Finished copy 239 at 2025-05-25T03:32:00.549
Finished copy 540 at 2025-05-25T03:32:09.345
Finished copy 390 at 2025-05-25T03:32:13.841
Finished copy 240 at 2025-05-25T03:32:16.079
Finished copy 75 at 2025-05-25T03:32:21.142
Finished copy 541 at 2025-05-25T03:32:23.417
Finished copy 391 at 2025-05-25T03:32:27.524
Finished copy 241 at 2025-05-25T03:32:31.725
Finished copy 76 at 2025-05-25T03:32:37.246
Finished copy 542 at 2025-05-25T03:32:39.315
Finished copy 392 at 2025-05-25T03:32:43.434
Finished copy 242 at 2025-05-25T03:32:47.310
Finished copy 543 at 2025-05-25T03:32:54.161
Finished copy 77 at 2025-05-25T03:32:54.353
Finished copy 393 at 2025-05-25T03:32:57.945
Finished copy 243 at 2025-05-25T03:33:00.926
Finished copy 544 at 2025-05-25T03:33:08.197
Finished copy 78 at 2025-05-25T03:33:10.832
Finished copy 394 at 2025-05-25T03:33:12.317
Finished copy 244 at 2025-05-25T03:33:13.974
Finished copy 545 at 2025-05-25T03:33:23.691
Finished copy 395 at 2025-05-25T03:33:25.588
Finished copy 79 at 2025-05-25T03:33:26.905
Finished copy 245 at 2025-05-25T03:33:26.956
Finished copy 546 at 2025-05-25T03:33:36.914
Finished copy 396 at 2025-05-25T03:33:39.579
Finished copy 246 at 2025-05-25T03:33:40.794
Finished copy 80 at 2025-05-25T03:33:43.553
Finished copy 247 at 2025-05-25T03:33:56.173
Finished copy 547 at 2025-05-25T03:33:58.681
Finished copy 397 at 2025-05-25T03:33:59.503
Finished copy 81 at 2025-05-25T03:34:00.683
Finished copy 248 at 2025-05-25T03:34:09.545
Finished copy 548 at 2025-05-25T03:34:11.902
Finished copy 398 at 2025-05-25T03:34:15.342
Finished copy 82 at 2025-05-25T03:34:18.013
Finished copy 549 at 2025-05-25T03:34:25.908
Finished copy 249 at 2025-05-25T03:34:26.517
Finished copy 399 at 2025-05-25T03:34:30.059
Finished copy 83 at 2025-05-25T03:34:34.348
Finished copy 550 at 2025-05-25T03:34:40.786
Finished copy 250 at 2025-05-25T03:34:42.605
Finished copy 400 at 2025-05-25T03:34:44.513
Finished copy 84 at 2025-05-25T03:34:53.698
Finished copy 551 at 2025-05-25T03:34:54.927
Finished copy 251 at 2025-05-25T03:34:56.425
Finished copy 401 at 2025-05-25T03:35:00.145
Finished copy 552 at 2025-05-25T03:35:09.387
Finished copy 85 at 2025-05-25T03:35:09.917
Finished copy 252 at 2025-05-25T03:35:10.306
Finished copy 402 at 2025-05-25T03:35:14.104
Finished copy 553 at 2025-05-25T03:35:23.455
Finished copy 253 at 2025-05-25T03:35:25.415
Finished copy 403 at 2025-05-25T03:35:27.757
Finished copy 86 at 2025-05-25T03:35:27.943
Finished copy 554 at 2025-05-25T03:35:38.034
Finished copy 254 at 2025-05-25T03:35:38.717
Finished copy 404 at 2025-05-25T03:35:42.937
Finished copy 87 at 2025-05-25T03:35:44.218
Finished copy 555 at 2025-05-25T03:35:52.882
Finished copy 255 at 2025-05-25T03:35:55.501
Finished copy 405 at 2025-05-25T03:35:58.168
Finished copy 88 at 2025-05-25T03:35:59.610
Finished copy 556 at 2025-05-25T03:36:07.441
Finished copy 256 at 2025-05-25T03:36:09.674
Finished copy 406 at 2025-05-25T03:36:12.695
Finished copy 89 at 2025-05-25T03:36:17.276
Finished copy 557 at 2025-05-25T03:36:21.920
Finished copy 257 at 2025-05-25T03:36:24.095
Finished copy 407 at 2025-05-25T03:36:29.239
Finished copy 90 at 2025-05-25T03:36:35.080
Finished copy 558 at 2025-05-25T03:36:36.697
Finished copy 258 at 2025-05-25T03:36:41.875
Finished copy 408 at 2025-05-25T03:36:43.581
Finished copy 559 at 2025-05-25T03:36:51.264
Finished copy 91 at 2025-05-25T03:36:51.575
Finished copy 259 at 2025-05-25T03:36:56.162
Finished copy 409 at 2025-05-25T03:36:57.813
Finished copy 560 at 2025-05-25T03:37:06.031
Finished copy 92 at 2025-05-25T03:37:08.993
Finished copy 260 at 2025-05-25T03:37:09.938
Finished copy 410 at 2025-05-25T03:37:11.796
Finished copy 561 at 2025-05-25T03:37:20.328
Finished copy 261 at 2025-05-25T03:37:23.656
Finished copy 411 at 2025-05-25T03:37:26.394
Finished copy 93 at 2025-05-25T03:37:27.119
Finished copy 562 at 2025-05-25T03:37:33.368
Finished copy 262 at 2025-05-25T03:37:37.112
Finished copy 412 at 2025-05-25T03:37:40.708
Finished copy 94 at 2025-05-25T03:37:42.898
Finished copy 563 at 2025-05-25T03:37:47.712
Finished copy 263 at 2025-05-25T03:37:52.130
Finished copy 413 at 2025-05-25T03:37:53.991
Finished copy 95 at 2025-05-25T03:37:59.703
Finished copy 564 at 2025-05-25T03:38:02.198
Finished copy 264 at 2025-05-25T03:38:06.072
Finished copy 414 at 2025-05-25T03:38:08.323
Finished copy 565 at 2025-05-25T03:38:17.689
Finished copy 96 at 2025-05-25T03:38:21.053
Finished copy 265 at 2025-05-25T03:38:21.790
Finished copy 415 at 2025-05-25T03:38:22.858
Finished copy 566 at 2025-05-25T03:38:31.802
Finished copy 416 at 2025-05-25T03:38:36.906
Finished copy 266 at 2025-05-25T03:38:38.440
Finished copy 97 at 2025-05-25T03:38:38.660
Finished copy 567 at 2025-05-25T03:38:46.087
Finished copy 417 at 2025-05-25T03:38:50.043
Finished copy 267 at 2025-05-25T03:38:52.487
Finished copy 98 at 2025-05-25T03:38:55.945
Finished copy 568 at 2025-05-25T03:39:00.753
Finished copy 418 at 2025-05-25T03:39:05.267
Finished copy 268 at 2025-05-25T03:39:05.695
Finished copy 99 at 2025-05-25T03:39:13.607
Finished copy 569 at 2025-05-25T03:39:14.914
Finished copy 419 at 2025-05-25T03:39:18.528
Finished copy 269 at 2025-05-25T03:39:19.169
Finished copy 100 at 2025-05-25T03:39:28.857
Finished copy 570 at 2025-05-25T03:39:28.960
Finished copy 270 at 2025-05-25T03:39:31.928
Finished copy 420 at 2025-05-25T03:39:35.606
Finished copy 571 at 2025-05-25T03:39:42.279
Finished copy 101 at 2025-05-25T03:39:44.743
Finished copy 271 at 2025-05-25T03:39:45.499
Finished copy 421 at 2025-05-25T03:39:50.792
Finished copy 572 at 2025-05-25T03:39:55.853
Finished copy 272 at 2025-05-25T03:39:59.402
Finished copy 102 at 2025-05-25T03:40:01.480
Finished copy 422 at 2025-05-25T03:40:05.045
Finished copy 573 at 2025-05-25T03:40:11.037
Finished copy 273 at 2025-05-25T03:40:13.544
Finished copy 423 at 2025-05-25T03:40:18.345
Finished copy 103 at 2025-05-25T03:40:19.766
Finished copy 574 at 2025-05-25T03:40:26.343
Finished copy 274 at 2025-05-25T03:40:27.725
Finished copy 424 at 2025-05-25T03:40:34.299
Finished copy 104 at 2025-05-25T03:40:38.118
Finished copy 575 at 2025-05-25T03:40:40.723
Finished copy 275 at 2025-05-25T03:40:41.682
Finished copy 425 at 2025-05-25T03:40:48.478
Finished copy 576 at 2025-05-25T03:40:54.254
Finished copy 105 at 2025-05-25T03:40:54.463
Finished copy 276 at 2025-05-25T03:40:55.538
Finished copy 426 at 2025-05-25T03:41:03.153
Finished copy 577 at 2025-05-25T03:41:09.435
Finished copy 106 at 2025-05-25T03:41:11.325
Finished copy 277 at 2025-05-25T03:41:11.965
Finished copy 427 at 2025-05-25T03:41:17.690
Finished copy 578 at 2025-05-25T03:41:25.330
Finished copy 278 at 2025-05-25T03:41:26.229
Finished copy 107 at 2025-05-25T03:41:27.276
Finished copy 428 at 2025-05-25T03:41:31.454
Finished copy 279 at 2025-05-25T03:41:40.123
Finished copy 579 at 2025-05-25T03:41:40.341
Finished copy 108 at 2025-05-25T03:41:45.350
Finished copy 429 at 2025-05-25T03:41:46.005
Finished copy 280 at 2025-05-25T03:41:53.714
Finished copy 580 at 2025-05-25T03:41:54.313
Finished copy 430 at 2025-05-25T03:41:59.194
Finished copy 109 at 2025-05-25T03:42:01.618
Finished copy 281 at 2025-05-25T03:42:07.424
Finished copy 581 at 2025-05-25T03:42:09.238
Finished copy 431 at 2025-05-25T03:42:14.938
Finished copy 110 at 2025-05-25T03:42:19.185
Finished copy 582 at 2025-05-25T03:42:23.097
Finished copy 282 at 2025-05-25T03:42:24.385
Finished copy 432 at 2025-05-25T03:42:27.803
Finished copy 111 at 2025-05-25T03:42:35.953
Finished copy 583 at 2025-05-25T03:42:36.901
Finished copy 283 at 2025-05-25T03:42:38.714
Finished copy 433 at 2025-05-25T03:42:42.002
Finished copy 584 at 2025-05-25T03:42:50.384
Finished copy 284 at 2025-05-25T03:42:53.182
Finished copy 112 at 2025-05-25T03:42:53.676
Finished copy 434 at 2025-05-25T03:42:55.767
Finished copy 285 at 2025-05-25T03:43:06.871
Finished copy 585 at 2025-05-25T03:43:07.137
Finished copy 113 at 2025-05-25T03:43:09.780
Finished copy 435 at 2025-05-25T03:43:10.149
Finished copy 586 at 2025-05-25T03:43:21.126
Finished copy 286 at 2025-05-25T03:43:23.001
Finished copy 436 at 2025-05-25T03:43:24.860
Finished copy 114 at 2025-05-25T03:43:27.292
Finished copy 287 at 2025-05-25T03:43:36.861
Finished copy 587 at 2025-05-25T03:43:36.977
Finished copy 437 at 2025-05-25T03:43:39.049
Finished copy 115 at 2025-05-25T03:43:43.641
Finished copy 288 at 2025-05-25T03:43:50.748
Finished copy 588 at 2025-05-25T03:43:50.852
Finished copy 438 at 2025-05-25T03:43:53.891
Finished copy 116 at 2025-05-25T03:44:00.820
Finished copy 289 at 2025-05-25T03:44:04.378
Finished copy 589 at 2025-05-25T03:44:05.605
Finished copy 439 at 2025-05-25T03:44:07.792
Finished copy 290 at 2025-05-25T03:44:19.642
Finished copy 590 at 2025-05-25T03:44:19.891
Finished copy 117 at 2025-05-25T03:44:20.528
Finished copy 440 at 2025-05-25T03:44:22.281
Finished copy 591 at 2025-05-25T03:44:34.069
Finished copy 291 at 2025-05-25T03:44:34.226
Finished copy 441 at 2025-05-25T03:44:35.599
Finished copy 118 at 2025-05-25T03:44:38.026
Finished copy 292 at 2025-05-25T03:44:50.370
Finished copy 442 at 2025-05-25T03:44:50.626
Finished copy 592 at 2025-05-25T03:44:50.754
Finished copy 119 at 2025-05-25T03:44:55.507
Finished copy 293 at 2025-05-25T03:45:04.034
Finished copy 443 at 2025-05-25T03:45:05.149
Finished copy 593 at 2025-05-25T03:45:05.470
Finished copy 120 at 2025-05-25T03:45:12.795
Finished copy 294 at 2025-05-25T03:45:19.707
Finished copy 444 at 2025-05-25T03:45:19.821
Finished copy 594 at 2025-05-25T03:45:20.336
Finished copy 121 at 2025-05-25T03:45:31.905
Finished copy 295 at 2025-05-25T03:45:33.933
Finished copy 445 at 2025-05-25T03:45:35.554
Finished copy 595 at 2025-05-25T03:45:35.573
Finished copy 122 at 2025-05-25T03:45:47.398
Finished copy 296 at 2025-05-25T03:45:47.828
Finished copy 596 at 2025-05-25T03:45:49.230
Finished copy 446 at 2025-05-25T03:45:50.129
Finished copy 297 at 2025-05-25T03:46:01.528
Finished copy 447 at 2025-05-25T03:46:04.503
Finished copy 597 at 2025-05-25T03:46:05.339
Finished copy 123 at 2025-05-25T03:46:06.065
Finished copy 298 at 2025-05-25T03:46:15.452
Finished copy 448 at 2025-05-25T03:46:19.113
Finished copy 124 at 2025-05-25T03:46:22.975
Finished copy 598 at 2025-05-25T03:46:23.192
Finished copy 299 at 2025-05-25T03:46:31.140
Finished copy 449 at 2025-05-25T03:46:34.749
Finished copy 599 at 2025-05-25T03:46:36.759
Finished copy 125 at 2025-05-25T03:46:38.103
Finished copy 300 at 2025-05-25T03:46:44.617
Finished copy 450 at 2025-05-25T03:46:47.827
Finished copy 600 at 2025-05-25T03:46:49.757
Finished copy 126 at 2025-05-25T03:46:52.253
Finished copy 127 at 2025-05-25T03:47:04.094
Finished copy 128 at 2025-05-25T03:47:16.123
Finished copy 129 at 2025-05-25T03:47:27.902
Finished copy 130 at 2025-05-25T03:47:39.805
Finished copy 131 at 2025-05-25T03:47:50.845
Finished copy 132 at 2025-05-25T03:48:01.745
Finished copy 133 at 2025-05-25T03:48:15.488
Finished copy 134 at 2025-05-25T03:48:26.129
Finished copy 135 at 2025-05-25T03:48:37.478
Finished copy 136 at 2025-05-25T03:48:52.543
Finished copy 137 at 2025-05-25T03:49:03.387
Finished copy 138 at 2025-05-25T03:49:16.061
Finished copy 139 at 2025-05-25T03:49:27.736
Finished copy 140 at 2025-05-25T03:49:39.352
Finished copy 141 at 2025-05-25T03:49:50.468
Finished copy 142 at 2025-05-25T03:50:02.257
Finished copy 143 at 2025-05-25T03:50:14.051
Finished copy 144 at 2025-05-25T03:50:25.119
Finished copy 145 at 2025-05-25T03:50:38.670
Finished copy 146 at 2025-05-25T03:50:49.758
Finished copy 147 at 2025-05-25T03:50:59.892
Finished copy 148 at 2025-05-25T03:51:15.706
Finished copy 149 at 2025-05-25T03:51:27.254
Finished copy 150 at 2025-05-25T03:51:38.758
