Starting saddles simulation at 2025-05-25T00:55:57.495
Lattice size: 39
Beta values: [0.1, 0.10279944599549397, 0.10567726096980483, 0.10863563882017176, 0.11167683486080235, 0.11480316754220751, 0.1180170202186681, 0.1213208429651809, 0.12471715444526921, 0.12820854383108135, 0.1317976727772417, 0.13548727744995842, 0.13928017061293513, 0.14317924377167612, 0.14718746937782085, 0.15130790309518719, 0.15554368612925135, 0.15989804762184037, 0.16437430711286308, 0.16897587707095507, 0.17370626549496876, 0.1785690785882898, 0.18356802350802015, 0.1887069111911229, 0.19398965925968314, 0.19942029500750083, 0.20500295847029057, 0.21074190558183128, 0.21664151141846955, 0.22270627353445155, 0.22894081539062563, 0.23534988987912978, 0.2419383829467506, 0.24871131731971624, 0.25567385633276335, 0.26283130786539594, 0.2701891283883382, 0.27775292712326566, 0.2855284703189852, 0.2935216856473252, 0.3017386667220857, 0.3101856777444941, 0.3188691582787082, 0.3277957281610069, 0.3369721925464105, 0.3464055470965792, 0.3561029833129435, 0.36607189401913226, 0.3763198789968798, 0.3868547507797058, 0.39768454060878644, 0.4088175045555577, 0.4202621298157168, 0.4320271411794205, 0.4441215076826148, 0.4565544494445634, 0.46933544469678873, 0.48247423700878694, 0.49598084271601944, 0.5098655585558504, 0.5241389695172453, 0.5388119569102191, 0.553895706661185, 0.5694017178405246, 0.5853418114288852, 0.601728139328883, 0.6185731936290858, 0.6358898161273345, 0.6536912081206652, 0.6719909404692954, 0.6908029639423454, 0.710141619853183, 0.730021650992499, 0.7504582128674476, 0.7714668852554213, 0.7930636840812662, 0.815265073626996, 0.8380879790833082, 0.8615497994524721, 0.885668420812431, 0.9104622299522194, 0.9359501283891019, 0.9621515467781114, 0.9890864597249744, 1.0167754010137187, 1.045239479260565, 1.0745003940060471, 1.1045804522576164, 1.1355025854953513, 1.1672903671537318, 1.1999680305928035, 1.2335604875724422, 1.2680933472437848, 1.3035929356723266, 1.3400863159075478, 1.3776013086143843, 1.4161665132822627, 1.4558113300278694, 1.4965659820082826, 1.5384615384615383]
Copies: 600
Move type: l chain flip
----------------------------------
Finished copy 451 at 2025-05-25T00:56:07.423
Finished copy 301 at 2025-05-25T00:56:08.014
Finished copy 1 at 2025-05-25T00:56:08.169
Finished copy 151 at 2025-05-25T00:56:09.433
Finished copy 452 at 2025-05-25T00:56:18.044
Finished copy 2 at 2025-05-25T00:56:18.185
Finished copy 302 at 2025-05-25T00:56:19.416
Finished copy 152 at 2025-05-25T00:56:20.533
Finished copy 453 at 2025-05-25T00:56:28.859
Finished copy 3 at 2025-05-25T00:56:29.550
Finished copy 303 at 2025-05-25T00:56:29.662
Finished copy 153 at 2025-05-25T00:56:33.108
Finished copy 454 at 2025-05-25T00:56:38.916
Finished copy 4 at 2025-05-25T00:56:40.188
Finished copy 304 at 2025-05-25T00:56:40.402
Finished copy 154 at 2025-05-25T00:56:45.668
Finished copy 455 at 2025-05-25T00:56:48.529
Finished copy 305 at 2025-05-25T00:56:51.084
Finished copy 5 at 2025-05-25T00:56:51.138
Finished copy 155 at 2025-05-25T00:56:57.914
Finished copy 456 at 2025-05-25T00:56:58.764
Finished copy 6 at 2025-05-25T00:57:00.800
Finished copy 306 at 2025-05-25T00:57:00.817
Finished copy 457 at 2025-05-25T00:57:08.911
Finished copy 156 at 2025-05-25T00:57:11.096
Finished copy 7 at 2025-05-25T00:57:11.447
Finished copy 307 at 2025-05-25T00:57:13.544
Finished copy 458 at 2025-05-25T00:57:19.423
Finished copy 8 at 2025-05-25T00:57:21.379
Finished copy 308 at 2025-05-25T00:57:24.254
Finished copy 157 at 2025-05-25T00:57:24.606
Finished copy 459 at 2025-05-25T00:57:29.749
Finished copy 9 at 2025-05-25T00:57:32.558
Finished copy 309 at 2025-05-25T00:57:34.155
Finished copy 158 at 2025-05-25T00:57:36.780
Finished copy 460 at 2025-05-25T00:57:39.865
Finished copy 10 at 2025-05-25T00:57:42.151
Finished copy 310 at 2025-05-25T00:57:44.947
Finished copy 159 at 2025-05-25T00:57:49.062
Finished copy 461 at 2025-05-25T00:57:49.926
Finished copy 11 at 2025-05-25T00:57:52.169
Finished copy 311 at 2025-05-25T00:57:54.823
Finished copy 160 at 2025-05-25T00:58:01.197
Finished copy 12 at 2025-05-25T00:58:01.766
Finished copy 462 at 2025-05-25T00:58:01.771
Finished copy 312 at 2025-05-25T00:58:04.782
Finished copy 13 at 2025-05-25T00:58:12.416
Finished copy 161 at 2025-05-25T00:58:13.257
Finished copy 463 at 2025-05-25T00:58:13.390
Finished copy 313 at 2025-05-25T00:58:14.695
Finished copy 14 at 2025-05-25T00:58:21.883
Finished copy 464 at 2025-05-25T00:58:24.092
Finished copy 162 at 2025-05-25T00:58:24.428
Finished copy 314 at 2025-05-25T00:58:25.116
Finished copy 15 at 2025-05-25T00:58:31.762
Finished copy 465 at 2025-05-25T00:58:34.477
Finished copy 315 at 2025-05-25T00:58:35.709
Finished copy 163 at 2025-05-25T00:58:37.105
Finished copy 16 at 2025-05-25T00:58:41.792
Finished copy 316 at 2025-05-25T00:58:46.681
Finished copy 466 at 2025-05-25T00:58:47.603
Finished copy 164 at 2025-05-25T00:58:48.878
Finished copy 17 at 2025-05-25T00:58:52.059
Finished copy 317 at 2025-05-25T00:58:56.557
Finished copy 467 at 2025-05-25T00:58:58.140
Finished copy 165 at 2025-05-25T00:59:00.267
Finished copy 18 at 2025-05-25T00:59:02.431
Finished copy 318 at 2025-05-25T00:59:07.074
Finished copy 468 at 2025-05-25T00:59:08.652
Finished copy 166 at 2025-05-25T00:59:11.346
Finished copy 19 at 2025-05-25T00:59:11.596
Finished copy 319 at 2025-05-25T00:59:18.350
Finished copy 469 at 2025-05-25T00:59:19.808
Finished copy 20 at 2025-05-25T00:59:22.913
Finished copy 167 at 2025-05-25T00:59:24.260
Finished copy 320 at 2025-05-25T00:59:27.738
Finished copy 470 at 2025-05-25T00:59:29.389
Finished copy 21 at 2025-05-25T00:59:33.484
Finished copy 168 at 2025-05-25T00:59:35.758
Finished copy 321 at 2025-05-25T00:59:37.636
Finished copy 471 at 2025-05-25T00:59:40.320
Finished copy 22 at 2025-05-25T00:59:44.027
Finished copy 322 at 2025-05-25T00:59:49.588
Finished copy 169 at 2025-05-25T00:59:49.638
Finished copy 472 at 2025-05-25T00:59:50.360
Finished copy 23 at 2025-05-25T00:59:54.848
Finished copy 323 at 2025-05-25T00:59:59.980
Finished copy 473 at 2025-05-25T01:00:00.170
Finished copy 170 at 2025-05-25T01:00:01.625
Finished copy 24 at 2025-05-25T01:00:05.386
Finished copy 474 at 2025-05-25T01:00:10.495
Finished copy 324 at 2025-05-25T01:00:12.448
Finished copy 171 at 2025-05-25T01:00:13.628
Finished copy 25 at 2025-05-25T01:00:16.075
Finished copy 475 at 2025-05-25T01:00:21.118
Finished copy 325 at 2025-05-25T01:00:22.493
Finished copy 172 at 2025-05-25T01:00:26.165
Finished copy 26 at 2025-05-25T01:00:26.682
Finished copy 326 at 2025-05-25T01:00:32.180
Finished copy 476 at 2025-05-25T01:00:32.716
Finished copy 27 at 2025-05-25T01:00:36.872
Finished copy 173 at 2025-05-25T01:00:37.663
Finished copy 477 at 2025-05-25T01:00:42.153
Finished copy 327 at 2025-05-25T01:00:42.773
Finished copy 174 at 2025-05-25T01:00:48.562
Finished copy 28 at 2025-05-25T01:00:50.894
Finished copy 478 at 2025-05-25T01:00:53.261
Finished copy 328 at 2025-05-25T01:00:53.426
Finished copy 29 at 2025-05-25T01:01:01.126
Finished copy 175 at 2025-05-25T01:01:01.975
Finished copy 479 at 2025-05-25T01:01:03.894
Finished copy 329 at 2025-05-25T01:01:04.026
Finished copy 30 at 2025-05-25T01:01:11.878
Finished copy 176 at 2025-05-25T01:01:13.974
Finished copy 480 at 2025-05-25T01:01:15.435
Finished copy 330 at 2025-05-25T01:01:15.505
Finished copy 31 at 2025-05-25T01:01:24.847
Finished copy 481 at 2025-05-25T01:01:25.695
Finished copy 177 at 2025-05-25T01:01:26.267
Finished copy 331 at 2025-05-25T01:01:27.569
Finished copy 32 at 2025-05-25T01:01:35.264
Finished copy 482 at 2025-05-25T01:01:35.655
Finished copy 178 at 2025-05-25T01:01:37.998
Finished copy 332 at 2025-05-25T01:01:38.677
Finished copy 33 at 2025-05-25T01:01:45.636
Finished copy 483 at 2025-05-25T01:01:46.106
Finished copy 333 at 2025-05-25T01:01:48.673
Finished copy 179 at 2025-05-25T01:01:49.494
Finished copy 484 at 2025-05-25T01:01:55.817
Finished copy 34 at 2025-05-25T01:01:56.353
Finished copy 334 at 2025-05-25T01:01:58.648
Finished copy 180 at 2025-05-25T01:02:01.827
Finished copy 35 at 2025-05-25T01:02:06.439
Finished copy 485 at 2025-05-25T01:02:06.781
Finished copy 335 at 2025-05-25T01:02:09.001
Finished copy 181 at 2025-05-25T01:02:16.425
Finished copy 486 at 2025-05-25T01:02:16.625
Finished copy 36 at 2025-05-25T01:02:17.510
Finished copy 336 at 2025-05-25T01:02:18.414
Finished copy 487 at 2025-05-25T01:02:26.876
Finished copy 37 at 2025-05-25T01:02:27.546
Finished copy 337 at 2025-05-25T01:02:28.729
Finished copy 182 at 2025-05-25T01:02:29.366
Finished copy 488 at 2025-05-25T01:02:37.953
Finished copy 38 at 2025-05-25T01:02:38.953
Finished copy 338 at 2025-05-25T01:02:39.920
Finished copy 183 at 2025-05-25T01:02:41.776
Finished copy 489 at 2025-05-25T01:02:48.703
Finished copy 39 at 2025-05-25T01:02:50.525
Finished copy 339 at 2025-05-25T01:02:51.596
Finished copy 184 at 2025-05-25T01:02:53.743
Finished copy 490 at 2025-05-25T01:02:59.531
Finished copy 40 at 2025-05-25T01:03:01.500
Finished copy 340 at 2025-05-25T01:03:03.034
Finished copy 185 at 2025-05-25T01:03:06.177
Finished copy 491 at 2025-05-25T01:03:09.116
Finished copy 41 at 2025-05-25T01:03:12.347
Finished copy 341 at 2025-05-25T01:03:13.689
Finished copy 186 at 2025-05-25T01:03:18.746
Finished copy 492 at 2025-05-25T01:03:19.429
Finished copy 42 at 2025-05-25T01:03:22.976
Finished copy 342 at 2025-05-25T01:03:24.691
Finished copy 493 at 2025-05-25T01:03:29.988
Finished copy 187 at 2025-05-25T01:03:31.267
Finished copy 43 at 2025-05-25T01:03:32.849
Finished copy 343 at 2025-05-25T01:03:35.072
Finished copy 494 at 2025-05-25T01:03:40.139
Finished copy 188 at 2025-05-25T01:03:43.099
Finished copy 44 at 2025-05-25T01:03:43.887
Finished copy 344 at 2025-05-25T01:03:45.814
Finished copy 495 at 2025-05-25T01:03:50.551
Finished copy 45 at 2025-05-25T01:03:54.788
Finished copy 345 at 2025-05-25T01:03:55.577
Finished copy 189 at 2025-05-25T01:03:55.905
Finished copy 496 at 2025-05-25T01:04:00.580
Finished copy 46 at 2025-05-25T01:04:04.506
Finished copy 346 at 2025-05-25T01:04:07.726
Finished copy 190 at 2025-05-25T01:04:07.918
Finished copy 497 at 2025-05-25T01:04:11.356
Finished copy 47 at 2025-05-25T01:04:15.412
Finished copy 191 at 2025-05-25T01:04:18.780
Finished copy 347 at 2025-05-25T01:04:20.695
Finished copy 48 at 2025-05-25T01:04:25.639
Finished copy 498 at 2025-05-25T01:04:27.066
Finished copy 192 at 2025-05-25T01:04:31.210
Finished copy 348 at 2025-05-25T01:04:32.186
Finished copy 49 at 2025-05-25T01:04:36.676
Finished copy 499 at 2025-05-25T01:04:37.417
Finished copy 349 at 2025-05-25T01:04:42.518
Finished copy 193 at 2025-05-25T01:04:43.014
Finished copy 50 at 2025-05-25T01:04:47.313
Finished copy 500 at 2025-05-25T01:04:47.701
Finished copy 350 at 2025-05-25T01:04:52.622
Finished copy 194 at 2025-05-25T01:04:55.919
Finished copy 51 at 2025-05-25T01:04:58.102
Finished copy 501 at 2025-05-25T01:04:59.427
Finished copy 351 at 2025-05-25T01:05:02.311
Finished copy 195 at 2025-05-25T01:05:08.161
Finished copy 52 at 2025-05-25T01:05:08.687
Finished copy 502 at 2025-05-25T01:05:09.743
Finished copy 352 at 2025-05-25T01:05:12.341
Finished copy 53 at 2025-05-25T01:05:19.361
Finished copy 196 at 2025-05-25T01:05:19.395
Finished copy 503 at 2025-05-25T01:05:20.572
Finished copy 353 at 2025-05-25T01:05:29.639
Finished copy 54 at 2025-05-25T01:05:29.757
Finished copy 197 at 2025-05-25T01:05:31.384
Finished copy 504 at 2025-05-25T01:05:32.749
Finished copy 55 at 2025-05-25T01:05:39.607
Finished copy 354 at 2025-05-25T01:05:40.298
Finished copy 505 at 2025-05-25T01:05:43.162
Finished copy 198 at 2025-05-25T01:05:45.996
Finished copy 56 at 2025-05-25T01:05:50.089
Finished copy 355 at 2025-05-25T01:05:51.448
Finished copy 506 at 2025-05-25T01:05:53.689
Finished copy 199 at 2025-05-25T01:05:56.870
Finished copy 57 at 2025-05-25T01:05:59.448
Finished copy 356 at 2025-05-25T01:06:01.584
Finished copy 507 at 2025-05-25T01:06:05.730
Finished copy 200 at 2025-05-25T01:06:09.359
Finished copy 58 at 2025-05-25T01:06:10.258
Finished copy 357 at 2025-05-25T01:06:12.490
Finished copy 508 at 2025-05-25T01:06:16.289
Finished copy 59 at 2025-05-25T01:06:21.046
Finished copy 201 at 2025-05-25T01:06:21.247
Finished copy 358 at 2025-05-25T01:06:23.599
Finished copy 509 at 2025-05-25T01:06:26.828
Finished copy 60 at 2025-05-25T01:06:31.645
Finished copy 202 at 2025-05-25T01:06:34.677
Finished copy 359 at 2025-05-25T01:06:34.823
Finished copy 510 at 2025-05-25T01:06:38.108
Finished copy 61 at 2025-05-25T01:06:42.389
Finished copy 360 at 2025-05-25T01:06:45.908
Finished copy 511 at 2025-05-25T01:06:48.209
Finished copy 203 at 2025-05-25T01:06:48.787
Finished copy 62 at 2025-05-25T01:06:53.892
Finished copy 361 at 2025-05-25T01:06:56.756
Finished copy 512 at 2025-05-25T01:06:59.423
Finished copy 204 at 2025-05-25T01:07:01.044
Finished copy 63 at 2025-05-25T01:07:03.928
Finished copy 362 at 2025-05-25T01:07:08.448
Finished copy 513 at 2025-05-25T01:07:09.798
Finished copy 205 at 2025-05-25T01:07:12.441
Finished copy 64 at 2025-05-25T01:07:15.437
Finished copy 363 at 2025-05-25T01:07:18.595
Finished copy 514 at 2025-05-25T01:07:19.994
Finished copy 206 at 2025-05-25T01:07:24.730
Finished copy 65 at 2025-05-25T01:07:26.358
Finished copy 364 at 2025-05-25T01:07:29.271
Finished copy 515 at 2025-05-25T01:07:30.538
Finished copy 207 at 2025-05-25T01:07:37.567
Finished copy 66 at 2025-05-25T01:07:38.145
Finished copy 365 at 2025-05-25T01:07:40.953
Finished copy 516 at 2025-05-25T01:07:41.637
Finished copy 208 at 2025-05-25T01:07:48.822
Finished copy 67 at 2025-05-25T01:07:49.321
Finished copy 366 at 2025-05-25T01:07:51.521
Finished copy 517 at 2025-05-25T01:07:52.912
Finished copy 68 at 2025-05-25T01:07:59.848
Finished copy 209 at 2025-05-25T01:08:00.828
Finished copy 367 at 2025-05-25T01:08:01.033
Finished copy 518 at 2025-05-25T01:08:02.950
Finished copy 69 at 2025-05-25T01:08:10.607
Finished copy 368 at 2025-05-25T01:08:11.787
Finished copy 519 at 2025-05-25T01:08:13.223
Finished copy 210 at 2025-05-25T01:08:13.360
Finished copy 70 at 2025-05-25T01:08:20.767
Finished copy 369 at 2025-05-25T01:08:21.292
Finished copy 520 at 2025-05-25T01:08:23.595
Finished copy 211 at 2025-05-25T01:08:26.741
Finished copy 370 at 2025-05-25T01:08:30.678
Finished copy 71 at 2025-05-25T01:08:30.820
Finished copy 521 at 2025-05-25T01:08:32.945
Finished copy 212 at 2025-05-25T01:08:38.888
Finished copy 371 at 2025-05-25T01:08:40.849
Finished copy 72 at 2025-05-25T01:08:41.043
Finished copy 522 at 2025-05-25T01:08:44.697
Finished copy 213 at 2025-05-25T01:08:51.125
Finished copy 372 at 2025-05-25T01:08:51.167
Finished copy 523 at 2025-05-25T01:08:55.776
Finished copy 73 at 2025-05-25T01:09:00.947
Finished copy 214 at 2025-05-25T01:09:02.220
Finished copy 373 at 2025-05-25T01:09:02.416
Finished copy 524 at 2025-05-25T01:09:05.707
Finished copy 74 at 2025-05-25T01:09:12.711
Finished copy 374 at 2025-05-25T01:09:13.317
Finished copy 215 at 2025-05-25T01:09:15.438
Finished copy 525 at 2025-05-25T01:09:15.629
Finished copy 75 at 2025-05-25T01:09:23.123
Finished copy 375 at 2025-05-25T01:09:23.429
Finished copy 526 at 2025-05-25T01:09:26.588
Finished copy 216 at 2025-05-25T01:09:27.368
Finished copy 76 at 2025-05-25T01:09:33.195
Finished copy 376 at 2025-05-25T01:09:33.950
Finished copy 527 at 2025-05-25T01:09:36.938
Finished copy 217 at 2025-05-25T01:09:39.745
Finished copy 77 at 2025-05-25T01:09:43.554
Finished copy 377 at 2025-05-25T01:09:44.791
Finished copy 528 at 2025-05-25T01:09:47.151
Finished copy 218 at 2025-05-25T01:09:52.221
Finished copy 78 at 2025-05-25T01:09:53.502
Finished copy 378 at 2025-05-25T01:09:54.100
Finished copy 529 at 2025-05-25T01:09:57.009
Finished copy 79 at 2025-05-25T01:10:04.231
Finished copy 379 at 2025-05-25T01:10:04.668
Finished copy 530 at 2025-05-25T01:10:07.497
Finished copy 219 at 2025-05-25T01:10:08.772
Finished copy 80 at 2025-05-25T01:10:14.189
Finished copy 380 at 2025-05-25T01:10:15.140
Finished copy 531 at 2025-05-25T01:10:17.523
Finished copy 220 at 2025-05-25T01:10:21.119
Finished copy 81 at 2025-05-25T01:10:24.918
Finished copy 381 at 2025-05-25T01:10:25.963
Finished copy 532 at 2025-05-25T01:10:27.486
Finished copy 221 at 2025-05-25T01:10:33.120
Finished copy 82 at 2025-05-25T01:10:34.377
Finished copy 382 at 2025-05-25T01:10:37.178
Finished copy 533 at 2025-05-25T01:10:37.823
Finished copy 83 at 2025-05-25T01:10:44.924
Finished copy 222 at 2025-05-25T01:10:46.417
Finished copy 383 at 2025-05-25T01:10:47.855
Finished copy 534 at 2025-05-25T01:10:49.202
Finished copy 84 at 2025-05-25T01:10:55.878
Finished copy 384 at 2025-05-25T01:10:58.805
Finished copy 535 at 2025-05-25T01:10:59.153
Finished copy 223 at 2025-05-25T01:10:59.352
Finished copy 85 at 2025-05-25T01:11:06.525
Finished copy 385 at 2025-05-25T01:11:09.341
Finished copy 536 at 2025-05-25T01:11:10.102
Finished copy 224 at 2025-05-25T01:11:14.133
Finished copy 86 at 2025-05-25T01:11:17.008
Finished copy 537 at 2025-05-25T01:11:19.528
Finished copy 386 at 2025-05-25T01:11:20.971
Finished copy 87 at 2025-05-25T01:11:27.063
Finished copy 225 at 2025-05-25T01:11:27.944
Finished copy 538 at 2025-05-25T01:11:29.818
Finished copy 387 at 2025-05-25T01:11:30.615
Finished copy 88 at 2025-05-25T01:11:36.836
Finished copy 539 at 2025-05-25T01:11:39.794
Finished copy 226 at 2025-05-25T01:11:39.922
Finished copy 388 at 2025-05-25T01:11:41.315
Finished copy 89 at 2025-05-25T01:11:48.787
Finished copy 540 at 2025-05-25T01:11:50.788
Finished copy 389 at 2025-05-25T01:11:51.278
Finished copy 227 at 2025-05-25T01:11:52.858
Finished copy 90 at 2025-05-25T01:11:59.453
Finished copy 390 at 2025-05-25T01:12:01.333
Finished copy 541 at 2025-05-25T01:12:01.724
Finished copy 228 at 2025-05-25T01:12:06.109
Finished copy 91 at 2025-05-25T01:12:10.240
Finished copy 391 at 2025-05-25T01:12:11.283
Finished copy 542 at 2025-05-25T01:12:12.794
Finished copy 229 at 2025-05-25T01:12:18.278
Finished copy 92 at 2025-05-25T01:12:19.594
Finished copy 392 at 2025-05-25T01:12:21.449
Finished copy 543 at 2025-05-25T01:12:24.234
Finished copy 93 at 2025-05-25T01:12:29.590
Finished copy 230 at 2025-05-25T01:12:30.973
Finished copy 393 at 2025-05-25T01:12:32.613
Finished copy 544 at 2025-05-25T01:12:33.745
Finished copy 94 at 2025-05-25T01:12:40.334
Finished copy 394 at 2025-05-25T01:12:43.903
Finished copy 231 at 2025-05-25T01:12:43.964
Finished copy 545 at 2025-05-25T01:12:44.663
Finished copy 95 at 2025-05-25T01:12:50.136
Finished copy 546 at 2025-05-25T01:12:55.197
Finished copy 232 at 2025-05-25T01:12:55.835
Finished copy 395 at 2025-05-25T01:12:57.118
Finished copy 96 at 2025-05-25T01:13:01.043
Finished copy 547 at 2025-05-25T01:13:06.006
Finished copy 396 at 2025-05-25T01:13:06.897
Finished copy 233 at 2025-05-25T01:13:09.015
Finished copy 97 at 2025-05-25T01:13:12.425
Finished copy 397 at 2025-05-25T01:13:17.535
Finished copy 548 at 2025-05-25T01:13:18.128
Finished copy 98 at 2025-05-25T01:13:23.976
Finished copy 234 at 2025-05-25T01:13:25.985
Finished copy 549 at 2025-05-25T01:13:28.223
Finished copy 398 at 2025-05-25T01:13:29.181
Finished copy 99 at 2025-05-25T01:13:34.289
Finished copy 235 at 2025-05-25T01:13:35.862
Finished copy 550 at 2025-05-25T01:13:38.794
Finished copy 399 at 2025-05-25T01:13:39.106
Finished copy 100 at 2025-05-25T01:13:45.803
Finished copy 236 at 2025-05-25T01:13:47.074
Finished copy 400 at 2025-05-25T01:13:49.683
Finished copy 551 at 2025-05-25T01:13:51.862
Finished copy 101 at 2025-05-25T01:13:56.543
Finished copy 237 at 2025-05-25T01:13:59.725
Finished copy 401 at 2025-05-25T01:14:00.728
Finished copy 552 at 2025-05-25T01:14:02.408
Finished copy 102 at 2025-05-25T01:14:05.677
Finished copy 238 at 2025-05-25T01:14:12.719
Finished copy 553 at 2025-05-25T01:14:13.166
Finished copy 402 at 2025-05-25T01:14:13.765
Finished copy 103 at 2025-05-25T01:14:16.198
Finished copy 554 at 2025-05-25T01:14:23.884
Finished copy 239 at 2025-05-25T01:14:25.592
Finished copy 403 at 2025-05-25T01:14:25.594
Finished copy 104 at 2025-05-25T01:14:26.733
Finished copy 555 at 2025-05-25T01:14:34.628
Finished copy 404 at 2025-05-25T01:14:35.390
Finished copy 105 at 2025-05-25T01:14:39.100
Finished copy 240 at 2025-05-25T01:14:39.830
Finished copy 556 at 2025-05-25T01:14:45.491
Finished copy 106 at 2025-05-25T01:14:48.778
Finished copy 405 at 2025-05-25T01:14:49.010
Finished copy 241 at 2025-05-25T01:14:52.699
Finished copy 557 at 2025-05-25T01:14:56.861
Finished copy 406 at 2025-05-25T01:14:59.543
Finished copy 107 at 2025-05-25T01:14:59.589
Finished copy 242 at 2025-05-25T01:15:04.981
Finished copy 558 at 2025-05-25T01:15:07.249
Finished copy 407 at 2025-05-25T01:15:09.711
Finished copy 108 at 2025-05-25T01:15:09.797
Finished copy 559 at 2025-05-25T01:15:17.341
Finished copy 243 at 2025-05-25T01:15:17.681
Finished copy 109 at 2025-05-25T01:15:19.622
Finished copy 408 at 2025-05-25T01:15:20.621
Finished copy 560 at 2025-05-25T01:15:28.631
Finished copy 110 at 2025-05-25T01:15:29.036
Finished copy 244 at 2025-05-25T01:15:29.824
Finished copy 409 at 2025-05-25T01:15:30.833
Finished copy 111 at 2025-05-25T01:15:39.677
Finished copy 561 at 2025-05-25T01:15:40.230
Finished copy 410 at 2025-05-25T01:15:41.590
Finished copy 245 at 2025-05-25T01:15:43.712
Finished copy 562 at 2025-05-25T01:15:50.534
Finished copy 112 at 2025-05-25T01:15:51.496
Finished copy 411 at 2025-05-25T01:15:52.830
Finished copy 246 at 2025-05-25T01:15:56.204
Finished copy 563 at 2025-05-25T01:16:02.353
Finished copy 113 at 2025-05-25T01:16:02.953
Finished copy 412 at 2025-05-25T01:16:03.299
Finished copy 247 at 2025-05-25T01:16:08.310
Finished copy 564 at 2025-05-25T01:16:12.673
Finished copy 413 at 2025-05-25T01:16:13.217
Finished copy 114 at 2025-05-25T01:16:14.131
Finished copy 248 at 2025-05-25T01:16:20.572
Finished copy 565 at 2025-05-25T01:16:23.222
Finished copy 414 at 2025-05-25T01:16:23.708
Finished copy 115 at 2025-05-25T01:16:24.121
Finished copy 249 at 2025-05-25T01:16:32.536
Finished copy 415 at 2025-05-25T01:16:33.684
Finished copy 566 at 2025-05-25T01:16:33.888
Finished copy 116 at 2025-05-25T01:16:34.985
Finished copy 416 at 2025-05-25T01:16:43.614
Finished copy 250 at 2025-05-25T01:16:44.992
Finished copy 567 at 2025-05-25T01:16:45.198
Finished copy 117 at 2025-05-25T01:16:45.549
Finished copy 568 at 2025-05-25T01:16:55.437
Finished copy 251 at 2025-05-25T01:16:56.394
Finished copy 118 at 2025-05-25T01:16:56.647
Finished copy 417 at 2025-05-25T01:16:58.071
Finished copy 569 at 2025-05-25T01:17:05.196
Finished copy 252 at 2025-05-25T01:17:07.149
Finished copy 418 at 2025-05-25T01:17:08.360
Finished copy 119 at 2025-05-25T01:17:08.576
Finished copy 570 at 2025-05-25T01:17:16.660
Finished copy 419 at 2025-05-25T01:17:18.186
Finished copy 120 at 2025-05-25T01:17:18.832
Finished copy 253 at 2025-05-25T01:17:19.324
Finished copy 571 at 2025-05-25T01:17:26.998
Finished copy 420 at 2025-05-25T01:17:28.438
Finished copy 121 at 2025-05-25T01:17:30.834
Finished copy 254 at 2025-05-25T01:17:33.668
Finished copy 572 at 2025-05-25T01:17:37.270
Finished copy 421 at 2025-05-25T01:17:38.959
Finished copy 122 at 2025-05-25T01:17:40.813
Finished copy 255 at 2025-05-25T01:17:45.347
Finished copy 573 at 2025-05-25T01:17:47.369
Finished copy 422 at 2025-05-25T01:17:50.661
Finished copy 123 at 2025-05-25T01:17:51.299
Finished copy 574 at 2025-05-25T01:17:57.241
Finished copy 256 at 2025-05-25T01:17:58.077
Finished copy 423 at 2025-05-25T01:18:01.113
Finished copy 124 at 2025-05-25T01:18:01.600
Finished copy 575 at 2025-05-25T01:18:07.482
Finished copy 257 at 2025-05-25T01:18:09.411
Finished copy 125 at 2025-05-25T01:18:11.761
Finished copy 424 at 2025-05-25T01:18:12.159
Finished copy 576 at 2025-05-25T01:18:18.385
Finished copy 425 at 2025-05-25T01:18:21.775
Finished copy 258 at 2025-05-25T01:18:21.821
Finished copy 126 at 2025-05-25T01:18:22.109
Finished copy 577 at 2025-05-25T01:18:29.894
Finished copy 426 at 2025-05-25T01:18:31.757
Finished copy 127 at 2025-05-25T01:18:32.008
Finished copy 259 at 2025-05-25T01:18:36.427
Finished copy 578 at 2025-05-25T01:18:40.944
Finished copy 427 at 2025-05-25T01:18:41.393
Finished copy 128 at 2025-05-25T01:18:43.786
Finished copy 260 at 2025-05-25T01:18:49.312
Finished copy 579 at 2025-05-25T01:18:50.752
Finished copy 428 at 2025-05-25T01:18:51.598
Finished copy 129 at 2025-05-25T01:18:55.503
Finished copy 261 at 2025-05-25T01:19:00.796
Finished copy 580 at 2025-05-25T01:19:01.988
Finished copy 429 at 2025-05-25T01:19:02.767
Finished copy 130 at 2025-05-25T01:19:07.062
Finished copy 581 at 2025-05-25T01:19:12.999
Finished copy 430 at 2025-05-25T01:19:13.035
Finished copy 262 at 2025-05-25T01:19:16.324
Finished copy 131 at 2025-05-25T01:19:18.354
Finished copy 431 at 2025-05-25T01:19:24.133
Finished copy 582 at 2025-05-25T01:19:24.297
Finished copy 263 at 2025-05-25T01:19:28.545
Finished copy 132 at 2025-05-25T01:19:28.860
Finished copy 432 at 2025-05-25T01:19:36.520
Finished copy 583 at 2025-05-25T01:19:37.554
Finished copy 133 at 2025-05-25T01:19:40.652
Finished copy 264 at 2025-05-25T01:19:42.249
Finished copy 433 at 2025-05-25T01:19:47.085
Finished copy 584 at 2025-05-25T01:19:48.016
Finished copy 134 at 2025-05-25T01:19:51.122
Finished copy 265 at 2025-05-25T01:19:55.446
Finished copy 434 at 2025-05-25T01:19:57.590
Finished copy 585 at 2025-05-25T01:19:58.292
Finished copy 135 at 2025-05-25T01:20:01.421
Finished copy 435 at 2025-05-25T01:20:08.576
Finished copy 586 at 2025-05-25T01:20:09.295
Finished copy 266 at 2025-05-25T01:20:09.631
Finished copy 136 at 2025-05-25T01:20:12.439
Finished copy 436 at 2025-05-25T01:20:19.596
Finished copy 587 at 2025-05-25T01:20:19.934
Finished copy 267 at 2025-05-25T01:20:21.763
Finished copy 137 at 2025-05-25T01:20:23.325
Finished copy 437 at 2025-05-25T01:20:29.597
Finished copy 588 at 2025-05-25T01:20:31.496
Finished copy 138 at 2025-05-25T01:20:34.072
Finished copy 268 at 2025-05-25T01:20:34.327
Finished copy 438 at 2025-05-25T01:20:40.811
Finished copy 139 at 2025-05-25T01:20:43.013
Finished copy 589 at 2025-05-25T01:20:43.207
Finished copy 269 at 2025-05-25T01:20:47.462
Finished copy 439 at 2025-05-25T01:20:50.876
Finished copy 140 at 2025-05-25T01:20:53.902
Finished copy 590 at 2025-05-25T01:20:54.105
Finished copy 270 at 2025-05-25T01:20:59.187
Finished copy 440 at 2025-05-25T01:21:01.752
Finished copy 591 at 2025-05-25T01:21:04.361
Finished copy 141 at 2025-05-25T01:21:04.723
Finished copy 271 at 2025-05-25T01:21:11.492
Finished copy 441 at 2025-05-25T01:21:11.934
Finished copy 142 at 2025-05-25T01:21:14.347
Finished copy 592 at 2025-05-25T01:21:14.788
Finished copy 442 at 2025-05-25T01:21:22.464
Finished copy 272 at 2025-05-25T01:21:23.308
Finished copy 143 at 2025-05-25T01:21:25.908
Finished copy 593 at 2025-05-25T01:21:26.250
Finished copy 443 at 2025-05-25T01:21:32.876
Finished copy 273 at 2025-05-25T01:21:36.004
Finished copy 594 at 2025-05-25T01:21:37.166
Finished copy 144 at 2025-05-25T01:21:38.594
Finished copy 444 at 2025-05-25T01:21:43.589
Finished copy 595 at 2025-05-25T01:21:48.663
Finished copy 274 at 2025-05-25T01:21:48.855
Finished copy 145 at 2025-05-25T01:21:49.400
Finished copy 445 at 2025-05-25T01:21:53.986
Finished copy 596 at 2025-05-25T01:21:58.627
Finished copy 146 at 2025-05-25T01:22:00.714
Finished copy 275 at 2025-05-25T01:22:01.763
Finished copy 446 at 2025-05-25T01:22:04.644
Finished copy 597 at 2025-05-25T01:22:08.773
Finished copy 147 at 2025-05-25T01:22:10.659
Finished copy 447 at 2025-05-25T01:22:14.987
Finished copy 276 at 2025-05-25T01:22:17.862
Finished copy 598 at 2025-05-25T01:22:19.100
Finished copy 148 at 2025-05-25T01:22:21.303
Finished copy 448 at 2025-05-25T01:22:25.675
Finished copy 277 at 2025-05-25T01:22:30.102
Finished copy 599 at 2025-05-25T01:22:30.309
Finished copy 149 at 2025-05-25T01:22:30.865
Finished copy 449 at 2025-05-25T01:22:36.546
Finished copy 600 at 2025-05-25T01:22:40.855
Finished copy 150 at 2025-05-25T01:22:41.349
Finished copy 278 at 2025-05-25T01:22:42.128
Finished copy 450 at 2025-05-25T01:22:46.234
Finished copy 279 at 2025-05-25T01:22:50.459
Finished copy 280 at 2025-05-25T01:22:59.444
Finished copy 281 at 2025-05-25T01:23:08.841
Finished copy 282 at 2025-05-25T01:23:18.478
Finished copy 283 at 2025-05-25T01:23:26.737
Finished copy 284 at 2025-05-25T01:23:35.269
Finished copy 285 at 2025-05-25T01:23:43.985
Finished copy 286 at 2025-05-25T01:23:55.175
Finished copy 287 at 2025-05-25T01:24:03.645
Finished copy 288 at 2025-05-25T01:24:12.256
Finished copy 289 at 2025-05-25T01:24:20.102
Finished copy 290 at 2025-05-25T01:24:27.992
Finished copy 291 at 2025-05-25T01:24:36.114
Finished copy 292 at 2025-05-25T01:24:44.880
Finished copy 293 at 2025-05-25T01:24:53.257
Finished copy 294 at 2025-05-25T01:25:01.927
Finished copy 295 at 2025-05-25T01:25:10.751
Finished copy 296 at 2025-05-25T01:25:18.274
Finished copy 297 at 2025-05-25T01:25:28.683
Finished copy 298 at 2025-05-25T01:25:36.790
Finished copy 299 at 2025-05-25T01:25:45.349
Finished copy 300 at 2025-05-25T01:25:53.618
