Starting saddles simulation at 2025-05-24T20:47:10.328
Lattice size: 20
Beta values: [0.1, 0.10279944599549397, 0.10567726096980483, 0.10863563882017176, 0.11167683486080235, 0.11480316754220751, 0.1180170202186681, 0.1213208429651809, 0.12471715444526921, 0.12820854383108135, 0.1317976727772417, 0.13548727744995842, 0.13928017061293513, 0.14317924377167612, 0.14718746937782085, 0.15130790309518719, 0.15554368612925135, 0.15989804762184037, 0.16437430711286308, 0.16897587707095507, 0.17370626549496876, 0.1785690785882898, 0.18356802350802015, 0.1887069111911229, 0.19398965925968314, 0.19942029500750083, 0.20500295847029057, 0.21074190558183128, 0.21664151141846955, 0.22270627353445155, 0.22894081539062563, 0.23534988987912978, 0.2419383829467506, 0.24871131731971624, 0.25567385633276335, 0.26283130786539594, 0.2701891283883382, 0.27775292712326566, 0.2855284703189852, 0.2935216856473252, 0.3017386667220857, 0.3101856777444941, 0.3188691582787082, 0.3277957281610069, 0.3369721925464105, 0.3464055470965792, 0.3561029833129435, 0.36607189401913226, 0.3763198789968798, 0.3868547507797058, 0.39768454060878644, 0.4088175045555577, 0.4202621298157168, 0.4320271411794205, 0.4441215076826148, 0.4565544494445634, 0.46933544469678873, 0.48247423700878694, 0.49598084271601944, 0.5098655585558504, 0.5241389695172453, 0.5388119569102191, 0.553895706661185, 0.5694017178405246, 0.5853418114288852, 0.601728139328883, 0.6185731936290858, 0.6358898161273345, 0.6536912081206652, 0.6719909404692954, 0.6908029639423454, 0.710141619853183, 0.730021650992499, 0.7504582128674476, 0.7714668852554213, 0.7930636840812662, 0.815265073626996, 0.8380879790833082, 0.8615497994524721, 0.885668420812431, 0.9104622299522194, 0.9359501283891019, 0.9621515467781114, 0.9890864597249744, 1.0167754010137187, 1.045239479260565, 1.0745003940060471, 1.1045804522576164, 1.1355025854953513, 1.1672903671537318, 1.1999680305928035, 1.2335604875724422, 1.2680933472437848, 1.3035929356723266, 1.3400863159075478, 1.3776013086143843, 1.4161665132822627, 1.4558113300278694, 1.4965659820082826, 1.5384615384615383]
Copies: 600
Move type: l chain flip
----------------------------------
Finished copy 151 at 2025-05-24T20:47:12.886
Finished copy 301 at 2025-05-24T20:47:13.114
Finished copy 1 at 2025-05-24T20:47:13.185
Finished copy 451 at 2025-05-24T20:47:13.278
Finished copy 152 at 2025-05-24T20:47:15.755
Finished copy 452 at 2025-05-24T20:47:15.878
Finished copy 2 at 2025-05-24T20:47:16.083
Finished copy 302 at 2025-05-24T20:47:16.133
Finished copy 453 at 2025-05-24T20:47:18.532
Finished copy 153 at 2025-05-24T20:47:18.566
Finished copy 3 at 2025-05-24T20:47:18.750
Finished copy 303 at 2025-05-24T20:47:19.469
Finished copy 454 at 2025-05-24T20:47:20.971
Finished copy 154 at 2025-05-24T20:47:21.509
Finished copy 4 at 2025-05-24T20:47:21.942
Finished copy 304 at 2025-05-24T20:47:22.063
Finished copy 455 at 2025-05-24T20:47:24.067
Finished copy 155 at 2025-05-24T20:47:24.199
Finished copy 5 at 2025-05-24T20:47:24.688
Finished copy 305 at 2025-05-24T20:47:25.108
Finished copy 456 at 2025-05-24T20:47:26.830
Finished copy 156 at 2025-05-24T20:47:27.166
Finished copy 6 at 2025-05-24T20:47:27.727
Finished copy 306 at 2025-05-24T20:47:27.934
Finished copy 157 at 2025-05-24T20:47:29.872
Finished copy 457 at 2025-05-24T20:47:29.905
Finished copy 7 at 2025-05-24T20:47:30.664
Finished copy 307 at 2025-05-24T20:47:30.986
Finished copy 158 at 2025-05-24T20:47:32.643
Finished copy 458 at 2025-05-24T20:47:32.711
Finished copy 8 at 2025-05-24T20:47:33.557
Finished copy 308 at 2025-05-24T20:47:33.764
Finished copy 459 at 2025-05-24T20:47:35.430
Finished copy 159 at 2025-05-24T20:47:35.522
Finished copy 9 at 2025-05-24T20:47:36.144
Finished copy 309 at 2025-05-24T20:47:36.224
Finished copy 460 at 2025-05-24T20:47:37.948
Finished copy 160 at 2025-05-24T20:47:38.065
Finished copy 310 at 2025-05-24T20:47:39.046
Finished copy 10 at 2025-05-24T20:47:39.281
Finished copy 461 at 2025-05-24T20:47:41.086
Finished copy 161 at 2025-05-24T20:47:41.087
Finished copy 311 at 2025-05-24T20:47:41.962
Finished copy 11 at 2025-05-24T20:47:42.410
Finished copy 162 at 2025-05-24T20:47:43.998
Finished copy 462 at 2025-05-24T20:47:44.179
Finished copy 312 at 2025-05-24T20:47:44.842
Finished copy 12 at 2025-05-24T20:47:45.015
Finished copy 163 at 2025-05-24T20:47:46.551
Finished copy 463 at 2025-05-24T20:47:47.230
Finished copy 313 at 2025-05-24T20:47:47.893
Finished copy 13 at 2025-05-24T20:47:48.283
Finished copy 164 at 2025-05-24T20:47:49.280
Finished copy 464 at 2025-05-24T20:47:50.276
Finished copy 314 at 2025-05-24T20:47:50.775
Finished copy 14 at 2025-05-24T20:47:51.293
Finished copy 165 at 2025-05-24T20:47:52.323
Finished copy 465 at 2025-05-24T20:47:53.206
Finished copy 315 at 2025-05-24T20:47:53.464
Finished copy 15 at 2025-05-24T20:47:54.368
Finished copy 166 at 2025-05-24T20:47:55.662
Finished copy 316 at 2025-05-24T20:47:55.970
Finished copy 466 at 2025-05-24T20:47:56.016
Finished copy 16 at 2025-05-24T20:47:57.184
Finished copy 317 at 2025-05-24T20:47:58.611
Finished copy 167 at 2025-05-24T20:47:58.645
Finished copy 467 at 2025-05-24T20:47:58.883
Finished copy 17 at 2025-05-24T20:48:00.161
Finished copy 318 at 2025-05-24T20:48:01.288
Finished copy 168 at 2025-05-24T20:48:01.380
Finished copy 468 at 2025-05-24T20:48:01.912
Finished copy 18 at 2025-05-24T20:48:03.473
Finished copy 169 at 2025-05-24T20:48:04.054
Finished copy 319 at 2025-05-24T20:48:04.263
Finished copy 469 at 2025-05-24T20:48:05.050
Finished copy 170 at 2025-05-24T20:48:06.908
Finished copy 320 at 2025-05-24T20:48:06.987
Finished copy 19 at 2025-05-24T20:48:07.223
Finished copy 470 at 2025-05-24T20:48:07.743
Finished copy 171 at 2025-05-24T20:48:09.749
Finished copy 321 at 2025-05-24T20:48:09.879
Finished copy 20 at 2025-05-24T20:48:10.297
Finished copy 471 at 2025-05-24T20:48:10.864
Finished copy 172 at 2025-05-24T20:48:12.675
Finished copy 322 at 2025-05-24T20:48:12.911
Finished copy 21 at 2025-05-24T20:48:13.255
Finished copy 472 at 2025-05-24T20:48:13.472
Finished copy 173 at 2025-05-24T20:48:15.349
Finished copy 323 at 2025-05-24T20:48:15.731
Finished copy 22 at 2025-05-24T20:48:16.172
Finished copy 473 at 2025-05-24T20:48:16.635
Finished copy 174 at 2025-05-24T20:48:18.347
Finished copy 324 at 2025-05-24T20:48:18.476
Finished copy 23 at 2025-05-24T20:48:19.028
Finished copy 474 at 2025-05-24T20:48:19.070
Finished copy 325 at 2025-05-24T20:48:21.015
Finished copy 175 at 2025-05-24T20:48:21.180
Finished copy 475 at 2025-05-24T20:48:21.652
Finished copy 24 at 2025-05-24T20:48:21.730
Finished copy 326 at 2025-05-24T20:48:23.831
Finished copy 176 at 2025-05-24T20:48:23.911
Finished copy 476 at 2025-05-24T20:48:24.270
Finished copy 25 at 2025-05-24T20:48:24.855
Finished copy 327 at 2025-05-24T20:48:26.568
Finished copy 177 at 2025-05-24T20:48:26.898
Finished copy 477 at 2025-05-24T20:48:26.901
Finished copy 26 at 2025-05-24T20:48:28.036
Finished copy 328 at 2025-05-24T20:48:28.967
Finished copy 178 at 2025-05-24T20:48:29.794
Finished copy 478 at 2025-05-24T20:48:29.805
Finished copy 27 at 2025-05-24T20:48:30.791
Finished copy 329 at 2025-05-24T20:48:31.630
Finished copy 179 at 2025-05-24T20:48:32.337
Finished copy 479 at 2025-05-24T20:48:32.707
Finished copy 28 at 2025-05-24T20:48:33.917
Finished copy 330 at 2025-05-24T20:48:34.391
Finished copy 180 at 2025-05-24T20:48:34.956
Finished copy 480 at 2025-05-24T20:48:35.341
Finished copy 29 at 2025-05-24T20:48:36.973
Finished copy 331 at 2025-05-24T20:48:37.122
Finished copy 181 at 2025-05-24T20:48:38.085
Finished copy 481 at 2025-05-24T20:48:38.435
Finished copy 332 at 2025-05-24T20:48:39.470
Finished copy 30 at 2025-05-24T20:48:39.589
Finished copy 182 at 2025-05-24T20:48:41.062
Finished copy 482 at 2025-05-24T20:48:41.418
Finished copy 333 at 2025-05-24T20:48:41.919
Finished copy 31 at 2025-05-24T20:48:42.393
Finished copy 183 at 2025-05-24T20:48:43.844
Finished copy 483 at 2025-05-24T20:48:44.338
Finished copy 334 at 2025-05-24T20:48:44.797
Finished copy 32 at 2025-05-24T20:48:45.337
Finished copy 184 at 2025-05-24T20:48:46.445
Finished copy 484 at 2025-05-24T20:48:47.473
Finished copy 335 at 2025-05-24T20:48:47.563
Finished copy 33 at 2025-05-24T20:48:48.235
Finished copy 185 at 2025-05-24T20:48:49.449
Finished copy 485 at 2025-05-24T20:48:50.325
Finished copy 336 at 2025-05-24T20:48:50.403
Finished copy 34 at 2025-05-24T20:48:50.943
Finished copy 186 at 2025-05-24T20:48:52.735
Finished copy 337 at 2025-05-24T20:48:53.106
Finished copy 486 at 2025-05-24T20:48:53.468
Finished copy 35 at 2025-05-24T20:48:53.611
Finished copy 187 at 2025-05-24T20:48:55.228
Finished copy 487 at 2025-05-24T20:48:56.014
Finished copy 338 at 2025-05-24T20:48:56.069
Finished copy 36 at 2025-05-24T20:48:56.601
Finished copy 188 at 2025-05-24T20:48:57.728
Finished copy 488 at 2025-05-24T20:48:58.768
Finished copy 339 at 2025-05-24T20:48:58.811
Finished copy 37 at 2025-05-24T20:48:59.606
Finished copy 189 at 2025-05-24T20:49:00.768
Finished copy 489 at 2025-05-24T20:49:01.093
Finished copy 340 at 2025-05-24T20:49:01.189
Finished copy 38 at 2025-05-24T20:49:02.517
Finished copy 490 at 2025-05-24T20:49:03.545
Finished copy 190 at 2025-05-24T20:49:03.591
Finished copy 341 at 2025-05-24T20:49:03.967
Finished copy 39 at 2025-05-24T20:49:05.677
Finished copy 491 at 2025-05-24T20:49:06.218
Finished copy 191 at 2025-05-24T20:49:06.392
Finished copy 342 at 2025-05-24T20:49:06.642
Finished copy 492 at 2025-05-24T20:49:08.562
Finished copy 40 at 2025-05-24T20:49:08.902
Finished copy 192 at 2025-05-24T20:49:09.258
Finished copy 343 at 2025-05-24T20:49:09.564
Finished copy 493 at 2025-05-24T20:49:10.966
Finished copy 193 at 2025-05-24T20:49:11.728
Finished copy 41 at 2025-05-24T20:49:11.895
Finished copy 344 at 2025-05-24T20:49:12.636
Finished copy 494 at 2025-05-24T20:49:13.841
Finished copy 194 at 2025-05-24T20:49:14.382
Finished copy 42 at 2025-05-24T20:49:14.723
Finished copy 345 at 2025-05-24T20:49:15.432
Finished copy 495 at 2025-05-24T20:49:16.338
Finished copy 43 at 2025-05-24T20:49:17.421
Finished copy 195 at 2025-05-24T20:49:17.472
Finished copy 346 at 2025-05-24T20:49:18.121
Finished copy 496 at 2025-05-24T20:49:19.290
Finished copy 44 at 2025-05-24T20:49:20.202
Finished copy 196 at 2025-05-24T20:49:20.655
Finished copy 347 at 2025-05-24T20:49:20.994
Finished copy 497 at 2025-05-24T20:49:22.324
Finished copy 45 at 2025-05-24T20:49:22.733
Finished copy 197 at 2025-05-24T20:49:23.438
Finished copy 348 at 2025-05-24T20:49:23.809
Finished copy 46 at 2025-05-24T20:49:25.734
Finished copy 498 at 2025-05-24T20:49:25.762
Finished copy 198 at 2025-05-24T20:49:26.433
Finished copy 349 at 2025-05-24T20:49:26.716
Finished copy 47 at 2025-05-24T20:49:28.251
Finished copy 499 at 2025-05-24T20:49:28.889
Finished copy 199 at 2025-05-24T20:49:29.551
Finished copy 350 at 2025-05-24T20:49:29.555
Finished copy 48 at 2025-05-24T20:49:31.077
Finished copy 500 at 2025-05-24T20:49:31.869
Finished copy 351 at 2025-05-24T20:49:32.203
Finished copy 200 at 2025-05-24T20:49:32.368
Finished copy 49 at 2025-05-24T20:49:34.320
Finished copy 501 at 2025-05-24T20:49:34.626
Finished copy 352 at 2025-05-24T20:49:34.913
Finished copy 201 at 2025-05-24T20:49:35.169
Finished copy 50 at 2025-05-24T20:49:37.317
Finished copy 502 at 2025-05-24T20:49:37.403
Finished copy 353 at 2025-05-24T20:49:37.572
Finished copy 202 at 2025-05-24T20:49:37.866
Finished copy 51 at 2025-05-24T20:49:40.182
Finished copy 203 at 2025-05-24T20:49:40.356
Finished copy 354 at 2025-05-24T20:49:40.447
Finished copy 503 at 2025-05-24T20:49:40.471
Finished copy 204 at 2025-05-24T20:49:42.890
Finished copy 52 at 2025-05-24T20:49:42.980
Finished copy 504 at 2025-05-24T20:49:43.250
Finished copy 355 at 2025-05-24T20:49:43.265
Finished copy 205 at 2025-05-24T20:49:45.841
Finished copy 505 at 2025-05-24T20:49:45.964
Finished copy 53 at 2025-05-24T20:49:45.976
Finished copy 356 at 2025-05-24T20:49:45.977
Finished copy 206 at 2025-05-24T20:49:48.411
Finished copy 357 at 2025-05-24T20:49:48.633
Finished copy 506 at 2025-05-24T20:49:48.882
Finished copy 54 at 2025-05-24T20:49:48.983
Finished copy 207 at 2025-05-24T20:49:51.404
Finished copy 358 at 2025-05-24T20:49:51.493
Finished copy 507 at 2025-05-24T20:49:51.535
Finished copy 55 at 2025-05-24T20:49:51.996
Finished copy 359 at 2025-05-24T20:49:54.231
Finished copy 208 at 2025-05-24T20:49:54.354
Finished copy 508 at 2025-05-24T20:49:54.519
Finished copy 56 at 2025-05-24T20:49:54.849
Finished copy 360 at 2025-05-24T20:49:56.695
Finished copy 209 at 2025-05-24T20:49:57.092
Finished copy 509 at 2025-05-24T20:49:57.386
Finished copy 57 at 2025-05-24T20:49:57.878
Finished copy 361 at 2025-05-24T20:49:59.557
Finished copy 210 at 2025-05-24T20:49:59.724
Finished copy 510 at 2025-05-24T20:50:00.087
Finished copy 58 at 2025-05-24T20:50:00.845
Finished copy 362 at 2025-05-24T20:50:02.243
Finished copy 211 at 2025-05-24T20:50:02.654
Finished copy 511 at 2025-05-24T20:50:02.790
Finished copy 59 at 2025-05-24T20:50:03.531
Finished copy 363 at 2025-05-24T20:50:04.834
Finished copy 212 at 2025-05-24T20:50:05.654
Finished copy 512 at 2025-05-24T20:50:05.892
Finished copy 60 at 2025-05-24T20:50:06.443
Finished copy 364 at 2025-05-24T20:50:07.527
Finished copy 213 at 2025-05-24T20:50:08.101
Finished copy 513 at 2025-05-24T20:50:09.010
Finished copy 61 at 2025-05-24T20:50:09.116
Finished copy 365 at 2025-05-24T20:50:10.132
Finished copy 214 at 2025-05-24T20:50:10.540
Finished copy 62 at 2025-05-24T20:50:11.788
Finished copy 514 at 2025-05-24T20:50:11.903
Finished copy 366 at 2025-05-24T20:50:12.951
Finished copy 215 at 2025-05-24T20:50:13.358
Finished copy 515 at 2025-05-24T20:50:14.691
Finished copy 63 at 2025-05-24T20:50:15.013
Finished copy 367 at 2025-05-24T20:50:15.506
Finished copy 216 at 2025-05-24T20:50:16.118
Finished copy 516 at 2025-05-24T20:50:17.532
Finished copy 64 at 2025-05-24T20:50:17.896
Finished copy 368 at 2025-05-24T20:50:18.429
Finished copy 217 at 2025-05-24T20:50:18.773
Finished copy 517 at 2025-05-24T20:50:19.958
Finished copy 369 at 2025-05-24T20:50:20.851
Finished copy 65 at 2025-05-24T20:50:21.088
Finished copy 218 at 2025-05-24T20:50:21.667
Finished copy 518 at 2025-05-24T20:50:22.704
Finished copy 370 at 2025-05-24T20:50:23.683
Finished copy 66 at 2025-05-24T20:50:24.277
Finished copy 219 at 2025-05-24T20:50:24.683
Finished copy 519 at 2025-05-24T20:50:25.421
Finished copy 371 at 2025-05-24T20:50:26.466
Finished copy 67 at 2025-05-24T20:50:27.112
Finished copy 220 at 2025-05-24T20:50:27.281
Finished copy 520 at 2025-05-24T20:50:28.157
Finished copy 372 at 2025-05-24T20:50:29.149
Finished copy 68 at 2025-05-24T20:50:30.132
Finished copy 221 at 2025-05-24T20:50:30.182
Finished copy 521 at 2025-05-24T20:50:31.007
Finished copy 373 at 2025-05-24T20:50:32.209
Finished copy 222 at 2025-05-24T20:50:32.738
Finished copy 69 at 2025-05-24T20:50:33.167
Finished copy 522 at 2025-05-24T20:50:34.041
Finished copy 374 at 2025-05-24T20:50:34.886
Finished copy 223 at 2025-05-24T20:50:35.144
Finished copy 70 at 2025-05-24T20:50:35.877
Finished copy 523 at 2025-05-24T20:50:36.954
Finished copy 375 at 2025-05-24T20:50:37.788
Finished copy 224 at 2025-05-24T20:50:38.045
Finished copy 71 at 2025-05-24T20:50:38.731
Finished copy 524 at 2025-05-24T20:50:40.021
Finished copy 376 at 2025-05-24T20:50:40.499
Finished copy 225 at 2025-05-24T20:50:40.582
Finished copy 72 at 2025-05-24T20:50:41.594
Finished copy 525 at 2025-05-24T20:50:42.704
Finished copy 226 at 2025-05-24T20:50:43.311
Finished copy 377 at 2025-05-24T20:50:43.365
Finished copy 73 at 2025-05-24T20:50:44.465
Finished copy 526 at 2025-05-24T20:50:45.373
Finished copy 378 at 2025-05-24T20:50:45.915
Finished copy 227 at 2025-05-24T20:50:46.288
Finished copy 74 at 2025-05-24T20:50:47.603
Finished copy 527 at 2025-05-24T20:50:48.233
Finished copy 379 at 2025-05-24T20:50:48.635
Finished copy 228 at 2025-05-24T20:50:49.018
Finished copy 75 at 2025-05-24T20:50:50.252
Finished copy 528 at 2025-05-24T20:50:50.957
Finished copy 380 at 2025-05-24T20:50:51.279
Finished copy 229 at 2025-05-24T20:50:51.694
Finished copy 76 at 2025-05-24T20:50:52.757
Finished copy 529 at 2025-05-24T20:50:54.035
Finished copy 381 at 2025-05-24T20:50:54.335
Finished copy 230 at 2025-05-24T20:50:54.404
Finished copy 77 at 2025-05-24T20:50:55.644
Finished copy 382 at 2025-05-24T20:50:56.952
Finished copy 231 at 2025-05-24T20:50:56.972
Finished copy 530 at 2025-05-24T20:50:57.118
Finished copy 78 at 2025-05-24T20:50:59.112
Finished copy 383 at 2025-05-24T20:50:59.656
Finished copy 232 at 2025-05-24T20:50:59.900
Finished copy 531 at 2025-05-24T20:51:00.108
Finished copy 79 at 2025-05-24T20:51:01.950
Finished copy 233 at 2025-05-24T20:51:02.502
Finished copy 384 at 2025-05-24T20:51:02.740
Finished copy 532 at 2025-05-24T20:51:02.906
Finished copy 80 at 2025-05-24T20:51:05.213
Finished copy 234 at 2025-05-24T20:51:05.261
Finished copy 385 at 2025-05-24T20:51:05.739
Finished copy 533 at 2025-05-24T20:51:05.854
Finished copy 534 at 2025-05-24T20:51:08.247
Finished copy 81 at 2025-05-24T20:51:08.284
Finished copy 386 at 2025-05-24T20:51:08.288
Finished copy 235 at 2025-05-24T20:51:08.586
Finished copy 236 at 2025-05-24T20:51:11.269
Finished copy 82 at 2025-05-24T20:51:11.429
Finished copy 387 at 2025-05-24T20:51:11.533
Finished copy 535 at 2025-05-24T20:51:11.953
Finished copy 388 at 2025-05-24T20:51:14.235
Finished copy 83 at 2025-05-24T20:51:14.278
Finished copy 237 at 2025-05-24T20:51:14.391
Finished copy 536 at 2025-05-24T20:51:14.726
Finished copy 389 at 2025-05-24T20:51:16.792
Finished copy 238 at 2025-05-24T20:51:17.199
Finished copy 84 at 2025-05-24T20:51:17.234
Finished copy 537 at 2025-05-24T20:51:17.640
Finished copy 390 at 2025-05-24T20:51:19.486
Finished copy 239 at 2025-05-24T20:51:20.034
Finished copy 538 at 2025-05-24T20:51:20.310
Finished copy 85 at 2025-05-24T20:51:20.313
Finished copy 391 at 2025-05-24T20:51:22.014
Finished copy 86 at 2025-05-24T20:51:22.753
Finished copy 240 at 2025-05-24T20:51:22.871
Finished copy 539 at 2025-05-24T20:51:22.900
Finished copy 392 at 2025-05-24T20:51:24.897
Finished copy 241 at 2025-05-24T20:51:25.584
Finished copy 540 at 2025-05-24T20:51:25.670
Finished copy 87 at 2025-05-24T20:51:25.786
Finished copy 393 at 2025-05-24T20:51:27.564
Finished copy 88 at 2025-05-24T20:51:28.373
Finished copy 541 at 2025-05-24T20:51:28.616
Finished copy 242 at 2025-05-24T20:51:28.662
Finished copy 394 at 2025-05-24T20:51:30.310
Finished copy 243 at 2025-05-24T20:51:31.218
Finished copy 542 at 2025-05-24T20:51:31.250
Finished copy 89 at 2025-05-24T20:51:31.250
Finished copy 395 at 2025-05-24T20:51:32.612
Finished copy 543 at 2025-05-24T20:51:33.850
Finished copy 244 at 2025-05-24T20:51:34.132
Finished copy 90 at 2025-05-24T20:51:34.293
Finished copy 396 at 2025-05-24T20:51:35.295
Finished copy 544 at 2025-05-24T20:51:36.318
Finished copy 91 at 2025-05-24T20:51:37.004
Finished copy 245 at 2025-05-24T20:51:37.020
Finished copy 397 at 2025-05-24T20:51:38.048
Finished copy 545 at 2025-05-24T20:51:38.946
Finished copy 246 at 2025-05-24T20:51:39.548
Finished copy 92 at 2025-05-24T20:51:39.805
Finished copy 398 at 2025-05-24T20:51:40.910
Finished copy 546 at 2025-05-24T20:51:42.177
Finished copy 247 at 2025-05-24T20:51:42.647
Finished copy 93 at 2025-05-24T20:51:42.874
Finished copy 399 at 2025-05-24T20:51:43.736
Finished copy 547 at 2025-05-24T20:51:44.680
Finished copy 248 at 2025-05-24T20:51:45.681
Finished copy 94 at 2025-05-24T20:51:45.772
Finished copy 400 at 2025-05-24T20:51:46.623
Finished copy 548 at 2025-05-24T20:51:47.394
Finished copy 249 at 2025-05-24T20:51:48.595
Finished copy 95 at 2025-05-24T20:51:48.667
Finished copy 401 at 2025-05-24T20:51:49.691
Finished copy 549 at 2025-05-24T20:51:49.981
Finished copy 250 at 2025-05-24T20:51:51.144
Finished copy 402 at 2025-05-24T20:51:52.197
Finished copy 96 at 2025-05-24T20:51:52.204
Finished copy 550 at 2025-05-24T20:51:52.855
Finished copy 251 at 2025-05-24T20:51:54.003
Finished copy 403 at 2025-05-24T20:51:55.023
Finished copy 97 at 2025-05-24T20:51:55.241
Finished copy 551 at 2025-05-24T20:51:55.741
Finished copy 252 at 2025-05-24T20:51:57.036
Finished copy 404 at 2025-05-24T20:51:57.485
Finished copy 98 at 2025-05-24T20:51:57.611
Finished copy 552 at 2025-05-24T20:51:58.426
Finished copy 253 at 2025-05-24T20:51:59.817
Finished copy 405 at 2025-05-24T20:51:59.834
Finished copy 99 at 2025-05-24T20:52:00.558
Finished copy 553 at 2025-05-24T20:52:01.373
Finished copy 406 at 2025-05-24T20:52:02.702
Finished copy 254 at 2025-05-24T20:52:02.862
Finished copy 100 at 2025-05-24T20:52:03.639
Finished copy 554 at 2025-05-24T20:52:04.209
Finished copy 407 at 2025-05-24T20:52:05.445
Finished copy 255 at 2025-05-24T20:52:05.696
Finished copy 555 at 2025-05-24T20:52:06.706
Finished copy 101 at 2025-05-24T20:52:06.710
Finished copy 408 at 2025-05-24T20:52:07.789
Finished copy 256 at 2025-05-24T20:52:08.442
Finished copy 102 at 2025-05-24T20:52:09.389
Finished copy 556 at 2025-05-24T20:52:09.429
Finished copy 409 at 2025-05-24T20:52:10.694
Finished copy 257 at 2025-05-24T20:52:11.394
Finished copy 557 at 2025-05-24T20:52:12.242
Finished copy 103 at 2025-05-24T20:52:12.448
Finished copy 410 at 2025-05-24T20:52:13.992
Finished copy 258 at 2025-05-24T20:52:14.331
Finished copy 104 at 2025-05-24T20:52:15.024
Finished copy 558 at 2025-05-24T20:52:15.115
Finished copy 411 at 2025-05-24T20:52:16.786
Finished copy 259 at 2025-05-24T20:52:17.019
Finished copy 559 at 2025-05-24T20:52:17.571
Finished copy 105 at 2025-05-24T20:52:17.767
Finished copy 412 at 2025-05-24T20:52:19.405
Finished copy 260 at 2025-05-24T20:52:19.857
Finished copy 560 at 2025-05-24T20:52:20.257
Finished copy 106 at 2025-05-24T20:52:20.416
Finished copy 413 at 2025-05-24T20:52:22.341
Finished copy 261 at 2025-05-24T20:52:22.584
Finished copy 561 at 2025-05-24T20:52:23.120
Finished copy 107 at 2025-05-24T20:52:23.169
Finished copy 414 at 2025-05-24T20:52:24.925
Finished copy 262 at 2025-05-24T20:52:25.253
Finished copy 108 at 2025-05-24T20:52:25.855
Finished copy 562 at 2025-05-24T20:52:25.952
Finished copy 415 at 2025-05-24T20:52:27.699
Finished copy 263 at 2025-05-24T20:52:28.272
Finished copy 109 at 2025-05-24T20:52:28.761
Finished copy 563 at 2025-05-24T20:52:28.767
Finished copy 416 at 2025-05-24T20:52:30.477
Finished copy 264 at 2025-05-24T20:52:30.974
Finished copy 564 at 2025-05-24T20:52:31.554
Finished copy 110 at 2025-05-24T20:52:31.748
Finished copy 417 at 2025-05-24T20:52:33.340
Finished copy 265 at 2025-05-24T20:52:33.675
Finished copy 565 at 2025-05-24T20:52:34.274
Finished copy 111 at 2025-05-24T20:52:34.618
Finished copy 418 at 2025-05-24T20:52:36.372
Finished copy 266 at 2025-05-24T20:52:36.536
Finished copy 566 at 2025-05-24T20:52:36.725
Finished copy 112 at 2025-05-24T20:52:37.463
Finished copy 567 at 2025-05-24T20:52:39.233
Finished copy 267 at 2025-05-24T20:52:39.266
Finished copy 419 at 2025-05-24T20:52:39.754
Finished copy 113 at 2025-05-24T20:52:40.213
Finished copy 268 at 2025-05-24T20:52:41.722
Finished copy 568 at 2025-05-24T20:52:41.852
Finished copy 420 at 2025-05-24T20:52:42.529
Finished copy 114 at 2025-05-24T20:52:42.782
Finished copy 269 at 2025-05-24T20:52:44.286
Finished copy 569 at 2025-05-24T20:52:44.338
Finished copy 421 at 2025-05-24T20:52:45.190
Finished copy 115 at 2025-05-24T20:52:45.518
Finished copy 570 at 2025-05-24T20:52:46.793
Finished copy 270 at 2025-05-24T20:52:46.950
Finished copy 422 at 2025-05-24T20:52:47.692
Finished copy 116 at 2025-05-24T20:52:48.579
Finished copy 571 at 2025-05-24T20:52:49.521
Finished copy 271 at 2025-05-24T20:52:49.852
Finished copy 423 at 2025-05-24T20:52:50.461
Finished copy 117 at 2025-05-24T20:52:51.189
Finished copy 572 at 2025-05-24T20:52:52.054
Finished copy 272 at 2025-05-24T20:52:52.577
Finished copy 424 at 2025-05-24T20:52:53.528
Finished copy 118 at 2025-05-24T20:52:54.135
Finished copy 573 at 2025-05-24T20:52:54.822
Finished copy 273 at 2025-05-24T20:52:55.269
Finished copy 425 at 2025-05-24T20:52:56.020
Finished copy 119 at 2025-05-24T20:52:57.207
Finished copy 574 at 2025-05-24T20:52:57.694
Finished copy 274 at 2025-05-24T20:52:58.010
Finished copy 426 at 2025-05-24T20:52:58.742
Finished copy 120 at 2025-05-24T20:52:59.854
Finished copy 575 at 2025-05-24T20:53:00.436
Finished copy 275 at 2025-05-24T20:53:00.515
Finished copy 427 at 2025-05-24T20:53:01.319
Finished copy 576 at 2025-05-24T20:53:02.823
Finished copy 121 at 2025-05-24T20:53:02.868
Finished copy 276 at 2025-05-24T20:53:03.534
Finished copy 428 at 2025-05-24T20:53:03.680
Finished copy 122 at 2025-05-24T20:53:05.524
Finished copy 577 at 2025-05-24T20:53:05.564
Finished copy 429 at 2025-05-24T20:53:06.324
Finished copy 277 at 2025-05-24T20:53:06.444
Finished copy 578 at 2025-05-24T20:53:08.167
Finished copy 123 at 2025-05-24T20:53:08.474
Finished copy 430 at 2025-05-24T20:53:09.182
Finished copy 278 at 2025-05-24T20:53:09.389
Finished copy 579 at 2025-05-24T20:53:10.723
Finished copy 124 at 2025-05-24T20:53:11.418
Finished copy 431 at 2025-05-24T20:53:11.993
Finished copy 279 at 2025-05-24T20:53:12.114
Finished copy 580 at 2025-05-24T20:53:13.553
Finished copy 125 at 2025-05-24T20:53:14.438
Finished copy 432 at 2025-05-24T20:53:14.806
Finished copy 280 at 2025-05-24T20:53:14.928
Finished copy 581 at 2025-05-24T20:53:16.411
Finished copy 126 at 2025-05-24T20:53:16.969
Finished copy 281 at 2025-05-24T20:53:17.576
Finished copy 433 at 2025-05-24T20:53:17.591
Finished copy 582 at 2025-05-24T20:53:18.856
Finished copy 127 at 2025-05-24T20:53:19.868
Finished copy 282 at 2025-05-24T20:53:20.430
Finished copy 434 at 2025-05-24T20:53:20.589
Finished copy 583 at 2025-05-24T20:53:21.787
Finished copy 128 at 2025-05-24T20:53:22.847
Finished copy 283 at 2025-05-24T20:53:23.036
Finished copy 435 at 2025-05-24T20:53:23.399
Finished copy 584 at 2025-05-24T20:53:24.664
Finished copy 129 at 2025-05-24T20:53:25.446
Finished copy 436 at 2025-05-24T20:53:26.060
Finished copy 284 at 2025-05-24T20:53:26.098
Finished copy 585 at 2025-05-24T20:53:27.194
Finished copy 130 at 2025-05-24T20:53:28.170
Finished copy 285 at 2025-05-24T20:53:28.664
Finished copy 437 at 2025-05-24T20:53:29.023
Finished copy 586 at 2025-05-24T20:53:30.056
Finished copy 131 at 2025-05-24T20:53:30.988
Finished copy 286 at 2025-05-24T20:53:31.524
Finished copy 438 at 2025-05-24T20:53:31.793
Finished copy 587 at 2025-05-24T20:53:32.868
Finished copy 132 at 2025-05-24T20:53:33.850
Finished copy 287 at 2025-05-24T20:53:34.242
Finished copy 439 at 2025-05-24T20:53:34.655
Finished copy 588 at 2025-05-24T20:53:35.678
Finished copy 288 at 2025-05-24T20:53:36.931
Finished copy 133 at 2025-05-24T20:53:36.977
Finished copy 440 at 2025-05-24T20:53:37.127
Finished copy 589 at 2025-05-24T20:53:38.357
Finished copy 134 at 2025-05-24T20:53:39.655
Finished copy 289 at 2025-05-24T20:53:39.703
Finished copy 441 at 2025-05-24T20:53:39.865
Finished copy 590 at 2025-05-24T20:53:41.293
Finished copy 135 at 2025-05-24T20:53:42.380
Finished copy 290 at 2025-05-24T20:53:42.660
Finished copy 442 at 2025-05-24T20:53:43.272
Finished copy 591 at 2025-05-24T20:53:43.968
Finished copy 136 at 2025-05-24T20:53:45.290
Finished copy 291 at 2025-05-24T20:53:45.466
Finished copy 443 at 2025-05-24T20:53:45.830
Finished copy 592 at 2025-05-24T20:53:47.042
Finished copy 137 at 2025-05-24T20:53:47.817
Finished copy 292 at 2025-05-24T20:53:48.133
Finished copy 444 at 2025-05-24T20:53:48.908
Finished copy 593 at 2025-05-24T20:53:50.004
Finished copy 138 at 2025-05-24T20:53:50.588
Finished copy 293 at 2025-05-24T20:53:50.624
Finished copy 445 at 2025-05-24T20:53:52.054
Finished copy 594 at 2025-05-24T20:53:52.851
Finished copy 294 at 2025-05-24T20:53:53.675
Finished copy 139 at 2025-05-24T20:53:53.679
Finished copy 446 at 2025-05-24T20:53:54.521
Finished copy 595 at 2025-05-24T20:53:55.301
Finished copy 295 at 2025-05-24T20:53:56.217
Finished copy 140 at 2025-05-24T20:53:56.309
Finished copy 447 at 2025-05-24T20:53:57.287
Finished copy 596 at 2025-05-24T20:53:57.965
Finished copy 141 at 2025-05-24T20:53:58.895
Finished copy 296 at 2025-05-24T20:53:58.913
Finished copy 448 at 2025-05-24T20:54:00.077
Finished copy 597 at 2025-05-24T20:54:00.602
Finished copy 297 at 2025-05-24T20:54:01.446
Finished copy 142 at 2025-05-24T20:54:01.786
Finished copy 449 at 2025-05-24T20:54:02.796
Finished copy 598 at 2025-05-24T20:54:03.330
Finished copy 298 at 2025-05-24T20:54:04.219
Finished copy 143 at 2025-05-24T20:54:04.731
Finished copy 450 at 2025-05-24T20:54:05.475
Finished copy 599 at 2025-05-24T20:54:06.353
Finished copy 299 at 2025-05-24T20:54:06.697
Finished copy 144 at 2025-05-24T20:54:07.882
Finished copy 600 at 2025-05-24T20:54:08.615
Finished copy 300 at 2025-05-24T20:54:08.723
Finished copy 145 at 2025-05-24T20:54:10.281
Finished copy 146 at 2025-05-24T20:54:12.413
Finished copy 147 at 2025-05-24T20:54:14.729
Finished copy 148 at 2025-05-24T20:54:16.647
Finished copy 149 at 2025-05-24T20:54:18.734
Finished copy 150 at 2025-05-24T20:54:20.888
