Starting saddles simulation at 2025-05-25T04:34:41.735
Lattice size: 45
Beta values: [0.1, 0.10279944599549397, 0.10567726096980483, 0.10863563882017176, 0.11167683486080235, 0.11480316754220751, 0.1180170202186681, 0.1213208429651809, 0.12471715444526921, 0.12820854383108135, 0.1317976727772417, 0.13548727744995842, 0.13928017061293513, 0.14317924377167612, 0.14718746937782085, 0.15130790309518719, 0.15554368612925135, 0.15989804762184037, 0.16437430711286308, 0.16897587707095507, 0.17370626549496876, 0.1785690785882898, 0.18356802350802015, 0.1887069111911229, 0.19398965925968314, 0.19942029500750083, 0.20500295847029057, 0.21074190558183128, 0.21664151141846955, 0.22270627353445155, 0.22894081539062563, 0.23534988987912978, 0.2419383829467506, 0.24871131731971624, 0.25567385633276335, 0.26283130786539594, 0.2701891283883382, 0.27775292712326566, 0.2855284703189852, 0.2935216856473252, 0.3017386667220857, 0.3101856777444941, 0.3188691582787082, 0.3277957281610069, 0.3369721925464105, 0.3464055470965792, 0.3561029833129435, 0.36607189401913226, 0.3763198789968798, 0.3868547507797058, 0.39768454060878644, 0.4088175045555577, 0.4202621298157168, 0.4320271411794205, 0.4441215076826148, 0.4565544494445634, 0.46933544469678873, 0.48247423700878694, 0.49598084271601944, 0.5098655585558504, 0.5241389695172453, 0.5388119569102191, 0.553895706661185, 0.5694017178405246, 0.5853418114288852, 0.601728139328883, 0.6185731936290858, 0.6358898161273345, 0.6536912081206652, 0.6719909404692954, 0.6908029639423454, 0.710141619853183, 0.730021650992499, 0.7504582128674476, 0.7714668852554213, 0.7930636840812662, 0.815265073626996, 0.8380879790833082, 0.8615497994524721, 0.885668420812431, 0.9104622299522194, 0.9359501283891019, 0.9621515467781114, 0.9890864597249744, 1.0167754010137187, 1.045239479260565, 1.0745003940060471, 1.1045804522576164, 1.1355025854953513, 1.1672903671537318, 1.1999680305928035, 1.2335604875724422, 1.2680933472437848, 1.3035929356723266, 1.3400863159075478, 1.3776013086143843, 1.4161665132822627, 1.4558113300278694, 1.4965659820082826, 1.5384615384615383]
Copies: 600
Move type: l chain flip
----------------------------------
Finished copy 451 at 2025-05-25T04:34:55.890
Finished copy 301 at 2025-05-25T04:34:57.282
Finished copy 151 at 2025-05-25T04:34:58.780
Finished copy 1 at 2025-05-25T04:35:02.213
Finished copy 452 at 2025-05-25T04:35:10.878
Finished copy 152 at 2025-05-25T04:35:13.156
Finished copy 302 at 2025-05-25T04:35:13.377
Finished copy 2 at 2025-05-25T04:35:21.653
Finished copy 453 at 2025-05-25T04:35:25.648
Finished copy 153 at 2025-05-25T04:35:29.681
Finished copy 303 at 2025-05-25T04:35:29.852
Finished copy 3 at 2025-05-25T04:35:40.032
Finished copy 454 at 2025-05-25T04:35:42.386
Finished copy 304 at 2025-05-25T04:35:44.464
Finished copy 154 at 2025-05-25T04:35:45.131
Finished copy 455 at 2025-05-25T04:35:56.620
Finished copy 4 at 2025-05-25T04:36:00.073
Finished copy 155 at 2025-05-25T04:36:01.030
Finished copy 305 at 2025-05-25T04:36:03.880
Finished copy 456 at 2025-05-25T04:36:11.972
Finished copy 156 at 2025-05-25T04:36:16.423
Finished copy 5 at 2025-05-25T04:36:17.969
Finished copy 306 at 2025-05-25T04:36:19.213
Finished copy 457 at 2025-05-25T04:36:26.044
Finished copy 307 at 2025-05-25T04:36:34
Finished copy 6 at 2025-05-25T04:36:36.995
Finished copy 157 at 2025-05-25T04:36:38.068
Finished copy 458 at 2025-05-25T04:36:42.578
Finished copy 308 at 2025-05-25T04:36:51.231
Finished copy 158 at 2025-05-25T04:36:54.919
Finished copy 7 at 2025-05-25T04:36:56.820
Finished copy 459 at 2025-05-25T04:37:00.501
Finished copy 309 at 2025-05-25T04:37:06.160
Finished copy 159 at 2025-05-25T04:37:11.026
Finished copy 460 at 2025-05-25T04:37:15.383
Finished copy 8 at 2025-05-25T04:37:15.759
Finished copy 310 at 2025-05-25T04:37:24.817
Finished copy 160 at 2025-05-25T04:37:25.935
Finished copy 461 at 2025-05-25T04:37:30.766
Finished copy 9 at 2025-05-25T04:37:39.230
Finished copy 311 at 2025-05-25T04:37:39.379
Finished copy 161 at 2025-05-25T04:37:41.675
Finished copy 462 at 2025-05-25T04:37:46.654
Finished copy 312 at 2025-05-25T04:37:54.591
Finished copy 162 at 2025-05-25T04:37:57.429
Finished copy 10 at 2025-05-25T04:38:01.971
Finished copy 463 at 2025-05-25T04:38:04.498
Finished copy 313 at 2025-05-25T04:38:11.215
Finished copy 163 at 2025-05-25T04:38:12.392
Finished copy 464 at 2025-05-25T04:38:21.249
Finished copy 11 at 2025-05-25T04:38:22.134
Finished copy 314 at 2025-05-25T04:38:27.440
Finished copy 164 at 2025-05-25T04:38:28.756
Finished copy 465 at 2025-05-25T04:38:35.778
Finished copy 12 at 2025-05-25T04:38:40.868
Finished copy 315 at 2025-05-25T04:38:42.719
Finished copy 165 at 2025-05-25T04:38:42.834
Finished copy 466 at 2025-05-25T04:38:50.642
Finished copy 316 at 2025-05-25T04:38:57.231
Finished copy 166 at 2025-05-25T04:38:57.352
Finished copy 13 at 2025-05-25T04:39:06.757
Finished copy 467 at 2025-05-25T04:39:06.770
Finished copy 167 at 2025-05-25T04:39:19.307
Finished copy 317 at 2025-05-25T04:39:19.511
Finished copy 468 at 2025-05-25T04:39:23.550
Finished copy 14 at 2025-05-25T04:39:28.540
Finished copy 168 at 2025-05-25T04:39:33.746
Finished copy 318 at 2025-05-25T04:39:35.481
Finished copy 469 at 2025-05-25T04:39:40.612
Finished copy 169 at 2025-05-25T04:39:48.938
Finished copy 15 at 2025-05-25T04:39:49.033
Finished copy 319 at 2025-05-25T04:39:52.370
Finished copy 470 at 2025-05-25T04:39:56.965
Finished copy 170 at 2025-05-25T04:40:04.500
Finished copy 16 at 2025-05-25T04:40:06.547
Finished copy 320 at 2025-05-25T04:40:07.572
Finished copy 471 at 2025-05-25T04:40:12.424
Finished copy 171 at 2025-05-25T04:40:20.113
Finished copy 321 at 2025-05-25T04:40:22.617
Finished copy 472 at 2025-05-25T04:40:25.868
Finished copy 17 at 2025-05-25T04:40:27.563
Finished copy 172 at 2025-05-25T04:40:37.266
Finished copy 322 at 2025-05-25T04:40:40.412
Finished copy 473 at 2025-05-25T04:40:43.173
Finished copy 18 at 2025-05-25T04:40:48.127
Finished copy 173 at 2025-05-25T04:40:51.872
Finished copy 323 at 2025-05-25T04:40:55.361
Finished copy 474 at 2025-05-25T04:40:58.691
Finished copy 174 at 2025-05-25T04:41:06.742
Finished copy 19 at 2025-05-25T04:41:07.090
Finished copy 324 at 2025-05-25T04:41:10.817
Finished copy 475 at 2025-05-25T04:41:16.118
Finished copy 175 at 2025-05-25T04:41:23.617
Finished copy 325 at 2025-05-25T04:41:26.165
Finished copy 20 at 2025-05-25T04:41:26.791
Finished copy 476 at 2025-05-25T04:41:30.314
Finished copy 326 at 2025-05-25T04:41:40.327
Finished copy 176 at 2025-05-25T04:41:40.558
Finished copy 477 at 2025-05-25T04:41:45.538
Finished copy 21 at 2025-05-25T04:41:48.955
Finished copy 177 at 2025-05-25T04:41:56.862
Finished copy 327 at 2025-05-25T04:41:57.146
Finished copy 478 at 2025-05-25T04:42:01.232
Finished copy 22 at 2025-05-25T04:42:06.633
Finished copy 178 at 2025-05-25T04:42:13.539
Finished copy 328 at 2025-05-25T04:42:14.865
Finished copy 479 at 2025-05-25T04:42:17.681
Finished copy 23 at 2025-05-25T04:42:28.148
Finished copy 179 at 2025-05-25T04:42:29.099
Finished copy 329 at 2025-05-25T04:42:31.155
Finished copy 480 at 2025-05-25T04:42:33.010
Finished copy 180 at 2025-05-25T04:42:44.871
Finished copy 24 at 2025-05-25T04:42:46.709
Finished copy 330 at 2025-05-25T04:42:47.124
Finished copy 481 at 2025-05-25T04:42:47.907
Finished copy 181 at 2025-05-25T04:43:01.432
Finished copy 331 at 2025-05-25T04:43:03.313
Finished copy 482 at 2025-05-25T04:43:03.806
Finished copy 25 at 2025-05-25T04:43:06.929
Finished copy 182 at 2025-05-25T04:43:16.900
Finished copy 332 at 2025-05-25T04:43:19.880
Finished copy 483 at 2025-05-25T04:43:22.776
Finished copy 26 at 2025-05-25T04:43:28.244
Finished copy 183 at 2025-05-25T04:43:32.695
Finished copy 333 at 2025-05-25T04:43:38.219
Finished copy 484 at 2025-05-25T04:43:46.718
Finished copy 184 at 2025-05-25T04:43:47.222
Finished copy 27 at 2025-05-25T04:43:49.371
Finished copy 334 at 2025-05-25T04:43:55.394
Finished copy 185 at 2025-05-25T04:44:03.656
Finished copy 485 at 2025-05-25T04:44:03.938
Finished copy 335 at 2025-05-25T04:44:12.368
Finished copy 28 at 2025-05-25T04:44:15.628
Finished copy 186 at 2025-05-25T04:44:20.589
Finished copy 486 at 2025-05-25T04:44:21.274
Finished copy 336 at 2025-05-25T04:44:28.533
Finished copy 187 at 2025-05-25T04:44:35.421
Finished copy 487 at 2025-05-25T04:44:36.982
Finished copy 29 at 2025-05-25T04:44:37.134
Finished copy 337 at 2025-05-25T04:44:43.512
Finished copy 188 at 2025-05-25T04:44:50.617
Finished copy 488 at 2025-05-25T04:44:51.354
Finished copy 30 at 2025-05-25T04:44:55.617
Finished copy 338 at 2025-05-25T04:44:58.696
Finished copy 189 at 2025-05-25T04:45:05.533
Finished copy 489 at 2025-05-25T04:45:07.750
Finished copy 339 at 2025-05-25T04:45:13.069
Finished copy 31 at 2025-05-25T04:45:14.085
Finished copy 190 at 2025-05-25T04:45:23.238
Finished copy 490 at 2025-05-25T04:45:24.290
Finished copy 340 at 2025-05-25T04:45:28.979
Finished copy 32 at 2025-05-25T04:45:32.595
Finished copy 491 at 2025-05-25T04:45:38.436
Finished copy 191 at 2025-05-25T04:45:39.423
Finished copy 341 at 2025-05-25T04:45:50.822
Finished copy 492 at 2025-05-25T04:45:53.927
Finished copy 33 at 2025-05-25T04:45:54.088
Finished copy 192 at 2025-05-25T04:45:54.199
Finished copy 342 at 2025-05-25T04:46:05.600
Finished copy 193 at 2025-05-25T04:46:08.934
Finished copy 493 at 2025-05-25T04:46:09.063
Finished copy 34 at 2025-05-25T04:46:14.240
Finished copy 343 at 2025-05-25T04:46:23.329
Finished copy 194 at 2025-05-25T04:46:24.332
Finished copy 494 at 2025-05-25T04:46:24.332
Finished copy 35 at 2025-05-25T04:46:34.478
Finished copy 495 at 2025-05-25T04:46:39.169
Finished copy 195 at 2025-05-25T04:46:39.441
Finished copy 344 at 2025-05-25T04:46:39.458
Finished copy 36 at 2025-05-25T04:46:53.621
Finished copy 496 at 2025-05-25T04:46:54.588
Finished copy 345 at 2025-05-25T04:46:54.686
Finished copy 196 at 2025-05-25T04:46:55.227
Finished copy 346 at 2025-05-25T04:47:10.348
Finished copy 197 at 2025-05-25T04:47:10.724
Finished copy 497 at 2025-05-25T04:47:13.739
Finished copy 37 at 2025-05-25T04:47:14.154
Finished copy 347 at 2025-05-25T04:47:25.941
Finished copy 198 at 2025-05-25T04:47:27.971
Finished copy 498 at 2025-05-25T04:47:31.513
Finished copy 38 at 2025-05-25T04:47:38.070
Finished copy 348 at 2025-05-25T04:47:40.729
Finished copy 199 at 2025-05-25T04:47:45.157
Finished copy 499 at 2025-05-25T04:47:47.287
Finished copy 349 at 2025-05-25T04:47:54.563
Finished copy 39 at 2025-05-25T04:47:58.955
Finished copy 200 at 2025-05-25T04:48:01.265
Finished copy 500 at 2025-05-25T04:48:02.561
Finished copy 350 at 2025-05-25T04:48:09.306
Finished copy 201 at 2025-05-25T04:48:16.582
Finished copy 501 at 2025-05-25T04:48:19.440
Finished copy 40 at 2025-05-25T04:48:20.710
Finished copy 351 at 2025-05-25T04:48:27.427
Finished copy 202 at 2025-05-25T04:48:33.021
Finished copy 502 at 2025-05-25T04:48:35.956
Finished copy 41 at 2025-05-25T04:48:41.048
Finished copy 352 at 2025-05-25T04:48:43.601
Finished copy 203 at 2025-05-25T04:48:47.844
Finished copy 503 at 2025-05-25T04:48:51.177
Finished copy 353 at 2025-05-25T04:48:58.687
Finished copy 42 at 2025-05-25T04:49:00.063
Finished copy 204 at 2025-05-25T04:49:03.962
Finished copy 504 at 2025-05-25T04:49:06.369
Finished copy 354 at 2025-05-25T04:49:14.388
Finished copy 205 at 2025-05-25T04:49:19.368
Finished copy 43 at 2025-05-25T04:49:20.093
Finished copy 505 at 2025-05-25T04:49:21.943
Finished copy 355 at 2025-05-25T04:49:30.121
Finished copy 206 at 2025-05-25T04:49:34.579
Finished copy 506 at 2025-05-25T04:49:38.878
Finished copy 44 at 2025-05-25T04:49:41.020
Finished copy 356 at 2025-05-25T04:49:46.111
Finished copy 207 at 2025-05-25T04:49:50.572
Finished copy 507 at 2025-05-25T04:49:55.249
Finished copy 45 at 2025-05-25T04:50:01.224
Finished copy 357 at 2025-05-25T04:50:03.747
Finished copy 208 at 2025-05-25T04:50:07.794
Finished copy 508 at 2025-05-25T04:50:11.943
Finished copy 46 at 2025-05-25T04:50:20.033
Finished copy 358 at 2025-05-25T04:50:20.319
Finished copy 209 at 2025-05-25T04:50:22.661
Finished copy 509 at 2025-05-25T04:50:27.427
Finished copy 359 at 2025-05-25T04:50:34.599
Finished copy 210 at 2025-05-25T04:50:38.532
Finished copy 47 at 2025-05-25T04:50:40.097
Finished copy 510 at 2025-05-25T04:50:41.375
Finished copy 360 at 2025-05-25T04:50:51.218
Finished copy 211 at 2025-05-25T04:50:55.558
Finished copy 511 at 2025-05-25T04:50:55.916
Finished copy 48 at 2025-05-25T04:51:00.266
Finished copy 361 at 2025-05-25T04:51:05.887
Finished copy 212 at 2025-05-25T04:51:10.631
Finished copy 512 at 2025-05-25T04:51:11.022
Finished copy 49 at 2025-05-25T04:51:20.752
Finished copy 362 at 2025-05-25T04:51:21.004
Finished copy 513 at 2025-05-25T04:51:27.080
Finished copy 213 at 2025-05-25T04:51:27.295
Finished copy 363 at 2025-05-25T04:51:37.161
Finished copy 50 at 2025-05-25T04:51:41.660
Finished copy 214 at 2025-05-25T04:51:42.256
Finished copy 514 at 2025-05-25T04:51:42.367
Finished copy 364 at 2025-05-25T04:51:51.932
Finished copy 215 at 2025-05-25T04:51:57.766
Finished copy 515 at 2025-05-25T04:51:58.443
Finished copy 51 at 2025-05-25T04:52:05.083
Finished copy 365 at 2025-05-25T04:52:07.104
Finished copy 516 at 2025-05-25T04:52:13.978
Finished copy 216 at 2025-05-25T04:52:14.150
Finished copy 366 at 2025-05-25T04:52:22.433
Finished copy 52 at 2025-05-25T04:52:26.576
Finished copy 217 at 2025-05-25T04:52:29.858
Finished copy 517 at 2025-05-25T04:52:31.554
Finished copy 367 at 2025-05-25T04:52:38.432
Finished copy 53 at 2025-05-25T04:52:43.919
Finished copy 218 at 2025-05-25T04:52:45.818
Finished copy 518 at 2025-05-25T04:52:47.544
Finished copy 368 at 2025-05-25T04:52:52.758
Finished copy 219 at 2025-05-25T04:53:02.255
Finished copy 519 at 2025-05-25T04:53:05.332
Finished copy 54 at 2025-05-25T04:53:05.672
Finished copy 369 at 2025-05-25T04:53:09.092
Finished copy 220 at 2025-05-25T04:53:18.084
Finished copy 520 at 2025-05-25T04:53:22.053
Finished copy 370 at 2025-05-25T04:53:24.214
Finished copy 55 at 2025-05-25T04:53:24.710
Finished copy 521 at 2025-05-25T04:53:37.146
Finished copy 221 at 2025-05-25T04:53:37.296
Finished copy 371 at 2025-05-25T04:53:38.382
Finished copy 56 at 2025-05-25T04:53:43.510
Finished copy 222 at 2025-05-25T04:53:51.530
Finished copy 522 at 2025-05-25T04:53:52.661
Finished copy 372 at 2025-05-25T04:53:53.592
Finished copy 57 at 2025-05-25T04:54:07.281
Finished copy 223 at 2025-05-25T04:54:08.061
Finished copy 373 at 2025-05-25T04:54:08.349
Finished copy 523 at 2025-05-25T04:54:10.204
Finished copy 224 at 2025-05-25T04:54:23.972
Finished copy 524 at 2025-05-25T04:54:25.132
Finished copy 374 at 2025-05-25T04:54:25.456
Finished copy 58 at 2025-05-25T04:54:26.624
Finished copy 375 at 2025-05-25T04:54:40.729
Finished copy 225 at 2025-05-25T04:54:41.004
Finished copy 525 at 2025-05-25T04:54:41.556
Finished copy 59 at 2025-05-25T04:54:46.136
Finished copy 226 at 2025-05-25T04:54:55.807
Finished copy 526 at 2025-05-25T04:54:57.425
Finished copy 376 at 2025-05-25T04:54:58.388
Finished copy 60 at 2025-05-25T04:55:06.988
Finished copy 227 at 2025-05-25T04:55:11.339
Finished copy 527 at 2025-05-25T04:55:12.504
Finished copy 377 at 2025-05-25T04:55:12.661
Finished copy 228 at 2025-05-25T04:55:26.070
Finished copy 378 at 2025-05-25T04:55:27.743
Finished copy 528 at 2025-05-25T04:55:32.076
Finished copy 61 at 2025-05-25T04:55:35.476
Finished copy 229 at 2025-05-25T04:55:41.816
Finished copy 379 at 2025-05-25T04:55:44.008
Finished copy 529 at 2025-05-25T04:55:50.438
Finished copy 230 at 2025-05-25T04:55:57.594
Finished copy 380 at 2025-05-25T04:55:59.248
Finished copy 62 at 2025-05-25T04:56:05.406
Finished copy 530 at 2025-05-25T04:56:05.449
Finished copy 381 at 2025-05-25T04:56:14.371
Finished copy 231 at 2025-05-25T04:56:15.358
Finished copy 531 at 2025-05-25T04:56:21.381
Finished copy 63 at 2025-05-25T04:56:26.553
Finished copy 382 at 2025-05-25T04:56:31.022
Finished copy 232 at 2025-05-25T04:56:32.484
Finished copy 532 at 2025-05-25T04:56:39.942
Finished copy 233 at 2025-05-25T04:56:47.208
Finished copy 383 at 2025-05-25T04:56:47.688
Finished copy 64 at 2025-05-25T04:56:47.862
Finished copy 533 at 2025-05-25T04:56:56.080
Finished copy 234 at 2025-05-25T04:57:01.596
Finished copy 384 at 2025-05-25T04:57:02.971
Finished copy 534 at 2025-05-25T04:57:11.253
Finished copy 65 at 2025-05-25T04:57:14.557
Finished copy 385 at 2025-05-25T04:57:19.158
Finished copy 235 at 2025-05-25T04:57:19.260
Finished copy 535 at 2025-05-25T04:57:27.350
Finished copy 66 at 2025-05-25T04:57:34.375
Finished copy 236 at 2025-05-25T04:57:35.339
Finished copy 386 at 2025-05-25T04:57:35.550
Finished copy 536 at 2025-05-25T04:57:42.359
Finished copy 387 at 2025-05-25T04:57:51.035
Finished copy 237 at 2025-05-25T04:57:51.293
Finished copy 67 at 2025-05-25T04:57:53.372
Finished copy 537 at 2025-05-25T04:57:57.302
Finished copy 388 at 2025-05-25T04:58:05.894
Finished copy 238 at 2025-05-25T04:58:11.843
Finished copy 68 at 2025-05-25T04:58:11.911
Finished copy 538 at 2025-05-25T04:58:13.003
Finished copy 389 at 2025-05-25T04:58:21.854
Finished copy 239 at 2025-05-25T04:58:27.427
Finished copy 69 at 2025-05-25T04:58:32.591
Finished copy 539 at 2025-05-25T04:58:32.707
Finished copy 390 at 2025-05-25T04:58:38.185
Finished copy 240 at 2025-05-25T04:58:42.293
Finished copy 540 at 2025-05-25T04:58:47.315
Finished copy 70 at 2025-05-25T04:58:52.087
Finished copy 391 at 2025-05-25T04:58:55.498
Finished copy 241 at 2025-05-25T04:58:58.632
Finished copy 541 at 2025-05-25T04:59:01.900
Finished copy 392 at 2025-05-25T04:59:11.028
Finished copy 71 at 2025-05-25T04:59:12.437
Finished copy 242 at 2025-05-25T04:59:13.661
Finished copy 542 at 2025-05-25T04:59:17.308
Finished copy 393 at 2025-05-25T04:59:27.744
Finished copy 243 at 2025-05-25T04:59:29.300
Finished copy 72 at 2025-05-25T04:59:33.283
Finished copy 543 at 2025-05-25T04:59:33.994
Finished copy 394 at 2025-05-25T04:59:43.691
Finished copy 244 at 2025-05-25T04:59:44.660
Finished copy 544 at 2025-05-25T04:59:50.238
Finished copy 73 at 2025-05-25T05:00:00.489
Finished copy 395 at 2025-05-25T05:00:01.896
Finished copy 245 at 2025-05-25T05:00:02.180
Finished copy 545 at 2025-05-25T05:00:06.135
Finished copy 246 at 2025-05-25T05:00:16.848
Finished copy 396 at 2025-05-25T05:00:17.375
Finished copy 74 at 2025-05-25T05:00:20.730
Finished copy 546 at 2025-05-25T05:00:21.690
Finished copy 247 at 2025-05-25T05:00:31.811
Finished copy 397 at 2025-05-25T05:00:33.172
Finished copy 547 at 2025-05-25T05:00:37.803
Finished copy 75 at 2025-05-25T05:00:40.153
Finished copy 248 at 2025-05-25T05:00:47.660
Finished copy 398 at 2025-05-25T05:00:49.130
Finished copy 548 at 2025-05-25T05:00:54.896
Finished copy 76 at 2025-05-25T05:01:01.729
Finished copy 249 at 2025-05-25T05:01:05.937
Finished copy 399 at 2025-05-25T05:01:06.761
Finished copy 549 at 2025-05-25T05:01:10.309
Finished copy 77 at 2025-05-25T05:01:22.306
Finished copy 250 at 2025-05-25T05:01:22.363
Finished copy 400 at 2025-05-25T05:01:22.407
Finished copy 550 at 2025-05-25T05:01:26.674
Finished copy 251 at 2025-05-25T05:01:37.036
Finished copy 401 at 2025-05-25T05:01:37.978
Finished copy 78 at 2025-05-25T05:01:41.241
Finished copy 551 at 2025-05-25T05:01:43.725
Finished copy 252 at 2025-05-25T05:01:51.532
Finished copy 402 at 2025-05-25T05:01:53.608
Finished copy 552 at 2025-05-25T05:01:59.801
Finished copy 79 at 2025-05-25T05:02:00.195
Finished copy 403 at 2025-05-25T05:02:08.553
Finished copy 253 at 2025-05-25T05:02:08.954
Finished copy 553 at 2025-05-25T05:02:16.275
Finished copy 80 at 2025-05-25T05:02:22.044
Finished copy 404 at 2025-05-25T05:02:23.828
Finished copy 254 at 2025-05-25T05:02:24.199
Finished copy 554 at 2025-05-25T05:02:31.780
Finished copy 405 at 2025-05-25T05:02:39.053
Finished copy 255 at 2025-05-25T05:02:39.122
Finished copy 81 at 2025-05-25T05:02:41.993
Finished copy 555 at 2025-05-25T05:02:47.217
Finished copy 406 at 2025-05-25T05:02:54.438
Finished copy 256 at 2025-05-25T05:02:54.632
Finished copy 82 at 2025-05-25T05:03:00.800
Finished copy 556 at 2025-05-25T05:03:01.537
Finished copy 257 at 2025-05-25T05:03:09.701
Finished copy 407 at 2025-05-25T05:03:12.269
Finished copy 557 at 2025-05-25T05:03:16.354
Finished copy 83 at 2025-05-25T05:03:20.426
Finished copy 408 at 2025-05-25T05:03:27.245
Finished copy 258 at 2025-05-25T05:03:27.699
Finished copy 558 at 2025-05-25T05:03:31.601
Finished copy 84 at 2025-05-25T05:03:41.678
Finished copy 259 at 2025-05-25T05:03:42.301
Finished copy 409 at 2025-05-25T05:03:45.434
Finished copy 559 at 2025-05-25T05:03:47.021
Finished copy 260 at 2025-05-25T05:03:59.085
Finished copy 410 at 2025-05-25T05:04:01.227
Finished copy 560 at 2025-05-25T05:04:03.025
Finished copy 85 at 2025-05-25T05:04:04.468
Finished copy 261 at 2025-05-25T05:04:14.693
Finished copy 561 at 2025-05-25T05:04:17.707
Finished copy 411 at 2025-05-25T05:04:19.282
Finished copy 86 at 2025-05-25T05:04:25.211
Finished copy 262 at 2025-05-25T05:04:29.600
Finished copy 562 at 2025-05-25T05:04:32.829
Finished copy 412 at 2025-05-25T05:04:34.736
Finished copy 87 at 2025-05-25T05:04:44.108
Finished copy 263 at 2025-05-25T05:04:45.604
Finished copy 563 at 2025-05-25T05:04:47.024
Finished copy 413 at 2025-05-25T05:04:50.847
Finished copy 264 at 2025-05-25T05:05:00.294
Finished copy 564 at 2025-05-25T05:05:02.590
Finished copy 88 at 2025-05-25T05:05:03.485
Finished copy 414 at 2025-05-25T05:05:06.721
Finished copy 265 at 2025-05-25T05:05:17.485
Finished copy 565 at 2025-05-25T05:05:21.089
Finished copy 415 at 2025-05-25T05:05:22.228
Finished copy 89 at 2025-05-25T05:05:23.122
Finished copy 266 at 2025-05-25T05:05:33.323
Finished copy 566 at 2025-05-25T05:05:37.550
Finished copy 416 at 2025-05-25T05:05:38.356
Finished copy 90 at 2025-05-25T05:05:41.734
Finished copy 267 at 2025-05-25T05:05:50.472
Finished copy 567 at 2025-05-25T05:05:51.979
Finished copy 417 at 2025-05-25T05:05:56.787
Finished copy 91 at 2025-05-25T05:06:00.812
Finished copy 268 at 2025-05-25T05:06:05.438
Finished copy 568 at 2025-05-25T05:06:07.124
Finished copy 418 at 2025-05-25T05:06:11.496
Finished copy 269 at 2025-05-25T05:06:20.620
Finished copy 569 at 2025-05-25T05:06:23.683
Finished copy 92 at 2025-05-25T05:06:24.396
Finished copy 419 at 2025-05-25T05:06:27.103
Finished copy 270 at 2025-05-25T05:06:37.340
Finished copy 420 at 2025-05-25T05:06:42.029
Finished copy 93 at 2025-05-25T05:06:43.945
Finished copy 570 at 2025-05-25T05:06:44.066
Finished copy 271 at 2025-05-25T05:06:52.677
Finished copy 421 at 2025-05-25T05:06:57.205
Finished copy 571 at 2025-05-25T05:06:59.002
Finished copy 94 at 2025-05-25T05:07:04.364
Finished copy 272 at 2025-05-25T05:07:07.988
Finished copy 422 at 2025-05-25T05:07:12.472
Finished copy 572 at 2025-05-25T05:07:15.095
Finished copy 273 at 2025-05-25T05:07:22.635
Finished copy 95 at 2025-05-25T05:07:25.847
Finished copy 573 at 2025-05-25T05:07:31.545
Finished copy 423 at 2025-05-25T05:07:32.763
Finished copy 274 at 2025-05-25T05:07:42.955
Finished copy 96 at 2025-05-25T05:07:45.757
Finished copy 424 at 2025-05-25T05:07:47.595
Finished copy 574 at 2025-05-25T05:07:47.718
Finished copy 275 at 2025-05-25T05:07:59.128
Finished copy 97 at 2025-05-25T05:08:04.141
Finished copy 425 at 2025-05-25T05:08:04.559
Finished copy 575 at 2025-05-25T05:08:04.650
Finished copy 276 at 2025-05-25T05:08:13.210
Finished copy 426 at 2025-05-25T05:08:19.701
Finished copy 98 at 2025-05-25T05:08:23.333
Finished copy 576 at 2025-05-25T05:08:23.598
Finished copy 277 at 2025-05-25T05:08:28.401
Finished copy 427 at 2025-05-25T05:08:35.151
Finished copy 577 at 2025-05-25T05:08:39.337
Finished copy 278 at 2025-05-25T05:08:44.686
Finished copy 99 at 2025-05-25T05:08:48.402
Finished copy 428 at 2025-05-25T05:08:53.430
Finished copy 578 at 2025-05-25T05:09:00.609
Finished copy 279 at 2025-05-25T05:09:04.712
Finished copy 429 at 2025-05-25T05:09:09.553
Finished copy 100 at 2025-05-25T05:09:09.728
Finished copy 280 at 2025-05-25T05:09:18.984
Finished copy 579 at 2025-05-25T05:09:20.694
Finished copy 101 at 2025-05-25T05:09:28.728
Finished copy 430 at 2025-05-25T05:09:29.486
Finished copy 281 at 2025-05-25T05:09:33.341
Finished copy 580 at 2025-05-25T05:09:35.306
Finished copy 431 at 2025-05-25T05:09:44.392
Finished copy 102 at 2025-05-25T05:09:48.813
Finished copy 282 at 2025-05-25T05:09:48.933
Finished copy 581 at 2025-05-25T05:09:51.178
Finished copy 432 at 2025-05-25T05:10:01.642
Finished copy 283 at 2025-05-25T05:10:03.674
Finished copy 582 at 2025-05-25T05:10:06.340
Finished copy 103 at 2025-05-25T05:10:07.477
Finished copy 433 at 2025-05-25T05:10:18.170
Finished copy 284 at 2025-05-25T05:10:20.677
Finished copy 583 at 2025-05-25T05:10:23.971
Finished copy 104 at 2025-05-25T05:10:31.638
Finished copy 434 at 2025-05-25T05:10:35.915
Finished copy 285 at 2025-05-25T05:10:36.205
Finished copy 584 at 2025-05-25T05:10:38.655
Finished copy 435 at 2025-05-25T05:10:50.475
Finished copy 105 at 2025-05-25T05:10:52.221
Finished copy 286 at 2025-05-25T05:10:52.636
Finished copy 585 at 2025-05-25T05:10:55.291
Finished copy 436 at 2025-05-25T05:11:05.574
Finished copy 287 at 2025-05-25T05:11:07.293
Finished copy 586 at 2025-05-25T05:11:10.354
Finished copy 106 at 2025-05-25T05:11:11.754
Finished copy 288 at 2025-05-25T05:11:23.069
Finished copy 437 at 2025-05-25T05:11:24.767
Finished copy 587 at 2025-05-25T05:11:25.988
Finished copy 107 at 2025-05-25T05:11:30.843
Finished copy 289 at 2025-05-25T05:11:37.145
Finished copy 438 at 2025-05-25T05:11:41.249
Finished copy 588 at 2025-05-25T05:11:41.305
Finished copy 108 at 2025-05-25T05:11:49.454
Finished copy 290 at 2025-05-25T05:11:52.986
Finished copy 589 at 2025-05-25T05:11:56.078
Finished copy 439 at 2025-05-25T05:11:58.226
Finished copy 109 at 2025-05-25T05:12:08.291
Finished copy 291 at 2025-05-25T05:12:10.116
Finished copy 590 at 2025-05-25T05:12:12.731
Finished copy 440 at 2025-05-25T05:12:13.414
Finished copy 292 at 2025-05-25T05:12:24.347
Finished copy 591 at 2025-05-25T05:12:27.548
Finished copy 110 at 2025-05-25T05:12:28.284
Finished copy 441 at 2025-05-25T05:12:28.443
Finished copy 293 at 2025-05-25T05:12:39.160
Finished copy 592 at 2025-05-25T05:12:42.904
Finished copy 111 at 2025-05-25T05:12:47.869
Finished copy 442 at 2025-05-25T05:12:48.039
Finished copy 294 at 2025-05-25T05:12:54.750
Finished copy 593 at 2025-05-25T05:12:57.811
Finished copy 443 at 2025-05-25T05:13:04.707
Finished copy 112 at 2025-05-25T05:13:09.251
Finished copy 295 at 2025-05-25T05:13:09.259
Finished copy 594 at 2025-05-25T05:13:14.358
Finished copy 444 at 2025-05-25T05:13:22.038
Finished copy 296 at 2025-05-25T05:13:25.395
Finished copy 113 at 2025-05-25T05:13:29.801
Finished copy 595 at 2025-05-25T05:13:31.564
Finished copy 445 at 2025-05-25T05:13:36.480
Finished copy 297 at 2025-05-25T05:13:40.414
Finished copy 596 at 2025-05-25T05:13:46.496
Finished copy 114 at 2025-05-25T05:13:50.498
Finished copy 446 at 2025-05-25T05:13:52.874
Finished copy 298 at 2025-05-25T05:13:56.951
Finished copy 597 at 2025-05-25T05:14:03.033
Finished copy 447 at 2025-05-25T05:14:11.185
Finished copy 115 at 2025-05-25T05:14:14.445
Finished copy 299 at 2025-05-25T05:14:14.571
Finished copy 598 at 2025-05-25T05:14:18.013
Finished copy 300 at 2025-05-25T05:14:29.636
Finished copy 448 at 2025-05-25T05:14:31.203
Finished copy 116 at 2025-05-25T05:14:32.939
Finished copy 599 at 2025-05-25T05:14:33.660
Finished copy 449 at 2025-05-25T05:14:44.908
Finished copy 600 at 2025-05-25T05:14:47.010
Finished copy 117 at 2025-05-25T05:14:50.751
Finished copy 450 at 2025-05-25T05:14:59.543
Finished copy 118 at 2025-05-25T05:15:03.963
Finished copy 119 at 2025-05-25T05:15:16.842
Finished copy 120 at 2025-05-25T05:15:28.219
Finished copy 121 at 2025-05-25T05:15:41.322
Finished copy 122 at 2025-05-25T05:15:54.278
Finished copy 123 at 2025-05-25T05:16:07.923
Finished copy 124 at 2025-05-25T05:16:20.282
Finished copy 125 at 2025-05-25T05:16:33.046
Finished copy 126 at 2025-05-25T05:16:50.133
Finished copy 127 at 2025-05-25T05:17:04.761
Finished copy 128 at 2025-05-25T05:17:16.937
Finished copy 129 at 2025-05-25T05:17:28.579
Finished copy 130 at 2025-05-25T05:17:41.081
Finished copy 131 at 2025-05-25T05:17:53.658
Finished copy 132 at 2025-05-25T05:18:12.588
Finished copy 133 at 2025-05-25T05:18:24.408
Finished copy 134 at 2025-05-25T05:18:43.780
Finished copy 135 at 2025-05-25T05:18:56.374
Finished copy 136 at 2025-05-25T05:19:13.168
Finished copy 137 at 2025-05-25T05:19:24.653
Finished copy 138 at 2025-05-25T05:19:36.691
Finished copy 139 at 2025-05-25T05:19:48.729
Finished copy 140 at 2025-05-25T05:20:00.757
Finished copy 141 at 2025-05-25T05:20:13.291
Finished copy 142 at 2025-05-25T05:20:26.224
Finished copy 143 at 2025-05-25T05:20:38.884
Finished copy 144 at 2025-05-25T05:20:51.560
Finished copy 145 at 2025-05-25T05:21:03.670
Finished copy 146 at 2025-05-25T05:21:15.858
Finished copy 147 at 2025-05-25T05:21:27.508
Finished copy 148 at 2025-05-25T05:21:41.353
Finished copy 149 at 2025-05-25T05:21:53.696
Finished copy 150 at 2025-05-25T05:22:05.496
