Starting saddles simulation at 2025-05-24T20:54:24.952
Lattice size: 22
Beta values: [0.1, 0.10279944599549397, 0.10567726096980483, 0.10863563882017176, 0.11167683486080235, 0.11480316754220751, 0.1180170202186681, 0.1213208429651809, 0.12471715444526921, 0.12820854383108135, 0.1317976727772417, 0.13548727744995842, 0.13928017061293513, 0.14317924377167612, 0.14718746937782085, 0.15130790309518719, 0.15554368612925135, 0.15989804762184037, 0.16437430711286308, 0.16897587707095507, 0.17370626549496876, 0.1785690785882898, 0.18356802350802015, 0.1887069111911229, 0.19398965925968314, 0.19942029500750083, 0.20500295847029057, 0.21074190558183128, 0.21664151141846955, 0.22270627353445155, 0.22894081539062563, 0.23534988987912978, 0.2419383829467506, 0.24871131731971624, 0.25567385633276335, 0.26283130786539594, 0.2701891283883382, 0.27775292712326566, 0.2855284703189852, 0.2935216856473252, 0.3017386667220857, 0.3101856777444941, 0.3188691582787082, 0.3277957281610069, 0.3369721925464105, 0.3464055470965792, 0.3561029833129435, 0.36607189401913226, 0.3763198789968798, 0.3868547507797058, 0.39768454060878644, 0.4088175045555577, 0.4202621298157168, 0.4320271411794205, 0.4441215076826148, 0.4565544494445634, 0.46933544469678873, 0.48247423700878694, 0.49598084271601944, 0.5098655585558504, 0.5241389695172453, 0.5388119569102191, 0.553895706661185, 0.5694017178405246, 0.5853418114288852, 0.601728139328883, 0.6185731936290858, 0.6358898161273345, 0.6536912081206652, 0.6719909404692954, 0.6908029639423454, 0.710141619853183, 0.730021650992499, 0.7504582128674476, 0.7714668852554213, 0.7930636840812662, 0.815265073626996, 0.8380879790833082, 0.8615497994524721, 0.885668420812431, 0.9104622299522194, 0.9359501283891019, 0.9621515467781114, 0.9890864597249744, 1.0167754010137187, 1.045239479260565, 1.0745003940060471, 1.1045804522576164, 1.1355025854953513, 1.1672903671537318, 1.1999680305928035, 1.2335604875724422, 1.2680933472437848, 1.3035929356723266, 1.3400863159075478, 1.3776013086143843, 1.4161665132822627, 1.4558113300278694, 1.4965659820082826, 1.5384615384615383]
Copies: 600
Move type: l chain flip
----------------------------------
Finished copy 451 at 2025-05-24T20:54:28.244
Finished copy 301 at 2025-05-24T20:54:28.391
Finished copy 151 at 2025-05-24T20:54:28.548
Finished copy 1 at 2025-05-24T20:54:28.555
Finished copy 302 at 2025-05-24T20:54:31.693
Finished copy 452 at 2025-05-24T20:54:31.803
Finished copy 2 at 2025-05-24T20:54:31.989
Finished copy 152 at 2025-05-24T20:54:32.139
Finished copy 303 at 2025-05-24T20:54:35.250
Finished copy 453 at 2025-05-24T20:54:35.286
Finished copy 153 at 2025-05-24T20:54:35.458
Finished copy 3 at 2025-05-24T20:54:35.487
Finished copy 454 at 2025-05-24T20:54:38.468
Finished copy 304 at 2025-05-24T20:54:38.567
Finished copy 154 at 2025-05-24T20:54:38.715
Finished copy 4 at 2025-05-24T20:54:38.942
Finished copy 455 at 2025-05-24T20:54:41.815
Finished copy 305 at 2025-05-24T20:54:41.854
Finished copy 155 at 2025-05-24T20:54:42.140
Finished copy 5 at 2025-05-24T20:54:42.873
Finished copy 306 at 2025-05-24T20:54:45.066
Finished copy 456 at 2025-05-24T20:54:45.136
Finished copy 156 at 2025-05-24T20:54:45.355
Finished copy 6 at 2025-05-24T20:54:46.159
Finished copy 307 at 2025-05-24T20:54:48.238
Finished copy 457 at 2025-05-24T20:54:48.500
Finished copy 157 at 2025-05-24T20:54:48.616
Finished copy 7 at 2025-05-24T20:54:50.412
Finished copy 308 at 2025-05-24T20:54:51.369
Finished copy 458 at 2025-05-24T20:54:51.988
Finished copy 158 at 2025-05-24T20:54:52.373
Finished copy 8 at 2025-05-24T20:54:53.897
Finished copy 309 at 2025-05-24T20:54:54.946
Finished copy 459 at 2025-05-24T20:54:55.467
Finished copy 159 at 2025-05-24T20:54:55.846
Finished copy 9 at 2025-05-24T20:54:57.584
Finished copy 310 at 2025-05-24T20:54:58.259
Finished copy 460 at 2025-05-24T20:54:58.548
Finished copy 160 at 2025-05-24T20:54:58.952
Finished copy 10 at 2025-05-24T20:55:01.360
Finished copy 311 at 2025-05-24T20:55:01.564
Finished copy 461 at 2025-05-24T20:55:01.574
Finished copy 161 at 2025-05-24T20:55:02.515
Finished copy 312 at 2025-05-24T20:55:04.618
Finished copy 462 at 2025-05-24T20:55:04.620
Finished copy 11 at 2025-05-24T20:55:04.708
Finished copy 162 at 2025-05-24T20:55:05.987
Finished copy 463 at 2025-05-24T20:55:07.690
Finished copy 12 at 2025-05-24T20:55:08.082
Finished copy 313 at 2025-05-24T20:55:08.168
Finished copy 163 at 2025-05-24T20:55:09.223
Finished copy 464 at 2025-05-24T20:55:10.804
Finished copy 314 at 2025-05-24T20:55:11.362
Finished copy 13 at 2025-05-24T20:55:11.471
Finished copy 164 at 2025-05-24T20:55:12.709
Finished copy 465 at 2025-05-24T20:55:14.546
Finished copy 315 at 2025-05-24T20:55:14.871
Finished copy 14 at 2025-05-24T20:55:14.875
Finished copy 165 at 2025-05-24T20:55:16.210
Finished copy 466 at 2025-05-24T20:55:17.613
Finished copy 15 at 2025-05-24T20:55:18.458
Finished copy 316 at 2025-05-24T20:55:18.530
Finished copy 166 at 2025-05-24T20:55:19.444
Finished copy 467 at 2025-05-24T20:55:20.851
Finished copy 317 at 2025-05-24T20:55:21.971
Finished copy 16 at 2025-05-24T20:55:22.102
Finished copy 167 at 2025-05-24T20:55:23.036
Finished copy 468 at 2025-05-24T20:55:24.120
Finished copy 318 at 2025-05-24T20:55:25.357
Finished copy 17 at 2025-05-24T20:55:25.919
Finished copy 168 at 2025-05-24T20:55:26.783
Finished copy 469 at 2025-05-24T20:55:26.864
Finished copy 319 at 2025-05-24T20:55:28.747
Finished copy 18 at 2025-05-24T20:55:29.410
Finished copy 169 at 2025-05-24T20:55:30.079
Finished copy 470 at 2025-05-24T20:55:30.090
Finished copy 320 at 2025-05-24T20:55:32.162
Finished copy 19 at 2025-05-24T20:55:33.075
Finished copy 170 at 2025-05-24T20:55:33.796
Finished copy 471 at 2025-05-24T20:55:33.800
Finished copy 321 at 2025-05-24T20:55:35.611
Finished copy 20 at 2025-05-24T20:55:36.656
Finished copy 171 at 2025-05-24T20:55:37.241
Finished copy 472 at 2025-05-24T20:55:37.784
Finished copy 322 at 2025-05-24T20:55:39.172
Finished copy 21 at 2025-05-24T20:55:39.969
Finished copy 172 at 2025-05-24T20:55:40.380
Finished copy 473 at 2025-05-24T20:55:41.265
Finished copy 323 at 2025-05-24T20:55:42.894
Finished copy 22 at 2025-05-24T20:55:43.090
Finished copy 173 at 2025-05-24T20:55:43.549
Finished copy 474 at 2025-05-24T20:55:44.748
Finished copy 324 at 2025-05-24T20:55:46.128
Finished copy 23 at 2025-05-24T20:55:46.722
Finished copy 174 at 2025-05-24T20:55:47.083
Finished copy 475 at 2025-05-24T20:55:48.294
Finished copy 325 at 2025-05-24T20:55:49.202
Finished copy 24 at 2025-05-24T20:55:50.121
Finished copy 175 at 2025-05-24T20:55:50.535
Finished copy 476 at 2025-05-24T20:55:52.085
Finished copy 326 at 2025-05-24T20:55:52.378
Finished copy 25 at 2025-05-24T20:55:53.374
Finished copy 176 at 2025-05-24T20:55:54.636
Finished copy 477 at 2025-05-24T20:55:55.068
Finished copy 327 at 2025-05-24T20:55:55.655
Finished copy 26 at 2025-05-24T20:55:56.854
Finished copy 177 at 2025-05-24T20:55:57.731
Finished copy 478 at 2025-05-24T20:55:58.149
Finished copy 328 at 2025-05-24T20:55:58.681
Finished copy 27 at 2025-05-24T20:56:00.332
Finished copy 479 at 2025-05-24T20:56:01.345
Finished copy 178 at 2025-05-24T20:56:01.591
Finished copy 329 at 2025-05-24T20:56:01.923
Finished copy 28 at 2025-05-24T20:56:03.665
Finished copy 480 at 2025-05-24T20:56:04.795
Finished copy 179 at 2025-05-24T20:56:04.831
Finished copy 330 at 2025-05-24T20:56:05.227
Finished copy 29 at 2025-05-24T20:56:06.932
Finished copy 180 at 2025-05-24T20:56:07.815
Finished copy 481 at 2025-05-24T20:56:07.850
Finished copy 331 at 2025-05-24T20:56:08.526
Finished copy 30 at 2025-05-24T20:56:10.538
Finished copy 482 at 2025-05-24T20:56:10.929
Finished copy 181 at 2025-05-24T20:56:10.978
Finished copy 332 at 2025-05-24T20:56:11.594
Finished copy 31 at 2025-05-24T20:56:14.150
Finished copy 483 at 2025-05-24T20:56:14.219
Finished copy 182 at 2025-05-24T20:56:14.739
Finished copy 333 at 2025-05-24T20:56:14.822
Finished copy 32 at 2025-05-24T20:56:17.591
Finished copy 484 at 2025-05-24T20:56:17.734
Finished copy 183 at 2025-05-24T20:56:17.973
Finished copy 334 at 2025-05-24T20:56:18.103
Finished copy 33 at 2025-05-24T20:56:20.706
Finished copy 485 at 2025-05-24T20:56:21.168
Finished copy 184 at 2025-05-24T20:56:21.170
Finished copy 335 at 2025-05-24T20:56:21.608
Finished copy 185 at 2025-05-24T20:56:24.242
Finished copy 34 at 2025-05-24T20:56:24.435
Finished copy 486 at 2025-05-24T20:56:24.473
Finished copy 336 at 2025-05-24T20:56:24.992
Finished copy 35 at 2025-05-24T20:56:27.361
Finished copy 186 at 2025-05-24T20:56:27.459
Finished copy 487 at 2025-05-24T20:56:27.695
Finished copy 337 at 2025-05-24T20:56:28.171
Finished copy 187 at 2025-05-24T20:56:30.608
Finished copy 488 at 2025-05-24T20:56:30.984
Finished copy 338 at 2025-05-24T20:56:31.332
Finished copy 36 at 2025-05-24T20:56:31.692
Finished copy 188 at 2025-05-24T20:56:33.961
Finished copy 489 at 2025-05-24T20:56:34.164
Finished copy 339 at 2025-05-24T20:56:34.385
Finished copy 37 at 2025-05-24T20:56:34.826
Finished copy 189 at 2025-05-24T20:56:37.180
Finished copy 490 at 2025-05-24T20:56:37.568
Finished copy 340 at 2025-05-24T20:56:38.029
Finished copy 38 at 2025-05-24T20:56:38.386
Finished copy 190 at 2025-05-24T20:56:40.730
Finished copy 491 at 2025-05-24T20:56:40.951
Finished copy 341 at 2025-05-24T20:56:41.418
Finished copy 39 at 2025-05-24T20:56:42.119
Finished copy 191 at 2025-05-24T20:56:43.880
Finished copy 492 at 2025-05-24T20:56:44.289
Finished copy 342 at 2025-05-24T20:56:44.877
Finished copy 40 at 2025-05-24T20:56:45.171
Finished copy 192 at 2025-05-24T20:56:47.389
Finished copy 493 at 2025-05-24T20:56:47.728
Finished copy 343 at 2025-05-24T20:56:48.074
Finished copy 41 at 2025-05-24T20:56:48.496
Finished copy 193 at 2025-05-24T20:56:50.984
Finished copy 494 at 2025-05-24T20:56:51.634
Finished copy 344 at 2025-05-24T20:56:51.825
Finished copy 42 at 2025-05-24T20:56:52.338
Finished copy 495 at 2025-05-24T20:56:54.643
Finished copy 194 at 2025-05-24T20:56:54.649
Finished copy 345 at 2025-05-24T20:56:55.286
Finished copy 43 at 2025-05-24T20:56:56.288
Finished copy 195 at 2025-05-24T20:56:58.198
Finished copy 496 at 2025-05-24T20:56:58.263
Finished copy 346 at 2025-05-24T20:56:58.471
Finished copy 44 at 2025-05-24T20:56:59.927
Finished copy 497 at 2025-05-24T20:57:01.457
Finished copy 196 at 2025-05-24T20:57:01.621
Finished copy 347 at 2025-05-24T20:57:01.867
Finished copy 45 at 2025-05-24T20:57:03.502
Finished copy 197 at 2025-05-24T20:57:04.947
Finished copy 498 at 2025-05-24T20:57:05.017
Finished copy 348 at 2025-05-24T20:57:05.191
Finished copy 46 at 2025-05-24T20:57:06.655
Finished copy 499 at 2025-05-24T20:57:07.978
Finished copy 198 at 2025-05-24T20:57:08.274
Finished copy 349 at 2025-05-24T20:57:08.616
Finished copy 47 at 2025-05-24T20:57:09.834
Finished copy 500 at 2025-05-24T20:57:11.737
Finished copy 199 at 2025-05-24T20:57:11.958
Finished copy 350 at 2025-05-24T20:57:12.259
Finished copy 48 at 2025-05-24T20:57:13.210
Finished copy 501 at 2025-05-24T20:57:15.100
Finished copy 351 at 2025-05-24T20:57:15.151
Finished copy 200 at 2025-05-24T20:57:15.319
Finished copy 49 at 2025-05-24T20:57:16.438
Finished copy 502 at 2025-05-24T20:57:18.173
Finished copy 352 at 2025-05-24T20:57:18.618
Finished copy 201 at 2025-05-24T20:57:18.721
Finished copy 50 at 2025-05-24T20:57:19.771
Finished copy 503 at 2025-05-24T20:57:21.066
Finished copy 353 at 2025-05-24T20:57:21.813
Finished copy 202 at 2025-05-24T20:57:22.061
Finished copy 51 at 2025-05-24T20:57:23.078
Finished copy 504 at 2025-05-24T20:57:24.708
Finished copy 354 at 2025-05-24T20:57:25.088
Finished copy 203 at 2025-05-24T20:57:25.748
Finished copy 52 at 2025-05-24T20:57:26.285
Finished copy 505 at 2025-05-24T20:57:27.927
Finished copy 355 at 2025-05-24T20:57:28.696
Finished copy 204 at 2025-05-24T20:57:29.065
Finished copy 53 at 2025-05-24T20:57:29.977
Finished copy 506 at 2025-05-24T20:57:31.373
Finished copy 356 at 2025-05-24T20:57:31.831
Finished copy 205 at 2025-05-24T20:57:32.442
Finished copy 54 at 2025-05-24T20:57:33.503
Finished copy 357 at 2025-05-24T20:57:34.829
Finished copy 507 at 2025-05-24T20:57:35.050
Finished copy 206 at 2025-05-24T20:57:35.706
Finished copy 55 at 2025-05-24T20:57:37.125
Finished copy 358 at 2025-05-24T20:57:38.358
Finished copy 508 at 2025-05-24T20:57:38.561
Finished copy 207 at 2025-05-24T20:57:38.949
Finished copy 56 at 2025-05-24T20:57:40.987
Finished copy 509 at 2025-05-24T20:57:41.943
Finished copy 359 at 2025-05-24T20:57:42.274
Finished copy 208 at 2025-05-24T20:57:42.399
Finished copy 57 at 2025-05-24T20:57:44.612
Finished copy 510 at 2025-05-24T20:57:45.332
Finished copy 360 at 2025-05-24T20:57:45.583
Finished copy 209 at 2025-05-24T20:57:45.947
Finished copy 58 at 2025-05-24T20:57:48.039
Finished copy 511 at 2025-05-24T20:57:48.550
Finished copy 361 at 2025-05-24T20:57:48.688
Finished copy 210 at 2025-05-24T20:57:48.974
Finished copy 59 at 2025-05-24T20:57:51.427
Finished copy 362 at 2025-05-24T20:57:51.829
Finished copy 512 at 2025-05-24T20:57:52.148
Finished copy 211 at 2025-05-24T20:57:52.266
Finished copy 60 at 2025-05-24T20:57:54.892
Finished copy 212 at 2025-05-24T20:57:55.407
Finished copy 363 at 2025-05-24T20:57:55.410
Finished copy 513 at 2025-05-24T20:57:55.893
Finished copy 61 at 2025-05-24T20:57:58.156
Finished copy 364 at 2025-05-24T20:57:58.569
Finished copy 514 at 2025-05-24T20:57:59.170
Finished copy 213 at 2025-05-24T20:57:59.330
Finished copy 365 at 2025-05-24T20:58:01.590
Finished copy 62 at 2025-05-24T20:58:01.674
Finished copy 515 at 2025-05-24T20:58:02.573
Finished copy 214 at 2025-05-24T20:58:02.897
Finished copy 63 at 2025-05-24T20:58:04.984
Finished copy 366 at 2025-05-24T20:58:05.020
Finished copy 516 at 2025-05-24T20:58:05.764
Finished copy 215 at 2025-05-24T20:58:06.521
Finished copy 64 at 2025-05-24T20:58:08.059
Finished copy 367 at 2025-05-24T20:58:08.494
Finished copy 517 at 2025-05-24T20:58:08.885
Finished copy 216 at 2025-05-24T20:58:09.971
Finished copy 65 at 2025-05-24T20:58:11.530
Finished copy 368 at 2025-05-24T20:58:11.824
Finished copy 518 at 2025-05-24T20:58:12.244
Finished copy 217 at 2025-05-24T20:58:13.408
Finished copy 66 at 2025-05-24T20:58:15.148
Finished copy 369 at 2025-05-24T20:58:15.355
Finished copy 519 at 2025-05-24T20:58:15.819
Finished copy 218 at 2025-05-24T20:58:16.822
Finished copy 67 at 2025-05-24T20:58:18.517
Finished copy 370 at 2025-05-24T20:58:18.706
Finished copy 520 at 2025-05-24T20:58:18.982
Finished copy 219 at 2025-05-24T20:58:20.358
Finished copy 68 at 2025-05-24T20:58:21.561
Finished copy 371 at 2025-05-24T20:58:22.155
Finished copy 521 at 2025-05-24T20:58:22.396
Finished copy 220 at 2025-05-24T20:58:23.753
Finished copy 69 at 2025-05-24T20:58:24.861
Finished copy 522 at 2025-05-24T20:58:25.337
Finished copy 372 at 2025-05-24T20:58:25.365
Finished copy 221 at 2025-05-24T20:58:26.970
Finished copy 523 at 2025-05-24T20:58:28.383
Finished copy 70 at 2025-05-24T20:58:28.743
Finished copy 373 at 2025-05-24T20:58:28.870
Finished copy 222 at 2025-05-24T20:58:30.583
Finished copy 524 at 2025-05-24T20:58:31.637
Finished copy 374 at 2025-05-24T20:58:32.127
Finished copy 71 at 2025-05-24T20:58:32.319
Finished copy 223 at 2025-05-24T20:58:33.996
Finished copy 525 at 2025-05-24T20:58:35.131
Finished copy 375 at 2025-05-24T20:58:35.452
Finished copy 72 at 2025-05-24T20:58:35.879
Finished copy 224 at 2025-05-24T20:58:37.249
Finished copy 376 at 2025-05-24T20:58:38.517
Finished copy 526 at 2025-05-24T20:58:38.716
Finished copy 73 at 2025-05-24T20:58:39.180
Finished copy 225 at 2025-05-24T20:58:40.884
Finished copy 377 at 2025-05-24T20:58:41.803
Finished copy 527 at 2025-05-24T20:58:42.234
Finished copy 74 at 2025-05-24T20:58:42.656
Finished copy 226 at 2025-05-24T20:58:44.110
Finished copy 378 at 2025-05-24T20:58:45.202
Finished copy 528 at 2025-05-24T20:58:45.474
Finished copy 75 at 2025-05-24T20:58:46.031
Finished copy 227 at 2025-05-24T20:58:47.782
Finished copy 379 at 2025-05-24T20:58:48.449
Finished copy 529 at 2025-05-24T20:58:48.593
Finished copy 76 at 2025-05-24T20:58:49.811
Finished copy 228 at 2025-05-24T20:58:50.954
Finished copy 380 at 2025-05-24T20:58:51.629
Finished copy 530 at 2025-05-24T20:58:51.839
Finished copy 77 at 2025-05-24T20:58:53.607
Finished copy 229 at 2025-05-24T20:58:54.062
Finished copy 381 at 2025-05-24T20:58:54.854
Finished copy 531 at 2025-05-24T20:58:55.614
Finished copy 230 at 2025-05-24T20:58:57.520
Finished copy 78 at 2025-05-24T20:58:57.606
Finished copy 382 at 2025-05-24T20:58:58.306
Finished copy 532 at 2025-05-24T20:58:59.146
Finished copy 79 at 2025-05-24T20:59:00.783
Finished copy 231 at 2025-05-24T20:59:00.860
Finished copy 383 at 2025-05-24T20:59:01.765
Finished copy 533 at 2025-05-24T20:59:02.366
Finished copy 80 at 2025-05-24T20:59:04.525
Finished copy 232 at 2025-05-24T20:59:04.636
Finished copy 384 at 2025-05-24T20:59:04.983
Finished copy 534 at 2025-05-24T20:59:05.903
Finished copy 81 at 2025-05-24T20:59:07.747
Finished copy 233 at 2025-05-24T20:59:07.937
Finished copy 385 at 2025-05-24T20:59:07.947
Finished copy 535 at 2025-05-24T20:59:09.318
Finished copy 82 at 2025-05-24T20:59:10.941
Finished copy 234 at 2025-05-24T20:59:11.035
Finished copy 386 at 2025-05-24T20:59:11.309
Finished copy 536 at 2025-05-24T20:59:12.789
Finished copy 83 at 2025-05-24T20:59:14.076
Finished copy 387 at 2025-05-24T20:59:14.414
Finished copy 235 at 2025-05-24T20:59:14.440
Finished copy 537 at 2025-05-24T20:59:16.485
Finished copy 236 at 2025-05-24T20:59:17.653
Finished copy 84 at 2025-05-24T20:59:17.853
Finished copy 388 at 2025-05-24T20:59:17.857
Finished copy 538 at 2025-05-24T20:59:19.710
Finished copy 85 at 2025-05-24T20:59:20.986
Finished copy 389 at 2025-05-24T20:59:21.029
Finished copy 237 at 2025-05-24T20:59:21.369
Finished copy 539 at 2025-05-24T20:59:23.036
Finished copy 86 at 2025-05-24T20:59:24.234
Finished copy 390 at 2025-05-24T20:59:24.616
Finished copy 238 at 2025-05-24T20:59:24.977
Finished copy 540 at 2025-05-24T20:59:26.527
Finished copy 87 at 2025-05-24T20:59:27.523
Finished copy 391 at 2025-05-24T20:59:27.850
Finished copy 239 at 2025-05-24T20:59:28.603
Finished copy 541 at 2025-05-24T20:59:30.131
Finished copy 392 at 2025-05-24T20:59:30.976
Finished copy 88 at 2025-05-24T20:59:31.106
Finished copy 240 at 2025-05-24T20:59:31.676
Finished copy 542 at 2025-05-24T20:59:33.673
Finished copy 89 at 2025-05-24T20:59:34.549
Finished copy 393 at 2025-05-24T20:59:34.886
Finished copy 241 at 2025-05-24T20:59:34.887
Finished copy 543 at 2025-05-24T20:59:36.930
Finished copy 242 at 2025-05-24T20:59:37.677
Finished copy 394 at 2025-05-24T20:59:38.164
Finished copy 90 at 2025-05-24T20:59:38.346
Finished copy 544 at 2025-05-24T20:59:40.556
Finished copy 243 at 2025-05-24T20:59:40.874
Finished copy 395 at 2025-05-24T20:59:41.584
Finished copy 91 at 2025-05-24T20:59:41.833
Finished copy 545 at 2025-05-24T20:59:43.769
Finished copy 244 at 2025-05-24T20:59:43.823
Finished copy 396 at 2025-05-24T20:59:44.605
Finished copy 92 at 2025-05-24T20:59:45.370
Finished copy 245 at 2025-05-24T20:59:46.863
Finished copy 546 at 2025-05-24T20:59:47.196
Finished copy 397 at 2025-05-24T20:59:48.018
Finished copy 93 at 2025-05-24T20:59:48.771
Finished copy 246 at 2025-05-24T20:59:50.055
Finished copy 547 at 2025-05-24T20:59:50.653
Finished copy 398 at 2025-05-24T20:59:51.146
Finished copy 94 at 2025-05-24T20:59:52.647
Finished copy 247 at 2025-05-24T20:59:53.320
Finished copy 399 at 2025-05-24T20:59:54.150
Finished copy 548 at 2025-05-24T20:59:54.185
Finished copy 95 at 2025-05-24T20:59:56.398
Finished copy 248 at 2025-05-24T20:59:56.764
Finished copy 400 at 2025-05-24T20:59:57.384
Finished copy 549 at 2025-05-24T20:59:58.115
Finished copy 96 at 2025-05-24T20:59:59.929
Finished copy 249 at 2025-05-24T21:00:00.057
Finished copy 401 at 2025-05-24T21:00:00.806
Finished copy 550 at 2025-05-24T21:00:01.237
Finished copy 250 at 2025-05-24T21:00:03.275
Finished copy 97 at 2025-05-24T21:00:03.762
Finished copy 402 at 2025-05-24T21:00:04.427
Finished copy 551 at 2025-05-24T21:00:04.842
Finished copy 251 at 2025-05-24T21:00:06.894
Finished copy 403 at 2025-05-24T21:00:07.487
Finished copy 98 at 2025-05-24T21:00:07.526
Finished copy 552 at 2025-05-24T21:00:08.199
Finished copy 252 at 2025-05-24T21:00:10.189
Finished copy 404 at 2025-05-24T21:00:10.865
Finished copy 99 at 2025-05-24T21:00:10.982
Finished copy 553 at 2025-05-24T21:00:11.642
Finished copy 253 at 2025-05-24T21:00:13.278
Finished copy 405 at 2025-05-24T21:00:14.416
Finished copy 100 at 2025-05-24T21:00:14.516
Finished copy 554 at 2025-05-24T21:00:15.050
Finished copy 254 at 2025-05-24T21:00:16.918
Finished copy 101 at 2025-05-24T21:00:17.543
Finished copy 406 at 2025-05-24T21:00:17.923
Finished copy 555 at 2025-05-24T21:00:18.215
Finished copy 255 at 2025-05-24T21:00:20.569
Finished copy 102 at 2025-05-24T21:00:20.947
Finished copy 556 at 2025-05-24T21:00:21.293
Finished copy 407 at 2025-05-24T21:00:21.328
Finished copy 256 at 2025-05-24T21:00:23.881
Finished copy 103 at 2025-05-24T21:00:24.280
Finished copy 408 at 2025-05-24T21:00:24.706
Finished copy 557 at 2025-05-24T21:00:24.874
Finished copy 257 at 2025-05-24T21:00:27.474
Finished copy 409 at 2025-05-24T21:00:27.800
Finished copy 104 at 2025-05-24T21:00:27.884
Finished copy 558 at 2025-05-24T21:00:28.299
Finished copy 258 at 2025-05-24T21:00:30.884
Finished copy 410 at 2025-05-24T21:00:31.081
Finished copy 105 at 2025-05-24T21:00:31.125
Finished copy 559 at 2025-05-24T21:00:31.749
Finished copy 259 at 2025-05-24T21:00:34.271
Finished copy 411 at 2025-05-24T21:00:34.304
Finished copy 106 at 2025-05-24T21:00:34.396
Finished copy 560 at 2025-05-24T21:00:35.322
Finished copy 260 at 2025-05-24T21:00:37.392
Finished copy 107 at 2025-05-24T21:00:37.509
Finished copy 412 at 2025-05-24T21:00:37.931
Finished copy 561 at 2025-05-24T21:00:38.451
Finished copy 108 at 2025-05-24T21:00:40.552
Finished copy 261 at 2025-05-24T21:00:41.213
Finished copy 413 at 2025-05-24T21:00:41.337
Finished copy 562 at 2025-05-24T21:00:42.098
Finished copy 109 at 2025-05-24T21:00:43.508
Finished copy 414 at 2025-05-24T21:00:44.266
Finished copy 262 at 2025-05-24T21:00:44.822
Finished copy 563 at 2025-05-24T21:00:45.639
Finished copy 110 at 2025-05-24T21:00:46.625
Finished copy 415 at 2025-05-24T21:00:47.697
Finished copy 263 at 2025-05-24T21:00:47.879
Finished copy 564 at 2025-05-24T21:00:48.846
Finished copy 111 at 2025-05-24T21:00:50.214
Finished copy 416 at 2025-05-24T21:00:50.783
Finished copy 264 at 2025-05-24T21:00:51.318
Finished copy 565 at 2025-05-24T21:00:52.193
Finished copy 112 at 2025-05-24T21:00:53.633
Finished copy 417 at 2025-05-24T21:00:53.882
Finished copy 265 at 2025-05-24T21:00:54.400
Finished copy 566 at 2025-05-24T21:00:55.733
Finished copy 113 at 2025-05-24T21:00:57.286
Finished copy 418 at 2025-05-24T21:00:57.335
Finished copy 266 at 2025-05-24T21:00:57.854
Finished copy 567 at 2025-05-24T21:00:59.148
Finished copy 114 at 2025-05-24T21:01:00.673
Finished copy 267 at 2025-05-24T21:01:01.046
Finished copy 419 at 2025-05-24T21:01:01.054
Finished copy 568 at 2025-05-24T21:01:02.364
Finished copy 115 at 2025-05-24T21:01:03.840
Finished copy 268 at 2025-05-24T21:01:04.143
Finished copy 420 at 2025-05-24T21:01:04.688
Finished copy 569 at 2025-05-24T21:01:06.013
Finished copy 116 at 2025-05-24T21:01:07.069
Finished copy 269 at 2025-05-24T21:01:07.355
Finished copy 421 at 2025-05-24T21:01:07.904
Finished copy 570 at 2025-05-24T21:01:09.191
Finished copy 117 at 2025-05-24T21:01:10.755
Finished copy 270 at 2025-05-24T21:01:10.856
Finished copy 422 at 2025-05-24T21:01:11.261
Finished copy 571 at 2025-05-24T21:01:12.312
Finished copy 118 at 2025-05-24T21:01:14.098
Finished copy 271 at 2025-05-24T21:01:14.378
Finished copy 423 at 2025-05-24T21:01:14.575
Finished copy 572 at 2025-05-24T21:01:15.632
Finished copy 119 at 2025-05-24T21:01:17.247
Finished copy 272 at 2025-05-24T21:01:17.374
Finished copy 424 at 2025-05-24T21:01:17.909
Finished copy 573 at 2025-05-24T21:01:18.965
Finished copy 273 at 2025-05-24T21:01:20.330
Finished copy 120 at 2025-05-24T21:01:20.559
Finished copy 425 at 2025-05-24T21:01:21.039
Finished copy 574 at 2025-05-24T21:01:22.811
Finished copy 274 at 2025-05-24T21:01:23.765
Finished copy 121 at 2025-05-24T21:01:23.777
Finished copy 426 at 2025-05-24T21:01:24.270
Finished copy 575 at 2025-05-24T21:01:25.945
Finished copy 122 at 2025-05-24T21:01:26.929
Finished copy 275 at 2025-05-24T21:01:27.258
Finished copy 427 at 2025-05-24T21:01:27.836
Finished copy 576 at 2025-05-24T21:01:29.139
Finished copy 123 at 2025-05-24T21:01:30.243
Finished copy 276 at 2025-05-24T21:01:30.576
Finished copy 428 at 2025-05-24T21:01:31.163
Finished copy 577 at 2025-05-24T21:01:32.752
Finished copy 277 at 2025-05-24T21:01:33.756
Finished copy 124 at 2025-05-24T21:01:34.316
Finished copy 429 at 2025-05-24T21:01:34.441
Finished copy 578 at 2025-05-24T21:01:35.856
Finished copy 125 at 2025-05-24T21:01:37.227
Finished copy 278 at 2025-05-24T21:01:37.474
Finished copy 430 at 2025-05-24T21:01:37.784
Finished copy 579 at 2025-05-24T21:01:39.452
Finished copy 279 at 2025-05-24T21:01:41.103
Finished copy 126 at 2025-05-24T21:01:41.334
Finished copy 431 at 2025-05-24T21:01:41.546
Finished copy 580 at 2025-05-24T21:01:42.785
Finished copy 280 at 2025-05-24T21:01:44.157
Finished copy 127 at 2025-05-24T21:01:44.730
Finished copy 432 at 2025-05-24T21:01:44.909
Finished copy 581 at 2025-05-24T21:01:46.110
Finished copy 281 at 2025-05-24T21:01:47.399
Finished copy 128 at 2025-05-24T21:01:48.054
Finished copy 433 at 2025-05-24T21:01:48.183
Finished copy 582 at 2025-05-24T21:01:49.376
Finished copy 282 at 2025-05-24T21:01:50.700
Finished copy 434 at 2025-05-24T21:01:51.374
Finished copy 129 at 2025-05-24T21:01:51.400
Finished copy 583 at 2025-05-24T21:01:52.522
Finished copy 283 at 2025-05-24T21:01:53.968
Finished copy 130 at 2025-05-24T21:01:54.338
Finished copy 435 at 2025-05-24T21:01:54.513
Finished copy 584 at 2025-05-24T21:01:55.954
Finished copy 284 at 2025-05-24T21:01:57.588
Finished copy 436 at 2025-05-24T21:01:57.712
Finished copy 131 at 2025-05-24T21:01:57.819
Finished copy 585 at 2025-05-24T21:01:58.964
Finished copy 285 at 2025-05-24T21:02:00.676
Finished copy 437 at 2025-05-24T21:02:00.793
Finished copy 132 at 2025-05-24T21:02:01.628
Finished copy 586 at 2025-05-24T21:02:01.963
Finished copy 286 at 2025-05-24T21:02:03.607
Finished copy 438 at 2025-05-24T21:02:03.743
Finished copy 133 at 2025-05-24T21:02:04.554
Finished copy 587 at 2025-05-24T21:02:05.101
Finished copy 439 at 2025-05-24T21:02:06.777
Finished copy 287 at 2025-05-24T21:02:07.175
Finished copy 134 at 2025-05-24T21:02:07.885
Finished copy 588 at 2025-05-24T21:02:09.005
Finished copy 440 at 2025-05-24T21:02:10.096
Finished copy 288 at 2025-05-24T21:02:10.333
Finished copy 135 at 2025-05-24T21:02:11.328
Finished copy 589 at 2025-05-24T21:02:12.158
Finished copy 441 at 2025-05-24T21:02:13.605
Finished copy 289 at 2025-05-24T21:02:13.617
Finished copy 136 at 2025-05-24T21:02:14.608
Finished copy 590 at 2025-05-24T21:02:15.768
Finished copy 442 at 2025-05-24T21:02:16.887
Finished copy 290 at 2025-05-24T21:02:16.970
Finished copy 137 at 2025-05-24T21:02:18.021
Finished copy 591 at 2025-05-24T21:02:18.999
Finished copy 443 at 2025-05-24T21:02:20.153
Finished copy 291 at 2025-05-24T21:02:20.783
Finished copy 138 at 2025-05-24T21:02:21.646
Finished copy 592 at 2025-05-24T21:02:22.471
Finished copy 444 at 2025-05-24T21:02:23.435
Finished copy 292 at 2025-05-24T21:02:24.194
Finished copy 139 at 2025-05-24T21:02:25.073
Finished copy 593 at 2025-05-24T21:02:25.840
Finished copy 445 at 2025-05-24T21:02:26.621
Finished copy 293 at 2025-05-24T21:02:27.420
Finished copy 140 at 2025-05-24T21:02:28.049
Finished copy 594 at 2025-05-24T21:02:29.065
Finished copy 446 at 2025-05-24T21:02:30.386
Finished copy 294 at 2025-05-24T21:02:30.738
Finished copy 141 at 2025-05-24T21:02:31.603
Finished copy 595 at 2025-05-24T21:02:32.354
Finished copy 447 at 2025-05-24T21:02:33.718
Finished copy 295 at 2025-05-24T21:02:33.878
Finished copy 142 at 2025-05-24T21:02:35.254
Finished copy 596 at 2025-05-24T21:02:35.804
Finished copy 448 at 2025-05-24T21:02:36.949
Finished copy 296 at 2025-05-24T21:02:37.199
Finished copy 143 at 2025-05-24T21:02:38.773
Finished copy 597 at 2025-05-24T21:02:39.100
Finished copy 449 at 2025-05-24T21:02:40.277
Finished copy 297 at 2025-05-24T21:02:40.356
Finished copy 144 at 2025-05-24T21:02:42.293
Finished copy 598 at 2025-05-24T21:02:42.661
Finished copy 298 at 2025-05-24T21:02:43.646
Finished copy 450 at 2025-05-24T21:02:43.698
Finished copy 145 at 2025-05-24T21:02:45.259
Finished copy 599 at 2025-05-24T21:02:45.568
Finished copy 299 at 2025-05-24T21:02:46.460
Finished copy 600 at 2025-05-24T21:02:48.282
Finished copy 146 at 2025-05-24T21:02:48.358
Finished copy 300 at 2025-05-24T21:02:49.269
Finished copy 147 at 2025-05-24T21:02:51.282
Finished copy 148 at 2025-05-24T21:02:53.842
Finished copy 149 at 2025-05-24T21:02:56.388
Finished copy 150 at 2025-05-24T21:02:58.879
