Starting saddles simulation at 2025-05-25T03:51:53.399
Lattice size: 44
Beta values: [0.1, 0.10279944599549397, 0.10567726096980483, 0.10863563882017176, 0.11167683486080235, 0.11480316754220751, 0.1180170202186681, 0.1213208429651809, 0.12471715444526921, 0.12820854383108135, 0.1317976727772417, 0.13548727744995842, 0.13928017061293513, 0.14317924377167612, 0.14718746937782085, 0.15130790309518719, 0.15554368612925135, 0.15989804762184037, 0.16437430711286308, 0.16897587707095507, 0.17370626549496876, 0.1785690785882898, 0.18356802350802015, 0.1887069111911229, 0.19398965925968314, 0.19942029500750083, 0.20500295847029057, 0.21074190558183128, 0.21664151141846955, 0.22270627353445155, 0.22894081539062563, 0.23534988987912978, 0.2419383829467506, 0.24871131731971624, 0.25567385633276335, 0.26283130786539594, 0.2701891283883382, 0.27775292712326566, 0.2855284703189852, 0.2935216856473252, 0.3017386667220857, 0.3101856777444941, 0.3188691582787082, 0.3277957281610069, 0.3369721925464105, 0.3464055470965792, 0.3561029833129435, 0.36607189401913226, 0.3763198789968798, 0.3868547507797058, 0.39768454060878644, 0.4088175045555577, 0.4202621298157168, 0.4320271411794205, 0.4441215076826148, 0.4565544494445634, 0.46933544469678873, 0.48247423700878694, 0.49598084271601944, 0.5098655585558504, 0.5241389695172453, 0.5388119569102191, 0.553895706661185, 0.5694017178405246, 0.5853418114288852, 0.601728139328883, 0.6185731936290858, 0.6358898161273345, 0.6536912081206652, 0.6719909404692954, 0.6908029639423454, 0.710141619853183, 0.730021650992499, 0.7504582128674476, 0.7714668852554213, 0.7930636840812662, 0.815265073626996, 0.8380879790833082, 0.8615497994524721, 0.885668420812431, 0.9104622299522194, 0.9359501283891019, 0.9621515467781114, 0.9890864597249744, 1.0167754010137187, 1.045239479260565, 1.0745003940060471, 1.1045804522576164, 1.1355025854953513, 1.1672903671537318, 1.1999680305928035, 1.2335604875724422, 1.2680933472437848, 1.3035929356723266, 1.3400863159075478, 1.3776013086143843, 1.4161665132822627, 1.4558113300278694, 1.4965659820082826, 1.5384615384615383]
Copies: 600
Move type: l chain flip
----------------------------------
Finished copy 301 at 2025-05-25T03:52:07.545
Finished copy 151 at 2025-05-25T03:52:08.861
Finished copy 1 at 2025-05-25T03:52:09.989
Finished copy 451 at 2025-05-25T03:52:10.963
Finished copy 302 at 2025-05-25T03:52:21.410
Finished copy 152 at 2025-05-25T03:52:21.882
Finished copy 452 at 2025-05-25T03:52:24.120
Finished copy 2 at 2025-05-25T03:52:28.093
Finished copy 303 at 2025-05-25T03:52:35.136
Finished copy 153 at 2025-05-25T03:52:36.319
Finished copy 453 at 2025-05-25T03:52:38.618
Finished copy 3 at 2025-05-25T03:52:49.384
Finished copy 154 at 2025-05-25T03:52:51.180
Finished copy 304 at 2025-05-25T03:52:51.393
Finished copy 454 at 2025-05-25T03:52:53.785
Finished copy 305 at 2025-05-25T03:53:05.664
Finished copy 155 at 2025-05-25T03:53:06.882
Finished copy 4 at 2025-05-25T03:53:07.469
Finished copy 455 at 2025-05-25T03:53:08.946
Finished copy 156 at 2025-05-25T03:53:20.196
Finished copy 306 at 2025-05-25T03:53:20.548
Finished copy 456 at 2025-05-25T03:53:22.390
Finished copy 5 at 2025-05-25T03:53:25.107
Finished copy 157 at 2025-05-25T03:53:34.453
Finished copy 307 at 2025-05-25T03:53:35.479
Finished copy 457 at 2025-05-25T03:53:38.178
Finished copy 6 at 2025-05-25T03:53:43.627
Finished copy 158 at 2025-05-25T03:53:49.529
Finished copy 308 at 2025-05-25T03:53:52.827
Finished copy 458 at 2025-05-25T03:53:52.987
Finished copy 7 at 2025-05-25T03:54:00.736
Finished copy 159 at 2025-05-25T03:54:03.709
Finished copy 309 at 2025-05-25T03:54:04.964
Finished copy 459 at 2025-05-25T03:54:09.615
Finished copy 160 at 2025-05-25T03:54:17.229
Finished copy 310 at 2025-05-25T03:54:19.288
Finished copy 8 at 2025-05-25T03:54:19.313
Finished copy 460 at 2025-05-25T03:54:23.859
Finished copy 161 at 2025-05-25T03:54:31.191
Finished copy 311 at 2025-05-25T03:54:34.687
Finished copy 9 at 2025-05-25T03:54:37.721
Finished copy 461 at 2025-05-25T03:54:38.602
Finished copy 162 at 2025-05-25T03:54:45.011
Finished copy 312 at 2025-05-25T03:54:47.908
Finished copy 462 at 2025-05-25T03:54:51.965
Finished copy 10 at 2025-05-25T03:54:54.355
Finished copy 163 at 2025-05-25T03:54:59.584
Finished copy 313 at 2025-05-25T03:55:01.664
Finished copy 463 at 2025-05-25T03:55:05.604
Finished copy 11 at 2025-05-25T03:55:11.037
Finished copy 164 at 2025-05-25T03:55:13.391
Finished copy 314 at 2025-05-25T03:55:16.602
Finished copy 464 at 2025-05-25T03:55:20.818
Finished copy 165 at 2025-05-25T03:55:26.613
Finished copy 12 at 2025-05-25T03:55:29.761
Finished copy 315 at 2025-05-25T03:55:30.727
Finished copy 465 at 2025-05-25T03:55:36.245
Finished copy 166 at 2025-05-25T03:55:42.155
Finished copy 316 at 2025-05-25T03:55:44.894
Finished copy 13 at 2025-05-25T03:55:48.177
Finished copy 466 at 2025-05-25T03:55:52.809
Finished copy 167 at 2025-05-25T03:55:56.589
Finished copy 317 at 2025-05-25T03:55:59.033
Finished copy 14 at 2025-05-25T03:56:05.652
Finished copy 467 at 2025-05-25T03:56:06.917
Finished copy 168 at 2025-05-25T03:56:09.573
Finished copy 318 at 2025-05-25T03:56:14.072
Finished copy 468 at 2025-05-25T03:56:21.618
Finished copy 15 at 2025-05-25T03:56:24.947
Finished copy 169 at 2025-05-25T03:56:26.194
Finished copy 319 at 2025-05-25T03:56:32.218
Finished copy 469 at 2025-05-25T03:56:36.541
Finished copy 170 at 2025-05-25T03:56:40.654
Finished copy 16 at 2025-05-25T03:56:44.625
Finished copy 320 at 2025-05-25T03:56:46.856
Finished copy 470 at 2025-05-25T03:56:55.079
Finished copy 171 at 2025-05-25T03:56:56.298
Finished copy 321 at 2025-05-25T03:57:00.940
Finished copy 17 at 2025-05-25T03:57:03.810
Finished copy 471 at 2025-05-25T03:57:09.494
Finished copy 172 at 2025-05-25T03:57:09.858
Finished copy 322 at 2025-05-25T03:57:14.787
Finished copy 18 at 2025-05-25T03:57:21.044
Finished copy 472 at 2025-05-25T03:57:24.082
Finished copy 173 at 2025-05-25T03:57:26.068
Finished copy 323 at 2025-05-25T03:57:29.800
Finished copy 473 at 2025-05-25T03:57:38.089
Finished copy 19 at 2025-05-25T03:57:38.457
Finished copy 174 at 2025-05-25T03:57:39.503
Finished copy 324 at 2025-05-25T03:57:44.750
Finished copy 474 at 2025-05-25T03:57:50.694
Finished copy 175 at 2025-05-25T03:57:55.343
Finished copy 20 at 2025-05-25T03:57:58.428
Finished copy 325 at 2025-05-25T03:57:58.434
Finished copy 475 at 2025-05-25T03:58:04.610
Finished copy 176 at 2025-05-25T03:58:11.699
Finished copy 326 at 2025-05-25T03:58:12.689
Finished copy 21 at 2025-05-25T03:58:18.705
Finished copy 476 at 2025-05-25T03:58:20.617
Finished copy 177 at 2025-05-25T03:58:25.049
Finished copy 327 at 2025-05-25T03:58:27.569
Finished copy 22 at 2025-05-25T03:58:36.036
Finished copy 477 at 2025-05-25T03:58:37.603
Finished copy 178 at 2025-05-25T03:58:39.195
Finished copy 328 at 2025-05-25T03:58:41.424
Finished copy 478 at 2025-05-25T03:58:52.167
Finished copy 23 at 2025-05-25T03:58:53.579
Finished copy 179 at 2025-05-25T03:58:53.738
Finished copy 329 at 2025-05-25T03:58:56.096
Finished copy 479 at 2025-05-25T03:59:07.725
Finished copy 180 at 2025-05-25T03:59:08.635
Finished copy 330 at 2025-05-25T03:59:09.029
Finished copy 24 at 2025-05-25T03:59:11.023
Finished copy 181 at 2025-05-25T03:59:21.554
Finished copy 480 at 2025-05-25T03:59:22.230
Finished copy 331 at 2025-05-25T03:59:23.921
Finished copy 25 at 2025-05-25T03:59:29.421
Finished copy 182 at 2025-05-25T03:59:36.604
Finished copy 481 at 2025-05-25T03:59:37.036
Finished copy 332 at 2025-05-25T03:59:38.743
Finished copy 482 at 2025-05-25T03:59:51.288
Finished copy 183 at 2025-05-25T03:59:51.388
Finished copy 333 at 2025-05-25T03:59:52.938
Finished copy 26 at 2025-05-25T03:59:53.311
Finished copy 184 at 2025-05-25T04:00:04.948
Finished copy 483 at 2025-05-25T04:00:06.716
Finished copy 334 at 2025-05-25T04:00:10.634
Finished copy 185 at 2025-05-25T04:00:20.485
Finished copy 484 at 2025-05-25T04:00:20.763
Finished copy 27 at 2025-05-25T04:00:21.202
Finished copy 335 at 2025-05-25T04:00:24.969
Finished copy 186 at 2025-05-25T04:00:34.251
Finished copy 485 at 2025-05-25T04:00:40.339
Finished copy 28 at 2025-05-25T04:00:41.868
Finished copy 336 at 2025-05-25T04:00:42.984
Finished copy 187 at 2025-05-25T04:00:48.767
Finished copy 486 at 2025-05-25T04:00:55.018
Finished copy 337 at 2025-05-25T04:00:57.044
Finished copy 29 at 2025-05-25T04:01:01.161
Finished copy 188 at 2025-05-25T04:01:01.803
Finished copy 487 at 2025-05-25T04:01:09.535
Finished copy 338 at 2025-05-25T04:01:10.307
Finished copy 189 at 2025-05-25T04:01:17.344
Finished copy 30 at 2025-05-25T04:01:18.652
Finished copy 488 at 2025-05-25T04:01:22.475
Finished copy 339 at 2025-05-25T04:01:23.840
Finished copy 190 at 2025-05-25T04:01:32.576
Finished copy 31 at 2025-05-25T04:01:35.303
Finished copy 340 at 2025-05-25T04:01:37.007
Finished copy 489 at 2025-05-25T04:01:38.687
Finished copy 191 at 2025-05-25T04:01:46.850
Finished copy 341 at 2025-05-25T04:01:52.110
Finished copy 32 at 2025-05-25T04:01:53.921
Finished copy 490 at 2025-05-25T04:01:54.305
Finished copy 192 at 2025-05-25T04:02:01.660
Finished copy 342 at 2025-05-25T04:02:05.671
Finished copy 491 at 2025-05-25T04:02:10.619
Finished copy 33 at 2025-05-25T04:02:13.421
Finished copy 343 at 2025-05-25T04:02:18.878
Finished copy 193 at 2025-05-25T04:02:19.186
Finished copy 492 at 2025-05-25T04:02:23.717
Finished copy 344 at 2025-05-25T04:02:32.353
Finished copy 194 at 2025-05-25T04:02:32.505
Finished copy 34 at 2025-05-25T04:02:33.810
Finished copy 493 at 2025-05-25T04:02:36.952
Finished copy 345 at 2025-05-25T04:02:47.811
Finished copy 195 at 2025-05-25T04:02:48.491
Finished copy 35 at 2025-05-25T04:02:51.115
Finished copy 494 at 2025-05-25T04:02:51.685
Finished copy 346 at 2025-05-25T04:03:01.795
Finished copy 196 at 2025-05-25T04:03:02.790
Finished copy 495 at 2025-05-25T04:03:08.020
Finished copy 36 at 2025-05-25T04:03:15.213
Finished copy 347 at 2025-05-25T04:03:16.249
Finished copy 197 at 2025-05-25T04:03:16.576
Finished copy 496 at 2025-05-25T04:03:23.881
Finished copy 348 at 2025-05-25T04:03:29.704
Finished copy 37 at 2025-05-25T04:03:31.506
Finished copy 198 at 2025-05-25T04:03:32.262
Finished copy 497 at 2025-05-25T04:03:36.938
Finished copy 349 at 2025-05-25T04:03:44.637
Finished copy 199 at 2025-05-25T04:03:46.428
Finished copy 38 at 2025-05-25T04:03:48.944
Finished copy 498 at 2025-05-25T04:03:52.125
Finished copy 350 at 2025-05-25T04:03:59.047
Finished copy 200 at 2025-05-25T04:04:00.202
Finished copy 39 at 2025-05-25T04:04:05.541
Finished copy 499 at 2025-05-25T04:04:06.809
Finished copy 351 at 2025-05-25T04:04:12.731
Finished copy 201 at 2025-05-25T04:04:16.437
Finished copy 500 at 2025-05-25T04:04:20.404
Finished copy 40 at 2025-05-25T04:04:23.341
Finished copy 352 at 2025-05-25T04:04:28.063
Finished copy 202 at 2025-05-25T04:04:30.141
Finished copy 501 at 2025-05-25T04:04:37.430
Finished copy 41 at 2025-05-25T04:04:39.893
Finished copy 353 at 2025-05-25T04:04:43.390
Finished copy 203 at 2025-05-25T04:04:45.195
Finished copy 502 at 2025-05-25T04:04:51.750
Finished copy 354 at 2025-05-25T04:04:56.534
Finished copy 42 at 2025-05-25T04:04:57.994
Finished copy 204 at 2025-05-25T04:04:59.089
Finished copy 503 at 2025-05-25T04:05:07.640
Finished copy 355 at 2025-05-25T04:05:10.172
Finished copy 205 at 2025-05-25T04:05:13.599
Finished copy 43 at 2025-05-25T04:05:16.306
Finished copy 504 at 2025-05-25T04:05:21.261
Finished copy 356 at 2025-05-25T04:05:24.843
Finished copy 206 at 2025-05-25T04:05:29.893
Finished copy 44 at 2025-05-25T04:05:34.215
Finished copy 505 at 2025-05-25T04:05:37.066
Finished copy 357 at 2025-05-25T04:05:41.329
Finished copy 207 at 2025-05-25T04:05:44.024
Finished copy 506 at 2025-05-25T04:05:51.284
Finished copy 45 at 2025-05-25T04:05:51.441
Finished copy 358 at 2025-05-25T04:05:55.408
Finished copy 208 at 2025-05-25T04:05:58.825
Finished copy 507 at 2025-05-25T04:06:06.310
Finished copy 359 at 2025-05-25T04:06:09.720
Finished copy 46 at 2025-05-25T04:06:10.105
Finished copy 209 at 2025-05-25T04:06:13.857
Finished copy 508 at 2025-05-25T04:06:21.604
Finished copy 360 at 2025-05-25T04:06:24.315
Finished copy 47 at 2025-05-25T04:06:27.108
Finished copy 210 at 2025-05-25T04:06:28.745
Finished copy 509 at 2025-05-25T04:06:34.701
Finished copy 361 at 2025-05-25T04:06:40.214
Finished copy 211 at 2025-05-25T04:06:41.719
Finished copy 48 at 2025-05-25T04:06:44.618
Finished copy 510 at 2025-05-25T04:06:49.714
Finished copy 362 at 2025-05-25T04:06:54.297
Finished copy 212 at 2025-05-25T04:06:56.716
Finished copy 49 at 2025-05-25T04:07:01.429
Finished copy 511 at 2025-05-25T04:07:04.437
Finished copy 363 at 2025-05-25T04:07:08.633
Finished copy 213 at 2025-05-25T04:07:10.558
Finished copy 50 at 2025-05-25T04:07:18.691
Finished copy 512 at 2025-05-25T04:07:19.127
Finished copy 364 at 2025-05-25T04:07:21.871
Finished copy 214 at 2025-05-25T04:07:25.104
Finished copy 513 at 2025-05-25T04:07:33.040
Finished copy 365 at 2025-05-25T04:07:36.696
Finished copy 51 at 2025-05-25T04:07:36.703
Finished copy 215 at 2025-05-25T04:07:39.293
Finished copy 514 at 2025-05-25T04:07:48.924
Finished copy 366 at 2025-05-25T04:07:51.392
Finished copy 52 at 2025-05-25T04:07:55.371
Finished copy 216 at 2025-05-25T04:07:56.200
Finished copy 515 at 2025-05-25T04:08:03.178
Finished copy 367 at 2025-05-25T04:08:07.504
Finished copy 217 at 2025-05-25T04:08:10.300
Finished copy 53 at 2025-05-25T04:08:13.113
Finished copy 516 at 2025-05-25T04:08:17.685
Finished copy 368 at 2025-05-25T04:08:23.181
Finished copy 218 at 2025-05-25T04:08:25.702
Finished copy 54 at 2025-05-25T04:08:30.296
Finished copy 517 at 2025-05-25T04:08:31.621
Finished copy 369 at 2025-05-25T04:08:37.600
Finished copy 219 at 2025-05-25T04:08:40.668
Finished copy 518 at 2025-05-25T04:08:47.904
Finished copy 55 at 2025-05-25T04:08:50.026
Finished copy 370 at 2025-05-25T04:08:53.182
Finished copy 220 at 2025-05-25T04:08:54.610
Finished copy 519 at 2025-05-25T04:09:02.439
Finished copy 371 at 2025-05-25T04:09:07.456
Finished copy 56 at 2025-05-25T04:09:08.887
Finished copy 221 at 2025-05-25T04:09:09.599
Finished copy 520 at 2025-05-25T04:09:16.688
Finished copy 372 at 2025-05-25T04:09:23.336
Finished copy 222 at 2025-05-25T04:09:25.307
Finished copy 57 at 2025-05-25T04:09:28.545
Finished copy 521 at 2025-05-25T04:09:30.811
Finished copy 373 at 2025-05-25T04:09:37.358
Finished copy 58 at 2025-05-25T04:09:44.799
Finished copy 522 at 2025-05-25T04:09:45.144
Finished copy 223 at 2025-05-25T04:09:45.911
Finished copy 374 at 2025-05-25T04:09:51.895
Finished copy 523 at 2025-05-25T04:09:58.426
Finished copy 224 at 2025-05-25T04:09:59.959
Finished copy 59 at 2025-05-25T04:10:04.813
Finished copy 375 at 2025-05-25T04:10:06.350
Finished copy 524 at 2025-05-25T04:10:12.297
Finished copy 225 at 2025-05-25T04:10:13.501
Finished copy 60 at 2025-05-25T04:10:22.598
Finished copy 376 at 2025-05-25T04:10:22.862
Finished copy 525 at 2025-05-25T04:10:26.003
Finished copy 226 at 2025-05-25T04:10:27.769
Finished copy 377 at 2025-05-25T04:10:37.946
Finished copy 61 at 2025-05-25T04:10:38.715
Finished copy 526 at 2025-05-25T04:10:40.709
Finished copy 227 at 2025-05-25T04:10:41.476
Finished copy 378 at 2025-05-25T04:10:53.139
Finished copy 62 at 2025-05-25T04:10:57.972
Finished copy 228 at 2025-05-25T04:10:58.098
Finished copy 527 at 2025-05-25T04:10:58.755
Finished copy 379 at 2025-05-25T04:11:06.852
Finished copy 229 at 2025-05-25T04:11:12.738
Finished copy 528 at 2025-05-25T04:11:15.281
Finished copy 63 at 2025-05-25T04:11:18.469
Finished copy 380 at 2025-05-25T04:11:24.380
Finished copy 230 at 2025-05-25T04:11:26.975
Finished copy 529 at 2025-05-25T04:11:30.058
Finished copy 64 at 2025-05-25T04:11:36.763
Finished copy 381 at 2025-05-25T04:11:40.508
Finished copy 231 at 2025-05-25T04:11:42.318
Finished copy 530 at 2025-05-25T04:11:44.026
Finished copy 65 at 2025-05-25T04:11:52.509
Finished copy 382 at 2025-05-25T04:11:55.185
Finished copy 531 at 2025-05-25T04:11:56.461
Finished copy 232 at 2025-05-25T04:12:01.559
Finished copy 66 at 2025-05-25T04:12:08.669
Finished copy 383 at 2025-05-25T04:12:09.109
Finished copy 532 at 2025-05-25T04:12:12.357
Finished copy 233 at 2025-05-25T04:12:16.636
Finished copy 384 at 2025-05-25T04:12:22.698
Finished copy 533 at 2025-05-25T04:12:26.997
Finished copy 67 at 2025-05-25T04:12:29.386
Finished copy 234 at 2025-05-25T04:12:31.252
Finished copy 385 at 2025-05-25T04:12:36.803
Finished copy 534 at 2025-05-25T04:12:41.331
Finished copy 235 at 2025-05-25T04:12:45.750
Finished copy 68 at 2025-05-25T04:12:47.655
Finished copy 386 at 2025-05-25T04:12:51.064
Finished copy 535 at 2025-05-25T04:12:55.233
Finished copy 236 at 2025-05-25T04:13:02.585
Finished copy 387 at 2025-05-25T04:13:04.453
Finished copy 69 at 2025-05-25T04:13:05.554
Finished copy 536 at 2025-05-25T04:13:09.260
Finished copy 237 at 2025-05-25T04:13:16.028
Finished copy 70 at 2025-05-25T04:13:21.527
Finished copy 388 at 2025-05-25T04:13:21.666
Finished copy 537 at 2025-05-25T04:13:24.360
Finished copy 238 at 2025-05-25T04:13:31.569
Finished copy 389 at 2025-05-25T04:13:38.461
Finished copy 538 at 2025-05-25T04:13:39.459
Finished copy 71 at 2025-05-25T04:13:40.518
Finished copy 239 at 2025-05-25T04:13:46.433
Finished copy 539 at 2025-05-25T04:13:53.520
Finished copy 390 at 2025-05-25T04:13:53.748
Finished copy 72 at 2025-05-25T04:13:59.744
Finished copy 240 at 2025-05-25T04:14:03.114
Finished copy 540 at 2025-05-25T04:14:08.506
Finished copy 391 at 2025-05-25T04:14:08.567
Finished copy 73 at 2025-05-25T04:14:16.225
Finished copy 241 at 2025-05-25T04:14:19.035
Finished copy 392 at 2025-05-25T04:14:23.108
Finished copy 541 at 2025-05-25T04:14:23.551
Finished copy 242 at 2025-05-25T04:14:31.912
Finished copy 74 at 2025-05-25T04:14:32.901
Finished copy 393 at 2025-05-25T04:14:36.835
Finished copy 542 at 2025-05-25T04:14:39.377
Finished copy 243 at 2025-05-25T04:14:45.952
Finished copy 75 at 2025-05-25T04:14:50.731
Finished copy 394 at 2025-05-25T04:14:51.841
Finished copy 543 at 2025-05-25T04:14:53.705
Finished copy 244 at 2025-05-25T04:15:00.319
Finished copy 395 at 2025-05-25T04:15:07.542
Finished copy 544 at 2025-05-25T04:15:08.966
Finished copy 76 at 2025-05-25T04:15:09.421
Finished copy 245 at 2025-05-25T04:15:14.281
Finished copy 396 at 2025-05-25T04:15:21.807
Finished copy 545 at 2025-05-25T04:15:23.501
Finished copy 77 at 2025-05-25T04:15:25.772
Finished copy 246 at 2025-05-25T04:15:30.090
Finished copy 397 at 2025-05-25T04:15:35.794
Finished copy 546 at 2025-05-25T04:15:39.730
Finished copy 78 at 2025-05-25T04:15:44.023
Finished copy 247 at 2025-05-25T04:15:44.047
Finished copy 398 at 2025-05-25T04:15:49.549
Finished copy 547 at 2025-05-25T04:15:54.861
Finished copy 248 at 2025-05-25T04:15:58.420
Finished copy 399 at 2025-05-25T04:16:05.248
Finished copy 79 at 2025-05-25T04:16:06.344
Finished copy 548 at 2025-05-25T04:16:09.287
Finished copy 249 at 2025-05-25T04:16:13.576
Finished copy 400 at 2025-05-25T04:16:20.616
Finished copy 549 at 2025-05-25T04:16:24.769
Finished copy 80 at 2025-05-25T04:16:25.806
Finished copy 250 at 2025-05-25T04:16:26.709
Finished copy 401 at 2025-05-25T04:16:34.660
Finished copy 550 at 2025-05-25T04:16:40.095
Finished copy 251 at 2025-05-25T04:16:40.708
Finished copy 81 at 2025-05-25T04:16:44.514
Finished copy 402 at 2025-05-25T04:16:48.348
Finished copy 551 at 2025-05-25T04:16:54.251
Finished copy 252 at 2025-05-25T04:16:55.761
Finished copy 82 at 2025-05-25T04:17:00.760
Finished copy 403 at 2025-05-25T04:17:02.253
Finished copy 253 at 2025-05-25T04:17:08.900
Finished copy 552 at 2025-05-25T04:17:09.381
Finished copy 404 at 2025-05-25T04:17:15.738
Finished copy 83 at 2025-05-25T04:17:19.429
Finished copy 553 at 2025-05-25T04:17:24.669
Finished copy 254 at 2025-05-25T04:17:24.918
Finished copy 405 at 2025-05-25T04:17:33.417
Finished copy 84 at 2025-05-25T04:17:36.919
Finished copy 554 at 2025-05-25T04:17:38.489
Finished copy 255 at 2025-05-25T04:17:38.765
Finished copy 406 at 2025-05-25T04:17:47.654
Finished copy 256 at 2025-05-25T04:17:54.240
Finished copy 555 at 2025-05-25T04:17:55.105
Finished copy 85 at 2025-05-25T04:17:55.263
Finished copy 407 at 2025-05-25T04:18:03.661
Finished copy 257 at 2025-05-25T04:18:09.080
Finished copy 556 at 2025-05-25T04:18:10.788
Finished copy 86 at 2025-05-25T04:18:13.410
Finished copy 258 at 2025-05-25T04:18:22.625
Finished copy 408 at 2025-05-25T04:18:22.742
Finished copy 557 at 2025-05-25T04:18:24.664
Finished copy 87 at 2025-05-25T04:18:31.265
Finished copy 259 at 2025-05-25T04:18:36.859
Finished copy 409 at 2025-05-25T04:18:38.441
Finished copy 558 at 2025-05-25T04:18:44.045
Finished copy 88 at 2025-05-25T04:18:50.012
Finished copy 260 at 2025-05-25T04:18:51.276
Finished copy 410 at 2025-05-25T04:18:52.986
Finished copy 559 at 2025-05-25T04:18:58.364
Finished copy 261 at 2025-05-25T04:19:05.185
Finished copy 411 at 2025-05-25T04:19:07.156
Finished copy 89 at 2025-05-25T04:19:08.151
Finished copy 560 at 2025-05-25T04:19:15.185
Finished copy 262 at 2025-05-25T04:19:18.725
Finished copy 412 at 2025-05-25T04:19:21.680
Finished copy 90 at 2025-05-25T04:19:26.722
Finished copy 561 at 2025-05-25T04:19:29.934
Finished copy 263 at 2025-05-25T04:19:35.094
Finished copy 413 at 2025-05-25T04:19:36.920
Finished copy 562 at 2025-05-25T04:19:45.435
Finished copy 91 at 2025-05-25T04:19:45.876
Finished copy 414 at 2025-05-25T04:19:51.520
Finished copy 264 at 2025-05-25T04:19:52.125
Finished copy 563 at 2025-05-25T04:19:58.308
Finished copy 415 at 2025-05-25T04:20:07.124
Finished copy 265 at 2025-05-25T04:20:08.410
Finished copy 92 at 2025-05-25T04:20:08.511
Finished copy 564 at 2025-05-25T04:20:12.654
Finished copy 416 at 2025-05-25T04:20:20.469
Finished copy 266 at 2025-05-25T04:20:21.979
Finished copy 93 at 2025-05-25T04:20:25.619
Finished copy 565 at 2025-05-25T04:20:27.160
Finished copy 417 at 2025-05-25T04:20:34.796
Finished copy 267 at 2025-05-25T04:20:36.691
Finished copy 566 at 2025-05-25T04:20:42.659
Finished copy 94 at 2025-05-25T04:20:42.708
Finished copy 418 at 2025-05-25T04:20:48.462
Finished copy 268 at 2025-05-25T04:20:52.259
Finished copy 567 at 2025-05-25T04:20:56.989
Finished copy 95 at 2025-05-25T04:21:01.125
Finished copy 419 at 2025-05-25T04:21:03.127
Finished copy 269 at 2025-05-25T04:21:07.384
Finished copy 568 at 2025-05-25T04:21:17.091
Finished copy 96 at 2025-05-25T04:21:18.634
Finished copy 420 at 2025-05-25T04:21:19.370
Finished copy 270 at 2025-05-25T04:21:20.977
Finished copy 569 at 2025-05-25T04:21:31.196
Finished copy 421 at 2025-05-25T04:21:33.794
Finished copy 97 at 2025-05-25T04:21:35.176
Finished copy 271 at 2025-05-25T04:21:37.060
Finished copy 570 at 2025-05-25T04:21:46.005
Finished copy 422 at 2025-05-25T04:21:48.168
Finished copy 98 at 2025-05-25T04:21:53.759
Finished copy 272 at 2025-05-25T04:21:54.237
Finished copy 571 at 2025-05-25T04:22:01.276
Finished copy 423 at 2025-05-25T04:22:02.676
Finished copy 273 at 2025-05-25T04:22:09.334
Finished copy 99 at 2025-05-25T04:22:12.078
Finished copy 572 at 2025-05-25T04:22:16.165
Finished copy 424 at 2025-05-25T04:22:16.645
Finished copy 274 at 2025-05-25T04:22:24.448
Finished copy 425 at 2025-05-25T04:22:29.996
Finished copy 573 at 2025-05-25T04:22:31.431
Finished copy 100 at 2025-05-25T04:22:31.764
Finished copy 275 at 2025-05-25T04:22:38.178
Finished copy 426 at 2025-05-25T04:22:43.542
Finished copy 574 at 2025-05-25T04:22:45.281
Finished copy 276 at 2025-05-25T04:22:52.412
Finished copy 101 at 2025-05-25T04:22:53.964
Finished copy 427 at 2025-05-25T04:22:57.418
Finished copy 575 at 2025-05-25T04:22:59.193
Finished copy 277 at 2025-05-25T04:23:07.628
Finished copy 102 at 2025-05-25T04:23:10.559
Finished copy 428 at 2025-05-25T04:23:11.066
Finished copy 576 at 2025-05-25T04:23:13.053
Finished copy 278 at 2025-05-25T04:23:22.293
Finished copy 103 at 2025-05-25T04:23:27.494
Finished copy 577 at 2025-05-25T04:23:27.937
Finished copy 429 at 2025-05-25T04:23:30.920
Finished copy 279 at 2025-05-25T04:23:39.354
Finished copy 578 at 2025-05-25T04:23:42.788
Finished copy 104 at 2025-05-25T04:23:43.991
Finished copy 430 at 2025-05-25T04:23:45.310
Finished copy 280 at 2025-05-25T04:23:53.589
Finished copy 579 at 2025-05-25T04:23:56.590
Finished copy 431 at 2025-05-25T04:24:00.915
Finished copy 105 at 2025-05-25T04:24:02.524
Finished copy 580 at 2025-05-25T04:24:11.870
Finished copy 281 at 2025-05-25T04:24:12.408
Finished copy 432 at 2025-05-25T04:24:15.753
Finished copy 106 at 2025-05-25T04:24:20.694
Finished copy 581 at 2025-05-25T04:24:25.354
Finished copy 282 at 2025-05-25T04:24:27.189
Finished copy 433 at 2025-05-25T04:24:31.667
Finished copy 107 at 2025-05-25T04:24:37.658
Finished copy 582 at 2025-05-25T04:24:40.560
Finished copy 283 at 2025-05-25T04:24:43.156
Finished copy 434 at 2025-05-25T04:24:52.647
Finished copy 108 at 2025-05-25T04:24:57.070
Finished copy 583 at 2025-05-25T04:24:58.537
Finished copy 284 at 2025-05-25T04:24:59.094
Finished copy 435 at 2025-05-25T04:25:07.326
Finished copy 285 at 2025-05-25T04:25:13.461
Finished copy 584 at 2025-05-25T04:25:13.910
Finished copy 109 at 2025-05-25T04:25:15.126
Finished copy 436 at 2025-05-25T04:25:21.188
Finished copy 585 at 2025-05-25T04:25:28.235
Finished copy 286 at 2025-05-25T04:25:28.283
Finished copy 110 at 2025-05-25T04:25:32.546
Finished copy 437 at 2025-05-25T04:25:39.192
Finished copy 586 at 2025-05-25T04:25:42.037
Finished copy 287 at 2025-05-25T04:25:43.028
Finished copy 111 at 2025-05-25T04:25:48.421
Finished copy 438 at 2025-05-25T04:25:52.969
Finished copy 288 at 2025-05-25T04:25:57.804
Finished copy 587 at 2025-05-25T04:26:01.299
Finished copy 112 at 2025-05-25T04:26:04.919
Finished copy 439 at 2025-05-25T04:26:07.618
Finished copy 289 at 2025-05-25T04:26:11.180
Finished copy 588 at 2025-05-25T04:26:16.031
Finished copy 440 at 2025-05-25T04:26:22.674
Finished copy 113 at 2025-05-25T04:26:24.548
Finished copy 290 at 2025-05-25T04:26:26.518
Finished copy 589 at 2025-05-25T04:26:31.503
Finished copy 441 at 2025-05-25T04:26:35.489
Finished copy 291 at 2025-05-25T04:26:40.714
Finished copy 114 at 2025-05-25T04:26:41.527
Finished copy 590 at 2025-05-25T04:26:45.233
Finished copy 442 at 2025-05-25T04:26:50.536
Finished copy 292 at 2025-05-25T04:26:54.674
Finished copy 115 at 2025-05-25T04:26:59.424
Finished copy 591 at 2025-05-25T04:27:00.798
Finished copy 443 at 2025-05-25T04:27:04.347
Finished copy 293 at 2025-05-25T04:27:09.547
Finished copy 592 at 2025-05-25T04:27:16.229
Finished copy 116 at 2025-05-25T04:27:16.822
Finished copy 444 at 2025-05-25T04:27:18.711
Finished copy 294 at 2025-05-25T04:27:22.110
Finished copy 593 at 2025-05-25T04:27:30.080
Finished copy 445 at 2025-05-25T04:27:32.857
Finished copy 117 at 2025-05-25T04:27:35.003
Finished copy 295 at 2025-05-25T04:27:35.915
Finished copy 594 at 2025-05-25T04:27:44.931
Finished copy 446 at 2025-05-25T04:27:47.994
Finished copy 296 at 2025-05-25T04:27:48.810
Finished copy 118 at 2025-05-25T04:27:52.160
Finished copy 595 at 2025-05-25T04:27:58.580
Finished copy 447 at 2025-05-25T04:28:03.623
Finished copy 297 at 2025-05-25T04:28:03.851
Finished copy 119 at 2025-05-25T04:28:11.184
Finished copy 596 at 2025-05-25T04:28:13.388
Finished copy 298 at 2025-05-25T04:28:16.827
Finished copy 448 at 2025-05-25T04:28:20.682
Finished copy 299 at 2025-05-25T04:28:30.857
Finished copy 597 at 2025-05-25T04:28:30.861
Finished copy 120 at 2025-05-25T04:28:34.576
Finished copy 449 at 2025-05-25T04:28:36.628
Finished copy 300 at 2025-05-25T04:28:44.441
Finished copy 598 at 2025-05-25T04:28:46.583
Finished copy 450 at 2025-05-25T04:28:50.656
Finished copy 121 at 2025-05-25T04:28:52.474
Finished copy 599 at 2025-05-25T04:28:58.785
Finished copy 122 at 2025-05-25T04:29:05.802
Finished copy 600 at 2025-05-25T04:29:11.672
Finished copy 123 at 2025-05-25T04:29:17.079
Finished copy 124 at 2025-05-25T04:29:29.023
Finished copy 125 at 2025-05-25T04:29:40.929
Finished copy 126 at 2025-05-25T04:29:54.324
Finished copy 127 at 2025-05-25T04:30:05.858
Finished copy 128 at 2025-05-25T04:30:16.751
Finished copy 129 at 2025-05-25T04:30:26.887
Finished copy 130 at 2025-05-25T04:30:38.159
Finished copy 131 at 2025-05-25T04:30:50.060
Finished copy 132 at 2025-05-25T04:31:00.545
Finished copy 133 at 2025-05-25T04:31:13.341
Finished copy 134 at 2025-05-25T04:31:23.814
Finished copy 135 at 2025-05-25T04:31:36.039
Finished copy 136 at 2025-05-25T04:31:47.774
Finished copy 137 at 2025-05-25T04:31:59.912
Finished copy 138 at 2025-05-25T04:32:10.634
Finished copy 139 at 2025-05-25T04:32:22.246
Finished copy 140 at 2025-05-25T04:32:33.304
Finished copy 141 at 2025-05-25T04:32:44.495
Finished copy 142 at 2025-05-25T04:32:56.354
Finished copy 143 at 2025-05-25T04:33:06.940
Finished copy 144 at 2025-05-25T04:33:18.488
Finished copy 145 at 2025-05-25T04:33:29.730
Finished copy 146 at 2025-05-25T04:33:41.223
Finished copy 147 at 2025-05-25T04:33:54.203
Finished copy 148 at 2025-05-25T04:34:06.313
Finished copy 149 at 2025-05-25T04:34:18.315
Finished copy 150 at 2025-05-25T04:34:34.186
