Starting saddles simulation at 2025-05-24T20:21:45.952
Lattice size: 16
Beta values: [0.1, 0.10279944599549397, 0.10567726096980483, 0.10863563882017176, 0.11167683486080235, 0.11480316754220751, 0.1180170202186681, 0.1213208429651809, 0.12471715444526921, 0.12820854383108135, 0.1317976727772417, 0.13548727744995842, 0.13928017061293513, 0.14317924377167612, 0.14718746937782085, 0.15130790309518719, 0.15554368612925135, 0.15989804762184037, 0.16437430711286308, 0.16897587707095507, 0.17370626549496876, 0.1785690785882898, 0.18356802350802015, 0.1887069111911229, 0.19398965925968314, 0.19942029500750083, 0.20500295847029057, 0.21074190558183128, 0.21664151141846955, 0.22270627353445155, 0.22894081539062563, 0.23534988987912978, 0.2419383829467506, 0.24871131731971624, 0.25567385633276335, 0.26283130786539594, 0.2701891283883382, 0.27775292712326566, 0.2855284703189852, 0.2935216856473252, 0.3017386667220857, 0.3101856777444941, 0.3188691582787082, 0.3277957281610069, 0.3369721925464105, 0.3464055470965792, 0.3561029833129435, 0.36607189401913226, 0.3763198789968798, 0.3868547507797058, 0.39768454060878644, 0.4088175045555577, 0.4202621298157168, 0.4320271411794205, 0.4441215076826148, 0.4565544494445634, 0.46933544469678873, 0.48247423700878694, 0.49598084271601944, 0.5098655585558504, 0.5241389695172453, 0.5388119569102191, 0.553895706661185, 0.5694017178405246, 0.5853418114288852, 0.601728139328883, 0.6185731936290858, 0.6358898161273345, 0.6536912081206652, 0.6719909404692954, 0.6908029639423454, 0.710141619853183, 0.730021650992499, 0.7504582128674476, 0.7714668852554213, 0.7930636840812662, 0.815265073626996, 0.8380879790833082, 0.8615497994524721, 0.885668420812431, 0.9104622299522194, 0.9359501283891019, 0.9621515467781114, 0.9890864597249744, 1.0167754010137187, 1.045239479260565, 1.0745003940060471, 1.1045804522576164, 1.1355025854953513, 1.1672903671537318, 1.1999680305928035, 1.2335604875724422, 1.2680933472437848, 1.3035929356723266, 1.3400863159075478, 1.3776013086143843, 1.4161665132822627, 1.4558113300278694, 1.4965659820082826, 1.5384615384615383]
Copies: 600
Move type: l chain flip
----------------------------------
Finished copy 451 at 2025-05-24T20:21:47.908
Finished copy 151 at 2025-05-24T20:21:48.040
Finished copy 301 at 2025-05-24T20:21:48.047
Finished copy 1 at 2025-05-24T20:21:48.129
Finished copy 152 at 2025-05-24T20:21:49.806
Finished copy 452 at 2025-05-24T20:21:50.113
Finished copy 2 at 2025-05-24T20:21:50.238
Finished copy 302 at 2025-05-24T20:21:50.280
Finished copy 153 at 2025-05-24T20:21:51.777
Finished copy 453 at 2025-05-24T20:21:52.164
Finished copy 303 at 2025-05-24T20:21:52.324
Finished copy 3 at 2025-05-24T20:21:52.368
Finished copy 154 at 2025-05-24T20:21:53.727
Finished copy 454 at 2025-05-24T20:21:54.051
Finished copy 4 at 2025-05-24T20:21:54.088
Finished copy 304 at 2025-05-24T20:21:54.422
Finished copy 5 at 2025-05-24T20:21:55.831
Finished copy 155 at 2025-05-24T20:21:55.998
Finished copy 455 at 2025-05-24T20:21:56.237
Finished copy 305 at 2025-05-24T20:21:56.668
Finished copy 156 at 2025-05-24T20:21:57.845
Finished copy 6 at 2025-05-24T20:21:58.102
Finished copy 456 at 2025-05-24T20:21:58.350
Finished copy 306 at 2025-05-24T20:21:58.801
Finished copy 157 at 2025-05-24T20:21:59.740
Finished copy 457 at 2025-05-24T20:22:00.205
Finished copy 7 at 2025-05-24T20:22:00.230
Finished copy 307 at 2025-05-24T20:22:00.918
Finished copy 158 at 2025-05-24T20:22:01.962
Finished copy 8 at 2025-05-24T20:22:02.253
Finished copy 458 at 2025-05-24T20:22:02.417
Finished copy 308 at 2025-05-24T20:22:02.957
Finished copy 159 at 2025-05-24T20:22:04.055
Finished copy 9 at 2025-05-24T20:22:04.303
Finished copy 459 at 2025-05-24T20:22:04.553
Finished copy 309 at 2025-05-24T20:22:05.277
Finished copy 160 at 2025-05-24T20:22:06.078
Finished copy 10 at 2025-05-24T20:22:06.371
Finished copy 460 at 2025-05-24T20:22:06.753
Finished copy 310 at 2025-05-24T20:22:07.469
Finished copy 161 at 2025-05-24T20:22:08.048
Finished copy 11 at 2025-05-24T20:22:08.417
Finished copy 461 at 2025-05-24T20:22:08.718
Finished copy 311 at 2025-05-24T20:22:09.569
Finished copy 162 at 2025-05-24T20:22:10.149
Finished copy 12 at 2025-05-24T20:22:10.482
Finished copy 462 at 2025-05-24T20:22:10.784
Finished copy 312 at 2025-05-24T20:22:11.696
Finished copy 163 at 2025-05-24T20:22:12.075
Finished copy 13 at 2025-05-24T20:22:12.577
Finished copy 463 at 2025-05-24T20:22:12.794
Finished copy 313 at 2025-05-24T20:22:13.661
Finished copy 164 at 2025-05-24T20:22:14.042
Finished copy 14 at 2025-05-24T20:22:14.749
Finished copy 464 at 2025-05-24T20:22:15.207
Finished copy 314 at 2025-05-24T20:22:15.799
Finished copy 165 at 2025-05-24T20:22:16.355
Finished copy 15 at 2025-05-24T20:22:16.975
Finished copy 465 at 2025-05-24T20:22:17.516
Finished copy 315 at 2025-05-24T20:22:18.038
Finished copy 166 at 2025-05-24T20:22:18.441
Finished copy 16 at 2025-05-24T20:22:19.032
Finished copy 466 at 2025-05-24T20:22:19.695
Finished copy 316 at 2025-05-24T20:22:20.201
Finished copy 167 at 2025-05-24T20:22:20.470
Finished copy 17 at 2025-05-24T20:22:21.503
Finished copy 467 at 2025-05-24T20:22:21.633
Finished copy 317 at 2025-05-24T20:22:22.389
Finished copy 168 at 2025-05-24T20:22:22.518
Finished copy 468 at 2025-05-24T20:22:23.510
Finished copy 18 at 2025-05-24T20:22:23.668
Finished copy 318 at 2025-05-24T20:22:24.679
Finished copy 169 at 2025-05-24T20:22:24.693
Finished copy 469 at 2025-05-24T20:22:25.656
Finished copy 19 at 2025-05-24T20:22:25.658
Finished copy 170 at 2025-05-24T20:22:26.585
Finished copy 319 at 2025-05-24T20:22:26.662
Finished copy 20 at 2025-05-24T20:22:27.537
Finished copy 470 at 2025-05-24T20:22:27.670
Finished copy 171 at 2025-05-24T20:22:28.703
Finished copy 320 at 2025-05-24T20:22:28.746
Finished copy 21 at 2025-05-24T20:22:29.294
Finished copy 471 at 2025-05-24T20:22:29.845
Finished copy 172 at 2025-05-24T20:22:30.637
Finished copy 321 at 2025-05-24T20:22:31.107
Finished copy 22 at 2025-05-24T20:22:31.602
Finished copy 472 at 2025-05-24T20:22:31.910
Finished copy 322 at 2025-05-24T20:22:33.038
Finished copy 173 at 2025-05-24T20:22:33.122
Finished copy 23 at 2025-05-24T20:22:33.615
Finished copy 473 at 2025-05-24T20:22:33.903
Finished copy 323 at 2025-05-24T20:22:34.952
Finished copy 174 at 2025-05-24T20:22:35.341
Finished copy 24 at 2025-05-24T20:22:35.372
Finished copy 474 at 2025-05-24T20:22:36.008
Finished copy 324 at 2025-05-24T20:22:36.921
Finished copy 25 at 2025-05-24T20:22:37.184
Finished copy 175 at 2025-05-24T20:22:37.415
Finished copy 475 at 2025-05-24T20:22:38.051
Finished copy 325 at 2025-05-24T20:22:38.942
Finished copy 26 at 2025-05-24T20:22:39.152
Finished copy 176 at 2025-05-24T20:22:39.631
Finished copy 476 at 2025-05-24T20:22:39.976
Finished copy 326 at 2025-05-24T20:22:40.931
Finished copy 27 at 2025-05-24T20:22:41.097
Finished copy 177 at 2025-05-24T20:22:41.767
Finished copy 477 at 2025-05-24T20:22:41.943
Finished copy 327 at 2025-05-24T20:22:43.187
Finished copy 28 at 2025-05-24T20:22:43.353
Finished copy 478 at 2025-05-24T20:22:43.806
Finished copy 178 at 2025-05-24T20:22:44.195
Finished copy 328 at 2025-05-24T20:22:45.068
Finished copy 29 at 2025-05-24T20:22:45.439
Finished copy 179 at 2025-05-24T20:22:46.060
Finished copy 479 at 2025-05-24T20:22:46.105
Finished copy 329 at 2025-05-24T20:22:47.019
Finished copy 30 at 2025-05-24T20:22:47.562
Finished copy 180 at 2025-05-24T20:22:48.066
Finished copy 480 at 2025-05-24T20:22:48.100
Finished copy 330 at 2025-05-24T20:22:49.117
Finished copy 31 at 2025-05-24T20:22:49.611
Finished copy 481 at 2025-05-24T20:22:49.911
Finished copy 181 at 2025-05-24T20:22:50.205
Finished copy 331 at 2025-05-24T20:22:51.025
Finished copy 482 at 2025-05-24T20:22:51.858
Finished copy 32 at 2025-05-24T20:22:51.871
Finished copy 182 at 2025-05-24T20:22:52.531
Finished copy 332 at 2025-05-24T20:22:53.073
Finished copy 33 at 2025-05-24T20:22:53.837
Finished copy 483 at 2025-05-24T20:22:54.026
Finished copy 183 at 2025-05-24T20:22:54.606
Finished copy 333 at 2025-05-24T20:22:55.332
Finished copy 34 at 2025-05-24T20:22:55.823
Finished copy 484 at 2025-05-24T20:22:56.246
Finished copy 184 at 2025-05-24T20:22:56.501
Finished copy 334 at 2025-05-24T20:22:57.571
Finished copy 35 at 2025-05-24T20:22:57.990
Finished copy 485 at 2025-05-24T20:22:58.163
Finished copy 185 at 2025-05-24T20:22:58.360
Finished copy 335 at 2025-05-24T20:22:59.618
Finished copy 36 at 2025-05-24T20:23:00.100
Finished copy 186 at 2025-05-24T20:23:00.278
Finished copy 486 at 2025-05-24T20:23:00.312
Finished copy 336 at 2025-05-24T20:23:01.852
Finished copy 37 at 2025-05-24T20:23:01.969
Finished copy 187 at 2025-05-24T20:23:02.047
Finished copy 487 at 2025-05-24T20:23:02.475
Finished copy 38 at 2025-05-24T20:23:03.964
Finished copy 188 at 2025-05-24T20:23:04.168
Finished copy 337 at 2025-05-24T20:23:04.172
Finished copy 488 at 2025-05-24T20:23:04.482
Finished copy 39 at 2025-05-24T20:23:06.044
Finished copy 338 at 2025-05-24T20:23:06.293
Finished copy 189 at 2025-05-24T20:23:06.354
Finished copy 489 at 2025-05-24T20:23:06.639
Finished copy 40 at 2025-05-24T20:23:08.102
Finished copy 339 at 2025-05-24T20:23:08.338
Finished copy 190 at 2025-05-24T20:23:08.462
Finished copy 490 at 2025-05-24T20:23:08.765
Finished copy 41 at 2025-05-24T20:23:10.167
Finished copy 191 at 2025-05-24T20:23:10.551
Finished copy 340 at 2025-05-24T20:23:10.594
Finished copy 491 at 2025-05-24T20:23:10.914
Finished copy 341 at 2025-05-24T20:23:12.395
Finished copy 42 at 2025-05-24T20:23:12.544
Finished copy 192 at 2025-05-24T20:23:12.911
Finished copy 492 at 2025-05-24T20:23:13.141
Finished copy 43 at 2025-05-24T20:23:14.507
Finished copy 193 at 2025-05-24T20:23:15.011
Finished copy 342 at 2025-05-24T20:23:15.050
Finished copy 493 at 2025-05-24T20:23:15.377
Finished copy 44 at 2025-05-24T20:23:16.489
Finished copy 194 at 2025-05-24T20:23:16.994
Finished copy 343 at 2025-05-24T20:23:17.226
Finished copy 494 at 2025-05-24T20:23:17.575
Finished copy 45 at 2025-05-24T20:23:18.646
Finished copy 195 at 2025-05-24T20:23:19.018
Finished copy 344 at 2025-05-24T20:23:19.269
Finished copy 495 at 2025-05-24T20:23:19.555
Finished copy 46 at 2025-05-24T20:23:20.553
Finished copy 196 at 2025-05-24T20:23:21.043
Finished copy 345 at 2025-05-24T20:23:21.327
Finished copy 496 at 2025-05-24T20:23:21.748
Finished copy 47 at 2025-05-24T20:23:22.739
Finished copy 197 at 2025-05-24T20:23:22.957
Finished copy 346 at 2025-05-24T20:23:23.536
Finished copy 497 at 2025-05-24T20:23:23.572
Finished copy 48 at 2025-05-24T20:23:24.816
Finished copy 198 at 2025-05-24T20:23:25.018
Finished copy 498 at 2025-05-24T20:23:25.432
Finished copy 347 at 2025-05-24T20:23:25.476
Finished copy 199 at 2025-05-24T20:23:26.722
Finished copy 49 at 2025-05-24T20:23:26.854
Finished copy 348 at 2025-05-24T20:23:27.255
Finished copy 499 at 2025-05-24T20:23:27.305
Finished copy 50 at 2025-05-24T20:23:28.933
Finished copy 200 at 2025-05-24T20:23:29.009
Finished copy 349 at 2025-05-24T20:23:29.456
Finished copy 500 at 2025-05-24T20:23:29.700
Finished copy 51 at 2025-05-24T20:23:30.998
Finished copy 201 at 2025-05-24T20:23:31.163
Finished copy 350 at 2025-05-24T20:23:31.697
Finished copy 501 at 2025-05-24T20:23:32.052
Finished copy 52 at 2025-05-24T20:23:32.979
Finished copy 202 at 2025-05-24T20:23:33.506
Finished copy 351 at 2025-05-24T20:23:33.926
Finished copy 502 at 2025-05-24T20:23:33.960
Finished copy 53 at 2025-05-24T20:23:34.996
Finished copy 203 at 2025-05-24T20:23:35.399
Finished copy 352 at 2025-05-24T20:23:35.993
Finished copy 503 at 2025-05-24T20:23:36.189
Finished copy 54 at 2025-05-24T20:23:36.756
Finished copy 204 at 2025-05-24T20:23:37.417
Finished copy 353 at 2025-05-24T20:23:37.642
Finished copy 504 at 2025-05-24T20:23:38.582
Finished copy 55 at 2025-05-24T20:23:38.920
Finished copy 354 at 2025-05-24T20:23:39.580
Finished copy 205 at 2025-05-24T20:23:39.684
Finished copy 505 at 2025-05-24T20:23:40.574
Finished copy 56 at 2025-05-24T20:23:41.136
Finished copy 355 at 2025-05-24T20:23:41.727
Finished copy 206 at 2025-05-24T20:23:41.855
Finished copy 506 at 2025-05-24T20:23:42.754
Finished copy 57 at 2025-05-24T20:23:43.572
Finished copy 207 at 2025-05-24T20:23:43.746
Finished copy 356 at 2025-05-24T20:23:44.307
Finished copy 507 at 2025-05-24T20:23:44.863
Finished copy 58 at 2025-05-24T20:23:45.623
Finished copy 208 at 2025-05-24T20:23:45.760
Finished copy 357 at 2025-05-24T20:23:46.374
Finished copy 508 at 2025-05-24T20:23:46.914
Finished copy 59 at 2025-05-24T20:23:47.559
Finished copy 209 at 2025-05-24T20:23:47.749
Finished copy 358 at 2025-05-24T20:23:48.564
Finished copy 509 at 2025-05-24T20:23:49.221
Finished copy 60 at 2025-05-24T20:23:49.679
Finished copy 210 at 2025-05-24T20:23:49.805
Finished copy 359 at 2025-05-24T20:23:50.507
Finished copy 510 at 2025-05-24T20:23:50.880
Finished copy 61 at 2025-05-24T20:23:51.768
Finished copy 211 at 2025-05-24T20:23:51.985
Finished copy 360 at 2025-05-24T20:23:52.608
Finished copy 511 at 2025-05-24T20:23:52.806
Finished copy 62 at 2025-05-24T20:23:53.631
Finished copy 212 at 2025-05-24T20:23:54.110
Finished copy 361 at 2025-05-24T20:23:54.435
Finished copy 512 at 2025-05-24T20:23:54.728
Finished copy 63 at 2025-05-24T20:23:55.501
Finished copy 362 at 2025-05-24T20:23:56.242
Finished copy 213 at 2025-05-24T20:23:56.490
Finished copy 513 at 2025-05-24T20:23:56.807
Finished copy 64 at 2025-05-24T20:23:57.344
Finished copy 363 at 2025-05-24T20:23:58.086
Finished copy 214 at 2025-05-24T20:23:58.634
Finished copy 514 at 2025-05-24T20:23:59.026
Finished copy 65 at 2025-05-24T20:23:59.455
Finished copy 364 at 2025-05-24T20:24:00.345
Finished copy 215 at 2025-05-24T20:24:00.558
Finished copy 515 at 2025-05-24T20:24:00.926
Finished copy 66 at 2025-05-24T20:24:01.115
Finished copy 365 at 2025-05-24T20:24:02.180
Finished copy 216 at 2025-05-24T20:24:02.328
Finished copy 516 at 2025-05-24T20:24:02.884
Finished copy 67 at 2025-05-24T20:24:02.893
Finished copy 366 at 2025-05-24T20:24:04.003
Finished copy 217 at 2025-05-24T20:24:04.318
Finished copy 68 at 2025-05-24T20:24:04.641
Finished copy 517 at 2025-05-24T20:24:04.744
Finished copy 367 at 2025-05-24T20:24:06.141
Finished copy 218 at 2025-05-24T20:24:06.179
Finished copy 518 at 2025-05-24T20:24:06.666
Finished copy 69 at 2025-05-24T20:24:06.710
Finished copy 368 at 2025-05-24T20:24:08.091
Finished copy 219 at 2025-05-24T20:24:08.260
Finished copy 519 at 2025-05-24T20:24:08.501
Finished copy 70 at 2025-05-24T20:24:08.505
Finished copy 369 at 2025-05-24T20:24:09.972
Finished copy 520 at 2025-05-24T20:24:10.358
Finished copy 220 at 2025-05-24T20:24:10.522
Finished copy 71 at 2025-05-24T20:24:10.796
Finished copy 370 at 2025-05-24T20:24:11.856
Finished copy 521 at 2025-05-24T20:24:12.473
Finished copy 221 at 2025-05-24T20:24:12.645
Finished copy 72 at 2025-05-24T20:24:12.682
Finished copy 371 at 2025-05-24T20:24:13.661
Finished copy 522 at 2025-05-24T20:24:14.593
Finished copy 73 at 2025-05-24T20:24:14.773
Finished copy 222 at 2025-05-24T20:24:14.888
Finished copy 372 at 2025-05-24T20:24:15.650
Finished copy 523 at 2025-05-24T20:24:16.522
Finished copy 223 at 2025-05-24T20:24:16.894
Finished copy 74 at 2025-05-24T20:24:16.930
Finished copy 373 at 2025-05-24T20:24:17.459
Finished copy 524 at 2025-05-24T20:24:18.797
Finished copy 75 at 2025-05-24T20:24:18.816
Finished copy 224 at 2025-05-24T20:24:19.085
Finished copy 374 at 2025-05-24T20:24:19.402
Finished copy 76 at 2025-05-24T20:24:20.631
Finished copy 525 at 2025-05-24T20:24:21.031
Finished copy 225 at 2025-05-24T20:24:21.077
Finished copy 375 at 2025-05-24T20:24:21.542
Finished copy 77 at 2025-05-24T20:24:22.801
Finished copy 226 at 2025-05-24T20:24:22.862
Finished copy 526 at 2025-05-24T20:24:22.908
Finished copy 376 at 2025-05-24T20:24:23.433
Finished copy 227 at 2025-05-24T20:24:24.739
Finished copy 78 at 2025-05-24T20:24:24.756
Finished copy 527 at 2025-05-24T20:24:24.952
Finished copy 377 at 2025-05-24T20:24:25.440
Finished copy 228 at 2025-05-24T20:24:26.655
Finished copy 79 at 2025-05-24T20:24:26.697
Finished copy 528 at 2025-05-24T20:24:26.830
Finished copy 378 at 2025-05-24T20:24:27.803
Finished copy 80 at 2025-05-24T20:24:28.457
Finished copy 229 at 2025-05-24T20:24:28.618
Finished copy 529 at 2025-05-24T20:24:28.745
Finished copy 379 at 2025-05-24T20:24:29.962
Finished copy 81 at 2025-05-24T20:24:30.444
Finished copy 530 at 2025-05-24T20:24:30.655
Finished copy 230 at 2025-05-24T20:24:30.697
Finished copy 380 at 2025-05-24T20:24:32.003
Finished copy 82 at 2025-05-24T20:24:32.526
Finished copy 531 at 2025-05-24T20:24:33.017
Finished copy 231 at 2025-05-24T20:24:33.265
Finished copy 381 at 2025-05-24T20:24:33.881
Finished copy 83 at 2025-05-24T20:24:34.449
Finished copy 532 at 2025-05-24T20:24:34.809
Finished copy 232 at 2025-05-24T20:24:34.972
Finished copy 382 at 2025-05-24T20:24:35.822
Finished copy 84 at 2025-05-24T20:24:36.468
Finished copy 533 at 2025-05-24T20:24:36.642
Finished copy 233 at 2025-05-24T20:24:36.707
Finished copy 383 at 2025-05-24T20:24:37.927
Finished copy 85 at 2025-05-24T20:24:38.422
Finished copy 234 at 2025-05-24T20:24:38.465
Finished copy 534 at 2025-05-24T20:24:38.541
Finished copy 384 at 2025-05-24T20:24:39.961
Finished copy 86 at 2025-05-24T20:24:40.335
Finished copy 235 at 2025-05-24T20:24:40.504
Finished copy 535 at 2025-05-24T20:24:41.026
Finished copy 385 at 2025-05-24T20:24:41.762
Finished copy 87 at 2025-05-24T20:24:42.376
Finished copy 236 at 2025-05-24T20:24:42.415
Finished copy 536 at 2025-05-24T20:24:43.305
Finished copy 386 at 2025-05-24T20:24:43.697
Finished copy 88 at 2025-05-24T20:24:44.395
Finished copy 237 at 2025-05-24T20:24:44.637
Finished copy 537 at 2025-05-24T20:24:45.166
Finished copy 387 at 2025-05-24T20:24:45.658
Finished copy 89 at 2025-05-24T20:24:46.349
Finished copy 238 at 2025-05-24T20:24:46.473
Finished copy 538 at 2025-05-24T20:24:46.994
Finished copy 388 at 2025-05-24T20:24:47.637
Finished copy 90 at 2025-05-24T20:24:48.442
Finished copy 239 at 2025-05-24T20:24:48.492
Finished copy 539 at 2025-05-24T20:24:49.050
Finished copy 389 at 2025-05-24T20:24:49.653
Finished copy 240 at 2025-05-24T20:24:50.303
Finished copy 91 at 2025-05-24T20:24:50.515
Finished copy 540 at 2025-05-24T20:24:50.989
Finished copy 390 at 2025-05-24T20:24:51.591
Finished copy 241 at 2025-05-24T20:24:52.277
Finished copy 92 at 2025-05-24T20:24:52.525
Finished copy 541 at 2025-05-24T20:24:52.763
Finished copy 391 at 2025-05-24T20:24:53.663
Finished copy 242 at 2025-05-24T20:24:54.376
Finished copy 93 at 2025-05-24T20:24:54.500
Finished copy 542 at 2025-05-24T20:24:54.713
Finished copy 392 at 2025-05-24T20:24:55.715
Finished copy 243 at 2025-05-24T20:24:56.244
Finished copy 94 at 2025-05-24T20:24:56.326
Finished copy 543 at 2025-05-24T20:24:56.803
Finished copy 393 at 2025-05-24T20:24:57.725
Finished copy 244 at 2025-05-24T20:24:58.209
Finished copy 95 at 2025-05-24T20:24:58.220
Finished copy 544 at 2025-05-24T20:24:58.978
Finished copy 394 at 2025-05-24T20:24:59.680
Finished copy 96 at 2025-05-24T20:25:00.075
Finished copy 245 at 2025-05-24T20:25:00.242
Finished copy 545 at 2025-05-24T20:25:00.808
Finished copy 395 at 2025-05-24T20:25:01.523
Finished copy 97 at 2025-05-24T20:25:02.049
Finished copy 246 at 2025-05-24T20:25:02.493
Finished copy 546 at 2025-05-24T20:25:02.780
Finished copy 396 at 2025-05-24T20:25:03.986
Finished copy 98 at 2025-05-24T20:25:04.265
Finished copy 547 at 2025-05-24T20:25:04.766
Finished copy 247 at 2025-05-24T20:25:04.800
Finished copy 397 at 2025-05-24T20:25:06.053
Finished copy 99 at 2025-05-24T20:25:06.296
Finished copy 548 at 2025-05-24T20:25:06.499
Finished copy 248 at 2025-05-24T20:25:06.728
Finished copy 398 at 2025-05-24T20:25:08.183
Finished copy 100 at 2025-05-24T20:25:08.341
Finished copy 549 at 2025-05-24T20:25:08.474
Finished copy 249 at 2025-05-24T20:25:08.871
Finished copy 399 at 2025-05-24T20:25:10.153
Finished copy 101 at 2025-05-24T20:25:10.439
Finished copy 550 at 2025-05-24T20:25:10.519
Finished copy 250 at 2025-05-24T20:25:10.760
Finished copy 400 at 2025-05-24T20:25:12.093
Finished copy 102 at 2025-05-24T20:25:12.472
Finished copy 551 at 2025-05-24T20:25:12.531
Finished copy 251 at 2025-05-24T20:25:12.680
Finished copy 401 at 2025-05-24T20:25:14.129
Finished copy 103 at 2025-05-24T20:25:14.328
Finished copy 552 at 2025-05-24T20:25:14.442
Finished copy 252 at 2025-05-24T20:25:14.682
Finished copy 402 at 2025-05-24T20:25:16.145
Finished copy 553 at 2025-05-24T20:25:16.345
Finished copy 104 at 2025-05-24T20:25:16.552
Finished copy 253 at 2025-05-24T20:25:16.901
Finished copy 403 at 2025-05-24T20:25:18.238
Finished copy 554 at 2025-05-24T20:25:18.370
Finished copy 105 at 2025-05-24T20:25:18.511
Finished copy 254 at 2025-05-24T20:25:18.796
Finished copy 404 at 2025-05-24T20:25:20.084
Finished copy 555 at 2025-05-24T20:25:20.247
Finished copy 106 at 2025-05-24T20:25:20.641
Finished copy 255 at 2025-05-24T20:25:20.840
Finished copy 556 at 2025-05-24T20:25:21.813
Finished copy 405 at 2025-05-24T20:25:22.079
Finished copy 107 at 2025-05-24T20:25:22.413
Finished copy 256 at 2025-05-24T20:25:22.525
Finished copy 557 at 2025-05-24T20:25:23.847
Finished copy 108 at 2025-05-24T20:25:24.130
Finished copy 406 at 2025-05-24T20:25:24.614
Finished copy 257 at 2025-05-24T20:25:24.692
Finished copy 109 at 2025-05-24T20:25:26.005
Finished copy 558 at 2025-05-24T20:25:26.006
Finished copy 258 at 2025-05-24T20:25:26.706
Finished copy 407 at 2025-05-24T20:25:26.848
Finished copy 559 at 2025-05-24T20:25:27.818
Finished copy 110 at 2025-05-24T20:25:28.326
Finished copy 408 at 2025-05-24T20:25:28.656
Finished copy 259 at 2025-05-24T20:25:28.730
Finished copy 560 at 2025-05-24T20:25:29.580
Finished copy 111 at 2025-05-24T20:25:30.380
Finished copy 409 at 2025-05-24T20:25:30.426
Finished copy 260 at 2025-05-24T20:25:30.668
Finished copy 561 at 2025-05-24T20:25:31.465
Finished copy 112 at 2025-05-24T20:25:32.342
Finished copy 410 at 2025-05-24T20:25:32.350
Finished copy 261 at 2025-05-24T20:25:32.648
Finished copy 562 at 2025-05-24T20:25:33.471
Finished copy 113 at 2025-05-24T20:25:34.433
Finished copy 411 at 2025-05-24T20:25:34.473
Finished copy 262 at 2025-05-24T20:25:34.981
Finished copy 563 at 2025-05-24T20:25:35.235
Finished copy 412 at 2025-05-24T20:25:36.346
Finished copy 114 at 2025-05-24T20:25:36.379
Finished copy 263 at 2025-05-24T20:25:36.677
Finished copy 564 at 2025-05-24T20:25:37.424
Finished copy 413 at 2025-05-24T20:25:38.098
Finished copy 115 at 2025-05-24T20:25:38.147
Finished copy 264 at 2025-05-24T20:25:38.886
Finished copy 565 at 2025-05-24T20:25:39.257
Finished copy 414 at 2025-05-24T20:25:39.896
Finished copy 116 at 2025-05-24T20:25:40.252
Finished copy 265 at 2025-05-24T20:25:40.858
Finished copy 566 at 2025-05-24T20:25:41.100
Finished copy 415 at 2025-05-24T20:25:41.596
Finished copy 117 at 2025-05-24T20:25:42.403
Finished copy 266 at 2025-05-24T20:25:42.844
Finished copy 567 at 2025-05-24T20:25:42.973
Finished copy 416 at 2025-05-24T20:25:43.755
Finished copy 118 at 2025-05-24T20:25:44.318
Finished copy 267 at 2025-05-24T20:25:44.718
Finished copy 568 at 2025-05-24T20:25:45.111
Finished copy 417 at 2025-05-24T20:25:45.672
Finished copy 119 at 2025-05-24T20:25:46.148
Finished copy 268 at 2025-05-24T20:25:46.581
Finished copy 569 at 2025-05-24T20:25:46.908
Finished copy 418 at 2025-05-24T20:25:47.641
Finished copy 120 at 2025-05-24T20:25:48.253
Finished copy 269 at 2025-05-24T20:25:48.528
Finished copy 570 at 2025-05-24T20:25:48.846
Finished copy 419 at 2025-05-24T20:25:49.446
Finished copy 121 at 2025-05-24T20:25:50.160
Finished copy 270 at 2025-05-24T20:25:50.397
Finished copy 571 at 2025-05-24T20:25:50.828
Finished copy 420 at 2025-05-24T20:25:51.578
Finished copy 122 at 2025-05-24T20:25:51.893
Finished copy 271 at 2025-05-24T20:25:52.253
Finished copy 572 at 2025-05-24T20:25:52.769
Finished copy 421 at 2025-05-24T20:25:53.369
Finished copy 123 at 2025-05-24T20:25:53.764
Finished copy 272 at 2025-05-24T20:25:54.215
Finished copy 573 at 2025-05-24T20:25:54.762
Finished copy 422 at 2025-05-24T20:25:55.495
Finished copy 124 at 2025-05-24T20:25:55.605
Finished copy 273 at 2025-05-24T20:25:55.993
Finished copy 574 at 2025-05-24T20:25:56.834
Finished copy 125 at 2025-05-24T20:25:57.439
Finished copy 274 at 2025-05-24T20:25:57.895
Finished copy 423 at 2025-05-24T20:25:57.979
Finished copy 575 at 2025-05-24T20:25:58.973
Finished copy 126 at 2025-05-24T20:25:59.260
Finished copy 424 at 2025-05-24T20:25:59.803
Finished copy 275 at 2025-05-24T20:25:59.860
Finished copy 576 at 2025-05-24T20:26:00.581
Finished copy 127 at 2025-05-24T20:26:01.050
Finished copy 425 at 2025-05-24T20:26:01.841
Finished copy 276 at 2025-05-24T20:26:02.005
Finished copy 577 at 2025-05-24T20:26:02.745
Finished copy 128 at 2025-05-24T20:26:03.225
Finished copy 277 at 2025-05-24T20:26:03.945
Finished copy 426 at 2025-05-24T20:26:04.211
Finished copy 578 at 2025-05-24T20:26:04.541
Finished copy 129 at 2025-05-24T20:26:05.266
Finished copy 278 at 2025-05-24T20:26:05.896
Finished copy 427 at 2025-05-24T20:26:06.173
Finished copy 579 at 2025-05-24T20:26:06.331
Finished copy 130 at 2025-05-24T20:26:07.364
Finished copy 279 at 2025-05-24T20:26:07.903
Finished copy 428 at 2025-05-24T20:26:08.183
Finished copy 580 at 2025-05-24T20:26:08.416
Finished copy 131 at 2025-05-24T20:26:09.186
Finished copy 280 at 2025-05-24T20:26:09.939
Finished copy 429 at 2025-05-24T20:26:10.117
Finished copy 581 at 2025-05-24T20:26:10.450
Finished copy 132 at 2025-05-24T20:26:11.236
Finished copy 430 at 2025-05-24T20:26:12.093
Finished copy 281 at 2025-05-24T20:26:12.176
Finished copy 582 at 2025-05-24T20:26:12.219
Finished copy 133 at 2025-05-24T20:26:13.006
Finished copy 431 at 2025-05-24T20:26:13.787
Finished copy 583 at 2025-05-24T20:26:14.114
Finished copy 282 at 2025-05-24T20:26:14.302
Finished copy 134 at 2025-05-24T20:26:15.016
Finished copy 432 at 2025-05-24T20:26:15.802
Finished copy 584 at 2025-05-24T20:26:15.809
Finished copy 283 at 2025-05-24T20:26:16.083
Finished copy 135 at 2025-05-24T20:26:16.884
Finished copy 585 at 2025-05-24T20:26:17.458
Finished copy 433 at 2025-05-24T20:26:17.935
Finished copy 284 at 2025-05-24T20:26:18.020
Finished copy 136 at 2025-05-24T20:26:18.994
Finished copy 586 at 2025-05-24T20:26:19.460
Finished copy 434 at 2025-05-24T20:26:19.860
Finished copy 285 at 2025-05-24T20:26:20.180
Finished copy 137 at 2025-05-24T20:26:20.851
Finished copy 587 at 2025-05-24T20:26:21.599
Finished copy 435 at 2025-05-24T20:26:21.603
Finished copy 286 at 2025-05-24T20:26:22.108
Finished copy 138 at 2025-05-24T20:26:22.892
Finished copy 588 at 2025-05-24T20:26:23.412
Finished copy 436 at 2025-05-24T20:26:23.491
Finished copy 287 at 2025-05-24T20:26:24.505
Finished copy 139 at 2025-05-24T20:26:24.551
Finished copy 589 at 2025-05-24T20:26:25.154
Finished copy 437 at 2025-05-24T20:26:25.211
Finished copy 288 at 2025-05-24T20:26:26.435
Finished copy 140 at 2025-05-24T20:26:26.643
Finished copy 438 at 2025-05-24T20:26:26.997
Finished copy 590 at 2025-05-24T20:26:27.005
Finished copy 289 at 2025-05-24T20:26:28.345
Finished copy 141 at 2025-05-24T20:26:28.567
Finished copy 439 at 2025-05-24T20:26:29.010
Finished copy 591 at 2025-05-24T20:26:29.116
Finished copy 290 at 2025-05-24T20:26:30.700
Finished copy 142 at 2025-05-24T20:26:30.776
Finished copy 592 at 2025-05-24T20:26:31.049
Finished copy 440 at 2025-05-24T20:26:31.363
Finished copy 143 at 2025-05-24T20:26:32.731
Finished copy 291 at 2025-05-24T20:26:32.737
Finished copy 593 at 2025-05-24T20:26:33.080
Finished copy 441 at 2025-05-24T20:26:33.349
Finished copy 292 at 2025-05-24T20:26:34.809
Finished copy 144 at 2025-05-24T20:26:34.848
Finished copy 594 at 2025-05-24T20:26:35.043
Finished copy 442 at 2025-05-24T20:26:35.078
Finished copy 293 at 2025-05-24T20:26:36.687
Finished copy 145 at 2025-05-24T20:26:36.879
Finished copy 595 at 2025-05-24T20:26:36.950
Finished copy 443 at 2025-05-24T20:26:36.993
Finished copy 146 at 2025-05-24T20:26:38.585
Finished copy 294 at 2025-05-24T20:26:38.618
Finished copy 596 at 2025-05-24T20:26:38.983
Finished copy 444 at 2025-05-24T20:26:39.042
Finished copy 147 at 2025-05-24T20:26:40.575
Finished copy 295 at 2025-05-24T20:26:40.655
Finished copy 597 at 2025-05-24T20:26:40.822
Finished copy 445 at 2025-05-24T20:26:41.051
Finished copy 148 at 2025-05-24T20:26:42.450
Finished copy 296 at 2025-05-24T20:26:42.639
Finished copy 598 at 2025-05-24T20:26:42.904
Finished copy 446 at 2025-05-24T20:26:43.069
Finished copy 149 at 2025-05-24T20:26:44.209
Finished copy 297 at 2025-05-24T20:26:44.446
Finished copy 599 at 2025-05-24T20:26:44.759
Finished copy 447 at 2025-05-24T20:26:44.978
Finished copy 150 at 2025-05-24T20:26:46.279
Finished copy 298 at 2025-05-24T20:26:46.407
Finished copy 600 at 2025-05-24T20:26:46.495
Finished copy 448 at 2025-05-24T20:26:46.905
Finished copy 299 at 2025-05-24T20:26:48.205
Finished copy 449 at 2025-05-24T20:26:48.313
Finished copy 300 at 2025-05-24T20:26:49.696
Finished copy 450 at 2025-05-24T20:26:49.853
