Starting saddles simulation at 2025-05-24T21:55:48.111
Lattice size: 28
Beta values: [0.1, 0.10279944599549397, 0.10567726096980483, 0.10863563882017176, 0.11167683486080235, 0.11480316754220751, 0.1180170202186681, 0.1213208429651809, 0.12471715444526921, 0.12820854383108135, 0.1317976727772417, 0.13548727744995842, 0.13928017061293513, 0.14317924377167612, 0.14718746937782085, 0.15130790309518719, 0.15554368612925135, 0.15989804762184037, 0.16437430711286308, 0.16897587707095507, 0.17370626549496876, 0.1785690785882898, 0.18356802350802015, 0.1887069111911229, 0.19398965925968314, 0.19942029500750083, 0.20500295847029057, 0.21074190558183128, 0.21664151141846955, 0.22270627353445155, 0.22894081539062563, 0.23534988987912978, 0.2419383829467506, 0.24871131731971624, 0.25567385633276335, 0.26283130786539594, 0.2701891283883382, 0.27775292712326566, 0.2855284703189852, 0.2935216856473252, 0.3017386667220857, 0.3101856777444941, 0.3188691582787082, 0.3277957281610069, 0.3369721925464105, 0.3464055470965792, 0.3561029833129435, 0.36607189401913226, 0.3763198789968798, 0.3868547507797058, 0.39768454060878644, 0.4088175045555577, 0.4202621298157168, 0.4320271411794205, 0.4441215076826148, 0.4565544494445634, 0.46933544469678873, 0.48247423700878694, 0.49598084271601944, 0.5098655585558504, 0.5241389695172453, 0.5388119569102191, 0.553895706661185, 0.5694017178405246, 0.5853418114288852, 0.601728139328883, 0.6185731936290858, 0.6358898161273345, 0.6536912081206652, 0.6719909404692954, 0.6908029639423454, 0.710141619853183, 0.730021650992499, 0.7504582128674476, 0.7714668852554213, 0.7930636840812662, 0.815265073626996, 0.8380879790833082, 0.8615497994524721, 0.885668420812431, 0.9104622299522194, 0.9359501283891019, 0.9621515467781114, 0.9890864597249744, 1.0167754010137187, 1.045239479260565, 1.0745003940060471, 1.1045804522576164, 1.1355025854953513, 1.1672903671537318, 1.1999680305928035, 1.2335604875724422, 1.2680933472437848, 1.3035929356723266, 1.3400863159075478, 1.3776013086143843, 1.4161665132822627, 1.4558113300278694, 1.4965659820082826, 1.5384615384615383]
Copies: 600
Move type: l chain flip
----------------------------------
Finished copy 301 at 2025-05-24T21:55:52.881
Finished copy 451 at 2025-05-24T21:55:53.116
Finished copy 151 at 2025-05-24T21:55:53.360
Finished copy 1 at 2025-05-24T21:55:53.782
Finished copy 302 at 2025-05-24T21:55:57.543
Finished copy 452 at 2025-05-24T21:55:58.051
Finished copy 152 at 2025-05-24T21:55:58.257
Finished copy 2 at 2025-05-24T21:55:59.338
Finished copy 303 at 2025-05-24T21:56:02.377
Finished copy 453 at 2025-05-24T21:56:02.705
Finished copy 153 at 2025-05-24T21:56:02.955
Finished copy 3 at 2025-05-24T21:56:05.050
Finished copy 304 at 2025-05-24T21:56:07.175
Finished copy 454 at 2025-05-24T21:56:07.679
Finished copy 154 at 2025-05-24T21:56:08.190
Finished copy 4 at 2025-05-24T21:56:10.500
Finished copy 305 at 2025-05-24T21:56:12.331
Finished copy 455 at 2025-05-24T21:56:12.696
Finished copy 155 at 2025-05-24T21:56:13.131
Finished copy 5 at 2025-05-24T21:56:15.842
Finished copy 306 at 2025-05-24T21:56:16.701
Finished copy 456 at 2025-05-24T21:56:17.577
Finished copy 156 at 2025-05-24T21:56:17.599
Finished copy 6 at 2025-05-24T21:56:21.147
Finished copy 307 at 2025-05-24T21:56:21.285
Finished copy 157 at 2025-05-24T21:56:22.606
Finished copy 457 at 2025-05-24T21:56:22.942
Finished copy 308 at 2025-05-24T21:56:26.391
Finished copy 7 at 2025-05-24T21:56:26.662
Finished copy 158 at 2025-05-24T21:56:27.106
Finished copy 458 at 2025-05-24T21:56:28.934
Finished copy 309 at 2025-05-24T21:56:31.582
Finished copy 8 at 2025-05-24T21:56:31.818
Finished copy 159 at 2025-05-24T21:56:32.262
Finished copy 459 at 2025-05-24T21:56:33.797
Finished copy 310 at 2025-05-24T21:56:37.048
Finished copy 9 at 2025-05-24T21:56:37.503
Finished copy 160 at 2025-05-24T21:56:37.748
Finished copy 460 at 2025-05-24T21:56:38.963
Finished copy 311 at 2025-05-24T21:56:41.776
Finished copy 161 at 2025-05-24T21:56:42.873
Finished copy 10 at 2025-05-24T21:56:43.077
Finished copy 461 at 2025-05-24T21:56:44.337
Finished copy 312 at 2025-05-24T21:56:46.603
Finished copy 162 at 2025-05-24T21:56:47.477
Finished copy 11 at 2025-05-24T21:56:48.218
Finished copy 462 at 2025-05-24T21:56:49.445
Finished copy 313 at 2025-05-24T21:56:51.684
Finished copy 163 at 2025-05-24T21:56:52.555
Finished copy 12 at 2025-05-24T21:56:53.592
Finished copy 463 at 2025-05-24T21:56:54.455
Finished copy 314 at 2025-05-24T21:56:56.324
Finished copy 164 at 2025-05-24T21:56:57.349
Finished copy 13 at 2025-05-24T21:56:58.672
Finished copy 464 at 2025-05-24T21:56:59.269
Finished copy 315 at 2025-05-24T21:57:01.931
Finished copy 165 at 2025-05-24T21:57:02.070
Finished copy 14 at 2025-05-24T21:57:03.562
Finished copy 465 at 2025-05-24T21:57:04.019
Finished copy 316 at 2025-05-24T21:57:06.652
Finished copy 166 at 2025-05-24T21:57:06.939
Finished copy 15 at 2025-05-24T21:57:08.676
Finished copy 466 at 2025-05-24T21:57:08.928
Finished copy 167 at 2025-05-24T21:57:11.460
Finished copy 317 at 2025-05-24T21:57:11.541
Finished copy 16 at 2025-05-24T21:57:14.300
Finished copy 467 at 2025-05-24T21:57:14.382
Finished copy 168 at 2025-05-24T21:57:16.963
Finished copy 318 at 2025-05-24T21:57:17.032
Finished copy 468 at 2025-05-24T21:57:19.364
Finished copy 17 at 2025-05-24T21:57:19.786
Finished copy 169 at 2025-05-24T21:57:22.108
Finished copy 319 at 2025-05-24T21:57:22.174
Finished copy 469 at 2025-05-24T21:57:24.688
Finished copy 18 at 2025-05-24T21:57:25.473
Finished copy 170 at 2025-05-24T21:57:27.324
Finished copy 320 at 2025-05-24T21:57:27.560
Finished copy 470 at 2025-05-24T21:57:29.635
Finished copy 19 at 2025-05-24T21:57:31.165
Finished copy 171 at 2025-05-24T21:57:32.540
Finished copy 321 at 2025-05-24T21:57:32.885
Finished copy 471 at 2025-05-24T21:57:34.643
Finished copy 20 at 2025-05-24T21:57:37.518
Finished copy 172 at 2025-05-24T21:57:37.604
Finished copy 322 at 2025-05-24T21:57:37.771
Finished copy 472 at 2025-05-24T21:57:39.868
Finished copy 173 at 2025-05-24T21:57:42.416
Finished copy 323 at 2025-05-24T21:57:42.515
Finished copy 21 at 2025-05-24T21:57:43.322
Finished copy 473 at 2025-05-24T21:57:45.108
Finished copy 174 at 2025-05-24T21:57:47.717
Finished copy 324 at 2025-05-24T21:57:47.875
Finished copy 22 at 2025-05-24T21:57:48.811
Finished copy 474 at 2025-05-24T21:57:49.756
Finished copy 175 at 2025-05-24T21:57:52.387
Finished copy 325 at 2025-05-24T21:57:52.541
Finished copy 23 at 2025-05-24T21:57:53.998
Finished copy 475 at 2025-05-24T21:57:54.945
Finished copy 176 at 2025-05-24T21:57:57.438
Finished copy 326 at 2025-05-24T21:57:57.794
Finished copy 24 at 2025-05-24T21:57:59.549
Finished copy 476 at 2025-05-24T21:57:59.869
Finished copy 327 at 2025-05-24T21:58:02.490
Finished copy 177 at 2025-05-24T21:58:02.648
Finished copy 477 at 2025-05-24T21:58:04.671
Finished copy 25 at 2025-05-24T21:58:04.718
Finished copy 328 at 2025-05-24T21:58:07.595
Finished copy 178 at 2025-05-24T21:58:07.806
Finished copy 26 at 2025-05-24T21:58:09.341
Finished copy 478 at 2025-05-24T21:58:10.199
Finished copy 179 at 2025-05-24T21:58:12.470
Finished copy 329 at 2025-05-24T21:58:13.187
Finished copy 27 at 2025-05-24T21:58:14.500
Finished copy 479 at 2025-05-24T21:58:15.135
Finished copy 180 at 2025-05-24T21:58:17.488
Finished copy 330 at 2025-05-24T21:58:18.034
Finished copy 28 at 2025-05-24T21:58:19.388
Finished copy 480 at 2025-05-24T21:58:20.024
Finished copy 181 at 2025-05-24T21:58:22.410
Finished copy 331 at 2025-05-24T21:58:22.830
Finished copy 29 at 2025-05-24T21:58:25.055
Finished copy 481 at 2025-05-24T21:58:25.059
Finished copy 182 at 2025-05-24T21:58:27.171
Finished copy 332 at 2025-05-24T21:58:27.971
Finished copy 482 at 2025-05-24T21:58:29.709
Finished copy 30 at 2025-05-24T21:58:30.491
Finished copy 183 at 2025-05-24T21:58:31.748
Finished copy 333 at 2025-05-24T21:58:32.805
Finished copy 483 at 2025-05-24T21:58:34.566
Finished copy 31 at 2025-05-24T21:58:35.697
Finished copy 184 at 2025-05-24T21:58:37.003
Finished copy 334 at 2025-05-24T21:58:37.413
Finished copy 484 at 2025-05-24T21:58:39.416
Finished copy 32 at 2025-05-24T21:58:41.017
Finished copy 185 at 2025-05-24T21:58:42.084
Finished copy 335 at 2025-05-24T21:58:42.281
Finished copy 485 at 2025-05-24T21:58:44.369
Finished copy 33 at 2025-05-24T21:58:46.472
Finished copy 186 at 2025-05-24T21:58:47.035
Finished copy 336 at 2025-05-24T21:58:47.535
Finished copy 486 at 2025-05-24T21:58:49.164
Finished copy 34 at 2025-05-24T21:58:51.639
Finished copy 187 at 2025-05-24T21:58:52.311
Finished copy 337 at 2025-05-24T21:58:52.432
Finished copy 487 at 2025-05-24T21:58:54.301
Finished copy 188 at 2025-05-24T21:58:56.767
Finished copy 35 at 2025-05-24T21:58:56.994
Finished copy 338 at 2025-05-24T21:58:57.611
Finished copy 488 at 2025-05-24T21:58:59.260
Finished copy 339 at 2025-05-24T21:59:02.276
Finished copy 189 at 2025-05-24T21:59:02.441
Finished copy 36 at 2025-05-24T21:59:02.816
Finished copy 489 at 2025-05-24T21:59:04.482
Finished copy 340 at 2025-05-24T21:59:07.306
Finished copy 190 at 2025-05-24T21:59:07.417
Finished copy 37 at 2025-05-24T21:59:08.330
Finished copy 490 at 2025-05-24T21:59:09.614
Finished copy 191 at 2025-05-24T21:59:11.994
Finished copy 341 at 2025-05-24T21:59:12.046
Finished copy 38 at 2025-05-24T21:59:13.588
Finished copy 491 at 2025-05-24T21:59:15.050
Finished copy 342 at 2025-05-24T21:59:16.925
Finished copy 192 at 2025-05-24T21:59:17.125
Finished copy 39 at 2025-05-24T21:59:18.717
Finished copy 492 at 2025-05-24T21:59:19.804
Finished copy 343 at 2025-05-24T21:59:21.922
Finished copy 193 at 2025-05-24T21:59:21.926
Finished copy 40 at 2025-05-24T21:59:24.149
Finished copy 493 at 2025-05-24T21:59:25.297
Finished copy 344 at 2025-05-24T21:59:26.877
Finished copy 194 at 2025-05-24T21:59:27.463
Finished copy 41 at 2025-05-24T21:59:28.899
Finished copy 494 at 2025-05-24T21:59:30.467
Finished copy 345 at 2025-05-24T21:59:31.630
Finished copy 195 at 2025-05-24T21:59:32.507
Finished copy 42 at 2025-05-24T21:59:34.272
Finished copy 495 at 2025-05-24T21:59:35.880
Finished copy 346 at 2025-05-24T21:59:36.765
Finished copy 196 at 2025-05-24T21:59:37.876
Finished copy 43 at 2025-05-24T21:59:39.563
Finished copy 496 at 2025-05-24T21:59:40.802
Finished copy 347 at 2025-05-24T21:59:41.900
Finished copy 197 at 2025-05-24T21:59:42.767
Finished copy 44 at 2025-05-24T21:59:44.959
Finished copy 497 at 2025-05-24T21:59:46.241
Finished copy 348 at 2025-05-24T21:59:46.607
Finished copy 198 at 2025-05-24T21:59:47.852
Finished copy 45 at 2025-05-24T21:59:50.420
Finished copy 498 at 2025-05-24T21:59:51.054
Finished copy 349 at 2025-05-24T21:59:51.508
Finished copy 199 at 2025-05-24T21:59:53.082
Finished copy 46 at 2025-05-24T21:59:55.622
Finished copy 499 at 2025-05-24T21:59:56.070
Finished copy 350 at 2025-05-24T21:59:56.234
Finished copy 200 at 2025-05-24T21:59:58.150
Finished copy 500 at 2025-05-24T22:00:01.072
Finished copy 351 at 2025-05-24T22:00:01.397
Finished copy 47 at 2025-05-24T22:00:01.481
Finished copy 201 at 2025-05-24T22:00:03.389
Finished copy 501 at 2025-05-24T22:00:06.227
Finished copy 352 at 2025-05-24T22:00:06.322
Finished copy 48 at 2025-05-24T22:00:06.882
Finished copy 202 at 2025-05-24T22:00:08.545
Finished copy 502 at 2025-05-24T22:00:11.411
Finished copy 353 at 2025-05-24T22:00:11.612
Finished copy 49 at 2025-05-24T22:00:12.253
Finished copy 203 at 2025-05-24T22:00:13.448
Finished copy 354 at 2025-05-24T22:00:16.512
Finished copy 503 at 2025-05-24T22:00:16.550
Finished copy 50 at 2025-05-24T22:00:17.420
Finished copy 204 at 2025-05-24T22:00:18.374
Finished copy 355 at 2025-05-24T22:00:21.515
Finished copy 504 at 2025-05-24T22:00:22.271
Finished copy 51 at 2025-05-24T22:00:23.004
Finished copy 205 at 2025-05-24T22:00:23.173
Finished copy 356 at 2025-05-24T22:00:26.673
Finished copy 505 at 2025-05-24T22:00:27.174
Finished copy 206 at 2025-05-24T22:00:28.241
Finished copy 52 at 2025-05-24T22:00:28.794
Finished copy 357 at 2025-05-24T22:00:31.817
Finished copy 506 at 2025-05-24T22:00:32.233
Finished copy 207 at 2025-05-24T22:00:33.147
Finished copy 53 at 2025-05-24T22:00:34.303
Finished copy 358 at 2025-05-24T22:00:36.532
Finished copy 507 at 2025-05-24T22:00:37.157
Finished copy 208 at 2025-05-24T22:00:38.169
Finished copy 54 at 2025-05-24T22:00:40.264
Finished copy 359 at 2025-05-24T22:00:41.009
Finished copy 508 at 2025-05-24T22:00:41.802
Finished copy 209 at 2025-05-24T22:00:43.276
Finished copy 55 at 2025-05-24T22:00:45.715
Finished copy 360 at 2025-05-24T22:00:46.454
Finished copy 509 at 2025-05-24T22:00:47.495
Finished copy 210 at 2025-05-24T22:00:48.831
Finished copy 56 at 2025-05-24T22:00:51.009
Finished copy 361 at 2025-05-24T22:00:51.223
Finished copy 510 at 2025-05-24T22:00:52.412
Finished copy 211 at 2025-05-24T22:00:53.882
Finished copy 362 at 2025-05-24T22:00:56.299
Finished copy 57 at 2025-05-24T22:00:56.547
Finished copy 511 at 2025-05-24T22:00:57.518
Finished copy 212 at 2025-05-24T22:00:58.595
Finished copy 363 at 2025-05-24T22:01:01.451
Finished copy 58 at 2025-05-24T22:01:02.211
Finished copy 512 at 2025-05-24T22:01:02.316
Finished copy 213 at 2025-05-24T22:01:03.200
Finished copy 364 at 2025-05-24T22:01:06.565
Finished copy 59 at 2025-05-24T22:01:07.137
Finished copy 513 at 2025-05-24T22:01:07.608
Finished copy 214 at 2025-05-24T22:01:07.812
Finished copy 365 at 2025-05-24T22:01:11.347
Finished copy 60 at 2025-05-24T22:01:12.210
Finished copy 514 at 2025-05-24T22:01:12.622
Finished copy 215 at 2025-05-24T22:01:12.878
Finished copy 366 at 2025-05-24T22:01:16.408
Finished copy 515 at 2025-05-24T22:01:17.286
Finished copy 61 at 2025-05-24T22:01:17.652
Finished copy 216 at 2025-05-24T22:01:18.411
Finished copy 367 at 2025-05-24T22:01:21.308
Finished copy 516 at 2025-05-24T22:01:22.485
Finished copy 62 at 2025-05-24T22:01:23.081
Finished copy 217 at 2025-05-24T22:01:23.407
Finished copy 368 at 2025-05-24T22:01:26.715
Finished copy 517 at 2025-05-24T22:01:27.546
Finished copy 63 at 2025-05-24T22:01:27.919
Finished copy 218 at 2025-05-24T22:01:28.575
Finished copy 369 at 2025-05-24T22:01:31.840
Finished copy 518 at 2025-05-24T22:01:32.600
Finished copy 219 at 2025-05-24T22:01:33.498
Finished copy 64 at 2025-05-24T22:01:33.901
Finished copy 370 at 2025-05-24T22:01:36.793
Finished copy 519 at 2025-05-24T22:01:37.759
Finished copy 220 at 2025-05-24T22:01:38.452
Finished copy 65 at 2025-05-24T22:01:39.361
Finished copy 371 at 2025-05-24T22:01:41.809
Finished copy 520 at 2025-05-24T22:01:42.634
Finished copy 221 at 2025-05-24T22:01:43.486
Finished copy 66 at 2025-05-24T22:01:44.698
Finished copy 372 at 2025-05-24T22:01:46.745
Finished copy 521 at 2025-05-24T22:01:47.674
Finished copy 222 at 2025-05-24T22:01:48.362
Finished copy 67 at 2025-05-24T22:01:50.206
Finished copy 373 at 2025-05-24T22:01:52.014
Finished copy 522 at 2025-05-24T22:01:52.532
Finished copy 223 at 2025-05-24T22:01:53.320
Finished copy 68 at 2025-05-24T22:01:55.093
Finished copy 374 at 2025-05-24T22:01:56.664
Finished copy 523 at 2025-05-24T22:01:57.531
Finished copy 224 at 2025-05-24T22:01:58.843
Finished copy 69 at 2025-05-24T22:02:00.973
Finished copy 375 at 2025-05-24T22:02:01.469
Finished copy 524 at 2025-05-24T22:02:02.547
Finished copy 225 at 2025-05-24T22:02:03.441
Finished copy 70 at 2025-05-24T22:02:06.407
Finished copy 376 at 2025-05-24T22:02:06.613
Finished copy 525 at 2025-05-24T22:02:07.577
Finished copy 226 at 2025-05-24T22:02:08.755
Finished copy 377 at 2025-05-24T22:02:11.445
Finished copy 71 at 2025-05-24T22:02:11.918
Finished copy 526 at 2025-05-24T22:02:12.660
Finished copy 227 at 2025-05-24T22:02:14.572
Finished copy 378 at 2025-05-24T22:02:16.192
Finished copy 72 at 2025-05-24T22:02:17.154
Finished copy 527 at 2025-05-24T22:02:17.492
Finished copy 228 at 2025-05-24T22:02:19.485
Finished copy 379 at 2025-05-24T22:02:21.336
Finished copy 73 at 2025-05-24T22:02:22.329
Finished copy 528 at 2025-05-24T22:02:22.464
Finished copy 229 at 2025-05-24T22:02:24.252
Finished copy 380 at 2025-05-24T22:02:26.603
Finished copy 529 at 2025-05-24T22:02:27.678
Finished copy 74 at 2025-05-24T22:02:27.739
Finished copy 230 at 2025-05-24T22:02:29.315
Finished copy 381 at 2025-05-24T22:02:31.799
Finished copy 530 at 2025-05-24T22:02:32.695
Finished copy 75 at 2025-05-24T22:02:33.324
Finished copy 231 at 2025-05-24T22:02:34.359
Finished copy 382 at 2025-05-24T22:02:36.927
Finished copy 531 at 2025-05-24T22:02:37.990
Finished copy 76 at 2025-05-24T22:02:39.144
Finished copy 232 at 2025-05-24T22:02:39.481
Finished copy 383 at 2025-05-24T22:02:41.952
Finished copy 532 at 2025-05-24T22:02:42.991
Finished copy 77 at 2025-05-24T22:02:44.166
Finished copy 233 at 2025-05-24T22:02:44.415
Finished copy 384 at 2025-05-24T22:02:46.993
Finished copy 533 at 2025-05-24T22:02:47.776
Finished copy 234 at 2025-05-24T22:02:49.400
Finished copy 78 at 2025-05-24T22:02:50.193
Finished copy 385 at 2025-05-24T22:02:52.103
Finished copy 534 at 2025-05-24T22:02:52.504
Finished copy 235 at 2025-05-24T22:02:54.421
Finished copy 79 at 2025-05-24T22:02:55.868
Finished copy 386 at 2025-05-24T22:02:57.443
Finished copy 535 at 2025-05-24T22:02:57.867
Finished copy 236 at 2025-05-24T22:02:59.649
Finished copy 80 at 2025-05-24T22:03:01.010
Finished copy 387 at 2025-05-24T22:03:02.589
Finished copy 536 at 2025-05-24T22:03:02.878
Finished copy 237 at 2025-05-24T22:03:04.432
Finished copy 81 at 2025-05-24T22:03:07.068
Finished copy 388 at 2025-05-24T22:03:07.247
Finished copy 537 at 2025-05-24T22:03:07.782
Finished copy 238 at 2025-05-24T22:03:09.309
Finished copy 389 at 2025-05-24T22:03:12.357
Finished copy 82 at 2025-05-24T22:03:12.895
Finished copy 538 at 2025-05-24T22:03:12.983
Finished copy 239 at 2025-05-24T22:03:13.811
Finished copy 390 at 2025-05-24T22:03:17.454
Finished copy 539 at 2025-05-24T22:03:18.545
Finished copy 83 at 2025-05-24T22:03:18.657
Finished copy 240 at 2025-05-24T22:03:18.949
Finished copy 391 at 2025-05-24T22:03:21.960
Finished copy 241 at 2025-05-24T22:03:23.763
Finished copy 540 at 2025-05-24T22:03:23.831
Finished copy 84 at 2025-05-24T22:03:24.216
Finished copy 392 at 2025-05-24T22:03:26.572
Finished copy 242 at 2025-05-24T22:03:29.056
Finished copy 541 at 2025-05-24T22:03:29.518
Finished copy 85 at 2025-05-24T22:03:29.710
Finished copy 393 at 2025-05-24T22:03:31.555
Finished copy 243 at 2025-05-24T22:03:34.178
Finished copy 542 at 2025-05-24T22:03:34.394
Finished copy 86 at 2025-05-24T22:03:35.309
Finished copy 394 at 2025-05-24T22:03:36.695
Finished copy 543 at 2025-05-24T22:03:38.973
Finished copy 244 at 2025-05-24T22:03:39.022
Finished copy 87 at 2025-05-24T22:03:41.055
Finished copy 395 at 2025-05-24T22:03:42.082
Finished copy 544 at 2025-05-24T22:03:44.088
Finished copy 245 at 2025-05-24T22:03:44.498
Finished copy 88 at 2025-05-24T22:03:46.137
Finished copy 396 at 2025-05-24T22:03:47.136
Finished copy 545 at 2025-05-24T22:03:49.603
Finished copy 246 at 2025-05-24T22:03:49.769
Finished copy 89 at 2025-05-24T22:03:51.649
Finished copy 397 at 2025-05-24T22:03:52.317
Finished copy 546 at 2025-05-24T22:03:54.594
Finished copy 247 at 2025-05-24T22:03:54.858
Finished copy 90 at 2025-05-24T22:03:57.050
Finished copy 398 at 2025-05-24T22:03:57.303
Finished copy 547 at 2025-05-24T22:03:59.683
Finished copy 248 at 2025-05-24T22:04:00.103
Finished copy 399 at 2025-05-24T22:04:02.340
Finished copy 91 at 2025-05-24T22:04:02.887
Finished copy 548 at 2025-05-24T22:04:04.888
Finished copy 249 at 2025-05-24T22:04:05.312
Finished copy 400 at 2025-05-24T22:04:07.169
Finished copy 92 at 2025-05-24T22:04:07.872
Finished copy 549 at 2025-05-24T22:04:10.092
Finished copy 250 at 2025-05-24T22:04:10.680
Finished copy 401 at 2025-05-24T22:04:12.312
Finished copy 93 at 2025-05-24T22:04:13.431
Finished copy 550 at 2025-05-24T22:04:14.815
Finished copy 251 at 2025-05-24T22:04:15.485
Finished copy 402 at 2025-05-24T22:04:17.559
Finished copy 94 at 2025-05-24T22:04:18.925
Finished copy 551 at 2025-05-24T22:04:19.831
Finished copy 252 at 2025-05-24T22:04:20.467
Finished copy 403 at 2025-05-24T22:04:22.337
Finished copy 95 at 2025-05-24T22:04:23.970
Finished copy 552 at 2025-05-24T22:04:24.653
Finished copy 253 at 2025-05-24T22:04:25.199
Finished copy 404 at 2025-05-24T22:04:27.395
Finished copy 96 at 2025-05-24T22:04:29.291
Finished copy 553 at 2025-05-24T22:04:29.842
Finished copy 254 at 2025-05-24T22:04:30.470
Finished copy 405 at 2025-05-24T22:04:33.140
Finished copy 554 at 2025-05-24T22:04:34.892
Finished copy 97 at 2025-05-24T22:04:34.975
Finished copy 255 at 2025-05-24T22:04:35.302
Finished copy 406 at 2025-05-24T22:04:38.091
Finished copy 555 at 2025-05-24T22:04:39.424
Finished copy 256 at 2025-05-24T22:04:40.063
Finished copy 98 at 2025-05-24T22:04:40.500
Finished copy 407 at 2025-05-24T22:04:43.613
Finished copy 556 at 2025-05-24T22:04:44.529
Finished copy 99 at 2025-05-24T22:04:45.851
Finished copy 257 at 2025-05-24T22:04:45.878
Finished copy 408 at 2025-05-24T22:04:48.646
Finished copy 557 at 2025-05-24T22:04:49.866
Finished copy 258 at 2025-05-24T22:04:50.919
Finished copy 100 at 2025-05-24T22:04:52.035
Finished copy 409 at 2025-05-24T22:04:54.064
Finished copy 558 at 2025-05-24T22:04:54.463
Finished copy 259 at 2025-05-24T22:04:56.349
Finished copy 101 at 2025-05-24T22:04:57.792
Finished copy 410 at 2025-05-24T22:04:59.251
Finished copy 559 at 2025-05-24T22:04:59.357
Finished copy 260 at 2025-05-24T22:05:01.183
Finished copy 102 at 2025-05-24T22:05:03.435
Finished copy 560 at 2025-05-24T22:05:04.360
Finished copy 411 at 2025-05-24T22:05:04.542
Finished copy 261 at 2025-05-24T22:05:06.853
Finished copy 561 at 2025-05-24T22:05:09.021
Finished copy 103 at 2025-05-24T22:05:09.057
Finished copy 412 at 2025-05-24T22:05:09.476
Finished copy 262 at 2025-05-24T22:05:12.261
Finished copy 562 at 2025-05-24T22:05:14.094
Finished copy 413 at 2025-05-24T22:05:14.315
Finished copy 104 at 2025-05-24T22:05:14.608
Finished copy 263 at 2025-05-24T22:05:17.224
Finished copy 563 at 2025-05-24T22:05:18.811
Finished copy 414 at 2025-05-24T22:05:19.025
Finished copy 105 at 2025-05-24T22:05:19.847
Finished copy 264 at 2025-05-24T22:05:22.574
Finished copy 415 at 2025-05-24T22:05:23.846
Finished copy 564 at 2025-05-24T22:05:24.139
Finished copy 106 at 2025-05-24T22:05:25.611
Finished copy 265 at 2025-05-24T22:05:26.931
Finished copy 416 at 2025-05-24T22:05:28.591
Finished copy 565 at 2025-05-24T22:05:29.477
Finished copy 107 at 2025-05-24T22:05:31.147
Finished copy 266 at 2025-05-24T22:05:32.172
Finished copy 417 at 2025-05-24T22:05:33.373
Finished copy 566 at 2025-05-24T22:05:34.506
Finished copy 108 at 2025-05-24T22:05:36.677
Finished copy 267 at 2025-05-24T22:05:37.455
Finished copy 418 at 2025-05-24T22:05:38.880
Finished copy 567 at 2025-05-24T22:05:39.454
Finished copy 268 at 2025-05-24T22:05:42.346
Finished copy 109 at 2025-05-24T22:05:42.919
Finished copy 568 at 2025-05-24T22:05:44.135
Finished copy 419 at 2025-05-24T22:05:44.382
Finished copy 269 at 2025-05-24T22:05:48.008
Finished copy 110 at 2025-05-24T22:05:48.346
Finished copy 569 at 2025-05-24T22:05:48.928
Finished copy 420 at 2025-05-24T22:05:48.962
Finished copy 270 at 2025-05-24T22:05:53.097
Finished copy 111 at 2025-05-24T22:05:53.709
Finished copy 421 at 2025-05-24T22:05:54.320
Finished copy 570 at 2025-05-24T22:05:54.357
Finished copy 271 at 2025-05-24T22:05:57.463
Finished copy 112 at 2025-05-24T22:05:58.795
Finished copy 571 at 2025-05-24T22:05:58.898
Finished copy 422 at 2025-05-24T22:05:59.447
Finished copy 272 at 2025-05-24T22:06:02.759
Finished copy 572 at 2025-05-24T22:06:03.758
Finished copy 113 at 2025-05-24T22:06:04.088
Finished copy 423 at 2025-05-24T22:06:04.879
Finished copy 273 at 2025-05-24T22:06:07.919
Finished copy 573 at 2025-05-24T22:06:08.293
Finished copy 114 at 2025-05-24T22:06:09.754
Finished copy 424 at 2025-05-24T22:06:09.972
Finished copy 274 at 2025-05-24T22:06:12.504
Finished copy 574 at 2025-05-24T22:06:13.546
Finished copy 425 at 2025-05-24T22:06:14.797
Finished copy 115 at 2025-05-24T22:06:14.926
Finished copy 275 at 2025-05-24T22:06:17.209
Finished copy 575 at 2025-05-24T22:06:19.194
Finished copy 116 at 2025-05-24T22:06:20.020
Finished copy 426 at 2025-05-24T22:06:20.022
Finished copy 276 at 2025-05-24T22:06:22.351
Finished copy 576 at 2025-05-24T22:06:24.068
Finished copy 427 at 2025-05-24T22:06:24.973
Finished copy 117 at 2025-05-24T22:06:25.468
Finished copy 277 at 2025-05-24T22:06:27.758
Finished copy 577 at 2025-05-24T22:06:29.605
Finished copy 428 at 2025-05-24T22:06:30.060
Finished copy 118 at 2025-05-24T22:06:30.731
Finished copy 278 at 2025-05-24T22:06:32.644
Finished copy 429 at 2025-05-24T22:06:34.928
Finished copy 578 at 2025-05-24T22:06:35.049
Finished copy 119 at 2025-05-24T22:06:36.273
Finished copy 279 at 2025-05-24T22:06:37.435
Finished copy 430 at 2025-05-24T22:06:39.715
Finished copy 579 at 2025-05-24T22:06:39.963
Finished copy 120 at 2025-05-24T22:06:42.098
Finished copy 280 at 2025-05-24T22:06:42.639
Finished copy 580 at 2025-05-24T22:06:44.794
Finished copy 431 at 2025-05-24T22:06:45.144
Finished copy 281 at 2025-05-24T22:06:47.527
Finished copy 121 at 2025-05-24T22:06:47.587
Finished copy 581 at 2025-05-24T22:06:49.756
Finished copy 432 at 2025-05-24T22:06:49.956
Finished copy 282 at 2025-05-24T22:06:52.957
Finished copy 122 at 2025-05-24T22:06:53.801
Finished copy 433 at 2025-05-24T22:06:54.886
Finished copy 582 at 2025-05-24T22:06:55.299
Finished copy 283 at 2025-05-24T22:06:58.309
Finished copy 123 at 2025-05-24T22:06:59.527
Finished copy 434 at 2025-05-24T22:07:00.333
Finished copy 583 at 2025-05-24T22:07:00.669
Finished copy 284 at 2025-05-24T22:07:03.298
Finished copy 435 at 2025-05-24T22:07:05.288
Finished copy 124 at 2025-05-24T22:07:05.535
Finished copy 584 at 2025-05-24T22:07:05.782
Finished copy 285 at 2025-05-24T22:07:08.814
Finished copy 436 at 2025-05-24T22:07:10.649
Finished copy 585 at 2025-05-24T22:07:10.816
Finished copy 125 at 2025-05-24T22:07:10.828
Finished copy 286 at 2025-05-24T22:07:13.655
Finished copy 437 at 2025-05-24T22:07:15.663
Finished copy 586 at 2025-05-24T22:07:15.908
Finished copy 126 at 2025-05-24T22:07:16.284
Finished copy 287 at 2025-05-24T22:07:18.038
Finished copy 587 at 2025-05-24T22:07:20.910
Finished copy 438 at 2025-05-24T22:07:20.988
Finished copy 127 at 2025-05-24T22:07:21.782
Finished copy 288 at 2025-05-24T22:07:23.202
Finished copy 439 at 2025-05-24T22:07:25.752
Finished copy 588 at 2025-05-24T22:07:25.841
Finished copy 128 at 2025-05-24T22:07:27.375
Finished copy 289 at 2025-05-24T22:07:28.077
Finished copy 589 at 2025-05-24T22:07:30.413
Finished copy 440 at 2025-05-24T22:07:30.675
Finished copy 290 at 2025-05-24T22:07:32.776
Finished copy 129 at 2025-05-24T22:07:33.598
Finished copy 590 at 2025-05-24T22:07:35.469
Finished copy 441 at 2025-05-24T22:07:35.933
Finished copy 291 at 2025-05-24T22:07:38.206
Finished copy 130 at 2025-05-24T22:07:38.545
Finished copy 591 at 2025-05-24T22:07:40.793
Finished copy 442 at 2025-05-24T22:07:40.965
Finished copy 292 at 2025-05-24T22:07:43.011
Finished copy 131 at 2025-05-24T22:07:43.871
Finished copy 443 at 2025-05-24T22:07:45.932
Finished copy 592 at 2025-05-24T22:07:45.997
Finished copy 293 at 2025-05-24T22:07:48.059
Finished copy 132 at 2025-05-24T22:07:49.476
Finished copy 593 at 2025-05-24T22:07:50.432
Finished copy 444 at 2025-05-24T22:07:50.686
Finished copy 294 at 2025-05-24T22:07:53.099
Finished copy 445 at 2025-05-24T22:07:55.692
Finished copy 133 at 2025-05-24T22:07:55.769
Finished copy 594 at 2025-05-24T22:07:55.857
Finished copy 295 at 2025-05-24T22:07:58.317
Finished copy 446 at 2025-05-24T22:08:00.442
Finished copy 134 at 2025-05-24T22:08:01.064
Finished copy 595 at 2025-05-24T22:08:01.425
Finished copy 296 at 2025-05-24T22:08:03.472
Finished copy 447 at 2025-05-24T22:08:05.384
Finished copy 135 at 2025-05-24T22:08:06.326
Finished copy 596 at 2025-05-24T22:08:06.759
Finished copy 297 at 2025-05-24T22:08:08.169
Finished copy 448 at 2025-05-24T22:08:10.777
Finished copy 136 at 2025-05-24T22:08:11.426
Finished copy 597 at 2025-05-24T22:08:12.598
Finished copy 298 at 2025-05-24T22:08:13.056
Finished copy 449 at 2025-05-24T22:08:15.729
Finished copy 137 at 2025-05-24T22:08:16.357
Finished copy 598 at 2025-05-24T22:08:17.431
Finished copy 299 at 2025-05-24T22:08:17.696
Finished copy 450 at 2025-05-24T22:08:20.903
Finished copy 138 at 2025-05-24T22:08:21.809
Finished copy 599 at 2025-05-24T22:08:22.342
Finished copy 300 at 2025-05-24T22:08:22.597
Finished copy 139 at 2025-05-24T22:08:26.516
Finished copy 600 at 2025-05-24T22:08:27.061
Finished copy 140 at 2025-05-24T22:08:30.440
Finished copy 141 at 2025-05-24T22:08:34.300
Finished copy 142 at 2025-05-24T22:08:38.501
Finished copy 143 at 2025-05-24T22:08:42.773
Finished copy 144 at 2025-05-24T22:08:47
Finished copy 145 at 2025-05-24T22:08:50.751
Finished copy 146 at 2025-05-24T22:08:54.347
Finished copy 147 at 2025-05-24T22:08:58.295
Finished copy 148 at 2025-05-24T22:09:02.147
Finished copy 149 at 2025-05-24T22:09:05.864
Finished copy 150 at 2025-05-24T22:09:09.919
