Starting saddles simulation at 2025-05-24T12:33:19.086
Lattice size: 52
Beta values: [0.1, 0.10279944599549397, 0.10567726096980483, 0.10863563882017176, 0.11167683486080235, 0.11480316754220751, 0.1180170202186681, 0.1213208429651809, 0.12471715444526921, 0.12820854383108135, 0.1317976727772417, 0.13548727744995842, 0.13928017061293513, 0.14317924377167612, 0.14718746937782085, 0.15130790309518719, 0.15554368612925135, 0.15989804762184037, 0.16437430711286308, 0.16897587707095507, 0.17370626549496876, 0.1785690785882898, 0.18356802350802015, 0.1887069111911229, 0.19398965925968314, 0.19942029500750083, 0.20500295847029057, 0.21074190558183128, 0.21664151141846955, 0.22270627353445155, 0.22894081539062563, 0.23534988987912978, 0.2419383829467506, 0.24871131731971624, 0.25567385633276335, 0.26283130786539594, 0.2701891283883382, 0.27775292712326566, 0.2855284703189852, 0.2935216856473252, 0.3017386667220857, 0.3101856777444941, 0.3188691582787082, 0.3277957281610069, 0.3369721925464105, 0.3464055470965792, 0.3561029833129435, 0.36607189401913226, 0.3763198789968798, 0.3868547507797058, 0.39768454060878644, 0.4088175045555577, 0.4202621298157168, 0.4320271411794205, 0.4441215076826148, 0.4565544494445634, 0.46933544469678873, 0.48247423700878694, 0.49598084271601944, 0.5098655585558504, 0.5241389695172453, 0.5388119569102191, 0.553895706661185, 0.5694017178405246, 0.5853418114288852, 0.601728139328883, 0.6185731936290858, 0.6358898161273345, 0.6536912081206652, 0.6719909404692954, 0.6908029639423454, 0.710141619853183, 0.730021650992499, 0.7504582128674476, 0.7714668852554213, 0.7930636840812662, 0.815265073626996, 0.8380879790833082, 0.8615497994524721, 0.885668420812431, 0.9104622299522194, 0.9359501283891019, 0.9621515467781114, 0.9890864597249744, 1.0167754010137187, 1.045239479260565, 1.0745003940060471, 1.1045804522576164, 1.1355025854953513, 1.1672903671537318, 1.1999680305928035, 1.2335604875724422, 1.2680933472437848, 1.3035929356723266, 1.3400863159075478, 1.3776013086143843, 1.4161665132822627, 1.4558113300278694, 1.4965659820082826, 1.5384615384615383]
Copies: 600
Move type: l chain flip
----------------------------------
Finished copy 301 at 2025-05-24T12:33:38.111
Finished copy 151 at 2025-05-24T12:33:39.172
Finished copy 451 at 2025-05-24T12:33:39.871
Finished copy 1 at 2025-05-24T12:33:40.787
Finished copy 302 at 2025-05-24T12:33:56.325
Finished copy 152 at 2025-05-24T12:33:57.512
Finished copy 452 at 2025-05-24T12:33:59.608
Finished copy 2 at 2025-05-24T12:34:06.058
Finished copy 303 at 2025-05-24T12:34:15.841
Finished copy 153 at 2025-05-24T12:34:15.962
Finished copy 453 at 2025-05-24T12:34:18.190
Finished copy 3 at 2025-05-24T12:34:28.941
Finished copy 154 at 2025-05-24T12:34:37.115
Finished copy 454 at 2025-05-24T12:34:38.922
Finished copy 304 at 2025-05-24T12:34:39.278
Finished copy 4 at 2025-05-24T12:34:53.007
Finished copy 155 at 2025-05-24T12:34:55.975
Finished copy 455 at 2025-05-24T12:34:58.429
Finished copy 305 at 2025-05-24T12:34:59.021
Finished copy 156 at 2025-05-24T12:35:14.286
Finished copy 5 at 2025-05-24T12:35:15.902
Finished copy 306 at 2025-05-24T12:35:18.149
Finished copy 456 at 2025-05-24T12:35:18.949
Finished copy 157 at 2025-05-24T12:35:34.750
Finished copy 307 at 2025-05-24T12:35:38.394
Finished copy 6 at 2025-05-24T12:35:38.681
Finished copy 457 at 2025-05-24T12:35:42.661
Finished copy 158 at 2025-05-24T12:35:55.516
Finished copy 308 at 2025-05-24T12:36:00.021
Finished copy 7 at 2025-05-24T12:36:00.795
Finished copy 458 at 2025-05-24T12:36:02.179
Finished copy 159 at 2025-05-24T12:36:14.815
Finished copy 309 at 2025-05-24T12:36:20.517
Finished copy 459 at 2025-05-24T12:36:21.166
Finished copy 8 at 2025-05-24T12:36:21.838
Finished copy 310 at 2025-05-24T12:36:41.185
Finished copy 460 at 2025-05-24T12:36:42.202
Finished copy 160 at 2025-05-24T12:36:45.864
Finished copy 9 at 2025-05-24T12:36:53.546
Finished copy 311 at 2025-05-24T12:37:00.694
Finished copy 461 at 2025-05-24T12:37:00.868
Finished copy 161 at 2025-05-24T12:37:04.235
Finished copy 10 at 2025-05-24T12:37:16.345
Finished copy 462 at 2025-05-24T12:37:18.565
Finished copy 312 at 2025-05-24T12:37:21.258
Finished copy 162 at 2025-05-24T12:37:23.631
Finished copy 11 at 2025-05-24T12:37:38.663
Finished copy 463 at 2025-05-24T12:37:38.781
Finished copy 313 at 2025-05-24T12:37:39.639
Finished copy 163 at 2025-05-24T12:37:43.449
Finished copy 314 at 2025-05-24T12:38:00.290
Finished copy 12 at 2025-05-24T12:38:00.422
Finished copy 164 at 2025-05-24T12:38:01.983
Finished copy 464 at 2025-05-24T12:38:02.165
Finished copy 315 at 2025-05-24T12:38:18.951
Finished copy 465 at 2025-05-24T12:38:20.016
Finished copy 13 at 2025-05-24T12:38:22.334
Finished copy 165 at 2025-05-24T12:38:24.876
Finished copy 316 at 2025-05-24T12:38:38.954
Finished copy 466 at 2025-05-24T12:38:43.981
Finished copy 14 at 2025-05-24T12:38:44.659
Finished copy 166 at 2025-05-24T12:38:45.217
Finished copy 317 at 2025-05-24T12:38:58.118
Finished copy 467 at 2025-05-24T12:39:01.516
Finished copy 167 at 2025-05-24T12:39:06.392
Finished copy 318 at 2025-05-24T12:39:16.100
Finished copy 468 at 2025-05-24T12:39:20.434
Finished copy 168 at 2025-05-24T12:39:26.408
Finished copy 15 at 2025-05-24T12:39:36.245
Finished copy 319 at 2025-05-24T12:39:36.853
Finished copy 469 at 2025-05-24T12:39:39.905
Finished copy 169 at 2025-05-24T12:39:46.868
Finished copy 320 at 2025-05-24T12:39:55.711
Finished copy 470 at 2025-05-24T12:39:58.280
Finished copy 16 at 2025-05-24T12:40:02.241
Finished copy 170 at 2025-05-24T12:40:05.860
Finished copy 471 at 2025-05-24T12:40:17.653
Finished copy 321 at 2025-05-24T12:40:17.698
Finished copy 17 at 2025-05-24T12:40:23.859
Finished copy 322 at 2025-05-24T12:40:36.221
Finished copy 472 at 2025-05-24T12:40:38.356
Finished copy 171 at 2025-05-24T12:40:42.161
Finished copy 18 at 2025-05-24T12:40:46.861
Finished copy 323 at 2025-05-24T12:40:56.074
Finished copy 473 at 2025-05-24T12:40:57.526
Finished copy 172 at 2025-05-24T12:41:00.486
Finished copy 19 at 2025-05-24T12:41:08.055
Finished copy 324 at 2025-05-24T12:41:15.150
Finished copy 474 at 2025-05-24T12:41:15.958
Finished copy 173 at 2025-05-24T12:41:20.710
Finished copy 20 at 2025-05-24T12:41:30.090
Finished copy 325 at 2025-05-24T12:41:33.698
Finished copy 475 at 2025-05-24T12:41:34.142
Finished copy 174 at 2025-05-24T12:41:40.519
Finished copy 326 at 2025-05-24T12:41:50.739
Finished copy 476 at 2025-05-24T12:41:52.014
Finished copy 21 at 2025-05-24T12:41:52.060
Finished copy 175 at 2025-05-24T12:41:59.889
Finished copy 327 at 2025-05-24T12:42:09.369
Finished copy 477 at 2025-05-24T12:42:16.188
Finished copy 22 at 2025-05-24T12:42:18.416
Finished copy 176 at 2025-05-24T12:42:19.470
Finished copy 328 at 2025-05-24T12:42:30.664
Finished copy 478 at 2025-05-24T12:42:35.185
Finished copy 177 at 2025-05-24T12:42:39.654
Finished copy 23 at 2025-05-24T12:42:47.008
Finished copy 329 at 2025-05-24T12:42:50.114
Finished copy 479 at 2025-05-24T12:42:56.369
Finished copy 178 at 2025-05-24T12:42:59.686
Finished copy 24 at 2025-05-24T12:43:08.250
Finished copy 330 at 2025-05-24T12:43:08.811
Finished copy 480 at 2025-05-24T12:43:15.335
Finished copy 179 at 2025-05-24T12:43:19.139
Finished copy 331 at 2025-05-24T12:43:27.306
Finished copy 25 at 2025-05-24T12:43:34.119
Finished copy 481 at 2025-05-24T12:43:35.400
Finished copy 180 at 2025-05-24T12:43:39.434
Finished copy 26 at 2025-05-24T12:43:54.542
Finished copy 482 at 2025-05-24T12:43:56.572
Finished copy 332 at 2025-05-24T12:43:56.791
Finished copy 181 at 2025-05-24T12:43:58.194
Finished copy 27 at 2025-05-24T12:44:16.288
Finished copy 182 at 2025-05-24T12:44:17.173
Finished copy 333 at 2025-05-24T12:44:18.986
Finished copy 483 at 2025-05-24T12:44:20.019
Finished copy 334 at 2025-05-24T12:44:38.509
Finished copy 484 at 2025-05-24T12:44:40.319
Finished copy 183 at 2025-05-24T12:44:41.681
Finished copy 28 at 2025-05-24T12:44:43.345
Finished copy 335 at 2025-05-24T12:44:58.239
Finished copy 485 at 2025-05-24T12:44:59.039
Finished copy 184 at 2025-05-24T12:45:00.452
Finished copy 29 at 2025-05-24T12:45:06.553
Finished copy 336 at 2025-05-24T12:45:18.258
Finished copy 486 at 2025-05-24T12:45:19.291
Finished copy 185 at 2025-05-24T12:45:22.766
Finished copy 30 at 2025-05-24T12:45:28.113
Finished copy 487 at 2025-05-24T12:45:38.173
Finished copy 186 at 2025-05-24T12:45:43.166
Finished copy 337 at 2025-05-24T12:45:45.102
Finished copy 31 at 2025-05-24T12:45:50.521
Finished copy 488 at 2025-05-24T12:45:56.941
Finished copy 187 at 2025-05-24T12:46:02.890
Finished copy 338 at 2025-05-24T12:46:05.136
Finished copy 32 at 2025-05-24T12:46:14.760
Finished copy 489 at 2025-05-24T12:46:15.938
Finished copy 188 at 2025-05-24T12:46:22.792
Finished copy 339 at 2025-05-24T12:46:23.468
Finished copy 490 at 2025-05-24T12:46:35.293
Finished copy 33 at 2025-05-24T12:46:35.511
Finished copy 189 at 2025-05-24T12:46:42.629
Finished copy 340 at 2025-05-24T12:46:53.861
Finished copy 491 at 2025-05-24T12:46:54.887
Finished copy 34 at 2025-05-24T12:46:56.826
Finished copy 190 at 2025-05-24T12:47:03.497
Finished copy 341 at 2025-05-24T12:47:12.345
Finished copy 492 at 2025-05-24T12:47:13.054
Finished copy 35 at 2025-05-24T12:47:19.066
Finished copy 191 at 2025-05-24T12:47:26.229
Finished copy 342 at 2025-05-24T12:47:36.147
Finished copy 493 at 2025-05-24T12:47:36.595
Finished copy 36 at 2025-05-24T12:47:43.636
Finished copy 192 at 2025-05-24T12:47:46.843
Finished copy 494 at 2025-05-24T12:47:55.583
Finished copy 343 at 2025-05-24T12:47:55.899
Finished copy 37 at 2025-05-24T12:48:06.151
Finished copy 193 at 2025-05-24T12:48:06.176
Finished copy 495 at 2025-05-24T12:48:16.220
Finished copy 344 at 2025-05-24T12:48:17.337
Finished copy 194 at 2025-05-24T12:48:26.519
Finished copy 38 at 2025-05-24T12:48:28.127
Finished copy 496 at 2025-05-24T12:48:35.793
Finished copy 345 at 2025-05-24T12:48:36.777
Finished copy 195 at 2025-05-24T12:48:48.979
Finished copy 497 at 2025-05-24T12:48:55.562
Finished copy 346 at 2025-05-24T12:48:55.954
Finished copy 39 at 2025-05-24T12:48:56.104
Finished copy 196 at 2025-05-24T12:49:08.926
Finished copy 347 at 2025-05-24T12:49:14.932
Finished copy 498 at 2025-05-24T12:49:15.069
Finished copy 40 at 2025-05-24T12:49:18.097
Finished copy 197 at 2025-05-24T12:49:26.174
Finished copy 348 at 2025-05-24T12:49:35.003
Finished copy 499 at 2025-05-24T12:49:38.395
Finished copy 41 at 2025-05-24T12:49:44.222
Finished copy 198 at 2025-05-24T12:49:45.375
Finished copy 349 at 2025-05-24T12:49:51.977
Finished copy 500 at 2025-05-24T12:49:56.959
Finished copy 199 at 2025-05-24T12:50:04.665
Finished copy 42 at 2025-05-24T12:50:07.826
Finished copy 350 at 2025-05-24T12:50:11.114
Finished copy 501 at 2025-05-24T12:50:17.638
Finished copy 200 at 2025-05-24T12:50:23.805
Finished copy 351 at 2025-05-24T12:50:30.395
Finished copy 43 at 2025-05-24T12:50:34.318
Finished copy 502 at 2025-05-24T12:50:43.061
Finished copy 201 at 2025-05-24T12:50:45.237
Finished copy 352 at 2025-05-24T12:50:49.550
Finished copy 44 at 2025-05-24T12:50:56.501
Finished copy 503 at 2025-05-24T12:51:03.837
Finished copy 202 at 2025-05-24T12:51:05.272
Finished copy 353 at 2025-05-24T12:51:09.860
Finished copy 45 at 2025-05-24T12:51:18.546
Finished copy 504 at 2025-05-24T12:51:23.028
Finished copy 203 at 2025-05-24T12:51:23.751
Finished copy 354 at 2025-05-24T12:51:31.880
Finished copy 46 at 2025-05-24T12:51:40.875
Finished copy 505 at 2025-05-24T12:51:41.683
Finished copy 204 at 2025-05-24T12:51:43.483
Finished copy 355 at 2025-05-24T12:51:52.539
Finished copy 506 at 2025-05-24T12:52:00.456
Finished copy 47 at 2025-05-24T12:52:02.412
Finished copy 205 at 2025-05-24T12:52:06.414
Finished copy 356 at 2025-05-24T12:52:10.961
Finished copy 507 at 2025-05-24T12:52:18.450
Finished copy 206 at 2025-05-24T12:52:26.013
Finished copy 48 at 2025-05-24T12:52:26.387
Finished copy 357 at 2025-05-24T12:52:30.679
Finished copy 508 at 2025-05-24T12:52:37.875
Finished copy 207 at 2025-05-24T12:52:45.273
Finished copy 49 at 2025-05-24T12:52:48.674
Finished copy 358 at 2025-05-24T12:52:49.126
Finished copy 509 at 2025-05-24T12:52:58.515
Finished copy 208 at 2025-05-24T12:53:03.253
Finished copy 359 at 2025-05-24T12:53:08.575
Finished copy 50 at 2025-05-24T12:53:13.465
Finished copy 510 at 2025-05-24T12:53:19.514
Finished copy 209 at 2025-05-24T12:53:25.655
Finished copy 360 at 2025-05-24T12:53:29.036
Finished copy 51 at 2025-05-24T12:53:37.144
Finished copy 511 at 2025-05-24T12:53:41.144
Finished copy 210 at 2025-05-24T12:53:46.254
Finished copy 361 at 2025-05-24T12:53:50.314
Finished copy 512 at 2025-05-24T12:54:02.623
Finished copy 52 at 2025-05-24T12:54:04.903
Finished copy 211 at 2025-05-24T12:54:06.187
Finished copy 362 at 2025-05-24T12:54:10.090
Finished copy 513 at 2025-05-24T12:54:22.744
Finished copy 53 at 2025-05-24T12:54:26.733
Finished copy 212 at 2025-05-24T12:54:26.998
Finished copy 363 at 2025-05-24T12:54:29.678
Finished copy 514 at 2025-05-24T12:54:40.707
Finished copy 213 at 2025-05-24T12:54:48.457
Finished copy 364 at 2025-05-24T12:54:49.369
Finished copy 54 at 2025-05-24T12:54:52.355
Finished copy 515 at 2025-05-24T12:55:02.540
Finished copy 214 at 2025-05-24T12:55:07.224
Finished copy 365 at 2025-05-24T12:55:08.922
Finished copy 55 at 2025-05-24T12:55:13.183
Finished copy 516 at 2025-05-24T12:55:27.644
Finished copy 215 at 2025-05-24T12:55:27.766
Finished copy 366 at 2025-05-24T12:55:29.183
Finished copy 56 at 2025-05-24T12:55:45.510
Finished copy 517 at 2025-05-24T12:55:47.422
Finished copy 367 at 2025-05-24T12:55:51.602
Finished copy 216 at 2025-05-24T12:55:57.601
Finished copy 518 at 2025-05-24T12:56:07.861
Finished copy 57 at 2025-05-24T12:56:11.590
Finished copy 368 at 2025-05-24T12:56:12.836
Finished copy 217 at 2025-05-24T12:56:18.562
Finished copy 519 at 2025-05-24T12:56:26.500
Finished copy 58 at 2025-05-24T12:56:36.230
Finished copy 369 at 2025-05-24T12:56:37.018
Finished copy 218 at 2025-05-24T12:56:37.483
Finished copy 520 at 2025-05-24T12:56:49.033
Finished copy 370 at 2025-05-24T12:56:55.415
Finished copy 219 at 2025-05-24T12:56:58.326
Finished copy 59 at 2025-05-24T12:56:59.667
Finished copy 521 at 2025-05-24T12:57:08.724
Finished copy 371 at 2025-05-24T12:57:15.350
Finished copy 220 at 2025-05-24T12:57:17.248
Finished copy 60 at 2025-05-24T12:57:23.224
Finished copy 522 at 2025-05-24T12:57:28.363
Finished copy 372 at 2025-05-24T12:57:36.831
Finished copy 221 at 2025-05-24T12:57:39.777
Finished copy 61 at 2025-05-24T12:57:47.015
Finished copy 523 at 2025-05-24T12:57:49.465
Finished copy 373 at 2025-05-24T12:57:56.968
Finished copy 222 at 2025-05-24T12:58:00.320
Finished copy 524 at 2025-05-24T12:58:08.770
Finished copy 62 at 2025-05-24T12:58:09.301
Finished copy 374 at 2025-05-24T12:58:16.549
Finished copy 223 at 2025-05-24T12:58:18.274
Finished copy 63 at 2025-05-24T12:58:31.675
Finished copy 525 at 2025-05-24T12:58:31.931
Finished copy 375 at 2025-05-24T12:58:36.982
Finished copy 224 at 2025-05-24T12:58:41.548
Finished copy 526 at 2025-05-24T12:58:52.770
Finished copy 64 at 2025-05-24T12:58:53.445
Finished copy 376 at 2025-05-24T12:58:56.798
Finished copy 225 at 2025-05-24T12:59:00.766
Finished copy 65 at 2025-05-24T12:59:14.672
Finished copy 527 at 2025-05-24T12:59:14.797
Finished copy 377 at 2025-05-24T12:59:18.205
Finished copy 226 at 2025-05-24T12:59:20.374
Finished copy 528 at 2025-05-24T12:59:37.213
Finished copy 66 at 2025-05-24T12:59:37.412
Finished copy 378 at 2025-05-24T12:59:39.446
Finished copy 227 at 2025-05-24T12:59:40.893
Finished copy 379 at 2025-05-24T12:59:58.889
Finished copy 529 at 2025-05-24T12:59:59.607
Finished copy 228 at 2025-05-24T13:00:00.369
Finished copy 67 at 2025-05-24T13:00:00.375
Finished copy 530 at 2025-05-24T13:00:18.873
Finished copy 380 at 2025-05-24T13:00:19.008
Finished copy 229 at 2025-05-24T13:00:19.895
Finished copy 68 at 2025-05-24T13:00:23.965
Finished copy 531 at 2025-05-24T13:00:38.068
Finished copy 381 at 2025-05-24T13:00:39.854
Finished copy 230 at 2025-05-24T13:00:41.531
Finished copy 69 at 2025-05-24T13:00:48.869
Finished copy 382 at 2025-05-24T13:00:58.731
Finished copy 231 at 2025-05-24T13:01:00.115
Finished copy 532 at 2025-05-24T13:01:00.507
Finished copy 383 at 2025-05-24T13:01:18.028
Finished copy 70 at 2025-05-24T13:01:19.429
Finished copy 232 at 2025-05-24T13:01:19.449
Finished copy 533 at 2025-05-24T13:01:20.182
Finished copy 384 at 2025-05-24T13:01:38.075
Finished copy 534 at 2025-05-24T13:01:39.856
Finished copy 233 at 2025-05-24T13:01:41.013
Finished copy 71 at 2025-05-24T13:01:42.541
Finished copy 385 at 2025-05-24T13:02:00.170
Finished copy 72 at 2025-05-24T13:02:04.378
Finished copy 535 at 2025-05-24T13:02:04.677
Finished copy 234 at 2025-05-24T13:02:05.782
Finished copy 386 at 2025-05-24T13:02:19.929
Finished copy 536 at 2025-05-24T13:02:27.498
Finished copy 235 at 2025-05-24T13:02:29.113
Finished copy 73 at 2025-05-24T13:02:29.342
Finished copy 387 at 2025-05-24T13:02:41.570
Finished copy 537 at 2025-05-24T13:02:46.388
Finished copy 236 at 2025-05-24T13:02:48.974
Finished copy 74 at 2025-05-24T13:02:59.444
Finished copy 388 at 2025-05-24T13:03:01.085
Finished copy 237 at 2025-05-24T13:03:08.195
Finished copy 538 at 2025-05-24T13:03:08.239
Finished copy 389 at 2025-05-24T13:03:20.355
Finished copy 75 at 2025-05-24T13:03:20.861
Finished copy 539 at 2025-05-24T13:03:27.861
Finished copy 238 at 2025-05-24T13:03:28.921
Finished copy 390 at 2025-05-24T13:03:40.525
Finished copy 76 at 2025-05-24T13:03:42.574
Finished copy 239 at 2025-05-24T13:03:47.547
Finished copy 540 at 2025-05-24T13:03:50.163
Finished copy 391 at 2025-05-24T13:03:59.974
Finished copy 240 at 2025-05-24T13:04:08.170
Finished copy 541 at 2025-05-24T13:04:09.181
Finished copy 77 at 2025-05-24T13:04:13.669
Finished copy 392 at 2025-05-24T13:04:22.300
Finished copy 241 at 2025-05-24T13:04:27.098
Finished copy 542 at 2025-05-24T13:04:27.987
Finished copy 78 at 2025-05-24T13:04:35.318
Finished copy 393 at 2025-05-24T13:04:42.757
Finished copy 242 at 2025-05-24T13:04:46.495
Finished copy 543 at 2025-05-24T13:04:50.999
Finished copy 79 at 2025-05-24T13:04:59.060
Finished copy 394 at 2025-05-24T13:05:05.034
Finished copy 243 at 2025-05-24T13:05:05.951
Finished copy 544 at 2025-05-24T13:05:12.919
Finished copy 80 at 2025-05-24T13:05:20.179
Finished copy 395 at 2025-05-24T13:05:26.173
Finished copy 244 at 2025-05-24T13:05:27.083
Finished copy 545 at 2025-05-24T13:05:31.986
Finished copy 81 at 2025-05-24T13:05:43.603
Finished copy 396 at 2025-05-24T13:05:45.714
Finished copy 245 at 2025-05-24T13:05:47.138
Finished copy 546 at 2025-05-24T13:05:50.974
Finished copy 397 at 2025-05-24T13:06:05.982
Finished copy 246 at 2025-05-24T13:06:06.299
Finished copy 82 at 2025-05-24T13:06:06.736
Finished copy 547 at 2025-05-24T13:06:13.738
Finished copy 398 at 2025-05-24T13:06:24.739
Finished copy 247 at 2025-05-24T13:06:25.290
Finished copy 83 at 2025-05-24T13:06:28.191
Finished copy 548 at 2025-05-24T13:06:32.687
Finished copy 399 at 2025-05-24T13:06:44.718
Finished copy 248 at 2025-05-24T13:06:49.157
Finished copy 84 at 2025-05-24T13:06:51.913
Finished copy 549 at 2025-05-24T13:06:53.009
Finished copy 400 at 2025-05-24T13:07:05.169
Finished copy 249 at 2025-05-24T13:07:09.020
Finished copy 550 at 2025-05-24T13:07:14.074
Finished copy 85 at 2025-05-24T13:07:18.299
Finished copy 250 at 2025-05-24T13:07:30.814
Finished copy 401 at 2025-05-24T13:07:33.911
Finished copy 551 at 2025-05-24T13:07:34.790
Finished copy 86 at 2025-05-24T13:07:39.504
Finished copy 251 at 2025-05-24T13:07:50.401
Finished copy 402 at 2025-05-24T13:07:51.934
Finished copy 552 at 2025-05-24T13:07:57.973
Finished copy 87 at 2025-05-24T13:08:09.509
Finished copy 252 at 2025-05-24T13:08:11.096
Finished copy 403 at 2025-05-24T13:08:12.620
Finished copy 553 at 2025-05-24T13:08:20.817
Finished copy 253 at 2025-05-24T13:08:31.532
Finished copy 404 at 2025-05-24T13:08:31.563
Finished copy 88 at 2025-05-24T13:08:33.506
Finished copy 554 at 2025-05-24T13:08:42.702
Finished copy 405 at 2025-05-24T13:08:49.982
Finished copy 254 at 2025-05-24T13:08:51.838
Finished copy 89 at 2025-05-24T13:08:59.523
Finished copy 555 at 2025-05-24T13:09:01.719
Finished copy 406 at 2025-05-24T13:09:09.933
Finished copy 255 at 2025-05-24T13:09:11.354
Finished copy 556 at 2025-05-24T13:09:21.865
Finished copy 90 at 2025-05-24T13:09:23.425
Finished copy 407 at 2025-05-24T13:09:29.529
Finished copy 256 at 2025-05-24T13:09:32.458
Finished copy 557 at 2025-05-24T13:09:41.395
Finished copy 91 at 2025-05-24T13:09:45.775
Finished copy 408 at 2025-05-24T13:09:49.498
Finished copy 257 at 2025-05-24T13:09:51.881
Finished copy 558 at 2025-05-24T13:10:03.046
Finished copy 92 at 2025-05-24T13:10:07.813
Finished copy 258 at 2025-05-24T13:10:11.443
Finished copy 409 at 2025-05-24T13:10:11.584
Finished copy 559 at 2025-05-24T13:10:27.623
Finished copy 259 at 2025-05-24T13:10:30.646
Finished copy 93 at 2025-05-24T13:10:30.750
Finished copy 410 at 2025-05-24T13:10:31.432
Finished copy 560 at 2025-05-24T13:10:47.218
Finished copy 260 at 2025-05-24T13:10:51.477
Finished copy 411 at 2025-05-24T13:10:54.621
Finished copy 94 at 2025-05-24T13:10:56.184
Finished copy 561 at 2025-05-24T13:11:08.305
Finished copy 261 at 2025-05-24T13:11:10.452
Finished copy 95 at 2025-05-24T13:11:18.563
Finished copy 562 at 2025-05-24T13:11:28.469
Finished copy 412 at 2025-05-24T13:11:29.575
Finished copy 262 at 2025-05-24T13:11:31.919
Finished copy 96 at 2025-05-24T13:11:40.497
Finished copy 563 at 2025-05-24T13:11:50.705
Finished copy 263 at 2025-05-24T13:11:52.665
Finished copy 413 at 2025-05-24T13:11:57.648
Finished copy 97 at 2025-05-24T13:12:03.380
Finished copy 564 at 2025-05-24T13:12:11.503
Finished copy 264 at 2025-05-24T13:12:13.061
Finished copy 414 at 2025-05-24T13:12:18.329
Finished copy 98 at 2025-05-24T13:12:28.421
Finished copy 565 at 2025-05-24T13:12:31.959
Finished copy 265 at 2025-05-24T13:12:37.134
Finished copy 415 at 2025-05-24T13:12:39.869
Finished copy 99 at 2025-05-24T13:12:52.586
Finished copy 566 at 2025-05-24T13:12:56.927
Finished copy 416 at 2025-05-24T13:12:59.328
Finished copy 266 at 2025-05-24T13:12:59.424
Finished copy 100 at 2025-05-24T13:13:15.534
Finished copy 567 at 2025-05-24T13:13:17.396
Finished copy 267 at 2025-05-24T13:13:18.022
Finished copy 417 at 2025-05-24T13:13:20.381
Finished copy 268 at 2025-05-24T13:13:38.227
Finished copy 568 at 2025-05-24T13:13:38.265
Finished copy 418 at 2025-05-24T13:13:39.726
Finished copy 101 at 2025-05-24T13:13:41.560
Finished copy 269 at 2025-05-24T13:13:57.537
Finished copy 569 at 2025-05-24T13:13:58.645
Finished copy 419 at 2025-05-24T13:13:59.504
Finished copy 102 at 2025-05-24T13:14:03.936
Finished copy 270 at 2025-05-24T13:14:17.706
Finished copy 570 at 2025-05-24T13:14:21.118
Finished copy 420 at 2025-05-24T13:14:22.170
Finished copy 103 at 2025-05-24T13:14:27.936
Finished copy 571 at 2025-05-24T13:14:40.220
Finished copy 421 at 2025-05-24T13:14:42.921
Finished copy 271 at 2025-05-24T13:14:43.157
Finished copy 104 at 2025-05-24T13:14:51.766
Finished copy 572 at 2025-05-24T13:15:00.009
Finished copy 422 at 2025-05-24T13:15:04.369
Finished copy 272 at 2025-05-24T13:15:06.704
Finished copy 105 at 2025-05-24T13:15:16.789
Finished copy 573 at 2025-05-24T13:15:18.484
Finished copy 273 at 2025-05-24T13:15:27.557
Finished copy 423 at 2025-05-24T13:15:29.839
Finished copy 574 at 2025-05-24T13:15:37.807
Finished copy 106 at 2025-05-24T13:15:43.058
Finished copy 424 at 2025-05-24T13:15:49.067
Finished copy 274 at 2025-05-24T13:15:51.907
Finished copy 575 at 2025-05-24T13:15:58.609
Finished copy 107 at 2025-05-24T13:16:04.119
Finished copy 425 at 2025-05-24T13:16:09.954
Finished copy 275 at 2025-05-24T13:16:13.639
Finished copy 576 at 2025-05-24T13:16:18.438
Finished copy 108 at 2025-05-24T13:16:27.912
Finished copy 426 at 2025-05-24T13:16:29.859
Finished copy 276 at 2025-05-24T13:16:34.547
Finished copy 577 at 2025-05-24T13:16:37.938
Finished copy 427 at 2025-05-24T13:16:49.937
Finished copy 109 at 2025-05-24T13:16:52.910
Finished copy 277 at 2025-05-24T13:16:55.562
Finished copy 578 at 2025-05-24T13:16:59.032
Finished copy 428 at 2025-05-24T13:17:11.839
Finished copy 110 at 2025-05-24T13:17:15.705
Finished copy 278 at 2025-05-24T13:17:16.598
Finished copy 579 at 2025-05-24T13:17:20.514
Finished copy 429 at 2025-05-24T13:17:33.352
Finished copy 111 at 2025-05-24T13:17:39.872
Finished copy 580 at 2025-05-24T13:17:40.397
Finished copy 279 at 2025-05-24T13:17:41.617
Finished copy 430 at 2025-05-24T13:17:53.097
Finished copy 581 at 2025-05-24T13:18:00.014
Finished copy 280 at 2025-05-24T13:18:05.581
Finished copy 112 at 2025-05-24T13:18:08.880
Finished copy 431 at 2025-05-24T13:18:13.148
Finished copy 582 at 2025-05-24T13:18:21.408
Finished copy 281 at 2025-05-24T13:18:24.700
Finished copy 113 at 2025-05-24T13:18:30.669
Finished copy 583 at 2025-05-24T13:18:40.855
Finished copy 432 at 2025-05-24T13:18:42.892
Finished copy 282 at 2025-05-24T13:18:44.634
Finished copy 114 at 2025-05-24T13:18:53.572
Finished copy 584 at 2025-05-24T13:18:59.628
Finished copy 433 at 2025-05-24T13:19:03.078
Finished copy 283 at 2025-05-24T13:19:05.595
Finished copy 115 at 2025-05-24T13:19:16.017
Finished copy 585 at 2025-05-24T13:19:24.508
Finished copy 434 at 2025-05-24T13:19:26.112
Finished copy 284 at 2025-05-24T13:19:29.349
Finished copy 116 at 2025-05-24T13:19:40.052
Finished copy 586 at 2025-05-24T13:19:44.211
Finished copy 435 at 2025-05-24T13:19:47.131
Finished copy 285 at 2025-05-24T13:19:49.508
Finished copy 117 at 2025-05-24T13:20:06.239
Finished copy 436 at 2025-05-24T13:20:10.156
Finished copy 587 at 2025-05-24T13:20:11.832
Finished copy 286 at 2025-05-24T13:20:14.309
Finished copy 118 at 2025-05-24T13:20:29.632
Finished copy 588 at 2025-05-24T13:20:30.679
Finished copy 437 at 2025-05-24T13:20:31.112
Finished copy 287 at 2025-05-24T13:20:40.430
Finished copy 589 at 2025-05-24T13:20:51.191
Finished copy 119 at 2025-05-24T13:20:52.648
Finished copy 438 at 2025-05-24T13:20:54.879
Finished copy 288 at 2025-05-24T13:21:00.057
Finished copy 590 at 2025-05-24T13:21:12.367
Finished copy 439 at 2025-05-24T13:21:14.359
Finished copy 289 at 2025-05-24T13:21:20.141
Finished copy 120 at 2025-05-24T13:21:21.054
Finished copy 440 at 2025-05-24T13:21:34.027
Finished copy 591 at 2025-05-24T13:21:37.392
Finished copy 290 at 2025-05-24T13:21:40.697
Finished copy 121 at 2025-05-24T13:21:46.209
Finished copy 441 at 2025-05-24T13:21:55.745
Finished copy 592 at 2025-05-24T13:21:57.016
Finished copy 291 at 2025-05-24T13:22:02.620
Finished copy 122 at 2025-05-24T13:22:10.105
Finished copy 442 at 2025-05-24T13:22:18.446
Finished copy 593 at 2025-05-24T13:22:23.699
Finished copy 292 at 2025-05-24T13:22:23.940
Finished copy 123 at 2025-05-24T13:22:37.106
Finished copy 443 at 2025-05-24T13:22:40.222
Finished copy 594 at 2025-05-24T13:22:43.636
Finished copy 293 at 2025-05-24T13:22:44.096
Finished copy 444 at 2025-05-24T13:23:00.362
Finished copy 124 at 2025-05-24T13:23:00.714
Finished copy 595 at 2025-05-24T13:23:03.876
Finished copy 294 at 2025-05-24T13:23:04.108
Finished copy 445 at 2025-05-24T13:23:19.458
Finished copy 596 at 2025-05-24T13:23:26.103
Finished copy 125 at 2025-05-24T13:23:27.087
Finished copy 295 at 2025-05-24T13:23:27.962
Finished copy 446 at 2025-05-24T13:23:40.062
Finished copy 296 at 2025-05-24T13:23:47.478
Finished copy 597 at 2025-05-24T13:23:49.135
Finished copy 126 at 2025-05-24T13:23:50.806
Finished copy 447 at 2025-05-24T13:24:02.509
Finished copy 297 at 2025-05-24T13:24:09.123
Finished copy 127 at 2025-05-24T13:24:15.388
Finished copy 598 at 2025-05-24T13:24:21.458
Finished copy 448 at 2025-05-24T13:24:25.242
Finished copy 298 at 2025-05-24T13:24:29.363
Finished copy 128 at 2025-05-24T13:24:38.449
Finished copy 449 at 2025-05-24T13:24:45.117
Finished copy 599 at 2025-05-24T13:24:46.718
Finished copy 299 at 2025-05-24T13:24:51.021
Finished copy 129 at 2025-05-24T13:25:02.637
Finished copy 600 at 2025-05-24T13:25:09.961
Finished copy 450 at 2025-05-24T13:25:11.301
Finished copy 300 at 2025-05-24T13:25:18.048
Finished copy 130 at 2025-05-24T13:25:26.654
Finished copy 131 at 2025-05-24T13:25:45.609
Finished copy 132 at 2025-05-24T13:26:01.302
Finished copy 133 at 2025-05-24T13:26:17.469
Finished copy 134 at 2025-05-24T13:26:45.289
Finished copy 135 at 2025-05-24T13:27:01.750
Finished copy 136 at 2025-05-24T13:27:18.392
Finished copy 137 at 2025-05-24T13:27:34.107
Finished copy 138 at 2025-05-24T13:27:50.206
Finished copy 139 at 2025-05-24T13:28:05.322
Finished copy 140 at 2025-05-24T13:28:21.558
Finished copy 141 at 2025-05-24T13:28:38.052
Finished copy 142 at 2025-05-24T13:28:53.323
Finished copy 143 at 2025-05-24T13:29:08.406
Finished copy 144 at 2025-05-24T13:29:25.477
Finished copy 145 at 2025-05-24T13:29:41.395
Finished copy 146 at 2025-05-24T13:29:57.295
Finished copy 147 at 2025-05-24T13:30:13.531
Finished copy 148 at 2025-05-24T13:30:30.791
Finished copy 149 at 2025-05-24T13:30:47.391
Finished copy 150 at 2025-05-24T13:31:03.704
