Starting saddles simulation at 2025-05-24T20:08:04.084
Lattice size: 12
Beta values: [0.1, 0.10279944599549397, 0.10567726096980483, 0.10863563882017176, 0.11167683486080235, 0.11480316754220751, 0.1180170202186681, 0.1213208429651809, 0.12471715444526921, 0.12820854383108135, 0.1317976727772417, 0.13548727744995842, 0.13928017061293513, 0.14317924377167612, 0.14718746937782085, 0.15130790309518719, 0.15554368612925135, 0.15989804762184037, 0.16437430711286308, 0.16897587707095507, 0.17370626549496876, 0.1785690785882898, 0.18356802350802015, 0.1887069111911229, 0.19398965925968314, 0.19942029500750083, 0.20500295847029057, 0.21074190558183128, 0.21664151141846955, 0.22270627353445155, 0.22894081539062563, 0.23534988987912978, 0.2419383829467506, 0.24871131731971624, 0.25567385633276335, 0.26283130786539594, 0.2701891283883382, 0.27775292712326566, 0.2855284703189852, 0.2935216856473252, 0.3017386667220857, 0.3101856777444941, 0.3188691582787082, 0.3277957281610069, 0.3369721925464105, 0.3464055470965792, 0.3561029833129435, 0.36607189401913226, 0.3763198789968798, 0.3868547507797058, 0.39768454060878644, 0.4088175045555577, 0.4202621298157168, 0.4320271411794205, 0.4441215076826148, 0.4565544494445634, 0.46933544469678873, 0.48247423700878694, 0.49598084271601944, 0.5098655585558504, 0.5241389695172453, 0.5388119569102191, 0.553895706661185, 0.5694017178405246, 0.5853418114288852, 0.601728139328883, 0.6185731936290858, 0.6358898161273345, 0.6536912081206652, 0.6719909404692954, 0.6908029639423454, 0.710141619853183, 0.730021650992499, 0.7504582128674476, 0.7714668852554213, 0.7930636840812662, 0.815265073626996, 0.8380879790833082, 0.8615497994524721, 0.885668420812431, 0.9104622299522194, 0.9359501283891019, 0.9621515467781114, 0.9890864597249744, 1.0167754010137187, 1.045239479260565, 1.0745003940060471, 1.1045804522576164, 1.1355025854953513, 1.1672903671537318, 1.1999680305928035, 1.2335604875724422, 1.2680933472437848, 1.3035929356723266, 1.3400863159075478, 1.3776013086143843, 1.4161665132822627, 1.4558113300278694, 1.4965659820082826, 1.5384615384615383]
Copies: 600
Move type: l chain flip
----------------------------------
Finished copy 1 at 2025-05-24T20:08:05.569
Finished copy 301 at 2025-05-24T20:08:05.700
Finished copy 451 at 2025-05-24T20:08:06.050
Finished copy 151 at 2025-05-24T20:08:06.096
Finished copy 2 at 2025-05-24T20:08:07.155
Finished copy 302 at 2025-05-24T20:08:07.505
Finished copy 452 at 2025-05-24T20:08:07.792
Finished copy 152 at 2025-05-24T20:08:08.058
Finished copy 3 at 2025-05-24T20:08:08.743
Finished copy 303 at 2025-05-24T20:08:09.435
Finished copy 453 at 2025-05-24T20:08:09.597
Finished copy 153 at 2025-05-24T20:08:09.788
Finished copy 4 at 2025-05-24T20:08:10.402
Finished copy 454 at 2025-05-24T20:08:11.325
Finished copy 304 at 2025-05-24T20:08:11.331
Finished copy 154 at 2025-05-24T20:08:11.539
Finished copy 5 at 2025-05-24T20:08:12.346
Finished copy 455 at 2025-05-24T20:08:13.225
Finished copy 155 at 2025-05-24T20:08:13.297
Finished copy 305 at 2025-05-24T20:08:13.816
Finished copy 6 at 2025-05-24T20:08:14.022
Finished copy 456 at 2025-05-24T20:08:14.886
Finished copy 156 at 2025-05-24T20:08:15.469
Finished copy 7 at 2025-05-24T20:08:15.713
Finished copy 306 at 2025-05-24T20:08:15.868
Finished copy 457 at 2025-05-24T20:08:16.762
Finished copy 157 at 2025-05-24T20:08:17.314
Finished copy 8 at 2025-05-24T20:08:17.578
Finished copy 307 at 2025-05-24T20:08:17.820
Finished copy 458 at 2025-05-24T20:08:18.721
Finished copy 9 at 2025-05-24T20:08:19.257
Finished copy 158 at 2025-05-24T20:08:19.417
Finished copy 308 at 2025-05-24T20:08:19.904
Finished copy 459 at 2025-05-24T20:08:20.366
Finished copy 159 at 2025-05-24T20:08:21.054
Finished copy 10 at 2025-05-24T20:08:21.112
Finished copy 309 at 2025-05-24T20:08:22.087
Finished copy 460 at 2025-05-24T20:08:22.100
Finished copy 160 at 2025-05-24T20:08:22.786
Finished copy 11 at 2025-05-24T20:08:22.888
Finished copy 461 at 2025-05-24T20:08:23.930
Finished copy 310 at 2025-05-24T20:08:23.943
Finished copy 12 at 2025-05-24T20:08:24.393
Finished copy 161 at 2025-05-24T20:08:24.880
Finished copy 311 at 2025-05-24T20:08:25.675
Finished copy 462 at 2025-05-24T20:08:25.918
Finished copy 13 at 2025-05-24T20:08:26.219
Finished copy 162 at 2025-05-24T20:08:26.768
Finished copy 312 at 2025-05-24T20:08:27.464
Finished copy 463 at 2025-05-24T20:08:27.802
Finished copy 14 at 2025-05-24T20:08:28
Finished copy 163 at 2025-05-24T20:08:28.654
Finished copy 313 at 2025-05-24T20:08:29.308
Finished copy 15 at 2025-05-24T20:08:29.689
Finished copy 464 at 2025-05-24T20:08:29.944
Finished copy 164 at 2025-05-24T20:08:30.486
Finished copy 314 at 2025-05-24T20:08:31.181
Finished copy 16 at 2025-05-24T20:08:31.371
Finished copy 465 at 2025-05-24T20:08:31.777
Finished copy 165 at 2025-05-24T20:08:32.195
Finished copy 17 at 2025-05-24T20:08:33.083
Finished copy 315 at 2025-05-24T20:08:33.180
Finished copy 466 at 2025-05-24T20:08:33.722
Finished copy 166 at 2025-05-24T20:08:33.957
Finished copy 18 at 2025-05-24T20:08:34.556
Finished copy 316 at 2025-05-24T20:08:35.141
Finished copy 467 at 2025-05-24T20:08:35.554
Finished copy 167 at 2025-05-24T20:08:35.660
Finished copy 19 at 2025-05-24T20:08:36.280
Finished copy 317 at 2025-05-24T20:08:36.890
Finished copy 468 at 2025-05-24T20:08:37.146
Finished copy 168 at 2025-05-24T20:08:37.432
Finished copy 20 at 2025-05-24T20:08:38.024
Finished copy 318 at 2025-05-24T20:08:38.826
Finished copy 469 at 2025-05-24T20:08:38.916
Finished copy 169 at 2025-05-24T20:08:39.330
Finished copy 21 at 2025-05-24T20:08:39.820
Finished copy 319 at 2025-05-24T20:08:40.813
Finished copy 470 at 2025-05-24T20:08:40.838
Finished copy 170 at 2025-05-24T20:08:41.046
Finished copy 22 at 2025-05-24T20:08:41.598
Finished copy 320 at 2025-05-24T20:08:42.548
Finished copy 471 at 2025-05-24T20:08:42.622
Finished copy 171 at 2025-05-24T20:08:42.980
Finished copy 23 at 2025-05-24T20:08:43.388
Finished copy 321 at 2025-05-24T20:08:44.272
Finished copy 472 at 2025-05-24T20:08:44.407
Finished copy 172 at 2025-05-24T20:08:44.712
Finished copy 24 at 2025-05-24T20:08:45.071
Finished copy 322 at 2025-05-24T20:08:46.138
Finished copy 173 at 2025-05-24T20:08:46.288
Finished copy 473 at 2025-05-24T20:08:46.334
Finished copy 25 at 2025-05-24T20:08:46.591
Finished copy 323 at 2025-05-24T20:08:47.891
Finished copy 174 at 2025-05-24T20:08:48.122
Finished copy 474 at 2025-05-24T20:08:48.219
Finished copy 26 at 2025-05-24T20:08:48.802
Finished copy 324 at 2025-05-24T20:08:49.680
Finished copy 475 at 2025-05-24T20:08:50.044
Finished copy 175 at 2025-05-24T20:08:50.492
Finished copy 27 at 2025-05-24T20:08:50.681
Finished copy 325 at 2025-05-24T20:08:51.561
Finished copy 476 at 2025-05-24T20:08:51.962
Finished copy 176 at 2025-05-24T20:08:52.207
Finished copy 28 at 2025-05-24T20:08:52.287
Finished copy 326 at 2025-05-24T20:08:53.620
Finished copy 177 at 2025-05-24T20:08:53.763
Finished copy 29 at 2025-05-24T20:08:53.957
Finished copy 477 at 2025-05-24T20:08:54.127
Finished copy 327 at 2025-05-24T20:08:55.349
Finished copy 178 at 2025-05-24T20:08:55.559
Finished copy 30 at 2025-05-24T20:08:55.658
Finished copy 478 at 2025-05-24T20:08:56.192
Finished copy 328 at 2025-05-24T20:08:57.269
Finished copy 179 at 2025-05-24T20:08:57.444
Finished copy 31 at 2025-05-24T20:08:57.800
Finished copy 479 at 2025-05-24T20:08:57.929
Finished copy 329 at 2025-05-24T20:08:59.151
Finished copy 180 at 2025-05-24T20:08:59.368
Finished copy 32 at 2025-05-24T20:08:59.699
Finished copy 480 at 2025-05-24T20:08:59.894
Finished copy 330 at 2025-05-24T20:09:00.971
Finished copy 181 at 2025-05-24T20:09:01.255
Finished copy 33 at 2025-05-24T20:09:01.598
Finished copy 481 at 2025-05-24T20:09:01.704
Finished copy 331 at 2025-05-24T20:09:02.841
Finished copy 34 at 2025-05-24T20:09:03.085
Finished copy 182 at 2025-05-24T20:09:03.238
Finished copy 482 at 2025-05-24T20:09:04.110
Finished copy 332 at 2025-05-24T20:09:04.533
Finished copy 35 at 2025-05-24T20:09:04.589
Finished copy 183 at 2025-05-24T20:09:05.275
Finished copy 483 at 2025-05-24T20:09:05.927
Finished copy 36 at 2025-05-24T20:09:06.177
Finished copy 333 at 2025-05-24T20:09:06.234
Finished copy 184 at 2025-05-24T20:09:07.243
Finished copy 37 at 2025-05-24T20:09:07.587
Finished copy 484 at 2025-05-24T20:09:07.656
Finished copy 334 at 2025-05-24T20:09:07.995
Finished copy 185 at 2025-05-24T20:09:09.264
Finished copy 38 at 2025-05-24T20:09:09.273
Finished copy 485 at 2025-05-24T20:09:09.466
Finished copy 335 at 2025-05-24T20:09:09.803
Finished copy 186 at 2025-05-24T20:09:11.043
Finished copy 39 at 2025-05-24T20:09:11.052
Finished copy 336 at 2025-05-24T20:09:11.396
Finished copy 486 at 2025-05-24T20:09:11.432
Finished copy 187 at 2025-05-24T20:09:12.764
Finished copy 40 at 2025-05-24T20:09:12.924
Finished copy 487 at 2025-05-24T20:09:13.072
Finished copy 337 at 2025-05-24T20:09:13.183
Finished copy 488 at 2025-05-24T20:09:14.689
Finished copy 188 at 2025-05-24T20:09:14.693
Finished copy 41 at 2025-05-24T20:09:14.742
Finished copy 338 at 2025-05-24T20:09:14.896
Finished copy 42 at 2025-05-24T20:09:16.162
Finished copy 489 at 2025-05-24T20:09:16.307
Finished copy 189 at 2025-05-24T20:09:16.558
Finished copy 339 at 2025-05-24T20:09:17.021
Finished copy 490 at 2025-05-24T20:09:17.927
Finished copy 43 at 2025-05-24T20:09:18.045
Finished copy 190 at 2025-05-24T20:09:18.527
Finished copy 340 at 2025-05-24T20:09:18.850
Finished copy 44 at 2025-05-24T20:09:19.597
Finished copy 491 at 2025-05-24T20:09:19.647
Finished copy 191 at 2025-05-24T20:09:20.528
Finished copy 341 at 2025-05-24T20:09:20.816
Finished copy 45 at 2025-05-24T20:09:21.455
Finished copy 492 at 2025-05-24T20:09:21.592
Finished copy 342 at 2025-05-24T20:09:22.378
Finished copy 192 at 2025-05-24T20:09:22.810
Finished copy 46 at 2025-05-24T20:09:23.019
Finished copy 493 at 2025-05-24T20:09:23.553
Finished copy 343 at 2025-05-24T20:09:24.198
Finished copy 193 at 2025-05-24T20:09:24.411
Finished copy 494 at 2025-05-24T20:09:25.073
Finished copy 47 at 2025-05-24T20:09:25.078
Finished copy 344 at 2025-05-24T20:09:26.172
Finished copy 194 at 2025-05-24T20:09:26.208
Finished copy 48 at 2025-05-24T20:09:26.461
Finished copy 495 at 2025-05-24T20:09:26.671
Finished copy 49 at 2025-05-24T20:09:27.828
Finished copy 345 at 2025-05-24T20:09:27.878
Finished copy 195 at 2025-05-24T20:09:28.121
Finished copy 496 at 2025-05-24T20:09:28.414
Finished copy 50 at 2025-05-24T20:09:29.056
Finished copy 346 at 2025-05-24T20:09:29.931
Finished copy 196 at 2025-05-24T20:09:30.012
Finished copy 497 at 2025-05-24T20:09:30.066
Finished copy 51 at 2025-05-24T20:09:30.658
Finished copy 498 at 2025-05-24T20:09:31.650
Finished copy 197 at 2025-05-24T20:09:31.877
Finished copy 347 at 2025-05-24T20:09:31.990
Finished copy 52 at 2025-05-24T20:09:32.374
Finished copy 499 at 2025-05-24T20:09:33.392
Finished copy 348 at 2025-05-24T20:09:33.956
Finished copy 198 at 2025-05-24T20:09:34.062
Finished copy 53 at 2025-05-24T20:09:34.198
Finished copy 500 at 2025-05-24T20:09:35.755
Finished copy 349 at 2025-05-24T20:09:35.824
Finished copy 54 at 2025-05-24T20:09:35.911
Finished copy 199 at 2025-05-24T20:09:36.066
Finished copy 55 at 2025-05-24T20:09:37.334
Finished copy 350 at 2025-05-24T20:09:37.483
Finished copy 501 at 2025-05-24T20:09:37.880
Finished copy 200 at 2025-05-24T20:09:37.916
Finished copy 56 at 2025-05-24T20:09:38.992
Finished copy 351 at 2025-05-24T20:09:39.569
Finished copy 502 at 2025-05-24T20:09:39.682
Finished copy 201 at 2025-05-24T20:09:39.739
Finished copy 57 at 2025-05-24T20:09:40.417
Finished copy 352 at 2025-05-24T20:09:41.332
Finished copy 202 at 2025-05-24T20:09:41.355
Finished copy 503 at 2025-05-24T20:09:41.632
Finished copy 58 at 2025-05-24T20:09:41.892
Finished copy 203 at 2025-05-24T20:09:43.215
Finished copy 353 at 2025-05-24T20:09:43.363
Finished copy 504 at 2025-05-24T20:09:43.503
Finished copy 59 at 2025-05-24T20:09:43.561
Finished copy 505 at 2025-05-24T20:09:44.995
Finished copy 204 at 2025-05-24T20:09:45.097
Finished copy 354 at 2025-05-24T20:09:45.143
Finished copy 60 at 2025-05-24T20:09:45.235
Finished copy 205 at 2025-05-24T20:09:46.744
Finished copy 61 at 2025-05-24T20:09:46.807
Finished copy 506 at 2025-05-24T20:09:46.980
Finished copy 355 at 2025-05-24T20:09:47.045
Finished copy 62 at 2025-05-24T20:09:48.333
Finished copy 206 at 2025-05-24T20:09:48.633
Finished copy 356 at 2025-05-24T20:09:48.723
Finished copy 507 at 2025-05-24T20:09:48.867
Finished copy 63 at 2025-05-24T20:09:49.899
Finished copy 207 at 2025-05-24T20:09:50.152
Finished copy 357 at 2025-05-24T20:09:50.472
Finished copy 508 at 2025-05-24T20:09:50.487
Finished copy 64 at 2025-05-24T20:09:51.490
Finished copy 208 at 2025-05-24T20:09:52.032
Finished copy 509 at 2025-05-24T20:09:52.179
Finished copy 358 at 2025-05-24T20:09:52.335
Finished copy 65 at 2025-05-24T20:09:52.805
Finished copy 510 at 2025-05-24T20:09:53.753
Finished copy 209 at 2025-05-24T20:09:53.936
Finished copy 66 at 2025-05-24T20:09:54.251
Finished copy 359 at 2025-05-24T20:09:54.349
Finished copy 511 at 2025-05-24T20:09:55.612
Finished copy 210 at 2025-05-24T20:09:55.700
Finished copy 67 at 2025-05-24T20:09:56.153
Finished copy 360 at 2025-05-24T20:09:56.250
Finished copy 512 at 2025-05-24T20:09:57.471
Finished copy 211 at 2025-05-24T20:09:57.656
Finished copy 68 at 2025-05-24T20:09:57.749
Finished copy 361 at 2025-05-24T20:09:57.995
Finished copy 513 at 2025-05-24T20:09:59.214
Finished copy 212 at 2025-05-24T20:09:59.516
Finished copy 69 at 2025-05-24T20:09:59.573
Finished copy 362 at 2025-05-24T20:09:59.966
Finished copy 514 at 2025-05-24T20:10:01.017
Finished copy 70 at 2025-05-24T20:10:01.068
Finished copy 213 at 2025-05-24T20:10:01.768
Finished copy 363 at 2025-05-24T20:10:01.903
Finished copy 71 at 2025-05-24T20:10:02.792
Finished copy 515 at 2025-05-24T20:10:02.842
Finished copy 364 at 2025-05-24T20:10:03.522
Finished copy 214 at 2025-05-24T20:10:03.677
Finished copy 72 at 2025-05-24T20:10:04.175
Finished copy 516 at 2025-05-24T20:10:04.651
Finished copy 365 at 2025-05-24T20:10:05.149
Finished copy 215 at 2025-05-24T20:10:05.338
Finished copy 73 at 2025-05-24T20:10:05.981
Finished copy 517 at 2025-05-24T20:10:06.312
Finished copy 366 at 2025-05-24T20:10:06.867
Finished copy 216 at 2025-05-24T20:10:07.063
Finished copy 74 at 2025-05-24T20:10:07.694
Finished copy 518 at 2025-05-24T20:10:07.981
Finished copy 367 at 2025-05-24T20:10:08.424
Finished copy 217 at 2025-05-24T20:10:08.867
Finished copy 75 at 2025-05-24T20:10:09.429
Finished copy 519 at 2025-05-24T20:10:09.781
Finished copy 368 at 2025-05-24T20:10:10.332
Finished copy 218 at 2025-05-24T20:10:10.709
Finished copy 76 at 2025-05-24T20:10:10.822
Finished copy 520 at 2025-05-24T20:10:11.391
Finished copy 369 at 2025-05-24T20:10:11.987
Finished copy 77 at 2025-05-24T20:10:12.544
Finished copy 219 at 2025-05-24T20:10:12.549
Finished copy 521 at 2025-05-24T20:10:13.197
Finished copy 370 at 2025-05-24T20:10:13.661
Finished copy 220 at 2025-05-24T20:10:14.248
Finished copy 78 at 2025-05-24T20:10:14.248
Finished copy 522 at 2025-05-24T20:10:15.162
Finished copy 371 at 2025-05-24T20:10:15.329
Finished copy 79 at 2025-05-24T20:10:15.973
Finished copy 221 at 2025-05-24T20:10:16.246
Finished copy 523 at 2025-05-24T20:10:17.075
Finished copy 372 at 2025-05-24T20:10:17.324
Finished copy 80 at 2025-05-24T20:10:17.623
Finished copy 222 at 2025-05-24T20:10:18.052
Finished copy 524 at 2025-05-24T20:10:18.457
Finished copy 81 at 2025-05-24T20:10:19.327
Finished copy 373 at 2025-05-24T20:10:19.335
Finished copy 223 at 2025-05-24T20:10:19.814
Finished copy 525 at 2025-05-24T20:10:19.870
Finished copy 82 at 2025-05-24T20:10:21.011
Finished copy 374 at 2025-05-24T20:10:21.152
Finished copy 224 at 2025-05-24T20:10:21.787
Finished copy 526 at 2025-05-24T20:10:21.835
Finished copy 375 at 2025-05-24T20:10:23.006
Finished copy 83 at 2025-05-24T20:10:23.042
Finished copy 527 at 2025-05-24T20:10:23.582
Finished copy 225 at 2025-05-24T20:10:23.982
Finished copy 376 at 2025-05-24T20:10:24.604
Finished copy 84 at 2025-05-24T20:10:24.622
Finished copy 528 at 2025-05-24T20:10:25.435
Finished copy 226 at 2025-05-24T20:10:25.543
Finished copy 377 at 2025-05-24T20:10:26.310
Finished copy 85 at 2025-05-24T20:10:26.361
Finished copy 529 at 2025-05-24T20:10:27.185
Finished copy 227 at 2025-05-24T20:10:27.544
Finished copy 86 at 2025-05-24T20:10:28.072
Finished copy 378 at 2025-05-24T20:10:28.117
Finished copy 530 at 2025-05-24T20:10:29.003
Finished copy 228 at 2025-05-24T20:10:29.380
Finished copy 87 at 2025-05-24T20:10:29.727
Finished copy 379 at 2025-05-24T20:10:30.108
Finished copy 531 at 2025-05-24T20:10:30.695
Finished copy 229 at 2025-05-24T20:10:31.147
Finished copy 88 at 2025-05-24T20:10:31.418
Finished copy 380 at 2025-05-24T20:10:31.823
Finished copy 532 at 2025-05-24T20:10:32.606
Finished copy 89 at 2025-05-24T20:10:32.877
Finished copy 230 at 2025-05-24T20:10:33.038
Finished copy 381 at 2025-05-24T20:10:33.656
Finished copy 533 at 2025-05-24T20:10:34.392
Finished copy 90 at 2025-05-24T20:10:34.444
Finished copy 231 at 2025-05-24T20:10:34.861
Finished copy 382 at 2025-05-24T20:10:35.499
Finished copy 91 at 2025-05-24T20:10:36.121
Finished copy 534 at 2025-05-24T20:10:36.173
Finished copy 232 at 2025-05-24T20:10:36.652
Finished copy 383 at 2025-05-24T20:10:37.472
Finished copy 92 at 2025-05-24T20:10:37.717
Finished copy 535 at 2025-05-24T20:10:37.869
Finished copy 233 at 2025-05-24T20:10:38.579
Finished copy 93 at 2025-05-24T20:10:39.222
Finished copy 384 at 2025-05-24T20:10:39.645
Finished copy 536 at 2025-05-24T20:10:39.786
Finished copy 234 at 2025-05-24T20:10:40.117
Finished copy 94 at 2025-05-24T20:10:41.083
Finished copy 537 at 2025-05-24T20:10:41.567
Finished copy 385 at 2025-05-24T20:10:41.712
Finished copy 235 at 2025-05-24T20:10:41.761
Finished copy 95 at 2025-05-24T20:10:42.546
Finished copy 538 at 2025-05-24T20:10:43.263
Finished copy 386 at 2025-05-24T20:10:43.642
Finished copy 236 at 2025-05-24T20:10:43.656
Finished copy 96 at 2025-05-24T20:10:44.048
Finished copy 387 at 2025-05-24T20:10:45.192
Finished copy 539 at 2025-05-24T20:10:45.257
Finished copy 237 at 2025-05-24T20:10:45.334
Finished copy 97 at 2025-05-24T20:10:45.868
Finished copy 388 at 2025-05-24T20:10:47.111
Finished copy 238 at 2025-05-24T20:10:47.154
Finished copy 540 at 2025-05-24T20:10:47.308
Finished copy 98 at 2025-05-24T20:10:47.418
Finished copy 389 at 2025-05-24T20:10:48.889
Finished copy 239 at 2025-05-24T20:10:48.909
Finished copy 541 at 2025-05-24T20:10:48.999
Finished copy 99 at 2025-05-24T20:10:49.197
Finished copy 390 at 2025-05-24T20:10:50.580
Finished copy 240 at 2025-05-24T20:10:50.600
Finished copy 100 at 2025-05-24T20:10:50.821
Finished copy 542 at 2025-05-24T20:10:50.846
Finished copy 391 at 2025-05-24T20:10:52.222
Finished copy 241 at 2025-05-24T20:10:52.376
Finished copy 543 at 2025-05-24T20:10:52.477
Finished copy 101 at 2025-05-24T20:10:52.773
Finished copy 242 at 2025-05-24T20:10:53.874
Finished copy 392 at 2025-05-24T20:10:54.053
Finished copy 102 at 2025-05-24T20:10:54.298
Finished copy 544 at 2025-05-24T20:10:54.444
Finished copy 103 at 2025-05-24T20:10:55.668
Finished copy 393 at 2025-05-24T20:10:55.765
Finished copy 243 at 2025-05-24T20:10:55.976
Finished copy 545 at 2025-05-24T20:10:55.979
Finished copy 104 at 2025-05-24T20:10:57.239
Finished copy 546 at 2025-05-24T20:10:57.323
Finished copy 244 at 2025-05-24T20:10:57.652
Finished copy 394 at 2025-05-24T20:10:57.706
Finished copy 105 at 2025-05-24T20:10:58.543
Finished copy 547 at 2025-05-24T20:10:59.144
Finished copy 245 at 2025-05-24T20:10:59.248
Finished copy 395 at 2025-05-24T20:10:59.409
Finished copy 106 at 2025-05-24T20:11:00.256
Finished copy 246 at 2025-05-24T20:11:00.892
Finished copy 396 at 2025-05-24T20:11:01.090
Finished copy 548 at 2025-05-24T20:11:01.412
Finished copy 107 at 2025-05-24T20:11:01.886
Finished copy 247 at 2025-05-24T20:11:02.381
Finished copy 397 at 2025-05-24T20:11:02.812
Finished copy 549 at 2025-05-24T20:11:03.292
Finished copy 108 at 2025-05-24T20:11:03.885
Finished copy 248 at 2025-05-24T20:11:03.968
Finished copy 398 at 2025-05-24T20:11:04.305
Finished copy 550 at 2025-05-24T20:11:04.822
Finished copy 109 at 2025-05-24T20:11:05.680
Finished copy 399 at 2025-05-24T20:11:06.082
Finished copy 249 at 2025-05-24T20:11:06.184
Finished copy 551 at 2025-05-24T20:11:06.648
Finished copy 110 at 2025-05-24T20:11:07.088
Finished copy 400 at 2025-05-24T20:11:07.814
Finished copy 250 at 2025-05-24T20:11:07.901
Finished copy 552 at 2025-05-24T20:11:08.179
Finished copy 111 at 2025-05-24T20:11:08.706
Finished copy 251 at 2025-05-24T20:11:09.665
Finished copy 401 at 2025-05-24T20:11:09.727
Finished copy 553 at 2025-05-24T20:11:10.157
Finished copy 112 at 2025-05-24T20:11:10.339
Finished copy 402 at 2025-05-24T20:11:11.352
Finished copy 252 at 2025-05-24T20:11:11.561
Finished copy 554 at 2025-05-24T20:11:12.029
Finished copy 113 at 2025-05-24T20:11:12.032
Finished copy 253 at 2025-05-24T20:11:13.028
Finished copy 403 at 2025-05-24T20:11:13.129
Finished copy 114 at 2025-05-24T20:11:13.326
Finished copy 555 at 2025-05-24T20:11:13.846
Finished copy 254 at 2025-05-24T20:11:14.850
Finished copy 404 at 2025-05-24T20:11:15.145
Finished copy 115 at 2025-05-24T20:11:15.168
Finished copy 556 at 2025-05-24T20:11:15.484
Finished copy 255 at 2025-05-24T20:11:16.419
Finished copy 116 at 2025-05-24T20:11:16.935
Finished copy 405 at 2025-05-24T20:11:16.986
Finished copy 557 at 2025-05-24T20:11:17.028
Finished copy 256 at 2025-05-24T20:11:18.085
Finished copy 117 at 2025-05-24T20:11:18.496
Finished copy 406 at 2025-05-24T20:11:18.767
Finished copy 558 at 2025-05-24T20:11:19.303
Finished copy 257 at 2025-05-24T20:11:20.002
Finished copy 118 at 2025-05-24T20:11:20.089
Finished copy 407 at 2025-05-24T20:11:20.858
Finished copy 559 at 2025-05-24T20:11:21.017
Finished copy 258 at 2025-05-24T20:11:21.644
Finished copy 119 at 2025-05-24T20:11:21.829
Finished copy 408 at 2025-05-24T20:11:22.705
Finished copy 560 at 2025-05-24T20:11:22.832
Finished copy 259 at 2025-05-24T20:11:23.370
Finished copy 120 at 2025-05-24T20:11:23.467
Finished copy 561 at 2025-05-24T20:11:24.295
Finished copy 409 at 2025-05-24T20:11:24.684
Finished copy 121 at 2025-05-24T20:11:24.961
Finished copy 260 at 2025-05-24T20:11:25.076
Finished copy 562 at 2025-05-24T20:11:26.001
Finished copy 410 at 2025-05-24T20:11:26.427
Finished copy 122 at 2025-05-24T20:11:26.481
Finished copy 261 at 2025-05-24T20:11:26.907
Finished copy 563 at 2025-05-24T20:11:27.903
Finished copy 123 at 2025-05-24T20:11:28.217
Finished copy 411 at 2025-05-24T20:11:28.316
Finished copy 262 at 2025-05-24T20:11:28.631
Finished copy 564 at 2025-05-24T20:11:29.459
Finished copy 124 at 2025-05-24T20:11:29.862
Finished copy 412 at 2025-05-24T20:11:30.078
Finished copy 263 at 2025-05-24T20:11:30.228
Finished copy 565 at 2025-05-24T20:11:31.406
Finished copy 125 at 2025-05-24T20:11:31.683
Finished copy 264 at 2025-05-24T20:11:31.865
Finished copy 413 at 2025-05-24T20:11:31.892
Finished copy 566 at 2025-05-24T20:11:33.081
Finished copy 126 at 2025-05-24T20:11:33.367
Finished copy 265 at 2025-05-24T20:11:33.441
Finished copy 414 at 2025-05-24T20:11:33.713
Finished copy 567 at 2025-05-24T20:11:34.831
Finished copy 127 at 2025-05-24T20:11:34.939
Finished copy 266 at 2025-05-24T20:11:35.314
Finished copy 415 at 2025-05-24T20:11:35.884
Finished copy 128 at 2025-05-24T20:11:36.525
Finished copy 568 at 2025-05-24T20:11:36.562
Finished copy 267 at 2025-05-24T20:11:36.847
Finished copy 416 at 2025-05-24T20:11:37.540
Finished copy 569 at 2025-05-24T20:11:38.101
Finished copy 129 at 2025-05-24T20:11:38.284
Finished copy 268 at 2025-05-24T20:11:38.689
Finished copy 417 at 2025-05-24T20:11:38.982
Finished copy 570 at 2025-05-24T20:11:39.636
Finished copy 130 at 2025-05-24T20:11:40.085
Finished copy 269 at 2025-05-24T20:11:40.313
Finished copy 418 at 2025-05-24T20:11:40.804
Finished copy 571 at 2025-05-24T20:11:41.422
Finished copy 131 at 2025-05-24T20:11:41.503
Finished copy 270 at 2025-05-24T20:11:42.180
Finished copy 419 at 2025-05-24T20:11:42.632
Finished copy 132 at 2025-05-24T20:11:43.016
Finished copy 572 at 2025-05-24T20:11:43.478
Finished copy 271 at 2025-05-24T20:11:44.016
Finished copy 420 at 2025-05-24T20:11:44.393
Finished copy 133 at 2025-05-24T20:11:44.775
Finished copy 573 at 2025-05-24T20:11:45.031
Finished copy 272 at 2025-05-24T20:11:45.635
Finished copy 134 at 2025-05-24T20:11:46.351
Finished copy 421 at 2025-05-24T20:11:46.446
Finished copy 574 at 2025-05-24T20:11:46.601
Finished copy 273 at 2025-05-24T20:11:47.360
Finished copy 135 at 2025-05-24T20:11:47.929
Finished copy 422 at 2025-05-24T20:11:48.113
Finished copy 575 at 2025-05-24T20:11:48.411
Finished copy 274 at 2025-05-24T20:11:49.227
Finished copy 136 at 2025-05-24T20:11:49.810
Finished copy 423 at 2025-05-24T20:11:49.845
Finished copy 576 at 2025-05-24T20:11:50.414
Finished copy 275 at 2025-05-24T20:11:51.173
Finished copy 137 at 2025-05-24T20:11:51.564
Finished copy 424 at 2025-05-24T20:11:51.570
Finished copy 577 at 2025-05-24T20:11:51.945
Finished copy 276 at 2025-05-24T20:11:52.702
Finished copy 425 at 2025-05-24T20:11:53.098
Finished copy 138 at 2025-05-24T20:11:53.373
Finished copy 578 at 2025-05-24T20:11:53.801
Finished copy 277 at 2025-05-24T20:11:54.663
Finished copy 426 at 2025-05-24T20:11:54.703
Finished copy 139 at 2025-05-24T20:11:54.892
Finished copy 579 at 2025-05-24T20:11:55.622
Finished copy 140 at 2025-05-24T20:11:56.463
Finished copy 427 at 2025-05-24T20:11:56.477
Finished copy 278 at 2025-05-24T20:11:56.861
Finished copy 580 at 2025-05-24T20:11:57.178
Finished copy 428 at 2025-05-24T20:11:58.106
Finished copy 141 at 2025-05-24T20:11:58.199
Finished copy 279 at 2025-05-24T20:11:58.593
Finished copy 581 at 2025-05-24T20:11:58.815
Finished copy 142 at 2025-05-24T20:11:59.962
Finished copy 429 at 2025-05-24T20:12:00.078
Finished copy 582 at 2025-05-24T20:12:00.226
Finished copy 280 at 2025-05-24T20:12:00.503
Finished copy 143 at 2025-05-24T20:12:01.563
Finished copy 430 at 2025-05-24T20:12:01.878
Finished copy 583 at 2025-05-24T20:12:02.047
Finished copy 281 at 2025-05-24T20:12:02.611
Finished copy 144 at 2025-05-24T20:12:03.180
Finished copy 584 at 2025-05-24T20:12:03.431
Finished copy 431 at 2025-05-24T20:12:03.599
Finished copy 282 at 2025-05-24T20:12:04.573
Finished copy 145 at 2025-05-24T20:12:04.763
Finished copy 585 at 2025-05-24T20:12:05.347
Finished copy 432 at 2025-05-24T20:12:05.616
Finished copy 283 at 2025-05-24T20:12:06.391
Finished copy 146 at 2025-05-24T20:12:06.400
Finished copy 586 at 2025-05-24T20:12:06.971
Finished copy 433 at 2025-05-24T20:12:07.239
Finished copy 284 at 2025-05-24T20:12:07.970
Finished copy 147 at 2025-05-24T20:12:08.259
Finished copy 587 at 2025-05-24T20:12:08.582
Finished copy 434 at 2025-05-24T20:12:08.973
Finished copy 285 at 2025-05-24T20:12:09.632
Finished copy 148 at 2025-05-24T20:12:10.062
Finished copy 588 at 2025-05-24T20:12:10.555
Finished copy 435 at 2025-05-24T20:12:10.593
Finished copy 286 at 2025-05-24T20:12:11.322
Finished copy 149 at 2025-05-24T20:12:11.550
Finished copy 436 at 2025-05-24T20:12:12.459
Finished copy 589 at 2025-05-24T20:12:12.688
Finished copy 287 at 2025-05-24T20:12:13.031
Finished copy 150 at 2025-05-24T20:12:13.163
Finished copy 437 at 2025-05-24T20:12:14.057
Finished copy 590 at 2025-05-24T20:12:14.192
Finished copy 288 at 2025-05-24T20:12:14.627
Finished copy 438 at 2025-05-24T20:12:15.533
Finished copy 591 at 2025-05-24T20:12:15.931
Finished copy 289 at 2025-05-24T20:12:16.286
Finished copy 439 at 2025-05-24T20:12:17.026
Finished copy 592 at 2025-05-24T20:12:17.611
Finished copy 290 at 2025-05-24T20:12:17.780
Finished copy 440 at 2025-05-24T20:12:18.590
Finished copy 593 at 2025-05-24T20:12:18.897
Finished copy 291 at 2025-05-24T20:12:19.207
Finished copy 441 at 2025-05-24T20:12:20.024
Finished copy 594 at 2025-05-24T20:12:20.676
Finished copy 292 at 2025-05-24T20:12:20.798
Finished copy 442 at 2025-05-24T20:12:21.383
Finished copy 595 at 2025-05-24T20:12:21.920
Finished copy 293 at 2025-05-24T20:12:22.378
Finished copy 443 at 2025-05-24T20:12:22.812
Finished copy 596 at 2025-05-24T20:12:23.485
Finished copy 294 at 2025-05-24T20:12:23.901
Finished copy 444 at 2025-05-24T20:12:24.401
Finished copy 597 at 2025-05-24T20:12:24.973
Finished copy 295 at 2025-05-24T20:12:25.338
Finished copy 445 at 2025-05-24T20:12:26.087
Finished copy 598 at 2025-05-24T20:12:26.527
Finished copy 296 at 2025-05-24T20:12:27.033
Finished copy 446 at 2025-05-24T20:12:27.458
Finished copy 599 at 2025-05-24T20:12:27.822
Finished copy 297 at 2025-05-24T20:12:28.546
Finished copy 447 at 2025-05-24T20:12:28.981
Finished copy 600 at 2025-05-24T20:12:29.261
Finished copy 298 at 2025-05-24T20:12:29.903
Finished copy 448 at 2025-05-24T20:12:30.168
Finished copy 299 at 2025-05-24T20:12:31.321
Finished copy 449 at 2025-05-24T20:12:31.510
Finished copy 300 at 2025-05-24T20:12:32.485
Finished copy 450 at 2025-05-24T20:12:32.842
