Starting saddles simulation at 2025-05-25T00:25:23.921
Lattice size: 38
Beta values: [0.1, 0.10279944599549397, 0.10567726096980483, 0.10863563882017176, 0.11167683486080235, 0.11480316754220751, 0.1180170202186681, 0.1213208429651809, 0.12471715444526921, 0.12820854383108135, 0.1317976727772417, 0.13548727744995842, 0.13928017061293513, 0.14317924377167612, 0.14718746937782085, 0.15130790309518719, 0.15554368612925135, 0.15989804762184037, 0.16437430711286308, 0.16897587707095507, 0.17370626549496876, 0.1785690785882898, 0.18356802350802015, 0.1887069111911229, 0.19398965925968314, 0.19942029500750083, 0.20500295847029057, 0.21074190558183128, 0.21664151141846955, 0.22270627353445155, 0.22894081539062563, 0.23534988987912978, 0.2419383829467506, 0.24871131731971624, 0.25567385633276335, 0.26283130786539594, 0.2701891283883382, 0.27775292712326566, 0.2855284703189852, 0.2935216856473252, 0.3017386667220857, 0.3101856777444941, 0.3188691582787082, 0.3277957281610069, 0.3369721925464105, 0.3464055470965792, 0.3561029833129435, 0.36607189401913226, 0.3763198789968798, 0.3868547507797058, 0.39768454060878644, 0.4088175045555577, 0.4202621298157168, 0.4320271411794205, 0.4441215076826148, 0.4565544494445634, 0.46933544469678873, 0.48247423700878694, 0.49598084271601944, 0.5098655585558504, 0.5241389695172453, 0.5388119569102191, 0.553895706661185, 0.5694017178405246, 0.5853418114288852, 0.601728139328883, 0.6185731936290858, 0.6358898161273345, 0.6536912081206652, 0.6719909404692954, 0.6908029639423454, 0.710141619853183, 0.730021650992499, 0.7504582128674476, 0.7714668852554213, 0.7930636840812662, 0.815265073626996, 0.8380879790833082, 0.8615497994524721, 0.885668420812431, 0.9104622299522194, 0.9359501283891019, 0.9621515467781114, 0.9890864597249744, 1.0167754010137187, 1.045239479260565, 1.0745003940060471, 1.1045804522576164, 1.1355025854953513, 1.1672903671537318, 1.1999680305928035, 1.2335604875724422, 1.2680933472437848, 1.3035929356723266, 1.3400863159075478, 1.3776013086143843, 1.4161665132822627, 1.4558113300278694, 1.4965659820082826, 1.5384615384615383]
Copies: 600
Move type: l chain flip
----------------------------------
Finished copy 451 at 2025-05-25T00:25:35.284
Finished copy 1 at 2025-05-25T00:25:35.748
Finished copy 301 at 2025-05-25T00:25:35.846
Finished copy 151 at 2025-05-25T00:25:37.705
Finished copy 302 at 2025-05-25T00:25:46.295
Finished copy 452 at 2025-05-25T00:25:46.408
Finished copy 2 at 2025-05-25T00:25:47.778
Finished copy 152 at 2025-05-25T00:25:48.443
Finished copy 453 at 2025-05-25T00:25:57.099
Finished copy 303 at 2025-05-25T00:25:57.203
Finished copy 153 at 2025-05-25T00:26:00.634
Finished copy 3 at 2025-05-25T00:26:01.250
Finished copy 304 at 2025-05-25T00:26:07.954
Finished copy 454 at 2025-05-25T00:26:08.610
Finished copy 154 at 2025-05-25T00:26:11.720
Finished copy 4 at 2025-05-25T00:26:13.703
Finished copy 305 at 2025-05-25T00:26:18.289
Finished copy 455 at 2025-05-25T00:26:18.800
Finished copy 155 at 2025-05-25T00:26:22.178
Finished copy 5 at 2025-05-25T00:26:26.324
Finished copy 306 at 2025-05-25T00:26:29.385
Finished copy 456 at 2025-05-25T00:26:29.583
Finished copy 156 at 2025-05-25T00:26:32.665
Finished copy 6 at 2025-05-25T00:26:37.735
Finished copy 307 at 2025-05-25T00:26:40.543
Finished copy 457 at 2025-05-25T00:26:40.712
Finished copy 157 at 2025-05-25T00:26:43.536
Finished copy 7 at 2025-05-25T00:26:51.299
Finished copy 458 at 2025-05-25T00:26:51.674
Finished copy 308 at 2025-05-25T00:26:51.868
Finished copy 158 at 2025-05-25T00:26:54.995
Finished copy 459 at 2025-05-25T00:27:02.135
Finished copy 309 at 2025-05-25T00:27:03.349
Finished copy 8 at 2025-05-25T00:27:03.955
Finished copy 159 at 2025-05-25T00:27:06.134
Finished copy 460 at 2025-05-25T00:27:12.947
Finished copy 310 at 2025-05-25T00:27:13.824
Finished copy 9 at 2025-05-25T00:27:16.143
Finished copy 160 at 2025-05-25T00:27:17.221
Finished copy 461 at 2025-05-25T00:27:24.215
Finished copy 311 at 2025-05-25T00:27:24.648
Finished copy 161 at 2025-05-25T00:27:27.766
Finished copy 10 at 2025-05-25T00:27:28.244
Finished copy 312 at 2025-05-25T00:27:35.069
Finished copy 462 at 2025-05-25T00:27:37.539
Finished copy 162 at 2025-05-25T00:27:39.706
Finished copy 11 at 2025-05-25T00:27:39.998
Finished copy 313 at 2025-05-25T00:27:45.171
Finished copy 463 at 2025-05-25T00:27:48.210
Finished copy 163 at 2025-05-25T00:27:49.684
Finished copy 12 at 2025-05-25T00:27:51.984
Finished copy 314 at 2025-05-25T00:27:57.091
Finished copy 464 at 2025-05-25T00:27:59.657
Finished copy 164 at 2025-05-25T00:28:00.674
Finished copy 13 at 2025-05-25T00:28:04.902
Finished copy 315 at 2025-05-25T00:28:08.983
Finished copy 465 at 2025-05-25T00:28:09.989
Finished copy 165 at 2025-05-25T00:28:11.568
Finished copy 14 at 2025-05-25T00:28:18.002
Finished copy 316 at 2025-05-25T00:28:20.630
Finished copy 466 at 2025-05-25T00:28:21.403
Finished copy 166 at 2025-05-25T00:28:23.895
Finished copy 15 at 2025-05-25T00:28:31.551
Finished copy 467 at 2025-05-25T00:28:32.360
Finished copy 317 at 2025-05-25T00:28:33.694
Finished copy 167 at 2025-05-25T00:28:36.258
Finished copy 468 at 2025-05-25T00:28:42.661
Finished copy 318 at 2025-05-25T00:28:45.646
Finished copy 16 at 2025-05-25T00:28:45.782
Finished copy 168 at 2025-05-25T00:28:46.837
Finished copy 469 at 2025-05-25T00:28:54.355
Finished copy 169 at 2025-05-25T00:28:56.916
Finished copy 319 at 2025-05-25T00:28:56.960
Finished copy 17 at 2025-05-25T00:28:59.286
Finished copy 470 at 2025-05-25T00:29:05.632
Finished copy 170 at 2025-05-25T00:29:07.601
Finished copy 320 at 2025-05-25T00:29:07.990
Finished copy 18 at 2025-05-25T00:29:13.672
Finished copy 471 at 2025-05-25T00:29:16.730
Finished copy 171 at 2025-05-25T00:29:18.235
Finished copy 321 at 2025-05-25T00:29:18.748
Finished copy 19 at 2025-05-25T00:29:27.094
Finished copy 472 at 2025-05-25T00:29:28.085
Finished copy 172 at 2025-05-25T00:29:28.561
Finished copy 322 at 2025-05-25T00:29:30.040
Finished copy 173 at 2025-05-25T00:29:38.308
Finished copy 20 at 2025-05-25T00:29:39.436
Finished copy 473 at 2025-05-25T00:29:39.841
Finished copy 323 at 2025-05-25T00:29:40.769
Finished copy 474 at 2025-05-25T00:29:49.661
Finished copy 174 at 2025-05-25T00:29:50.387
Finished copy 324 at 2025-05-25T00:29:51.049
Finished copy 21 at 2025-05-25T00:29:51.174
Finished copy 475 at 2025-05-25T00:30:00.881
Finished copy 175 at 2025-05-25T00:30:02.079
Finished copy 325 at 2025-05-25T00:30:02.237
Finished copy 22 at 2025-05-25T00:30:03.536
Finished copy 176 at 2025-05-25T00:30:11.990
Finished copy 326 at 2025-05-25T00:30:12.679
Finished copy 476 at 2025-05-25T00:30:13.303
Finished copy 23 at 2025-05-25T00:30:16.459
Finished copy 477 at 2025-05-25T00:30:24.252
Finished copy 327 at 2025-05-25T00:30:24.355
Finished copy 177 at 2025-05-25T00:30:26.146
Finished copy 24 at 2025-05-25T00:30:28.641
Finished copy 478 at 2025-05-25T00:30:34.290
Finished copy 328 at 2025-05-25T00:30:35.117
Finished copy 178 at 2025-05-25T00:30:36.866
Finished copy 25 at 2025-05-25T00:30:41.055
Finished copy 479 at 2025-05-25T00:30:45.345
Finished copy 329 at 2025-05-25T00:30:47.171
Finished copy 179 at 2025-05-25T00:30:47.705
Finished copy 26 at 2025-05-25T00:30:53.917
Finished copy 480 at 2025-05-25T00:30:56.664
Finished copy 330 at 2025-05-25T00:30:58.095
Finished copy 180 at 2025-05-25T00:30:58.254
Finished copy 27 at 2025-05-25T00:31:06.214
Finished copy 481 at 2025-05-25T00:31:06.744
Finished copy 331 at 2025-05-25T00:31:08.605
Finished copy 181 at 2025-05-25T00:31:09.655
Finished copy 482 at 2025-05-25T00:31:16.919
Finished copy 28 at 2025-05-25T00:31:17.936
Finished copy 332 at 2025-05-25T00:31:19.629
Finished copy 182 at 2025-05-25T00:31:20.694
Finished copy 483 at 2025-05-25T00:31:27.327
Finished copy 333 at 2025-05-25T00:31:30.069
Finished copy 29 at 2025-05-25T00:31:31.241
Finished copy 183 at 2025-05-25T00:31:31.288
Finished copy 484 at 2025-05-25T00:31:37.183
Finished copy 334 at 2025-05-25T00:31:41.472
Finished copy 184 at 2025-05-25T00:31:42.131
Finished copy 30 at 2025-05-25T00:31:43.578
Finished copy 485 at 2025-05-25T00:31:48.277
Finished copy 335 at 2025-05-25T00:31:52.377
Finished copy 185 at 2025-05-25T00:31:52.499
Finished copy 31 at 2025-05-25T00:31:57.203
Finished copy 486 at 2025-05-25T00:31:59.354
Finished copy 186 at 2025-05-25T00:32:02.543
Finished copy 336 at 2025-05-25T00:32:03.570
Finished copy 487 at 2025-05-25T00:32:09.598
Finished copy 32 at 2025-05-25T00:32:10.763
Finished copy 187 at 2025-05-25T00:32:13.763
Finished copy 337 at 2025-05-25T00:32:14.411
Finished copy 488 at 2025-05-25T00:32:20.237
Finished copy 338 at 2025-05-25T00:32:24.646
Finished copy 188 at 2025-05-25T00:32:24.852
Finished copy 33 at 2025-05-25T00:32:25.264
Finished copy 489 at 2025-05-25T00:32:31.595
Finished copy 189 at 2025-05-25T00:32:35.276
Finished copy 339 at 2025-05-25T00:32:36.491
Finished copy 34 at 2025-05-25T00:32:36.782
Finished copy 490 at 2025-05-25T00:32:42.076
Finished copy 340 at 2025-05-25T00:32:47.495
Finished copy 190 at 2025-05-25T00:32:47.956
Finished copy 35 at 2025-05-25T00:32:49.156
Finished copy 491 at 2025-05-25T00:32:54.369
Finished copy 191 at 2025-05-25T00:32:58.513
Finished copy 341 at 2025-05-25T00:32:58.796
Finished copy 36 at 2025-05-25T00:33:01.670
Finished copy 492 at 2025-05-25T00:33:05.540
Finished copy 192 at 2025-05-25T00:33:08.433
Finished copy 342 at 2025-05-25T00:33:09.662
Finished copy 37 at 2025-05-25T00:33:14.242
Finished copy 493 at 2025-05-25T00:33:15.499
Finished copy 193 at 2025-05-25T00:33:19.108
Finished copy 343 at 2025-05-25T00:33:22.100
Finished copy 38 at 2025-05-25T00:33:25.929
Finished copy 494 at 2025-05-25T00:33:26.157
Finished copy 194 at 2025-05-25T00:33:29.717
Finished copy 344 at 2025-05-25T00:33:34.096
Finished copy 495 at 2025-05-25T00:33:38.619
Finished copy 39 at 2025-05-25T00:33:39.139
Finished copy 195 at 2025-05-25T00:33:41.556
Finished copy 345 at 2025-05-25T00:33:45.249
Finished copy 496 at 2025-05-25T00:33:49.939
Finished copy 40 at 2025-05-25T00:33:50.711
Finished copy 196 at 2025-05-25T00:33:52.775
Finished copy 346 at 2025-05-25T00:33:56.940
Finished copy 497 at 2025-05-25T00:34:00.304
Finished copy 41 at 2025-05-25T00:34:03.075
Finished copy 197 at 2025-05-25T00:34:04.010
Finished copy 347 at 2025-05-25T00:34:07.587
Finished copy 498 at 2025-05-25T00:34:12.080
Finished copy 42 at 2025-05-25T00:34:16.278
Finished copy 198 at 2025-05-25T00:34:16.613
Finished copy 348 at 2025-05-25T00:34:19.266
Finished copy 499 at 2025-05-25T00:34:24.174
Finished copy 43 at 2025-05-25T00:34:27.218
Finished copy 199 at 2025-05-25T00:34:27.904
Finished copy 349 at 2025-05-25T00:34:29.986
Finished copy 500 at 2025-05-25T00:34:34.531
Finished copy 200 at 2025-05-25T00:34:39.069
Finished copy 350 at 2025-05-25T00:34:40.439
Finished copy 44 at 2025-05-25T00:34:40.926
Finished copy 501 at 2025-05-25T00:34:45.245
Finished copy 201 at 2025-05-25T00:34:50.255
Finished copy 351 at 2025-05-25T00:34:50.499
Finished copy 45 at 2025-05-25T00:34:53.451
Finished copy 502 at 2025-05-25T00:34:55.082
Finished copy 202 at 2025-05-25T00:35:00.782
Finished copy 352 at 2025-05-25T00:35:00.825
Finished copy 46 at 2025-05-25T00:35:05.294
Finished copy 503 at 2025-05-25T00:35:05.723
Finished copy 203 at 2025-05-25T00:35:10.958
Finished copy 353 at 2025-05-25T00:35:11.850
Finished copy 504 at 2025-05-25T00:35:16.771
Finished copy 47 at 2025-05-25T00:35:18.139
Finished copy 204 at 2025-05-25T00:35:21.014
Finished copy 354 at 2025-05-25T00:35:21.735
Finished copy 505 at 2025-05-25T00:35:27.362
Finished copy 48 at 2025-05-25T00:35:30.436
Finished copy 205 at 2025-05-25T00:35:32.109
Finished copy 355 at 2025-05-25T00:35:33.375
Finished copy 506 at 2025-05-25T00:35:37.438
Finished copy 49 at 2025-05-25T00:35:42.224
Finished copy 206 at 2025-05-25T00:35:42.898
Finished copy 356 at 2025-05-25T00:35:45.994
Finished copy 507 at 2025-05-25T00:35:48.800
Finished copy 50 at 2025-05-25T00:35:53.420
Finished copy 207 at 2025-05-25T00:35:54.544
Finished copy 357 at 2025-05-25T00:35:56.566
Finished copy 508 at 2025-05-25T00:35:59.913
Finished copy 208 at 2025-05-25T00:36:05.055
Finished copy 51 at 2025-05-25T00:36:05.528
Finished copy 358 at 2025-05-25T00:36:07.121
Finished copy 509 at 2025-05-25T00:36:10.581
Finished copy 209 at 2025-05-25T00:36:16.930
Finished copy 359 at 2025-05-25T00:36:18.216
Finished copy 52 at 2025-05-25T00:36:18.522
Finished copy 510 at 2025-05-25T00:36:22.018
Finished copy 210 at 2025-05-25T00:36:27.153
Finished copy 53 at 2025-05-25T00:36:30.342
Finished copy 360 at 2025-05-25T00:36:31.899
Finished copy 511 at 2025-05-25T00:36:33.178
Finished copy 211 at 2025-05-25T00:36:38.271
Finished copy 54 at 2025-05-25T00:36:42.199
Finished copy 361 at 2025-05-25T00:36:43.250
Finished copy 512 at 2025-05-25T00:36:44.294
Finished copy 212 at 2025-05-25T00:36:50.128
Finished copy 362 at 2025-05-25T00:36:54.382
Finished copy 55 at 2025-05-25T00:36:55.516
Finished copy 513 at 2025-05-25T00:36:55.568
Finished copy 213 at 2025-05-25T00:37:00.979
Finished copy 363 at 2025-05-25T00:37:05.712
Finished copy 514 at 2025-05-25T00:37:06.261
Finished copy 56 at 2025-05-25T00:37:08.394
Finished copy 214 at 2025-05-25T00:37:11.709
Finished copy 364 at 2025-05-25T00:37:16.452
Finished copy 515 at 2025-05-25T00:37:16.889
Finished copy 57 at 2025-05-25T00:37:21.742
Finished copy 215 at 2025-05-25T00:37:22.097
Finished copy 516 at 2025-05-25T00:37:27.167
Finished copy 365 at 2025-05-25T00:37:27.658
Finished copy 216 at 2025-05-25T00:37:34.641
Finished copy 58 at 2025-05-25T00:37:36.774
Finished copy 517 at 2025-05-25T00:37:37.605
Finished copy 366 at 2025-05-25T00:37:38.346
Finished copy 217 at 2025-05-25T00:37:46.143
Finished copy 518 at 2025-05-25T00:37:49.062
Finished copy 59 at 2025-05-25T00:37:50.124
Finished copy 367 at 2025-05-25T00:37:51.106
Finished copy 218 at 2025-05-25T00:37:56.728
Finished copy 519 at 2025-05-25T00:37:59.720
Finished copy 368 at 2025-05-25T00:38:01.220
Finished copy 60 at 2025-05-25T00:38:02.316
Finished copy 219 at 2025-05-25T00:38:08.397
Finished copy 520 at 2025-05-25T00:38:11.088
Finished copy 369 at 2025-05-25T00:38:11.994
Finished copy 61 at 2025-05-25T00:38:14.037
Finished copy 220 at 2025-05-25T00:38:18.944
Finished copy 521 at 2025-05-25T00:38:21.621
Finished copy 370 at 2025-05-25T00:38:22.367
Finished copy 62 at 2025-05-25T00:38:26.115
Finished copy 221 at 2025-05-25T00:38:29.591
Finished copy 522 at 2025-05-25T00:38:32.836
Finished copy 371 at 2025-05-25T00:38:32.869
Finished copy 63 at 2025-05-25T00:38:37.864
Finished copy 222 at 2025-05-25T00:38:40.410
Finished copy 372 at 2025-05-25T00:38:43.374
Finished copy 523 at 2025-05-25T00:38:43.430
Finished copy 64 at 2025-05-25T00:38:49.363
Finished copy 223 at 2025-05-25T00:38:51.150
Finished copy 373 at 2025-05-25T00:38:54.532
Finished copy 524 at 2025-05-25T00:38:55.661
Finished copy 224 at 2025-05-25T00:39:02.695
Finished copy 65 at 2025-05-25T00:39:04.084
Finished copy 374 at 2025-05-25T00:39:05.517
Finished copy 525 at 2025-05-25T00:39:06.267
Finished copy 225 at 2025-05-25T00:39:13.475
Finished copy 66 at 2025-05-25T00:39:17.152
Finished copy 526 at 2025-05-25T00:39:17.257
Finished copy 375 at 2025-05-25T00:39:22.183
Finished copy 226 at 2025-05-25T00:39:24.785
Finished copy 527 at 2025-05-25T00:39:28.243
Finished copy 67 at 2025-05-25T00:39:29.886
Finished copy 376 at 2025-05-25T00:39:33.505
Finished copy 227 at 2025-05-25T00:39:36.436
Finished copy 528 at 2025-05-25T00:39:38.917
Finished copy 68 at 2025-05-25T00:39:42.202
Finished copy 377 at 2025-05-25T00:39:44.848
Finished copy 228 at 2025-05-25T00:39:48.549
Finished copy 529 at 2025-05-25T00:39:50.753
Finished copy 69 at 2025-05-25T00:39:54.520
Finished copy 378 at 2025-05-25T00:39:56.057
Finished copy 229 at 2025-05-25T00:39:59.969
Finished copy 530 at 2025-05-25T00:40:01.577
Finished copy 379 at 2025-05-25T00:40:07.134
Finished copy 70 at 2025-05-25T00:40:07.138
Finished copy 230 at 2025-05-25T00:40:10.004
Finished copy 531 at 2025-05-25T00:40:12.782
Finished copy 71 at 2025-05-25T00:40:18.340
Finished copy 380 at 2025-05-25T00:40:18.862
Finished copy 231 at 2025-05-25T00:40:22.464
Finished copy 532 at 2025-05-25T00:40:24.567
Finished copy 381 at 2025-05-25T00:40:30.137
Finished copy 72 at 2025-05-25T00:40:30.689
Finished copy 232 at 2025-05-25T00:40:32.357
Finished copy 533 at 2025-05-25T00:40:35.006
Finished copy 382 at 2025-05-25T00:40:40.987
Finished copy 73 at 2025-05-25T00:40:42.635
Finished copy 233 at 2025-05-25T00:40:45.440
Finished copy 534 at 2025-05-25T00:40:45.580
Finished copy 383 at 2025-05-25T00:40:51.584
Finished copy 74 at 2025-05-25T00:40:55.039
Finished copy 535 at 2025-05-25T00:40:56.363
Finished copy 234 at 2025-05-25T00:40:56.560
Finished copy 384 at 2025-05-25T00:41:02.822
Finished copy 235 at 2025-05-25T00:41:07.312
Finished copy 536 at 2025-05-25T00:41:07.395
Finished copy 75 at 2025-05-25T00:41:07.476
Finished copy 385 at 2025-05-25T00:41:13.948
Finished copy 537 at 2025-05-25T00:41:18.861
Finished copy 236 at 2025-05-25T00:41:19.245
Finished copy 76 at 2025-05-25T00:41:19.469
Finished copy 386 at 2025-05-25T00:41:25.188
Finished copy 538 at 2025-05-25T00:41:29.136
Finished copy 237 at 2025-05-25T00:41:30.620
Finished copy 77 at 2025-05-25T00:41:34.060
Finished copy 387 at 2025-05-25T00:41:35.840
Finished copy 539 at 2025-05-25T00:41:40.043
Finished copy 238 at 2025-05-25T00:41:41.425
Finished copy 78 at 2025-05-25T00:41:46.545
Finished copy 388 at 2025-05-25T00:41:46.675
Finished copy 540 at 2025-05-25T00:41:50.382
Finished copy 239 at 2025-05-25T00:41:52.199
Finished copy 389 at 2025-05-25T00:41:58.074
Finished copy 79 at 2025-05-25T00:41:59.014
Finished copy 541 at 2025-05-25T00:42:01.078
Finished copy 240 at 2025-05-25T00:42:02.995
Finished copy 390 at 2025-05-25T00:42:09.243
Finished copy 542 at 2025-05-25T00:42:11.440
Finished copy 80 at 2025-05-25T00:42:13.176
Finished copy 241 at 2025-05-25T00:42:14.725
Finished copy 391 at 2025-05-25T00:42:19.989
Finished copy 543 at 2025-05-25T00:42:22.348
Finished copy 81 at 2025-05-25T00:42:24.907
Finished copy 242 at 2025-05-25T00:42:25.277
Finished copy 392 at 2025-05-25T00:42:32.535
Finished copy 544 at 2025-05-25T00:42:33.273
Finished copy 243 at 2025-05-25T00:42:35.429
Finished copy 82 at 2025-05-25T00:42:36.654
Finished copy 545 at 2025-05-25T00:42:43.413
Finished copy 393 at 2025-05-25T00:42:43.530
Finished copy 244 at 2025-05-25T00:42:46.082
Finished copy 83 at 2025-05-25T00:42:48.429
Finished copy 546 at 2025-05-25T00:42:54.127
Finished copy 394 at 2025-05-25T00:42:54.756
Finished copy 245 at 2025-05-25T00:42:56.247
Finished copy 84 at 2025-05-25T00:43:02.128
Finished copy 547 at 2025-05-25T00:43:05.454
Finished copy 395 at 2025-05-25T00:43:05.961
Finished copy 246 at 2025-05-25T00:43:06.242
Finished copy 85 at 2025-05-25T00:43:15.626
Finished copy 396 at 2025-05-25T00:43:16.092
Finished copy 548 at 2025-05-25T00:43:16.967
Finished copy 247 at 2025-05-25T00:43:17.738
Finished copy 549 at 2025-05-25T00:43:27.827
Finished copy 248 at 2025-05-25T00:43:29.008
Finished copy 86 at 2025-05-25T00:43:29.222
Finished copy 397 at 2025-05-25T00:43:29.413
Finished copy 550 at 2025-05-25T00:43:38.051
Finished copy 249 at 2025-05-25T00:43:40.500
Finished copy 87 at 2025-05-25T00:43:41.241
Finished copy 398 at 2025-05-25T00:43:41.244
Finished copy 551 at 2025-05-25T00:43:49.394
Finished copy 250 at 2025-05-25T00:43:51.096
Finished copy 399 at 2025-05-25T00:43:52.576
Finished copy 88 at 2025-05-25T00:43:53.733
Finished copy 552 at 2025-05-25T00:43:59.939
Finished copy 251 at 2025-05-25T00:44:01.395
Finished copy 400 at 2025-05-25T00:44:03.166
Finished copy 89 at 2025-05-25T00:44:05.419
Finished copy 252 at 2025-05-25T00:44:11.787
Finished copy 553 at 2025-05-25T00:44:11.997
Finished copy 401 at 2025-05-25T00:44:13.891
Finished copy 90 at 2025-05-25T00:44:17.322
Finished copy 253 at 2025-05-25T00:44:23.054
Finished copy 554 at 2025-05-25T00:44:23.342
Finished copy 402 at 2025-05-25T00:44:25.079
Finished copy 91 at 2025-05-25T00:44:29.480
Finished copy 555 at 2025-05-25T00:44:34.265
Finished copy 254 at 2025-05-25T00:44:34.658
Finished copy 403 at 2025-05-25T00:44:36.819
Finished copy 92 at 2025-05-25T00:44:42.701
Finished copy 255 at 2025-05-25T00:44:45.457
Finished copy 556 at 2025-05-25T00:44:45.595
Finished copy 404 at 2025-05-25T00:44:48.407
Finished copy 93 at 2025-05-25T00:44:54.568
Finished copy 256 at 2025-05-25T00:44:55.669
Finished copy 557 at 2025-05-25T00:44:57.527
Finished copy 405 at 2025-05-25T00:44:59.177
Finished copy 257 at 2025-05-25T00:45:06.871
Finished copy 94 at 2025-05-25T00:45:07.217
Finished copy 558 at 2025-05-25T00:45:07.651
Finished copy 406 at 2025-05-25T00:45:10.689
Finished copy 258 at 2025-05-25T00:45:17.008
Finished copy 559 at 2025-05-25T00:45:18.774
Finished copy 95 at 2025-05-25T00:45:20.006
Finished copy 407 at 2025-05-25T00:45:21.034
Finished copy 259 at 2025-05-25T00:45:28.200
Finished copy 560 at 2025-05-25T00:45:29.638
Finished copy 96 at 2025-05-25T00:45:31.306
Finished copy 408 at 2025-05-25T00:45:32.215
Finished copy 260 at 2025-05-25T00:45:39.601
Finished copy 561 at 2025-05-25T00:45:40.521
Finished copy 97 at 2025-05-25T00:45:43.828
Finished copy 409 at 2025-05-25T00:45:43.885
Finished copy 261 at 2025-05-25T00:45:50.442
Finished copy 562 at 2025-05-25T00:45:51.134
Finished copy 98 at 2025-05-25T00:45:56.214
Finished copy 410 at 2025-05-25T00:45:58.263
Finished copy 563 at 2025-05-25T00:46:02.545
Finished copy 262 at 2025-05-25T00:46:03.082
Finished copy 411 at 2025-05-25T00:46:09.072
Finished copy 99 at 2025-05-25T00:46:11.427
Finished copy 564 at 2025-05-25T00:46:14.201
Finished copy 263 at 2025-05-25T00:46:14.437
Finished copy 412 at 2025-05-25T00:46:21.451
Finished copy 100 at 2025-05-25T00:46:23.246
Finished copy 264 at 2025-05-25T00:46:25.512
Finished copy 565 at 2025-05-25T00:46:25.817
Finished copy 413 at 2025-05-25T00:46:31.479
Finished copy 101 at 2025-05-25T00:46:34.644
Finished copy 265 at 2025-05-25T00:46:35.875
Finished copy 566 at 2025-05-25T00:46:36.711
Finished copy 414 at 2025-05-25T00:46:42.319
Finished copy 266 at 2025-05-25T00:46:46.332
Finished copy 102 at 2025-05-25T00:46:46.865
Finished copy 567 at 2025-05-25T00:46:47.788
Finished copy 415 at 2025-05-25T00:46:53.140
Finished copy 267 at 2025-05-25T00:46:56.761
Finished copy 103 at 2025-05-25T00:46:58.692
Finished copy 568 at 2025-05-25T00:47:01.087
Finished copy 416 at 2025-05-25T00:47:03.665
Finished copy 268 at 2025-05-25T00:47:08.510
Finished copy 104 at 2025-05-25T00:47:10.814
Finished copy 569 at 2025-05-25T00:47:12.034
Finished copy 417 at 2025-05-25T00:47:14.574
Finished copy 269 at 2025-05-25T00:47:20.317
Finished copy 105 at 2025-05-25T00:47:23.745
Finished copy 570 at 2025-05-25T00:47:24.018
Finished copy 418 at 2025-05-25T00:47:26.286
Finished copy 270 at 2025-05-25T00:47:31.219
Finished copy 571 at 2025-05-25T00:47:35.288
Finished copy 419 at 2025-05-25T00:47:37.281
Finished copy 106 at 2025-05-25T00:47:37.524
Finished copy 271 at 2025-05-25T00:47:43.173
Finished copy 572 at 2025-05-25T00:47:46.330
Finished copy 420 at 2025-05-25T00:47:48.818
Finished copy 107 at 2025-05-25T00:47:48.903
Finished copy 272 at 2025-05-25T00:47:54.539
Finished copy 573 at 2025-05-25T00:47:57.833
Finished copy 108 at 2025-05-25T00:48:00.443
Finished copy 421 at 2025-05-25T00:48:00.709
Finished copy 273 at 2025-05-25T00:48:06.006
Finished copy 574 at 2025-05-25T00:48:08.273
Finished copy 109 at 2025-05-25T00:48:12.924
Finished copy 422 at 2025-05-25T00:48:13.368
Finished copy 274 at 2025-05-25T00:48:15.984
Finished copy 575 at 2025-05-25T00:48:19.420
Finished copy 423 at 2025-05-25T00:48:25.018
Finished copy 110 at 2025-05-25T00:48:25.808
Finished copy 275 at 2025-05-25T00:48:28.707
Finished copy 576 at 2025-05-25T00:48:29.900
Finished copy 424 at 2025-05-25T00:48:35.920
Finished copy 111 at 2025-05-25T00:48:38.391
Finished copy 276 at 2025-05-25T00:48:38.798
Finished copy 577 at 2025-05-25T00:48:41.784
Finished copy 425 at 2025-05-25T00:48:46.743
Finished copy 277 at 2025-05-25T00:48:50.669
Finished copy 112 at 2025-05-25T00:48:50.968
Finished copy 578 at 2025-05-25T00:48:52.338
Finished copy 426 at 2025-05-25T00:48:58.327
Finished copy 278 at 2025-05-25T00:49:02.612
Finished copy 113 at 2025-05-25T00:49:03.271
Finished copy 579 at 2025-05-25T00:49:03.621
Finished copy 427 at 2025-05-25T00:49:10.521
Finished copy 279 at 2025-05-25T00:49:13.748
Finished copy 580 at 2025-05-25T00:49:14.660
Finished copy 114 at 2025-05-25T00:49:15.406
Finished copy 428 at 2025-05-25T00:49:21.625
Finished copy 280 at 2025-05-25T00:49:24.461
Finished copy 581 at 2025-05-25T00:49:25.258
Finished copy 115 at 2025-05-25T00:49:27.698
Finished copy 429 at 2025-05-25T00:49:33.373
Finished copy 582 at 2025-05-25T00:49:35.617
Finished copy 281 at 2025-05-25T00:49:35.709
Finished copy 116 at 2025-05-25T00:49:39.458
Finished copy 430 at 2025-05-25T00:49:44.432
Finished copy 282 at 2025-05-25T00:49:46.397
Finished copy 583 at 2025-05-25T00:49:46.675
Finished copy 117 at 2025-05-25T00:49:51.947
Finished copy 431 at 2025-05-25T00:49:55.441
Finished copy 283 at 2025-05-25T00:49:58.132
Finished copy 584 at 2025-05-25T00:49:59.153
Finished copy 118 at 2025-05-25T00:50:04.202
Finished copy 432 at 2025-05-25T00:50:06.140
Finished copy 284 at 2025-05-25T00:50:09.545
Finished copy 585 at 2025-05-25T00:50:10.306
Finished copy 433 at 2025-05-25T00:50:17.451
Finished copy 119 at 2025-05-25T00:50:18.009
Finished copy 285 at 2025-05-25T00:50:20.202
Finished copy 586 at 2025-05-25T00:50:20.550
Finished copy 434 at 2025-05-25T00:50:28.720
Finished copy 120 at 2025-05-25T00:50:30.482
Finished copy 286 at 2025-05-25T00:50:31.354
Finished copy 587 at 2025-05-25T00:50:33.634
Finished copy 435 at 2025-05-25T00:50:40.190
Finished copy 121 at 2025-05-25T00:50:42.822
Finished copy 588 at 2025-05-25T00:50:43.740
Finished copy 287 at 2025-05-25T00:50:43.774
Finished copy 436 at 2025-05-25T00:50:50.455
Finished copy 288 at 2025-05-25T00:50:54.688
Finished copy 589 at 2025-05-25T00:50:54.716
Finished copy 122 at 2025-05-25T00:50:54.912
Finished copy 437 at 2025-05-25T00:51:00.925
Finished copy 590 at 2025-05-25T00:51:05.525
Finished copy 289 at 2025-05-25T00:51:06.489
Finished copy 123 at 2025-05-25T00:51:07.983
Finished copy 438 at 2025-05-25T00:51:11.561
Finished copy 290 at 2025-05-25T00:51:17.280
Finished copy 591 at 2025-05-25T00:51:17.888
Finished copy 124 at 2025-05-25T00:51:20.129
Finished copy 439 at 2025-05-25T00:51:21.595
Finished copy 291 at 2025-05-25T00:51:28.177
Finished copy 592 at 2025-05-25T00:51:29.221
Finished copy 125 at 2025-05-25T00:51:32.062
Finished copy 440 at 2025-05-25T00:51:32.504
Finished copy 292 at 2025-05-25T00:51:38.833
Finished copy 593 at 2025-05-25T00:51:39.999
Finished copy 441 at 2025-05-25T00:51:43.145
Finished copy 126 at 2025-05-25T00:51:44.086
Finished copy 293 at 2025-05-25T00:51:50.105
Finished copy 594 at 2025-05-25T00:51:50.876
Finished copy 442 at 2025-05-25T00:51:54.336
Finished copy 127 at 2025-05-25T00:51:56.285
Finished copy 294 at 2025-05-25T00:52:00.490
Finished copy 595 at 2025-05-25T00:52:01.935
Finished copy 443 at 2025-05-25T00:52:05.177
Finished copy 128 at 2025-05-25T00:52:09.596
Finished copy 295 at 2025-05-25T00:52:11.825
Finished copy 596 at 2025-05-25T00:52:13.018
Finished copy 444 at 2025-05-25T00:52:15.454
Finished copy 296 at 2025-05-25T00:52:22.825
Finished copy 129 at 2025-05-25T00:52:23.178
Finished copy 597 at 2025-05-25T00:52:24.043
Finished copy 445 at 2025-05-25T00:52:26.624
Finished copy 297 at 2025-05-25T00:52:33.299
Finished copy 598 at 2025-05-25T00:52:34.860
Finished copy 130 at 2025-05-25T00:52:35.266
Finished copy 446 at 2025-05-25T00:52:37.695
Finished copy 298 at 2025-05-25T00:52:43.995
Finished copy 599 at 2025-05-25T00:52:45.545
Finished copy 131 at 2025-05-25T00:52:47.723
Finished copy 447 at 2025-05-25T00:52:48.047
Finished copy 299 at 2025-05-25T00:52:54.889
Finished copy 600 at 2025-05-25T00:52:56.115
Finished copy 132 at 2025-05-25T00:52:59.162
Finished copy 448 at 2025-05-25T00:52:59.617
Finished copy 300 at 2025-05-25T00:53:04.893
Finished copy 133 at 2025-05-25T00:53:09.124
Finished copy 449 at 2025-05-25T00:53:09.814
Finished copy 450 at 2025-05-25T00:53:18.602
Finished copy 134 at 2025-05-25T00:53:18.736
Finished copy 135 at 2025-05-25T00:53:27.055
Finished copy 136 at 2025-05-25T00:53:35.205
Finished copy 137 at 2025-05-25T00:53:44.351
Finished copy 138 at 2025-05-25T00:53:52.922
Finished copy 139 at 2025-05-25T00:54:02.391
Finished copy 140 at 2025-05-25T00:54:11.180
Finished copy 141 at 2025-05-25T00:54:19.702
Finished copy 142 at 2025-05-25T00:54:28.506
Finished copy 143 at 2025-05-25T00:54:37.220
Finished copy 144 at 2025-05-25T00:54:46.252
Finished copy 145 at 2025-05-25T00:54:55.187
Finished copy 146 at 2025-05-25T00:55:03.793
Finished copy 147 at 2025-05-25T00:55:12.182
Finished copy 148 at 2025-05-25T00:55:22.059
Finished copy 149 at 2025-05-25T00:55:30.959
Finished copy 150 at 2025-05-25T00:55:38.956
