Starting saddles simulation at 2025-05-25T01:58:43.319
Lattice size: 41
Beta values: [0.1, 0.10279944599549397, 0.10567726096980483, 0.10863563882017176, 0.11167683486080235, 0.11480316754220751, 0.1180170202186681, 0.1213208429651809, 0.12471715444526921, 0.12820854383108135, 0.1317976727772417, 0.13548727744995842, 0.13928017061293513, 0.14317924377167612, 0.14718746937782085, 0.15130790309518719, 0.15554368612925135, 0.15989804762184037, 0.16437430711286308, 0.16897587707095507, 0.17370626549496876, 0.1785690785882898, 0.18356802350802015, 0.1887069111911229, 0.19398965925968314, 0.19942029500750083, 0.20500295847029057, 0.21074190558183128, 0.21664151141846955, 0.22270627353445155, 0.22894081539062563, 0.23534988987912978, 0.2419383829467506, 0.24871131731971624, 0.25567385633276335, 0.26283130786539594, 0.2701891283883382, 0.27775292712326566, 0.2855284703189852, 0.2935216856473252, 0.3017386667220857, 0.3101856777444941, 0.3188691582787082, 0.3277957281610069, 0.3369721925464105, 0.3464055470965792, 0.3561029833129435, 0.36607189401913226, 0.3763198789968798, 0.3868547507797058, 0.39768454060878644, 0.4088175045555577, 0.4202621298157168, 0.4320271411794205, 0.4441215076826148, 0.4565544494445634, 0.46933544469678873, 0.48247423700878694, 0.49598084271601944, 0.5098655585558504, 0.5241389695172453, 0.5388119569102191, 0.553895706661185, 0.5694017178405246, 0.5853418114288852, 0.601728139328883, 0.6185731936290858, 0.6358898161273345, 0.6536912081206652, 0.6719909404692954, 0.6908029639423454, 0.710141619853183, 0.730021650992499, 0.7504582128674476, 0.7714668852554213, 0.7930636840812662, 0.815265073626996, 0.8380879790833082, 0.8615497994524721, 0.885668420812431, 0.9104622299522194, 0.9359501283891019, 0.9621515467781114, 0.9890864597249744, 1.0167754010137187, 1.045239479260565, 1.0745003940060471, 1.1045804522576164, 1.1355025854953513, 1.1672903671537318, 1.1999680305928035, 1.2335604875724422, 1.2680933472437848, 1.3035929356723266, 1.3400863159075478, 1.3776013086143843, 1.4161665132822627, 1.4558113300278694, 1.4965659820082826, 1.5384615384615383]
Copies: 600
Move type: l chain flip
----------------------------------
Finished copy 151 at 2025-05-25T01:58:55.158
Finished copy 451 at 2025-05-25T01:58:55.496
Finished copy 301 at 2025-05-25T01:58:55.510
Finished copy 1 at 2025-05-25T01:58:58.134
Finished copy 152 at 2025-05-25T01:59:06.853
Finished copy 452 at 2025-05-25T01:59:07.220
Finished copy 302 at 2025-05-25T01:59:08.700
Finished copy 2 at 2025-05-25T01:59:12.608
Finished copy 453 at 2025-05-25T01:59:19.532
Finished copy 153 at 2025-05-25T01:59:19.629
Finished copy 303 at 2025-05-25T01:59:22.275
Finished copy 3 at 2025-05-25T01:59:26.540
Finished copy 454 at 2025-05-25T01:59:31.641
Finished copy 154 at 2025-05-25T01:59:31.780
Finished copy 304 at 2025-05-25T01:59:34.802
Finished copy 4 at 2025-05-25T01:59:41.523
Finished copy 455 at 2025-05-25T01:59:43.494
Finished copy 155 at 2025-05-25T01:59:43.821
Finished copy 305 at 2025-05-25T01:59:47.647
Finished copy 156 at 2025-05-25T01:59:55.361
Finished copy 5 at 2025-05-25T01:59:55.597
Finished copy 456 at 2025-05-25T01:59:55.606
Finished copy 306 at 2025-05-25T02:00:01.013
Finished copy 157 at 2025-05-25T02:00:08.951
Finished copy 6 at 2025-05-25T02:00:11.265
Finished copy 457 at 2025-05-25T02:00:11.578
Finished copy 307 at 2025-05-25T02:00:13.948
Finished copy 158 at 2025-05-25T02:00:20.837
Finished copy 458 at 2025-05-25T02:00:23.337
Finished copy 7 at 2025-05-25T02:00:25.594
Finished copy 308 at 2025-05-25T02:00:28.114
Finished copy 459 at 2025-05-25T02:00:34.897
Finished copy 159 at 2025-05-25T02:00:35.593
Finished copy 8 at 2025-05-25T02:00:40.212
Finished copy 309 at 2025-05-25T02:00:41.013
Finished copy 160 at 2025-05-25T02:00:47.796
Finished copy 460 at 2025-05-25T02:00:47.997
Finished copy 310 at 2025-05-25T02:00:53.445
Finished copy 9 at 2025-05-25T02:00:53.744
Finished copy 161 at 2025-05-25T02:01:00.306
Finished copy 461 at 2025-05-25T02:01:02.089
Finished copy 311 at 2025-05-25T02:01:05.155
Finished copy 10 at 2025-05-25T02:01:07.320
Finished copy 162 at 2025-05-25T02:01:11.455
Finished copy 462 at 2025-05-25T02:01:14.358
Finished copy 312 at 2025-05-25T02:01:17.012
Finished copy 11 at 2025-05-25T02:01:20.304
Finished copy 163 at 2025-05-25T02:01:23.662
Finished copy 463 at 2025-05-25T02:01:26.367
Finished copy 313 at 2025-05-25T02:01:30.553
Finished copy 12 at 2025-05-25T02:01:35.886
Finished copy 164 at 2025-05-25T02:01:36.304
Finished copy 464 at 2025-05-25T02:01:39.290
Finished copy 314 at 2025-05-25T02:01:42.510
Finished copy 165 at 2025-05-25T02:01:48.310
Finished copy 13 at 2025-05-25T02:01:50.693
Finished copy 465 at 2025-05-25T02:01:53.895
Finished copy 315 at 2025-05-25T02:01:55.802
Finished copy 166 at 2025-05-25T02:01:59.963
Finished copy 14 at 2025-05-25T02:02:04.177
Finished copy 466 at 2025-05-25T02:02:05.651
Finished copy 316 at 2025-05-25T02:02:08.236
Finished copy 167 at 2025-05-25T02:02:14.446
Finished copy 467 at 2025-05-25T02:02:17.398
Finished copy 15 at 2025-05-25T02:02:17.840
Finished copy 468 at 2025-05-25T02:02:28.873
Finished copy 317 at 2025-05-25T02:02:29.061
Finished copy 168 at 2025-05-25T02:02:31.148
Finished copy 16 at 2025-05-25T02:02:32.922
Finished copy 318 at 2025-05-25T02:02:40.414
Finished copy 469 at 2025-05-25T02:02:42.347
Finished copy 169 at 2025-05-25T02:02:43.200
Finished copy 17 at 2025-05-25T02:02:48.606
Finished copy 319 at 2025-05-25T02:02:52.464
Finished copy 470 at 2025-05-25T02:02:53.940
Finished copy 170 at 2025-05-25T02:02:54.974
Finished copy 18 at 2025-05-25T02:03:02.397
Finished copy 320 at 2025-05-25T02:03:03.221
Finished copy 471 at 2025-05-25T02:03:05.391
Finished copy 171 at 2025-05-25T02:03:07.180
Finished copy 321 at 2025-05-25T02:03:16.547
Finished copy 19 at 2025-05-25T02:03:17.215
Finished copy 472 at 2025-05-25T02:03:17.933
Finished copy 172 at 2025-05-25T02:03:20.258
Finished copy 322 at 2025-05-25T02:03:29.127
Finished copy 473 at 2025-05-25T02:03:30.021
Finished copy 20 at 2025-05-25T02:03:31.524
Finished copy 173 at 2025-05-25T02:03:33.173
Finished copy 474 at 2025-05-25T02:03:41.615
Finished copy 323 at 2025-05-25T02:03:41.899
Finished copy 174 at 2025-05-25T02:03:45.530
Finished copy 21 at 2025-05-25T02:03:46.387
Finished copy 475 at 2025-05-25T02:03:53.518
Finished copy 324 at 2025-05-25T02:03:54.292
Finished copy 175 at 2025-05-25T02:03:57.141
Finished copy 22 at 2025-05-25T02:04:01.100
Finished copy 476 at 2025-05-25T02:04:05.029
Finished copy 325 at 2025-05-25T02:04:06.235
Finished copy 176 at 2025-05-25T02:04:08.794
Finished copy 477 at 2025-05-25T02:04:16.523
Finished copy 23 at 2025-05-25T02:04:18.353
Finished copy 177 at 2025-05-25T02:04:19.854
Finished copy 326 at 2025-05-25T02:04:20.400
Finished copy 478 at 2025-05-25T02:04:30.456
Finished copy 178 at 2025-05-25T02:04:31.828
Finished copy 327 at 2025-05-25T02:04:32.244
Finished copy 24 at 2025-05-25T02:04:32.661
Finished copy 479 at 2025-05-25T02:04:42.646
Finished copy 179 at 2025-05-25T02:04:43.946
Finished copy 328 at 2025-05-25T02:04:45.401
Finished copy 25 at 2025-05-25T02:04:46.830
Finished copy 480 at 2025-05-25T02:04:54.743
Finished copy 180 at 2025-05-25T02:04:56.597
Finished copy 329 at 2025-05-25T02:04:56.705
Finished copy 26 at 2025-05-25T02:05:01.627
Finished copy 481 at 2025-05-25T02:05:07.020
Finished copy 330 at 2025-05-25T02:05:07.753
Finished copy 181 at 2025-05-25T02:05:09.089
Finished copy 27 at 2025-05-25T02:05:15.493
Finished copy 482 at 2025-05-25T02:05:18.808
Finished copy 331 at 2025-05-25T02:05:19.847
Finished copy 182 at 2025-05-25T02:05:21.340
Finished copy 28 at 2025-05-25T02:05:29.042
Finished copy 332 at 2025-05-25T02:05:31.524
Finished copy 183 at 2025-05-25T02:05:34.810
Finished copy 483 at 2025-05-25T02:05:35.770
Finished copy 333 at 2025-05-25T02:05:43.665
Finished copy 29 at 2025-05-25T02:05:44.176
Finished copy 184 at 2025-05-25T02:05:46.441
Finished copy 484 at 2025-05-25T02:05:48.347
Finished copy 334 at 2025-05-25T02:05:57.306
Finished copy 30 at 2025-05-25T02:05:58.179
Finished copy 185 at 2025-05-25T02:05:59.507
Finished copy 485 at 2025-05-25T02:06:00.493
Finished copy 335 at 2025-05-25T02:06:09.181
Finished copy 31 at 2025-05-25T02:06:11.876
Finished copy 486 at 2025-05-25T02:06:12.457
Finished copy 186 at 2025-05-25T02:06:13.271
Finished copy 336 at 2025-05-25T02:06:21.442
Finished copy 187 at 2025-05-25T02:06:24.517
Finished copy 487 at 2025-05-25T02:06:24.925
Finished copy 32 at 2025-05-25T02:06:26.062
Finished copy 337 at 2025-05-25T02:06:33.627
Finished copy 188 at 2025-05-25T02:06:37.279
Finished copy 488 at 2025-05-25T02:06:37.510
Finished copy 33 at 2025-05-25T02:06:40.408
Finished copy 338 at 2025-05-25T02:06:45.814
Finished copy 489 at 2025-05-25T02:06:48.880
Finished copy 189 at 2025-05-25T02:06:51.009
Finished copy 34 at 2025-05-25T02:06:54.178
Finished copy 339 at 2025-05-25T02:06:58.952
Finished copy 490 at 2025-05-25T02:07:01.354
Finished copy 190 at 2025-05-25T02:07:06.606
Finished copy 35 at 2025-05-25T02:07:07.745
Finished copy 340 at 2025-05-25T02:07:11.021
Finished copy 491 at 2025-05-25T02:07:13.618
Finished copy 191 at 2025-05-25T02:07:18.552
Finished copy 36 at 2025-05-25T02:07:22.027
Finished copy 341 at 2025-05-25T02:07:22.226
Finished copy 492 at 2025-05-25T02:07:26.026
Finished copy 192 at 2025-05-25T02:07:31.118
Finished copy 342 at 2025-05-25T02:07:34.447
Finished copy 37 at 2025-05-25T02:07:35.850
Finished copy 493 at 2025-05-25T02:07:38.142
Finished copy 193 at 2025-05-25T02:07:44.686
Finished copy 343 at 2025-05-25T02:07:46.117
Finished copy 494 at 2025-05-25T02:07:50.132
Finished copy 38 at 2025-05-25T02:07:50.583
Finished copy 194 at 2025-05-25T02:07:57.014
Finished copy 344 at 2025-05-25T02:07:58.145
Finished copy 495 at 2025-05-25T02:08:01.696
Finished copy 39 at 2025-05-25T02:08:03.078
Finished copy 195 at 2025-05-25T02:08:09.784
Finished copy 345 at 2025-05-25T02:08:10.338
Finished copy 496 at 2025-05-25T02:08:16.826
Finished copy 40 at 2025-05-25T02:08:17.293
Finished copy 346 at 2025-05-25T02:08:22.025
Finished copy 196 at 2025-05-25T02:08:22.555
Finished copy 497 at 2025-05-25T02:08:30.946
Finished copy 41 at 2025-05-25T02:08:31.851
Finished copy 347 at 2025-05-25T02:08:33.120
Finished copy 197 at 2025-05-25T02:08:36.856
Finished copy 498 at 2025-05-25T02:08:43.843
Finished copy 42 at 2025-05-25T02:08:45.810
Finished copy 348 at 2025-05-25T02:08:46.180
Finished copy 198 at 2025-05-25T02:08:47.713
Finished copy 499 at 2025-05-25T02:08:56.020
Finished copy 349 at 2025-05-25T02:08:57.828
Finished copy 43 at 2025-05-25T02:08:58.909
Finished copy 199 at 2025-05-25T02:08:59.531
Finished copy 500 at 2025-05-25T02:09:08.342
Finished copy 350 at 2025-05-25T02:09:10.577
Finished copy 200 at 2025-05-25T02:09:11.585
Finished copy 44 at 2025-05-25T02:09:12.666
Finished copy 501 at 2025-05-25T02:09:20.012
Finished copy 351 at 2025-05-25T02:09:22.516
Finished copy 201 at 2025-05-25T02:09:22.943
Finished copy 45 at 2025-05-25T02:09:27.645
Finished copy 502 at 2025-05-25T02:09:31.923
Finished copy 202 at 2025-05-25T02:09:36.124
Finished copy 352 at 2025-05-25T02:09:36.135
Finished copy 46 at 2025-05-25T02:09:42.174
Finished copy 503 at 2025-05-25T02:09:42.827
Finished copy 203 at 2025-05-25T02:09:47.527
Finished copy 353 at 2025-05-25T02:09:48.499
Finished copy 504 at 2025-05-25T02:09:54.258
Finished copy 47 at 2025-05-25T02:09:56.139
Finished copy 204 at 2025-05-25T02:09:59.632
Finished copy 354 at 2025-05-25T02:10:01.577
Finished copy 505 at 2025-05-25T02:10:06.626
Finished copy 48 at 2025-05-25T02:10:10.441
Finished copy 205 at 2025-05-25T02:10:12.325
Finished copy 355 at 2025-05-25T02:10:14.273
Finished copy 506 at 2025-05-25T02:10:18.510
Finished copy 206 at 2025-05-25T02:10:23.808
Finished copy 49 at 2025-05-25T02:10:25.158
Finished copy 356 at 2025-05-25T02:10:26.131
Finished copy 507 at 2025-05-25T02:10:30.733
Finished copy 207 at 2025-05-25T02:10:35.646
Finished copy 357 at 2025-05-25T02:10:38.575
Finished copy 50 at 2025-05-25T02:10:40.996
Finished copy 508 at 2025-05-25T02:10:42.747
Finished copy 208 at 2025-05-25T02:10:46.985
Finished copy 358 at 2025-05-25T02:10:49.347
Finished copy 51 at 2025-05-25T02:10:54.498
Finished copy 509 at 2025-05-25T02:10:55.205
Finished copy 209 at 2025-05-25T02:11:00.537
Finished copy 359 at 2025-05-25T02:11:02.629
Finished copy 510 at 2025-05-25T02:11:07.161
Finished copy 52 at 2025-05-25T02:11:08.192
Finished copy 210 at 2025-05-25T02:11:12.830
Finished copy 360 at 2025-05-25T02:11:13.599
Finished copy 511 at 2025-05-25T02:11:17.079
Finished copy 53 at 2025-05-25T02:11:20.967
Finished copy 361 at 2025-05-25T02:11:25.265
Finished copy 211 at 2025-05-25T02:11:25.792
Finished copy 512 at 2025-05-25T02:11:29.095
Finished copy 54 at 2025-05-25T02:11:36.071
Finished copy 362 at 2025-05-25T02:11:37.234
Finished copy 212 at 2025-05-25T02:11:37.658
Finished copy 513 at 2025-05-25T02:11:43.425
Finished copy 363 at 2025-05-25T02:11:49.095
Finished copy 213 at 2025-05-25T02:11:49.152
Finished copy 55 at 2025-05-25T02:11:49.197
Finished copy 514 at 2025-05-25T02:11:54.451
Finished copy 364 at 2025-05-25T02:12:02.230
Finished copy 214 at 2025-05-25T02:12:02.989
Finished copy 56 at 2025-05-25T02:12:03.045
Finished copy 515 at 2025-05-25T02:12:06.310
Finished copy 365 at 2025-05-25T02:12:15.199
Finished copy 215 at 2025-05-25T02:12:15.372
Finished copy 57 at 2025-05-25T02:12:17.107
Finished copy 516 at 2025-05-25T02:12:19.475
Finished copy 216 at 2025-05-25T02:12:28.664
Finished copy 366 at 2025-05-25T02:12:28.960
Finished copy 58 at 2025-05-25T02:12:31.237
Finished copy 517 at 2025-05-25T02:12:31.380
Finished copy 217 at 2025-05-25T02:12:39.788
Finished copy 367 at 2025-05-25T02:12:42.493
Finished copy 518 at 2025-05-25T02:12:43.099
Finished copy 59 at 2025-05-25T02:12:45.487
Finished copy 218 at 2025-05-25T02:12:52.619
Finished copy 368 at 2025-05-25T02:12:54.417
Finished copy 519 at 2025-05-25T02:12:54.896
Finished copy 60 at 2025-05-25T02:13:00.443
Finished copy 219 at 2025-05-25T02:13:05.907
Finished copy 369 at 2025-05-25T02:13:07.086
Finished copy 520 at 2025-05-25T02:13:07.196
Finished copy 61 at 2025-05-25T02:13:14.706
Finished copy 220 at 2025-05-25T02:13:18.272
Finished copy 370 at 2025-05-25T02:13:19.370
Finished copy 521 at 2025-05-25T02:13:19.777
Finished copy 221 at 2025-05-25T02:13:29.650
Finished copy 62 at 2025-05-25T02:13:29.861
Finished copy 522 at 2025-05-25T02:13:31.200
Finished copy 371 at 2025-05-25T02:13:32.592
Finished copy 222 at 2025-05-25T02:13:41.480
Finished copy 523 at 2025-05-25T02:13:43.634
Finished copy 63 at 2025-05-25T02:13:43.902
Finished copy 372 at 2025-05-25T02:13:44.579
Finished copy 223 at 2025-05-25T02:13:54.047
Finished copy 524 at 2025-05-25T02:13:56.830
Finished copy 373 at 2025-05-25T02:13:56.843
Finished copy 64 at 2025-05-25T02:13:58.896
Finished copy 224 at 2025-05-25T02:14:05.602
Finished copy 374 at 2025-05-25T02:14:09.250
Finished copy 525 at 2025-05-25T02:14:10.074
Finished copy 65 at 2025-05-25T02:14:15.317
Finished copy 225 at 2025-05-25T02:14:18.180
Finished copy 375 at 2025-05-25T02:14:21.578
Finished copy 526 at 2025-05-25T02:14:23.546
Finished copy 66 at 2025-05-25T02:14:29.977
Finished copy 226 at 2025-05-25T02:14:30.305
Finished copy 376 at 2025-05-25T02:14:34.681
Finished copy 527 at 2025-05-25T02:14:35.368
Finished copy 227 at 2025-05-25T02:14:42.376
Finished copy 67 at 2025-05-25T02:14:44.432
Finished copy 377 at 2025-05-25T02:14:46.052
Finished copy 528 at 2025-05-25T02:14:46.559
Finished copy 228 at 2025-05-25T02:14:54.143
Finished copy 378 at 2025-05-25T02:14:57.569
Finished copy 529 at 2025-05-25T02:14:59.050
Finished copy 68 at 2025-05-25T02:15:02.885
Finished copy 229 at 2025-05-25T02:15:06.569
Finished copy 379 at 2025-05-25T02:15:09.531
Finished copy 530 at 2025-05-25T02:15:11.884
Finished copy 69 at 2025-05-25T02:15:16.864
Finished copy 230 at 2025-05-25T02:15:18.759
Finished copy 380 at 2025-05-25T02:15:21.161
Finished copy 531 at 2025-05-25T02:15:24.458
Finished copy 70 at 2025-05-25T02:15:31.954
Finished copy 231 at 2025-05-25T02:15:32.509
Finished copy 381 at 2025-05-25T02:15:34.826
Finished copy 532 at 2025-05-25T02:15:36.281
Finished copy 232 at 2025-05-25T02:15:44.259
Finished copy 71 at 2025-05-25T02:15:45.711
Finished copy 382 at 2025-05-25T02:15:47.484
Finished copy 533 at 2025-05-25T02:15:48.878
Finished copy 233 at 2025-05-25T02:15:55.840
Finished copy 72 at 2025-05-25T02:16:00.734
Finished copy 534 at 2025-05-25T02:16:00.786
Finished copy 383 at 2025-05-25T02:16:01.778
Finished copy 234 at 2025-05-25T02:16:07.846
Finished copy 535 at 2025-05-25T02:16:12.115
Finished copy 384 at 2025-05-25T02:16:14.408
Finished copy 73 at 2025-05-25T02:16:15.444
Finished copy 235 at 2025-05-25T02:16:19.674
Finished copy 536 at 2025-05-25T02:16:23.707
Finished copy 385 at 2025-05-25T02:16:26.745
Finished copy 74 at 2025-05-25T02:16:30.457
Finished copy 236 at 2025-05-25T02:16:31.070
Finished copy 537 at 2025-05-25T02:16:36.533
Finished copy 386 at 2025-05-25T02:16:38.943
Finished copy 75 at 2025-05-25T02:16:43.979
Finished copy 237 at 2025-05-25T02:16:46.442
Finished copy 538 at 2025-05-25T02:16:48.616
Finished copy 387 at 2025-05-25T02:16:51.503
Finished copy 76 at 2025-05-25T02:16:59.782
Finished copy 238 at 2025-05-25T02:16:59.928
Finished copy 539 at 2025-05-25T02:16:59.978
Finished copy 388 at 2025-05-25T02:17:05.288
Finished copy 239 at 2025-05-25T02:17:12.506
Finished copy 540 at 2025-05-25T02:17:12.979
Finished copy 77 at 2025-05-25T02:17:14.089
Finished copy 389 at 2025-05-25T02:17:18.257
Finished copy 541 at 2025-05-25T02:17:24.627
Finished copy 240 at 2025-05-25T02:17:24.934
Finished copy 78 at 2025-05-25T02:17:28.823
Finished copy 390 at 2025-05-25T02:17:31.178
Finished copy 241 at 2025-05-25T02:17:37.035
Finished copy 542 at 2025-05-25T02:17:37.844
Finished copy 79 at 2025-05-25T02:17:42.594
Finished copy 391 at 2025-05-25T02:17:43.570
Finished copy 543 at 2025-05-25T02:17:48.953
Finished copy 242 at 2025-05-25T02:17:50.344
Finished copy 392 at 2025-05-25T02:17:54.663
Finished copy 80 at 2025-05-25T02:17:57.902
Finished copy 243 at 2025-05-25T02:18:01.780
Finished copy 544 at 2025-05-25T02:18:02.147
Finished copy 393 at 2025-05-25T02:18:07.103
Finished copy 81 at 2025-05-25T02:18:12.854
Finished copy 244 at 2025-05-25T02:18:13.222
Finished copy 545 at 2025-05-25T02:18:13.980
Finished copy 394 at 2025-05-25T02:18:19.067
Finished copy 245 at 2025-05-25T02:18:24.950
Finished copy 546 at 2025-05-25T02:18:26.601
Finished copy 82 at 2025-05-25T02:18:27.670
Finished copy 395 at 2025-05-25T02:18:30.939
Finished copy 246 at 2025-05-25T02:18:37.006
Finished copy 547 at 2025-05-25T02:18:38.145
Finished copy 396 at 2025-05-25T02:18:42.150
Finished copy 83 at 2025-05-25T02:18:42.397
Finished copy 548 at 2025-05-25T02:18:50.086
Finished copy 247 at 2025-05-25T02:18:50.488
Finished copy 397 at 2025-05-25T02:18:53.530
Finished copy 84 at 2025-05-25T02:18:56.426
Finished copy 549 at 2025-05-25T02:19:02.468
Finished copy 248 at 2025-05-25T02:19:04.174
Finished copy 398 at 2025-05-25T02:19:06.486
Finished copy 85 at 2025-05-25T02:19:10.193
Finished copy 550 at 2025-05-25T02:19:14.209
Finished copy 249 at 2025-05-25T02:19:16.945
Finished copy 399 at 2025-05-25T02:19:19.165
Finished copy 86 at 2025-05-25T02:19:23.259
Finished copy 551 at 2025-05-25T02:19:26.693
Finished copy 250 at 2025-05-25T02:19:30.827
Finished copy 400 at 2025-05-25T02:19:32.284
Finished copy 87 at 2025-05-25T02:19:36.695
Finished copy 552 at 2025-05-25T02:19:39.362
Finished copy 251 at 2025-05-25T02:19:43.586
Finished copy 401 at 2025-05-25T02:19:45.197
Finished copy 553 at 2025-05-25T02:19:51.027
Finished copy 88 at 2025-05-25T02:19:51.404
Finished copy 252 at 2025-05-25T02:19:55.300
Finished copy 402 at 2025-05-25T02:19:57.519
Finished copy 554 at 2025-05-25T02:20:02.870
Finished copy 89 at 2025-05-25T02:20:04.826
Finished copy 253 at 2025-05-25T02:20:07.628
Finished copy 403 at 2025-05-25T02:20:09.657
Finished copy 555 at 2025-05-25T02:20:14.678
Finished copy 254 at 2025-05-25T02:20:21.322
Finished copy 90 at 2025-05-25T02:20:21.539
Finished copy 404 at 2025-05-25T02:20:22.572
Finished copy 556 at 2025-05-25T02:20:26.258
Finished copy 405 at 2025-05-25T02:20:34.423
Finished copy 255 at 2025-05-25T02:20:35.152
Finished copy 557 at 2025-05-25T02:20:38.501
Finished copy 91 at 2025-05-25T02:20:39.369
Finished copy 256 at 2025-05-25T02:20:47.315
Finished copy 406 at 2025-05-25T02:20:48.054
Finished copy 558 at 2025-05-25T02:20:50.072
Finished copy 92 at 2025-05-25T02:20:54.130
Finished copy 407 at 2025-05-25T02:20:58.855
Finished copy 257 at 2025-05-25T02:21:01.689
Finished copy 559 at 2025-05-25T02:21:02.798
Finished copy 93 at 2025-05-25T02:21:09.532
Finished copy 408 at 2025-05-25T02:21:11.289
Finished copy 258 at 2025-05-25T02:21:13.236
Finished copy 560 at 2025-05-25T02:21:15.496
Finished copy 409 at 2025-05-25T02:21:23.936
Finished copy 259 at 2025-05-25T02:21:24.975
Finished copy 94 at 2025-05-25T02:21:25.327
Finished copy 561 at 2025-05-25T02:21:27.302
Finished copy 260 at 2025-05-25T02:21:36.035
Finished copy 410 at 2025-05-25T02:21:38.842
Finished copy 95 at 2025-05-25T02:21:39.247
Finished copy 562 at 2025-05-25T02:21:40.244
Finished copy 261 at 2025-05-25T02:21:49.261
Finished copy 411 at 2025-05-25T02:21:51.927
Finished copy 563 at 2025-05-25T02:21:52.888
Finished copy 96 at 2025-05-25T02:21:54.552
Finished copy 262 at 2025-05-25T02:22:00.852
Finished copy 412 at 2025-05-25T02:22:03.752
Finished copy 564 at 2025-05-25T02:22:04.840
Finished copy 97 at 2025-05-25T02:22:09.979
Finished copy 263 at 2025-05-25T02:22:13.480
Finished copy 413 at 2025-05-25T02:22:17.154
Finished copy 565 at 2025-05-25T02:22:21.554
Finished copy 98 at 2025-05-25T02:22:23.420
Finished copy 264 at 2025-05-25T02:22:25.811
Finished copy 414 at 2025-05-25T02:22:29.738
Finished copy 566 at 2025-05-25T02:22:34.689
Finished copy 265 at 2025-05-25T02:22:37.337
Finished copy 99 at 2025-05-25T02:22:37.650
Finished copy 415 at 2025-05-25T02:22:41.759
Finished copy 567 at 2025-05-25T02:22:46.899
Finished copy 266 at 2025-05-25T02:22:49.919
Finished copy 100 at 2025-05-25T02:22:53.859
Finished copy 416 at 2025-05-25T02:22:54.531
Finished copy 568 at 2025-05-25T02:23:00.648
Finished copy 267 at 2025-05-25T02:23:01.979
Finished copy 417 at 2025-05-25T02:23:06.596
Finished copy 101 at 2025-05-25T02:23:09.123
Finished copy 268 at 2025-05-25T02:23:13.738
Finished copy 569 at 2025-05-25T02:23:14.522
Finished copy 418 at 2025-05-25T02:23:19.677
Finished copy 102 at 2025-05-25T02:23:23.916
Finished copy 269 at 2025-05-25T02:23:25.370
Finished copy 570 at 2025-05-25T02:23:26.084
Finished copy 419 at 2025-05-25T02:23:32.402
Finished copy 270 at 2025-05-25T02:23:37.166
Finished copy 571 at 2025-05-25T02:23:37.482
Finished copy 103 at 2025-05-25T02:23:38.532
Finished copy 420 at 2025-05-25T02:23:43.380
Finished copy 271 at 2025-05-25T02:23:49.383
Finished copy 572 at 2025-05-25T02:23:50.656
Finished copy 104 at 2025-05-25T02:23:52.604
Finished copy 421 at 2025-05-25T02:23:55.946
Finished copy 272 at 2025-05-25T02:24:01.692
Finished copy 573 at 2025-05-25T02:24:02.489
Finished copy 105 at 2025-05-25T02:24:07.940
Finished copy 422 at 2025-05-25T02:24:08
Finished copy 273 at 2025-05-25T02:24:13.110
Finished copy 574 at 2025-05-25T02:24:14.658
Finished copy 423 at 2025-05-25T02:24:20.312
Finished copy 106 at 2025-05-25T02:24:21.855
Finished copy 274 at 2025-05-25T02:24:24.719
Finished copy 575 at 2025-05-25T02:24:29.446
Finished copy 424 at 2025-05-25T02:24:32.866
Finished copy 275 at 2025-05-25T02:24:38.002
Finished copy 107 at 2025-05-25T02:24:38.159
Finished copy 576 at 2025-05-25T02:24:40.903
Finished copy 425 at 2025-05-25T02:24:45.173
Finished copy 276 at 2025-05-25T02:24:50.475
Finished copy 577 at 2025-05-25T02:24:53.438
Finished copy 108 at 2025-05-25T02:24:54.607
Finished copy 426 at 2025-05-25T02:24:57.567
Finished copy 277 at 2025-05-25T02:25:04.634
Finished copy 578 at 2025-05-25T02:25:05.154
Finished copy 109 at 2025-05-25T02:25:08.714
Finished copy 427 at 2025-05-25T02:25:09.620
Finished copy 579 at 2025-05-25T02:25:16.310
Finished copy 278 at 2025-05-25T02:25:16.786
Finished copy 428 at 2025-05-25T02:25:21.421
Finished copy 110 at 2025-05-25T02:25:24.545
Finished copy 580 at 2025-05-25T02:25:28.295
Finished copy 279 at 2025-05-25T02:25:29.521
Finished copy 429 at 2025-05-25T02:25:33.744
Finished copy 111 at 2025-05-25T02:25:37.457
Finished copy 581 at 2025-05-25T02:25:41.063
Finished copy 280 at 2025-05-25T02:25:41.560
Finished copy 430 at 2025-05-25T02:25:45.599
Finished copy 112 at 2025-05-25T02:25:52.482
Finished copy 582 at 2025-05-25T02:25:53.263
Finished copy 281 at 2025-05-25T02:25:54.682
Finished copy 431 at 2025-05-25T02:25:59.343
Finished copy 113 at 2025-05-25T02:26:05.883
Finished copy 583 at 2025-05-25T02:26:05.983
Finished copy 282 at 2025-05-25T02:26:07.792
Finished copy 432 at 2025-05-25T02:26:15.614
Finished copy 584 at 2025-05-25T02:26:18.296
Finished copy 283 at 2025-05-25T02:26:19.669
Finished copy 114 at 2025-05-25T02:26:20.832
Finished copy 433 at 2025-05-25T02:26:29.599
Finished copy 585 at 2025-05-25T02:26:30.397
Finished copy 284 at 2025-05-25T02:26:32.146
Finished copy 115 at 2025-05-25T02:26:35.947
Finished copy 434 at 2025-05-25T02:26:40.915
Finished copy 586 at 2025-05-25T02:26:42.388
Finished copy 285 at 2025-05-25T02:26:46.132
Finished copy 116 at 2025-05-25T02:26:50.899
Finished copy 435 at 2025-05-25T02:26:53.527
Finished copy 587 at 2025-05-25T02:26:54.782
Finished copy 286 at 2025-05-25T02:26:57.766
Finished copy 436 at 2025-05-25T02:27:06.098
Finished copy 117 at 2025-05-25T02:27:06.262
Finished copy 588 at 2025-05-25T02:27:07.035
Finished copy 287 at 2025-05-25T02:27:10.574
Finished copy 437 at 2025-05-25T02:27:17.881
Finished copy 589 at 2025-05-25T02:27:19.268
Finished copy 118 at 2025-05-25T02:27:20.295
Finished copy 288 at 2025-05-25T02:27:22.795
Finished copy 438 at 2025-05-25T02:27:30.843
Finished copy 590 at 2025-05-25T02:27:32.033
Finished copy 289 at 2025-05-25T02:27:34.005
Finished copy 119 at 2025-05-25T02:27:35.139
Finished copy 439 at 2025-05-25T02:27:42.080
Finished copy 591 at 2025-05-25T02:27:44.159
Finished copy 290 at 2025-05-25T02:27:47.411
Finished copy 120 at 2025-05-25T02:27:51.658
Finished copy 440 at 2025-05-25T02:27:55.639
Finished copy 592 at 2025-05-25T02:27:56.977
Finished copy 291 at 2025-05-25T02:27:59.641
Finished copy 121 at 2025-05-25T02:28:06.499
Finished copy 441 at 2025-05-25T02:28:08.257
Finished copy 593 at 2025-05-25T02:28:08.816
Finished copy 292 at 2025-05-25T02:28:13.833
Finished copy 594 at 2025-05-25T02:28:20.306
Finished copy 442 at 2025-05-25T02:28:20.696
Finished copy 122 at 2025-05-25T02:28:22.468
Finished copy 293 at 2025-05-25T02:28:26.019
Finished copy 595 at 2025-05-25T02:28:32.331
Finished copy 443 at 2025-05-25T02:28:32.844
Finished copy 294 at 2025-05-25T02:28:38.849
Finished copy 123 at 2025-05-25T02:28:39.933
Finished copy 596 at 2025-05-25T02:28:44.177
Finished copy 444 at 2025-05-25T02:28:44.553
Finished copy 295 at 2025-05-25T02:28:50.908
Finished copy 124 at 2025-05-25T02:28:54.656
Finished copy 597 at 2025-05-25T02:28:56.467
Finished copy 445 at 2025-05-25T02:28:57.214
Finished copy 296 at 2025-05-25T02:29:02.939
Finished copy 125 at 2025-05-25T02:29:08.269
Finished copy 598 at 2025-05-25T02:29:08.761
Finished copy 446 at 2025-05-25T02:29:10.879
Finished copy 297 at 2025-05-25T02:29:16.480
Finished copy 599 at 2025-05-25T02:29:20.603
Finished copy 126 at 2025-05-25T02:29:22.467
Finished copy 447 at 2025-05-25T02:29:23.040
Finished copy 298 at 2025-05-25T02:29:28.673
Finished copy 600 at 2025-05-25T02:29:34.334
Finished copy 448 at 2025-05-25T02:29:35.887
Finished copy 127 at 2025-05-25T02:29:36.009
Finished copy 299 at 2025-05-25T02:29:39.867
Finished copy 449 at 2025-05-25T02:29:47.492
Finished copy 128 at 2025-05-25T02:29:49.693
Finished copy 300 at 2025-05-25T02:29:51.513
Finished copy 450 at 2025-05-25T02:29:57.990
Finished copy 129 at 2025-05-25T02:30:00.695
Finished copy 130 at 2025-05-25T02:30:10.591
Finished copy 131 at 2025-05-25T02:30:20.915
Finished copy 132 at 2025-05-25T02:30:31.238
Finished copy 133 at 2025-05-25T02:30:41.506
Finished copy 134 at 2025-05-25T02:30:51.206
Finished copy 135 at 2025-05-25T02:31:01.057
Finished copy 136 at 2025-05-25T02:31:10.077
Finished copy 137 at 2025-05-25T02:31:18.680
Finished copy 138 at 2025-05-25T02:31:29.508
Finished copy 139 at 2025-05-25T02:31:39.619
Finished copy 140 at 2025-05-25T02:31:49.566
Finished copy 141 at 2025-05-25T02:32:00.776
Finished copy 142 at 2025-05-25T02:32:10.260
Finished copy 143 at 2025-05-25T02:32:20.879
Finished copy 144 at 2025-05-25T02:32:31.491
Finished copy 145 at 2025-05-25T02:32:41.189
Finished copy 146 at 2025-05-25T02:32:51.440
Finished copy 147 at 2025-05-25T02:33:00.722
Finished copy 148 at 2025-05-25T02:33:10.527
Finished copy 149 at 2025-05-25T02:33:19.987
Finished copy 150 at 2025-05-25T02:33:30.246
