Starting simulation at 2025-05-27T18:08:21.765
Lattice size: 97
Beta values: [0.25, 0.25757124579110297, 0.2653717866335231, 0.2734085667240293, 0.28168874056427257, 0.2902196793298659, 0.29900897743235194, 0.3080644592798988, 0.3173941862427442, 0.3270064638295879, 0.3369098490813209, 0.3471131581886732, 0.357625474340563, 0.36845615581013186, 0.3796148442856656, 0.39111147345381786, 0.40295627784277505, 0.4151598019332376, 0.42773290954532633, 0.44068679350977147]
Equilibration steps: 1000
Measurement steps: 5001
Max lag: 1000
Copies: 20
Move type: l chain flip
l = 15
L = 97
----------------------------------
Current copy: 1
Current copy: 3
Current copy: 10
Current copy: 18
Current copy: 15
Current copy: 8
Current copy: 11
Current copy: 13
Current copy: 19
Current copy: 20
Current copy: 5
Current copy: 16
Current copy: 12
Current copy: 17
Current copy: 4
Current copy: 7
Current copy: 2
Current copy: 14
Current copy: 6
Current copy: 9
Finished at time 2025-05-27T23:31:27.081
Finished at time 2025-05-28T00:03:18.240
Finished at time 2025-05-28T00:03:30.892
Finished at time 2025-05-28T00:03:32.031
Finished at time 2025-05-28T00:03:37.438
Finished at time 2025-05-28T00:03:42.612
Finished at time 2025-05-28T00:03:42.753
Finished at time 2025-05-28T00:03:46.276
Finished at time 2025-05-28T00:03:46.342
Finished at time 2025-05-28T00:03:50.033
Finished at time 2025-05-28T00:03:50.147
Finished at time 2025-05-28T00:03:51.415
Finished at time 2025-05-28T00:03:56.209
Finished at time 2025-05-28T00:03:59.546
Finished at time 2025-05-28T00:03:59.551
Finished at time 2025-05-28T00:03:59.554
Finished at time 2025-05-28T00:04:02.085
Finished at time 2025-05-28T00:04:02.130
Finished at time 2025-05-28T00:04:02.620
Finished at time 2025-05-28T00:04:04.043
