Starting simulation at 2025-05-27T12:23:38.407
Lattice size: 97
Beta values: [0.25, 0.25757124579110297, 0.2653717866335231, 0.2734085667240293, 0.28168874056427257, 0.2902196793298659, 0.29900897743235194, 0.3080644592798988, 0.3173941862427442, 0.3270064638295879, 0.3369098490813209, 0.3471131581886732, 0.357625474340563, 0.36845615581013186, 0.3796148442856656, 0.39111147345381786, 0.40295627784277505, 0.4151598019332376, 0.42773290954532633, 0.44068679350977147]
Equilibration steps: 1000
Measurement steps: 5001
Max lag: 1000
Copies: 20
Move type: l chain flip
l = 13
L = 97
----------------------------------
Current copy: 1
Current copy: 18
Current copy: 3
Current copy: 9
Current copy: 7
Current copy: 14
Current copy: 15
Current copy: 10
Current copy: 11
Current copy: 16
Current copy: 13
Current copy: 8
Current copy: 20
Current copy: 19
Current copy: 17
Current copy: 2

Current copy: 6
Current copy: 5
Current copy: 4
Finished at time 2025-05-27T15:09:04.080
Finished at time 2025-05-27T18:00:52.071
Finished at time 2025-05-27T18:07:23.723
Finished at time 2025-05-27T18:07:25.708
Finished at time 2025-05-27T18:07:33.810
Finished at time 2025-05-27T18:07:39.205
Finished at time 2025-05-27T18:07:43.478
Finished at time 2025-05-27T18:07:45.757
Finished at time 2025-05-27T18:07:52.504
Finished at time 2025-05-27T18:07:53.460
Finished at time 2025-05-27T18:07:56.261
Finished at time 2025-05-27T18:08:02.385
Finished at time 2025-05-27T18:08:03.800
Finished at time 2025-05-27T18:08:06.650
Finished at time 2025-05-27T18:08:07.938
Finished at time 2025-05-27T18:08:09.216
Finished at time 2025-05-27T18:08:14.802
Finished at time 2025-05-27T18:08:17.108
Finished at time 2025-05-27T18:08:18.666
Finished at time 2025-05-27T18:08:21.764
