Starting simulation at 2025-05-24T05:36:21.235
Lattice size: 100
Beta values: [0.1, 0.10279944599549397, 0.10567726096980483, 0.10863563882017176, 0.11167683486080235, 0.11480316754220751, 0.1180170202186681, 0.1213208429651809, 0.12471715444526921, 0.12820854383108135, 0.1317976727772417, 0.13548727744995842, 0.13928017061293513, 0.14317924377167612, 0.14718746937782085, 0.15130790309518719, 0.15554368612925135, 0.15989804762184037, 0.16437430711286308, 0.16897587707095507, 0.17370626549496876, 0.1785690785882898, 0.18356802350802015, 0.1887069111911229, 0.19398965925968314, 0.19942029500750083, 0.20500295847029057, 0.21074190558183128, 0.21664151141846955, 0.22270627353445155, 0.22894081539062563, 0.23534988987912978, 0.2419383829467506, 0.24871131731971624, 0.25567385633276335, 0.26283130786539594, 0.2701891283883382, 0.27775292712326566, 0.2855284703189852, 0.2935216856473252, 0.3017386667220857, 0.3101856777444941, 0.3188691582787082, 0.3277957281610069, 0.3369721925464105, 0.3464055470965792, 0.3561029833129435, 0.36607189401913226, 0.3763198789968798, 0.3868547507797058, 0.39768454060878644, 0.4088175045555577, 0.4202621298157168, 0.4320271411794205, 0.4441215076826148, 0.4565544494445634, 0.46933544469678873, 0.48247423700878694, 0.49598084271601944, 0.5098655585558504, 0.5241389695172453, 0.5388119569102191, 0.553895706661185, 0.5694017178405246, 0.5853418114288852, 0.601728139328883, 0.6185731936290858, 0.6358898161273345, 0.6536912081206652, 0.6719909404692954, 0.6908029639423454, 0.710141619853183, 0.730021650992499, 0.7504582128674476, 0.7714668852554213, 0.7930636840812662, 0.815265073626996, 0.8380879790833082, 0.8615497994524721, 0.885668420812431, 0.9104622299522194, 0.9359501283891019, 0.9621515467781114, 0.9890864597249744, 1.0167754010137187, 1.045239479260565, 1.0745003940060471, 1.1045804522576164, 1.1355025854953513, 1.1672903671537318, 1.1999680305928035, 1.2335604875724422, 1.2680933472437848, 1.3035929356723266, 1.3400863159075478, 1.3776013086143843, 1.4161665132822627, 1.4558113300278694, 1.4965659820082826, 1.5384615384615383]
Copies: 20
Move type: l chain flip
l = 67
Tau values: [1, 1, 1, 1, 1, 1, 1, 1, 1, 1, 1, 1, 1, 1, 1, 1, 1, 1, 1, 1, 1, 1, 1, 1, 1, 1, 1, 1, 1, 1, 1, 1, 1, 1, 1, 1, 1, 2, 2, 2, 2, 2, 2, 2, 2, 3, 3, 3, 4, 5, 5, 9, 10, 20, 31, 9, 6, 5, 4, 4, 3, 3, 3, 2, 2, 2, 2, 2, 2, 2, 2, 2, 2, 2, 2, 2, 2, 2, 2, 2, 2, 2, 2, 2, 2, 2, 2, 2, 2, 2, 2, 2, 2, 2, 2, 2, 2, 2, 2, 1]
Equilibriating for p*tau steps, where p = [100]
----------------------------------
Finished energy generation for copy 16 at 2025-05-24T06:35:09.359 in 3528122 milliseconds
Finished energy generation for copy 6 at 2025-05-24T06:35:11.580 in 3530342 milliseconds
Finished energy generation for copy 1 at 2025-05-24T06:35:31.611 in 3550375 milliseconds
Finished energy generation for copy 11 at 2025-05-24T06:35:48.574 in 3567337 milliseconds
Finished energy generation for copy 17 at 2025-05-24T07:33:55.259 in 3525899 milliseconds
Finished energy generation for copy 7 at 2025-05-24T07:34:09.931 in 3538350 milliseconds
Finished energy generation for copy 2 at 2025-05-24T07:34:41.703 in 3550091 milliseconds
Finished energy generation for copy 12 at 2025-05-24T07:35:17.682 in 3569107 milliseconds
Finished energy generation for copy 18 at 2025-05-24T08:32:45.233 in 3529972 milliseconds
Finished energy generation for copy 8 at 2025-05-24T08:33:02.448 in 3532516 milliseconds
Finished energy generation for copy 3 at 2025-05-24T08:33:50.888 in 3549184 milliseconds
Finished energy generation for copy 13 at 2025-05-24T08:34:46.162 in 3568479 milliseconds
Finished energy generation for copy 19 at 2025-05-24T09:31:31.532 in 3526297 milliseconds
Finished energy generation for copy 9 at 2025-05-24T09:31:56.694 in 3534244 milliseconds
Finished energy generation for copy 4 at 2025-05-24T09:33:00.862 in 3549972 milliseconds
Finished energy generation for copy 14 at 2025-05-24T09:34:14.039 in 3567876 milliseconds
Finished energy generation for copy 20 at 2025-05-24T10:30:22.905 in 3531372 milliseconds
Finished energy generation for copy 10 at 2025-05-24T10:30:52.217 in 3535522 milliseconds
Finished energy generation for copy 5 at 2025-05-24T10:32:09.738 in 3548874 milliseconds
Finished energy generation for copy 15 at 2025-05-24T10:33:31.271 in 3557230 milliseconds
