Starting simulation at 2025-05-24T05:07:21.200
Lattice size: 100
Beta values: [0.1, 0.10279944599549397, 0.10567726096980483, 0.10863563882017176, 0.11167683486080235, 0.11480316754220751, 0.1180170202186681, 0.1213208429651809, 0.12471715444526921, 0.12820854383108135, 0.1317976727772417, 0.13548727744995842, 0.13928017061293513, 0.14317924377167612, 0.14718746937782085, 0.15130790309518719, 0.15554368612925135, 0.15989804762184037, 0.16437430711286308, 0.16897587707095507, 0.17370626549496876, 0.1785690785882898, 0.18356802350802015, 0.1887069111911229, 0.19398965925968314, 0.19942029500750083, 0.20500295847029057, 0.21074190558183128, 0.21664151141846955, 0.22270627353445155, 0.22894081539062563, 0.23534988987912978, 0.2419383829467506, 0.24871131731971624, 0.25567385633276335, 0.26283130786539594, 0.2701891283883382, 0.27775292712326566, 0.2855284703189852, 0.2935216856473252, 0.3017386667220857, 0.3101856777444941, 0.3188691582787082, 0.3277957281610069, 0.3369721925464105, 0.3464055470965792, 0.3561029833129435, 0.36607189401913226, 0.3763198789968798, 0.3868547507797058, 0.39768454060878644, 0.4088175045555577, 0.4202621298157168, 0.4320271411794205, 0.4441215076826148, 0.4565544494445634, 0.46933544469678873, 0.48247423700878694, 0.49598084271601944, 0.5098655585558504, 0.5241389695172453, 0.5388119569102191, 0.553895706661185, 0.5694017178405246, 0.5853418114288852, 0.601728139328883, 0.6185731936290858, 0.6358898161273345, 0.6536912081206652, 0.6719909404692954, 0.6908029639423454, 0.710141619853183, 0.730021650992499, 0.7504582128674476, 0.7714668852554213, 0.7930636840812662, 0.815265073626996, 0.8380879790833082, 0.8615497994524721, 0.885668420812431, 0.9104622299522194, 0.9359501283891019, 0.9621515467781114, 0.9890864597249744, 1.0167754010137187, 1.045239479260565, 1.0745003940060471, 1.1045804522576164, 1.1355025854953513, 1.1672903671537318, 1.1999680305928035, 1.2335604875724422, 1.2680933472437848, 1.3035929356723266, 1.3400863159075478, 1.3776013086143843, 1.4161665132822627, 1.4558113300278694, 1.4965659820082826, 1.5384615384615383]
Copies: 20
Move type: l chain flip
l = 3
Tau values: [1, 1, 1, 1, 1, 1, 1, 1, 1, 1, 1, 1, 1, 1, 1, 1, 1, 1, 1, 1, 1, 1, 1, 1, 1, 1, 1, 1, 1, 1, 1, 1, 1, 1, 1, 1, 1, 2, 2, 2, 2, 2, 2, 2, 2, 3, 3, 3, 4, 5, 5, 9, 10, 20, 31, 9, 6, 5, 4, 4, 3, 3, 3, 2, 2, 2, 2, 2, 2, 2, 2, 2, 2, 2, 2, 2, 2, 2, 2, 2, 2, 2, 2, 2, 2, 2, 2, 2, 2, 2, 2, 2, 2, 2, 2, 2, 2, 2, 2, 1]
Equilibriating for p*tau steps, where p = [100]
----------------------------------
Finished energy generation for copy 16 at 2025-05-24T05:12:30.292 in 309090 milliseconds
Finished energy generation for copy 6 at 2025-05-24T05:12:44.204 in 323002 milliseconds
Finished energy generation for copy 11 at 2025-05-24T05:12:44.752 in 323550 milliseconds
Finished energy generation for copy 1 at 2025-05-24T05:13:19.393 in 358191 milliseconds
Finished energy generation for copy 17 at 2025-05-24T05:17:38.614 in 308321 milliseconds
Finished energy generation for copy 7 at 2025-05-24T05:18:06.729 in 322524 milliseconds
Finished energy generation for copy 12 at 2025-05-24T05:18:08.279 in 323526 milliseconds
Finished energy generation for copy 2 at 2025-05-24T05:19:17.405 in 358010 milliseconds
Finished energy generation for copy 18 at 2025-05-24T05:22:47.268 in 308653 milliseconds
Finished energy generation for copy 8 at 2025-05-24T05:23:29.255 in 322524 milliseconds
Finished energy generation for copy 13 at 2025-05-24T05:23:30.316 in 322036 milliseconds
Finished energy generation for copy 3 at 2025-05-24T05:25:15.576 in 358170 milliseconds
Finished energy generation for copy 19 at 2025-05-24T05:27:55.574 in 308305 milliseconds
Finished energy generation for copy 9 at 2025-05-24T05:28:51.838 in 322582 milliseconds
Finished energy generation for copy 14 at 2025-05-24T05:28:53.307 in 322990 milliseconds
Finished energy generation for copy 4 at 2025-05-24T05:31:13.672 in 358095 milliseconds
Finished energy generation for copy 20 at 2025-05-24T05:33:04.363 in 308787 milliseconds
Finished energy generation for copy 10 at 2025-05-24T05:34:07.253 in 315413 milliseconds
Finished energy generation for copy 15 at 2025-05-24T05:34:09.584 in 316275 milliseconds
Finished energy generation for copy 5 at 2025-05-24T05:36:21.202 in 307529 milliseconds
